[0.066s] Invoking command in '/home/capstone/autoware.ai/build/mrt_cmake_modules': /usr/bin/cmake /home/capstone/autoware.ai/src/vendor/mrt_cmake_modules -DCMAKE_BUILD_TYPE=Release -DCATKIN_INSTALL_INTO_PREFIX_ROOT=0 -DCMAKE_INSTALL_PREFIX=/home/capstone/autoware.ai/install/mrt_cmake_modules
[0.300s] -- The C compiler identification is GNU 7.5.0
[0.480s] -- The CXX compiler identification is GNU 7.5.0
[0.493s] -- Check for working C compiler: /usr/bin/cc
[0.770s] -- Check for working C compiler: /usr/bin/cc -- works
[0.771s] -- Detecting C compiler ABI info
[1.058s] -- Detecting C compiler ABI info - done
[1.081s] -- Detecting C compile features
[1.987s] -- Detecting C compile features - done
[1.993s] -- Check for working CXX compiler: /usr/bin/c++
[2.333s] -- Check for working CXX compiler: /usr/bin/c++ -- works
[2.335s] -- Detecting CXX compiler ABI info
[2.654s] -- Detecting CXX compiler ABI info - done
[2.675s] -- Detecting CXX compile features
[4.208s] -- Detecting CXX compile features - done
[4.220s] -- Using CATKIN_DEVEL_PREFIX: /home/capstone/autoware.ai/build/mrt_cmake_modules/devel
[4.221s] -- Using CMAKE_PREFIX_PATH: /home/capstone/autoware.ai/install/wf_simulator;/home/capstone/autoware.ai/install/vision_ssd_detect;/home/capstone/autoware.ai/install/vision_segment_enet_detect;/home/capstone/autoware.ai/install/vision_lane_detect;/home/capstone/autoware.ai/install/vision_darknet_detect;/home/capstone/autoware.ai/install/vision_beyond_track;/home/capstone/autoware.ai/install/vel_pose_diff_checker;/home/capstone/autoware.ai/install/vehicle_socket;/home/capstone/autoware.ai/install/vehicle_sim_model;/home/capstone/autoware.ai/install/vehicle_model;/home/capstone/autoware.ai/install/vehicle_gazebo_simulation_launcher;/home/capstone/autoware.ai/install/vehicle_gazebo_simulation_interface;/home/capstone/autoware.ai/install/vehicle_engage_panel;/home/capstone/autoware.ai/install/vehicle_description;/home/capstone/autoware.ai/install/op_ros_helpers;/home/capstone/autoware.ai/install/op_simu;/home/capstone/autoware.ai/install/op_planner;/home/capstone/autoware.ai/install/op_utility;/home/capstone/autoware.ai/install/vector_map_server;/home/capstone/autoware.ai/install/object_map;/home/capstone/autoware.ai/install/lanelet_aisan_converter;/home/capstone/autoware.ai/install/map_file;/home/capstone/autoware.ai/install/libvectormap;/home/capstone/autoware.ai/install/vector_map;/home/capstone/autoware.ai/install/vector_map_msgs;/home/capstone/autoware.ai/install/twist_generator;/home/capstone/autoware.ai/install/twist2odom;/home/capstone/autoware.ai/install/runtime_manager;/home/capstone/autoware.ai/install/tablet_socket_msgs;/home/capstone/autoware.ai/install/sound_player;/home/capstone/autoware.ai/install/points2image;/home/capstone/autoware.ai/install/rosinterface;/home/capstone/autoware.ai/install/rosbag_controller;/home/capstone/autoware.ai/install/points_preprocessor;/home/capstone/autoware.ai/install/lidar_localizer;/home/capstone/autoware.ai/install/emergency_handler;/home/capstone/autoware.ai/install/autoware_health_checker;/home/capstone/autoware.ai/install/ros_observer;/home/capstone/autoware.ai/install/range_vision_fusion;/home/capstone/autoware.ai/install/pos_db;/home/capstone/autoware.ai/install/points_downsampler;/home/capstone/autoware.ai/install/pixel_cloud_fusion;/home/capstone/autoware.ai/install/pcl_omp_registration;/home/capstone/autoware.ai/install/pc2_downsampler;/home/capstone/autoware.ai/install/obj_db;/home/capstone/autoware.ai/install/nmea_navsat;/home/capstone/autoware.ai/install/ndt_tku;/home/capstone/autoware.ai/install/ndt_gpu;/home/capstone/autoware.ai/install/ndt_cpu;/home/capstone/autoware.ai/install/multi_lidar_calibrator;/home/capstone/autoware.ai/install/mrt_cmake_modules;/home/capstone/autoware.ai/install/marker_downsampler;/home/capstone/autoware.ai/install/map_tools;/home/capstone/autoware.ai/install/map_tf_generator;/home/capstone/autoware.ai/install/log_tools;/home/capstone/autoware.ai/install/libwaypoint_follower;/home/capstone/autoware.ai/install/lgsvl_simulator_bridge;/home/capstone/autoware.ai/install/lanelet2_extension;/home/capstone/autoware.ai/install/lanelet2_validation;/home/capstone/autoware.ai/install/lanelet2_examples;/home/capstone/autoware.ai/install/lanelet2_python;/home/capstone/autoware.ai/install/lanelet2_routing;/home/capstone/autoware.ai/install/lanelet2_traffic_rules;/home/capstone/autoware.ai/install/lanelet2_projection;/home/capstone/autoware.ai/install/lanelet2_maps;/home/capstone/autoware.ai/install/lanelet2_io;/home/capstone/autoware.ai/install/lanelet2_core;/home/capstone/autoware.ai/install/integrated_viewer;/home/capstone/autoware.ai/install/image_processor;/home/capstone/autoware.ai/install/graph_tools;/home/capstone/autoware.ai/install/gnss_localizer;/home/capstone/autoware.ai/install/gnss;/home/capstone/autoware.ai/install/glviewer;/home/capstone/autoware.ai/install/gazebo_world_description;/home/capstone/autoware.ai/install/gazebo_imu_description;/home/capstone/autoware.ai/install/gazebo_camera_description;/home/capstone/autoware.ai/install/fastvirtualscan;/home/capstone/autoware.ai/install/ekf_localizer;/home/capstone/autoware.ai/install/detected_objects_visualizer;/home/capstone/autoware.ai/install/decision_maker_panel;/home/capstone/autoware.ai/install/data_preprocessor;/home/capstone/autoware.ai/install/carla_autoware_bridge;/home/capstone/autoware.ai/install/calibration_publisher;/home/capstone/autoware.ai/install/autoware_system_msgs;/home/capstone/autoware.ai/install/autoware_rviz_plugins;/home/capstone/autoware.ai/install/autoware_quickstart_examples;/home/capstone/autoware.ai/install/autoware_pointgrey_drivers;/home/capstone/autoware.ai/install/autoware_driveworks_interface;/home/capstone/autoware.ai/install/autoware_connector;/home/capstone/autoware.ai/install/autoware_camera_lidar_calibrator;/home/capstone/autoware.ai/install/amathutils_lib;/home/capstone/autoware.ai/install/autoware_msgs;/home/capstone/autoware.ai/install/autoware_map_msgs;/home/capstone/autoware.ai/install/autoware_launcher_rviz;/home/capstone/autoware.ai/install/autoware_launcher;/home/capstone/autoware.ai/install/autoware_lanelet2_msgs;/home/capstone/autoware.ai/install/autoware_external_msgs;/home/capstone/autoware.ai/install/autoware_driveworks_gmsl_interface;/home/capstone/autoware.ai/install/autoware_config_msgs;/home/capstone/autoware.ai/install/autoware_can_msgs;/home/capstone/autoware.ai/install/autoware_build_flags;/home/capstone/autoware.ai/install/autoware_bag_tools;/opt/carla-ros-bridge/melodic;/opt/ros/melodic
[4.225s] -- This workspace overlays: /opt/carla-ros-bridge/melodic;/opt/ros/melodic
[4.287s] -- Found PythonInterp: /usr/bin/python2 (found suitable version "2.7.17", minimum required is "2") 
[4.288s] -- Using PYTHON_EXECUTABLE: /usr/bin/python2
[4.288s] -- Using Debian Python package layout
[4.292s] -- Using empy: /usr/bin/empy
[4.647s] -- Using CATKIN_ENABLE_TESTING: ON
[4.647s] -- Call enable_testing()
[4.660s] -- Using CATKIN_TEST_RESULTS_DIR: /home/capstone/autoware.ai/build/mrt_cmake_modules/test_results
[4.736s] -- Found gtest sources under '/usr/src/googletest': gtests will be built
[4.737s] -- Found gmock sources under '/usr/src/googletest': gmock will be built
[4.774s] -- Found PythonInterp: /usr/bin/python2 (found version "2.7.17") 
[4.777s] -- Looking for pthread.h
[5.112s] -- Looking for pthread.h - found
[5.114s] -- Looking for pthread_create
[5.403s] -- Looking for pthread_create - not found
[5.403s] -- Looking for pthread_create in pthreads
[5.655s] -- Looking for pthread_create in pthreads - not found
[5.655s] -- Looking for pthread_create in pthread
[6.033s] -- Looking for pthread_create in pthread - found
[6.036s] -- Found Threads: TRUE  
[6.048s] -- Using Python nosetests: /usr/bin/nosetests-2.7
[6.160s] -- catkin 0.7.23
[6.161s] -- BUILD_SHARED_LIBS is on
[10.508s] -- Configuring done
[10.714s] -- Generating done
[10.814s] -- Build files have been written to: /home/capstone/autoware.ai/build/mrt_cmake_modules
[10.881s] Invoked command in '/home/capstone/autoware.ai/build/mrt_cmake_modules' returned '0': /usr/bin/cmake /home/capstone/autoware.ai/src/vendor/mrt_cmake_modules -DCMAKE_BUILD_TYPE=Release -DCATKIN_INSTALL_INTO_PREFIX_ROOT=0 -DCMAKE_INSTALL_PREFIX=/home/capstone/autoware.ai/install/mrt_cmake_modules
[10.883s] Invoking command in '/home/capstone/autoware.ai/build/mrt_cmake_modules': /usr/bin/cmake --build /home/capstone/autoware.ai/build/mrt_cmake_modules -- -j12 -l12
[11.996s] Invoked command in '/home/capstone/autoware.ai/build/mrt_cmake_modules' returned '0': /usr/bin/cmake --build /home/capstone/autoware.ai/build/mrt_cmake_modules -- -j12 -l12
[13.802s] Invoking command in '/home/capstone/autoware.ai/build/mrt_cmake_modules': /usr/bin/cmake --build /home/capstone/autoware.ai/build/mrt_cmake_modules --target tests -- -j12 -l12
[14.890s] [35m[1mScanning dependencies of target tests[0m
[15.327s] Built target tests
[15.567s] Invoked command in '/home/capstone/autoware.ai/build/mrt_cmake_modules' returned '0': /usr/bin/cmake --build /home/capstone/autoware.ai/build/mrt_cmake_modules --target tests -- -j12 -l12
[16.396s] Invoking command in '/home/capstone/autoware.ai/build/mrt_cmake_modules': /usr/bin/cmake --build /home/capstone/autoware.ai/build/mrt_cmake_modules --target install -- -j12 -l12
[16.933s] [36mInstall the project...[0m
[17.011s] -- Install configuration: "Release"
[17.048s] + cd /home/capstone/autoware.ai/src/vendor/mrt_cmake_modules
[17.049s] + mkdir -p /home/capstone/autoware.ai/install/mrt_cmake_modules/lib/python2.7/dist-packages
[17.101s] + /usr/bin/env PYTHONPATH=/home/capstone/autoware.ai/install/mrt_cmake_modules/lib/python2.7/dist-packages:/home/capstone/autoware.ai/build/mrt_cmake_modules/lib/python2.7/dist-packages:/home/capstone/autoware.ai/install/vector_map_server/lib/python2.7/dist-packages:/home/capstone/autoware.ai/install/vector_map_msgs/lib/python2.7/dist-packages:/home/capstone/autoware.ai/install/tablet_socket_msgs/lib/python2.7/dist-packages:/home/capstone/autoware.ai/install/points_downsampler/lib/python2.7/dist-packages:/home/capstone/autoware.ai/install/mrt_cmake_modules/lib/python2.7/dist-packages:/home/capstone/autoware.ai/install/lgsvl_simulator_bridge/lib/python2.7/dist-packages:/home/capstone/autoware.ai/install/lanelet2_python/lib/python2.7/dist-packages:/home/capstone/autoware.ai/install/carla_autoware_bridge/lib/python2.7/dist-packages:/home/capstone/autoware.ai/install/autoware_system_msgs/lib/python2.7/dist-packages:/home/capstone/autoware.ai/install/autoware_camera_lidar_calibrator/lib/python2.7/dist-packages:/home/capstone/autoware.ai/install/autoware_msgs/lib/python2.7/dist-packages:/home/capstone/autoware.ai/install/autoware_map_msgs/lib/python2.7/dist-packages:/home/capstone/autoware.ai/install/autoware_launcher/lib/python2.7/dist-packages:/home/capstone/autoware.ai/install/autoware_lanelet2_msgs/lib/python2.7/dist-packages:/home/capstone/autoware.ai/install/autoware_config_msgs/lib/python2.7/dist-packages:/home/capstone/autoware.ai/install/autoware_can_msgs/lib/python2.7/dist-packages:/opt/carla-ros-bridge/melodic/lib/python2.7/dist-packages:/opt/ros/melodic/lib/python2.7/dist-packages CATKIN_BINARY_DIR=/home/capstone/autoware.ai/build/mrt_cmake_modules /usr/bin/python2 /home/capstone/autoware.ai/src/vendor/mrt_cmake_modules/setup.py build --build-base /home/capstone/autoware.ai/build/mrt_cmake_modules install --root=/ --install-layout=deb --prefix=/home/capstone/autoware.ai/install/mrt_cmake_modules --install-scripts=/home/capstone/autoware.ai/install/mrt_cmake_modules/bin
[17.419s] running build
[17.419s] running build_py
[17.421s] creating /home/capstone/autoware.ai/build/mrt_cmake_modules/lib.linux-x86_64-2.7
[17.422s] creating /home/capstone/autoware.ai/build/mrt_cmake_modules/lib.linux-x86_64-2.7/mrt_cmake_modules
[17.423s] copying src/mrt_cmake_modules/parameter_generator_catkin.py -> /home/capstone/autoware.ai/build/mrt_cmake_modules/lib.linux-x86_64-2.7/mrt_cmake_modules
[17.423s] copying src/mrt_cmake_modules/__init__.py -> /home/capstone/autoware.ai/build/mrt_cmake_modules/lib.linux-x86_64-2.7/mrt_cmake_modules
[17.423s] running install
[17.424s] running install_lib
[17.425s] creating /home/capstone/autoware.ai/install/mrt_cmake_modules/lib/python2.7/dist-packages/mrt_cmake_modules
[17.425s] copying /home/capstone/autoware.ai/build/mrt_cmake_modules/lib.linux-x86_64-2.7/mrt_cmake_modules/parameter_generator_catkin.py -> /home/capstone/autoware.ai/install/mrt_cmake_modules/lib/python2.7/dist-packages/mrt_cmake_modules
[17.425s] copying /home/capstone/autoware.ai/build/mrt_cmake_modules/lib.linux-x86_64-2.7/mrt_cmake_modules/__init__.py -> /home/capstone/autoware.ai/install/mrt_cmake_modules/lib/python2.7/dist-packages/mrt_cmake_modules
[17.435s] byte-compiling /home/capstone/autoware.ai/install/mrt_cmake_modules/lib/python2.7/dist-packages/mrt_cmake_modules/parameter_generator_catkin.py to parameter_generator_catkin.pyc
[17.440s] byte-compiling /home/capstone/autoware.ai/install/mrt_cmake_modules/lib/python2.7/dist-packages/mrt_cmake_modules/__init__.py to __init__.pyc
[17.441s] running install_egg_info
[17.451s] Writing /home/capstone/autoware.ai/install/mrt_cmake_modules/lib/python2.7/dist-packages/mrt_cmake_modules-1.0.0.egg-info
[17.458s] -- Installing: /home/capstone/autoware.ai/install/mrt_cmake_modules/lib/pkgconfig/mrt_cmake_modules.pc
[17.458s] -- Installing: /home/capstone/autoware.ai/install/mrt_cmake_modules/share/mrt_cmake_modules/cmake/mrt_cmake_modules-extras.cmake
[17.460s] -- Installing: /home/capstone/autoware.ai/install/mrt_cmake_modules/share/mrt_cmake_modules/cmake/mrt_cmake_modulesConfig.cmake
[17.460s] -- Installing: /home/capstone/autoware.ai/install/mrt_cmake_modules/share/mrt_cmake_modules/cmake/mrt_cmake_modulesConfig-version.cmake
[17.460s] -- Installing: /home/capstone/autoware.ai/install/mrt_cmake_modules/share/mrt_cmake_modules/package.xml
[17.461s] -- Installing: /home/capstone/autoware.ai/install/mrt_cmake_modules/share/mrt_cmake_modules/cmake/Modules
[17.461s] -- Installing: /home/capstone/autoware.ai/install/mrt_cmake_modules/share/mrt_cmake_modules/cmake/Modules/FindBoostPython.cmake
[17.461s] -- Installing: /home/capstone/autoware.ai/install/mrt_cmake_modules/share/mrt_cmake_modules/cmake/Modules/FindMrtCTensorflow.cmake
[17.461s] -- Installing: /home/capstone/autoware.ai/install/mrt_cmake_modules/share/mrt_cmake_modules/cmake/Modules/FindG2O.cmake
[17.462s] -- Installing: /home/capstone/autoware.ai/install/mrt_cmake_modules/share/mrt_cmake_modules/cmake/Modules/FindPoco.cmake
[17.462s] -- Installing: /home/capstone/autoware.ai/install/mrt_cmake_modules/share/mrt_cmake_modules/cmake/Modules/FindMrtCereal.cmake
[17.462s] -- Installing: /home/capstone/autoware.ai/install/mrt_cmake_modules/share/mrt_cmake_modules/cmake/Modules/FindMrtSuiteSparse.cmake
[17.463s] -- Installing: /home/capstone/autoware.ai/install/mrt_cmake_modules/share/mrt_cmake_modules/cmake/Modules/FindRapidXML.cmake
[17.463s] -- Installing: /home/capstone/autoware.ai/install/mrt_cmake_modules/share/mrt_cmake_modules/cmake/Modules/FindGlog.cmake
[17.463s] -- Installing: /home/capstone/autoware.ai/install/mrt_cmake_modules/share/mrt_cmake_modules/cmake/Modules/Findyaml-cpp.cmake
[17.464s] -- Installing: /home/capstone/autoware.ai/install/mrt_cmake_modules/share/mrt_cmake_modules/cmake/Modules/FindMrtCaffe.cmake
[17.465s] -- Installing: /home/capstone/autoware.ai/install/mrt_cmake_modules/share/mrt_cmake_modules/cmake/Modules/FindMrtnlopt.cmake
[17.465s] -- Installing: /home/capstone/autoware.ai/install/mrt_cmake_modules/share/mrt_cmake_modules/cmake/Modules/FindMrtTensorflow.cmake
[17.465s] -- Installing: /home/capstone/autoware.ai/install/mrt_cmake_modules/share/mrt_cmake_modules/cmake/Modules/Findrange-v3.cmake
[17.465s] -- Installing: /home/capstone/autoware.ai/install/mrt_cmake_modules/share/mrt_cmake_modules/cmake/Modules/FindGeographicLib.cmake
[17.465s] -- Installing: /home/capstone/autoware.ai/install/mrt_cmake_modules/share/mrt_cmake_modules/cmake/Modules/FindMrtTesseract.cmake
[17.466s] -- Installing: /home/capstone/autoware.ai/install/mrt_cmake_modules/share/mrt_cmake_modules/cmake/Modules/FindTinyXML.cmake
[17.466s] -- Installing: /home/capstone/autoware.ai/install/mrt_cmake_modules/share/mrt_cmake_modules/cmake/Modules/FindPCAP.cmake
[17.466s] -- Installing: /home/capstone/autoware.ai/install/mrt_cmake_modules/share/mrt_cmake_modules/cmake/Modules/FindIGL.cmake
[17.467s] -- Installing: /home/capstone/autoware.ai/install/mrt_cmake_modules/share/mrt_cmake_modules/cmake/Modules/FindMrtCUDA.cmake
[17.467s] -- Installing: /home/capstone/autoware.ai/install/mrt_cmake_modules/share/mrt_cmake_modules/cmake/Modules/FindQwt.cmake
[17.467s] -- Installing: /home/capstone/autoware.ai/install/mrt_cmake_modules/share/mrt_cmake_modules/cmake/Modules/FindSqlite3.cmake
[17.467s] -- Installing: /home/capstone/autoware.ai/install/mrt_cmake_modules/share/mrt_cmake_modules/cmake/Modules/FindGTKMM.cmake
[17.468s] -- Installing: /home/capstone/autoware.ai/install/mrt_cmake_modules/share/mrt_cmake_modules/cmake/Modules/FindOSG.cmake
[17.468s] -- Installing: /home/capstone/autoware.ai/install/mrt_cmake_modules/share/mrt_cmake_modules/cmake/Modules/Findpugixml.cmake
[17.468s] -- Installing: /home/capstone/autoware.ai/install/mrt_cmake_modules/share/mrt_cmake_modules/cmake/Modules/FindMrtMetis.cmake
[17.468s] -- Installing: /home/capstone/autoware.ai/install/mrt_cmake_modules/share/mrt_cmake_modules/cmake/Modules/UseMrtStdCompilerFlags.cmake
[17.469s] -- Installing: /home/capstone/autoware.ai/install/mrt_cmake_modules/share/mrt_cmake_modules/cmake/Modules/FindCairo.cmake
[17.469s] -- Installing: /home/capstone/autoware.ai/install/mrt_cmake_modules/share/mrt_cmake_modules/cmake/Modules/FindMrtSDL2.cmake
[17.469s] -- Installing: /home/capstone/autoware.ai/install/mrt_cmake_modules/share/mrt_cmake_modules/cmake/Modules/FindMinpack.cmake
[17.469s] -- Installing: /home/capstone/autoware.ai/install/mrt_cmake_modules/share/mrt_cmake_modules/cmake/Modules/FindMrtLeptonica.cmake
[17.470s] -- Installing: /home/capstone/autoware.ai/install/mrt_cmake_modules/share/mrt_cmake_modules/cmake/Modules/FindMrtCeres.cmake
[17.470s] -- Installing: /home/capstone/autoware.ai/install/mrt_cmake_modules/share/mrt_cmake_modules/cmake/Modules/FindMrtOpenCV.cmake
[17.470s] -- Installing: /home/capstone/autoware.ai/install/mrt_cmake_modules/share/mrt_cmake_modules/cmake/Modules/FindMrtVTK.cmake
[17.470s] -- Installing: /home/capstone/autoware.ai/install/mrt_cmake_modules/share/mrt_cmake_modules/cmake/Modules/FindMrtbenchmark.cmake
[17.471s] -- Installing: /home/capstone/autoware.ai/install/mrt_cmake_modules/share/mrt_cmake_modules/cmake/Modules/FindTBB.cmake
[17.471s] -- Installing: /home/capstone/autoware.ai/install/mrt_cmake_modules/share/mrt_cmake_modules/cmake/Modules/GatherDeps.cmake
[17.472s] -- Installing: /home/capstone/autoware.ai/install/mrt_cmake_modules/share/mrt_cmake_modules/cmake/Modules/MRTCoverage.cmake
[17.472s] -- Installing: /home/capstone/autoware.ai/install/mrt_cmake_modules/share/mrt_cmake_modules/cmake/Modules/FindGTest-headers.cmake
[17.474s] -- Installing: /home/capstone/autoware.ai/install/mrt_cmake_modules/share/mrt_cmake_modules/cmake/Modules/FindClangTidy.cmake
[17.474s] -- Installing: /home/capstone/autoware.ai/install/mrt_cmake_modules/share/mrt_cmake_modules/cmake/Modules/Findgtest.cmake
[17.474s] -- Installing: /home/capstone/autoware.ai/install/mrt_cmake_modules/share/mrt_cmake_modules/cmake/Modules/FindMrtebus-sdk.cmake
[17.475s] -- Installing: /home/capstone/autoware.ai/install/mrt_cmake_modules/share/mrt_cmake_modules/cmake/Modules/FindIpopt.cmake
[17.475s] -- Installing: /home/capstone/autoware.ai/install/mrt_cmake_modules/share/mrt_cmake_modules/cmake/Modules/FindFlann.cmake
[17.476s] -- Installing: /home/capstone/autoware.ai/install/mrt_cmake_modules/share/mrt_cmake_modules/cmake/Modules/FindMrtQt4.cmake
[17.476s] -- Installing: /home/capstone/autoware.ai/install/mrt_cmake_modules/share/mrt_cmake_modules/cmake/Modules/Findlibgps.cmake
[17.476s] -- Installing: /home/capstone/autoware.ai/install/mrt_cmake_modules/share/mrt_cmake_modules/cmake/Modules/FindMrtANN.cmake
[17.477s] -- Installing: /home/capstone/autoware.ai/install/mrt_cmake_modules/share/mrt_cmake_modules/cmake/Modules/FindMrtf2c.cmake
[17.477s] -- Installing: /home/capstone/autoware.ai/install/mrt_cmake_modules/share/mrt_cmake_modules/cmake/Modules/FindAravis.cmake
[17.481s] -- Installing: /home/capstone/autoware.ai/install/mrt_cmake_modules/share/mrt_cmake_modules/cmake/Modules/FindMrtPCL.cmake
[17.482s] -- Installing: /home/capstone/autoware.ai/install/mrt_cmake_modules/share/mrt_cmake_modules/cmake/Modules/CatkinMockForConan.cmake
[17.483s] -- Installing: /home/capstone/autoware.ai/install/mrt_cmake_modules/share/mrt_cmake_modules/cmake/Modules/FindEigen2.cmake
[17.483s] -- Installing: /home/capstone/autoware.ai/install/mrt_cmake_modules/share/mrt_cmake_modules/cmake/Modules/FindMrtQt5.cmake
[17.484s] -- Installing: /home/capstone/autoware.ai/install/mrt_cmake_modules/share/mrt_cmake_modules/cmake/Modules/MrtParamGenerator.cmake
[17.485s] -- Installing: /home/capstone/autoware.ai/install/mrt_cmake_modules/share/mrt_cmake_modules/cmake/Modules/FindAutoDeps.cmake
[17.486s] -- Installing: /home/capstone/autoware.ai/install/mrt_cmake_modules/share/mrt_cmake_modules/cmake/Modules/FindPNG++.cmake
[17.486s] -- Installing: /home/capstone/autoware.ai/install/mrt_cmake_modules/share/mrt_cmake_modules/cmake/Modules/UseMrtAutoTarget.cmake
[17.487s] -- Installing: /home/capstone/autoware.ai/install/mrt_cmake_modules/share/mrt_cmake_modules/scripts/generate_cmake_dependency_file.py
[17.506s] Invoked command in '/home/capstone/autoware.ai/build/mrt_cmake_modules' returned '0': /usr/bin/cmake --build /home/capstone/autoware.ai/build/mrt_cmake_modules --target install -- -j12 -l12
