Determining if the pthread_create exist failed with the following output:
Change Dir: /home/capstone/autoware.ai/build/lanelet_aisan_converter/CMakeFiles/CMakeTmp

Run Build Command:"/usr/bin/make" "cmTC_a6394/fast"
/usr/bin/make -f CMakeFiles/cmTC_a6394.dir/build.make CMakeFiles/cmTC_a6394.dir/build
make[1]: Entering directory '/home/capstone/autoware.ai/build/lanelet_aisan_converter/CMakeFiles/CMakeTmp'
Building C object CMakeFiles/cmTC_a6394.dir/CheckSymbolExists.c.o
/usr/bin/cc    -o CMakeFiles/cmTC_a6394.dir/CheckSymbolExists.c.o   -c /home/capstone/autoware.ai/build/lanelet_aisan_converter/CMakeFiles/CMakeTmp/CheckSymbolExists.c
Linking C executable cmTC_a6394
/usr/bin/cmake -E cmake_link_script CMakeFiles/cmTC_a6394.dir/link.txt --verbose=1
/usr/bin/cc      -rdynamic CMakeFiles/cmTC_a6394.dir/CheckSymbolExists.c.o  -o cmTC_a6394 
CMakeFiles/cmTC_a6394.dir/CheckSymbolExists.c.o: In function `main':
CheckSymbolExists.c:(.text+0x1b): undefined reference to `pthread_create'
collect2: error: ld returned 1 exit status
CMakeFiles/cmTC_a6394.dir/build.make:97: recipe for target 'cmTC_a6394' failed
make[1]: *** [cmTC_a6394] Error 1
make[1]: Leaving directory '/home/capstone/autoware.ai/build/lanelet_aisan_converter/CMakeFiles/CMakeTmp'
Makefile:126: recipe for target 'cmTC_a6394/fast' failed
make: *** [cmTC_a6394/fast] Error 2

File /home/capstone/autoware.ai/build/lanelet_aisan_converter/CMakeFiles/CMakeTmp/CheckSymbolExists.c:
/* */
#include <pthread.h>

int main(int argc, char** argv)
{
  (void)argv;
#ifndef pthread_create
  return ((int*)(&pthread_create))[argc];
#else
  (void)argc;
  return 0;
#endif
}

Determining if the function pthread_create exists in the pthreads failed with the following output:
Change Dir: /home/capstone/autoware.ai/build/lanelet_aisan_converter/CMakeFiles/CMakeTmp

Run Build Command:"/usr/bin/make" "cmTC_14bf2/fast"
/usr/bin/make -f CMakeFiles/cmTC_14bf2.dir/build.make CMakeFiles/cmTC_14bf2.dir/build
make[1]: Entering directory '/home/capstone/autoware.ai/build/lanelet_aisan_converter/CMakeFiles/CMakeTmp'
Building C object CMakeFiles/cmTC_14bf2.dir/CheckFunctionExists.c.o
/usr/bin/cc   -DCHECK_FUNCTION_EXISTS=pthread_create   -o CMakeFiles/cmTC_14bf2.dir/CheckFunctionExists.c.o   -c /usr/share/cmake-3.10/Modules/CheckFunctionExists.c
Linking C executable cmTC_14bf2
/usr/bin/cmake -E cmake_link_script CMakeFiles/cmTC_14bf2.dir/link.txt --verbose=1
/usr/bin/cc  -DCHECK_FUNCTION_EXISTS=pthread_create    -rdynamic CMakeFiles/cmTC_14bf2.dir/CheckFunctionExists.c.o  -o cmTC_14bf2 -lpthreads 
/usr/bin/ld: cannot find -lpthreads
collect2: error: ld returned 1 exit status
CMakeFiles/cmTC_14bf2.dir/build.make:97: recipe for target 'cmTC_14bf2' failed
make[1]: *** [cmTC_14bf2] Error 1
make[1]: Leaving directory '/home/capstone/autoware.ai/build/lanelet_aisan_converter/CMakeFiles/CMakeTmp'
Makefile:126: recipe for target 'cmTC_14bf2/fast' failed
make: *** [cmTC_14bf2/fast] Error 2


