[2.050s] [  0%] Built target actionlib_msgs_generate_messages_eus
[2.068s] [  0%] Built target actionlib_msgs_generate_messages_lisp
[2.094s] [  0%] Built target tf_generate_messages_py
[2.134s] [  0%] Built target std_msgs_generate_messages_eus
[2.162s] [  0%] Built target dynamic_reconfigure_generate_messages_py
[2.179s] [  0%] Built target actionlib_generate_messages_py
[2.225s] [  0%] Built target diagnostic_msgs_generate_messages_lisp
[2.259s] [  0%] Built target actionlib_msgs_generate_messages_nodejs
[2.320s] [  0%] Built target pcl_msgs_generate_messages_nodejs
[2.320s] [  0%] Built target pcl_msgs_generate_messages_eus
[2.322s] [  0%] Built target roscpp_generate_messages_nodejs
[2.389s] [ 48%] Built target sick_ldmrs
[2.858s] [ 48%] Built target sensor_msgs_generate_messages_lisp
[2.878s] [ 48%] Built target sensor_msgs_generate_messages_nodejs
[2.897s] [ 48%] Built target tf2_msgs_generate_messages_eus
[2.904s] [ 48%] Built target sensor_msgs_generate_messages_eus
[2.977s] [ 48%] Built target pcl_msgs_generate_messages_lisp
[3.018s] [ 48%] Built target geometry_msgs_generate_messages_cpp
[3.018s] [ 48%] Built target geometry_msgs_generate_messages_lisp
[3.039s] [ 48%] Built target sensor_msgs_generate_messages_py
[3.067s] [ 48%] Built target pcl_msgs_generate_messages_py
[3.091s] [ 48%] Built target geometry_msgs_generate_messages_py
[3.143s] [ 48%] Built target dynamic_reconfigure_generate_messages_eus
[3.241s] [ 48%] Built target tf_generate_messages_cpp
[3.567s] [ 48%] Built target tf2_msgs_generate_messages_nodejs
[3.606s] [ 48%] Built target geometry_msgs_generate_messages_nodejs
[3.612s] [ 48%] Built target actionlib_msgs_generate_messages_py
[3.663s] [ 48%] Built target tf2_msgs_generate_messages_lisp
[3.789s] [ 48%] Built target pcl_msgs_generate_messages_cpp
[3.805s] [ 48%] Built target tf2_msgs_generate_messages_cpp
[3.848s] [ 48%] Built target actionlib_msgs_generate_messages_cpp
[3.852s] [ 48%] Built target dynamic_reconfigure_generate_messages_nodejs
[3.887s] [ 48%] Built target dynamic_reconfigure_generate_messages_lisp
[3.904s] [ 48%] Built target actionlib_generate_messages_nodejs
[3.906s] [ 48%] Built target tf2_msgs_generate_messages_py
[3.984s] [ 48%] Built target rosgraph_msgs_generate_messages_nodejs
[4.134s] [ 48%] Built target actionlib_generate_messages_cpp
[4.242s] [ 48%] Built target roscpp_generate_messages_py
[4.255s] [ 48%] Built target dynamic_reconfigure_generate_messages_cpp
[4.284s] [ 48%] Built target rosgraph_msgs_generate_messages_eus
[4.409s] [ 48%] Built target actionlib_generate_messages_lisp
[4.458s] [ 48%] Built target tf_generate_messages_lisp
[4.577s] [ 48%] Built target sick_ldmrs_msgs_generate_messages_eus
[4.605s] [ 48%] Built target rosgraph_msgs_generate_messages_py
[4.606s] [ 48%] Built target roscpp_generate_messages_cpp
[4.607s] [ 48%] Built target roscpp_generate_messages_eus
[4.624s] [ 48%] Built target dynamic_reconfigure_gencfg
[4.695s] [ 48%] Built target roscpp_generate_messages_lisp
[4.729s] [ 48%] Built target sick_ldmrs_msgs_generate_messages_py
[4.759s] [ 48%] Built target geometry_msgs_generate_messages_eus
[4.906s] [ 48%] Built target sick_ldmrs_msgs_generate_messages_lisp
[4.913s] [ 48%] Built target std_msgs_generate_messages_nodejs
[4.986s] [ 48%] Built target diagnostic_msgs_generate_messages_cpp
[5.206s] [ 48%] Built target std_msgs_generate_messages_py
[5.225s] [ 48%] Built target diagnostic_msgs_generate_messages_nodejs
[5.247s] [ 48%] Built target diagnostic_msgs_generate_messages_eus
[5.308s] [ 48%] Built target tf_generate_messages_eus
[5.381s] [ 48%] Built target std_msgs_generate_messages_cpp
[5.394s] [ 48%] Built target rosgraph_msgs_generate_messages_lisp
[5.498s] [ 48%] Built target sick_ldmrs_msgs_generate_messages_cpp
[5.561s] [ 49%] Built target sick_ldmrs_driver_gencfg
[5.587s] [ 49%] Built target sick_ldmrs_msgs_generate_messages_nodejs
[5.619s] [ 49%] Built target sensor_msgs_generate_messages_cpp
[5.628s] [ 49%] Built target std_msgs_generate_messages_lisp
[5.695s] [ 49%] Built target diagnostic_msgs_generate_messages_py
[5.824s] [ 49%] Built target rosgraph_msgs_generate_messages_cpp
[5.838s] [ 49%] Built target tf_generate_messages_nodejs
[5.869s] [ 97%] Built target LDMRS_Example
[5.903s] [ 97%] Built target actionlib_generate_messages_eus
[6.577s] [100%] Built target sick_ldmrs_node
[9.503s] Built target tests
[12.851s] [  0%] Built target actionlib_msgs_generate_messages_eus
[12.872s] [ 48%] Built target sick_ldmrs
[13.013s] [ 48%] Built target pcl_msgs_generate_messages_nodejs
[13.057s] [ 48%] Built target pcl_msgs_generate_messages_lisp
[13.194s] [ 48%] Built target pcl_msgs_generate_messages_py
[13.248s] [ 48%] Built target sensor_msgs_generate_messages_eus
[13.259s] [ 48%] Built target sensor_msgs_generate_messages_lisp
[13.448s] [ 48%] Built target pcl_msgs_generate_messages_eus
[13.523s] [ 48%] Built target tf2_msgs_generate_messages_eus
[13.550s] [ 48%] Built target sensor_msgs_generate_messages_nodejs
[13.644s] [ 48%] Built target sensor_msgs_generate_messages_py
[13.719s] [ 48%] Built target geometry_msgs_generate_messages_cpp
[13.738s] [ 48%] Built target geometry_msgs_generate_messages_py
[13.840s] [ 48%] Built target geometry_msgs_generate_messages_lisp
[13.933s] [ 48%] Built target tf_generate_messages_cpp
[13.942s] [ 48%] Built target dynamic_reconfigure_generate_messages_eus
[14.031s] [ 48%] Built target geometry_msgs_generate_messages_nodejs
[14.133s] [ 48%] Built target actionlib_msgs_generate_messages_py
[14.136s] [ 48%] Built target tf2_msgs_generate_messages_nodejs
[14.270s] [ 48%] Built target tf2_msgs_generate_messages_lisp
[14.377s] [ 48%] Built target std_msgs_generate_messages_eus
[14.395s] [ 48%] Built target actionlib_msgs_generate_messages_cpp
[14.465s] [ 48%] Built target actionlib_generate_messages_nodejs
[14.564s] [ 48%] Built target tf2_msgs_generate_messages_py
[14.605s] [ 48%] Built target pcl_msgs_generate_messages_cpp
[14.672s] [ 48%] Built target dynamic_reconfigure_generate_messages_nodejs
[14.713s] [ 48%] Built target tf2_msgs_generate_messages_cpp
[14.806s] [ 48%] Built target dynamic_reconfigure_generate_messages_lisp
[14.845s] [ 48%] Built target rosgraph_msgs_generate_messages_nodejs
[14.900s] [ 48%] Built target actionlib_generate_messages_cpp
[15.017s] [ 48%] Built target rosgraph_msgs_generate_messages_eus
[15.078s] [ 48%] Built target roscpp_generate_messages_py
[15.108s] [ 48%] Built target dynamic_reconfigure_generate_messages_cpp
[15.265s] [ 48%] Built target tf_generate_messages_lisp
[15.267s] [ 48%] Built target roscpp_generate_messages_lisp
[15.299s] [ 48%] Built target rosgraph_msgs_generate_messages_py
[15.386s] [ 48%] Built target actionlib_generate_messages_lisp
[15.580s] [ 48%] Built target roscpp_generate_messages_eus
[15.629s] [ 48%] Built target dynamic_reconfigure_gencfg
[15.667s] [ 48%] Built target sick_ldmrs_msgs_generate_messages_eus
[15.676s] [ 48%] Built target roscpp_generate_messages_cpp
[15.858s] [ 48%] Built target sick_ldmrs_msgs_generate_messages_py
[15.931s] [ 48%] Built target sick_ldmrs_msgs_generate_messages_lisp
[15.962s] [ 48%] Built target geometry_msgs_generate_messages_eus
[15.981s] [ 48%] Built target std_msgs_generate_messages_nodejs
[16.184s] [ 48%] Built target diagnostic_msgs_generate_messages_eus
[16.226s] [ 48%] Built target std_msgs_generate_messages_py
[16.244s] [ 48%] Built target diagnostic_msgs_generate_messages_cpp
[16.358s] [ 48%] Built target std_msgs_generate_messages_cpp
[16.499s] [ 48%] Built target rosgraph_msgs_generate_messages_lisp
[16.531s] [ 48%] Built target tf_generate_messages_py
[16.616s] [ 48%] Built target std_msgs_generate_messages_lisp
[16.619s] [ 48%] Built target tf_generate_messages_eus
[16.669s] [ 48%] Built target diagnostic_msgs_generate_messages_nodejs
[16.819s] [ 48%] Built target sick_ldmrs_msgs_generate_messages_cpp
[16.853s] [ 49%] Built target sick_ldmrs_driver_gencfg
[16.897s] [ 49%] Built target diagnostic_msgs_generate_messages_py
[16.897s] [ 49%] Built target sensor_msgs_generate_messages_cpp
[17.030s] [ 49%] Built target sick_ldmrs_msgs_generate_messages_nodejs
[17.071s] [ 49%] Built target tf_generate_messages_nodejs
[17.127s] [ 49%] Built target rosgraph_msgs_generate_messages_cpp
[17.171s] [ 49%] Built target actionlib_generate_messages_eus
[17.191s] [ 49%] Built target actionlib_msgs_generate_messages_lisp
[17.412s] [ 49%] Built target actionlib_msgs_generate_messages_nodejs
[17.472s] [ 49%] Built target diagnostic_msgs_generate_messages_lisp
[17.476s] [ 97%] Built target LDMRS_Example
[17.506s] [ 97%] Built target actionlib_generate_messages_py
[17.537s] [ 97%] Built target roscpp_generate_messages_nodejs
[17.680s] [ 97%] Built target dynamic_reconfigure_generate_messages_py
[17.861s] [100%] Built target sick_ldmrs_node
[18.002s] [36mInstall the project...[0m
[18.060s] -- Install configuration: "Release"
[18.060s] -- Up-to-date: /home/capstone/autoware.ai/install/sick_ldmrs_driver/include/sick_ldmrs_driver/SickLDMRSDriverConfig.h
[18.061s] -- Up-to-date: /home/capstone/autoware.ai/install/sick_ldmrs_driver/lib/python2.7/dist-packages/sick_ldmrs_driver/__init__.py
[18.179s] Listing /home/capstone/autoware.ai/build/sick_ldmrs_driver/devel/lib/python2.7/dist-packages/sick_ldmrs_driver/cfg ...
[18.179s] -- Up-to-date: /home/capstone/autoware.ai/install/sick_ldmrs_driver/lib/python2.7/dist-packages/sick_ldmrs_driver/cfg
[18.180s] -- Up-to-date: /home/capstone/autoware.ai/install/sick_ldmrs_driver/lib/python2.7/dist-packages/sick_ldmrs_driver/cfg/SickLDMRSDriverConfig.pyc
[18.180s] -- Up-to-date: /home/capstone/autoware.ai/install/sick_ldmrs_driver/lib/python2.7/dist-packages/sick_ldmrs_driver/cfg/SickLDMRSDriverConfig.py
[18.180s] -- Up-to-date: /home/capstone/autoware.ai/install/sick_ldmrs_driver/lib/python2.7/dist-packages/sick_ldmrs_driver/cfg/__init__.pyc
[18.180s] -- Up-to-date: /home/capstone/autoware.ai/install/sick_ldmrs_driver/lib/python2.7/dist-packages/sick_ldmrs_driver/cfg/__init__.py
[18.181s] -- Up-to-date: /home/capstone/autoware.ai/install/sick_ldmrs_driver/lib/pkgconfig/sick_ldmrs_driver.pc
[18.181s] -- Up-to-date: /home/capstone/autoware.ai/install/sick_ldmrs_driver/share/sick_ldmrs_driver/cmake/sick_ldmrs_driverConfig.cmake
[18.181s] -- Up-to-date: /home/capstone/autoware.ai/install/sick_ldmrs_driver/share/sick_ldmrs_driver/cmake/sick_ldmrs_driverConfig-version.cmake
[18.182s] -- Up-to-date: /home/capstone/autoware.ai/install/sick_ldmrs_driver/share/sick_ldmrs_driver/package.xml
[18.182s] -- Up-to-date: /home/capstone/autoware.ai/install/sick_ldmrs_driver/include/sick_ldmrs_driver
[18.183s] -- Up-to-date: /home/capstone/autoware.ai/install/sick_ldmrs_driver/include/sick_ldmrs_driver/sick_ldmrs_node.hpp
[18.183s] -- Up-to-date: /home/capstone/autoware.ai/install/sick_ldmrs_driver/lib/sick_ldmrs_driver/sick_ldmrs_node
[18.186s] -- Up-to-date: /home/capstone/autoware.ai/install/sick_ldmrs_driver/share/sick_ldmrs_driver/config
[18.187s] -- Up-to-date: /home/capstone/autoware.ai/install/sick_ldmrs_driver/share/sick_ldmrs_driver/config/analyzers.yaml
[18.187s] -- Up-to-date: /home/capstone/autoware.ai/install/sick_ldmrs_driver/share/sick_ldmrs_driver/launch
[18.188s] -- Up-to-date: /home/capstone/autoware.ai/install/sick_ldmrs_driver/share/sick_ldmrs_driver/launch/sick_ldmrs.launch
[18.192s] -- Up-to-date: /home/capstone/autoware.ai/install/sick_ldmrs_driver/share/sick_ldmrs_driver/launch/sick_ldmrs_node_with_aggregator.launch
[18.192s] -- Up-to-date: /home/capstone/autoware.ai/install/sick_ldmrs_driver/share/sick_ldmrs_driver/launch/sick_ldmrs_node.launch
[18.193s] -- Up-to-date: /home/capstone/autoware.ai/install/sick_ldmrs_driver/lib/cmake/SickLDMRS/SickLDMRSConfig.cmake
[18.193s] -- Up-to-date: /home/capstone/autoware.ai/install/sick_ldmrs_driver/lib/cmake/SickLDMRS/SickLDMRSConfigVersion.cmake
[18.193s] -- Up-to-date: /home/capstone/autoware.ai/install/sick_ldmrs_driver/lib/cmake/SickLDMRS/SickLDMRSTargets.cmake
[18.193s] -- Up-to-date: /home/capstone/autoware.ai/install/sick_ldmrs_driver/lib/cmake/SickLDMRS/SickLDMRSTargets-release.cmake
[18.193s] -- Up-to-date: /home/capstone/autoware.ai/install/sick_ldmrs_driver/share/sick_ldmrs/package.xml
[18.194s] -- Up-to-date: /home/capstone/autoware.ai/install/sick_ldmrs_driver/bin/LDMRS_Example
[18.194s] -- Up-to-date: /home/capstone/autoware.ai/install/sick_ldmrs_driver/lib/libsick_ldmrs.so.0.1.0
[18.194s] -- Up-to-date: /home/capstone/autoware.ai/install/sick_ldmrs_driver/lib/libsick_ldmrs.so.0
[18.194s] -- Up-to-date: /home/capstone/autoware.ai/install/sick_ldmrs_driver/lib/libsick_ldmrs.so
[18.194s] -- Up-to-date: /home/capstone/autoware.ai/install/sick_ldmrs_driver/include/sick_ldmrs/.
[18.195s] -- Up-to-date: /home/capstone/autoware.ai/install/sick_ldmrs_driver/include/sick_ldmrs/./interfaces
[18.195s] -- Up-to-date: /home/capstone/autoware.ai/install/sick_ldmrs_driver/include/sick_ldmrs/./interfaces/tcp.hpp
[18.195s] -- Up-to-date: /home/capstone/autoware.ai/install/sick_ldmrs_driver/include/sick_ldmrs/./interfaces/file.hpp
[18.195s] -- Up-to-date: /home/capstone/autoware.ai/install/sick_ldmrs_driver/include/sick_ldmrs/./application
[18.195s] -- Up-to-date: /home/capstone/autoware.ai/install/sick_ldmrs_driver/include/sick_ldmrs/./application/LdmrsScanpointCoordinateApp.hpp
[18.196s] -- Up-to-date: /home/capstone/autoware.ai/install/sick_ldmrs_driver/include/sick_ldmrs/./application/LdmrsNtpTimeApp.hpp
[18.196s] -- Up-to-date: /home/capstone/autoware.ai/install/sick_ldmrs_driver/include/sick_ldmrs/./application/LdmrsApp.hpp
[18.196s] -- Up-to-date: /home/capstone/autoware.ai/install/sick_ldmrs_driver/include/sick_ldmrs/./application/LdmrsSectorChangeApp.hpp
[18.196s] -- Up-to-date: /home/capstone/autoware.ai/install/sick_ldmrs_driver/include/sick_ldmrs/./application/LdmrsFieldApp.hpp
[18.197s] -- Up-to-date: /home/capstone/autoware.ai/install/sick_ldmrs_driver/include/sick_ldmrs/./application/BasicApplication.hpp
[18.197s] -- Up-to-date: /home/capstone/autoware.ai/install/sick_ldmrs_driver/include/sick_ldmrs/./datatypes
[18.197s] -- Up-to-date: /home/capstone/autoware.ai/install/sick_ldmrs_driver/include/sick_ldmrs/./datatypes/Circle2D.hpp
[18.197s] -- Up-to-date: /home/capstone/autoware.ai/install/sick_ldmrs_driver/include/sick_ldmrs/./datatypes/Measurement.hpp
[18.198s] -- Up-to-date: /home/capstone/autoware.ai/install/sick_ldmrs_driver/include/sick_ldmrs/./datatypes/PositionWGS84.hpp
[18.198s] -- Up-to-date: /home/capstone/autoware.ai/install/sick_ldmrs_driver/include/sick_ldmrs/./datatypes/Object.hpp
[18.198s] -- Up-to-date: /home/capstone/autoware.ai/install/sick_ldmrs_driver/include/sick_ldmrs/./datatypes/Point2D.hpp
[18.198s] -- Up-to-date: /home/capstone/autoware.ai/install/sick_ldmrs_driver/include/sick_ldmrs/./datatypes/Fields.hpp
[18.201s] -- Up-to-date: /home/capstone/autoware.ai/install/sick_ldmrs_driver/include/sick_ldmrs/./datatypes/ScannerInfo.hpp
[18.202s] -- Up-to-date: /home/capstone/autoware.ai/install/sick_ldmrs_driver/include/sick_ldmrs/./datatypes/Scan.hpp
[18.202s] -- Up-to-date: /home/capstone/autoware.ai/install/sick_ldmrs_driver/include/sick_ldmrs/./datatypes/SensorStateInfo.hpp
[18.203s] -- Up-to-date: /home/capstone/autoware.ai/install/sick_ldmrs_driver/include/sick_ldmrs/./datatypes/FieldDescription.hpp
[18.203s] -- Up-to-date: /home/capstone/autoware.ai/install/sick_ldmrs_driver/include/sick_ldmrs/./datatypes/Polygon2D.hpp
[18.203s] -- Up-to-date: /home/capstone/autoware.ai/install/sick_ldmrs_driver/include/sick_ldmrs/./datatypes/Box2D.hpp
[18.203s] -- Up-to-date: /home/capstone/autoware.ai/install/sick_ldmrs_driver/include/sick_ldmrs/./datatypes/EvalCaseResults.hpp
[18.204s] -- Up-to-date: /home/capstone/autoware.ai/install/sick_ldmrs_driver/include/sick_ldmrs/./datatypes/Trigger.hpp
[18.204s] -- Up-to-date: /home/capstone/autoware.ai/install/sick_ldmrs_driver/include/sick_ldmrs/./datatypes/Polygon3D.hpp
[18.204s] -- Up-to-date: /home/capstone/autoware.ai/install/sick_ldmrs_driver/include/sick_ldmrs/./datatypes/ScanPoint.hpp
[18.204s] -- Up-to-date: /home/capstone/autoware.ai/install/sick_ldmrs_driver/include/sick_ldmrs/./datatypes/EvalCase.hpp
[18.205s] -- Up-to-date: /home/capstone/autoware.ai/install/sick_ldmrs_driver/include/sick_ldmrs/./datatypes/Ellipse2D.hpp
[18.205s] -- Up-to-date: /home/capstone/autoware.ai/install/sick_ldmrs_driver/include/sick_ldmrs/./datatypes/Point3D.hpp
[18.205s] -- Up-to-date: /home/capstone/autoware.ai/install/sick_ldmrs_driver/include/sick_ldmrs/./datatypes/EvalCaseResult.hpp
[18.205s] -- Up-to-date: /home/capstone/autoware.ai/install/sick_ldmrs_driver/include/sick_ldmrs/./datatypes/Position3D.hpp
[18.205s] -- Up-to-date: /home/capstone/autoware.ai/install/sick_ldmrs_driver/include/sick_ldmrs/./datatypes/Msg.hpp
[18.205s] -- Up-to-date: /home/capstone/autoware.ai/install/sick_ldmrs_driver/include/sick_ldmrs/./datatypes/FieldParameter.hpp
[18.206s] -- Up-to-date: /home/capstone/autoware.ai/install/sick_ldmrs_driver/include/sick_ldmrs/./datatypes/EvalCases.hpp
[18.206s] -- Up-to-date: /home/capstone/autoware.ai/install/sick_ldmrs_driver/include/sick_ldmrs/./datatypes/Line2D.hpp
[18.206s] -- Up-to-date: /home/capstone/autoware.ai/install/sick_ldmrs_driver/include/sick_ldmrs/./sopas
[18.206s] -- Up-to-date: /home/capstone/autoware.ai/install/sick_ldmrs_driver/include/sick_ldmrs/./sopas/LdmrsSopasLayer.hpp
[18.207s] -- Up-to-date: /home/capstone/autoware.ai/install/sick_ldmrs_driver/include/sick_ldmrs/./sopas/SopasBase.hpp
[18.207s] -- Up-to-date: /home/capstone/autoware.ai/install/sick_ldmrs_driver/include/sick_ldmrs/./sopas/colab.hpp
[18.207s] -- Up-to-date: /home/capstone/autoware.ai/install/sick_ldmrs_driver/include/sick_ldmrs/./sopas/colaa.hpp
[18.207s] -- Up-to-date: /home/capstone/autoware.ai/install/sick_ldmrs_driver/include/sick_ldmrs/./manager.hpp
[18.207s] -- Up-to-date: /home/capstone/autoware.ai/install/sick_ldmrs_driver/include/sick_ldmrs/./BasicDatatypes.hpp
[18.208s] -- Up-to-date: /home/capstone/autoware.ai/install/sick_ldmrs_driver/include/sick_ldmrs/./tools
[18.208s] -- Up-to-date: /home/capstone/autoware.ai/install/sick_ldmrs_driver/include/sick_ldmrs/./tools/errorhandler.hpp
[18.208s] -- Up-to-date: /home/capstone/autoware.ai/install/sick_ldmrs_driver/include/sick_ldmrs/./tools/toolbox.hpp
[18.208s] -- Up-to-date: /home/capstone/autoware.ai/install/sick_ldmrs_driver/include/sick_ldmrs/./tools/Time.hpp
[18.209s] -- Up-to-date: /home/capstone/autoware.ai/install/sick_ldmrs_driver/include/sick_ldmrs/./tools/SickThread.hpp
[18.209s] -- Up-to-date: /home/capstone/autoware.ai/install/sick_ldmrs_driver/include/sick_ldmrs/./tools/Timer.hpp
[18.209s] -- Up-to-date: /home/capstone/autoware.ai/install/sick_ldmrs_driver/include/sick_ldmrs/./tools/BasicDataBuffer.hpp
[18.209s] -- Up-to-date: /home/capstone/autoware.ai/install/sick_ldmrs_driver/include/sick_ldmrs/./tools/MathToolbox.hpp
[18.209s] -- Up-to-date: /home/capstone/autoware.ai/install/sick_ldmrs_driver/include/sick_ldmrs/./tools/WatchdogTimer.hpp
[18.210s] -- Up-to-date: /home/capstone/autoware.ai/install/sick_ldmrs_driver/include/sick_ldmrs/./tools/Mutex.hpp
[18.210s] -- Up-to-date: /home/capstone/autoware.ai/install/sick_ldmrs_driver/include/sick_ldmrs/./devices
[18.210s] -- Up-to-date: /home/capstone/autoware.ai/install/sick_ldmrs_driver/include/sick_ldmrs/./devices/BasicDevice.hpp
[18.210s] -- Up-to-date: /home/capstone/autoware.ai/install/sick_ldmrs_driver/include/sick_ldmrs/./devices/LD_MRS.hpp
[18.211s] -- Up-to-date: /home/capstone/autoware.ai/install/sick_ldmrs_driver/include/sick_ldmrs/./devices/LuxBase.hpp
