[0.220s] Invoking command in '/home/capstone/autoware.ai/build/vector_map_msgs': /usr/bin/cmake --build /home/capstone/autoware.ai/build/vector_map_msgs -- -j12 -l12
[1.411s] [  0%] Built target _vector_map_msgs_generate_messages_check_deps_Pole
[1.574s] [  0%] Built target _vector_map_msgs_generate_messages_check_deps_LaneArray
[1.608s] [  0%] Built target _vector_map_msgs_generate_messages_check_deps_RoadEdgeArray
[1.620s] [  0%] Built target _vector_map_msgs_generate_messages_check_deps_RailCrossing
[1.675s] [  0%] Built target _vector_map_msgs_generate_messages_check_deps_AreaArray
[1.724s] [  0%] Built target _vector_map_msgs_generate_messages_check_deps_RoadPoleArray
[1.749s] [  0%] Built target _vector_map_msgs_generate_messages_check_deps_CrossRoad
[1.770s] [  0%] Built target _vector_map_msgs_generate_messages_check_deps_SignalArray
[1.771s] [  0%] Built target _vector_map_msgs_generate_messages_check_deps_PoleArray
[1.775s] [  0%] Built target _vector_map_msgs_generate_messages_check_deps_ZebraZone
[1.847s] [  0%] Built target _vector_map_msgs_generate_messages_check_deps_SideStripArray
[1.874s] [  0%] Built target _vector_map_msgs_generate_messages_check_deps_Point
[2.193s] [  0%] Built target _vector_map_msgs_generate_messages_check_deps_CurbArray
[2.386s] [  0%] Built target _vector_map_msgs_generate_messages_check_deps_RailCrossingArray
[2.404s] [  0%] Built target _vector_map_msgs_generate_messages_check_deps_RoadSign
[2.464s] [  0%] Built target _vector_map_msgs_generate_messages_check_deps_GuardRail
[2.479s] [  0%] Built target _vector_map_msgs_generate_messages_check_deps_PointArray
[2.480s] [  0%] Built target _vector_map_msgs_generate_messages_check_deps_RoadSignArray
[2.486s] [  0%] Built target _vector_map_msgs_generate_messages_check_deps_Line
[2.487s] [  0%] Built target _vector_map_msgs_generate_messages_check_deps_RoadMark
[2.491s] [  0%] Built target _vector_map_msgs_generate_messages_check_deps_CurveMirrorArray
[2.507s] [  0%] Built target _vector_map_msgs_generate_messages_check_deps_SideWalk
[2.545s] [  0%] Built target _vector_map_msgs_generate_messages_check_deps_WhiteLine
[2.571s] [  0%] Built target _vector_map_msgs_generate_messages_check_deps_Area
[2.818s] [  0%] Built target _vector_map_msgs_generate_messages_check_deps_CrossRoadArray
[2.893s] [  0%] Built target _vector_map_msgs_generate_messages_check_deps_Box
[2.906s] [  0%] Built target _vector_map_msgs_generate_messages_check_deps_WayAreaArray
[2.918s] [  0%] Built target _vector_map_msgs_generate_messages_check_deps_UtilityPole
[2.945s] [  0%] Built target _vector_map_msgs_generate_messages_check_deps_Lane
[2.963s] [  0%] Built target _vector_map_msgs_generate_messages_check_deps_CurveMirror
[2.966s] [  0%] Built target _vector_map_msgs_generate_messages_check_deps_RoadPole
[2.999s] [  0%] Built target _vector_map_msgs_generate_messages_check_deps_ZebraZoneArray
[3.023s] [  0%] Built target _vector_map_msgs_generate_messages_check_deps_StopLine
[3.037s] [  0%] Built target _vector_map_msgs_generate_messages_check_deps_Vector
[3.074s] [  0%] Built target _vector_map_msgs_generate_messages_check_deps_SideStrip
[3.122s] [  0%] Built target _vector_map_msgs_generate_messages_check_deps_GutterArray
[3.281s] [  0%] Built target std_msgs_generate_messages_eus
[3.322s] [  0%] Built target _vector_map_msgs_generate_messages_check_deps_CrossWalk
[3.341s] [  0%] Built target _vector_map_msgs_generate_messages_check_deps_SideWalkArray
[3.362s] [  0%] Built target _vector_map_msgs_generate_messages_check_deps_StreetLight
[3.373s] [  0%] Built target _vector_map_msgs_generate_messages_check_deps_UtilityPoleArray
[3.391s] [  0%] Built target _vector_map_msgs_generate_messages_check_deps_DriveOnPortionArray
[3.399s] [  0%] Built target _vector_map_msgs_generate_messages_check_deps_CrossWalkArray
[3.400s] [  0%] Built target _vector_map_msgs_generate_messages_check_deps_DriveOnPortion
[3.463s] [  0%] Built target _vector_map_msgs_generate_messages_check_deps_DTLaneArray
[3.507s] [  0%] Built target _vector_map_msgs_generate_messages_check_deps_Gutter
[3.557s] [  0%] Built target _vector_map_msgs_generate_messages_check_deps_StopLineArray
[3.592s] [  0%] Built target _vector_map_msgs_generate_messages_check_deps_StreetLightArray
[3.600s] [  0%] Built target _vector_map_msgs_generate_messages_check_deps_DTLane
[3.621s] [  0%] Built target _vector_map_msgs_generate_messages_check_deps_VectorArray
[3.662s] [  0%] Built target _vector_map_msgs_generate_messages_check_deps_Fence
[3.675s] [  0%] Built target _vector_map_msgs_generate_messages_check_deps_BoxArray
[3.718s] [  0%] Built target _vector_map_msgs_generate_messages_check_deps_WayArea
[3.723s] [  0%] Built target _vector_map_msgs_generate_messages_check_deps_LineArray
[3.761s] [  0%] Built target _vector_map_msgs_generate_messages_check_deps_Signal
[3.768s] [  0%] Built target _vector_map_msgs_generate_messages_check_deps_WallArray
[3.805s] [  0%] Built target _vector_map_msgs_generate_messages_check_deps_FenceArray
[3.811s] [  0%] Built target _vector_map_msgs_generate_messages_check_deps_NodeArray
[3.852s] [  0%] Built target _vector_map_msgs_generate_messages_check_deps_GuardRailArray
[3.897s] [  0%] Built target _vector_map_msgs_generate_messages_check_deps_RoadEdge
[3.922s] [  0%] Built target _vector_map_msgs_generate_messages_check_deps_RoadMarkArray
[3.967s] [  0%] Built target _vector_map_msgs_generate_messages_check_deps_WhiteLineArray
[3.973s] [  0%] Built target std_msgs_generate_messages_py
[3.983s] [  0%] Built target std_msgs_generate_messages_lisp
[3.993s] [  0%] Built target std_msgs_generate_messages_nodejs
[4.005s] [  0%] Built target _vector_map_msgs_generate_messages_check_deps_Node
[4.038s] [  0%] Built target std_msgs_generate_messages_cpp
[4.051s] [  0%] Built target _vector_map_msgs_generate_messages_check_deps_Curb
[4.222s] [  0%] Built target _vector_map_msgs_generate_messages_check_deps_Wall
[4.460s] [ 20%] Built target vector_map_msgs_generate_messages_py
[4.481s] [ 40%] Built target vector_map_msgs_generate_messages_nodejs
[4.490s] [ 59%] Built target vector_map_msgs_generate_messages_cpp
[4.507s] [ 79%] Built target vector_map_msgs_generate_messages_lisp
[4.508s] [100%] Built target vector_map_msgs_generate_messages_eus
[4.775s] [100%] Built target vector_map_msgs_generate_messages
[4.882s] Invoked command in '/home/capstone/autoware.ai/build/vector_map_msgs' returned '0': /usr/bin/cmake --build /home/capstone/autoware.ai/build/vector_map_msgs -- -j12 -l12
[6.712s] Invoking command in '/home/capstone/autoware.ai/build/vector_map_msgs': /usr/bin/cmake --build /home/capstone/autoware.ai/build/vector_map_msgs --target tests -- -j12 -l12
[7.167s] Built target tests
[7.502s] Invoked command in '/home/capstone/autoware.ai/build/vector_map_msgs' returned '0': /usr/bin/cmake --build /home/capstone/autoware.ai/build/vector_map_msgs --target tests -- -j12 -l12
[11.257s] Invoking command in '/home/capstone/autoware.ai/build/vector_map_msgs': /usr/bin/cmake --build /home/capstone/autoware.ai/build/vector_map_msgs --target install -- -j12 -l12
[12.088s] [  0%] Built target _vector_map_msgs_generate_messages_check_deps_Pole
[12.220s] [  0%] Built target _vector_map_msgs_generate_messages_check_deps_SignalArray
[12.238s] [  0%] Built target _vector_map_msgs_generate_messages_check_deps_RailCrossing
[12.243s] [  0%] Built target _vector_map_msgs_generate_messages_check_deps_RoadEdgeArray
[12.295s] [  0%] Built target _vector_map_msgs_generate_messages_check_deps_LaneArray
[12.305s] [  0%] Built target _vector_map_msgs_generate_messages_check_deps_PoleArray
[12.324s] [  0%] Built target _vector_map_msgs_generate_messages_check_deps_AreaArray
[12.406s] [  0%] Built target _vector_map_msgs_generate_messages_check_deps_ZebraZone
[12.489s] [  0%] Built target _vector_map_msgs_generate_messages_check_deps_CrossRoad
[12.704s] [  0%] Built target _vector_map_msgs_generate_messages_check_deps_SideWalk
[12.923s] [  0%] Built target _vector_map_msgs_generate_messages_check_deps_RoadSignArray
[13.197s] [  0%] Built target _vector_map_msgs_generate_messages_check_deps_CurveMirrorArray
[13.422s] [  0%] Built target _vector_map_msgs_generate_messages_check_deps_WhiteLine
[13.640s] [  0%] Built target _vector_map_msgs_generate_messages_check_deps_Area
[13.869s] [  0%] Built target _vector_map_msgs_generate_messages_check_deps_CrossRoadArray
[14.133s] [  0%] Built target _vector_map_msgs_generate_messages_check_deps_Box
[14.379s] [  0%] Built target _vector_map_msgs_generate_messages_check_deps_UtilityPole
[14.593s] [  0%] Built target _vector_map_msgs_generate_messages_check_deps_RoadPole
[14.834s] [  0%] Built target _vector_map_msgs_generate_messages_check_deps_WayAreaArray
[15.053s] [  0%] Built target _vector_map_msgs_generate_messages_check_deps_CurveMirror
[15.336s] [  0%] Built target _vector_map_msgs_generate_messages_check_deps_Lane
[15.546s] [  0%] Built target _vector_map_msgs_generate_messages_check_deps_StopLine
[15.785s] [  0%] Built target _vector_map_msgs_generate_messages_check_deps_Vector
[16.004s] [  0%] Built target _vector_map_msgs_generate_messages_check_deps_GutterArray
[16.297s] [  0%] Built target _vector_map_msgs_generate_messages_check_deps_ZebraZoneArray
[16.518s] [  0%] Built target _vector_map_msgs_generate_messages_check_deps_SideStrip
[16.736s] [  0%] Built target _vector_map_msgs_generate_messages_check_deps_DriveOnPortionArray
[16.959s] [  0%] Built target _vector_map_msgs_generate_messages_check_deps_StreetLight
[17.137s] [  0%] Built target std_msgs_generate_messages_eus
[17.404s] [  0%] Built target _vector_map_msgs_generate_messages_check_deps_CrossWalk
[17.620s] [  0%] Built target _vector_map_msgs_generate_messages_check_deps_SideWalkArray
[17.871s] [  0%] Built target _vector_map_msgs_generate_messages_check_deps_CrossWalkArray
[18.128s] [  0%] Built target _vector_map_msgs_generate_messages_check_deps_UtilityPoleArray
[18.369s] [  0%] Built target _vector_map_msgs_generate_messages_check_deps_Gutter
[18.589s] [  0%] Built target _vector_map_msgs_generate_messages_check_deps_DriveOnPortion
[18.801s] [  0%] Built target _vector_map_msgs_generate_messages_check_deps_DTLaneArray
[19.025s] [  0%] Built target _vector_map_msgs_generate_messages_check_deps_StopLineArray
[19.332s] [  0%] Built target _vector_map_msgs_generate_messages_check_deps_StreetLightArray
[19.553s] [  0%] Built target _vector_map_msgs_generate_messages_check_deps_VectorArray
[19.767s] [  0%] Built target _vector_map_msgs_generate_messages_check_deps_DTLane
[19.994s] [  0%] Built target _vector_map_msgs_generate_messages_check_deps_Signal
[20.288s] [  0%] Built target _vector_map_msgs_generate_messages_check_deps_BoxArray
[20.500s] [  0%] Built target _vector_map_msgs_generate_messages_check_deps_LineArray
[20.716s] [  0%] Built target _vector_map_msgs_generate_messages_check_deps_WallArray
[20.925s] [  0%] Built target _vector_map_msgs_generate_messages_check_deps_WayArea
[21.178s] [  0%] Built target _vector_map_msgs_generate_messages_check_deps_Fence
[21.413s] [  0%] Built target _vector_map_msgs_generate_messages_check_deps_FenceArray
[21.626s] [  0%] Built target _vector_map_msgs_generate_messages_check_deps_NodeArray
[21.846s] [  0%] Built target _vector_map_msgs_generate_messages_check_deps_GuardRailArray
[22.089s] [  0%] Built target _vector_map_msgs_generate_messages_check_deps_RoadMarkArray
[22.380s] [  0%] Built target _vector_map_msgs_generate_messages_check_deps_RoadEdge
[22.597s] [  0%] Built target _vector_map_msgs_generate_messages_check_deps_WhiteLineArray
[22.815s] [  0%] Built target _vector_map_msgs_generate_messages_check_deps_Curb
[23.023s] [  0%] Built target _vector_map_msgs_generate_messages_check_deps_Wall
[23.297s] [  0%] Built target _vector_map_msgs_generate_messages_check_deps_Node
[23.445s] [  0%] Built target std_msgs_generate_messages_nodejs
[23.600s] [  0%] Built target std_msgs_generate_messages_py
[23.744s] [  0%] Built target std_msgs_generate_messages_lisp
[23.890s] [  0%] Built target std_msgs_generate_messages_cpp
[24.141s] [  0%] Built target _vector_map_msgs_generate_messages_check_deps_RoadMark
[24.391s] [  0%] Built target _vector_map_msgs_generate_messages_check_deps_PointArray
[24.609s] [  0%] Built target _vector_map_msgs_generate_messages_check_deps_RoadSign
[24.822s] [  0%] Built target _vector_map_msgs_generate_messages_check_deps_RailCrossingArray
[25.044s] [  0%] Built target _vector_map_msgs_generate_messages_check_deps_GuardRail
[25.323s] [  0%] Built target _vector_map_msgs_generate_messages_check_deps_Line
[25.537s] [  0%] Built target _vector_map_msgs_generate_messages_check_deps_CurbArray
[25.753s] [  0%] Built target _vector_map_msgs_generate_messages_check_deps_SideStripArray
[25.976s] [  0%] Built target _vector_map_msgs_generate_messages_check_deps_RoadPoleArray
[26.242s] [  0%] Built target _vector_map_msgs_generate_messages_check_deps_Point
[26.425s] [ 20%] Built target vector_map_msgs_generate_messages_eus
[26.578s] [ 40%] Built target vector_map_msgs_generate_messages_cpp
[26.735s] [ 59%] Built target vector_map_msgs_generate_messages_lisp
[26.889s] [ 80%] Built target vector_map_msgs_generate_messages_py
[27.038s] [100%] Built target vector_map_msgs_generate_messages_nodejs
[27.250s] [100%] Built target vector_map_msgs_generate_messages
[27.398s] [36mInstall the project...[0m
[27.454s] -- Install configuration: "Release"
[27.455s] -- Up-to-date: /home/capstone/autoware.ai/install/vector_map_msgs/share/vector_map_msgs/msg/Area.msg
[27.455s] -- Up-to-date: /home/capstone/autoware.ai/install/vector_map_msgs/share/vector_map_msgs/msg/AreaArray.msg
[27.463s] -- Up-to-date: /home/capstone/autoware.ai/install/vector_map_msgs/share/vector_map_msgs/msg/Box.msg
[27.463s] -- Up-to-date: /home/capstone/autoware.ai/install/vector_map_msgs/share/vector_map_msgs/msg/BoxArray.msg
[27.464s] -- Up-to-date: /home/capstone/autoware.ai/install/vector_map_msgs/share/vector_map_msgs/msg/CrossRoad.msg
[27.464s] -- Up-to-date: /home/capstone/autoware.ai/install/vector_map_msgs/share/vector_map_msgs/msg/CrossRoadArray.msg
[27.464s] -- Up-to-date: /home/capstone/autoware.ai/install/vector_map_msgs/share/vector_map_msgs/msg/CrossWalk.msg
[27.464s] -- Up-to-date: /home/capstone/autoware.ai/install/vector_map_msgs/share/vector_map_msgs/msg/CrossWalkArray.msg
[27.466s] -- Up-to-date: /home/capstone/autoware.ai/install/vector_map_msgs/share/vector_map_msgs/msg/Curb.msg
[27.466s] -- Up-to-date: /home/capstone/autoware.ai/install/vector_map_msgs/share/vector_map_msgs/msg/CurbArray.msg
[27.467s] -- Up-to-date: /home/capstone/autoware.ai/install/vector_map_msgs/share/vector_map_msgs/msg/CurveMirror.msg
[27.467s] -- Up-to-date: /home/capstone/autoware.ai/install/vector_map_msgs/share/vector_map_msgs/msg/CurveMirrorArray.msg
[27.467s] -- Up-to-date: /home/capstone/autoware.ai/install/vector_map_msgs/share/vector_map_msgs/msg/DTLane.msg
[27.467s] -- Up-to-date: /home/capstone/autoware.ai/install/vector_map_msgs/share/vector_map_msgs/msg/DTLaneArray.msg
[27.468s] -- Up-to-date: /home/capstone/autoware.ai/install/vector_map_msgs/share/vector_map_msgs/msg/DriveOnPortion.msg
[27.468s] -- Up-to-date: /home/capstone/autoware.ai/install/vector_map_msgs/share/vector_map_msgs/msg/DriveOnPortionArray.msg
[27.468s] -- Up-to-date: /home/capstone/autoware.ai/install/vector_map_msgs/share/vector_map_msgs/msg/Fence.msg
[27.468s] -- Up-to-date: /home/capstone/autoware.ai/install/vector_map_msgs/share/vector_map_msgs/msg/FenceArray.msg
[27.468s] -- Up-to-date: /home/capstone/autoware.ai/install/vector_map_msgs/share/vector_map_msgs/msg/GuardRail.msg
[27.468s] -- Up-to-date: /home/capstone/autoware.ai/install/vector_map_msgs/share/vector_map_msgs/msg/GuardRailArray.msg
[27.469s] -- Up-to-date: /home/capstone/autoware.ai/install/vector_map_msgs/share/vector_map_msgs/msg/Gutter.msg
[27.469s] -- Up-to-date: /home/capstone/autoware.ai/install/vector_map_msgs/share/vector_map_msgs/msg/GutterArray.msg
[27.469s] -- Up-to-date: /home/capstone/autoware.ai/install/vector_map_msgs/share/vector_map_msgs/msg/Lane.msg
[27.469s] -- Up-to-date: /home/capstone/autoware.ai/install/vector_map_msgs/share/vector_map_msgs/msg/LaneArray.msg
[27.469s] -- Up-to-date: /home/capstone/autoware.ai/install/vector_map_msgs/share/vector_map_msgs/msg/Line.msg
[27.469s] -- Up-to-date: /home/capstone/autoware.ai/install/vector_map_msgs/share/vector_map_msgs/msg/LineArray.msg
[27.470s] -- Up-to-date: /home/capstone/autoware.ai/install/vector_map_msgs/share/vector_map_msgs/msg/Node.msg
[27.470s] -- Up-to-date: /home/capstone/autoware.ai/install/vector_map_msgs/share/vector_map_msgs/msg/NodeArray.msg
[27.470s] -- Up-to-date: /home/capstone/autoware.ai/install/vector_map_msgs/share/vector_map_msgs/msg/Point.msg
[27.470s] -- Up-to-date: /home/capstone/autoware.ai/install/vector_map_msgs/share/vector_map_msgs/msg/PointArray.msg
[27.470s] -- Up-to-date: /home/capstone/autoware.ai/install/vector_map_msgs/share/vector_map_msgs/msg/Pole.msg
[27.470s] -- Up-to-date: /home/capstone/autoware.ai/install/vector_map_msgs/share/vector_map_msgs/msg/PoleArray.msg
[27.471s] -- Up-to-date: /home/capstone/autoware.ai/install/vector_map_msgs/share/vector_map_msgs/msg/RailCrossing.msg
[27.471s] -- Up-to-date: /home/capstone/autoware.ai/install/vector_map_msgs/share/vector_map_msgs/msg/RailCrossingArray.msg
[27.471s] -- Up-to-date: /home/capstone/autoware.ai/install/vector_map_msgs/share/vector_map_msgs/msg/RoadEdge.msg
[27.471s] -- Up-to-date: /home/capstone/autoware.ai/install/vector_map_msgs/share/vector_map_msgs/msg/RoadEdgeArray.msg
[27.471s] -- Up-to-date: /home/capstone/autoware.ai/install/vector_map_msgs/share/vector_map_msgs/msg/RoadMark.msg
[27.471s] -- Up-to-date: /home/capstone/autoware.ai/install/vector_map_msgs/share/vector_map_msgs/msg/RoadMarkArray.msg
[27.471s] -- Up-to-date: /home/capstone/autoware.ai/install/vector_map_msgs/share/vector_map_msgs/msg/RoadPole.msg
[27.472s] -- Up-to-date: /home/capstone/autoware.ai/install/vector_map_msgs/share/vector_map_msgs/msg/RoadPoleArray.msg
[27.472s] -- Up-to-date: /home/capstone/autoware.ai/install/vector_map_msgs/share/vector_map_msgs/msg/RoadSign.msg
[27.472s] -- Up-to-date: /home/capstone/autoware.ai/install/vector_map_msgs/share/vector_map_msgs/msg/RoadSignArray.msg
[27.472s] -- Up-to-date: /home/capstone/autoware.ai/install/vector_map_msgs/share/vector_map_msgs/msg/SideStrip.msg
[27.472s] -- Up-to-date: /home/capstone/autoware.ai/install/vector_map_msgs/share/vector_map_msgs/msg/SideStripArray.msg
[27.472s] -- Up-to-date: /home/capstone/autoware.ai/install/vector_map_msgs/share/vector_map_msgs/msg/SideWalk.msg
[27.473s] -- Up-to-date: /home/capstone/autoware.ai/install/vector_map_msgs/share/vector_map_msgs/msg/SideWalkArray.msg
[27.473s] -- Up-to-date: /home/capstone/autoware.ai/install/vector_map_msgs/share/vector_map_msgs/msg/Signal.msg
[27.473s] -- Up-to-date: /home/capstone/autoware.ai/install/vector_map_msgs/share/vector_map_msgs/msg/SignalArray.msg
[27.473s] -- Up-to-date: /home/capstone/autoware.ai/install/vector_map_msgs/share/vector_map_msgs/msg/StopLine.msg
[27.473s] -- Up-to-date: /home/capstone/autoware.ai/install/vector_map_msgs/share/vector_map_msgs/msg/StopLineArray.msg
[27.473s] -- Up-to-date: /home/capstone/autoware.ai/install/vector_map_msgs/share/vector_map_msgs/msg/StreetLight.msg
[27.473s] -- Up-to-date: /home/capstone/autoware.ai/install/vector_map_msgs/share/vector_map_msgs/msg/StreetLightArray.msg
[27.474s] -- Up-to-date: /home/capstone/autoware.ai/install/vector_map_msgs/share/vector_map_msgs/msg/UtilityPole.msg
[27.474s] -- Up-to-date: /home/capstone/autoware.ai/install/vector_map_msgs/share/vector_map_msgs/msg/UtilityPoleArray.msg
[27.478s] -- Up-to-date: /home/capstone/autoware.ai/install/vector_map_msgs/share/vector_map_msgs/msg/Vector.msg
[27.478s] -- Up-to-date: /home/capstone/autoware.ai/install/vector_map_msgs/share/vector_map_msgs/msg/VectorArray.msg
[27.478s] -- Up-to-date: /home/capstone/autoware.ai/install/vector_map_msgs/share/vector_map_msgs/msg/Wall.msg
[27.478s] -- Up-to-date: /home/capstone/autoware.ai/install/vector_map_msgs/share/vector_map_msgs/msg/WallArray.msg
[27.479s] -- Up-to-date: /home/capstone/autoware.ai/install/vector_map_msgs/share/vector_map_msgs/msg/WayArea.msg
[27.479s] -- Up-to-date: /home/capstone/autoware.ai/install/vector_map_msgs/share/vector_map_msgs/msg/WayAreaArray.msg
[27.479s] -- Up-to-date: /home/capstone/autoware.ai/install/vector_map_msgs/share/vector_map_msgs/msg/WhiteLine.msg
[27.479s] -- Up-to-date: /home/capstone/autoware.ai/install/vector_map_msgs/share/vector_map_msgs/msg/WhiteLineArray.msg
[27.479s] -- Up-to-date: /home/capstone/autoware.ai/install/vector_map_msgs/share/vector_map_msgs/msg/ZebraZone.msg
[27.479s] -- Up-to-date: /home/capstone/autoware.ai/install/vector_map_msgs/share/vector_map_msgs/msg/ZebraZoneArray.msg
[27.479s] -- Up-to-date: /home/capstone/autoware.ai/install/vector_map_msgs/share/vector_map_msgs/cmake/vector_map_msgs-msg-paths.cmake
[27.480s] -- Up-to-date: /home/capstone/autoware.ai/install/vector_map_msgs/include/vector_map_msgs
[27.480s] -- Up-to-date: /home/capstone/autoware.ai/install/vector_map_msgs/include/vector_map_msgs/PointArray.h
[27.480s] -- Up-to-date: /home/capstone/autoware.ai/install/vector_map_msgs/include/vector_map_msgs/AreaArray.h
[27.480s] -- Up-to-date: /home/capstone/autoware.ai/install/vector_map_msgs/include/vector_map_msgs/StopLine.h
[27.480s] -- Up-to-date: /home/capstone/autoware.ai/install/vector_map_msgs/include/vector_map_msgs/CrossRoadArray.h
[27.480s] -- Up-to-date: /home/capstone/autoware.ai/install/vector_map_msgs/include/vector_map_msgs/RailCrossingArray.h
[27.481s] -- Up-to-date: /home/capstone/autoware.ai/install/vector_map_msgs/include/vector_map_msgs/GutterArray.h
[27.481s] -- Up-to-date: /home/capstone/autoware.ai/install/vector_map_msgs/include/vector_map_msgs/Point.h
[27.481s] -- Up-to-date: /home/capstone/autoware.ai/install/vector_map_msgs/include/vector_map_msgs/ZebraZoneArray.h
[27.481s] -- Up-to-date: /home/capstone/autoware.ai/install/vector_map_msgs/include/vector_map_msgs/GuardRail.h
[27.481s] -- Up-to-date: /home/capstone/autoware.ai/install/vector_map_msgs/include/vector_map_msgs/WhiteLine.h
[27.481s] -- Up-to-date: /home/capstone/autoware.ai/install/vector_map_msgs/include/vector_map_msgs/RoadPole.h
[27.482s] -- Up-to-date: /home/capstone/autoware.ai/install/vector_map_msgs/include/vector_map_msgs/Node.h
[27.482s] -- Up-to-date: /home/capstone/autoware.ai/install/vector_map_msgs/include/vector_map_msgs/DTLane.h
[27.482s] -- Up-to-date: /home/capstone/autoware.ai/install/vector_map_msgs/include/vector_map_msgs/SideStrip.h
[27.482s] -- Up-to-date: /home/capstone/autoware.ai/install/vector_map_msgs/include/vector_map_msgs/DriveOnPortion.h
[27.482s] -- Up-to-date: /home/capstone/autoware.ai/install/vector_map_msgs/include/vector_map_msgs/SignalArray.h
[27.482s] -- Up-to-date: /home/capstone/autoware.ai/install/vector_map_msgs/include/vector_map_msgs/WayArea.h
[27.482s] -- Up-to-date: /home/capstone/autoware.ai/install/vector_map_msgs/include/vector_map_msgs/StreetLight.h
[27.483s] -- Up-to-date: /home/capstone/autoware.ai/install/vector_map_msgs/include/vector_map_msgs/UtilityPole.h
[27.483s] -- Up-to-date: /home/capstone/autoware.ai/install/vector_map_msgs/include/vector_map_msgs/Fence.h
[27.483s] -- Up-to-date: /home/capstone/autoware.ai/install/vector_map_msgs/include/vector_map_msgs/CrossWalkArray.h
[27.483s] -- Up-to-date: /home/capstone/autoware.ai/install/vector_map_msgs/include/vector_map_msgs/RoadMarkArray.h
[27.484s] -- Up-to-date: /home/capstone/autoware.ai/install/vector_map_msgs/include/vector_map_msgs/Line.h
[27.484s] -- Up-to-date: /home/capstone/autoware.ai/install/vector_map_msgs/include/vector_map_msgs/CrossRoad.h
[27.484s] -- Up-to-date: /home/capstone/autoware.ai/install/vector_map_msgs/include/vector_map_msgs/CurveMirror.h
[27.484s] -- Up-to-date: /home/capstone/autoware.ai/install/vector_map_msgs/include/vector_map_msgs/WayAreaArray.h
[27.484s] -- Up-to-date: /home/capstone/autoware.ai/install/vector_map_msgs/include/vector_map_msgs/RoadPoleArray.h
[27.484s] -- Up-to-date: /home/capstone/autoware.ai/install/vector_map_msgs/include/vector_map_msgs/RoadEdgeArray.h
[27.484s] -- Up-to-date: /home/capstone/autoware.ai/install/vector_map_msgs/include/vector_map_msgs/UtilityPoleArray.h
[27.485s] -- Up-to-date: /home/capstone/autoware.ai/install/vector_map_msgs/include/vector_map_msgs/Vector.h
[27.485s] -- Up-to-date: /home/capstone/autoware.ai/install/vector_map_msgs/include/vector_map_msgs/DriveOnPortionArray.h
[27.485s] -- Up-to-date: /home/capstone/autoware.ai/install/vector_map_msgs/include/vector_map_msgs/DTLaneArray.h
[27.485s] -- Up-to-date: /home/capstone/autoware.ai/install/vector_map_msgs/include/vector_map_msgs/RoadMark.h
[27.485s] -- Up-to-date: /home/capstone/autoware.ai/install/vector_map_msgs/include/vector_map_msgs/GuardRailArray.h
[27.485s] -- Up-to-date: /home/capstone/autoware.ai/install/vector_map_msgs/include/vector_map_msgs/StreetLightArray.h
[27.486s] -- Up-to-date: /home/capstone/autoware.ai/install/vector_map_msgs/include/vector_map_msgs/RailCrossing.h
[27.486s] -- Up-to-date: /home/capstone/autoware.ai/install/vector_map_msgs/include/vector_map_msgs/RoadEdge.h
[27.486s] -- Up-to-date: /home/capstone/autoware.ai/install/vector_map_msgs/include/vector_map_msgs/SideWalkArray.h
[27.486s] -- Up-to-date: /home/capstone/autoware.ai/install/vector_map_msgs/include/vector_map_msgs/CurveMirrorArray.h
[27.486s] -- Up-to-date: /home/capstone/autoware.ai/install/vector_map_msgs/include/vector_map_msgs/Signal.h
[27.486s] -- Up-to-date: /home/capstone/autoware.ai/install/vector_map_msgs/include/vector_map_msgs/ZebraZone.h
[27.486s] -- Up-to-date: /home/capstone/autoware.ai/install/vector_map_msgs/include/vector_map_msgs/SideWalk.h
[27.487s] -- Up-to-date: /home/capstone/autoware.ai/install/vector_map_msgs/include/vector_map_msgs/SideStripArray.h
[27.487s] -- Up-to-date: /home/capstone/autoware.ai/install/vector_map_msgs/include/vector_map_msgs/CrossWalk.h
[27.487s] -- Up-to-date: /home/capstone/autoware.ai/install/vector_map_msgs/include/vector_map_msgs/VectorArray.h
[27.487s] -- Up-to-date: /home/capstone/autoware.ai/install/vector_map_msgs/include/vector_map_msgs/PoleArray.h
[27.487s] -- Up-to-date: /home/capstone/autoware.ai/install/vector_map_msgs/include/vector_map_msgs/Lane.h
[27.487s] -- Up-to-date: /home/capstone/autoware.ai/install/vector_map_msgs/include/vector_map_msgs/LineArray.h
[27.488s] -- Up-to-date: /home/capstone/autoware.ai/install/vector_map_msgs/include/vector_map_msgs/CurbArray.h
[27.488s] -- Up-to-date: /home/capstone/autoware.ai/install/vector_map_msgs/include/vector_map_msgs/WhiteLineArray.h
[27.488s] -- Up-to-date: /home/capstone/autoware.ai/install/vector_map_msgs/include/vector_map_msgs/Box.h
[27.488s] -- Up-to-date: /home/capstone/autoware.ai/install/vector_map_msgs/include/vector_map_msgs/FenceArray.h
[27.488s] -- Up-to-date: /home/capstone/autoware.ai/install/vector_map_msgs/include/vector_map_msgs/Gutter.h
[27.488s] -- Up-to-date: /home/capstone/autoware.ai/install/vector_map_msgs/include/vector_map_msgs/Curb.h
[27.488s] -- Up-to-date: /home/capstone/autoware.ai/install/vector_map_msgs/include/vector_map_msgs/RoadSign.h
[27.489s] -- Up-to-date: /home/capstone/autoware.ai/install/vector_map_msgs/include/vector_map_msgs/BoxArray.h
[27.489s] -- Up-to-date: /home/capstone/autoware.ai/install/vector_map_msgs/include/vector_map_msgs/LaneArray.h
[27.489s] -- Up-to-date: /home/capstone/autoware.ai/install/vector_map_msgs/include/vector_map_msgs/Wall.h
[27.489s] -- Up-to-date: /home/capstone/autoware.ai/install/vector_map_msgs/include/vector_map_msgs/StopLineArray.h
[27.489s] -- Up-to-date: /home/capstone/autoware.ai/install/vector_map_msgs/include/vector_map_msgs/NodeArray.h
[27.489s] -- Up-to-date: /home/capstone/autoware.ai/install/vector_map_msgs/include/vector_map_msgs/Pole.h
[27.490s] -- Up-to-date: /home/capstone/autoware.ai/install/vector_map_msgs/include/vector_map_msgs/RoadSignArray.h
[27.490s] -- Up-to-date: /home/capstone/autoware.ai/install/vector_map_msgs/include/vector_map_msgs/WallArray.h
[27.490s] -- Up-to-date: /home/capstone/autoware.ai/install/vector_map_msgs/include/vector_map_msgs/Area.h
[27.490s] -- Up-to-date: /home/capstone/autoware.ai/install/vector_map_msgs/share/roseus/ros/vector_map_msgs
[27.490s] -- Up-to-date: /home/capstone/autoware.ai/install/vector_map_msgs/share/roseus/ros/vector_map_msgs/manifest.l
[27.490s] -- Up-to-date: /home/capstone/autoware.ai/install/vector_map_msgs/share/roseus/ros/vector_map_msgs/msg
[27.490s] -- Up-to-date: /home/capstone/autoware.ai/install/vector_map_msgs/share/roseus/ros/vector_map_msgs/msg/CurbArray.l
[27.491s] -- Up-to-date: /home/capstone/autoware.ai/install/vector_map_msgs/share/roseus/ros/vector_map_msgs/msg/AreaArray.l
[27.491s] -- Up-to-date: /home/capstone/autoware.ai/install/vector_map_msgs/share/roseus/ros/vector_map_msgs/msg/Signal.l
[27.491s] -- Up-to-date: /home/capstone/autoware.ai/install/vector_map_msgs/share/roseus/ros/vector_map_msgs/msg/StreetLightArray.l
[27.491s] -- Up-to-date: /home/capstone/autoware.ai/install/vector_map_msgs/share/roseus/ros/vector_map_msgs/msg/RoadPoleArray.l
[27.491s] -- Up-to-date: /home/capstone/autoware.ai/install/vector_map_msgs/share/roseus/ros/vector_map_msgs/msg/CurveMirrorArray.l
[27.491s] -- Up-to-date: /home/capstone/autoware.ai/install/vector_map_msgs/share/roseus/ros/vector_map_msgs/msg/NodeArray.l
[27.492s] -- Up-to-date: /home/capstone/autoware.ai/install/vector_map_msgs/share/roseus/ros/vector_map_msgs/msg/WhiteLine.l
[27.492s] -- Up-to-date: /home/capstone/autoware.ai/install/vector_map_msgs/share/roseus/ros/vector_map_msgs/msg/Line.l
[27.492s] -- Up-to-date: /home/capstone/autoware.ai/install/vector_map_msgs/share/roseus/ros/vector_map_msgs/msg/StreetLight.l
[27.492s] -- Up-to-date: /home/capstone/autoware.ai/install/vector_map_msgs/share/roseus/ros/vector_map_msgs/msg/Area.l
[27.492s] -- Up-to-date: /home/capstone/autoware.ai/install/vector_map_msgs/share/roseus/ros/vector_map_msgs/msg/DriveOnPortion.l
[27.493s] -- Up-to-date: /home/capstone/autoware.ai/install/vector_map_msgs/share/roseus/ros/vector_map_msgs/msg/Point.l
[27.493s] -- Up-to-date: /home/capstone/autoware.ai/install/vector_map_msgs/share/roseus/ros/vector_map_msgs/msg/ZebraZone.l
[27.493s] -- Up-to-date: /home/capstone/autoware.ai/install/vector_map_msgs/share/roseus/ros/vector_map_msgs/msg/CurveMirror.l
[27.493s] -- Up-to-date: /home/capstone/autoware.ai/install/vector_map_msgs/share/roseus/ros/vector_map_msgs/msg/FenceArray.l
[27.493s] -- Up-to-date: /home/capstone/autoware.ai/install/vector_map_msgs/share/roseus/ros/vector_map_msgs/msg/CrossWalkArray.l
[27.493s] -- Up-to-date: /home/capstone/autoware.ai/install/vector_map_msgs/share/roseus/ros/vector_map_msgs/msg/StopLineArray.l
[27.493s] -- Up-to-date: /home/capstone/autoware.ai/install/vector_map_msgs/share/roseus/ros/vector_map_msgs/msg/WallArray.l
[27.494s] -- Up-to-date: /home/capstone/autoware.ai/install/vector_map_msgs/share/roseus/ros/vector_map_msgs/msg/GuardRail.l
[27.494s] -- Up-to-date: /home/capstone/autoware.ai/install/vector_map_msgs/share/roseus/ros/vector_map_msgs/msg/WayArea.l
[27.494s] -- Up-to-date: /home/capstone/autoware.ai/install/vector_map_msgs/share/roseus/ros/vector_map_msgs/msg/LaneArray.l
[27.494s] -- Up-to-date: /home/capstone/autoware.ai/install/vector_map_msgs/share/roseus/ros/vector_map_msgs/msg/Box.l
[27.494s] -- Up-to-date: /home/capstone/autoware.ai/install/vector_map_msgs/share/roseus/ros/vector_map_msgs/msg/Wall.l
[27.494s] -- Up-to-date: /home/capstone/autoware.ai/install/vector_map_msgs/share/roseus/ros/vector_map_msgs/msg/VectorArray.l
[27.495s] -- Up-to-date: /home/capstone/autoware.ai/install/vector_map_msgs/share/roseus/ros/vector_map_msgs/msg/CrossRoadArray.l
[27.495s] -- Up-to-date: /home/capstone/autoware.ai/install/vector_map_msgs/share/roseus/ros/vector_map_msgs/msg/WhiteLineArray.l
[27.495s] -- Up-to-date: /home/capstone/autoware.ai/install/vector_map_msgs/share/roseus/ros/vector_map_msgs/msg/StopLine.l
[27.495s] -- Up-to-date: /home/capstone/autoware.ai/install/vector_map_msgs/share/roseus/ros/vector_map_msgs/msg/Curb.l
[27.495s] -- Up-to-date: /home/capstone/autoware.ai/install/vector_map_msgs/share/roseus/ros/vector_map_msgs/msg/Gutter.l
[27.495s] -- Up-to-date: /home/capstone/autoware.ai/install/vector_map_msgs/share/roseus/ros/vector_map_msgs/msg/RailCrossing.l
[27.495s] -- Up-to-date: /home/capstone/autoware.ai/install/vector_map_msgs/share/roseus/ros/vector_map_msgs/msg/RoadMark.l
[27.496s] -- Up-to-date: /home/capstone/autoware.ai/install/vector_map_msgs/share/roseus/ros/vector_map_msgs/msg/RailCrossingArray.l
[27.496s] -- Up-to-date: /home/capstone/autoware.ai/install/vector_map_msgs/share/roseus/ros/vector_map_msgs/msg/RoadPole.l
[27.496s] -- Up-to-date: /home/capstone/autoware.ai/install/vector_map_msgs/share/roseus/ros/vector_map_msgs/msg/PointArray.l
[27.496s] -- Up-to-date: /home/capstone/autoware.ai/install/vector_map_msgs/share/roseus/ros/vector_map_msgs/msg/Lane.l
[27.496s] -- Up-to-date: /home/capstone/autoware.ai/install/vector_map_msgs/share/roseus/ros/vector_map_msgs/msg/RoadEdge.l
[27.496s] -- Up-to-date: /home/capstone/autoware.ai/install/vector_map_msgs/share/roseus/ros/vector_map_msgs/msg/DTLane.l
[27.496s] -- Up-to-date: /home/capstone/autoware.ai/install/vector_map_msgs/share/roseus/ros/vector_map_msgs/msg/SignalArray.l
[27.497s] -- Up-to-date: /home/capstone/autoware.ai/install/vector_map_msgs/share/roseus/ros/vector_map_msgs/msg/DTLaneArray.l
[27.497s] -- Up-to-date: /home/capstone/autoware.ai/install/vector_map_msgs/share/roseus/ros/vector_map_msgs/msg/PoleArray.l
[27.497s] -- Up-to-date: /home/capstone/autoware.ai/install/vector_map_msgs/share/roseus/ros/vector_map_msgs/msg/UtilityPole.l
[27.497s] -- Up-to-date: /home/capstone/autoware.ai/install/vector_map_msgs/share/roseus/ros/vector_map_msgs/msg/Vector.l
[27.497s] -- Up-to-date: /home/capstone/autoware.ai/install/vector_map_msgs/share/roseus/ros/vector_map_msgs/msg/SideStripArray.l
[27.497s] -- Up-to-date: /home/capstone/autoware.ai/install/vector_map_msgs/share/roseus/ros/vector_map_msgs/msg/BoxArray.l
[27.498s] -- Up-to-date: /home/capstone/autoware.ai/install/vector_map_msgs/share/roseus/ros/vector_map_msgs/msg/RoadSign.l
[27.498s] -- Up-to-date: /home/capstone/autoware.ai/install/vector_map_msgs/share/roseus/ros/vector_map_msgs/msg/GutterArray.l
[27.498s] -- Up-to-date: /home/capstone/autoware.ai/install/vector_map_msgs/share/roseus/ros/vector_map_msgs/msg/CrossRoad.l
[27.498s] -- Up-to-date: /home/capstone/autoware.ai/install/vector_map_msgs/share/roseus/ros/vector_map_msgs/msg/WayAreaArray.l
[27.498s] -- Up-to-date: /home/capstone/autoware.ai/install/vector_map_msgs/share/roseus/ros/vector_map_msgs/msg/RoadSignArray.l
[27.498s] -- Up-to-date: /home/capstone/autoware.ai/install/vector_map_msgs/share/roseus/ros/vector_map_msgs/msg/GuardRailArray.l
[27.498s] -- Up-to-date: /home/capstone/autoware.ai/install/vector_map_msgs/share/roseus/ros/vector_map_msgs/msg/SideWalk.l
[27.499s] -- Up-to-date: /home/capstone/autoware.ai/install/vector_map_msgs/share/roseus/ros/vector_map_msgs/msg/Fence.l
[27.499s] -- Up-to-date: /home/capstone/autoware.ai/install/vector_map_msgs/share/roseus/ros/vector_map_msgs/msg/SideWalkArray.l
[27.499s] -- Up-to-date: /home/capstone/autoware.ai/install/vector_map_msgs/share/roseus/ros/vector_map_msgs/msg/RoadEdgeArray.l
[27.499s] -- Up-to-date: /home/capstone/autoware.ai/install/vector_map_msgs/share/roseus/ros/vector_map_msgs/msg/Node.l
[27.499s] -- Up-to-date: /home/capstone/autoware.ai/install/vector_map_msgs/share/roseus/ros/vector_map_msgs/msg/ZebraZoneArray.l
[27.499s] -- Up-to-date: /home/capstone/autoware.ai/install/vector_map_msgs/share/roseus/ros/vector_map_msgs/msg/UtilityPoleArray.l
[27.499s] -- Up-to-date: /home/capstone/autoware.ai/install/vector_map_msgs/share/roseus/ros/vector_map_msgs/msg/LineArray.l
[27.500s] -- Up-to-date: /home/capstone/autoware.ai/install/vector_map_msgs/share/roseus/ros/vector_map_msgs/msg/Pole.l
[27.500s] -- Up-to-date: /home/capstone/autoware.ai/install/vector_map_msgs/share/roseus/ros/vector_map_msgs/msg/SideStrip.l
[27.500s] -- Up-to-date: /home/capstone/autoware.ai/install/vector_map_msgs/share/roseus/ros/vector_map_msgs/msg/RoadMarkArray.l
[27.500s] -- Up-to-date: /home/capstone/autoware.ai/install/vector_map_msgs/share/roseus/ros/vector_map_msgs/msg/DriveOnPortionArray.l
[27.500s] -- Up-to-date: /home/capstone/autoware.ai/install/vector_map_msgs/share/roseus/ros/vector_map_msgs/msg/CrossWalk.l
[27.500s] -- Up-to-date: /home/capstone/autoware.ai/install/vector_map_msgs/share/common-lisp/ros/vector_map_msgs
[27.500s] -- Up-to-date: /home/capstone/autoware.ai/install/vector_map_msgs/share/common-lisp/ros/vector_map_msgs/msg
[27.501s] -- Up-to-date: /home/capstone/autoware.ai/install/vector_map_msgs/share/common-lisp/ros/vector_map_msgs/msg/SideWalkArray.lisp
[27.501s] -- Up-to-date: /home/capstone/autoware.ai/install/vector_map_msgs/share/common-lisp/ros/vector_map_msgs/msg/AreaArray.lisp
[27.501s] -- Up-to-date: /home/capstone/autoware.ai/install/vector_map_msgs/share/common-lisp/ros/vector_map_msgs/msg/_package_RoadMarkArray.lisp
[27.501s] -- Up-to-date: /home/capstone/autoware.ai/install/vector_map_msgs/share/common-lisp/ros/vector_map_msgs/msg/Line.lisp
[27.501s] -- Up-to-date: /home/capstone/autoware.ai/install/vector_map_msgs/share/common-lisp/ros/vector_map_msgs/msg/_package_Box.lisp
[27.501s] -- Up-to-date: /home/capstone/autoware.ai/install/vector_map_msgs/share/common-lisp/ros/vector_map_msgs/msg/_package_RoadSign.lisp
[27.502s] -- Up-to-date: /home/capstone/autoware.ai/install/vector_map_msgs/share/common-lisp/ros/vector_map_msgs/msg/_package_CrossWalk.lisp
[27.502s] -- Up-to-date: /home/capstone/autoware.ai/install/vector_map_msgs/share/common-lisp/ros/vector_map_msgs/msg/CrossWalk.lisp
[27.502s] -- Up-to-date: /home/capstone/autoware.ai/install/vector_map_msgs/share/common-lisp/ros/vector_map_msgs/msg/StopLine.lisp
[27.502s] -- Up-to-date: /home/capstone/autoware.ai/install/vector_map_msgs/share/common-lisp/ros/vector_map_msgs/msg/UtilityPole.lisp
[27.502s] -- Up-to-date: /home/capstone/autoware.ai/install/vector_map_msgs/share/common-lisp/ros/vector_map_msgs/msg/PoleArray.lisp
[27.502s] -- Up-to-date: /home/capstone/autoware.ai/install/vector_map_msgs/share/common-lisp/ros/vector_map_msgs/msg/_package_DTLane.lisp
[27.502s] -- Up-to-date: /home/capstone/autoware.ai/install/vector_map_msgs/share/common-lisp/ros/vector_map_msgs/msg/RoadEdge.lisp
[27.503s] -- Up-to-date: /home/capstone/autoware.ai/install/vector_map_msgs/share/common-lisp/ros/vector_map_msgs/msg/CrossRoadArray.lisp
[27.503s] -- Up-to-date: /home/capstone/autoware.ai/install/vector_map_msgs/share/common-lisp/ros/vector_map_msgs/msg/Box.lisp
[27.503s] -- Up-to-date: /home/capstone/autoware.ai/install/vector_map_msgs/share/common-lisp/ros/vector_map_msgs/msg/_package_RoadPole.lisp
[27.503s] -- Up-to-date: /home/capstone/autoware.ai/install/vector_map_msgs/share/common-lisp/ros/vector_map_msgs/msg/_package_DriveOnPortionArray.lisp
[27.503s] -- Up-to-date: /home/capstone/autoware.ai/install/vector_map_msgs/share/common-lisp/ros/vector_map_msgs/msg/_package_GuardRail.lisp
[27.504s] -- Up-to-date: /home/capstone/autoware.ai/install/vector_map_msgs/share/common-lisp/ros/vector_map_msgs/msg/_package_Gutter.lisp
[27.504s] -- Up-to-date: /home/capstone/autoware.ai/install/vector_map_msgs/share/common-lisp/ros/vector_map_msgs/msg/Curb.lisp
[27.504s] -- Up-to-date: /home/capstone/autoware.ai/install/vector_map_msgs/share/common-lisp/ros/vector_map_msgs/msg/_package_SideWalkArray.lisp
[27.504s] -- Up-to-date: /home/capstone/autoware.ai/install/vector_map_msgs/share/common-lisp/ros/vector_map_msgs/msg/SideStrip.lisp
[27.504s] -- Up-to-date: /home/capstone/autoware.ai/install/vector_map_msgs/share/common-lisp/ros/vector_map_msgs/msg/_package_RailCrossing.lisp
[27.504s] -- Up-to-date: /home/capstone/autoware.ai/install/vector_map_msgs/share/common-lisp/ros/vector_map_msgs/msg/Pole.lisp
[27.505s] -- Up-to-date: /home/capstone/autoware.ai/install/vector_map_msgs/share/common-lisp/ros/vector_map_msgs/msg/RoadPole.lisp
[27.505s] -- Up-to-date: /home/capstone/autoware.ai/install/vector_map_msgs/share/common-lisp/ros/vector_map_msgs/msg/RailCrossingArray.lisp
[27.505s] -- Up-to-date: /home/capstone/autoware.ai/install/vector_map_msgs/share/common-lisp/ros/vector_map_msgs/msg/Lane.lisp
[27.505s] -- Up-to-date: /home/capstone/autoware.ai/install/vector_map_msgs/share/common-lisp/ros/vector_map_msgs/msg/WayArea.lisp
[27.505s] -- Up-to-date: /home/capstone/autoware.ai/install/vector_map_msgs/share/common-lisp/ros/vector_map_msgs/msg/_package_GutterArray.lisp
[27.505s] -- Up-to-date: /home/capstone/autoware.ai/install/vector_map_msgs/share/common-lisp/ros/vector_map_msgs/msg/ZebraZone.lisp
[27.505s] -- Up-to-date: /home/capstone/autoware.ai/install/vector_map_msgs/share/common-lisp/ros/vector_map_msgs/msg/ZebraZoneArray.lisp
[27.506s] -- Up-to-date: /home/capstone/autoware.ai/install/vector_map_msgs/share/common-lisp/ros/vector_map_msgs/msg/FenceArray.lisp
[27.506s] -- Up-to-date: /home/capstone/autoware.ai/install/vector_map_msgs/share/common-lisp/ros/vector_map_msgs/msg/BoxArray.lisp
[27.506s] -- Up-to-date: /home/capstone/autoware.ai/install/vector_map_msgs/share/common-lisp/ros/vector_map_msgs/msg/_package_GuardRailArray.lisp
[27.506s] -- Up-to-date: /home/capstone/autoware.ai/install/vector_map_msgs/share/common-lisp/ros/vector_map_msgs/msg/Area.lisp
[27.506s] -- Up-to-date: /home/capstone/autoware.ai/install/vector_map_msgs/share/common-lisp/ros/vector_map_msgs/msg/_package_StopLine.lisp
[27.507s] -- Up-to-date: /home/capstone/autoware.ai/install/vector_map_msgs/share/common-lisp/ros/vector_map_msgs/msg/RailCrossing.lisp
[27.507s] -- Up-to-date: /home/capstone/autoware.ai/install/vector_map_msgs/share/common-lisp/ros/vector_map_msgs/msg/StopLineArray.lisp
[27.507s] -- Up-to-date: /home/capstone/autoware.ai/install/vector_map_msgs/share/common-lisp/ros/vector_map_msgs/msg/_package_RoadEdgeArray.lisp
[27.507s] -- Up-to-date: /home/capstone/autoware.ai/install/vector_map_msgs/share/common-lisp/ros/vector_map_msgs/msg/_package_CurbArray.lisp
[27.507s] -- Up-to-date: /home/capstone/autoware.ai/install/vector_map_msgs/share/common-lisp/ros/vector_map_msgs/msg/_package_RoadMark.lisp
[27.507s] -- Up-to-date: /home/capstone/autoware.ai/install/vector_map_msgs/share/common-lisp/ros/vector_map_msgs/msg/_package_Vector.lisp
[27.508s] -- Up-to-date: /home/capstone/autoware.ai/install/vector_map_msgs/share/common-lisp/ros/vector_map_msgs/msg/_package_CrossRoadArray.lisp
[27.508s] -- Up-to-date: /home/capstone/autoware.ai/install/vector_map_msgs/share/common-lisp/ros/vector_map_msgs/msg/CurveMirrorArray.lisp
[27.508s] -- Up-to-date: /home/capstone/autoware.ai/install/vector_map_msgs/share/common-lisp/ros/vector_map_msgs/msg/_package_VectorArray.lisp
[27.508s] -- Up-to-date: /home/capstone/autoware.ai/install/vector_map_msgs/share/common-lisp/ros/vector_map_msgs/msg/_package_Line.lisp
[27.508s] -- Up-to-date: /home/capstone/autoware.ai/install/vector_map_msgs/share/common-lisp/ros/vector_map_msgs/msg/_package_LineArray.lisp
[27.508s] -- Up-to-date: /home/capstone/autoware.ai/install/vector_map_msgs/share/common-lisp/ros/vector_map_msgs/msg/Node.lisp
[27.508s] -- Up-to-date: /home/capstone/autoware.ai/install/vector_map_msgs/share/common-lisp/ros/vector_map_msgs/msg/_package_StreetLightArray.lisp
[27.509s] -- Up-to-date: /home/capstone/autoware.ai/install/vector_map_msgs/share/common-lisp/ros/vector_map_msgs/msg/_package_CrossWalkArray.lisp
[27.509s] -- Up-to-date: /home/capstone/autoware.ai/install/vector_map_msgs/share/common-lisp/ros/vector_map_msgs/msg/_package_AreaArray.lisp
[27.509s] -- Up-to-date: /home/capstone/autoware.ai/install/vector_map_msgs/share/common-lisp/ros/vector_map_msgs/msg/_package_CurveMirror.lisp
[27.509s] -- Up-to-date: /home/capstone/autoware.ai/install/vector_map_msgs/share/common-lisp/ros/vector_map_msgs/msg/_package_WayAreaArray.lisp
[27.509s] -- Up-to-date: /home/capstone/autoware.ai/install/vector_map_msgs/share/common-lisp/ros/vector_map_msgs/msg/_package_Curb.lisp
[27.509s] -- Up-to-date: /home/capstone/autoware.ai/install/vector_map_msgs/share/common-lisp/ros/vector_map_msgs/msg/Signal.lisp
[27.510s] -- Up-to-date: /home/capstone/autoware.ai/install/vector_map_msgs/share/common-lisp/ros/vector_map_msgs/msg/_package_SideStrip.lisp
[27.510s] -- Up-to-date: /home/capstone/autoware.ai/install/vector_map_msgs/share/common-lisp/ros/vector_map_msgs/msg/_package_RailCrossingArray.lisp
[27.510s] -- Up-to-date: /home/capstone/autoware.ai/install/vector_map_msgs/share/common-lisp/ros/vector_map_msgs/msg/SideWalk.lisp
[27.510s] -- Up-to-date: /home/capstone/autoware.ai/install/vector_map_msgs/share/common-lisp/ros/vector_map_msgs/msg/RoadMark.lisp
[27.510s] -- Up-to-date: /home/capstone/autoware.ai/install/vector_map_msgs/share/common-lisp/ros/vector_map_msgs/msg/vector_map_msgs-msg.asd
[27.510s] -- Up-to-date: /home/capstone/autoware.ai/install/vector_map_msgs/share/common-lisp/ros/vector_map_msgs/msg/RoadSign.lisp
[27.510s] -- Up-to-date: /home/capstone/autoware.ai/install/vector_map_msgs/share/common-lisp/ros/vector_map_msgs/msg/PointArray.lisp
[27.511s] -- Up-to-date: /home/capstone/autoware.ai/install/vector_map_msgs/share/common-lisp/ros/vector_map_msgs/msg/CurbArray.lisp
[27.511s] -- Up-to-date: /home/capstone/autoware.ai/install/vector_map_msgs/share/common-lisp/ros/vector_map_msgs/msg/_package.lisp
[27.511s] -- Up-to-date: /home/capstone/autoware.ai/install/vector_map_msgs/share/common-lisp/ros/vector_map_msgs/msg/_package_DriveOnPortion.lisp
[27.511s] -- Up-to-date: /home/capstone/autoware.ai/install/vector_map_msgs/share/common-lisp/ros/vector_map_msgs/msg/_package_UtilityPoleArray.lisp
[27.511s] -- Up-to-date: /home/capstone/autoware.ai/install/vector_map_msgs/share/common-lisp/ros/vector_map_msgs/msg/_package_CurveMirrorArray.lisp
[27.511s] -- Up-to-date: /home/capstone/autoware.ai/install/vector_map_msgs/share/common-lisp/ros/vector_map_msgs/msg/_package_PointArray.lisp
[27.511s] -- Up-to-date: /home/capstone/autoware.ai/install/vector_map_msgs/share/common-lisp/ros/vector_map_msgs/msg/_package_PoleArray.lisp
[27.512s] -- Up-to-date: /home/capstone/autoware.ai/install/vector_map_msgs/share/common-lisp/ros/vector_map_msgs/msg/_package_DTLaneArray.lisp
[27.512s] -- Up-to-date: /home/capstone/autoware.ai/install/vector_map_msgs/share/common-lisp/ros/vector_map_msgs/msg/SideStripArray.lisp
[27.512s] -- Up-to-date: /home/capstone/autoware.ai/install/vector_map_msgs/share/common-lisp/ros/vector_map_msgs/msg/_package_WayArea.lisp
[27.512s] -- Up-to-date: /home/capstone/autoware.ai/install/vector_map_msgs/share/common-lisp/ros/vector_map_msgs/msg/GuardRailArray.lisp
[27.512s] -- Up-to-date: /home/capstone/autoware.ai/install/vector_map_msgs/share/common-lisp/ros/vector_map_msgs/msg/_package_Fence.lisp
[27.512s] -- Up-to-date: /home/capstone/autoware.ai/install/vector_map_msgs/share/common-lisp/ros/vector_map_msgs/msg/_package_RoadPoleArray.lisp
[27.513s] -- Up-to-date: /home/capstone/autoware.ai/install/vector_map_msgs/share/common-lisp/ros/vector_map_msgs/msg/Fence.lisp
[27.513s] -- Up-to-date: /home/capstone/autoware.ai/install/vector_map_msgs/share/common-lisp/ros/vector_map_msgs/msg/_package_CrossRoad.lisp
[27.513s] -- Up-to-date: /home/capstone/autoware.ai/install/vector_map_msgs/share/common-lisp/ros/vector_map_msgs/msg/CrossWalkArray.lisp
[27.513s] -- Up-to-date: /home/capstone/autoware.ai/install/vector_map_msgs/share/common-lisp/ros/vector_map_msgs/msg/DTLane.lisp
[27.513s] -- Up-to-date: /home/capstone/autoware.ai/install/vector_map_msgs/share/common-lisp/ros/vector_map_msgs/msg/_package_Node.lisp
[27.514s] -- Up-to-date: /home/capstone/autoware.ai/install/vector_map_msgs/share/common-lisp/ros/vector_map_msgs/msg/_package_UtilityPole.lisp
[27.514s] -- Up-to-date: /home/capstone/autoware.ai/install/vector_map_msgs/share/common-lisp/ros/vector_map_msgs/msg/_package_Signal.lisp
[27.514s] -- Up-to-date: /home/capstone/autoware.ai/install/vector_map_msgs/share/common-lisp/ros/vector_map_msgs/msg/_package_Lane.lisp
[27.514s] -- Up-to-date: /home/capstone/autoware.ai/install/vector_map_msgs/share/common-lisp/ros/vector_map_msgs/msg/_package_Pole.lisp
[27.514s] -- Up-to-date: /home/capstone/autoware.ai/install/vector_map_msgs/share/common-lisp/ros/vector_map_msgs/msg/CurveMirror.lisp
[27.514s] -- Up-to-date: /home/capstone/autoware.ai/install/vector_map_msgs/share/common-lisp/ros/vector_map_msgs/msg/GuardRail.lisp
[27.514s] -- Up-to-date: /home/capstone/autoware.ai/install/vector_map_msgs/share/common-lisp/ros/vector_map_msgs/msg/RoadEdgeArray.lisp
[27.515s] -- Up-to-date: /home/capstone/autoware.ai/install/vector_map_msgs/share/common-lisp/ros/vector_map_msgs/msg/_package_ZebraZoneArray.lisp
[27.515s] -- Up-to-date: /home/capstone/autoware.ai/install/vector_map_msgs/share/common-lisp/ros/vector_map_msgs/msg/_package_Area.lisp
[27.515s] -- Up-to-date: /home/capstone/autoware.ai/install/vector_map_msgs/share/common-lisp/ros/vector_map_msgs/msg/_package_RoadSignArray.lisp
[27.515s] -- Up-to-date: /home/capstone/autoware.ai/install/vector_map_msgs/share/common-lisp/ros/vector_map_msgs/msg/DriveOnPortion.lisp
[27.515s] -- Up-to-date: /home/capstone/autoware.ai/install/vector_map_msgs/share/common-lisp/ros/vector_map_msgs/msg/WhiteLineArray.lisp
[27.515s] -- Up-to-date: /home/capstone/autoware.ai/install/vector_map_msgs/share/common-lisp/ros/vector_map_msgs/msg/Vector.lisp
[27.515s] -- Up-to-date: /home/capstone/autoware.ai/install/vector_map_msgs/share/common-lisp/ros/vector_map_msgs/msg/RoadMarkArray.lisp
[27.516s] -- Up-to-date: /home/capstone/autoware.ai/install/vector_map_msgs/share/common-lisp/ros/vector_map_msgs/msg/_package_RoadEdge.lisp
[27.516s] -- Up-to-date: /home/capstone/autoware.ai/install/vector_map_msgs/share/common-lisp/ros/vector_map_msgs/msg/VectorArray.lisp
[27.516s] -- Up-to-date: /home/capstone/autoware.ai/install/vector_map_msgs/share/common-lisp/ros/vector_map_msgs/msg/StreetLightArray.lisp
[27.516s] -- Up-to-date: /home/capstone/autoware.ai/install/vector_map_msgs/share/common-lisp/ros/vector_map_msgs/msg/GutterArray.lisp
[27.516s] -- Up-to-date: /home/capstone/autoware.ai/install/vector_map_msgs/share/common-lisp/ros/vector_map_msgs/msg/_package_WhiteLine.lisp
[27.516s] -- Up-to-date: /home/capstone/autoware.ai/install/vector_map_msgs/share/common-lisp/ros/vector_map_msgs/msg/RoadSignArray.lisp
[27.517s] -- Up-to-date: /home/capstone/autoware.ai/install/vector_map_msgs/share/common-lisp/ros/vector_map_msgs/msg/SignalArray.lisp
[27.517s] -- Up-to-date: /home/capstone/autoware.ai/install/vector_map_msgs/share/common-lisp/ros/vector_map_msgs/msg/Wall.lisp
[27.517s] -- Up-to-date: /home/capstone/autoware.ai/install/vector_map_msgs/share/common-lisp/ros/vector_map_msgs/msg/WhiteLine.lisp
[27.517s] -- Up-to-date: /home/capstone/autoware.ai/install/vector_map_msgs/share/common-lisp/ros/vector_map_msgs/msg/_package_FenceArray.lisp
[27.517s] -- Up-to-date: /home/capstone/autoware.ai/install/vector_map_msgs/share/common-lisp/ros/vector_map_msgs/msg/CrossRoad.lisp
[27.517s] -- Up-to-date: /home/capstone/autoware.ai/install/vector_map_msgs/share/common-lisp/ros/vector_map_msgs/msg/StreetLight.lisp
[27.517s] -- Up-to-date: /home/capstone/autoware.ai/install/vector_map_msgs/share/common-lisp/ros/vector_map_msgs/msg/_package_SideStripArray.lisp
[27.518s] -- Up-to-date: /home/capstone/autoware.ai/install/vector_map_msgs/share/common-lisp/ros/vector_map_msgs/msg/_package_WallArray.lisp
[27.518s] -- Up-to-date: /home/capstone/autoware.ai/install/vector_map_msgs/share/common-lisp/ros/vector_map_msgs/msg/_package_SignalArray.lisp
[27.518s] -- Up-to-date: /home/capstone/autoware.ai/install/vector_map_msgs/share/common-lisp/ros/vector_map_msgs/msg/DTLaneArray.lisp
[27.518s] -- Up-to-date: /home/capstone/autoware.ai/install/vector_map_msgs/share/common-lisp/ros/vector_map_msgs/msg/DriveOnPortionArray.lisp
[27.518s] -- Up-to-date: /home/capstone/autoware.ai/install/vector_map_msgs/share/common-lisp/ros/vector_map_msgs/msg/_package_NodeArray.lisp
[27.518s] -- Up-to-date: /home/capstone/autoware.ai/install/vector_map_msgs/share/common-lisp/ros/vector_map_msgs/msg/_package_StreetLight.lisp
[27.519s] -- Up-to-date: /home/capstone/autoware.ai/install/vector_map_msgs/share/common-lisp/ros/vector_map_msgs/msg/_package_BoxArray.lisp
[27.519s] -- Up-to-date: /home/capstone/autoware.ai/install/vector_map_msgs/share/common-lisp/ros/vector_map_msgs/msg/_package_Point.lisp
[27.519s] -- Up-to-date: /home/capstone/autoware.ai/install/vector_map_msgs/share/common-lisp/ros/vector_map_msgs/msg/_package_WhiteLineArray.lisp
[27.519s] -- Up-to-date: /home/capstone/autoware.ai/install/vector_map_msgs/share/common-lisp/ros/vector_map_msgs/msg/_package_Wall.lisp
[27.519s] -- Up-to-date: /home/capstone/autoware.ai/install/vector_map_msgs/share/common-lisp/ros/vector_map_msgs/msg/_package_SideWalk.lisp
[27.519s] -- Up-to-date: /home/capstone/autoware.ai/install/vector_map_msgs/share/common-lisp/ros/vector_map_msgs/msg/_package_LaneArray.lisp
[27.519s] -- Up-to-date: /home/capstone/autoware.ai/install/vector_map_msgs/share/common-lisp/ros/vector_map_msgs/msg/UtilityPoleArray.lisp
[27.520s] -- Up-to-date: /home/capstone/autoware.ai/install/vector_map_msgs/share/common-lisp/ros/vector_map_msgs/msg/LineArray.lisp
[27.520s] -- Up-to-date: /home/capstone/autoware.ai/install/vector_map_msgs/share/common-lisp/ros/vector_map_msgs/msg/NodeArray.lisp
[27.520s] -- Up-to-date: /home/capstone/autoware.ai/install/vector_map_msgs/share/common-lisp/ros/vector_map_msgs/msg/WallArray.lisp
[27.520s] -- Up-to-date: /home/capstone/autoware.ai/install/vector_map_msgs/share/common-lisp/ros/vector_map_msgs/msg/LaneArray.lisp
[27.520s] -- Up-to-date: /home/capstone/autoware.ai/install/vector_map_msgs/share/common-lisp/ros/vector_map_msgs/msg/Point.lisp
[27.520s] -- Up-to-date: /home/capstone/autoware.ai/install/vector_map_msgs/share/common-lisp/ros/vector_map_msgs/msg/Gutter.lisp
[27.521s] -- Up-to-date: /home/capstone/autoware.ai/install/vector_map_msgs/share/common-lisp/ros/vector_map_msgs/msg/RoadPoleArray.lisp
[27.521s] -- Up-to-date: /home/capstone/autoware.ai/install/vector_map_msgs/share/common-lisp/ros/vector_map_msgs/msg/_package_StopLineArray.lisp
[27.521s] -- Up-to-date: /home/capstone/autoware.ai/install/vector_map_msgs/share/common-lisp/ros/vector_map_msgs/msg/WayAreaArray.lisp
[27.521s] -- Up-to-date: /home/capstone/autoware.ai/install/vector_map_msgs/share/common-lisp/ros/vector_map_msgs/msg/_package_ZebraZone.lisp
[27.521s] -- Up-to-date: /home/capstone/autoware.ai/install/vector_map_msgs/share/gennodejs/ros/vector_map_msgs
[27.522s] -- Up-to-date: /home/capstone/autoware.ai/install/vector_map_msgs/share/gennodejs/ros/vector_map_msgs/_index.js
[27.522s] -- Up-to-date: /home/capstone/autoware.ai/install/vector_map_msgs/share/gennodejs/ros/vector_map_msgs/msg
[27.522s] -- Up-to-date: /home/capstone/autoware.ai/install/vector_map_msgs/share/gennodejs/ros/vector_map_msgs/msg/RoadSignArray.js
[27.522s] -- Up-to-date: /home/capstone/autoware.ai/install/vector_map_msgs/share/gennodejs/ros/vector_map_msgs/msg/GuardRailArray.js
[27.522s] -- Up-to-date: /home/capstone/autoware.ai/install/vector_map_msgs/share/gennodejs/ros/vector_map_msgs/msg/Gutter.js
[27.522s] -- Up-to-date: /home/capstone/autoware.ai/install/vector_map_msgs/share/gennodejs/ros/vector_map_msgs/msg/Curb.js
[27.522s] -- Up-to-date: /home/capstone/autoware.ai/install/vector_map_msgs/share/gennodejs/ros/vector_map_msgs/msg/LineArray.js
[27.523s] -- Up-to-date: /home/capstone/autoware.ai/install/vector_map_msgs/share/gennodejs/ros/vector_map_msgs/msg/AreaArray.js
[27.523s] -- Up-to-date: /home/capstone/autoware.ai/install/vector_map_msgs/share/gennodejs/ros/vector_map_msgs/msg/StopLine.js
[27.523s] -- Up-to-date: /home/capstone/autoware.ai/install/vector_map_msgs/share/gennodejs/ros/vector_map_msgs/msg/LaneArray.js
[27.523s] -- Up-to-date: /home/capstone/autoware.ai/install/vector_map_msgs/share/gennodejs/ros/vector_map_msgs/msg/_index.js
[27.523s] -- Up-to-date: /home/capstone/autoware.ai/install/vector_map_msgs/share/gennodejs/ros/vector_map_msgs/msg/Wall.js
[27.523s] -- Up-to-date: /home/capstone/autoware.ai/install/vector_map_msgs/share/gennodejs/ros/vector_map_msgs/msg/Area.js
[27.523s] -- Up-to-date: /home/capstone/autoware.ai/install/vector_map_msgs/share/gennodejs/ros/vector_map_msgs/msg/WayAreaArray.js
[27.524s] -- Up-to-date: /home/capstone/autoware.ai/install/vector_map_msgs/share/gennodejs/ros/vector_map_msgs/msg/Signal.js
[27.524s] -- Up-to-date: /home/capstone/autoware.ai/install/vector_map_msgs/share/gennodejs/ros/vector_map_msgs/msg/Pole.js
[27.524s] -- Up-to-date: /home/capstone/autoware.ai/install/vector_map_msgs/share/gennodejs/ros/vector_map_msgs/msg/Lane.js
[27.524s] -- Up-to-date: /home/capstone/autoware.ai/install/vector_map_msgs/share/gennodejs/ros/vector_map_msgs/msg/StopLineArray.js
[27.524s] -- Up-to-date: /home/capstone/autoware.ai/install/vector_map_msgs/share/gennodejs/ros/vector_map_msgs/msg/Box.js
[27.524s] -- Up-to-date: /home/capstone/autoware.ai/install/vector_map_msgs/share/gennodejs/ros/vector_map_msgs/msg/UtilityPoleArray.js
[27.525s] -- Up-to-date: /home/capstone/autoware.ai/install/vector_map_msgs/share/gennodejs/ros/vector_map_msgs/msg/GutterArray.js
[27.525s] -- Up-to-date: /home/capstone/autoware.ai/install/vector_map_msgs/share/gennodejs/ros/vector_map_msgs/msg/RailCrossing.js
[27.525s] -- Up-to-date: /home/capstone/autoware.ai/install/vector_map_msgs/share/gennodejs/ros/vector_map_msgs/msg/ZebraZoneArray.js
[27.525s] -- Up-to-date: /home/capstone/autoware.ai/install/vector_map_msgs/share/gennodejs/ros/vector_map_msgs/msg/SideWalkArray.js
[27.525s] -- Up-to-date: /home/capstone/autoware.ai/install/vector_map_msgs/share/gennodejs/ros/vector_map_msgs/msg/DriveOnPortion.js
[27.525s] -- Up-to-date: /home/capstone/autoware.ai/install/vector_map_msgs/share/gennodejs/ros/vector_map_msgs/msg/PoleArray.js
[27.526s] -- Up-to-date: /home/capstone/autoware.ai/install/vector_map_msgs/share/gennodejs/ros/vector_map_msgs/msg/CurveMirror.js
[27.526s] -- Up-to-date: /home/capstone/autoware.ai/install/vector_map_msgs/share/gennodejs/ros/vector_map_msgs/msg/RoadSign.js
[27.526s] -- Up-to-date: /home/capstone/autoware.ai/install/vector_map_msgs/share/gennodejs/ros/vector_map_msgs/msg/SignalArray.js
[27.526s] -- Up-to-date: /home/capstone/autoware.ai/install/vector_map_msgs/share/gennodejs/ros/vector_map_msgs/msg/RoadMarkArray.js
[27.526s] -- Up-to-date: /home/capstone/autoware.ai/install/vector_map_msgs/share/gennodejs/ros/vector_map_msgs/msg/DriveOnPortionArray.js
[27.526s] -- Up-to-date: /home/capstone/autoware.ai/install/vector_map_msgs/share/gennodejs/ros/vector_map_msgs/msg/GuardRail.js
[27.526s] -- Up-to-date: /home/capstone/autoware.ai/install/vector_map_msgs/share/gennodejs/ros/vector_map_msgs/msg/CrossRoadArray.js
[27.527s] -- Up-to-date: /home/capstone/autoware.ai/install/vector_map_msgs/share/gennodejs/ros/vector_map_msgs/msg/BoxArray.js
[27.527s] -- Up-to-date: /home/capstone/autoware.ai/install/vector_map_msgs/share/gennodejs/ros/vector_map_msgs/msg/DTLaneArray.js
[27.527s] -- Up-to-date: /home/capstone/autoware.ai/install/vector_map_msgs/share/gennodejs/ros/vector_map_msgs/msg/SideWalk.js
[27.527s] -- Up-to-date: /home/capstone/autoware.ai/install/vector_map_msgs/share/gennodejs/ros/vector_map_msgs/msg/CrossWalkArray.js
[27.527s] -- Up-to-date: /home/capstone/autoware.ai/install/vector_map_msgs/share/gennodejs/ros/vector_map_msgs/msg/FenceArray.js
[27.527s] -- Up-to-date: /home/capstone/autoware.ai/install/vector_map_msgs/share/gennodejs/ros/vector_map_msgs/msg/RoadMark.js
[27.528s] -- Up-to-date: /home/capstone/autoware.ai/install/vector_map_msgs/share/gennodejs/ros/vector_map_msgs/msg/WayArea.js
[27.528s] -- Up-to-date: /home/capstone/autoware.ai/install/vector_map_msgs/share/gennodejs/ros/vector_map_msgs/msg/CurveMirrorArray.js
[27.528s] -- Up-to-date: /home/capstone/autoware.ai/install/vector_map_msgs/share/gennodejs/ros/vector_map_msgs/msg/WhiteLineArray.js
[27.528s] -- Up-to-date: /home/capstone/autoware.ai/install/vector_map_msgs/share/gennodejs/ros/vector_map_msgs/msg/RoadPoleArray.js
[27.529s] -- Up-to-date: /home/capstone/autoware.ai/install/vector_map_msgs/share/gennodejs/ros/vector_map_msgs/msg/CurbArray.js
[27.529s] -- Up-to-date: /home/capstone/autoware.ai/install/vector_map_msgs/share/gennodejs/ros/vector_map_msgs/msg/SideStripArray.js
[27.529s] -- Up-to-date: /home/capstone/autoware.ai/install/vector_map_msgs/share/gennodejs/ros/vector_map_msgs/msg/Line.js
[27.529s] -- Up-to-date: /home/capstone/autoware.ai/install/vector_map_msgs/share/gennodejs/ros/vector_map_msgs/msg/DTLane.js
[27.529s] -- Up-to-date: /home/capstone/autoware.ai/install/vector_map_msgs/share/gennodejs/ros/vector_map_msgs/msg/StreetLight.js
[27.529s] -- Up-to-date: /home/capstone/autoware.ai/install/vector_map_msgs/share/gennodejs/ros/vector_map_msgs/msg/Vector.js
[27.530s] -- Up-to-date: /home/capstone/autoware.ai/install/vector_map_msgs/share/gennodejs/ros/vector_map_msgs/msg/PointArray.js
[27.530s] -- Up-to-date: /home/capstone/autoware.ai/install/vector_map_msgs/share/gennodejs/ros/vector_map_msgs/msg/StreetLightArray.js
[27.530s] -- Up-to-date: /home/capstone/autoware.ai/install/vector_map_msgs/share/gennodejs/ros/vector_map_msgs/msg/RailCrossingArray.js
[27.530s] -- Up-to-date: /home/capstone/autoware.ai/install/vector_map_msgs/share/gennodejs/ros/vector_map_msgs/msg/CrossRoad.js
[27.530s] -- Up-to-date: /home/capstone/autoware.ai/install/vector_map_msgs/share/gennodejs/ros/vector_map_msgs/msg/UtilityPole.js
[27.530s] -- Up-to-date: /home/capstone/autoware.ai/install/vector_map_msgs/share/gennodejs/ros/vector_map_msgs/msg/Node.js
[27.531s] -- Up-to-date: /home/capstone/autoware.ai/install/vector_map_msgs/share/gennodejs/ros/vector_map_msgs/msg/RoadEdge.js
[27.531s] -- Up-to-date: /home/capstone/autoware.ai/install/vector_map_msgs/share/gennodejs/ros/vector_map_msgs/msg/CrossWalk.js
[27.531s] -- Up-to-date: /home/capstone/autoware.ai/install/vector_map_msgs/share/gennodejs/ros/vector_map_msgs/msg/ZebraZone.js
[27.531s] -- Up-to-date: /home/capstone/autoware.ai/install/vector_map_msgs/share/gennodejs/ros/vector_map_msgs/msg/RoadEdgeArray.js
[27.531s] -- Up-to-date: /home/capstone/autoware.ai/install/vector_map_msgs/share/gennodejs/ros/vector_map_msgs/msg/Fence.js
[27.531s] -- Up-to-date: /home/capstone/autoware.ai/install/vector_map_msgs/share/gennodejs/ros/vector_map_msgs/msg/Point.js
[27.531s] -- Up-to-date: /home/capstone/autoware.ai/install/vector_map_msgs/share/gennodejs/ros/vector_map_msgs/msg/VectorArray.js
[27.532s] -- Up-to-date: /home/capstone/autoware.ai/install/vector_map_msgs/share/gennodejs/ros/vector_map_msgs/msg/RoadPole.js
[27.532s] -- Up-to-date: /home/capstone/autoware.ai/install/vector_map_msgs/share/gennodejs/ros/vector_map_msgs/msg/WallArray.js
[27.532s] -- Up-to-date: /home/capstone/autoware.ai/install/vector_map_msgs/share/gennodejs/ros/vector_map_msgs/msg/SideStrip.js
[27.532s] -- Up-to-date: /home/capstone/autoware.ai/install/vector_map_msgs/share/gennodejs/ros/vector_map_msgs/msg/WhiteLine.js
[27.532s] -- Up-to-date: /home/capstone/autoware.ai/install/vector_map_msgs/share/gennodejs/ros/vector_map_msgs/msg/NodeArray.js
[27.580s] Listing /home/capstone/autoware.ai/build/vector_map_msgs/devel/lib/python2.7/dist-packages/vector_map_msgs ...
[27.580s] Listing /home/capstone/autoware.ai/build/vector_map_msgs/devel/lib/python2.7/dist-packages/vector_map_msgs/msg ...
[27.583s] -- Up-to-date: /home/capstone/autoware.ai/install/vector_map_msgs/lib/python2.7/dist-packages/vector_map_msgs
[27.584s] -- Up-to-date: /home/capstone/autoware.ai/install/vector_map_msgs/lib/python2.7/dist-packages/vector_map_msgs/__init__.pyc
[27.584s] -- Up-to-date: /home/capstone/autoware.ai/install/vector_map_msgs/lib/python2.7/dist-packages/vector_map_msgs/__init__.py
[27.585s] -- Up-to-date: /home/capstone/autoware.ai/install/vector_map_msgs/lib/python2.7/dist-packages/vector_map_msgs/msg
[27.585s] -- Up-to-date: /home/capstone/autoware.ai/install/vector_map_msgs/lib/python2.7/dist-packages/vector_map_msgs/msg/_WhiteLineArray.pyc
[27.586s] -- Up-to-date: /home/capstone/autoware.ai/install/vector_map_msgs/lib/python2.7/dist-packages/vector_map_msgs/msg/_RoadEdgeArray.py
[27.586s] -- Up-to-date: /home/capstone/autoware.ai/install/vector_map_msgs/lib/python2.7/dist-packages/vector_map_msgs/msg/_Lane.py
[27.586s] -- Up-to-date: /home/capstone/autoware.ai/install/vector_map_msgs/lib/python2.7/dist-packages/vector_map_msgs/msg/_CrossRoad.py
[27.587s] -- Up-to-date: /home/capstone/autoware.ai/install/vector_map_msgs/lib/python2.7/dist-packages/vector_map_msgs/msg/_Node.pyc
[27.587s] -- Up-to-date: /home/capstone/autoware.ai/install/vector_map_msgs/lib/python2.7/dist-packages/vector_map_msgs/msg/_DriveOnPortionArray.py
[27.587s] -- Up-to-date: /home/capstone/autoware.ai/install/vector_map_msgs/lib/python2.7/dist-packages/vector_map_msgs/msg/_Vector.pyc
[27.587s] -- Up-to-date: /home/capstone/autoware.ai/install/vector_map_msgs/lib/python2.7/dist-packages/vector_map_msgs/msg/_Node.py
[27.587s] -- Up-to-date: /home/capstone/autoware.ai/install/vector_map_msgs/lib/python2.7/dist-packages/vector_map_msgs/msg/_NodeArray.py
[27.588s] -- Up-to-date: /home/capstone/autoware.ai/install/vector_map_msgs/lib/python2.7/dist-packages/vector_map_msgs/msg/_RoadPoleArray.py
[27.588s] -- Up-to-date: /home/capstone/autoware.ai/install/vector_map_msgs/lib/python2.7/dist-packages/vector_map_msgs/msg/_LaneArray.pyc
[27.588s] -- Up-to-date: /home/capstone/autoware.ai/install/vector_map_msgs/lib/python2.7/dist-packages/vector_map_msgs/msg/_GuardRailArray.pyc
[27.588s] -- Up-to-date: /home/capstone/autoware.ai/install/vector_map_msgs/lib/python2.7/dist-packages/vector_map_msgs/msg/_GutterArray.pyc
[27.588s] -- Up-to-date: /home/capstone/autoware.ai/install/vector_map_msgs/lib/python2.7/dist-packages/vector_map_msgs/msg/_CurbArray.py
[27.588s] -- Up-to-date: /home/capstone/autoware.ai/install/vector_map_msgs/lib/python2.7/dist-packages/vector_map_msgs/msg/_Fence.py
[27.589s] -- Up-to-date: /home/capstone/autoware.ai/install/vector_map_msgs/lib/python2.7/dist-packages/vector_map_msgs/msg/_Pole.pyc
[27.589s] -- Up-to-date: /home/capstone/autoware.ai/install/vector_map_msgs/lib/python2.7/dist-packages/vector_map_msgs/msg/_RoadEdge.py
[27.589s] -- Up-to-date: /home/capstone/autoware.ai/install/vector_map_msgs/lib/python2.7/dist-packages/vector_map_msgs/msg/_SideStripArray.py
[27.589s] -- Up-to-date: /home/capstone/autoware.ai/install/vector_map_msgs/lib/python2.7/dist-packages/vector_map_msgs/msg/_DTLane.pyc
[27.589s] -- Up-to-date: /home/capstone/autoware.ai/install/vector_map_msgs/lib/python2.7/dist-packages/vector_map_msgs/msg/_Gutter.py
[27.589s] -- Up-to-date: /home/capstone/autoware.ai/install/vector_map_msgs/lib/python2.7/dist-packages/vector_map_msgs/msg/_CurveMirrorArray.py
[27.590s] -- Up-to-date: /home/capstone/autoware.ai/install/vector_map_msgs/lib/python2.7/dist-packages/vector_map_msgs/msg/_PointArray.py
[27.590s] -- Up-to-date: /home/capstone/autoware.ai/install/vector_map_msgs/lib/python2.7/dist-packages/vector_map_msgs/msg/_Lane.pyc
[27.591s] -- Up-to-date: /home/capstone/autoware.ai/install/vector_map_msgs/lib/python2.7/dist-packages/vector_map_msgs/msg/_DriveOnPortion.pyc
[27.591s] -- Up-to-date: /home/capstone/autoware.ai/install/vector_map_msgs/lib/python2.7/dist-packages/vector_map_msgs/msg/_Curb.pyc
[27.591s] -- Up-to-date: /home/capstone/autoware.ai/install/vector_map_msgs/lib/python2.7/dist-packages/vector_map_msgs/msg/_Line.py
[27.592s] -- Up-to-date: /home/capstone/autoware.ai/install/vector_map_msgs/lib/python2.7/dist-packages/vector_map_msgs/msg/_GuardRailArray.py
[27.592s] -- Up-to-date: /home/capstone/autoware.ai/install/vector_map_msgs/lib/python2.7/dist-packages/vector_map_msgs/msg/_UtilityPole.pyc
[27.592s] -- Up-to-date: /home/capstone/autoware.ai/install/vector_map_msgs/lib/python2.7/dist-packages/vector_map_msgs/msg/_DriveOnPortionArray.pyc
[27.592s] -- Up-to-date: /home/capstone/autoware.ai/install/vector_map_msgs/lib/python2.7/dist-packages/vector_map_msgs/msg/_RoadSignArray.py
[27.592s] -- Up-to-date: /home/capstone/autoware.ai/install/vector_map_msgs/lib/python2.7/dist-packages/vector_map_msgs/msg/_WayArea.pyc
[27.592s] -- Up-to-date: /home/capstone/autoware.ai/install/vector_map_msgs/lib/python2.7/dist-packages/vector_map_msgs/msg/_PoleArray.pyc
[27.592s] -- Up-to-date: /home/capstone/autoware.ai/install/vector_map_msgs/lib/python2.7/dist-packages/vector_map_msgs/msg/_StopLineArray.pyc
[27.593s] -- Up-to-date: /home/capstone/autoware.ai/install/vector_map_msgs/lib/python2.7/dist-packages/vector_map_msgs/msg/_CurveMirrorArray.pyc
[27.593s] -- Up-to-date: /home/capstone/autoware.ai/install/vector_map_msgs/lib/python2.7/dist-packages/vector_map_msgs/msg/_RoadMark.pyc
[27.593s] -- Up-to-date: /home/capstone/autoware.ai/install/vector_map_msgs/lib/python2.7/dist-packages/vector_map_msgs/msg/_SideWalk.py
[27.593s] -- Up-to-date: /home/capstone/autoware.ai/install/vector_map_msgs/lib/python2.7/dist-packages/vector_map_msgs/msg/_DTLane.py
[27.593s] -- Up-to-date: /home/capstone/autoware.ai/install/vector_map_msgs/lib/python2.7/dist-packages/vector_map_msgs/msg/_SideStrip.pyc
[27.593s] -- Up-to-date: /home/capstone/autoware.ai/install/vector_map_msgs/lib/python2.7/dist-packages/vector_map_msgs/msg/_Pole.py
[27.594s] -- Up-to-date: /home/capstone/autoware.ai/install/vector_map_msgs/lib/python2.7/dist-packages/vector_map_msgs/msg/_Signal.pyc
[27.594s] -- Up-to-date: /home/capstone/autoware.ai/install/vector_map_msgs/lib/python2.7/dist-packages/vector_map_msgs/msg/_RoadEdgeArray.pyc
[27.594s] -- Up-to-date: /home/capstone/autoware.ai/install/vector_map_msgs/lib/python2.7/dist-packages/vector_map_msgs/msg/_WayAreaArray.py
[27.594s] -- Up-to-date: /home/capstone/autoware.ai/install/vector_map_msgs/lib/python2.7/dist-packages/vector_map_msgs/msg/_SideWalk.pyc
[27.594s] -- Up-to-date: /home/capstone/autoware.ai/install/vector_map_msgs/lib/python2.7/dist-packages/vector_map_msgs/msg/_WayArea.py
[27.594s] -- Up-to-date: /home/capstone/autoware.ai/install/vector_map_msgs/lib/python2.7/dist-packages/vector_map_msgs/msg/_StopLineArray.py
[27.595s] -- Up-to-date: /home/capstone/autoware.ai/install/vector_map_msgs/lib/python2.7/dist-packages/vector_map_msgs/msg/_Signal.py
[27.595s] -- Up-to-date: /home/capstone/autoware.ai/install/vector_map_msgs/lib/python2.7/dist-packages/vector_map_msgs/msg/_GutterArray.py
[27.595s] -- Up-to-date: /home/capstone/autoware.ai/install/vector_map_msgs/lib/python2.7/dist-packages/vector_map_msgs/msg/_CrossWalk.pyc
[27.595s] -- Up-to-date: /home/capstone/autoware.ai/install/vector_map_msgs/lib/python2.7/dist-packages/vector_map_msgs/msg/_CurveMirror.py
[27.595s] -- Up-to-date: /home/capstone/autoware.ai/install/vector_map_msgs/lib/python2.7/dist-packages/vector_map_msgs/msg/_StreetLight.pyc
[27.595s] -- Up-to-date: /home/capstone/autoware.ai/install/vector_map_msgs/lib/python2.7/dist-packages/vector_map_msgs/msg/_RoadPole.py
[27.595s] -- Up-to-date: /home/capstone/autoware.ai/install/vector_map_msgs/lib/python2.7/dist-packages/vector_map_msgs/msg/_StreetLight.py
[27.596s] -- Up-to-date: /home/capstone/autoware.ai/install/vector_map_msgs/lib/python2.7/dist-packages/vector_map_msgs/msg/_LineArray.pyc
[27.596s] -- Up-to-date: /home/capstone/autoware.ai/install/vector_map_msgs/lib/python2.7/dist-packages/vector_map_msgs/msg/_Curb.py
[27.596s] -- Up-to-date: /home/capstone/autoware.ai/install/vector_map_msgs/lib/python2.7/dist-packages/vector_map_msgs/msg/_CurveMirror.pyc
[27.596s] -- Up-to-date: /home/capstone/autoware.ai/install/vector_map_msgs/lib/python2.7/dist-packages/vector_map_msgs/msg/_ZebraZone.py
[27.596s] -- Up-to-date: /home/capstone/autoware.ai/install/vector_map_msgs/lib/python2.7/dist-packages/vector_map_msgs/msg/_WhiteLine.pyc
[27.596s] -- Up-to-date: /home/capstone/autoware.ai/install/vector_map_msgs/lib/python2.7/dist-packages/vector_map_msgs/msg/_RoadMarkArray.pyc
[27.597s] -- Up-to-date: /home/capstone/autoware.ai/install/vector_map_msgs/lib/python2.7/dist-packages/vector_map_msgs/msg/_VectorArray.py
[27.597s] -- Up-to-date: /home/capstone/autoware.ai/install/vector_map_msgs/lib/python2.7/dist-packages/vector_map_msgs/msg/_AreaArray.pyc
[27.597s] -- Up-to-date: /home/capstone/autoware.ai/install/vector_map_msgs/lib/python2.7/dist-packages/vector_map_msgs/msg/_CurbArray.pyc
[27.597s] -- Up-to-date: /home/capstone/autoware.ai/install/vector_map_msgs/lib/python2.7/dist-packages/vector_map_msgs/msg/_Gutter.pyc
[27.597s] -- Up-to-date: /home/capstone/autoware.ai/install/vector_map_msgs/lib/python2.7/dist-packages/vector_map_msgs/msg/_GuardRail.py
[27.598s] -- Up-to-date: /home/capstone/autoware.ai/install/vector_map_msgs/lib/python2.7/dist-packages/vector_map_msgs/msg/_RailCrossing.pyc
[27.598s] -- Up-to-date: /home/capstone/autoware.ai/install/vector_map_msgs/lib/python2.7/dist-packages/vector_map_msgs/msg/_LineArray.py
[27.598s] -- Up-to-date: /home/capstone/autoware.ai/install/vector_map_msgs/lib/python2.7/dist-packages/vector_map_msgs/msg/_StreetLightArray.pyc
[27.598s] -- Up-to-date: /home/capstone/autoware.ai/install/vector_map_msgs/lib/python2.7/dist-packages/vector_map_msgs/msg/_UtilityPoleArray.py
[27.598s] -- Up-to-date: /home/capstone/autoware.ai/install/vector_map_msgs/lib/python2.7/dist-packages/vector_map_msgs/msg/_SideWalkArray.pyc
[27.598s] -- Up-to-date: /home/capstone/autoware.ai/install/vector_map_msgs/lib/python2.7/dist-packages/vector_map_msgs/msg/_BoxArray.pyc
[27.598s] -- Up-to-date: /home/capstone/autoware.ai/install/vector_map_msgs/lib/python2.7/dist-packages/vector_map_msgs/msg/_FenceArray.pyc
[27.598s] -- Up-to-date: /home/capstone/autoware.ai/install/vector_map_msgs/lib/python2.7/dist-packages/vector_map_msgs/msg/_BoxArray.py
[27.599s] -- Up-to-date: /home/capstone/autoware.ai/install/vector_map_msgs/lib/python2.7/dist-packages/vector_map_msgs/msg/_GuardRail.pyc
[27.599s] -- Up-to-date: /home/capstone/autoware.ai/install/vector_map_msgs/lib/python2.7/dist-packages/vector_map_msgs/msg/_ZebraZoneArray.py
[27.599s] -- Up-to-date: /home/capstone/autoware.ai/install/vector_map_msgs/lib/python2.7/dist-packages/vector_map_msgs/msg/_WhiteLineArray.py
[27.603s] -- Up-to-date: /home/capstone/autoware.ai/install/vector_map_msgs/lib/python2.7/dist-packages/vector_map_msgs/msg/_WhiteLine.py
[27.612s] -- Up-to-date: /home/capstone/autoware.ai/install/vector_map_msgs/lib/python2.7/dist-packages/vector_map_msgs/msg/_RoadPoleArray.pyc
[27.612s] -- Up-to-date: /home/capstone/autoware.ai/install/vector_map_msgs/lib/python2.7/dist-packages/vector_map_msgs/msg/_Wall.pyc
[27.612s] -- Up-to-date: /home/capstone/autoware.ai/install/vector_map_msgs/lib/python2.7/dist-packages/vector_map_msgs/msg/_StopLine.py
[27.613s] -- Up-to-date: /home/capstone/autoware.ai/install/vector_map_msgs/lib/python2.7/dist-packages/vector_map_msgs/msg/_WallArray.pyc
[27.613s] -- Up-to-date: /home/capstone/autoware.ai/install/vector_map_msgs/lib/python2.7/dist-packages/vector_map_msgs/msg/_RoadSign.pyc
[27.613s] -- Up-to-date: /home/capstone/autoware.ai/install/vector_map_msgs/lib/python2.7/dist-packages/vector_map_msgs/msg/_PointArray.pyc
[27.614s] -- Up-to-date: /home/capstone/autoware.ai/install/vector_map_msgs/lib/python2.7/dist-packages/vector_map_msgs/msg/_SignalArray.pyc
[27.614s] -- Up-to-date: /home/capstone/autoware.ai/install/vector_map_msgs/lib/python2.7/dist-packages/vector_map_msgs/msg/_CrossRoadArray.py
[27.614s] -- Up-to-date: /home/capstone/autoware.ai/install/vector_map_msgs/lib/python2.7/dist-packages/vector_map_msgs/msg/_SideStripArray.pyc
[27.614s] -- Up-to-date: /home/capstone/autoware.ai/install/vector_map_msgs/lib/python2.7/dist-packages/vector_map_msgs/msg/_CrossWalkArray.py
[27.614s] -- Up-to-date: /home/capstone/autoware.ai/install/vector_map_msgs/lib/python2.7/dist-packages/vector_map_msgs/msg/_Area.py
[27.615s] -- Up-to-date: /home/capstone/autoware.ai/install/vector_map_msgs/lib/python2.7/dist-packages/vector_map_msgs/msg/_SideStrip.py
[27.615s] -- Up-to-date: /home/capstone/autoware.ai/install/vector_map_msgs/lib/python2.7/dist-packages/vector_map_msgs/msg/_StopLine.pyc
[27.616s] -- Up-to-date: /home/capstone/autoware.ai/install/vector_map_msgs/lib/python2.7/dist-packages/vector_map_msgs/msg/_Area.pyc
[27.617s] -- Up-to-date: /home/capstone/autoware.ai/install/vector_map_msgs/lib/python2.7/dist-packages/vector_map_msgs/msg/_SignalArray.py
[27.617s] -- Up-to-date: /home/capstone/autoware.ai/install/vector_map_msgs/lib/python2.7/dist-packages/vector_map_msgs/msg/_DTLaneArray.py
[27.618s] -- Up-to-date: /home/capstone/autoware.ai/install/vector_map_msgs/lib/python2.7/dist-packages/vector_map_msgs/msg/_WayAreaArray.pyc
[27.618s] -- Up-to-date: /home/capstone/autoware.ai/install/vector_map_msgs/lib/python2.7/dist-packages/vector_map_msgs/msg/_DTLaneArray.pyc
[27.619s] -- Up-to-date: /home/capstone/autoware.ai/install/vector_map_msgs/lib/python2.7/dist-packages/vector_map_msgs/msg/_RoadSignArray.pyc
[27.619s] -- Up-to-date: /home/capstone/autoware.ai/install/vector_map_msgs/lib/python2.7/dist-packages/vector_map_msgs/msg/_Fence.pyc
[27.619s] -- Up-to-date: /home/capstone/autoware.ai/install/vector_map_msgs/lib/python2.7/dist-packages/vector_map_msgs/msg/_SideWalkArray.py
[27.620s] -- Up-to-date: /home/capstone/autoware.ai/install/vector_map_msgs/lib/python2.7/dist-packages/vector_map_msgs/msg/_RoadPole.pyc
[27.621s] -- Up-to-date: /home/capstone/autoware.ai/install/vector_map_msgs/lib/python2.7/dist-packages/vector_map_msgs/msg/_CrossRoadArray.pyc
[27.621s] -- Up-to-date: /home/capstone/autoware.ai/install/vector_map_msgs/lib/python2.7/dist-packages/vector_map_msgs/msg/_FenceArray.py
[27.622s] -- Up-to-date: /home/capstone/autoware.ai/install/vector_map_msgs/lib/python2.7/dist-packages/vector_map_msgs/msg/_RoadMarkArray.py
[27.623s] -- Up-to-date: /home/capstone/autoware.ai/install/vector_map_msgs/lib/python2.7/dist-packages/vector_map_msgs/msg/_PoleArray.py
[27.625s] -- Up-to-date: /home/capstone/autoware.ai/install/vector_map_msgs/lib/python2.7/dist-packages/vector_map_msgs/msg/_UtilityPole.py
[27.626s] -- Up-to-date: /home/capstone/autoware.ai/install/vector_map_msgs/lib/python2.7/dist-packages/vector_map_msgs/msg/_AreaArray.py
[27.626s] -- Up-to-date: /home/capstone/autoware.ai/install/vector_map_msgs/lib/python2.7/dist-packages/vector_map_msgs/msg/_RoadMark.py
[27.626s] -- Up-to-date: /home/capstone/autoware.ai/install/vector_map_msgs/lib/python2.7/dist-packages/vector_map_msgs/msg/_CrossWalk.py
[27.626s] -- Up-to-date: /home/capstone/autoware.ai/install/vector_map_msgs/lib/python2.7/dist-packages/vector_map_msgs/msg/_LaneArray.py
[27.626s] -- Up-to-date: /home/capstone/autoware.ai/install/vector_map_msgs/lib/python2.7/dist-packages/vector_map_msgs/msg/_UtilityPoleArray.pyc
[27.627s] -- Up-to-date: /home/capstone/autoware.ai/install/vector_map_msgs/lib/python2.7/dist-packages/vector_map_msgs/msg/_CrossWalkArray.pyc
[27.627s] -- Up-to-date: /home/capstone/autoware.ai/install/vector_map_msgs/lib/python2.7/dist-packages/vector_map_msgs/msg/_RoadEdge.pyc
[27.627s] -- Up-to-date: /home/capstone/autoware.ai/install/vector_map_msgs/lib/python2.7/dist-packages/vector_map_msgs/msg/_NodeArray.pyc
[27.627s] -- Up-to-date: /home/capstone/autoware.ai/install/vector_map_msgs/lib/python2.7/dist-packages/vector_map_msgs/msg/_Box.py
[27.628s] -- Up-to-date: /home/capstone/autoware.ai/install/vector_map_msgs/lib/python2.7/dist-packages/vector_map_msgs/msg/_Box.pyc
[27.628s] -- Up-to-date: /home/capstone/autoware.ai/install/vector_map_msgs/lib/python2.7/dist-packages/vector_map_msgs/msg/_CrossRoad.pyc
[27.628s] -- Up-to-date: /home/capstone/autoware.ai/install/vector_map_msgs/lib/python2.7/dist-packages/vector_map_msgs/msg/_RailCrossing.py
[27.628s] -- Up-to-date: /home/capstone/autoware.ai/install/vector_map_msgs/lib/python2.7/dist-packages/vector_map_msgs/msg/_Point.py
[27.629s] -- Up-to-date: /home/capstone/autoware.ai/install/vector_map_msgs/lib/python2.7/dist-packages/vector_map_msgs/msg/_Point.pyc
[27.629s] -- Up-to-date: /home/capstone/autoware.ai/install/vector_map_msgs/lib/python2.7/dist-packages/vector_map_msgs/msg/_DriveOnPortion.py
[27.631s] -- Up-to-date: /home/capstone/autoware.ai/install/vector_map_msgs/lib/python2.7/dist-packages/vector_map_msgs/msg/_VectorArray.pyc
[27.631s] -- Up-to-date: /home/capstone/autoware.ai/install/vector_map_msgs/lib/python2.7/dist-packages/vector_map_msgs/msg/_RoadSign.py
[27.631s] -- Up-to-date: /home/capstone/autoware.ai/install/vector_map_msgs/lib/python2.7/dist-packages/vector_map_msgs/msg/__init__.pyc
[27.632s] -- Up-to-date: /home/capstone/autoware.ai/install/vector_map_msgs/lib/python2.7/dist-packages/vector_map_msgs/msg/_WallArray.py
[27.632s] -- Up-to-date: /home/capstone/autoware.ai/install/vector_map_msgs/lib/python2.7/dist-packages/vector_map_msgs/msg/_ZebraZoneArray.pyc
[27.632s] -- Up-to-date: /home/capstone/autoware.ai/install/vector_map_msgs/lib/python2.7/dist-packages/vector_map_msgs/msg/_RailCrossingArray.pyc
[27.633s] -- Up-to-date: /home/capstone/autoware.ai/install/vector_map_msgs/lib/python2.7/dist-packages/vector_map_msgs/msg/_Line.pyc
[27.633s] -- Up-to-date: /home/capstone/autoware.ai/install/vector_map_msgs/lib/python2.7/dist-packages/vector_map_msgs/msg/_ZebraZone.pyc
[27.633s] -- Up-to-date: /home/capstone/autoware.ai/install/vector_map_msgs/lib/python2.7/dist-packages/vector_map_msgs/msg/_Vector.py
[27.633s] -- Up-to-date: /home/capstone/autoware.ai/install/vector_map_msgs/lib/python2.7/dist-packages/vector_map_msgs/msg/_StreetLightArray.py
[27.634s] -- Up-to-date: /home/capstone/autoware.ai/install/vector_map_msgs/lib/python2.7/dist-packages/vector_map_msgs/msg/_RailCrossingArray.py
[27.635s] -- Up-to-date: /home/capstone/autoware.ai/install/vector_map_msgs/lib/python2.7/dist-packages/vector_map_msgs/msg/_Wall.py
[27.635s] -- Up-to-date: /home/capstone/autoware.ai/install/vector_map_msgs/lib/python2.7/dist-packages/vector_map_msgs/msg/__init__.py
[27.635s] -- Up-to-date: /home/capstone/autoware.ai/install/vector_map_msgs/lib/pkgconfig/vector_map_msgs.pc
[27.635s] -- Up-to-date: /home/capstone/autoware.ai/install/vector_map_msgs/share/vector_map_msgs/cmake/vector_map_msgs-msg-extras.cmake
[27.636s] -- Up-to-date: /home/capstone/autoware.ai/install/vector_map_msgs/share/vector_map_msgs/cmake/vector_map_msgsConfig.cmake
[27.637s] -- Up-to-date: /home/capstone/autoware.ai/install/vector_map_msgs/share/vector_map_msgs/cmake/vector_map_msgsConfig-version.cmake
[27.637s] -- Up-to-date: /home/capstone/autoware.ai/install/vector_map_msgs/share/vector_map_msgs/package.xml
[27.638s] Invoked command in '/home/capstone/autoware.ai/build/vector_map_msgs' returned '0': /usr/bin/cmake --build /home/capstone/autoware.ai/build/vector_map_msgs --target install -- -j12 -l12
