[0.635s] -- The C compiler identification is GNU 7.5.0
[0.873s] -- The CXX compiler identification is GNU 7.5.0
[0.908s] -- Check for working C compiler: /usr/bin/cc
[1.401s] -- Check for working C compiler: /usr/bin/cc -- works
[1.402s] -- Detecting C compiler ABI info
[1.858s] -- Detecting C compiler ABI info - done
[1.887s] -- Detecting C compile features
[3.458s] -- Detecting C compile features - done
[3.467s] -- Check for working CXX compiler: /usr/bin/c++
[3.870s] -- Check for working CXX compiler: /usr/bin/c++ -- works
[3.872s] -- Detecting CXX compiler ABI info
[4.353s] -- Detecting CXX compiler ABI info - done
[4.371s] -- Detecting CXX compile features
[6.104s] -- Detecting CXX compile features - done
[6.119s] -- CUDA compilation status: 1.
[6.141s] -- Using CATKIN_DEVEL_PREFIX: /home/capstone/autoware.ai/build/as/devel
[6.142s] -- Using CMAKE_PREFIX_PATH: /home/capstone/autoware.ai/install/ros_observer;/home/capstone/autoware.ai/install/autoware_msgs;/home/capstone/autoware.ai/install/autoware_build_flags;/home/capstone/autoware.ai/install/wf_simulator;/home/capstone/autoware.ai/install/vision_ssd_detect;/home/capstone/autoware.ai/install/vision_segment_enet_detect;/home/capstone/autoware.ai/install/vision_lane_detect;/home/capstone/autoware.ai/install/vision_darknet_detect;/home/capstone/autoware.ai/install/vision_beyond_track;/home/capstone/autoware.ai/install/vel_pose_diff_checker;/home/capstone/autoware.ai/install/vehicle_socket;/home/capstone/autoware.ai/install/vehicle_sim_model;/home/capstone/autoware.ai/install/vehicle_model;/home/capstone/autoware.ai/install/vehicle_gazebo_simulation_launcher;/home/capstone/autoware.ai/install/vehicle_gazebo_simulation_interface;/home/capstone/autoware.ai/install/vehicle_engage_panel;/home/capstone/autoware.ai/install/vehicle_description;/home/capstone/autoware.ai/install/op_ros_helpers;/home/capstone/autoware.ai/install/op_simu;/home/capstone/autoware.ai/install/op_planner;/home/capstone/autoware.ai/install/op_utility;/home/capstone/autoware.ai/install/vector_map_server;/home/capstone/autoware.ai/install/object_map;/home/capstone/autoware.ai/install/lanelet_aisan_converter;/home/capstone/autoware.ai/install/map_file;/home/capstone/autoware.ai/install/libvectormap;/home/capstone/autoware.ai/install/vector_map;/home/capstone/autoware.ai/install/vector_map_msgs;/home/capstone/autoware.ai/install/twist_generator;/home/capstone/autoware.ai/install/twist2odom;/home/capstone/autoware.ai/install/runtime_manager;/home/capstone/autoware.ai/install/tablet_socket_msgs;/home/capstone/autoware.ai/install/sound_player;/home/capstone/autoware.ai/install/points2image;/home/capstone/autoware.ai/install/rosinterface;/home/capstone/autoware.ai/install/rosbag_controller;/home/capstone/autoware.ai/install/points_preprocessor;/home/capstone/autoware.ai/install/lidar_localizer;/home/capstone/autoware.ai/install/emergency_handler;/home/capstone/autoware.ai/install/autoware_health_checker;/home/capstone/autoware.ai/install/range_vision_fusion;/home/capstone/autoware.ai/install/pos_db;/home/capstone/autoware.ai/install/points_downsampler;/home/capstone/autoware.ai/install/pixel_cloud_fusion;/home/capstone/autoware.ai/install/pcl_omp_registration;/home/capstone/autoware.ai/install/pc2_downsampler;/home/capstone/autoware.ai/install/obj_db;/home/capstone/autoware.ai/install/nmea_navsat;/home/capstone/autoware.ai/install/ndt_tku;/home/capstone/autoware.ai/install/ndt_gpu;/home/capstone/autoware.ai/install/ndt_cpu;/home/capstone/autoware.ai/install/multi_lidar_calibrator;/home/capstone/autoware.ai/install/mrt_cmake_modules;/home/capstone/autoware.ai/install/marker_downsampler;/home/capstone/autoware.ai/install/map_tools;/home/capstone/autoware.ai/install/map_tf_generator;/home/capstone/autoware.ai/install/log_tools;/home/capstone/autoware.ai/install/libwaypoint_follower;/home/capstone/autoware.ai/install/lgsvl_simulator_bridge;/home/capstone/autoware.ai/install/lanelet2_extension;/home/capstone/autoware.ai/install/lanelet2_validation;/home/capstone/autoware.ai/install/lanelet2_examples;/home/capstone/autoware.ai/install/lanelet2_python;/home/capstone/autoware.ai/install/lanelet2_routing;/home/capstone/autoware.ai/install/lanelet2_traffic_rules;/home/capstone/autoware.ai/install/lanelet2_projection;/home/capstone/autoware.ai/install/lanelet2_maps;/home/capstone/autoware.ai/install/lanelet2_io;/home/capstone/autoware.ai/install/lanelet2_core;/home/capstone/autoware.ai/install/integrated_viewer;/home/capstone/autoware.ai/install/image_processor;/home/capstone/autoware.ai/install/graph_tools;/home/capstone/autoware.ai/install/gnss_localizer;/home/capstone/autoware.ai/install/gnss;/home/capstone/autoware.ai/install/glviewer;/home/capstone/autoware.ai/install/gazebo_world_description;/home/capstone/autoware.ai/install/gazebo_imu_description;/home/capstone/autoware.ai/install/gazebo_camera_description;/home/capstone/autoware.ai/install/fastvirtualscan;/home/capstone/autoware.ai/install/ekf_localizer;/home/capstone/autoware.ai/install/detected_objects_visualizer;/home/capstone/autoware.ai/install/decision_maker_panel;/home/capstone/autoware.ai/install/data_preprocessor;/home/capstone/autoware.ai/install/carla_autoware_bridge;/home/capstone/autoware.ai/install/calibration_publisher;/home/capstone/autoware.ai/install/autoware_system_msgs;/home/capstone/autoware.ai/install/autoware_rviz_plugins;/home/capstone/autoware.ai/install/autoware_quickstart_examples;/home/capstone/autoware.ai/install/autoware_pointgrey_drivers;/home/capstone/autoware.ai/install/autoware_driveworks_interface;/home/capstone/autoware.ai/install/autoware_connector;/home/capstone/autoware.ai/install/autoware_camera_lidar_calibrator;/home/capstone/autoware.ai/install/amathutils_lib;/home/capstone/autoware.ai/install/autoware_map_msgs;/home/capstone/autoware.ai/install/autoware_launcher_rviz;/home/capstone/autoware.ai/install/autoware_launcher;/home/capstone/autoware.ai/install/autoware_lanelet2_msgs;/home/capstone/autoware.ai/install/autoware_external_msgs;/home/capstone/autoware.ai/install/autoware_driveworks_gmsl_interface;/home/capstone/autoware.ai/install/autoware_config_msgs;/home/capstone/autoware.ai/install/autoware_can_msgs;/home/capstone/autoware.ai/install/autoware_bag_tools;/opt/carla-ros-bridge/melodic;/opt/ros/melodic
[6.147s] -- This workspace overlays: /home/capstone/autoware.ai/install/ros_observer;/home/capstone/autoware.ai/install/autoware_msgs;/home/capstone/autoware.ai/install/autoware_build_flags;/home/capstone/autoware.ai/install/vehicle_sim_model;/home/capstone/autoware.ai/install/vehicle_description;/home/capstone/autoware.ai/install/libvectormap;/home/capstone/autoware.ai/install/vector_map;/home/capstone/autoware.ai/install/vector_map_msgs;/home/capstone/autoware.ai/install/tablet_socket_msgs;/home/capstone/autoware.ai/install/sound_player;/home/capstone/autoware.ai/install/rosinterface;/home/capstone/autoware.ai/install/pcl_omp_registration;/home/capstone/autoware.ai/install/pc2_downsampler;/home/capstone/autoware.ai/install/nmea_navsat;/home/capstone/autoware.ai/install/ndt_tku;/home/capstone/autoware.ai/install/ndt_gpu;/home/capstone/autoware.ai/install/ndt_cpu;/home/capstone/autoware.ai/install/mrt_cmake_modules;/home/capstone/autoware.ai/install/marker_downsampler;/home/capstone/autoware.ai/install/graph_tools;/home/capstone/autoware.ai/install/gnss;/home/capstone/autoware.ai/install/gazebo_world_description;/home/capstone/autoware.ai/install/gazebo_imu_description;/home/capstone/autoware.ai/install/gazebo_camera_description;/home/capstone/autoware.ai/install/fastvirtualscan;/home/capstone/autoware.ai/install/autoware_system_msgs;/home/capstone/autoware.ai/install/autoware_quickstart_examples;/home/capstone/autoware.ai/install/autoware_map_msgs;/home/capstone/autoware.ai/install/autoware_launcher;/home/capstone/autoware.ai/install/autoware_lanelet2_msgs;/home/capstone/autoware.ai/install/autoware_external_msgs;/home/capstone/autoware.ai/install/autoware_config_msgs;/home/capstone/autoware.ai/install/autoware_can_msgs;/home/capstone/autoware.ai/install/autoware_bag_tools;/opt/carla-ros-bridge/melodic;/opt/ros/melodic
[6.236s] -- Found PythonInterp: /usr/bin/python2 (found suitable version "2.7.17", minimum required is "2") 
[6.237s] -- Using PYTHON_EXECUTABLE: /usr/bin/python2
[6.238s] -- Using Debian Python package layout
[6.241s] -- Using empy: /usr/bin/empy
[6.630s] -- Using CATKIN_ENABLE_TESTING: ON
[6.631s] -- Call enable_testing()
[6.673s] -- Using CATKIN_TEST_RESULTS_DIR: /home/capstone/autoware.ai/build/as/test_results
[6.801s] -- Found gtest sources under '/usr/src/googletest': gtests will be built
[6.802s] -- Found gmock sources under '/usr/src/googletest': gmock will be built
[6.912s] -- Found PythonInterp: /usr/bin/python2 (found version "2.7.17") 
[6.915s] -- Looking for pthread.h
[7.371s] -- Looking for pthread.h - found
[7.372s] -- Looking for pthread_create
[7.946s] -- Looking for pthread_create - not found
[7.947s] -- Looking for pthread_create in pthreads
[8.555s] -- Looking for pthread_create in pthreads - not found
[8.556s] -- Looking for pthread_create in pthread
[9.086s] -- Looking for pthread_create in pthread - found
[9.089s] -- Found Threads: TRUE  
[9.127s] -- Using Python nosetests: /usr/bin/nosetests-2.7
[9.333s] -- catkin 0.7.23
[9.334s] -- BUILD_SHARED_LIBS is on
[10.811s] -- Using these message generators: gencpp;geneus;genlisp;gennodejs;genpy
[12.070s] -- Configuring done
[12.246s] -- Generating done
[12.294s] -- Build files have been written to: /home/capstone/autoware.ai/build/as
[12.651s] [35m[1mScanning dependencies of target roscpp_generate_messages_nodejs[0m
[12.771s] [  0%] Built target roscpp_generate_messages_nodejs
[12.873s] [35m[1mScanning dependencies of target actionlib_msgs_generate_messages_eus[0m
[12.980s] [  0%] Built target actionlib_msgs_generate_messages_eus
[13.074s] [35m[1mScanning dependencies of target automotive_platform_msgs_generate_messages_lisp[0m
[13.169s] [  0%] Built target automotive_platform_msgs_generate_messages_lisp
[13.263s] [35m[1mScanning dependencies of target rosgraph_msgs_generate_messages_cpp[0m
[13.359s] [  0%] Built target rosgraph_msgs_generate_messages_cpp
[13.464s] [35m[1mScanning dependencies of target geometry_msgs_generate_messages_cpp[0m
[13.579s] [  0%] Built target geometry_msgs_generate_messages_cpp
[13.679s] [35m[1mScanning dependencies of target automotive_navigation_msgs_generate_messages_eus[0m
[13.859s] [  0%] Built target automotive_navigation_msgs_generate_messages_eus
[13.974s] [35m[1mScanning dependencies of target jsk_footstep_msgs_generate_messages_eus[0m
[14.125s] [  0%] Built target jsk_footstep_msgs_generate_messages_eus
[14.242s] [35m[1mScanning dependencies of target std_msgs_generate_messages_py[0m
[14.349s] [  0%] Built target std_msgs_generate_messages_py
[14.433s] [35m[1mScanning dependencies of target automotive_navigation_msgs_generate_messages_lisp[0m
[14.586s] [  0%] Built target automotive_navigation_msgs_generate_messages_lisp
[14.693s] [35m[1mScanning dependencies of target automotive_platform_msgs_generate_messages_py[0m
[14.799s] [  0%] Built target automotive_platform_msgs_generate_messages_py
[14.921s] [35m[1mScanning dependencies of target autoware_msgs_generate_messages_eus[0m
[15.058s] [  0%] Built target autoware_msgs_generate_messages_eus
[15.195s] [35m[1mScanning dependencies of target geometry_msgs_generate_messages_lisp[0m
[15.318s] [  0%] Built target geometry_msgs_generate_messages_lisp
[15.440s] [35m[1mScanning dependencies of target jsk_recognition_msgs_generate_messages_lisp[0m
[15.537s] [  0%] Built target jsk_recognition_msgs_generate_messages_lisp
[15.619s] [35m[1mScanning dependencies of target automotive_platform_msgs_generate_messages_eus[0m
[15.702s] [  0%] Built target automotive_platform_msgs_generate_messages_eus
[15.768s] [35m[1mScanning dependencies of target std_msgs_generate_messages_cpp[0m
[15.890s] [  0%] Built target std_msgs_generate_messages_cpp
[15.980s] [35m[1mScanning dependencies of target autoware_msgs_generate_messages_lisp[0m
[16.058s] [  0%] Built target autoware_msgs_generate_messages_lisp
[16.126s] [35m[1mScanning dependencies of target roscpp_generate_messages_py[0m
[16.227s] [  0%] Built target roscpp_generate_messages_py
[16.320s] [35m[1mScanning dependencies of target jsk_recognition_msgs_generate_messages_nodejs[0m
[16.398s] [  0%] Built target jsk_recognition_msgs_generate_messages_nodejs
[16.474s] [35m[1mScanning dependencies of target automotive_platform_msgs_generate_messages_cpp[0m
[16.549s] [  0%] Built target automotive_platform_msgs_generate_messages_cpp
[16.633s] [35m[1mScanning dependencies of target autoware_msgs_generate_messages_nodejs[0m
[16.721s] [  0%] Built target autoware_msgs_generate_messages_nodejs
[16.834s] [35m[1mScanning dependencies of target sensor_msgs_generate_messages_py[0m
[16.911s] [  0%] Built target sensor_msgs_generate_messages_py
[16.997s] [35m[1mScanning dependencies of target jsk_recognition_msgs_generate_messages_eus[0m
[17.060s] [  0%] Built target jsk_recognition_msgs_generate_messages_eus
[17.140s] [35m[1mScanning dependencies of target rosgraph_msgs_generate_messages_lisp[0m
[17.216s] [  0%] Built target rosgraph_msgs_generate_messages_lisp
[17.332s] [35m[1mScanning dependencies of target autoware_msgs_generate_messages_py[0m
[17.414s] [  0%] Built target autoware_msgs_generate_messages_py
[17.528s] [35m[1mScanning dependencies of target roscpp_generate_messages_lisp[0m
[17.620s] [  0%] Built target roscpp_generate_messages_lisp
[17.696s] [35m[1mScanning dependencies of target rosgraph_msgs_generate_messages_py[0m
[17.814s] [  0%] Built target rosgraph_msgs_generate_messages_py
[17.907s] [35m[1mScanning dependencies of target automotive_navigation_msgs_generate_messages_py[0m
[17.987s] [  0%] Built target automotive_navigation_msgs_generate_messages_py
[18.060s] [35m[1mScanning dependencies of target autoware_msgs_generate_messages_cpp[0m
[18.147s] [  0%] Built target autoware_msgs_generate_messages_cpp
[18.230s] [35m[1mScanning dependencies of target std_msgs_generate_messages_lisp[0m
[18.353s] [  0%] Built target std_msgs_generate_messages_lisp
[18.441s] [35m[1mScanning dependencies of target jsk_recognition_msgs_generate_messages_py[0m
[18.507s] [  0%] Built target jsk_recognition_msgs_generate_messages_py
[18.617s] [35m[1mScanning dependencies of target sensor_msgs_generate_messages_cpp[0m
[18.707s] [  0%] Built target sensor_msgs_generate_messages_cpp
[18.794s] [35m[1mScanning dependencies of target pcl_msgs_generate_messages_cpp[0m
[18.901s] [  0%] Built target pcl_msgs_generate_messages_cpp
[18.993s] [35m[1mScanning dependencies of target roscpp_generate_messages_cpp[0m
[19.087s] [  0%] Built target roscpp_generate_messages_cpp
[19.185s] [35m[1mScanning dependencies of target sensor_msgs_generate_messages_eus[0m
[19.274s] [  0%] Built target sensor_msgs_generate_messages_eus
[19.374s] [35m[1mScanning dependencies of target sensor_msgs_generate_messages_lisp[0m
[19.463s] [  0%] Built target sensor_msgs_generate_messages_lisp
[19.606s] [35m[1mScanning dependencies of target pcl_msgs_generate_messages_eus[0m
[19.739s] [  0%] Built target pcl_msgs_generate_messages_eus
[19.821s] [35m[1mScanning dependencies of target automotive_platform_msgs_generate_messages_nodejs[0m
[19.933s] [  0%] Built target automotive_platform_msgs_generate_messages_nodejs
[20.010s] [35m[1mScanning dependencies of target pcl_msgs_generate_messages_nodejs[0m
[20.122s] [  0%] Built target pcl_msgs_generate_messages_nodejs
[20.244s] [35m[1mScanning dependencies of target pcl_msgs_generate_messages_lisp[0m
[20.405s] [  0%] Built target pcl_msgs_generate_messages_lisp
[20.546s] [35m[1mScanning dependencies of target automotive_navigation_msgs_generate_messages_cpp[0m
[20.649s] [  0%] Built target automotive_navigation_msgs_generate_messages_cpp
[20.757s] [35m[1mScanning dependencies of target pcl_msgs_generate_messages_py[0m
[20.862s] [  0%] Built target pcl_msgs_generate_messages_py
[21.006s] [35m[1mScanning dependencies of target sensor_msgs_generate_messages_nodejs[0m
[21.123s] [  0%] Built target sensor_msgs_generate_messages_nodejs
[21.241s] [35m[1mScanning dependencies of target jsk_footstep_msgs_generate_messages_nodejs[0m
[21.332s] [  0%] Built target jsk_footstep_msgs_generate_messages_nodejs
[21.447s] [35m[1mScanning dependencies of target actionlib_msgs_generate_messages_cpp[0m
[21.533s] [  0%] Built target actionlib_msgs_generate_messages_cpp
[21.623s] [35m[1mScanning dependencies of target std_msgs_generate_messages_eus[0m
[21.709s] [  0%] Built target std_msgs_generate_messages_eus
[21.830s] [35m[1mScanning dependencies of target actionlib_msgs_generate_messages_lisp[0m
[21.918s] [  0%] Built target actionlib_msgs_generate_messages_lisp
[22.015s] [35m[1mScanning dependencies of target actionlib_msgs_generate_messages_nodejs[0m
[22.170s] [  0%] Built target actionlib_msgs_generate_messages_nodejs
[22.312s] [35m[1mScanning dependencies of target actionlib_msgs_generate_messages_py[0m
[22.420s] [  0%] Built target actionlib_msgs_generate_messages_py
[22.578s] [35m[1mScanning dependencies of target roscpp_generate_messages_eus[0m
[22.718s] [  0%] Built target roscpp_generate_messages_eus
[22.836s] [35m[1mScanning dependencies of target jsk_footstep_msgs_generate_messages_cpp[0m
[22.928s] [  0%] Built target jsk_footstep_msgs_generate_messages_cpp
[23.041s] [35m[1mScanning dependencies of target jsk_recognition_msgs_generate_messages_cpp[0m
[23.138s] [  0%] Built target jsk_recognition_msgs_generate_messages_cpp
[23.211s] [35m[1mScanning dependencies of target std_msgs_generate_messages_nodejs[0m
[23.306s] [  0%] Built target std_msgs_generate_messages_nodejs
[23.392s] [35m[1mScanning dependencies of target geometry_msgs_generate_messages_eus[0m
[23.466s] [  0%] Built target geometry_msgs_generate_messages_eus
[23.590s] [35m[1mScanning dependencies of target jsk_footstep_msgs_generate_messages_lisp[0m
[23.688s] [  0%] Built target jsk_footstep_msgs_generate_messages_lisp
[23.784s] [35m[1mScanning dependencies of target automotive_navigation_msgs_generate_messages_nodejs[0m
[23.849s] [  0%] Built target automotive_navigation_msgs_generate_messages_nodejs
[23.930s] [35m[1mScanning dependencies of target geometry_msgs_generate_messages_nodejs[0m
[24.018s] [  0%] Built target geometry_msgs_generate_messages_nodejs
[24.107s] [35m[1mScanning dependencies of target jsk_footstep_msgs_generate_messages_py[0m
[24.218s] [  0%] Built target jsk_footstep_msgs_generate_messages_py
[24.312s] [35m[1mScanning dependencies of target geometry_msgs_generate_messages_py[0m
[24.408s] [  0%] Built target geometry_msgs_generate_messages_py
[24.488s] [35m[1mScanning dependencies of target rosgraph_msgs_generate_messages_eus[0m
[24.568s] [  0%] Built target rosgraph_msgs_generate_messages_eus
[24.688s] [35m[1mScanning dependencies of target rosgraph_msgs_generate_messages_nodejs[0m
[24.786s] [  0%] Built target rosgraph_msgs_generate_messages_nodejs
[24.860s] [35m[1mScanning dependencies of target ssc_interface[0m
[24.987s] [ 33%] [32mBuilding CXX object CMakeFiles/ssc_interface.dir/src/ssc_interface_node.cpp.o[0m
[29.579s] [ 66%] [32mBuilding CXX object CMakeFiles/ssc_interface.dir/src/ssc_interface.cpp.o[0m
[54.114s] [100%] [32m[1mLinking CXX executable devel/lib/as/ssc_interface[0m
[54.645s] [100%] Built target ssc_interface
[57.621s] [35m[1mScanning dependencies of target tests[0m
[57.750s] Built target tests
[60.795s] [  0%] Built target roscpp_generate_messages_nodejs
[61.001s] [  0%] Built target actionlib_msgs_generate_messages_eus
[61.230s] [  0%] Built target automotive_platform_msgs_generate_messages_lisp
[61.491s] [  0%] Built target rosgraph_msgs_generate_messages_cpp
[61.703s] [  0%] Built target geometry_msgs_generate_messages_cpp
[61.947s] [  0%] Built target automotive_navigation_msgs_generate_messages_eus
[62.179s] [  0%] Built target jsk_footstep_msgs_generate_messages_eus
[62.480s] [  0%] Built target std_msgs_generate_messages_py
[62.740s] [  0%] Built target automotive_navigation_msgs_generate_messages_lisp
[62.985s] [  0%] Built target automotive_platform_msgs_generate_messages_py
[63.243s] [  0%] Built target autoware_msgs_generate_messages_eus
[63.465s] [  0%] Built target geometry_msgs_generate_messages_lisp
[63.703s] [  0%] Built target jsk_recognition_msgs_generate_messages_lisp
[63.929s] [  0%] Built target automotive_platform_msgs_generate_messages_eus
[64.160s] [  0%] Built target std_msgs_generate_messages_cpp
[64.499s] [  0%] Built target autoware_msgs_generate_messages_lisp
[64.830s] [  0%] Built target roscpp_generate_messages_py
[65.031s] [  0%] Built target jsk_recognition_msgs_generate_messages_nodejs
[65.236s] [  0%] Built target automotive_platform_msgs_generate_messages_cpp
[65.440s] [  0%] Built target autoware_msgs_generate_messages_nodejs
[65.652s] [  0%] Built target sensor_msgs_generate_messages_py
[65.775s] [  0%] Built target jsk_recognition_msgs_generate_messages_eus
[65.923s] [  0%] Built target rosgraph_msgs_generate_messages_lisp
[66.097s] [  0%] Built target autoware_msgs_generate_messages_py
[66.306s] [  0%] Built target roscpp_generate_messages_lisp
[66.484s] [  0%] Built target rosgraph_msgs_generate_messages_py
[66.696s] [  0%] Built target automotive_navigation_msgs_generate_messages_py
[66.871s] [  0%] Built target autoware_msgs_generate_messages_cpp
[67.060s] [  0%] Built target std_msgs_generate_messages_lisp
[67.295s] [  0%] Built target jsk_recognition_msgs_generate_messages_py
[67.478s] [  0%] Built target sensor_msgs_generate_messages_cpp
[67.675s] [  0%] Built target pcl_msgs_generate_messages_cpp
[67.875s] [  0%] Built target roscpp_generate_messages_cpp
[68.066s] [  0%] Built target sensor_msgs_generate_messages_eus
[68.217s] [  0%] Built target sensor_msgs_generate_messages_lisp
[68.417s] [  0%] Built target pcl_msgs_generate_messages_eus
[68.549s] [  0%] Built target automotive_platform_msgs_generate_messages_nodejs
[68.705s] [  0%] Built target pcl_msgs_generate_messages_nodejs
[68.840s] [  0%] Built target pcl_msgs_generate_messages_lisp
[69.013s] [  0%] Built target automotive_navigation_msgs_generate_messages_cpp
[69.165s] [  0%] Built target pcl_msgs_generate_messages_py
[69.349s] [  0%] Built target sensor_msgs_generate_messages_nodejs
[69.565s] [  0%] Built target jsk_footstep_msgs_generate_messages_nodejs
[69.728s] [  0%] Built target actionlib_msgs_generate_messages_cpp
[69.879s] [  0%] Built target std_msgs_generate_messages_eus
[70.032s] [  0%] Built target actionlib_msgs_generate_messages_lisp
[70.187s] [  0%] Built target actionlib_msgs_generate_messages_nodejs
[70.339s] [  0%] Built target actionlib_msgs_generate_messages_py
[70.490s] [  0%] Built target roscpp_generate_messages_eus
[70.638s] [  0%] Built target jsk_footstep_msgs_generate_messages_cpp
[70.783s] [  0%] Built target jsk_recognition_msgs_generate_messages_cpp
[70.956s] [  0%] Built target std_msgs_generate_messages_nodejs
[71.131s] [  0%] Built target geometry_msgs_generate_messages_eus
[71.298s] [  0%] Built target jsk_footstep_msgs_generate_messages_lisp
[71.482s] [  0%] Built target automotive_navigation_msgs_generate_messages_nodejs
[71.650s] [  0%] Built target geometry_msgs_generate_messages_nodejs
[71.833s] [  0%] Built target jsk_footstep_msgs_generate_messages_py
[71.989s] [  0%] Built target geometry_msgs_generate_messages_py
[72.183s] [  0%] Built target rosgraph_msgs_generate_messages_eus
[72.360s] [  0%] Built target rosgraph_msgs_generate_messages_nodejs
[72.538s] [100%] Built target ssc_interface
[72.688s] [36mInstall the project...[0m
[72.739s] -- Install configuration: "Release"
[72.739s] -- Installing: /home/capstone/autoware.ai/install/as/lib/pkgconfig/as.pc
[72.740s] -- Installing: /home/capstone/autoware.ai/install/as/share/as/cmake/asConfig.cmake
[72.740s] -- Installing: /home/capstone/autoware.ai/install/as/share/as/cmake/asConfig-version.cmake
[72.741s] -- Installing: /home/capstone/autoware.ai/install/as/share/as/package.xml
[72.741s] -- Installing: /home/capstone/autoware.ai/install/as/lib/as/ssc_interface
[72.746s] -- Set runtime path of "/home/capstone/autoware.ai/install/as/lib/as/ssc_interface" to ""
[72.746s] -- Installing: /home/capstone/autoware.ai/install/as/share/as/launch
[72.747s] -- Installing: /home/capstone/autoware.ai/install/as/share/as/launch/ssc_interface.launch
