[2.208s] [  0%] Built target vector_map_msgs_generate_messages_py
[2.393s] [  0%] Built target autoware_config_msgs_generate_messages_py
[2.547s] [  0%] Built target nodelet_topic_tools_gencfg
[2.699s] [  0%] Built target sensor_msgs_generate_messages_cpp
[2.843s] [  0%] Built target autoware_config_msgs_generate_messages_nodejs
[2.986s] [  0%] Built target autoware_msgs_generate_messages_cpp
[3.133s] [  0%] Built target std_msgs_generate_messages_lisp
[3.308s] [  0%] Built target jsk_recognition_msgs_generate_messages_nodejs
[3.460s] [  0%] Built target jsk_footstep_msgs_generate_messages_lisp
[3.603s] [  0%] Built target topic_tools_generate_messages_eus
[3.745s] [  0%] Built target roscpp_generate_messages_nodejs
[3.889s] [  0%] Built target sensor_msgs_generate_messages_py
[4.042s] [  0%] Built target tf2_msgs_generate_messages_eus
[4.197s] [  0%] Built target geometry_msgs_generate_messages_py
[4.381s] [  0%] Built target jsk_footstep_msgs_generate_messages_py
[4.524s] [  0%] Built target tf_generate_messages_cpp
[4.670s] [  0%] Built target actionlib_msgs_generate_messages_py
[4.817s] [  0%] Built target jsk_footstep_msgs_generate_messages_cpp
[4.959s] [  0%] Built target jsk_recognition_msgs_generate_messages_lisp
[5.101s] [  0%] Built target geometry_msgs_generate_messages_lisp
[5.309s] [  0%] Built target autoware_msgs_generate_messages_eus
[5.461s] [  0%] Built target visualization_msgs_generate_messages_cpp
[5.610s] [  0%] Built target tf_generate_messages_eus
[5.752s] [  0%] Built target autoware_msgs_generate_messages_py
[5.897s] [  0%] Built target rosgraph_msgs_generate_messages_lisp
[6.042s] [  0%] Built target std_srvs_generate_messages_cpp
[6.189s] [  0%] Built target autoware_can_msgs_generate_messages_nodejs
[6.387s] [  0%] Built target autoware_can_msgs_generate_messages_lisp
[6.529s] [  0%] Built target sensor_msgs_generate_messages_nodejs
[6.676s] [  0%] Built target roscpp_generate_messages_py
[6.816s] [  0%] Built target vector_map_msgs_generate_messages_nodejs
[6.959s] [  0%] Built target actionlib_msgs_generate_messages_eus
[7.106s] [  0%] Built target dynamic_reconfigure_generate_messages_py
[7.290s] [  0%] Built target actionlib_generate_messages_lisp
[7.451s] [  0%] Built target autoware_can_msgs_generate_messages_cpp
[7.599s] [  0%] Built target autoware_can_msgs_generate_messages_py
[7.745s] [  0%] Built target geometry_msgs_generate_messages_nodejs
[7.888s] [  0%] Built target dynamic_reconfigure_generate_messages_eus
[8.032s] [  0%] Built target autoware_can_msgs_generate_messages_eus
[8.175s] [  0%] Built target jsk_recognition_msgs_generate_messages_eus
[8.378s] [  0%] Built target std_msgs_generate_messages_py
[8.526s] [  0%] Built target jsk_footstep_msgs_generate_messages_eus
[8.672s] [  0%] Built target autoware_config_msgs_generate_messages_cpp
[8.815s] [  0%] Built target sensor_msgs_generate_messages_eus
[8.957s] [  0%] Built target autoware_config_msgs_generate_messages_eus
[9.100s] [  0%] Built target autoware_msgs_generate_messages_nodejs
[9.258s] [  0%] Built target jsk_recognition_msgs_generate_messages_cpp
[9.429s] [  0%] Built target geometry_msgs_generate_messages_cpp
[9.577s] [  0%] Built target autoware_config_msgs_generate_messages_lisp
[9.719s] [  0%] Built target autoware_msgs_generate_messages_lisp
[9.864s] [  0%] Built target topic_tools_generate_messages_cpp
[10.010s] [  0%] Built target visualization_msgs_generate_messages_py
[10.156s] [  0%] Built target std_msgs_generate_messages_nodejs
[10.360s] [  0%] Built target nodelet_generate_messages_lisp
[10.504s] [  0%] Built target geometry_msgs_generate_messages_eus
[10.647s] [  0%] Built target roscpp_generate_messages_cpp
[10.791s] [  0%] Built target tf_generate_messages_nodejs
[10.937s] [  0%] Built target topic_tools_generate_messages_py
[11.082s] [  0%] Built target roscpp_generate_messages_eus
[11.254s] [  0%] Built target rosgraph_msgs_generate_messages_cpp
[11.427s] [  0%] Built target actionlib_generate_messages_eus
[11.569s] [  0%] Built target rosgraph_msgs_generate_messages_eus
[11.712s] [  0%] Built target rosgraph_msgs_generate_messages_nodejs
[11.854s] [  0%] Built target actionlib_generate_messages_cpp
[11.996s] [  0%] Built target std_srvs_generate_messages_py
[12.154s] [  0%] Built target actionlib_generate_messages_nodejs
[12.398s] [  0%] Built target actionlib_generate_messages_py
[12.544s] [  0%] Built target tf2_msgs_generate_messages_cpp
[12.687s] [  0%] Built target dynamic_reconfigure_generate_messages_lisp
[12.826s] [  0%] Built target tf2_msgs_generate_messages_lisp
[12.970s] [  0%] Built target tf2_msgs_generate_messages_py
[13.117s] [  0%] Built target dynamic_reconfigure_generate_messages_nodejs
[13.292s] [  0%] Built target bond_generate_messages_cpp
[13.449s] [  0%] Built target pcl_ros_gencfg
[13.598s] [  0%] Built target dynamic_reconfigure_generate_messages_cpp
[13.740s] [  0%] Built target pcl_msgs_generate_messages_cpp
[13.884s] [  0%] Built target jsk_recognition_msgs_generate_messages_py
[14.028s] [  0%] Built target dynamic_reconfigure_gencfg
[14.180s] [  0%] Built target sensor_msgs_generate_messages_lisp
[14.370s] [  0%] Built target tf2_msgs_generate_messages_nodejs
[14.514s] [  0%] Built target nodelet_generate_messages_cpp
[14.669s] [  0%] Built target nodelet_generate_messages_eus
[14.812s] [  0%] Built target nodelet_generate_messages_nodejs
[14.972s] [ 18%] Built target libtraj_gen
[15.115s] [ 18%] Built target nodelet_generate_messages_py
[15.285s] [ 18%] Built target std_srvs_generate_messages_nodejs
[15.440s] [ 18%] Built target jsk_footstep_msgs_generate_messages_nodejs
[15.588s] [ 18%] Built target bond_generate_messages_eus
[15.736s] [ 18%] Built target bond_generate_messages_lisp
[15.878s] [ 18%] Built target bond_generate_messages_nodejs
[16.023s] [ 18%] Built target bond_generate_messages_py
[16.166s] [ 18%] Built target std_srvs_generate_messages_eus
[16.372s] [ 18%] Built target std_msgs_generate_messages_eus
[16.515s] [ 18%] Built target roscpp_generate_messages_lisp
[16.660s] [ 18%] Built target std_srvs_generate_messages_lisp
[16.807s] [ 18%] Built target topic_tools_generate_messages_lisp
[16.953s] [ 18%] Built target topic_tools_generate_messages_nodejs
[17.099s] [ 18%] Built target visualization_msgs_generate_messages_eus
[17.292s] [ 18%] Built target visualization_msgs_generate_messages_lisp
[17.447s] [ 18%] Built target rosgraph_msgs_generate_messages_py
[17.594s] [ 18%] Built target visualization_msgs_generate_messages_nodejs
[17.738s] [ 18%] Built target vector_map_msgs_generate_messages_cpp
[17.883s] [ 18%] Built target std_msgs_generate_messages_cpp
[18.028s] [ 18%] Built target vector_map_msgs_generate_messages_eus
[18.188s] [ 18%] Built target pcl_msgs_generate_messages_eus
[18.392s] [ 18%] Built target vector_map_msgs_generate_messages_lisp
[18.536s] [ 18%] Built target pcl_msgs_generate_messages_nodejs
[18.682s] [ 18%] Built target pcl_msgs_generate_messages_lisp
[18.828s] [ 18%] Built target pcl_msgs_generate_messages_py
[18.976s] [ 18%] Built target actionlib_msgs_generate_messages_cpp
[19.121s] [ 18%] Built target tf_generate_messages_py
[19.303s] [ 18%] Built target actionlib_msgs_generate_messages_lisp
[19.457s] [ 18%] Built target actionlib_msgs_generate_messages_nodejs
[19.603s] [ 18%] Built target tf_generate_messages_lisp
[19.769s] [ 36%] Built target lattice_twist_convert
[19.956s] [ 63%] Built target lattice_velocity_set
[20.124s] [ 81%] Built target lattice_trajectory_gen
[20.334s] [100%] Built target path_select
[22.164s] Built target tests
[23.953s] [  0%] Built target vector_map_msgs_generate_messages_py
[24.102s] [  0%] Built target autoware_config_msgs_generate_messages_py
[24.298s] [  0%] Built target nodelet_topic_tools_gencfg
[24.457s] [  0%] Built target sensor_msgs_generate_messages_cpp
[24.609s] [  0%] Built target autoware_config_msgs_generate_messages_nodejs
[24.751s] [  0%] Built target autoware_msgs_generate_messages_cpp
[24.894s] [  0%] Built target std_msgs_generate_messages_lisp
[25.038s] [  0%] Built target jsk_recognition_msgs_generate_messages_nodejs
[25.196s] [  0%] Built target jsk_footstep_msgs_generate_messages_lisp
[25.375s] [  0%] Built target topic_tools_generate_messages_eus
[25.524s] [  0%] Built target roscpp_generate_messages_nodejs
[25.680s] [  0%] Built target sensor_msgs_generate_messages_py
[25.825s] [  0%] Built target tf2_msgs_generate_messages_eus
[25.972s] [  0%] Built target geometry_msgs_generate_messages_py
[26.114s] [  0%] Built target jsk_footstep_msgs_generate_messages_py
[26.302s] [  0%] Built target tf_generate_messages_cpp
[26.451s] [  0%] Built target actionlib_msgs_generate_messages_py
[26.602s] [  0%] Built target jsk_footstep_msgs_generate_messages_cpp
[26.747s] [  0%] Built target jsk_recognition_msgs_generate_messages_lisp
[26.892s] [  0%] Built target geometry_msgs_generate_messages_lisp
[27.039s] [  0%] Built target autoware_msgs_generate_messages_eus
[27.199s] [  0%] Built target visualization_msgs_generate_messages_cpp
[27.396s] [  0%] Built target tf_generate_messages_eus
[27.543s] [  0%] Built target autoware_msgs_generate_messages_py
[27.700s] [  0%] Built target rosgraph_msgs_generate_messages_lisp
[27.844s] [  0%] Built target std_srvs_generate_messages_cpp
[27.990s] [  0%] Built target autoware_can_msgs_generate_messages_nodejs
[28.138s] [  0%] Built target autoware_can_msgs_generate_messages_lisp
[28.307s] [  0%] Built target sensor_msgs_generate_messages_nodejs
[28.456s] [  0%] Built target roscpp_generate_messages_py
[28.603s] [  0%] Built target vector_map_msgs_generate_messages_nodejs
[28.749s] [  0%] Built target actionlib_msgs_generate_messages_eus
[28.893s] [  0%] Built target dynamic_reconfigure_generate_messages_py
[29.037s] [  0%] Built target actionlib_generate_messages_lisp
[29.180s] [  0%] Built target autoware_can_msgs_generate_messages_cpp
[29.403s] [  0%] Built target autoware_can_msgs_generate_messages_py
[29.551s] [  0%] Built target geometry_msgs_generate_messages_nodejs
[29.696s] [  0%] Built target dynamic_reconfigure_generate_messages_eus
[29.838s] [  0%] Built target autoware_can_msgs_generate_messages_eus
[29.982s] [  0%] Built target jsk_recognition_msgs_generate_messages_eus
[30.126s] [  0%] Built target std_msgs_generate_messages_py
[30.313s] [  0%] Built target jsk_footstep_msgs_generate_messages_eus
[30.461s] [  0%] Built target autoware_config_msgs_generate_messages_cpp
[30.606s] [  0%] Built target sensor_msgs_generate_messages_eus
[30.749s] [  0%] Built target autoware_config_msgs_generate_messages_eus
[30.894s] [  0%] Built target autoware_msgs_generate_messages_nodejs
[31.038s] [  0%] Built target jsk_recognition_msgs_generate_messages_cpp
[31.198s] [  0%] Built target geometry_msgs_generate_messages_cpp
[31.386s] [  0%] Built target autoware_config_msgs_generate_messages_lisp
[31.531s] [  0%] Built target autoware_msgs_generate_messages_lisp
[31.675s] [  0%] Built target topic_tools_generate_messages_cpp
[31.817s] [  0%] Built target visualization_msgs_generate_messages_py
[31.961s] [  0%] Built target std_msgs_generate_messages_nodejs
[32.113s] [  0%] Built target nodelet_generate_messages_lisp
[32.308s] [  0%] Built target geometry_msgs_generate_messages_eus
[32.453s] [  0%] Built target roscpp_generate_messages_cpp
[32.609s] [  0%] Built target tf_generate_messages_nodejs
[32.748s] [  0%] Built target topic_tools_generate_messages_py
[32.891s] [  0%] Built target roscpp_generate_messages_eus
[33.043s] [  0%] Built target rosgraph_msgs_generate_messages_cpp
[33.191s] [  0%] Built target actionlib_generate_messages_eus
[33.380s] [  0%] Built target rosgraph_msgs_generate_messages_eus
[33.525s] [  0%] Built target rosgraph_msgs_generate_messages_nodejs
[33.669s] [  0%] Built target actionlib_generate_messages_cpp
[33.815s] [  0%] Built target std_srvs_generate_messages_py
[33.959s] [  0%] Built target actionlib_generate_messages_nodejs
[34.111s] [  0%] Built target actionlib_generate_messages_py
[34.337s] [  0%] Built target tf2_msgs_generate_messages_cpp
[34.497s] [  0%] Built target dynamic_reconfigure_generate_messages_lisp
[34.640s] [  0%] Built target tf2_msgs_generate_messages_lisp
[34.789s] [  0%] Built target tf2_msgs_generate_messages_py
[34.937s] [  0%] Built target dynamic_reconfigure_generate_messages_nodejs
[35.084s] [  0%] Built target bond_generate_messages_cpp
[35.242s] [  0%] Built target pcl_ros_gencfg
[35.440s] [  0%] Built target dynamic_reconfigure_generate_messages_cpp
[35.584s] [  0%] Built target pcl_msgs_generate_messages_cpp
[35.732s] [  0%] Built target jsk_recognition_msgs_generate_messages_py
[35.876s] [  0%] Built target dynamic_reconfigure_gencfg
[36.022s] [  0%] Built target sensor_msgs_generate_messages_lisp
[36.187s] [  0%] Built target tf2_msgs_generate_messages_nodejs
[36.388s] [  0%] Built target nodelet_generate_messages_cpp
[36.531s] [  0%] Built target nodelet_generate_messages_eus
[36.679s] [  0%] Built target nodelet_generate_messages_nodejs
[36.839s] [ 18%] Built target libtraj_gen
[36.981s] [ 18%] Built target nodelet_generate_messages_py
[37.130s] [ 18%] Built target std_srvs_generate_messages_nodejs
[37.336s] [ 18%] Built target jsk_footstep_msgs_generate_messages_nodejs
[37.521s] [ 18%] Built target bond_generate_messages_eus
[37.664s] [ 18%] Built target bond_generate_messages_lisp
[37.807s] [ 18%] Built target bond_generate_messages_nodejs
[37.946s] [ 18%] Built target bond_generate_messages_py
[38.088s] [ 18%] Built target std_srvs_generate_messages_eus
[38.241s] [ 18%] Built target std_msgs_generate_messages_eus
[38.409s] [ 18%] Built target roscpp_generate_messages_lisp
[38.547s] [ 18%] Built target std_srvs_generate_messages_lisp
[38.684s] [ 18%] Built target topic_tools_generate_messages_lisp
[38.814s] [ 18%] Built target topic_tools_generate_messages_nodejs
[38.949s] [ 18%] Built target visualization_msgs_generate_messages_eus
[39.087s] [ 18%] Built target visualization_msgs_generate_messages_lisp
[39.251s] [ 18%] Built target rosgraph_msgs_generate_messages_py
[39.425s] [ 18%] Built target visualization_msgs_generate_messages_nodejs
[39.563s] [ 18%] Built target vector_map_msgs_generate_messages_cpp
[39.694s] [ 18%] Built target std_msgs_generate_messages_cpp
[39.828s] [ 18%] Built target vector_map_msgs_generate_messages_eus
[39.955s] [ 18%] Built target pcl_msgs_generate_messages_eus
[40.081s] [ 18%] Built target vector_map_msgs_generate_messages_lisp
[40.219s] [ 18%] Built target pcl_msgs_generate_messages_nodejs
[40.417s] [ 18%] Built target pcl_msgs_generate_messages_lisp
[40.549s] [ 18%] Built target pcl_msgs_generate_messages_py
[40.685s] [ 18%] Built target actionlib_msgs_generate_messages_cpp
[40.811s] [ 18%] Built target tf_generate_messages_py
[40.941s] [ 18%] Built target actionlib_msgs_generate_messages_lisp
[41.068s] [ 18%] Built target actionlib_msgs_generate_messages_nodejs
[41.197s] [ 18%] Built target tf_generate_messages_lisp
[41.380s] [ 36%] Built target lattice_twist_convert
[41.551s] [ 63%] Built target lattice_velocity_set
[41.703s] [ 81%] Built target lattice_trajectory_gen
[41.855s] [100%] Built target path_select
[41.986s] [36mInstall the project...[0m
[42.040s] -- Install configuration: "Release"
[42.041s] -- Up-to-date: /home/capstone/autoware.ai/install/lattice_planner/lib/pkgconfig/lattice_planner.pc
[42.041s] -- Up-to-date: /home/capstone/autoware.ai/install/lattice_planner/share/lattice_planner/cmake/lattice_plannerConfig.cmake
[42.041s] -- Up-to-date: /home/capstone/autoware.ai/install/lattice_planner/share/lattice_planner/cmake/lattice_plannerConfig-version.cmake
[42.041s] -- Up-to-date: /home/capstone/autoware.ai/install/lattice_planner/share/lattice_planner/package.xml
[42.041s] -- Up-to-date: /home/capstone/autoware.ai/install/lattice_planner/lib/liblibtraj_gen.so
[42.042s] -- Up-to-date: /home/capstone/autoware.ai/install/lattice_planner/lib/lattice_planner/lattice_trajectory_gen
[42.043s] -- Up-to-date: /home/capstone/autoware.ai/install/lattice_planner/lib/lattice_planner/lattice_twist_convert
[42.043s] -- Up-to-date: /home/capstone/autoware.ai/install/lattice_planner/lib/lattice_planner/lattice_velocity_set
[42.044s] -- Up-to-date: /home/capstone/autoware.ai/install/lattice_planner/lib/lattice_planner/path_select
[42.045s] -- Up-to-date: /home/capstone/autoware.ai/install/lattice_planner/share/lattice_planner/launch
[42.045s] -- Up-to-date: /home/capstone/autoware.ai/install/lattice_planner/share/lattice_planner/launch/lattice_velocity_set.launch
[42.045s] -- Up-to-date: /home/capstone/autoware.ai/install/lattice_planner/share/lattice_planner/launch/lattice_trajectory_gen.launch
