[0.436s] -- CUDA compilation status: 1.
[0.436s] -- Using CATKIN_DEVEL_PREFIX: /home/capstone/autoware.ai/build/lidar_shape_estimation/devel
[0.437s] -- Using CMAKE_PREFIX_PATH: /home/capstone/autoware.ai/install/autoware_msgs;/home/capstone/autoware.ai/install/autoware_build_flags;/home/capstone/autoware.ai/install/ymc;/home/capstone/autoware.ai/install/xsens_driver;/home/capstone/autoware.ai/install/wf_simulator;/home/capstone/autoware.ai/install/lattice_planner;/home/capstone/autoware.ai/install/waypoint_planner;/home/capstone/autoware.ai/install/waypoint_maker;/home/capstone/autoware.ai/install/way_planner;/home/capstone/autoware.ai/install/vlg22c_cam;/home/capstone/autoware.ai/install/vision_ssd_detect;/home/capstone/autoware.ai/install/vision_segment_enet_detect;/home/capstone/autoware.ai/install/vision_lane_detect;/home/capstone/autoware.ai/install/vision_darknet_detect;/home/capstone/autoware.ai/install/vision_beyond_track;/home/capstone/autoware.ai/install/vel_pose_diff_checker;/home/capstone/autoware.ai/install/vehicle_socket;/home/capstone/autoware.ai/install/vehicle_sim_model;/home/capstone/autoware.ai/install/vehicle_model;/home/capstone/autoware.ai/install/vehicle_gazebo_simulation_launcher;/home/capstone/autoware.ai/install/vehicle_gazebo_simulation_interface;/home/capstone/autoware.ai/install/vehicle_engage_panel;/home/capstone/autoware.ai/install/vehicle_description;/home/capstone/autoware.ai/install/trafficlight_recognizer;/home/capstone/autoware.ai/install/op_utilities;/home/capstone/autoware.ai/install/op_simulation_package;/home/capstone/autoware.ai/install/op_local_planner;/home/capstone/autoware.ai/install/op_global_planner;/home/capstone/autoware.ai/install/lidar_kf_contour_track;/home/capstone/autoware.ai/install/op_ros_helpers;/home/capstone/autoware.ai/install/ff_waypoint_follower;/home/capstone/autoware.ai/install/dp_planner;/home/capstone/autoware.ai/install/op_simu;/home/capstone/autoware.ai/install/op_planner;/home/capstone/autoware.ai/install/op_utility;/home/capstone/autoware.ai/install/lidar_euclidean_cluster_detect;/home/capstone/autoware.ai/install/vector_map_server;/home/capstone/autoware.ai/install/road_occupancy_processor;/home/capstone/autoware.ai/install/costmap_generator;/home/capstone/autoware.ai/install/object_map;/home/capstone/autoware.ai/install/naive_motion_predict;/home/capstone/autoware.ai/install/lanelet_aisan_converter;/home/capstone/autoware.ai/install/map_file;/home/capstone/autoware.ai/install/libvectormap;/home/capstone/autoware.ai/install/lane_planner;/home/capstone/autoware.ai/install/imm_ukf_pda_track;/home/capstone/autoware.ai/install/decision_maker;/home/capstone/autoware.ai/install/vector_map;/home/capstone/autoware.ai/install/vector_map_msgs;/home/capstone/autoware.ai/install/vectacam;/home/capstone/autoware.ai/install/udon_socket;/home/capstone/autoware.ai/install/twist_generator;/home/capstone/autoware.ai/install/twist_gate;/home/capstone/autoware.ai/install/twist_filter;/home/capstone/autoware.ai/install/twist2odom;/home/capstone/autoware.ai/install/tablet_socket;/home/capstone/autoware.ai/install/runtime_manager;/home/capstone/autoware.ai/install/mqtt_socket;/home/capstone/autoware.ai/install/tablet_socket_msgs;/home/capstone/autoware.ai/install/state_machine_lib;/home/capstone/autoware.ai/install/sound_player;/home/capstone/autoware.ai/install/sick_lms5xx;/home/capstone/autoware.ai/install/sick_ldmrs_tools;/home/capstone/autoware.ai/install/sick_ldmrs_driver;/home/capstone/autoware.ai/install/sick_ldmrs_msgs;/home/capstone/autoware.ai/install/sick_ldmrs_description;/home/capstone/autoware.ai/install/points2image;/home/capstone/autoware.ai/install/rosinterface;/home/capstone/autoware.ai/install/rosbag_controller;/home/capstone/autoware.ai/install/pure_pursuit;/home/capstone/autoware.ai/install/points_preprocessor;/home/capstone/autoware.ai/install/mpc_follower;/home/capstone/autoware.ai/install/lidar_localizer;/home/capstone/autoware.ai/install/emergency_handler;/home/capstone/autoware.ai/install/autoware_health_checker;/home/capstone/autoware.ai/install/as;/home/capstone/autoware.ai/install/ros_observer;/home/capstone/autoware.ai/install/roi_object_filter;/home/capstone/autoware.ai/install/range_vision_fusion;/home/capstone/autoware.ai/install/pos_db;/home/capstone/autoware.ai/install/points_downsampler;/home/capstone/autoware.ai/install/pixel_cloud_fusion;/home/capstone/autoware.ai/install/pcl_omp_registration;/home/capstone/autoware.ai/install/pc2_downsampler;/home/capstone/autoware.ai/install/oculus_socket;/home/capstone/autoware.ai/install/obj_db;/home/capstone/autoware.ai/install/nmea_navsat;/home/capstone/autoware.ai/install/ndt_tku;/home/capstone/autoware.ai/install/ndt_gpu;/home/capstone/autoware.ai/install/ndt_cpu;/home/capstone/autoware.ai/install/multi_lidar_calibrator;/home/capstone/autoware.ai/install/mrt_cmake_modules;/home/capstone/autoware.ai/install/microstrain_driver;/home/capstone/autoware.ai/install/memsic_imu;/home/capstone/autoware.ai/install/marker_downsampler;/home/capstone/autoware.ai/install/map_tools;/home/capstone/autoware.ai/install/map_tf_generator;/home/capstone/autoware.ai/install/log_tools;/home/capstone/autoware.ai/install/lidar_shape_estimation;/home/capstone/autoware.ai/install/lidar_point_pillars;/home/capstone/autoware.ai/install/lidar_naive_l_shape_detect;/home/capstone/autoware.ai/install/lidar_fake_perception;/home/capstone/autoware.ai/install/lidar_apollo_cnn_seg_detect;/home/capstone/autoware.ai/install/libwaypoint_follower;/home/capstone/autoware.ai/install/lgsvl_simulator_bridge;/home/capstone/autoware.ai/install/lanelet2_extension;/home/capstone/autoware.ai/install/lanelet2_validation;/home/capstone/autoware.ai/install/lanelet2_examples;/home/capstone/autoware.ai/install/lanelet2_python;/home/capstone/autoware.ai/install/lanelet2_routing;/home/capstone/autoware.ai/install/lanelet2_traffic_rules;/home/capstone/autoware.ai/install/lanelet2_projection;/home/capstone/autoware.ai/install/lanelet2_maps;/home/capstone/autoware.ai/install/lanelet2_io;/home/capstone/autoware.ai/install/lanelet2_core;/home/capstone/autoware.ai/install/kvaser;/home/capstone/autoware.ai/install/kitti_launch;/home/capstone/autoware.ai/install/kitti_player;/home/capstone/autoware.ai/install/kitti_box_publisher;/home/capstone/autoware.ai/install/javad_navsat_driver;/home/capstone/autoware.ai/install/integrated_viewer;/home/capstone/autoware.ai/install/image_processor;/home/capstone/autoware.ai/install/hokuyo;/home/capstone/autoware.ai/install/graph_tools;/home/capstone/autoware.ai/install/gnss_localizer;/home/capstone/autoware.ai/install/gnss;/home/capstone/autoware.ai/install/glviewer;/home/capstone/autoware.ai/install/gazebo_world_description;/home/capstone/autoware.ai/install/gazebo_imu_description;/home/capstone/autoware.ai/install/gazebo_camera_description;/home/capstone/autoware.ai/install/garmin;/home/capstone/autoware.ai/install/freespace_planner;/home/capstone/autoware.ai/install/fastvirtualscan;/home/capstone/autoware.ai/install/ekf_localizer;/home/capstone/autoware.ai/install/ds4_msgs;/home/capstone/autoware.ai/install/ds4_driver;/home/capstone/autoware.ai/install/detected_objects_visualizer;/home/capstone/autoware.ai/install/decision_maker_panel;/home/capstone/autoware.ai/install/data_preprocessor;/home/capstone/autoware.ai/install/custom_msgs;/home/capstone/autoware.ai/install/carla_autoware_bridge;/home/capstone/autoware.ai/install/calibration_publisher;/home/capstone/autoware.ai/install/autoware_system_msgs;/home/capstone/autoware.ai/install/autoware_rviz_plugins;/home/capstone/autoware.ai/install/autoware_quickstart_examples;/home/capstone/autoware.ai/install/autoware_pointgrey_drivers;/home/capstone/autoware.ai/install/autoware_driveworks_interface;/home/capstone/autoware.ai/install/autoware_connector;/home/capstone/autoware.ai/install/autoware_camera_lidar_calibrator;/home/capstone/autoware.ai/install/astar_search;/home/capstone/autoware.ai/install/amathutils_lib;/home/capstone/autoware.ai/install/autoware_map_msgs;/home/capstone/autoware.ai/install/autoware_launcher_rviz;/home/capstone/autoware.ai/install/autoware_launcher;/home/capstone/autoware.ai/install/autoware_lanelet2_msgs;/home/capstone/autoware.ai/install/autoware_external_msgs;/home/capstone/autoware.ai/install/autoware_driveworks_gmsl_interface;/home/capstone/autoware.ai/install/autoware_config_msgs;/home/capstone/autoware.ai/install/autoware_can_msgs;/home/capstone/autoware.ai/install/autoware_bag_tools;/home/capstone/autoware.ai/install/adi_driver;/opt/carla-ros-bridge/melodic;/opt/ros/melodic
[0.452s] -- This workspace overlays: /home/capstone/autoware.ai/install/autoware_msgs;/home/capstone/autoware.ai/install/autoware_build_flags;/home/capstone/autoware.ai/install/ymc;/home/capstone/autoware.ai/install/xsens_driver;/home/capstone/autoware.ai/install/wf_simulator;/home/capstone/autoware.ai/install/lattice_planner;/home/capstone/autoware.ai/install/waypoint_planner;/home/capstone/autoware.ai/install/waypoint_maker;/home/capstone/autoware.ai/install/way_planner;/home/capstone/autoware.ai/install/vlg22c_cam;/home/capstone/autoware.ai/install/vision_ssd_detect;/home/capstone/autoware.ai/install/vision_segment_enet_detect;/home/capstone/autoware.ai/install/vision_lane_detect;/home/capstone/autoware.ai/install/vision_darknet_detect;/home/capstone/autoware.ai/install/vision_beyond_track;/home/capstone/autoware.ai/install/vel_pose_diff_checker;/home/capstone/autoware.ai/install/vehicle_socket;/home/capstone/autoware.ai/install/vehicle_sim_model;/home/capstone/autoware.ai/install/vehicle_model;/home/capstone/autoware.ai/install/vehicle_gazebo_simulation_launcher;/home/capstone/autoware.ai/install/vehicle_gazebo_simulation_interface;/home/capstone/autoware.ai/install/vehicle_engage_panel;/home/capstone/autoware.ai/install/vehicle_description;/home/capstone/autoware.ai/install/trafficlight_recognizer;/home/capstone/autoware.ai/install/op_utilities;/home/capstone/autoware.ai/install/op_simulation_package;/home/capstone/autoware.ai/install/op_local_planner;/home/capstone/autoware.ai/install/op_global_planner;/home/capstone/autoware.ai/install/lidar_kf_contour_track;/home/capstone/autoware.ai/install/op_ros_helpers;/home/capstone/autoware.ai/install/ff_waypoint_follower;/home/capstone/autoware.ai/install/dp_planner;/home/capstone/autoware.ai/install/op_simu;/home/capstone/autoware.ai/install/op_planner;/home/capstone/autoware.ai/install/op_utility;/home/capstone/autoware.ai/install/lidar_euclidean_cluster_detect;/home/capstone/autoware.ai/install/vector_map_server;/home/capstone/autoware.ai/install/road_occupancy_processor;/home/capstone/autoware.ai/install/costmap_generator;/home/capstone/autoware.ai/install/object_map;/home/capstone/autoware.ai/install/naive_motion_predict;/home/capstone/autoware.ai/install/lanelet_aisan_converter;/home/capstone/autoware.ai/install/map_file;/home/capstone/autoware.ai/install/libvectormap;/home/capstone/autoware.ai/install/lane_planner;/home/capstone/autoware.ai/install/imm_ukf_pda_track;/home/capstone/autoware.ai/install/decision_maker;/home/capstone/autoware.ai/install/vector_map;/home/capstone/autoware.ai/install/vector_map_msgs;/home/capstone/autoware.ai/install/vectacam;/home/capstone/autoware.ai/install/udon_socket;/home/capstone/autoware.ai/install/twist_generator;/home/capstone/autoware.ai/install/twist_gate;/home/capstone/autoware.ai/install/twist_filter;/home/capstone/autoware.ai/install/twist2odom;/home/capstone/autoware.ai/install/tablet_socket;/home/capstone/autoware.ai/install/runtime_manager;/home/capstone/autoware.ai/install/mqtt_socket;/home/capstone/autoware.ai/install/tablet_socket_msgs;/home/capstone/autoware.ai/install/state_machine_lib;/home/capstone/autoware.ai/install/sound_player;/home/capstone/autoware.ai/install/sick_lms5xx;/home/capstone/autoware.ai/install/sick_ldmrs_tools;/home/capstone/autoware.ai/install/sick_ldmrs_driver;/home/capstone/autoware.ai/install/sick_ldmrs_msgs;/home/capstone/autoware.ai/install/sick_ldmrs_description;/home/capstone/autoware.ai/install/points2image;/home/capstone/autoware.ai/install/rosinterface;/home/capstone/autoware.ai/install/rosbag_controller;/home/capstone/autoware.ai/install/pure_pursuit;/home/capstone/autoware.ai/install/points_preprocessor;/home/capstone/autoware.ai/install/mpc_follower;/home/capstone/autoware.ai/install/lidar_localizer;/home/capstone/autoware.ai/install/emergency_handler;/home/capstone/autoware.ai/install/autoware_health_checker;/home/capstone/autoware.ai/install/as;/home/capstone/autoware.ai/install/ros_observer;/home/capstone/autoware.ai/install/roi_object_filter;/home/capstone/autoware.ai/install/range_vision_fusion;/home/capstone/autoware.ai/install/pos_db;/home/capstone/autoware.ai/install/points_downsampler;/home/capstone/autoware.ai/install/pixel_cloud_fusion;/home/capstone/autoware.ai/install/pcl_omp_registration;/home/capstone/autoware.ai/install/pc2_downsampler;/home/capstone/autoware.ai/install/oculus_socket;/home/capstone/autoware.ai/install/obj_db;/home/capstone/autoware.ai/install/nmea_navsat;/home/capstone/autoware.ai/install/ndt_tku;/home/capstone/autoware.ai/install/ndt_gpu;/home/capstone/autoware.ai/install/ndt_cpu;/home/capstone/autoware.ai/install/multi_lidar_calibrator;/home/capstone/autoware.ai/install/mrt_cmake_modules;/home/capstone/autoware.ai/install/microstrain_driver;/home/capstone/autoware.ai/install/memsic_imu;/home/capstone/autoware.ai/install/marker_downsampler;/home/capstone/autoware.ai/install/map_tools;/home/capstone/autoware.ai/install/map_tf_generator;/home/capstone/autoware.ai/install/log_tools;/home/capstone/autoware.ai/install/lidar_shape_estimation;/home/capstone/autoware.ai/install/lidar_point_pillars;/home/capstone/autoware.ai/install/lidar_naive_l_shape_detect;/home/capstone/autoware.ai/install/lidar_fake_perception;/home/capstone/autoware.ai/install/lidar_apollo_cnn_seg_detect;/home/capstone/autoware.ai/install/libwaypoint_follower;/home/capstone/autoware.ai/install/lgsvl_simulator_bridge;/home/capstone/autoware.ai/install/lanelet2_extension;/home/capstone/autoware.ai/install/lanelet2_validation;/home/capstone/autoware.ai/install/lanelet2_examples;/home/capstone/autoware.ai/install/lanelet2_python;/home/capstone/autoware.ai/install/lanelet2_routing;/home/capstone/autoware.ai/install/lanelet2_traffic_rules;/home/capstone/autoware.ai/install/lanelet2_projection;/home/capstone/autoware.ai/install/lanelet2_maps;/home/capstone/autoware.ai/install/lanelet2_io;/home/capstone/autoware.ai/install/lanelet2_core;/home/capstone/autoware.ai/install/kvaser;/home/capstone/autoware.ai/install/kitti_launch;/home/capstone/autoware.ai/install/kitti_player;/home/capstone/autoware.ai/install/kitti_box_publisher;/home/capstone/autoware.ai/install/javad_navsat_driver;/home/capstone/autoware.ai/install/integrated_viewer;/home/capstone/autoware.ai/install/image_processor;/home/capstone/autoware.ai/install/hokuyo;/home/capstone/autoware.ai/install/graph_tools;/home/capstone/autoware.ai/install/gnss_localizer;/home/capstone/autoware.ai/install/gnss;/home/capstone/autoware.ai/install/glviewer;/home/capstone/autoware.ai/install/gazebo_world_description;/home/capstone/autoware.ai/install/gazebo_imu_description;/home/capstone/autoware.ai/install/gazebo_camera_description;/home/capstone/autoware.ai/install/garmin;/home/capstone/autoware.ai/install/freespace_planner;/home/capstone/autoware.ai/install/fastvirtualscan;/home/capstone/autoware.ai/install/ekf_localizer;/home/capstone/autoware.ai/install/ds4_msgs;/home/capstone/autoware.ai/install/ds4_driver;/home/capstone/autoware.ai/install/detected_objects_visualizer;/home/capstone/autoware.ai/install/decision_maker_panel;/home/capstone/autoware.ai/install/data_preprocessor;/home/capstone/autoware.ai/install/custom_msgs;/home/capstone/autoware.ai/install/carla_autoware_bridge;/home/capstone/autoware.ai/install/calibration_publisher;/home/capstone/autoware.ai/install/autoware_system_msgs;/home/capstone/autoware.ai/install/autoware_rviz_plugins;/home/capstone/autoware.ai/install/autoware_quickstart_examples;/home/capstone/autoware.ai/install/autoware_pointgrey_drivers;/home/capstone/autoware.ai/install/autoware_driveworks_interface;/home/capstone/autoware.ai/install/autoware_connector;/home/capstone/autoware.ai/install/autoware_camera_lidar_calibrator;/home/capstone/autoware.ai/install/astar_search;/home/capstone/autoware.ai/install/amathutils_lib;/home/capstone/autoware.ai/install/autoware_map_msgs;/home/capstone/autoware.ai/install/autoware_launcher_rviz;/home/capstone/autoware.ai/install/autoware_launcher;/home/capstone/autoware.ai/install/autoware_lanelet2_msgs;/home/capstone/autoware.ai/install/autoware_external_msgs;/home/capstone/autoware.ai/install/autoware_driveworks_gmsl_interface;/home/capstone/autoware.ai/install/autoware_config_msgs;/home/capstone/autoware.ai/install/autoware_can_msgs;/home/capstone/autoware.ai/install/autoware_bag_tools;/home/capstone/autoware.ai/install/adi_driver;/opt/carla-ros-bridge/melodic;/opt/ros/melodic
[0.530s] -- Found PythonInterp: /usr/bin/python2 (found suitable version "2.7.17", minimum required is "2") 
[0.531s] -- Using PYTHON_EXECUTABLE: /usr/bin/python2
[0.531s] -- Using Debian Python package layout
[0.536s] -- Using empy: /usr/bin/empy
[0.870s] -- Using CATKIN_ENABLE_TESTING: ON
[0.870s] -- Call enable_testing()
[0.872s] -- Using CATKIN_TEST_RESULTS_DIR: /home/capstone/autoware.ai/build/lidar_shape_estimation/test_results
[1.012s] -- Found gtest sources under '/usr/src/googletest': gtests will be built
[1.012s] -- Found gmock sources under '/usr/src/googletest': gmock will be built
[1.110s] -- Found PythonInterp: /usr/bin/python2 (found version "2.7.17") 
[1.122s] -- Using Python nosetests: /usr/bin/nosetests-2.7
[1.339s] -- catkin 0.7.23
[1.340s] -- BUILD_SHARED_LIBS is on
[2.217s] -- Using these message generators: gencpp;geneus;genlisp;gennodejs;genpy
[4.809s] -- Boost version: 1.65.1
[4.810s] -- Found the following Boost libraries:
[4.810s] --   system
[4.810s] --   filesystem
[4.811s] --   thread
[4.811s] --   date_time
[4.811s] --   iostreams
[4.811s] --   serialization
[4.812s] --   chrono
[4.812s] --   atomic
[4.812s] --   regex
[4.853s] -- Could NOT find ensenso (missing: ENSENSO_LIBRARY ENSENSO_INCLUDE_DIR) 
[4.853s] ** WARNING ** io features related to ensenso will be disabled
[4.875s] -- Could NOT find DAVIDSDK (missing: DAVIDSDK_LIBRARY DAVIDSDK_INCLUDE_DIR) 
[4.875s] ** WARNING ** io features related to davidSDK will be disabled
[4.882s] -- Could NOT find DSSDK (missing: _DSSDK_LIBRARIES) 
[4.883s] ** WARNING ** io features related to dssdk will be disabled
[4.884s] ** WARNING ** io features related to pcap will be disabled
[4.884s] ** WARNING ** io features related to png will be disabled
[5.019s] -- The imported target "vtkRenderingPythonTkWidgets" references the file
[5.019s]    "/usr/lib/x86_64-linux-gnu/libvtkRenderingPythonTkWidgets.so"
[5.019s] but this file does not exist.  Possible reasons include:
[5.019s] * The file was deleted, renamed, or moved to another location.
[5.020s] * An install or uninstall procedure did not complete successfully.
[5.020s] * The installation package was faulty and contained
[5.020s]    "/usr/lib/cmake/vtk-6.3/VTKTargets.cmake"
[5.020s] but not all the files it references.
[5.020s] 
[5.021s] -- The imported target "vtk" references the file
[5.021s]    "/usr/bin/vtk"
[5.021s] but this file does not exist.  Possible reasons include:
[5.021s] * The file was deleted, renamed, or moved to another location.
[5.021s] * An install or uninstall procedure did not complete successfully.
[5.021s] * The installation package was faulty and contained
[5.022s]    "/usr/lib/cmake/vtk-6.3/VTKTargets.cmake"
[5.022s] but not all the files it references.
[5.022s] 
[5.177s] ** WARNING ** io features related to libusb-1.0 will be disabled
[5.297s] -- Could NOT find ensenso (missing: ENSENSO_LIBRARY ENSENSO_INCLUDE_DIR) 
[5.298s] ** WARNING ** visualization features related to ensenso will be disabled
[5.318s] -- Could NOT find DAVIDSDK (missing: DAVIDSDK_LIBRARY DAVIDSDK_INCLUDE_DIR) 
[5.318s] ** WARNING ** visualization features related to davidSDK will be disabled
[5.325s] -- Could NOT find DSSDK (missing: _DSSDK_LIBRARIES) 
[5.326s] ** WARNING ** visualization features related to dssdk will be disabled
[5.331s] -- Could NOT find RSSDK (missing: _RSSDK_LIBRARIES) 
[5.332s] ** WARNING ** visualization features related to rssdk will be disabled
[5.486s] -- looking for PCL_COMMON
[5.488s] -- looking for PCL_OCTREE
[5.490s] -- looking for PCL_IO
[5.492s] -- looking for PCL_KDTREE
[5.494s] -- looking for PCL_SEARCH
[5.496s] -- looking for PCL_SAMPLE_CONSENSUS
[5.498s] -- looking for PCL_FILTERS
[5.500s] -- looking for PCL_2D
[5.502s] -- looking for PCL_GEOMETRY
[5.504s] -- looking for PCL_FEATURES
[5.506s] -- looking for PCL_ML
[5.508s] -- looking for PCL_SEGMENTATION
[5.512s] -- looking for PCL_VISUALIZATION
[5.514s] -- looking for PCL_SURFACE
[5.516s] -- looking for PCL_REGISTRATION
[5.519s] -- looking for PCL_KEYPOINTS
[5.521s] -- looking for PCL_TRACKING
[5.524s] -- looking for PCL_RECOGNITION
[5.527s] -- looking for PCL_STEREO
[5.529s] -- looking for PCL_APPS
[5.537s] -- looking for PCL_IN_HAND_SCANNER
[5.538s] -- looking for PCL_MODELER
[5.540s] -- looking for PCL_POINT_CLOUD_EDITOR
[5.541s] -- looking for PCL_OUTOFCORE
[5.543s] -- looking for PCL_PEOPLE
[6.289s] -- Configuring done
[7.019s] -- Generating done
[7.088s] -- Build files have been written to: /home/capstone/autoware.ai/build/lidar_shape_estimation
[7.369s] [  0%] Built target rosgraph_msgs_generate_messages_cpp
[7.527s] [  0%] Built target std_srvs_generate_messages_lisp
[7.697s] [  0%] Built target std_srvs_generate_messages_eus
[7.866s] [  0%] Built target bond_generate_messages_py
[8.038s] [  0%] Built target bond_generate_messages_nodejs
[8.251s] [  0%] Built target bond_generate_messages_lisp
[8.395s] [  0%] Built target bond_generate_messages_eus
[8.538s] [  0%] Built target std_srvs_generate_messages_nodejs
[8.681s] [  0%] Built target nodelet_generate_messages_py
[8.828s] [  0%] Built target nodelet_generate_messages_nodejs
[8.984s] [  0%] Built target nodelet_generate_messages_eus
[9.175s] [  0%] Built target nodelet_generate_messages_cpp
[9.327s] [  0%] Built target rosgraph_msgs_generate_messages_py
[9.470s] [  0%] Built target rosgraph_msgs_generate_messages_nodejs
[9.609s] [  0%] Built target std_srvs_generate_messages_py
[9.750s] [  0%] Built target rosgraph_msgs_generate_messages_eus
[9.896s] [  0%] Built target jsk_recognition_msgs_generate_messages_lisp
[10.044s] [  0%] Built target jsk_recognition_msgs_generate_messages_eus
[10.225s] [  0%] Built target std_msgs_generate_messages_py
[10.379s] [  0%] Built target jsk_recognition_msgs_generate_messages_cpp
[10.533s] [  0%] Built target geometry_msgs_generate_messages_lisp
[10.699s] [  0%] Built target autoware_msgs_generate_messages_eus
[10.844s] [  0%] Built target nodelet_generate_messages_lisp
[10.995s] [  0%] Built target std_msgs_generate_messages_nodejs
[11.175s] [  0%] Built target geometry_msgs_generate_messages_eus
[11.333s] [  0%] Built target std_msgs_generate_messages_cpp
[11.482s] [  0%] Built target jsk_footstep_msgs_generate_messages_py
[11.625s] [  0%] Built target geometry_msgs_generate_messages_py
[11.775s] [  0%] Built target tf2_msgs_generate_messages_eus
[11.921s] [  0%] Built target sensor_msgs_generate_messages_py
[12.093s] [  0%] Built target topic_tools_generate_messages_eus
[12.259s] [  0%] Built target jsk_footstep_msgs_generate_messages_lisp
[12.399s] [  0%] Built target autoware_msgs_generate_messages_nodejs
[12.549s] [  0%] Built target tf_generate_messages_eus
[12.693s] [  0%] Built target rosgraph_msgs_generate_messages_lisp
[12.838s] [  0%] Built target autoware_msgs_generate_messages_py
[12.981s] [  0%] Built target std_srvs_generate_messages_cpp
[13.158s] [  0%] Built target dynamic_reconfigure_generate_messages_py
[13.307s] [  0%] Built target actionlib_msgs_generate_messages_eus
[13.456s] [  0%] Built target nodelet_topic_tools_gencfg
[13.599s] [  0%] Built target sensor_msgs_generate_messages_lisp
[13.746s] [  0%] Built target sensor_msgs_generate_messages_eus
[13.893s] [  0%] Built target topic_tools_generate_messages_py
[14.039s] [  0%] Built target roscpp_generate_messages_cpp
[14.249s] [  0%] Built target topic_tools_generate_messages_cpp
[14.405s] [  0%] Built target autoware_msgs_generate_messages_lisp
[14.549s] [  0%] Built target sensor_msgs_generate_messages_cpp
[14.712s] [  0%] Built target pcl_msgs_generate_messages_cpp
[14.866s] [  0%] Built target tf2_msgs_generate_messages_py
[15.013s] [  0%] Built target bond_generate_messages_cpp
[15.222s] [  0%] Built target dynamic_reconfigure_generate_messages_nodejs
[15.374s] [  0%] Built target jsk_recognition_msgs_generate_messages_py
[15.525s] [  0%] Built target std_msgs_generate_messages_lisp
[15.671s] [  0%] Built target autoware_msgs_generate_messages_cpp
[15.821s] [  0%] Built target jsk_footstep_msgs_generate_messages_eus
[15.974s] [  0%] Built target actionlib_generate_messages_lisp
[16.188s] [  0%] Built target _catkin_empty_exported_target
[16.343s] [  0%] Built target roscpp_generate_messages_lisp
[16.488s] [  0%] Built target geometry_msgs_generate_messages_cpp
[16.638s] [  0%] Built target pcl_msgs_generate_messages_eus
[16.785s] [  0%] Built target pcl_msgs_generate_messages_nodejs
[16.946s] [  0%] Built target pcl_msgs_generate_messages_lisp
[17.147s] [  0%] Built target pcl_msgs_generate_messages_py
[17.330s] [  0%] Built target sensor_msgs_generate_messages_nodejs
[17.485s] [  0%] Built target jsk_footstep_msgs_generate_messages_nodejs
[17.639s] [  0%] Built target actionlib_msgs_generate_messages_cpp
[17.798s] [  0%] Built target tf_generate_messages_py
[17.944s] [  0%] Built target std_msgs_generate_messages_eus
[18.153s] [  0%] Built target actionlib_msgs_generate_messages_lisp
[18.325s] [  0%] Built target actionlib_msgs_generate_messages_nodejs
[18.477s] [  0%] Built target actionlib_msgs_generate_messages_py
[18.621s] [  0%] Built target pcl_ros_gencfg
[18.768s] [  0%] Built target dynamic_reconfigure_generate_messages_cpp
[18.913s] [  0%] Built target geometry_msgs_generate_messages_nodejs
[19.059s] [  0%] Built target dynamic_reconfigure_generate_messages_eus
[19.251s] [  0%] Built target dynamic_reconfigure_gencfg
[19.397s] [  0%] Built target tf2_msgs_generate_messages_cpp
[19.538s] [  0%] Built target dynamic_reconfigure_generate_messages_lisp
[19.684s] [  0%] Built target roscpp_generate_messages_eus
[19.830s] [  0%] Built target jsk_footstep_msgs_generate_messages_cpp
[19.974s] [  0%] Built target roscpp_generate_messages_nodejs
[20.151s] [  0%] Built target jsk_recognition_msgs_generate_messages_nodejs
[20.368s] [  0%] Built target roscpp_generate_messages_py
[20.509s] [  0%] Built target actionlib_generate_messages_eus
[20.661s] [  0%] Built target topic_tools_generate_messages_lisp
[20.804s] [  0%] Built target topic_tools_generate_messages_nodejs
[20.957s] [  0%] Built target tf_generate_messages_cpp
[21.154s] [  0%] Built target tf_generate_messages_lisp
[21.334s] [  0%] Built target tf_generate_messages_nodejs
[21.480s] [  0%] Built target actionlib_generate_messages_cpp
[21.624s] [  0%] Built target actionlib_generate_messages_nodejs
[21.766s] [  0%] Built target actionlib_generate_messages_py
[21.910s] [  0%] Built target tf2_msgs_generate_messages_lisp
[22.057s] [  0%] Built target tf2_msgs_generate_messages_nodejs
[22.325s] [100%] Built target lidar_shape_estimation
[24.404s] [ 25%] Built target gtest
[24.629s] [100%] Built target test-lidar_shape_estimation
[24.783s] [100%] Built target tests
[26.580s] [  0%] Built target rosgraph_msgs_generate_messages_cpp
[26.728s] [  0%] Built target std_srvs_generate_messages_lisp
[26.875s] [  0%] Built target std_srvs_generate_messages_eus
[27.045s] [  0%] Built target bond_generate_messages_py
[27.276s] [  0%] Built target bond_generate_messages_nodejs
[27.427s] [  0%] Built target bond_generate_messages_lisp
[27.572s] [  0%] Built target bond_generate_messages_eus
[27.723s] [  0%] Built target std_srvs_generate_messages_nodejs
[27.868s] [  0%] Built target nodelet_generate_messages_py
[28.015s] [  0%] Built target nodelet_generate_messages_nodejs
[28.199s] [  0%] Built target nodelet_generate_messages_eus
[28.393s] [  0%] Built target nodelet_generate_messages_cpp
[28.577s] [  0%] Built target rosgraph_msgs_generate_messages_py
[28.742s] [  0%] Built target rosgraph_msgs_generate_messages_nodejs
[28.889s] [  0%] Built target std_srvs_generate_messages_py
[29.045s] [  0%] Built target rosgraph_msgs_generate_messages_eus
[29.242s] [  0%] Built target jsk_recognition_msgs_generate_messages_lisp
[29.385s] [  0%] Built target jsk_recognition_msgs_generate_messages_eus
[29.527s] [  0%] Built target std_msgs_generate_messages_py
[29.679s] [  0%] Built target jsk_recognition_msgs_generate_messages_cpp
[29.828s] [  0%] Built target geometry_msgs_generate_messages_lisp
[30.000s] [  0%] Built target autoware_msgs_generate_messages_eus
[30.241s] [  0%] Built target nodelet_generate_messages_lisp
[30.409s] [  0%] Built target std_msgs_generate_messages_nodejs
[30.567s] [  0%] Built target geometry_msgs_generate_messages_eus
[30.712s] [  0%] Built target std_msgs_generate_messages_cpp
[30.861s] [  0%] Built target jsk_footstep_msgs_generate_messages_py
[31.008s] [  0%] Built target geometry_msgs_generate_messages_py
[31.204s] [  0%] Built target tf2_msgs_generate_messages_eus
[31.387s] [  0%] Built target sensor_msgs_generate_messages_py
[31.540s] [  0%] Built target topic_tools_generate_messages_eus
[31.686s] [  0%] Built target jsk_footstep_msgs_generate_messages_lisp
[31.836s] [  0%] Built target autoware_msgs_generate_messages_nodejs
[31.981s] [  0%] Built target tf_generate_messages_eus
[32.177s] [  0%] Built target rosgraph_msgs_generate_messages_lisp
[32.325s] [  0%] Built target autoware_msgs_generate_messages_py
[32.477s] [  0%] Built target std_srvs_generate_messages_cpp
[32.625s] [  0%] Built target dynamic_reconfigure_generate_messages_py
[32.776s] [  0%] Built target actionlib_msgs_generate_messages_eus
[32.927s] [  0%] Built target nodelet_topic_tools_gencfg
[33.070s] [  0%] Built target sensor_msgs_generate_messages_lisp
[33.320s] [  0%] Built target sensor_msgs_generate_messages_eus
[33.466s] [  0%] Built target topic_tools_generate_messages_py
[33.623s] [  0%] Built target roscpp_generate_messages_cpp
[33.770s] [  0%] Built target topic_tools_generate_messages_cpp
[33.922s] [  0%] Built target autoware_msgs_generate_messages_lisp
[34.071s] [  0%] Built target sensor_msgs_generate_messages_cpp
[34.292s] [  0%] Built target pcl_msgs_generate_messages_cpp
[34.443s] [  0%] Built target tf2_msgs_generate_messages_py
[34.588s] [  0%] Built target bond_generate_messages_cpp
[34.735s] [  0%] Built target dynamic_reconfigure_generate_messages_nodejs
[34.882s] [  0%] Built target jsk_recognition_msgs_generate_messages_py
[35.030s] [  0%] Built target std_msgs_generate_messages_lisp
[35.241s] [  0%] Built target autoware_msgs_generate_messages_cpp
[35.466s] [  0%] Built target jsk_footstep_msgs_generate_messages_eus
[35.643s] [  0%] Built target actionlib_generate_messages_lisp
[35.805s] [  0%] Built target _catkin_empty_exported_target
[35.966s] [  0%] Built target roscpp_generate_messages_lisp
[36.197s] [  0%] Built target geometry_msgs_generate_messages_cpp
[36.380s] [  0%] Built target pcl_msgs_generate_messages_eus
[36.527s] [  0%] Built target pcl_msgs_generate_messages_nodejs
[36.676s] [  0%] Built target pcl_msgs_generate_messages_lisp
[36.820s] [  0%] Built target pcl_msgs_generate_messages_py
[36.963s] [  0%] Built target sensor_msgs_generate_messages_nodejs
[37.167s] [  0%] Built target jsk_footstep_msgs_generate_messages_nodejs
[37.364s] [  0%] Built target actionlib_msgs_generate_messages_cpp
[37.525s] [  0%] Built target tf_generate_messages_py
[37.670s] [  0%] Built target std_msgs_generate_messages_eus
[37.822s] [  0%] Built target actionlib_msgs_generate_messages_lisp
[37.974s] [  0%] Built target actionlib_msgs_generate_messages_nodejs
[38.180s] [  0%] Built target actionlib_msgs_generate_messages_py
[38.342s] [  0%] Built target pcl_ros_gencfg
[38.484s] [  0%] Built target dynamic_reconfigure_generate_messages_cpp
[38.627s] [  0%] Built target geometry_msgs_generate_messages_nodejs
[38.776s] [  0%] Built target dynamic_reconfigure_generate_messages_eus
[38.921s] [  0%] Built target dynamic_reconfigure_gencfg
[39.066s] [  0%] Built target tf2_msgs_generate_messages_cpp
[39.268s] [  0%] Built target dynamic_reconfigure_generate_messages_lisp
[39.412s] [  0%] Built target roscpp_generate_messages_eus
[39.565s] [  0%] Built target jsk_footstep_msgs_generate_messages_cpp
[39.707s] [  0%] Built target roscpp_generate_messages_nodejs
[39.850s] [  0%] Built target jsk_recognition_msgs_generate_messages_nodejs
[40.003s] [  0%] Built target roscpp_generate_messages_py
[40.211s] [  0%] Built target actionlib_generate_messages_eus
[40.355s] [  0%] Built target topic_tools_generate_messages_lisp
[40.499s] [  0%] Built target topic_tools_generate_messages_nodejs
[40.648s] [  0%] Built target tf_generate_messages_cpp
[40.799s] [  0%] Built target tf_generate_messages_lisp
[40.942s] [  0%] Built target tf_generate_messages_nodejs
[41.131s] [  0%] Built target actionlib_generate_messages_cpp
[41.324s] [  0%] Built target actionlib_generate_messages_nodejs
[41.470s] [  0%] Built target actionlib_generate_messages_py
[41.625s] [  0%] Built target tf2_msgs_generate_messages_lisp
[41.767s] [  0%] Built target tf2_msgs_generate_messages_nodejs
[42.001s] [100%] Built target lidar_shape_estimation
[42.229s] [36mInstall the project...[0m
[42.317s] -- Install configuration: "Release"
[42.318s] -- Installing: /home/capstone/autoware.ai/install/lidar_shape_estimation/lib/pkgconfig/lidar_shape_estimation.pc
[42.318s] -- Installing: /home/capstone/autoware.ai/install/lidar_shape_estimation/share/lidar_shape_estimation/cmake/lidar_shape_estimationConfig.cmake
[42.319s] -- Up-to-date: /home/capstone/autoware.ai/install/lidar_shape_estimation/share/lidar_shape_estimation/cmake/lidar_shape_estimationConfig-version.cmake
[42.319s] -- Up-to-date: /home/capstone/autoware.ai/install/lidar_shape_estimation/share/lidar_shape_estimation/package.xml
[42.320s] -- Up-to-date: /home/capstone/autoware.ai/install/lidar_shape_estimation/lib/lidar_shape_estimation/lidar_shape_estimation
[42.321s] -- Up-to-date: /home/capstone/autoware.ai/install/lidar_shape_estimation/share/lidar_shape_estimation/launch
[42.322s] -- Up-to-date: /home/capstone/autoware.ai/install/lidar_shape_estimation/share/lidar_shape_estimation/launch/shape_estimation_tracking.launch
[42.322s] -- Up-to-date: /home/capstone/autoware.ai/install/lidar_shape_estimation/share/lidar_shape_estimation/launch/shape_estimation_fusion.launch
[42.322s] -- Up-to-date: /home/capstone/autoware.ai/install/lidar_shape_estimation/share/lidar_shape_estimation/launch/shape_estimation_clustering.launch
