[0.381s] -- CUDA compilation status: 1.
[0.382s] -- Using CATKIN_DEVEL_PREFIX: /home/capstone/autoware.ai/build/points_downsampler/devel
[0.383s] -- Using CMAKE_PREFIX_PATH: /home/capstone/autoware.ai/install/autoware_config_msgs;/home/capstone/autoware.ai/install/autoware_build_flags;/home/capstone/autoware.ai/install/ymc;/home/capstone/autoware.ai/install/xsens_driver;/home/capstone/autoware.ai/install/wf_simulator;/home/capstone/autoware.ai/install/lattice_planner;/home/capstone/autoware.ai/install/waypoint_planner;/home/capstone/autoware.ai/install/waypoint_maker;/home/capstone/autoware.ai/install/way_planner;/home/capstone/autoware.ai/install/vlg22c_cam;/home/capstone/autoware.ai/install/vision_ssd_detect;/home/capstone/autoware.ai/install/vision_segment_enet_detect;/home/capstone/autoware.ai/install/vision_lane_detect;/home/capstone/autoware.ai/install/vision_darknet_detect;/home/capstone/autoware.ai/install/vision_beyond_track;/home/capstone/autoware.ai/install/vel_pose_diff_checker;/home/capstone/autoware.ai/install/vehicle_socket;/home/capstone/autoware.ai/install/vehicle_sim_model;/home/capstone/autoware.ai/install/vehicle_model;/home/capstone/autoware.ai/install/vehicle_gazebo_simulation_launcher;/home/capstone/autoware.ai/install/vehicle_gazebo_simulation_interface;/home/capstone/autoware.ai/install/vehicle_engage_panel;/home/capstone/autoware.ai/install/vehicle_description;/home/capstone/autoware.ai/install/trafficlight_recognizer;/home/capstone/autoware.ai/install/op_utilities;/home/capstone/autoware.ai/install/op_simulation_package;/home/capstone/autoware.ai/install/op_local_planner;/home/capstone/autoware.ai/install/op_global_planner;/home/capstone/autoware.ai/install/lidar_kf_contour_track;/home/capstone/autoware.ai/install/op_ros_helpers;/home/capstone/autoware.ai/install/ff_waypoint_follower;/home/capstone/autoware.ai/install/dp_planner;/home/capstone/autoware.ai/install/op_simu;/home/capstone/autoware.ai/install/op_planner;/home/capstone/autoware.ai/install/op_utility;/home/capstone/autoware.ai/install/lidar_euclidean_cluster_detect;/home/capstone/autoware.ai/install/vector_map_server;/home/capstone/autoware.ai/install/road_occupancy_processor;/home/capstone/autoware.ai/install/costmap_generator;/home/capstone/autoware.ai/install/object_map;/home/capstone/autoware.ai/install/naive_motion_predict;/home/capstone/autoware.ai/install/lanelet_aisan_converter;/home/capstone/autoware.ai/install/map_file;/home/capstone/autoware.ai/install/libvectormap;/home/capstone/autoware.ai/install/lane_planner;/home/capstone/autoware.ai/install/imm_ukf_pda_track;/home/capstone/autoware.ai/install/decision_maker;/home/capstone/autoware.ai/install/vector_map;/home/capstone/autoware.ai/install/vector_map_msgs;/home/capstone/autoware.ai/install/vectacam;/home/capstone/autoware.ai/install/udon_socket;/home/capstone/autoware.ai/install/twist_generator;/home/capstone/autoware.ai/install/twist_gate;/home/capstone/autoware.ai/install/twist_filter;/home/capstone/autoware.ai/install/twist2odom;/home/capstone/autoware.ai/install/tablet_socket;/home/capstone/autoware.ai/install/runtime_manager;/home/capstone/autoware.ai/install/mqtt_socket;/home/capstone/autoware.ai/install/tablet_socket_msgs;/home/capstone/autoware.ai/install/state_machine_lib;/home/capstone/autoware.ai/install/sound_player;/home/capstone/autoware.ai/install/sick_lms5xx;/home/capstone/autoware.ai/install/sick_ldmrs_tools;/home/capstone/autoware.ai/install/sick_ldmrs_driver;/home/capstone/autoware.ai/install/sick_ldmrs_msgs;/home/capstone/autoware.ai/install/sick_ldmrs_description;/home/capstone/autoware.ai/install/points2image;/home/capstone/autoware.ai/install/rosinterface;/home/capstone/autoware.ai/install/rosbag_controller;/home/capstone/autoware.ai/install/pure_pursuit;/home/capstone/autoware.ai/install/points_preprocessor;/home/capstone/autoware.ai/install/mpc_follower;/home/capstone/autoware.ai/install/lidar_localizer;/home/capstone/autoware.ai/install/emergency_handler;/home/capstone/autoware.ai/install/autoware_health_checker;/home/capstone/autoware.ai/install/as;/home/capstone/autoware.ai/install/ros_observer;/home/capstone/autoware.ai/install/roi_object_filter;/home/capstone/autoware.ai/install/range_vision_fusion;/home/capstone/autoware.ai/install/pos_db;/home/capstone/autoware.ai/install/points_downsampler;/home/capstone/autoware.ai/install/pixel_cloud_fusion;/home/capstone/autoware.ai/install/pcl_omp_registration;/home/capstone/autoware.ai/install/pc2_downsampler;/home/capstone/autoware.ai/install/oculus_socket;/home/capstone/autoware.ai/install/obj_db;/home/capstone/autoware.ai/install/nmea_navsat;/home/capstone/autoware.ai/install/ndt_tku;/home/capstone/autoware.ai/install/ndt_gpu;/home/capstone/autoware.ai/install/ndt_cpu;/home/capstone/autoware.ai/install/multi_lidar_calibrator;/home/capstone/autoware.ai/install/mrt_cmake_modules;/home/capstone/autoware.ai/install/microstrain_driver;/home/capstone/autoware.ai/install/memsic_imu;/home/capstone/autoware.ai/install/marker_downsampler;/home/capstone/autoware.ai/install/map_tools;/home/capstone/autoware.ai/install/map_tf_generator;/home/capstone/autoware.ai/install/log_tools;/home/capstone/autoware.ai/install/lidar_shape_estimation;/home/capstone/autoware.ai/install/lidar_point_pillars;/home/capstone/autoware.ai/install/lidar_naive_l_shape_detect;/home/capstone/autoware.ai/install/lidar_fake_perception;/home/capstone/autoware.ai/install/lidar_apollo_cnn_seg_detect;/home/capstone/autoware.ai/install/libwaypoint_follower;/home/capstone/autoware.ai/install/lgsvl_simulator_bridge;/home/capstone/autoware.ai/install/lanelet2_extension;/home/capstone/autoware.ai/install/lanelet2_validation;/home/capstone/autoware.ai/install/lanelet2_examples;/home/capstone/autoware.ai/install/lanelet2_python;/home/capstone/autoware.ai/install/lanelet2_routing;/home/capstone/autoware.ai/install/lanelet2_traffic_rules;/home/capstone/autoware.ai/install/lanelet2_projection;/home/capstone/autoware.ai/install/lanelet2_maps;/home/capstone/autoware.ai/install/lanelet2_io;/home/capstone/autoware.ai/install/lanelet2_core;/home/capstone/autoware.ai/install/kvaser;/home/capstone/autoware.ai/install/kitti_launch;/home/capstone/autoware.ai/install/kitti_player;/home/capstone/autoware.ai/install/kitti_box_publisher;/home/capstone/autoware.ai/install/javad_navsat_driver;/home/capstone/autoware.ai/install/integrated_viewer;/home/capstone/autoware.ai/install/image_processor;/home/capstone/autoware.ai/install/hokuyo;/home/capstone/autoware.ai/install/graph_tools;/home/capstone/autoware.ai/install/gnss_localizer;/home/capstone/autoware.ai/install/gnss;/home/capstone/autoware.ai/install/glviewer;/home/capstone/autoware.ai/install/gazebo_world_description;/home/capstone/autoware.ai/install/gazebo_imu_description;/home/capstone/autoware.ai/install/gazebo_camera_description;/home/capstone/autoware.ai/install/garmin;/home/capstone/autoware.ai/install/freespace_planner;/home/capstone/autoware.ai/install/fastvirtualscan;/home/capstone/autoware.ai/install/ekf_localizer;/home/capstone/autoware.ai/install/ds4_msgs;/home/capstone/autoware.ai/install/ds4_driver;/home/capstone/autoware.ai/install/detected_objects_visualizer;/home/capstone/autoware.ai/install/decision_maker_panel;/home/capstone/autoware.ai/install/data_preprocessor;/home/capstone/autoware.ai/install/custom_msgs;/home/capstone/autoware.ai/install/carla_autoware_bridge;/home/capstone/autoware.ai/install/calibration_publisher;/home/capstone/autoware.ai/install/autoware_system_msgs;/home/capstone/autoware.ai/install/autoware_rviz_plugins;/home/capstone/autoware.ai/install/autoware_quickstart_examples;/home/capstone/autoware.ai/install/autoware_pointgrey_drivers;/home/capstone/autoware.ai/install/autoware_driveworks_interface;/home/capstone/autoware.ai/install/autoware_connector;/home/capstone/autoware.ai/install/autoware_camera_lidar_calibrator;/home/capstone/autoware.ai/install/astar_search;/home/capstone/autoware.ai/install/amathutils_lib;/home/capstone/autoware.ai/install/autoware_msgs;/home/capstone/autoware.ai/install/autoware_map_msgs;/home/capstone/autoware.ai/install/autoware_launcher_rviz;/home/capstone/autoware.ai/install/autoware_launcher;/home/capstone/autoware.ai/install/autoware_lanelet2_msgs;/home/capstone/autoware.ai/install/autoware_external_msgs;/home/capstone/autoware.ai/install/autoware_driveworks_gmsl_interface;/home/capstone/autoware.ai/install/autoware_can_msgs;/home/capstone/autoware.ai/install/autoware_bag_tools;/home/capstone/autoware.ai/install/adi_driver;/opt/carla-ros-bridge/melodic;/opt/ros/melodic
[0.400s] -- This workspace overlays: /home/capstone/autoware.ai/install/autoware_config_msgs;/home/capstone/autoware.ai/install/autoware_build_flags;/home/capstone/autoware.ai/install/ymc;/home/capstone/autoware.ai/install/xsens_driver;/home/capstone/autoware.ai/install/wf_simulator;/home/capstone/autoware.ai/install/lattice_planner;/home/capstone/autoware.ai/install/waypoint_planner;/home/capstone/autoware.ai/install/waypoint_maker;/home/capstone/autoware.ai/install/way_planner;/home/capstone/autoware.ai/install/vlg22c_cam;/home/capstone/autoware.ai/install/vision_ssd_detect;/home/capstone/autoware.ai/install/vision_segment_enet_detect;/home/capstone/autoware.ai/install/vision_lane_detect;/home/capstone/autoware.ai/install/vision_darknet_detect;/home/capstone/autoware.ai/install/vision_beyond_track;/home/capstone/autoware.ai/install/vel_pose_diff_checker;/home/capstone/autoware.ai/install/vehicle_socket;/home/capstone/autoware.ai/install/vehicle_sim_model;/home/capstone/autoware.ai/install/vehicle_model;/home/capstone/autoware.ai/install/vehicle_gazebo_simulation_launcher;/home/capstone/autoware.ai/install/vehicle_gazebo_simulation_interface;/home/capstone/autoware.ai/install/vehicle_engage_panel;/home/capstone/autoware.ai/install/vehicle_description;/home/capstone/autoware.ai/install/trafficlight_recognizer;/home/capstone/autoware.ai/install/op_utilities;/home/capstone/autoware.ai/install/op_simulation_package;/home/capstone/autoware.ai/install/op_local_planner;/home/capstone/autoware.ai/install/op_global_planner;/home/capstone/autoware.ai/install/lidar_kf_contour_track;/home/capstone/autoware.ai/install/op_ros_helpers;/home/capstone/autoware.ai/install/ff_waypoint_follower;/home/capstone/autoware.ai/install/dp_planner;/home/capstone/autoware.ai/install/op_simu;/home/capstone/autoware.ai/install/op_planner;/home/capstone/autoware.ai/install/op_utility;/home/capstone/autoware.ai/install/lidar_euclidean_cluster_detect;/home/capstone/autoware.ai/install/vector_map_server;/home/capstone/autoware.ai/install/road_occupancy_processor;/home/capstone/autoware.ai/install/costmap_generator;/home/capstone/autoware.ai/install/object_map;/home/capstone/autoware.ai/install/naive_motion_predict;/home/capstone/autoware.ai/install/lanelet_aisan_converter;/home/capstone/autoware.ai/install/map_file;/home/capstone/autoware.ai/install/libvectormap;/home/capstone/autoware.ai/install/lane_planner;/home/capstone/autoware.ai/install/imm_ukf_pda_track;/home/capstone/autoware.ai/install/decision_maker;/home/capstone/autoware.ai/install/vector_map;/home/capstone/autoware.ai/install/vector_map_msgs;/home/capstone/autoware.ai/install/vectacam;/home/capstone/autoware.ai/install/udon_socket;/home/capstone/autoware.ai/install/twist_generator;/home/capstone/autoware.ai/install/twist_gate;/home/capstone/autoware.ai/install/twist_filter;/home/capstone/autoware.ai/install/twist2odom;/home/capstone/autoware.ai/install/tablet_socket;/home/capstone/autoware.ai/install/runtime_manager;/home/capstone/autoware.ai/install/mqtt_socket;/home/capstone/autoware.ai/install/tablet_socket_msgs;/home/capstone/autoware.ai/install/state_machine_lib;/home/capstone/autoware.ai/install/sound_player;/home/capstone/autoware.ai/install/sick_lms5xx;/home/capstone/autoware.ai/install/sick_ldmrs_tools;/home/capstone/autoware.ai/install/sick_ldmrs_driver;/home/capstone/autoware.ai/install/sick_ldmrs_msgs;/home/capstone/autoware.ai/install/sick_ldmrs_description;/home/capstone/autoware.ai/install/points2image;/home/capstone/autoware.ai/install/rosinterface;/home/capstone/autoware.ai/install/rosbag_controller;/home/capstone/autoware.ai/install/pure_pursuit;/home/capstone/autoware.ai/install/points_preprocessor;/home/capstone/autoware.ai/install/mpc_follower;/home/capstone/autoware.ai/install/lidar_localizer;/home/capstone/autoware.ai/install/emergency_handler;/home/capstone/autoware.ai/install/autoware_health_checker;/home/capstone/autoware.ai/install/as;/home/capstone/autoware.ai/install/ros_observer;/home/capstone/autoware.ai/install/roi_object_filter;/home/capstone/autoware.ai/install/range_vision_fusion;/home/capstone/autoware.ai/install/pos_db;/home/capstone/autoware.ai/install/points_downsampler;/home/capstone/autoware.ai/install/pixel_cloud_fusion;/home/capstone/autoware.ai/install/pcl_omp_registration;/home/capstone/autoware.ai/install/pc2_downsampler;/home/capstone/autoware.ai/install/oculus_socket;/home/capstone/autoware.ai/install/obj_db;/home/capstone/autoware.ai/install/nmea_navsat;/home/capstone/autoware.ai/install/ndt_tku;/home/capstone/autoware.ai/install/ndt_gpu;/home/capstone/autoware.ai/install/ndt_cpu;/home/capstone/autoware.ai/install/multi_lidar_calibrator;/home/capstone/autoware.ai/install/mrt_cmake_modules;/home/capstone/autoware.ai/install/microstrain_driver;/home/capstone/autoware.ai/install/memsic_imu;/home/capstone/autoware.ai/install/marker_downsampler;/home/capstone/autoware.ai/install/map_tools;/home/capstone/autoware.ai/install/map_tf_generator;/home/capstone/autoware.ai/install/log_tools;/home/capstone/autoware.ai/install/lidar_shape_estimation;/home/capstone/autoware.ai/install/lidar_point_pillars;/home/capstone/autoware.ai/install/lidar_naive_l_shape_detect;/home/capstone/autoware.ai/install/lidar_fake_perception;/home/capstone/autoware.ai/install/lidar_apollo_cnn_seg_detect;/home/capstone/autoware.ai/install/libwaypoint_follower;/home/capstone/autoware.ai/install/lgsvl_simulator_bridge;/home/capstone/autoware.ai/install/lanelet2_extension;/home/capstone/autoware.ai/install/lanelet2_validation;/home/capstone/autoware.ai/install/lanelet2_examples;/home/capstone/autoware.ai/install/lanelet2_python;/home/capstone/autoware.ai/install/lanelet2_routing;/home/capstone/autoware.ai/install/lanelet2_traffic_rules;/home/capstone/autoware.ai/install/lanelet2_projection;/home/capstone/autoware.ai/install/lanelet2_maps;/home/capstone/autoware.ai/install/lanelet2_io;/home/capstone/autoware.ai/install/lanelet2_core;/home/capstone/autoware.ai/install/kvaser;/home/capstone/autoware.ai/install/kitti_launch;/home/capstone/autoware.ai/install/kitti_player;/home/capstone/autoware.ai/install/kitti_box_publisher;/home/capstone/autoware.ai/install/javad_navsat_driver;/home/capstone/autoware.ai/install/integrated_viewer;/home/capstone/autoware.ai/install/image_processor;/home/capstone/autoware.ai/install/hokuyo;/home/capstone/autoware.ai/install/graph_tools;/home/capstone/autoware.ai/install/gnss_localizer;/home/capstone/autoware.ai/install/gnss;/home/capstone/autoware.ai/install/glviewer;/home/capstone/autoware.ai/install/gazebo_world_description;/home/capstone/autoware.ai/install/gazebo_imu_description;/home/capstone/autoware.ai/install/gazebo_camera_description;/home/capstone/autoware.ai/install/garmin;/home/capstone/autoware.ai/install/freespace_planner;/home/capstone/autoware.ai/install/fastvirtualscan;/home/capstone/autoware.ai/install/ekf_localizer;/home/capstone/autoware.ai/install/ds4_msgs;/home/capstone/autoware.ai/install/ds4_driver;/home/capstone/autoware.ai/install/detected_objects_visualizer;/home/capstone/autoware.ai/install/decision_maker_panel;/home/capstone/autoware.ai/install/data_preprocessor;/home/capstone/autoware.ai/install/custom_msgs;/home/capstone/autoware.ai/install/carla_autoware_bridge;/home/capstone/autoware.ai/install/calibration_publisher;/home/capstone/autoware.ai/install/autoware_system_msgs;/home/capstone/autoware.ai/install/autoware_rviz_plugins;/home/capstone/autoware.ai/install/autoware_quickstart_examples;/home/capstone/autoware.ai/install/autoware_pointgrey_drivers;/home/capstone/autoware.ai/install/autoware_driveworks_interface;/home/capstone/autoware.ai/install/autoware_connector;/home/capstone/autoware.ai/install/autoware_camera_lidar_calibrator;/home/capstone/autoware.ai/install/astar_search;/home/capstone/autoware.ai/install/amathutils_lib;/home/capstone/autoware.ai/install/autoware_msgs;/home/capstone/autoware.ai/install/autoware_map_msgs;/home/capstone/autoware.ai/install/autoware_launcher_rviz;/home/capstone/autoware.ai/install/autoware_launcher;/home/capstone/autoware.ai/install/autoware_lanelet2_msgs;/home/capstone/autoware.ai/install/autoware_external_msgs;/home/capstone/autoware.ai/install/autoware_driveworks_gmsl_interface;/home/capstone/autoware.ai/install/autoware_can_msgs;/home/capstone/autoware.ai/install/autoware_bag_tools;/home/capstone/autoware.ai/install/adi_driver;/opt/carla-ros-bridge/melodic;/opt/ros/melodic
[0.478s] -- Found PythonInterp: /usr/bin/python2 (found suitable version "2.7.17", minimum required is "2") 
[0.479s] -- Using PYTHON_EXECUTABLE: /usr/bin/python2
[0.479s] -- Using Debian Python package layout
[0.480s] -- Using empy: /usr/bin/empy
[0.828s] -- Using CATKIN_ENABLE_TESTING: ON
[0.828s] -- Call enable_testing()
[0.834s] -- Using CATKIN_TEST_RESULTS_DIR: /home/capstone/autoware.ai/build/points_downsampler/test_results
[0.982s] -- Found gtest sources under '/usr/src/googletest': gtests will be built
[0.982s] -- Found gmock sources under '/usr/src/googletest': gmock will be built
[1.090s] -- Found PythonInterp: /usr/bin/python2 (found version "2.7.17") 
[1.103s] -- Using Python nosetests: /usr/bin/nosetests-2.7
[1.289s] -- catkin 0.7.23
[1.289s] -- BUILD_SHARED_LIBS is on
[2.167s] -- Using these message generators: gencpp;geneus;genlisp;gennodejs;genpy
[5.951s] -- points_downsampler: 1 messages, 0 services
[6.627s] -- Configuring done
[7.300s] -- Generating done
[7.357s] -- Build files have been written to: /home/capstone/autoware.ai/build/points_downsampler
[7.608s] [  0%] Built target bond_generate_messages_py
[7.750s] [  0%] Built target actionlib_msgs_generate_messages_cpp
[7.923s] [  0%] Built target diagnostic_msgs_generate_messages_lisp
[8.124s] [  0%] Built target velodyne_pointcloud_gencfg
[8.274s] [  0%] Built target actionlib_generate_messages_py
[8.418s] [  0%] Built target actionlib_generate_messages_nodejs
[8.566s] [  0%] Built target actionlib_generate_messages_cpp
[8.707s] [  0%] Built target tf_generate_messages_nodejs
[8.878s] [  0%] Built target tf_generate_messages_lisp
[9.072s] [  0%] Built target tf_generate_messages_cpp
[9.246s] [  0%] Built target topic_tools_generate_messages_nodejs
[9.410s] [  0%] Built target topic_tools_generate_messages_lisp
[9.559s] [  0%] Built target topic_tools_generate_messages_eus
[9.702s] [  0%] Built target topic_tools_generate_messages_cpp
[9.867s] [  0%] Built target std_srvs_generate_messages_lisp
[10.074s] [  0%] Built target std_srvs_generate_messages_eus
[10.223s] [  0%] Built target geometry_msgs_generate_messages_eus
[10.371s] [  0%] Built target topic_tools_generate_messages_py
[10.518s] [  0%] Built target roscpp_generate_messages_cpp
[10.659s] [  0%] Built target pcl_msgs_generate_messages_py
[10.804s] [  0%] Built target velodyne_msgs_generate_messages_nodejs
[11.020s] [  0%] Built target geometry_msgs_generate_messages_cpp
[11.177s] [  0%] Built target tf2_msgs_generate_messages_eus
[11.324s] [  0%] Built target sensor_msgs_generate_messages_py
[11.471s] [  0%] Built target geometry_msgs_generate_messages_py
[11.613s] [  0%] Built target pcl_msgs_generate_messages_nodejs
[11.759s] [  0%] Built target pcl_msgs_generate_messages_lisp
[11.938s] [  0%] Built target diagnostic_msgs_generate_messages_py
[12.136s] [  0%] Built target sensor_msgs_generate_messages_cpp
[12.281s] [  0%] Built target pcl_msgs_generate_messages_cpp
[12.429s] [  0%] Built target std_msgs_generate_messages_py
[12.578s] [  0%] Built target std_msgs_generate_messages_nodejs
[12.721s] [  0%] Built target nodelet_generate_messages_lisp
[12.874s] [  0%] Built target actionlib_generate_messages_lisp
[13.070s] [  0%] Built target roscpp_generate_messages_lisp
[13.215s] [  0%] Built target tf2_msgs_generate_messages_nodejs
[13.425s] [  0%] Built target autoware_config_msgs_generate_messages_cpp
[13.566s] [  0%] Built target sensor_msgs_generate_messages_nodejs
[13.709s] [  0%] Built target tf2_msgs_generate_messages_py
[13.866s] [  0%] Built target dynamic_reconfigure_generate_messages_nodejs
[14.060s] [  0%] Built target bond_generate_messages_cpp
[14.213s] [  0%] Built target bond_generate_messages_eus
[14.358s] [  0%] Built target bond_generate_messages_lisp
[14.506s] [  0%] Built target pcl_msgs_generate_messages_eus
[14.656s] [  0%] Built target autoware_config_msgs_generate_messages_eus
[14.803s] [  0%] Built target autoware_config_msgs_generate_messages_lisp
[15.013s] [  0%] Built target tf_generate_messages_eus
[15.163s] [  0%] Built target rosgraph_msgs_generate_messages_lisp
[15.311s] [  0%] Built target diagnostic_msgs_generate_messages_cpp
[15.457s] [  0%] Built target rosgraph_msgs_generate_messages_py
[15.604s] [  0%] Built target sensor_msgs_generate_messages_eus
[15.757s] [  0%] Built target nodelet_topic_tools_gencfg
[15.926s] [  0%] Built target sensor_msgs_generate_messages_lisp
[16.126s] [  0%] Built target autoware_config_msgs_generate_messages_py
[16.291s] [  0%] Built target roscpp_generate_messages_eus
[16.432s] [  0%] Built target std_msgs_generate_messages_cpp
[16.582s] [  0%] Built target velodyne_driver_gencfg
[16.772s] [  0%] Built target geometry_msgs_generate_messages_lisp
[16.943s] [  0%] Built target actionlib_msgs_generate_messages_nodejs
[17.132s] [  0%] Built target actionlib_msgs_generate_messages_lisp
[17.291s] [  0%] Built target tf_generate_messages_py
[17.440s] [  0%] Built target std_srvs_generate_messages_cpp
[17.584s] [  0%] Built target autoware_config_msgs_generate_messages_nodejs
[17.728s] [  0%] Built target std_msgs_generate_messages_lisp
[17.874s] [  0%] Built target actionlib_msgs_generate_messages_eus
[18.068s] [  0%] Built target dynamic_reconfigure_generate_messages_py
[18.216s] [  0%] Built target roscpp_generate_messages_nodejs
[18.360s] [  0%] Built target roscpp_generate_messages_py
[18.503s] [  0%] Built target actionlib_generate_messages_eus
[18.642s] [  0%] Built target rosgraph_msgs_generate_messages_cpp
[18.782s] [  0%] Built target std_srvs_generate_messages_py
[18.981s] [  0%] Built target rosgraph_msgs_generate_messages_eus
[19.196s] [  0%] Built target pcl_ros_gencfg
[19.344s] [  0%] Built target rosgraph_msgs_generate_messages_nodejs
[19.506s] [  0%] Built target dynamic_reconfigure_generate_messages_cpp
[19.654s] [  0%] Built target geometry_msgs_generate_messages_nodejs
[19.806s] [  0%] Built target dynamic_reconfigure_generate_messages_eus
[20.000s] [  0%] Built target dynamic_reconfigure_gencfg
[20.156s] [  0%] Built target nodelet_generate_messages_cpp
[20.307s] [  0%] Built target tf2_msgs_generate_messages_cpp
[20.459s] [  0%] Built target dynamic_reconfigure_generate_messages_lisp
[20.612s] [  0%] Built target nodelet_generate_messages_eus
[20.775s] [  0%] Built target nodelet_generate_messages_nodejs
[20.954s] [  0%] Built target bond_generate_messages_nodejs
[21.154s] [  0%] Built target std_srvs_generate_messages_nodejs
[21.302s] [  0%] Built target nodelet_generate_messages_py
[21.448s] [  0%] Built target actionlib_msgs_generate_messages_py
[21.594s] [  0%] Built target tf2_msgs_generate_messages_lisp
[21.742s] [  0%] Built target diagnostic_msgs_generate_messages_eus
[21.890s] [  0%] Built target diagnostic_msgs_generate_messages_nodejs
[22.090s] [  0%] Built target velodyne_msgs_generate_messages_cpp
[22.239s] [  0%] Built target velodyne_msgs_generate_messages_eus
[22.383s] [  0%] Built target velodyne_msgs_generate_messages_lisp
[22.529s] [  0%] Built target velodyne_msgs_generate_messages_py
[22.842s] [  0%] Built target _points_downsampler_generate_messages_check_deps_PointsDownsamplerInfo
[23.007s] [  0%] Built target std_msgs_generate_messages_eus
[23.187s] [  6%] Built target points_downsampler_generate_messages_lisp
[23.338s] [ 20%] Built target points_downsampler_generate_messages_eus
[23.508s] [ 26%] Built target points_downsampler_generate_messages_cpp
[23.673s] [ 40%] Built target points_downsampler_generate_messages_py
[23.825s] [ 46%] Built target points_downsampler_generate_messages_nodejs
[24.090s] [ 60%] Built target ring_filter
[24.267s] [ 73%] Built target random_filter
[24.411s] [ 73%] Built target points_downsampler_generate_messages
[24.590s] [ 86%] Built target distance_filter
[24.770s] [100%] Built target voxel_grid_filter
[26.648s] Built target tests
[28.532s] [  0%] Built target bond_generate_messages_py
[28.688s] [  0%] Built target actionlib_msgs_generate_messages_cpp
[28.847s] [  0%] Built target diagnostic_msgs_generate_messages_lisp
[29.069s] [  0%] Built target velodyne_pointcloud_gencfg
[29.248s] [  0%] Built target actionlib_generate_messages_py
[29.400s] [  0%] Built target actionlib_generate_messages_nodejs
[29.546s] [  0%] Built target actionlib_generate_messages_cpp
[29.687s] [  0%] Built target tf_generate_messages_nodejs
[29.829s] [  0%] Built target tf_generate_messages_lisp
[30.042s] [  0%] Built target tf_generate_messages_cpp
[30.183s] [  0%] Built target topic_tools_generate_messages_nodejs
[30.344s] [  0%] Built target topic_tools_generate_messages_lisp
[30.486s] [  0%] Built target topic_tools_generate_messages_eus
[30.639s] [  0%] Built target topic_tools_generate_messages_cpp
[30.779s] [  0%] Built target std_srvs_generate_messages_lisp
[30.982s] [  0%] Built target std_srvs_generate_messages_eus
[31.142s] [  0%] Built target geometry_msgs_generate_messages_eus
[31.288s] [  0%] Built target topic_tools_generate_messages_py
[31.429s] [  0%] Built target roscpp_generate_messages_cpp
[31.577s] [  0%] Built target pcl_msgs_generate_messages_py
[31.725s] [  0%] Built target velodyne_msgs_generate_messages_nodejs
[31.868s] [  0%] Built target geometry_msgs_generate_messages_cpp
[32.098s] [  0%] Built target tf2_msgs_generate_messages_eus
[32.265s] [  0%] Built target sensor_msgs_generate_messages_py
[32.412s] [  0%] Built target geometry_msgs_generate_messages_py
[32.556s] [  0%] Built target pcl_msgs_generate_messages_nodejs
[32.702s] [  0%] Built target pcl_msgs_generate_messages_lisp
[32.852s] [  0%] Built target diagnostic_msgs_generate_messages_py
[33.053s] [  0%] Built target sensor_msgs_generate_messages_cpp
[33.196s] [  0%] Built target pcl_msgs_generate_messages_cpp
[33.336s] [  0%] Built target std_msgs_generate_messages_py
[33.485s] [  0%] Built target std_msgs_generate_messages_nodejs
[33.635s] [  0%] Built target nodelet_generate_messages_lisp
[33.784s] [  0%] Built target actionlib_generate_messages_lisp
[33.993s] [  0%] Built target roscpp_generate_messages_lisp
[34.146s] [  0%] Built target tf2_msgs_generate_messages_nodejs
[34.298s] [  0%] Built target autoware_config_msgs_generate_messages_cpp
[34.442s] [  0%] Built target sensor_msgs_generate_messages_nodejs
[34.585s] [  0%] Built target tf2_msgs_generate_messages_py
[34.727s] [  0%] Built target dynamic_reconfigure_generate_messages_nodejs
[34.890s] [  0%] Built target bond_generate_messages_cpp
[35.093s] [  0%] Built target bond_generate_messages_eus
[35.237s] [  0%] Built target bond_generate_messages_lisp
[35.383s] [  0%] Built target pcl_msgs_generate_messages_eus
[35.527s] [  0%] Built target autoware_config_msgs_generate_messages_eus
[35.674s] [  0%] Built target autoware_config_msgs_generate_messages_lisp
[35.822s] [  0%] Built target tf_generate_messages_eus
[36.055s] [  0%] Built target rosgraph_msgs_generate_messages_lisp
[36.217s] [  0%] Built target diagnostic_msgs_generate_messages_cpp
[36.362s] [  0%] Built target rosgraph_msgs_generate_messages_py
[36.504s] [  0%] Built target sensor_msgs_generate_messages_eus
[36.653s] [  0%] Built target nodelet_topic_tools_gencfg
[36.798s] [  0%] Built target sensor_msgs_generate_messages_lisp
[36.972s] [  0%] Built target autoware_config_msgs_generate_messages_py
[37.148s] [  0%] Built target roscpp_generate_messages_eus
[37.295s] [  0%] Built target std_msgs_generate_messages_cpp
[37.442s] [  0%] Built target velodyne_driver_gencfg
[37.592s] [  0%] Built target geometry_msgs_generate_messages_lisp
[37.738s] [  0%] Built target actionlib_msgs_generate_messages_nodejs
[37.892s] [  0%] Built target actionlib_msgs_generate_messages_lisp
[38.065s] [  0%] Built target tf_generate_messages_py
[38.211s] [  0%] Built target std_srvs_generate_messages_cpp
[38.366s] [  0%] Built target autoware_config_msgs_generate_messages_nodejs
[38.515s] [  0%] Built target std_msgs_generate_messages_lisp
[38.671s] [  0%] Built target actionlib_msgs_generate_messages_eus
[38.822s] [  0%] Built target dynamic_reconfigure_generate_messages_py
[38.999s] [  0%] Built target roscpp_generate_messages_nodejs
[39.211s] [  0%] Built target roscpp_generate_messages_py
[39.369s] [  0%] Built target actionlib_generate_messages_eus
[39.529s] [  0%] Built target rosgraph_msgs_generate_messages_cpp
[39.698s] [  0%] Built target std_srvs_generate_messages_py
[39.891s] [  0%] Built target rosgraph_msgs_generate_messages_eus
[40.151s] [  0%] Built target pcl_ros_gencfg
[40.328s] [  0%] Built target rosgraph_msgs_generate_messages_nodejs
[40.492s] [  0%] Built target dynamic_reconfigure_generate_messages_cpp
[40.645s] [  0%] Built target geometry_msgs_generate_messages_nodejs
[40.814s] [  0%] Built target dynamic_reconfigure_generate_messages_eus
[41.022s] [  0%] Built target dynamic_reconfigure_gencfg
[41.172s] [  0%] Built target nodelet_generate_messages_cpp
[41.320s] [  0%] Built target tf2_msgs_generate_messages_cpp
[41.461s] [  0%] Built target dynamic_reconfigure_generate_messages_lisp
[41.608s] [  0%] Built target nodelet_generate_messages_eus
[41.751s] [  0%] Built target nodelet_generate_messages_nodejs
[41.925s] [  0%] Built target bond_generate_messages_nodejs
[42.105s] [  0%] Built target std_srvs_generate_messages_nodejs
[42.248s] [  0%] Built target nodelet_generate_messages_py
[42.390s] [  0%] Built target actionlib_msgs_generate_messages_py
[42.536s] [  0%] Built target tf2_msgs_generate_messages_lisp
[42.680s] [  0%] Built target diagnostic_msgs_generate_messages_eus
[42.823s] [  0%] Built target diagnostic_msgs_generate_messages_nodejs
[43.010s] [  0%] Built target velodyne_msgs_generate_messages_cpp
[43.161s] [  0%] Built target velodyne_msgs_generate_messages_eus
[43.305s] [  0%] Built target velodyne_msgs_generate_messages_lisp
[43.449s] [  0%] Built target velodyne_msgs_generate_messages_py
[43.757s] [  0%] Built target _points_downsampler_generate_messages_check_deps_PointsDownsamplerInfo
[43.920s] [  0%] Built target std_msgs_generate_messages_eus
[44.097s] [  6%] Built target points_downsampler_generate_messages_lisp
[44.236s] [ 20%] Built target points_downsampler_generate_messages_eus
[44.386s] [ 26%] Built target points_downsampler_generate_messages_cpp
[44.532s] [ 40%] Built target points_downsampler_generate_messages_py
[44.678s] [ 46%] Built target points_downsampler_generate_messages_nodejs
[44.866s] [ 60%] Built target ring_filter
[45.103s] [ 73%] Built target random_filter
[45.249s] [ 73%] Built target points_downsampler_generate_messages
[45.423s] [ 86%] Built target distance_filter
[45.600s] [100%] Built target voxel_grid_filter
[45.739s] [36mInstall the project...[0m
[45.796s] -- Install configuration: "Release"
[45.797s] -- Up-to-date: /home/capstone/autoware.ai/install/points_downsampler/share/points_downsampler/msg/PointsDownsamplerInfo.msg
[45.797s] -- Up-to-date: /home/capstone/autoware.ai/install/points_downsampler/share/points_downsampler/cmake/points_downsampler-msg-paths.cmake
[45.797s] -- Up-to-date: /home/capstone/autoware.ai/install/points_downsampler/include/points_downsampler
[45.797s] -- Up-to-date: /home/capstone/autoware.ai/install/points_downsampler/include/points_downsampler/PointsDownsamplerInfo.h
[45.798s] -- Up-to-date: /home/capstone/autoware.ai/install/points_downsampler/share/roseus/ros/points_downsampler
[45.798s] -- Up-to-date: /home/capstone/autoware.ai/install/points_downsampler/share/roseus/ros/points_downsampler/manifest.l
[45.799s] -- Up-to-date: /home/capstone/autoware.ai/install/points_downsampler/share/roseus/ros/points_downsampler/msg
[45.799s] -- Up-to-date: /home/capstone/autoware.ai/install/points_downsampler/share/roseus/ros/points_downsampler/msg/PointsDownsamplerInfo.l
[45.799s] -- Up-to-date: /home/capstone/autoware.ai/install/points_downsampler/share/common-lisp/ros/points_downsampler
[45.799s] -- Up-to-date: /home/capstone/autoware.ai/install/points_downsampler/share/common-lisp/ros/points_downsampler/msg
[45.800s] -- Up-to-date: /home/capstone/autoware.ai/install/points_downsampler/share/common-lisp/ros/points_downsampler/msg/points_downsampler-msg.asd
[45.800s] -- Up-to-date: /home/capstone/autoware.ai/install/points_downsampler/share/common-lisp/ros/points_downsampler/msg/_package.lisp
[45.800s] -- Up-to-date: /home/capstone/autoware.ai/install/points_downsampler/share/common-lisp/ros/points_downsampler/msg/_package_PointsDownsamplerInfo.lisp
[45.800s] -- Up-to-date: /home/capstone/autoware.ai/install/points_downsampler/share/common-lisp/ros/points_downsampler/msg/PointsDownsamplerInfo.lisp
[45.801s] -- Up-to-date: /home/capstone/autoware.ai/install/points_downsampler/share/gennodejs/ros/points_downsampler
[45.801s] -- Up-to-date: /home/capstone/autoware.ai/install/points_downsampler/share/gennodejs/ros/points_downsampler/_index.js
[45.801s] -- Up-to-date: /home/capstone/autoware.ai/install/points_downsampler/share/gennodejs/ros/points_downsampler/msg
[45.801s] -- Up-to-date: /home/capstone/autoware.ai/install/points_downsampler/share/gennodejs/ros/points_downsampler/msg/_index.js
[45.801s] -- Up-to-date: /home/capstone/autoware.ai/install/points_downsampler/share/gennodejs/ros/points_downsampler/msg/PointsDownsamplerInfo.js
[45.890s] Listing /home/capstone/autoware.ai/build/points_downsampler/devel/lib/python2.7/dist-packages/points_downsampler ...
[45.890s] Listing /home/capstone/autoware.ai/build/points_downsampler/devel/lib/python2.7/dist-packages/points_downsampler/msg ...
[45.892s] -- Up-to-date: /home/capstone/autoware.ai/install/points_downsampler/lib/python2.7/dist-packages/points_downsampler
[45.893s] -- Up-to-date: /home/capstone/autoware.ai/install/points_downsampler/lib/python2.7/dist-packages/points_downsampler/__init__.pyc
[45.893s] -- Up-to-date: /home/capstone/autoware.ai/install/points_downsampler/lib/python2.7/dist-packages/points_downsampler/__init__.py
[45.893s] -- Up-to-date: /home/capstone/autoware.ai/install/points_downsampler/lib/python2.7/dist-packages/points_downsampler/msg
[45.894s] -- Up-to-date: /home/capstone/autoware.ai/install/points_downsampler/lib/python2.7/dist-packages/points_downsampler/msg/_PointsDownsamplerInfo.py
[45.894s] -- Up-to-date: /home/capstone/autoware.ai/install/points_downsampler/lib/python2.7/dist-packages/points_downsampler/msg/_PointsDownsamplerInfo.pyc
[45.894s] -- Up-to-date: /home/capstone/autoware.ai/install/points_downsampler/lib/python2.7/dist-packages/points_downsampler/msg/__init__.pyc
[45.895s] -- Up-to-date: /home/capstone/autoware.ai/install/points_downsampler/lib/python2.7/dist-packages/points_downsampler/msg/__init__.py
[45.895s] -- Installing: /home/capstone/autoware.ai/install/points_downsampler/lib/pkgconfig/points_downsampler.pc
[45.895s] -- Up-to-date: /home/capstone/autoware.ai/install/points_downsampler/share/points_downsampler/cmake/points_downsampler-msg-extras.cmake
[45.895s] -- Installing: /home/capstone/autoware.ai/install/points_downsampler/share/points_downsampler/cmake/points_downsamplerConfig.cmake
[45.896s] -- Up-to-date: /home/capstone/autoware.ai/install/points_downsampler/share/points_downsampler/cmake/points_downsamplerConfig-version.cmake
[45.896s] -- Up-to-date: /home/capstone/autoware.ai/install/points_downsampler/share/points_downsampler/package.xml
[45.898s] -- Up-to-date: /home/capstone/autoware.ai/install/points_downsampler/lib/points_downsampler/voxel_grid_filter
[45.901s] -- Up-to-date: /home/capstone/autoware.ai/install/points_downsampler/lib/points_downsampler/ring_filter
[45.902s] -- Up-to-date: /home/capstone/autoware.ai/install/points_downsampler/lib/points_downsampler/distance_filter
[45.904s] -- Up-to-date: /home/capstone/autoware.ai/install/points_downsampler/lib/points_downsampler/random_filter
[45.904s] -- Up-to-date: /home/capstone/autoware.ai/install/points_downsampler/share/points_downsampler/launch
[45.905s] -- Up-to-date: /home/capstone/autoware.ai/install/points_downsampler/share/points_downsampler/launch/points_downsample.launch
