[1.584s] [  0%] Built target actionlib_generate_messages_py
[1.729s] [  0%] Built target rosgraph_msgs_generate_messages_nodejs
[1.875s] [  0%] Built target actionlib_msgs_generate_messages_nodejs
[2.059s] [  0%] Built target actionlib_msgs_generate_messages_lisp
[2.212s] [  0%] Built target tf_generate_messages_py
[2.361s] [  0%] Built target actionlib_msgs_generate_messages_cpp
[2.504s] [  0%] Built target grid_map_msgs_generate_messages_eus
[2.647s] [  0%] Built target grid_map_msgs_generate_messages_cpp
[2.795s] [  0%] Built target pcl_msgs_generate_messages_py
[2.944s] [  0%] Built target pcl_msgs_generate_messages_lisp
[3.146s] [  0%] Built target pcl_msgs_generate_messages_nodejs
[3.302s] [  0%] Built target vector_map_msgs_generate_messages_lisp
[3.439s] [  0%] Built target pcl_msgs_generate_messages_eus
[3.582s] [  0%] Built target geometry_msgs_generate_messages_cpp
[3.725s] [  0%] Built target geometry_msgs_generate_messages_nodejs
[3.872s] [  0%] Built target dynamic_reconfigure_generate_messages_eus
[4.026s] [  0%] Built target _catkin_empty_exported_target
[4.199s] [  0%] Built target actionlib_generate_messages_lisp
[4.348s] [  0%] Built target jsk_footstep_msgs_generate_messages_eus
[4.495s] [  0%] Built target autoware_msgs_generate_messages_cpp
[4.639s] [  0%] Built target jsk_recognition_msgs_generate_messages_nodejs
[4.783s] [  0%] Built target std_msgs_generate_messages_lisp
[4.938s] [  0%] Built target sensor_msgs_generate_messages_cpp
[5.138s] [  0%] Built target nav_msgs_generate_messages_nodejs
[5.282s] [  0%] Built target roscpp_generate_messages_cpp
[5.425s] [  0%] Built target sensor_msgs_generate_messages_eus
[5.568s] [  0%] Built target nodelet_topic_tools_gencfg
[5.730s] [  0%] Built target autoware_lanelet2_msgs_generate_messages_nodejs
[5.876s] [  0%] Built target rosgraph_msgs_generate_messages_lisp
[6.081s] [  0%] Built target autoware_msgs_generate_messages_py
[6.224s] [  0%] Built target visualization_msgs_generate_messages_cpp
[6.371s] [  0%] Built target tf_generate_messages_eus
[6.513s] [  0%] Built target actionlib_msgs_generate_messages_eus
[6.659s] [  0%] Built target dynamic_reconfigure_generate_messages_py
[6.806s] [  0%] Built target std_srvs_generate_messages_cpp
[6.953s] [  0%] Built target autoware_msgs_generate_messages_nodejs
[7.171s] [  0%] Built target jsk_footstep_msgs_generate_messages_lisp
[7.325s] [  0%] Built target topic_tools_generate_messages_eus
[7.474s] [  0%] Built target sensor_msgs_generate_messages_py
[7.620s] [  0%] Built target tf2_msgs_generate_messages_eus
[7.777s] [  0%] Built target geometry_msgs_generate_messages_py
[7.925s] [  0%] Built target jsk_footstep_msgs_generate_messages_py
[8.121s] [  0%] Built target geometry_msgs_generate_messages_eus
[8.268s] [  0%] Built target std_msgs_generate_messages_nodejs
[8.410s] [  0%] Built target nodelet_generate_messages_lisp
[8.559s] [  0%] Built target autoware_lanelet2_msgs_generate_messages_eus
[8.705s] [  0%] Built target autoware_msgs_generate_messages_eus
[8.854s] [  0%] Built target geometry_msgs_generate_messages_lisp
[9.033s] [  0%] Built target jsk_recognition_msgs_generate_messages_cpp
[9.212s] [  0%] Built target jsk_recognition_msgs_generate_messages_eus
[9.359s] [  0%] Built target grid_map_msgs_generate_messages_nodejs
[9.503s] [  0%] Built target jsk_footstep_msgs_generate_messages_cpp
[9.648s] [  0%] Built target actionlib_msgs_generate_messages_py
[9.789s] [  0%] Built target jsk_recognition_msgs_generate_messages_lisp
[9.942s] [  0%] Built target grid_map_msgs_generate_messages_py
[10.121s] [  0%] Built target nav_msgs_generate_messages_cpp
[10.264s] [  0%] Built target visualization_msgs_generate_messages_eus
[10.404s] [  0%] Built target nav_msgs_generate_messages_eus
[10.549s] [  0%] Built target std_msgs_generate_messages_cpp
[10.697s] [  0%] Built target vector_map_msgs_generate_messages_eus
[10.845s] [  0%] Built target nav_msgs_generate_messages_py
[11.026s] [  0%] Built target tf_generate_messages_lisp
[11.186s] [  0%] Built target std_srvs_generate_messages_eus
[11.328s] [  0%] Built target std_msgs_generate_messages_eus
[11.470s] [  0%] Built target roscpp_generate_messages_lisp
[11.612s] [  0%] Built target std_srvs_generate_messages_lisp
[11.757s] [  0%] Built target std_srvs_generate_messages_nodejs
[11.904s] [  0%] Built target nodelet_generate_messages_py
[12.108s] [  0%] Built target autoware_lanelet2_msgs_generate_messages_lisp
[12.252s] [  0%] Built target topic_tools_generate_messages_lisp
[12.399s] [  0%] Built target topic_tools_generate_messages_nodejs
[12.543s] [  0%] Built target tf_generate_messages_cpp
[12.688s] [  0%] Built target topic_tools_generate_messages_py
[12.831s] [  0%] Built target tf_generate_messages_nodejs
[13.017s] [  0%] Built target actionlib_generate_messages_cpp
[13.182s] [  0%] Built target std_srvs_generate_messages_py
[13.324s] [  0%] Built target actionlib_generate_messages_nodejs
[13.467s] [  0%] Built target nav_msgs_generate_messages_lisp
[13.610s] [  0%] Built target tf2_msgs_generate_messages_cpp
[13.757s] [  0%] Built target dynamic_reconfigure_generate_messages_lisp
[13.901s] [  0%] Built target tf2_msgs_generate_messages_lisp
[14.095s] [  0%] Built target nodelet_generate_messages_cpp
[14.237s] [  0%] Built target sensor_msgs_generate_messages_lisp
[14.384s] [  0%] Built target tf2_msgs_generate_messages_nodejs
[14.532s] [  0%] Built target tf2_msgs_generate_messages_py
[14.676s] [  0%] Built target dynamic_reconfigure_generate_messages_nodejs
[14.825s] [  0%] Built target bond_generate_messages_cpp
[14.992s] [  0%] Built target visualization_msgs_generate_messages_lisp
[15.181s] [  0%] Built target rosgraph_msgs_generate_messages_py
[15.322s] [  0%] Built target visualization_msgs_generate_messages_nodejs
[15.468s] [  0%] Built target pcl_ros_gencfg
[15.611s] [  0%] Built target dynamic_reconfigure_generate_messages_cpp
[15.755s] [  0%] Built target jsk_recognition_msgs_generate_messages_py
[15.906s] [  0%] Built target pcl_msgs_generate_messages_cpp
[16.104s] [  0%] Built target dynamic_reconfigure_gencfg
[16.246s] [  0%] Built target autoware_lanelet2_msgs_generate_messages_cpp
[16.397s] [  0%] Built target nodelet_generate_messages_eus
[16.542s] [  0%] Built target nodelet_generate_messages_nodejs
[16.692s] [  0%] Built target jsk_footstep_msgs_generate_messages_nodejs
[16.839s] [  0%] Built target bond_generate_messages_eus
[16.998s] [  0%] Built target bond_generate_messages_lisp
[17.166s] [  0%] Built target bond_generate_messages_nodejs
[17.312s] [  0%] Built target bond_generate_messages_py
[17.459s] [  0%] Built target vector_map_msgs_generate_messages_cpp
[17.602s] [  0%] Built target roscpp_generate_messages_py
[17.746s] [  0%] Built target sensor_msgs_generate_messages_nodejs
[17.897s] [  0%] Built target vector_map_msgs_generate_messages_nodejs
[18.089s] [  0%] Built target vector_map_msgs_generate_messages_py
[18.235s] [  0%] Built target autoware_lanelet2_msgs_generate_messages_py
[18.387s] [  0%] Built target roscpp_generate_messages_eus
[18.531s] [  0%] Built target roscpp_generate_messages_nodejs
[18.673s] [  0%] Built target actionlib_generate_messages_eus
[18.815s] [  0%] Built target rosgraph_msgs_generate_messages_cpp
[18.968s] [  0%] Built target rosgraph_msgs_generate_messages_eus
[19.134s] [  0%] Built target visualization_msgs_generate_messages_py
[19.292s] [  0%] Built target topic_tools_generate_messages_cpp
[19.438s] [  0%] Built target autoware_msgs_generate_messages_lisp
[19.583s] [  0%] Built target std_msgs_generate_messages_py
[19.726s] [  0%] Built target grid_map_msgs_generate_messages_lisp
[19.942s] [ 33%] Built target costmap_generator
[20.194s] [ 66%] Built target costmap_generator_lib
[20.408s] [100%] Built target costmap_generator_lanelet2
[22.363s] [ 22%] Built target gtest
[22.505s] [ 22%] Built target roscpp_generate_messages_eus
[22.650s] [ 22%] Built target rosgraph_msgs_generate_messages_nodejs
[22.796s] [ 22%] Built target actionlib_msgs_generate_messages_nodejs
[22.951s] [ 22%] Built target actionlib_msgs_generate_messages_lisp
[23.126s] [ 22%] Built target tf_generate_messages_py
[23.272s] [ 22%] Built target actionlib_msgs_generate_messages_cpp
[23.419s] [ 22%] Built target grid_map_msgs_generate_messages_eus
[23.564s] [ 22%] Built target grid_map_msgs_generate_messages_cpp
[23.715s] [ 22%] Built target pcl_msgs_generate_messages_py
[23.859s] [ 22%] Built target pcl_msgs_generate_messages_lisp
[24.046s] [ 22%] Built target pcl_msgs_generate_messages_nodejs
[24.206s] [ 22%] Built target vector_map_msgs_generate_messages_lisp
[24.348s] [ 22%] Built target pcl_msgs_generate_messages_eus
[24.494s] [ 22%] Built target geometry_msgs_generate_messages_cpp
[24.638s] [ 22%] Built target geometry_msgs_generate_messages_nodejs
[24.781s] [ 22%] Built target dynamic_reconfigure_generate_messages_eus
[24.939s] [ 22%] Built target _catkin_empty_exported_target
[25.152s] [ 22%] Built target actionlib_generate_messages_lisp
[25.296s] [ 22%] Built target jsk_footstep_msgs_generate_messages_eus
[25.442s] [ 22%] Built target autoware_msgs_generate_messages_cpp
[25.587s] [ 22%] Built target jsk_recognition_msgs_generate_messages_nodejs
[25.730s] [ 22%] Built target std_msgs_generate_messages_lisp
[25.876s] [ 22%] Built target sensor_msgs_generate_messages_cpp
[26.073s] [ 22%] Built target nav_msgs_generate_messages_nodejs
[26.233s] [ 22%] Built target roscpp_generate_messages_cpp
[26.378s] [ 22%] Built target sensor_msgs_generate_messages_eus
[26.527s] [ 22%] Built target nodelet_topic_tools_gencfg
[26.680s] [ 22%] Built target autoware_lanelet2_msgs_generate_messages_nodejs
[26.821s] [ 22%] Built target rosgraph_msgs_generate_messages_lisp
[26.970s] [ 22%] Built target autoware_msgs_generate_messages_py
[27.148s] [ 22%] Built target visualization_msgs_generate_messages_cpp
[27.295s] [ 22%] Built target tf_generate_messages_eus
[27.436s] [ 22%] Built target actionlib_msgs_generate_messages_eus
[27.582s] [ 22%] Built target dynamic_reconfigure_generate_messages_py
[27.727s] [ 22%] Built target std_srvs_generate_messages_cpp
[27.873s] [ 22%] Built target autoware_msgs_generate_messages_nodejs
[28.068s] [ 22%] Built target jsk_footstep_msgs_generate_messages_lisp
[28.220s] [ 22%] Built target topic_tools_generate_messages_eus
[28.367s] [ 22%] Built target sensor_msgs_generate_messages_py
[28.514s] [ 22%] Built target tf2_msgs_generate_messages_eus
[28.662s] [ 22%] Built target geometry_msgs_generate_messages_py
[28.812s] [ 22%] Built target jsk_footstep_msgs_generate_messages_py
[28.985s] [ 22%] Built target geometry_msgs_generate_messages_eus
[29.180s] [ 22%] Built target std_msgs_generate_messages_nodejs
[29.328s] [ 22%] Built target nodelet_generate_messages_lisp
[29.473s] [ 22%] Built target autoware_lanelet2_msgs_generate_messages_eus
[29.620s] [ 22%] Built target autoware_msgs_generate_messages_eus
[29.762s] [ 22%] Built target geometry_msgs_generate_messages_lisp
[29.904s] [ 22%] Built target jsk_recognition_msgs_generate_messages_cpp
[30.104s] [ 22%] Built target jsk_recognition_msgs_generate_messages_eus
[30.250s] [ 22%] Built target grid_map_msgs_generate_messages_nodejs
[30.394s] [ 22%] Built target jsk_footstep_msgs_generate_messages_cpp
[30.538s] [ 22%] Built target actionlib_msgs_generate_messages_py
[30.683s] [ 22%] Built target jsk_recognition_msgs_generate_messages_lisp
[30.834s] [ 22%] Built target grid_map_msgs_generate_messages_py
[30.995s] [ 22%] Built target nav_msgs_generate_messages_cpp
[31.161s] [ 22%] Built target visualization_msgs_generate_messages_eus
[31.305s] [ 22%] Built target nav_msgs_generate_messages_eus
[31.451s] [ 22%] Built target std_msgs_generate_messages_cpp
[31.598s] [ 22%] Built target vector_map_msgs_generate_messages_eus
[31.745s] [ 22%] Built target nav_msgs_generate_messages_py
[31.885s] [ 22%] Built target tf_generate_messages_lisp
[32.069s] [ 22%] Built target std_srvs_generate_messages_eus
[32.217s] [ 22%] Built target std_msgs_generate_messages_eus
[32.360s] [ 22%] Built target roscpp_generate_messages_lisp
[32.506s] [ 22%] Built target std_srvs_generate_messages_lisp
[32.651s] [ 22%] Built target std_srvs_generate_messages_nodejs
[32.796s] [ 22%] Built target nodelet_generate_messages_py
[32.966s] [ 22%] Built target autoware_lanelet2_msgs_generate_messages_lisp
[33.160s] [ 22%] Built target topic_tools_generate_messages_lisp
[33.302s] [ 22%] Built target topic_tools_generate_messages_nodejs
[33.448s] [ 22%] Built target tf_generate_messages_cpp
[33.598s] [ 22%] Built target topic_tools_generate_messages_py
[33.742s] [ 22%] Built target tf_generate_messages_nodejs
[33.885s] [ 22%] Built target actionlib_generate_messages_cpp
[34.063s] [ 22%] Built target std_srvs_generate_messages_py
[34.210s] [ 22%] Built target actionlib_generate_messages_nodejs
[34.354s] [ 22%] Built target nav_msgs_generate_messages_lisp
[34.498s] [ 22%] Built target tf2_msgs_generate_messages_cpp
[34.640s] [ 22%] Built target dynamic_reconfigure_generate_messages_lisp
[34.789s] [ 22%] Built target tf2_msgs_generate_messages_lisp
[34.933s] [ 22%] Built target nodelet_generate_messages_cpp
[35.125s] [ 22%] Built target sensor_msgs_generate_messages_lisp
[35.273s] [ 22%] Built target tf2_msgs_generate_messages_nodejs
[35.426s] [ 22%] Built target tf2_msgs_generate_messages_py
[35.572s] [ 22%] Built target dynamic_reconfigure_generate_messages_nodejs
[35.714s] [ 22%] Built target bond_generate_messages_cpp
[35.859s] [ 22%] Built target visualization_msgs_generate_messages_lisp
[36.048s] [ 22%] Built target rosgraph_msgs_generate_messages_py
[36.237s] [ 22%] Built target visualization_msgs_generate_messages_nodejs
[36.383s] [ 22%] Built target pcl_ros_gencfg
[36.532s] [ 22%] Built target dynamic_reconfigure_generate_messages_cpp
[36.676s] [ 22%] Built target jsk_recognition_msgs_generate_messages_py
[36.820s] [ 22%] Built target pcl_msgs_generate_messages_cpp
[36.984s] [ 22%] Built target dynamic_reconfigure_gencfg
[37.178s] [ 22%] Built target autoware_lanelet2_msgs_generate_messages_cpp
[37.322s] [ 22%] Built target nodelet_generate_messages_eus
[37.466s] [ 22%] Built target nodelet_generate_messages_nodejs
[37.612s] [ 22%] Built target jsk_footstep_msgs_generate_messages_nodejs
[37.759s] [ 22%] Built target bond_generate_messages_eus
[37.904s] [ 22%] Built target bond_generate_messages_lisp
[38.129s] [ 22%] Built target bond_generate_messages_nodejs
[38.285s] [ 22%] Built target bond_generate_messages_py
[38.430s] [ 22%] Built target vector_map_msgs_generate_messages_cpp
[38.574s] [ 22%] Built target roscpp_generate_messages_py
[38.716s] [ 22%] Built target sensor_msgs_generate_messages_nodejs
[38.865s] [ 22%] Built target vector_map_msgs_generate_messages_nodejs
[39.051s] [ 22%] Built target vector_map_msgs_generate_messages_py
[39.204s] [ 22%] Built target autoware_lanelet2_msgs_generate_messages_py
[39.351s] [ 22%] Built target roscpp_generate_messages_nodejs
[39.500s] [ 22%] Built target actionlib_generate_messages_eus
[39.645s] [ 22%] Built target rosgraph_msgs_generate_messages_cpp
[39.789s] [ 22%] Built target rosgraph_msgs_generate_messages_eus
[39.943s] [ 22%] Built target visualization_msgs_generate_messages_py
[40.137s] [ 22%] Built target topic_tools_generate_messages_cpp
[40.279s] [ 22%] Built target autoware_msgs_generate_messages_lisp
[40.431s] [ 22%] Built target std_msgs_generate_messages_py
[40.578s] [ 22%] Built target grid_map_msgs_generate_messages_lisp
[40.726s] [ 22%] Built target actionlib_generate_messages_py
[40.922s] [ 77%] Built target costmap_generator_lib
[41.178s] [100%] Built target test-costmap_generator
[41.309s] [100%] Built target tests
[43.002s] [  0%] Built target actionlib_generate_messages_py
[43.171s] [  0%] Built target rosgraph_msgs_generate_messages_nodejs
[43.302s] [  0%] Built target actionlib_msgs_generate_messages_nodejs
[43.435s] [  0%] Built target actionlib_msgs_generate_messages_lisp
[43.560s] [  0%] Built target tf_generate_messages_py
[43.692s] [  0%] Built target actionlib_msgs_generate_messages_cpp
[43.818s] [  0%] Built target grid_map_msgs_generate_messages_eus
[43.959s] [  0%] Built target grid_map_msgs_generate_messages_cpp
[44.122s] [  0%] Built target pcl_msgs_generate_messages_py
[44.246s] [  0%] Built target pcl_msgs_generate_messages_lisp
[44.377s] [  0%] Built target pcl_msgs_generate_messages_nodejs
[44.502s] [  0%] Built target vector_map_msgs_generate_messages_lisp
[44.621s] [  0%] Built target pcl_msgs_generate_messages_eus
[44.748s] [  0%] Built target geometry_msgs_generate_messages_cpp
[44.875s] [  0%] Built target geometry_msgs_generate_messages_nodejs
[45.027s] [  0%] Built target dynamic_reconfigure_generate_messages_eus
[45.196s] [  0%] Built target _catkin_empty_exported_target
[45.316s] [  0%] Built target actionlib_generate_messages_lisp
[45.434s] [  0%] Built target jsk_footstep_msgs_generate_messages_eus
[45.560s] [  0%] Built target autoware_msgs_generate_messages_cpp
[45.664s] [  0%] Built target jsk_recognition_msgs_generate_messages_nodejs
[45.772s] [  0%] Built target std_msgs_generate_messages_lisp
[45.887s] [  0%] Built target sensor_msgs_generate_messages_cpp
[46.032s] [  0%] Built target nav_msgs_generate_messages_nodejs
[46.191s] [  0%] Built target roscpp_generate_messages_cpp
[46.298s] [  0%] Built target sensor_msgs_generate_messages_eus
[46.406s] [  0%] Built target nodelet_topic_tools_gencfg
[46.513s] [  0%] Built target autoware_lanelet2_msgs_generate_messages_nodejs
[46.628s] [  0%] Built target rosgraph_msgs_generate_messages_lisp
[46.743s] [  0%] Built target autoware_msgs_generate_messages_py
[46.848s] [  0%] Built target visualization_msgs_generate_messages_cpp
[46.962s] [  0%] Built target tf_generate_messages_eus
[47.084s] [  0%] Built target actionlib_msgs_generate_messages_eus
[47.230s] [  0%] Built target dynamic_reconfigure_generate_messages_py
[47.340s] [  0%] Built target std_srvs_generate_messages_cpp
[47.443s] [  0%] Built target autoware_msgs_generate_messages_nodejs
[47.551s] [  0%] Built target jsk_footstep_msgs_generate_messages_lisp
[47.653s] [  0%] Built target topic_tools_generate_messages_eus
[47.758s] [  0%] Built target sensor_msgs_generate_messages_py
[47.863s] [  0%] Built target tf2_msgs_generate_messages_eus
[47.983s] [  0%] Built target geometry_msgs_generate_messages_py
[48.131s] [  0%] Built target jsk_footstep_msgs_generate_messages_py
[48.244s] [  0%] Built target geometry_msgs_generate_messages_eus
[48.350s] [  0%] Built target std_msgs_generate_messages_nodejs
[48.456s] [  0%] Built target nodelet_generate_messages_lisp
[48.570s] [  0%] Built target autoware_lanelet2_msgs_generate_messages_eus
[48.676s] [  0%] Built target autoware_msgs_generate_messages_eus
[48.779s] [  0%] Built target geometry_msgs_generate_messages_lisp
[48.889s] [  0%] Built target jsk_recognition_msgs_generate_messages_cpp
[49.022s] [  0%] Built target jsk_recognition_msgs_generate_messages_eus
[49.182s] [  0%] Built target grid_map_msgs_generate_messages_nodejs
[49.298s] [  0%] Built target jsk_footstep_msgs_generate_messages_cpp
[49.406s] [  0%] Built target actionlib_msgs_generate_messages_py
[49.503s] [  0%] Built target jsk_recognition_msgs_generate_messages_lisp
[49.615s] [  0%] Built target grid_map_msgs_generate_messages_py
[49.715s] [  0%] Built target nav_msgs_generate_messages_cpp
[49.815s] [  0%] Built target visualization_msgs_generate_messages_eus
[49.927s] [  0%] Built target nav_msgs_generate_messages_eus
[50.059s] [  0%] Built target std_msgs_generate_messages_cpp
[50.216s] [  0%] Built target vector_map_msgs_generate_messages_eus
[50.326s] [  0%] Built target nav_msgs_generate_messages_py
[50.427s] [  0%] Built target tf_generate_messages_lisp
[50.529s] [  0%] Built target std_srvs_generate_messages_eus
[50.638s] [  0%] Built target std_msgs_generate_messages_eus
[50.738s] [  0%] Built target roscpp_generate_messages_lisp
[50.840s] [  0%] Built target std_srvs_generate_messages_lisp
[50.961s] [  0%] Built target std_srvs_generate_messages_nodejs
[51.117s] [  0%] Built target nodelet_generate_messages_py
[51.260s] [  0%] Built target autoware_lanelet2_msgs_generate_messages_lisp
[51.354s] [  0%] Built target topic_tools_generate_messages_lisp
[51.450s] [  0%] Built target topic_tools_generate_messages_nodejs
[51.555s] [  0%] Built target tf_generate_messages_cpp
[51.644s] [  0%] Built target topic_tools_generate_messages_py
[51.738s] [  0%] Built target tf_generate_messages_nodejs
[51.829s] [  0%] Built target actionlib_generate_messages_cpp
[51.938s] [  0%] Built target std_srvs_generate_messages_py
[52.094s] [  0%] Built target actionlib_generate_messages_nodejs
[52.218s] [  0%] Built target nav_msgs_generate_messages_lisp
[52.316s] [  0%] Built target tf2_msgs_generate_messages_cpp
[52.409s] [  0%] Built target dynamic_reconfigure_generate_messages_lisp
[52.509s] [  0%] Built target tf2_msgs_generate_messages_lisp
[52.614s] [  0%] Built target nodelet_generate_messages_cpp
[52.721s] [  0%] Built target sensor_msgs_generate_messages_lisp
[52.819s] [  0%] Built target tf2_msgs_generate_messages_nodejs
[52.932s] [  0%] Built target tf2_msgs_generate_messages_py
[53.075s] [  0%] Built target dynamic_reconfigure_generate_messages_nodejs
[53.209s] [  0%] Built target bond_generate_messages_cpp
[53.306s] [  0%] Built target visualization_msgs_generate_messages_lisp
[53.402s] [  0%] Built target rosgraph_msgs_generate_messages_py
[53.492s] [  0%] Built target visualization_msgs_generate_messages_nodejs
[53.586s] [  0%] Built target pcl_ros_gencfg
[53.687s] [  0%] Built target dynamic_reconfigure_generate_messages_cpp
[53.785s] [  0%] Built target jsk_recognition_msgs_generate_messages_py
[53.878s] [  0%] Built target pcl_msgs_generate_messages_cpp
[53.998s] [  0%] Built target dynamic_reconfigure_gencfg
[54.132s] [  0%] Built target autoware_lanelet2_msgs_generate_messages_cpp
[54.232s] [  0%] Built target nodelet_generate_messages_eus
[54.340s] [  0%] Built target nodelet_generate_messages_nodejs
[54.440s] [  0%] Built target jsk_footstep_msgs_generate_messages_nodejs
[54.532s] [  0%] Built target bond_generate_messages_eus
[54.635s] [  0%] Built target bond_generate_messages_lisp
[54.727s] [  0%] Built target bond_generate_messages_nodejs
[54.815s] [  0%] Built target bond_generate_messages_py
[54.913s] [  0%] Built target vector_map_msgs_generate_messages_cpp
[55.061s] [  0%] Built target roscpp_generate_messages_py
[55.219s] [  0%] Built target sensor_msgs_generate_messages_nodejs
[55.314s] [  0%] Built target vector_map_msgs_generate_messages_nodejs
[55.419s] [  0%] Built target vector_map_msgs_generate_messages_py
[55.509s] [  0%] Built target autoware_lanelet2_msgs_generate_messages_py
[55.606s] [  0%] Built target roscpp_generate_messages_eus
[55.704s] [  0%] Built target roscpp_generate_messages_nodejs
[55.807s] [  0%] Built target actionlib_generate_messages_eus
[55.896s] [  0%] Built target rosgraph_msgs_generate_messages_cpp
[56.016s] [  0%] Built target rosgraph_msgs_generate_messages_eus
[56.172s] [  0%] Built target visualization_msgs_generate_messages_py
[56.265s] [  0%] Built target topic_tools_generate_messages_cpp
[56.358s] [  0%] Built target autoware_msgs_generate_messages_lisp
[56.482s] [  0%] Built target std_msgs_generate_messages_py
[56.582s] [  0%] Built target grid_map_msgs_generate_messages_lisp
[56.707s] [ 33%] Built target costmap_generator
[56.840s] [ 66%] Built target costmap_generator_lib
[57.001s] [100%] Built target costmap_generator_lanelet2
[57.142s] [36mInstall the project...[0m
[57.186s] -- Install configuration: "Release"
[57.186s] -- Up-to-date: /home/capstone/autoware.ai/install/costmap_generator/lib/pkgconfig/costmap_generator.pc
[57.186s] -- Up-to-date: /home/capstone/autoware.ai/install/costmap_generator/share/costmap_generator/cmake/costmap_generatorConfig.cmake
[57.187s] -- Up-to-date: /home/capstone/autoware.ai/install/costmap_generator/share/costmap_generator/cmake/costmap_generatorConfig-version.cmake
[57.187s] -- Up-to-date: /home/capstone/autoware.ai/install/costmap_generator/share/costmap_generator/package.xml
[57.187s] -- Up-to-date: /home/capstone/autoware.ai/install/costmap_generator/lib/costmap_generator/costmap_generator
[57.187s] -- Up-to-date: /home/capstone/autoware.ai/install/costmap_generator/lib/costmap_generator/costmap_generator_lanelet2
[57.187s] -- Up-to-date: /home/capstone/autoware.ai/install/costmap_generator/share/costmap_generator/launch
[57.188s] -- Up-to-date: /home/capstone/autoware.ai/install/costmap_generator/share/costmap_generator/launch/costmap_generator.launch
[57.188s] -- Up-to-date: /home/capstone/autoware.ai/install/costmap_generator/share/costmap_generator/launch/costmap_generator_option.launch
[57.188s] -- Up-to-date: /home/capstone/autoware.ai/install/costmap_generator/share/costmap_generator/launch/costmap_generator_lanelet2.launch
[57.188s] -- Up-to-date: /home/capstone/autoware.ai/install/costmap_generator/include/costmap_generator
[57.188s] -- Up-to-date: /home/capstone/autoware.ai/install/costmap_generator/include/costmap_generator/costmap_generator_lanelet2.h
[57.188s] -- Up-to-date: /home/capstone/autoware.ai/install/costmap_generator/include/costmap_generator/objects_to_costmap.h
[57.188s] -- Up-to-date: /home/capstone/autoware.ai/install/costmap_generator/include/costmap_generator/costmap_generator.h
[57.189s] -- Up-to-date: /home/capstone/autoware.ai/install/costmap_generator/include/costmap_generator/points_to_costmap.h
