[0.095s] Invoking command in '/home/capstone/autoware.ai/build/sick_ldmrs_description': /usr/bin/cmake /home/capstone/autoware.ai/src/drivers/awf_drivers/sick_ldmrs_description -DCMAKE_BUILD_TYPE=Release -DCATKIN_INSTALL_INTO_PREFIX_ROOT=0 -DCMAKE_INSTALL_PREFIX=/home/capstone/autoware.ai/install/sick_ldmrs_description
[0.313s] -- The C compiler identification is GNU 7.5.0
[0.527s] -- The CXX compiler identification is GNU 7.5.0
[0.555s] -- Check for working C compiler: /usr/bin/cc
[0.852s] -- Check for working C compiler: /usr/bin/cc -- works
[0.854s] -- Detecting C compiler ABI info
[1.137s] -- Detecting C compiler ABI info - done
[1.167s] -- Detecting C compile features
[2.114s] -- Detecting C compile features - done
[2.120s] -- Check for working CXX compiler: /usr/bin/c++
[2.455s] -- Check for working CXX compiler: /usr/bin/c++ -- works
[2.456s] -- Detecting CXX compiler ABI info
[2.790s] -- Detecting CXX compiler ABI info - done
[2.807s] -- Detecting CXX compile features
[4.286s] -- Detecting CXX compile features - done
[4.295s] -- Using CATKIN_DEVEL_PREFIX: /home/capstone/autoware.ai/build/sick_ldmrs_description/devel
[4.301s] -- Using CMAKE_PREFIX_PATH: /home/capstone/autoware.ai/install/wf_simulator;/home/capstone/autoware.ai/install/vision_ssd_detect;/home/capstone/autoware.ai/install/vision_segment_enet_detect;/home/capstone/autoware.ai/install/vision_lane_detect;/home/capstone/autoware.ai/install/vision_darknet_detect;/home/capstone/autoware.ai/install/vision_beyond_track;/home/capstone/autoware.ai/install/vel_pose_diff_checker;/home/capstone/autoware.ai/install/vehicle_socket;/home/capstone/autoware.ai/install/vehicle_sim_model;/home/capstone/autoware.ai/install/vehicle_model;/home/capstone/autoware.ai/install/vehicle_gazebo_simulation_launcher;/home/capstone/autoware.ai/install/vehicle_gazebo_simulation_interface;/home/capstone/autoware.ai/install/vehicle_engage_panel;/home/capstone/autoware.ai/install/vehicle_description;/home/capstone/autoware.ai/install/op_ros_helpers;/home/capstone/autoware.ai/install/op_simu;/home/capstone/autoware.ai/install/op_planner;/home/capstone/autoware.ai/install/op_utility;/home/capstone/autoware.ai/install/vector_map_server;/home/capstone/autoware.ai/install/object_map;/home/capstone/autoware.ai/install/lanelet_aisan_converter;/home/capstone/autoware.ai/install/map_file;/home/capstone/autoware.ai/install/libvectormap;/home/capstone/autoware.ai/install/vector_map;/home/capstone/autoware.ai/install/vector_map_msgs;/home/capstone/autoware.ai/install/twist_generator;/home/capstone/autoware.ai/install/twist2odom;/home/capstone/autoware.ai/install/runtime_manager;/home/capstone/autoware.ai/install/tablet_socket_msgs;/home/capstone/autoware.ai/install/sound_player;/home/capstone/autoware.ai/install/points2image;/home/capstone/autoware.ai/install/rosinterface;/home/capstone/autoware.ai/install/rosbag_controller;/home/capstone/autoware.ai/install/points_preprocessor;/home/capstone/autoware.ai/install/lidar_localizer;/home/capstone/autoware.ai/install/emergency_handler;/home/capstone/autoware.ai/install/autoware_health_checker;/home/capstone/autoware.ai/install/ros_observer;/home/capstone/autoware.ai/install/range_vision_fusion;/home/capstone/autoware.ai/install/pos_db;/home/capstone/autoware.ai/install/points_downsampler;/home/capstone/autoware.ai/install/pixel_cloud_fusion;/home/capstone/autoware.ai/install/pcl_omp_registration;/home/capstone/autoware.ai/install/pc2_downsampler;/home/capstone/autoware.ai/install/obj_db;/home/capstone/autoware.ai/install/nmea_navsat;/home/capstone/autoware.ai/install/ndt_tku;/home/capstone/autoware.ai/install/ndt_gpu;/home/capstone/autoware.ai/install/ndt_cpu;/home/capstone/autoware.ai/install/multi_lidar_calibrator;/home/capstone/autoware.ai/install/mrt_cmake_modules;/home/capstone/autoware.ai/install/marker_downsampler;/home/capstone/autoware.ai/install/map_tools;/home/capstone/autoware.ai/install/map_tf_generator;/home/capstone/autoware.ai/install/log_tools;/home/capstone/autoware.ai/install/libwaypoint_follower;/home/capstone/autoware.ai/install/lgsvl_simulator_bridge;/home/capstone/autoware.ai/install/lanelet2_extension;/home/capstone/autoware.ai/install/lanelet2_validation;/home/capstone/autoware.ai/install/lanelet2_examples;/home/capstone/autoware.ai/install/lanelet2_python;/home/capstone/autoware.ai/install/lanelet2_routing;/home/capstone/autoware.ai/install/lanelet2_traffic_rules;/home/capstone/autoware.ai/install/lanelet2_projection;/home/capstone/autoware.ai/install/lanelet2_maps;/home/capstone/autoware.ai/install/lanelet2_io;/home/capstone/autoware.ai/install/lanelet2_core;/home/capstone/autoware.ai/install/integrated_viewer;/home/capstone/autoware.ai/install/image_processor;/home/capstone/autoware.ai/install/graph_tools;/home/capstone/autoware.ai/install/gnss_localizer;/home/capstone/autoware.ai/install/gnss;/home/capstone/autoware.ai/install/glviewer;/home/capstone/autoware.ai/install/gazebo_world_description;/home/capstone/autoware.ai/install/gazebo_imu_description;/home/capstone/autoware.ai/install/gazebo_camera_description;/home/capstone/autoware.ai/install/fastvirtualscan;/home/capstone/autoware.ai/install/ekf_localizer;/home/capstone/autoware.ai/install/detected_objects_visualizer;/home/capstone/autoware.ai/install/decision_maker_panel;/home/capstone/autoware.ai/install/data_preprocessor;/home/capstone/autoware.ai/install/carla_autoware_bridge;/home/capstone/autoware.ai/install/calibration_publisher;/home/capstone/autoware.ai/install/autoware_system_msgs;/home/capstone/autoware.ai/install/autoware_rviz_plugins;/home/capstone/autoware.ai/install/autoware_quickstart_examples;/home/capstone/autoware.ai/install/autoware_pointgrey_drivers;/home/capstone/autoware.ai/install/autoware_driveworks_interface;/home/capstone/autoware.ai/install/autoware_connector;/home/capstone/autoware.ai/install/autoware_camera_lidar_calibrator;/home/capstone/autoware.ai/install/amathutils_lib;/home/capstone/autoware.ai/install/autoware_msgs;/home/capstone/autoware.ai/install/autoware_map_msgs;/home/capstone/autoware.ai/install/autoware_launcher_rviz;/home/capstone/autoware.ai/install/autoware_launcher;/home/capstone/autoware.ai/install/autoware_lanelet2_msgs;/home/capstone/autoware.ai/install/autoware_external_msgs;/home/capstone/autoware.ai/install/autoware_driveworks_gmsl_interface;/home/capstone/autoware.ai/install/autoware_config_msgs;/home/capstone/autoware.ai/install/autoware_can_msgs;/home/capstone/autoware.ai/install/autoware_build_flags;/home/capstone/autoware.ai/install/autoware_bag_tools;/opt/carla-ros-bridge/melodic;/opt/ros/melodic
[4.303s] -- This workspace overlays: /opt/carla-ros-bridge/melodic;/opt/ros/melodic
[4.360s] -- Found PythonInterp: /usr/bin/python2 (found suitable version "2.7.17", minimum required is "2") 
[4.364s] -- Using PYTHON_EXECUTABLE: /usr/bin/python2
[4.364s] -- Using Debian Python package layout
[4.364s] -- Using empy: /usr/bin/empy
[4.668s] -- Using CATKIN_ENABLE_TESTING: ON
[4.668s] -- Call enable_testing()
[4.681s] -- Using CATKIN_TEST_RESULTS_DIR: /home/capstone/autoware.ai/build/sick_ldmrs_description/test_results
[4.745s] -- Found gtest sources under '/usr/src/googletest': gtests will be built
[4.745s] -- Found gmock sources under '/usr/src/googletest': gmock will be built
[4.786s] -- Found PythonInterp: /usr/bin/python2 (found version "2.7.17") 
[4.786s] -- Looking for pthread.h
[5.057s] -- Looking for pthread.h - found
[5.058s] -- Looking for pthread_create
[5.378s] -- Looking for pthread_create - not found
[5.379s] -- Looking for pthread_create in pthreads
[5.644s] -- Looking for pthread_create in pthreads - not found
[5.645s] -- Looking for pthread_create in pthread
[5.985s] -- Looking for pthread_create in pthread - found
[5.987s] -- Found Threads: TRUE  
[5.998s] -- Using Python nosetests: /usr/bin/nosetests-2.7
[6.107s] -- catkin 0.7.23
[6.107s] -- BUILD_SHARED_LIBS is on
[6.913s] -- Configuring done
[6.992s] -- Generating done
[7.016s] -- Build files have been written to: /home/capstone/autoware.ai/build/sick_ldmrs_description
[7.024s] Invoked command in '/home/capstone/autoware.ai/build/sick_ldmrs_description' returned '0': /usr/bin/cmake /home/capstone/autoware.ai/src/drivers/awf_drivers/sick_ldmrs_description -DCMAKE_BUILD_TYPE=Release -DCATKIN_INSTALL_INTO_PREFIX_ROOT=0 -DCMAKE_INSTALL_PREFIX=/home/capstone/autoware.ai/install/sick_ldmrs_description
[7.025s] Invoking command in '/home/capstone/autoware.ai/build/sick_ldmrs_description': /usr/bin/cmake --build /home/capstone/autoware.ai/build/sick_ldmrs_description -- -j12 -l12
[7.198s] Invoked command in '/home/capstone/autoware.ai/build/sick_ldmrs_description' returned '0': /usr/bin/cmake --build /home/capstone/autoware.ai/build/sick_ldmrs_description -- -j12 -l12
[7.786s] Invoking command in '/home/capstone/autoware.ai/build/sick_ldmrs_description': /usr/bin/cmake --build /home/capstone/autoware.ai/build/sick_ldmrs_description --target tests -- -j12 -l12
[8.609s] [35m[1mScanning dependencies of target tests[0m
[8.796s] Built target tests
[8.960s] Invoked command in '/home/capstone/autoware.ai/build/sick_ldmrs_description' returned '0': /usr/bin/cmake --build /home/capstone/autoware.ai/build/sick_ldmrs_description --target tests -- -j12 -l12
[11.581s] Invoking command in '/home/capstone/autoware.ai/build/sick_ldmrs_description': /usr/bin/cmake --build /home/capstone/autoware.ai/build/sick_ldmrs_description --target install -- -j12 -l12
[13.069s] [36mInstall the project...[0m
[13.169s] -- Install configuration: "Release"
[13.170s] -- Installing: /home/capstone/autoware.ai/install/sick_ldmrs_description/lib/pkgconfig/sick_ldmrs_description.pc
[13.171s] -- Installing: /home/capstone/autoware.ai/install/sick_ldmrs_description/share/sick_ldmrs_description/cmake/sick_ldmrs_descriptionConfig.cmake
[13.173s] -- Installing: /home/capstone/autoware.ai/install/sick_ldmrs_description/share/sick_ldmrs_description/cmake/sick_ldmrs_descriptionConfig-version.cmake
[13.173s] -- Installing: /home/capstone/autoware.ai/install/sick_ldmrs_description/share/sick_ldmrs_description/package.xml
[13.181s] -- Installing: /home/capstone/autoware.ai/install/sick_ldmrs_description/share/sick_ldmrs_description/launch
[13.181s] -- Installing: /home/capstone/autoware.ai/install/sick_ldmrs_description/share/sick_ldmrs_description/launch/show_urdf.launch
[13.182s] -- Installing: /home/capstone/autoware.ai/install/sick_ldmrs_description/share/sick_ldmrs_description/launch/upload_urdf.launch
[13.183s] -- Installing: /home/capstone/autoware.ai/install/sick_ldmrs_description/share/sick_ldmrs_description/meshes
[13.183s] -- Installing: /home/capstone/autoware.ai/install/sick_ldmrs_description/share/sick_ldmrs_description/meshes/sick_ldmrs.dae
[13.188s] -- Installing: /home/capstone/autoware.ai/install/sick_ldmrs_description/share/sick_ldmrs_description/meshes/sick_ldmrs_color.png
[13.189s] -- Installing: /home/capstone/autoware.ai/install/sick_ldmrs_description/share/sick_ldmrs_description/urdf
[13.190s] -- Installing: /home/capstone/autoware.ai/install/sick_ldmrs_description/share/sick_ldmrs_description/urdf/sick_ldmrs.urdf.xacro
[13.190s] -- Installing: /home/capstone/autoware.ai/install/sick_ldmrs_description/share/sick_ldmrs_description/urdf/sick_ldmrs_macros.urdf.xacro
[13.205s] Invoked command in '/home/capstone/autoware.ai/build/sick_ldmrs_description' returned '0': /usr/bin/cmake --build /home/capstone/autoware.ai/build/sick_ldmrs_description --target install -- -j12 -l12
