[0.903s] [  0%] Built target _catkin_empty_exported_target
[1.160s] [100%] Built target vehicle_sim_model
[4.073s] [ 22%] Built target gtest
[4.123s] [ 22%] Built target _catkin_empty_exported_target
[4.416s] [ 77%] Built target vehicle_sim_model
[4.676s] [100%] Built target test-vehicle_sim_model
[4.846s] [100%] Built target tests
[6.070s] [  0%] Built target _catkin_empty_exported_target
[6.274s] [100%] Built target vehicle_sim_model
[6.493s] [36mInstall the project...[0m
[6.594s] -- Install configuration: "Release"
[6.595s] -- Up-to-date: /home/capstone/autoware.ai/install/vehicle_sim_model/lib/pkgconfig/vehicle_sim_model.pc
[6.595s] -- Up-to-date: /home/capstone/autoware.ai/install/vehicle_sim_model/share/vehicle_sim_model/cmake/vehicle_sim_modelConfig.cmake
[6.595s] -- Up-to-date: /home/capstone/autoware.ai/install/vehicle_sim_model/share/vehicle_sim_model/cmake/vehicle_sim_modelConfig-version.cmake
[6.595s] -- Up-to-date: /home/capstone/autoware.ai/install/vehicle_sim_model/share/vehicle_sim_model/package.xml
[6.596s] -- Up-to-date: /home/capstone/autoware.ai/install/vehicle_sim_model/lib/libvehicle_sim_model.so
[6.596s] -- Up-to-date: /home/capstone/autoware.ai/install/vehicle_sim_model/include/vehicle_sim_model
[6.596s] -- Up-to-date: /home/capstone/autoware.ai/install/vehicle_sim_model/include/vehicle_sim_model/vehicle_model_interface.h
[6.596s] -- Up-to-date: /home/capstone/autoware.ai/install/vehicle_sim_model/include/vehicle_sim_model/vehicle_model_constant_acceleration.h
[6.596s] -- Up-to-date: /home/capstone/autoware.ai/install/vehicle_sim_model/include/vehicle_sim_model/vehicle_model_ideal.h
[6.596s] -- Up-to-date: /home/capstone/autoware.ai/install/vehicle_sim_model/include/vehicle_sim_model/vehicle_model_time_delay.h
[6.597s] -- Up-to-date: /home/capstone/autoware.ai/install/vehicle_sim_model/lib/vehicle_sim_model/fitParamDelayInputModel.py
