[0.114s] Invoking command in '/home/capstone/autoware.ai/build/custom_msgs': /usr/bin/cmake /home/capstone/autoware.ai/src/drivers/awf_drivers/custom_msgs -DCMAKE_BUILD_TYPE=Release -DCATKIN_INSTALL_INTO_PREFIX_ROOT=0 -DCMAKE_INSTALL_PREFIX=/home/capstone/autoware.ai/install/custom_msgs
[0.751s] -- The C compiler identification is GNU 7.5.0
[1.062s] -- The CXX compiler identification is GNU 7.5.0
[1.079s] -- Check for working C compiler: /usr/bin/cc
[1.796s] -- Check for working C compiler: /usr/bin/cc -- works
[1.805s] -- Detecting C compiler ABI info
[2.453s] -- Detecting C compiler ABI info - done
[2.474s] -- Detecting C compile features
[4.069s] -- Detecting C compile features - done
[4.071s] -- Check for working CXX compiler: /usr/bin/c++
[4.633s] -- Check for working CXX compiler: /usr/bin/c++ -- works
[4.637s] -- Detecting CXX compiler ABI info
[5.265s] -- Detecting CXX compiler ABI info - done
[5.323s] -- Detecting CXX compile features
[7.862s] -- Detecting CXX compile features - done
[7.870s] -- Using CATKIN_DEVEL_PREFIX: /home/capstone/autoware.ai/build/custom_msgs/devel
[7.871s] -- Using CMAKE_PREFIX_PATH: /home/capstone/autoware.ai/install/wf_simulator;/home/capstone/autoware.ai/install/vision_ssd_detect;/home/capstone/autoware.ai/install/vision_segment_enet_detect;/home/capstone/autoware.ai/install/vision_lane_detect;/home/capstone/autoware.ai/install/vision_darknet_detect;/home/capstone/autoware.ai/install/vision_beyond_track;/home/capstone/autoware.ai/install/vel_pose_diff_checker;/home/capstone/autoware.ai/install/vehicle_socket;/home/capstone/autoware.ai/install/vehicle_sim_model;/home/capstone/autoware.ai/install/vehicle_model;/home/capstone/autoware.ai/install/vehicle_gazebo_simulation_launcher;/home/capstone/autoware.ai/install/vehicle_gazebo_simulation_interface;/home/capstone/autoware.ai/install/vehicle_engage_panel;/home/capstone/autoware.ai/install/vehicle_description;/home/capstone/autoware.ai/install/op_ros_helpers;/home/capstone/autoware.ai/install/op_simu;/home/capstone/autoware.ai/install/op_planner;/home/capstone/autoware.ai/install/op_utility;/home/capstone/autoware.ai/install/vector_map_server;/home/capstone/autoware.ai/install/object_map;/home/capstone/autoware.ai/install/lanelet_aisan_converter;/home/capstone/autoware.ai/install/map_file;/home/capstone/autoware.ai/install/libvectormap;/home/capstone/autoware.ai/install/vector_map;/home/capstone/autoware.ai/install/vector_map_msgs;/home/capstone/autoware.ai/install/twist_generator;/home/capstone/autoware.ai/install/twist2odom;/home/capstone/autoware.ai/install/runtime_manager;/home/capstone/autoware.ai/install/tablet_socket_msgs;/home/capstone/autoware.ai/install/sound_player;/home/capstone/autoware.ai/install/points2image;/home/capstone/autoware.ai/install/rosinterface;/home/capstone/autoware.ai/install/rosbag_controller;/home/capstone/autoware.ai/install/points_preprocessor;/home/capstone/autoware.ai/install/lidar_localizer;/home/capstone/autoware.ai/install/emergency_handler;/home/capstone/autoware.ai/install/autoware_health_checker;/home/capstone/autoware.ai/install/ros_observer;/home/capstone/autoware.ai/install/range_vision_fusion;/home/capstone/autoware.ai/install/pos_db;/home/capstone/autoware.ai/install/points_downsampler;/home/capstone/autoware.ai/install/pixel_cloud_fusion;/home/capstone/autoware.ai/install/pcl_omp_registration;/home/capstone/autoware.ai/install/pc2_downsampler;/home/capstone/autoware.ai/install/obj_db;/home/capstone/autoware.ai/install/nmea_navsat;/home/capstone/autoware.ai/install/ndt_tku;/home/capstone/autoware.ai/install/ndt_gpu;/home/capstone/autoware.ai/install/ndt_cpu;/home/capstone/autoware.ai/install/multi_lidar_calibrator;/home/capstone/autoware.ai/install/mrt_cmake_modules;/home/capstone/autoware.ai/install/marker_downsampler;/home/capstone/autoware.ai/install/map_tools;/home/capstone/autoware.ai/install/map_tf_generator;/home/capstone/autoware.ai/install/log_tools;/home/capstone/autoware.ai/install/libwaypoint_follower;/home/capstone/autoware.ai/install/lgsvl_simulator_bridge;/home/capstone/autoware.ai/install/lanelet2_extension;/home/capstone/autoware.ai/install/lanelet2_validation;/home/capstone/autoware.ai/install/lanelet2_examples;/home/capstone/autoware.ai/install/lanelet2_python;/home/capstone/autoware.ai/install/lanelet2_routing;/home/capstone/autoware.ai/install/lanelet2_traffic_rules;/home/capstone/autoware.ai/install/lanelet2_projection;/home/capstone/autoware.ai/install/lanelet2_maps;/home/capstone/autoware.ai/install/lanelet2_io;/home/capstone/autoware.ai/install/lanelet2_core;/home/capstone/autoware.ai/install/integrated_viewer;/home/capstone/autoware.ai/install/image_processor;/home/capstone/autoware.ai/install/graph_tools;/home/capstone/autoware.ai/install/gnss_localizer;/home/capstone/autoware.ai/install/gnss;/home/capstone/autoware.ai/install/glviewer;/home/capstone/autoware.ai/install/gazebo_world_description;/home/capstone/autoware.ai/install/gazebo_imu_description;/home/capstone/autoware.ai/install/gazebo_camera_description;/home/capstone/autoware.ai/install/fastvirtualscan;/home/capstone/autoware.ai/install/ekf_localizer;/home/capstone/autoware.ai/install/detected_objects_visualizer;/home/capstone/autoware.ai/install/decision_maker_panel;/home/capstone/autoware.ai/install/data_preprocessor;/home/capstone/autoware.ai/install/carla_autoware_bridge;/home/capstone/autoware.ai/install/calibration_publisher;/home/capstone/autoware.ai/install/autoware_system_msgs;/home/capstone/autoware.ai/install/autoware_rviz_plugins;/home/capstone/autoware.ai/install/autoware_quickstart_examples;/home/capstone/autoware.ai/install/autoware_pointgrey_drivers;/home/capstone/autoware.ai/install/autoware_driveworks_interface;/home/capstone/autoware.ai/install/autoware_connector;/home/capstone/autoware.ai/install/autoware_camera_lidar_calibrator;/home/capstone/autoware.ai/install/amathutils_lib;/home/capstone/autoware.ai/install/autoware_msgs;/home/capstone/autoware.ai/install/autoware_map_msgs;/home/capstone/autoware.ai/install/autoware_launcher_rviz;/home/capstone/autoware.ai/install/autoware_launcher;/home/capstone/autoware.ai/install/autoware_lanelet2_msgs;/home/capstone/autoware.ai/install/autoware_external_msgs;/home/capstone/autoware.ai/install/autoware_driveworks_gmsl_interface;/home/capstone/autoware.ai/install/autoware_config_msgs;/home/capstone/autoware.ai/install/autoware_can_msgs;/home/capstone/autoware.ai/install/autoware_build_flags;/home/capstone/autoware.ai/install/autoware_bag_tools;/opt/carla-ros-bridge/melodic;/opt/ros/melodic
[7.875s] -- This workspace overlays: /home/capstone/autoware.ai/install/tablet_socket_msgs;/home/capstone/autoware.ai/install/mrt_cmake_modules;/home/capstone/autoware.ai/install/autoware_system_msgs;/home/capstone/autoware.ai/install/autoware_lanelet2_msgs;/home/capstone/autoware.ai/install/autoware_can_msgs;/home/capstone/autoware.ai/install/autoware_build_flags;/opt/carla-ros-bridge/melodic;/opt/ros/melodic
[7.956s] -- Found PythonInterp: /usr/bin/python2 (found suitable version "2.7.17", minimum required is "2") 
[7.956s] -- Using PYTHON_EXECUTABLE: /usr/bin/python2
[7.957s] -- Using Debian Python package layout
[7.970s] -- Using empy: /usr/bin/empy
[8.452s] -- Using CATKIN_ENABLE_TESTING: ON
[8.452s] -- Call enable_testing()
[8.461s] -- Using CATKIN_TEST_RESULTS_DIR: /home/capstone/autoware.ai/build/custom_msgs/test_results
[8.541s] -- Found gtest sources under '/usr/src/googletest': gtests will be built
[8.542s] -- Found gmock sources under '/usr/src/googletest': gmock will be built
[8.619s] -- Found PythonInterp: /usr/bin/python2 (found version "2.7.17") 
[8.622s] -- Looking for pthread.h
[9.209s] -- Looking for pthread.h - found
[9.210s] -- Looking for pthread_create
[9.706s] -- Looking for pthread_create - not found
[9.707s] -- Looking for pthread_create in pthreads
[10.204s] -- Looking for pthread_create in pthreads - not found
[10.204s] -- Looking for pthread_create in pthread
[10.713s] -- Looking for pthread_create in pthread - found
[10.716s] -- Found Threads: TRUE  
[10.728s] -- Using Python nosetests: /usr/bin/nosetests-2.7
[10.882s] -- catkin 0.7.23
[10.884s] -- BUILD_SHARED_LIBS is on
[11.957s] -- Using these message generators: gencpp;geneus;genlisp;gennodejs;genpy
[12.825s] -- custom_msgs: 11 messages, 0 services
[13.431s] -- Configuring done
[13.635s] -- Generating done
[13.668s] -- Build files have been written to: /home/capstone/autoware.ai/build/custom_msgs
[13.680s] Invoked command in '/home/capstone/autoware.ai/build/custom_msgs' returned '0': /usr/bin/cmake /home/capstone/autoware.ai/src/drivers/awf_drivers/custom_msgs -DCMAKE_BUILD_TYPE=Release -DCATKIN_INSTALL_INTO_PREFIX_ROOT=0 -DCMAKE_INSTALL_PREFIX=/home/capstone/autoware.ai/install/custom_msgs
[13.683s] Invoking command in '/home/capstone/autoware.ai/build/custom_msgs': /usr/bin/cmake --build /home/capstone/autoware.ai/build/custom_msgs -- -j12 -l12
[13.984s] [35m[1mScanning dependencies of target _custom_msgs_generate_messages_check_deps_gnssSample[0m
[14.200s] [  0%] Built target _custom_msgs_generate_messages_check_deps_gnssSample
[14.343s] [35m[1mScanning dependencies of target _custom_msgs_generate_messages_check_deps_orientationEstimate[0m
[14.554s] [  0%] Built target _custom_msgs_generate_messages_check_deps_orientationEstimate
[14.610s] [35m[1mScanning dependencies of target _custom_msgs_generate_messages_check_deps_sensorSample[0m
[14.837s] [  0%] Built target _custom_msgs_generate_messages_check_deps_sensorSample
[14.967s] [35m[1mScanning dependencies of target _custom_msgs_generate_messages_check_deps_ImuSensorSample[0m
[15.198s] [  0%] Built target _custom_msgs_generate_messages_check_deps_ImuSensorSample
[15.267s] [35m[1mScanning dependencies of target geometry_msgs_generate_messages_nodejs[0m
[15.354s] [  0%] Built target geometry_msgs_generate_messages_nodejs
[15.436s] [35m[1mScanning dependencies of target sensor_msgs_generate_messages_nodejs[0m
[15.505s] [  0%] Built target sensor_msgs_generate_messages_nodejs
[15.617s] [35m[1mScanning dependencies of target std_msgs_generate_messages_nodejs[0m
[15.728s] [  0%] Built target std_msgs_generate_messages_nodejs
[15.797s] [35m[1mScanning dependencies of target std_msgs_generate_messages_cpp[0m
[15.878s] [  0%] Built target std_msgs_generate_messages_cpp
[15.951s] [35m[1mScanning dependencies of target geometry_msgs_generate_messages_cpp[0m
[16.005s] [  0%] Built target geometry_msgs_generate_messages_cpp
[16.064s] [35m[1mScanning dependencies of target sensor_msgs_generate_messages_cpp[0m
[16.143s] [  0%] Built target sensor_msgs_generate_messages_cpp
[16.214s] [35m[1mScanning dependencies of target geometry_msgs_generate_messages_lisp[0m
[16.278s] [  0%] Built target geometry_msgs_generate_messages_lisp
[16.336s] [35m[1mScanning dependencies of target sensor_msgs_generate_messages_lisp[0m
[16.424s] [  0%] Built target sensor_msgs_generate_messages_lisp
[16.491s] [35m[1mScanning dependencies of target std_msgs_generate_messages_lisp[0m
[16.577s] [  0%] Built target std_msgs_generate_messages_lisp
[16.650s] [35m[1mScanning dependencies of target std_msgs_generate_messages_eus[0m
[16.766s] [  0%] Built target std_msgs_generate_messages_eus
[16.849s] [35m[1mScanning dependencies of target sensor_msgs_generate_messages_eus[0m
[16.906s] [  0%] Built target sensor_msgs_generate_messages_eus
[16.956s] [35m[1mScanning dependencies of target geometry_msgs_generate_messages_eus[0m
[17.024s] [  0%] Built target geometry_msgs_generate_messages_eus
[17.082s] [35m[1mScanning dependencies of target _custom_msgs_generate_messages_check_deps_positionEstimate[0m
[17.273s] [  0%] Built target _custom_msgs_generate_messages_check_deps_positionEstimate
[17.335s] [35m[1mScanning dependencies of target _custom_msgs_generate_messages_check_deps_velocityEstimate[0m
[17.539s] [  0%] Built target _custom_msgs_generate_messages_check_deps_velocityEstimate
[17.604s] [35m[1mScanning dependencies of target std_msgs_generate_messages_py[0m
[17.666s] [  0%] Built target std_msgs_generate_messages_py
[17.741s] [35m[1mScanning dependencies of target geometry_msgs_generate_messages_py[0m
[17.822s] [  0%] Built target geometry_msgs_generate_messages_py
[17.912s] [35m[1mScanning dependencies of target sensor_msgs_generate_messages_py[0m
[17.981s] [  0%] Built target sensor_msgs_generate_messages_py
[18.064s] [35m[1mScanning dependencies of target _custom_msgs_generate_messages_check_deps_GnssSensorSample[0m
[18.282s] [  0%] Built target _custom_msgs_generate_messages_check_deps_GnssSensorSample
[18.359s] [35m[1mScanning dependencies of target _custom_msgs_generate_messages_check_deps_BaroSensorSample[0m
[18.561s] [  0%] Built target _custom_msgs_generate_messages_check_deps_BaroSensorSample
[18.628s] [35m[1mScanning dependencies of target _custom_msgs_generate_messages_check_deps_XsensQuaternion[0m
[18.825s] [  0%] Built target _custom_msgs_generate_messages_check_deps_XsensQuaternion
[18.884s] [35m[1mScanning dependencies of target _custom_msgs_generate_messages_check_deps_Internal[0m
[19.101s] [  0%] Built target _custom_msgs_generate_messages_check_deps_Internal
[19.156s] [35m[1mScanning dependencies of target _custom_msgs_generate_messages_check_deps_baroSample[0m
[19.362s] [  0%] Built target _custom_msgs_generate_messages_check_deps_baroSample
[19.423s] [35m[1mScanning dependencies of target custom_msgs_generate_messages_py[0m
[19.481s] [  1%] [34m[1mGenerating Python from MSG custom_msgs/velocityEstimate[0m
[19.829s] [  3%] [34m[1mGenerating Python from MSG custom_msgs/ImuSensorSample[0m
[20.186s] [  5%] [34m[1mGenerating Python from MSG custom_msgs/XsensQuaternion[0m
[20.476s] [  7%] [34m[1mGenerating Python from MSG custom_msgs/Internal[0m
[20.801s] [  8%] [34m[1mGenerating Python from MSG custom_msgs/baroSample[0m
[21.128s] [ 10%] [34m[1mGenerating Python from MSG custom_msgs/gnssSample[0m
[21.439s] [ 12%] [34m[1mGenerating Python from MSG custom_msgs/GnssSensorSample[0m
[21.739s] [ 14%] [34m[1mGenerating Python from MSG custom_msgs/BaroSensorSample[0m
[22.082s] [ 15%] [34m[1mGenerating Python from MSG custom_msgs/positionEstimate[0m
[22.422s] [ 17%] [34m[1mGenerating Python from MSG custom_msgs/sensorSample[0m
[22.745s] [ 19%] [34m[1mGenerating Python from MSG custom_msgs/orientationEstimate[0m
[23.064s] [ 21%] [34m[1mGenerating Python msg __init__.py for custom_msgs[0m
[23.376s] [ 21%] Built target custom_msgs_generate_messages_py
[23.455s] [35m[1mScanning dependencies of target custom_msgs_generate_messages_eus[0m
[23.509s] [ 22%] [34m[1mGenerating EusLisp code from custom_msgs/velocityEstimate.msg[0m
[23.808s] [ 24%] [34m[1mGenerating EusLisp code from custom_msgs/XsensQuaternion.msg[0m
[24.062s] [ 26%] [34m[1mGenerating EusLisp code from custom_msgs/Internal.msg[0m
[24.355s] [ 28%] [34m[1mGenerating EusLisp code from custom_msgs/baroSample.msg[0m
[24.670s] [ 29%] [34m[1mGenerating EusLisp manifest code for custom_msgs[0m
[26.098s] [ 31%] [34m[1mGenerating EusLisp code from custom_msgs/ImuSensorSample.msg[0m
[26.375s] [ 33%] [34m[1mGenerating EusLisp code from custom_msgs/gnssSample.msg[0m
[26.631s] [ 35%] [34m[1mGenerating EusLisp code from custom_msgs/GnssSensorSample.msg[0m
[26.947s] [ 36%] [34m[1mGenerating EusLisp code from custom_msgs/BaroSensorSample.msg[0m
[27.204s] [ 38%] [34m[1mGenerating EusLisp code from custom_msgs/positionEstimate.msg[0m
[27.459s] [ 40%] [34m[1mGenerating EusLisp code from custom_msgs/sensorSample.msg[0m
[27.776s] [ 42%] [34m[1mGenerating EusLisp code from custom_msgs/orientationEstimate.msg[0m
[28.063s] [ 42%] Built target custom_msgs_generate_messages_eus
[28.145s] [35m[1mScanning dependencies of target custom_msgs_generate_messages_lisp[0m
[28.210s] [ 43%] [34m[1mGenerating Lisp code from custom_msgs/velocityEstimate.msg[0m
[28.444s] [ 45%] [34m[1mGenerating Lisp code from custom_msgs/Internal.msg[0m
[28.643s] [ 47%] [34m[1mGenerating Lisp code from custom_msgs/baroSample.msg[0m
[28.844s] [ 49%] [34m[1mGenerating Lisp code from custom_msgs/XsensQuaternion.msg[0m
[29.043s] [ 50%] [34m[1mGenerating Lisp code from custom_msgs/ImuSensorSample.msg[0m
[29.295s] [ 52%] [34m[1mGenerating Lisp code from custom_msgs/gnssSample.msg[0m
[29.516s] [ 54%] [34m[1mGenerating Lisp code from custom_msgs/GnssSensorSample.msg[0m
[29.709s] [ 56%] [34m[1mGenerating Lisp code from custom_msgs/BaroSensorSample.msg[0m
[29.951s] [ 57%] [34m[1mGenerating Lisp code from custom_msgs/positionEstimate.msg[0m
[30.163s] [ 59%] [34m[1mGenerating Lisp code from custom_msgs/sensorSample.msg[0m
[30.348s] [ 61%] [34m[1mGenerating Lisp code from custom_msgs/orientationEstimate.msg[0m
[30.562s] [ 61%] Built target custom_msgs_generate_messages_lisp
[30.659s] [35m[1mScanning dependencies of target custom_msgs_generate_messages_cpp[0m
[30.735s] [ 63%] [34m[1mGenerating C++ code from custom_msgs/velocityEstimate.msg[0m
[31.206s] [ 64%] [34m[1mGenerating C++ code from custom_msgs/baroSample.msg[0m
[31.697s] [ 66%] [34m[1mGenerating C++ code from custom_msgs/Internal.msg[0m
[32.144s] [ 68%] [34m[1mGenerating C++ code from custom_msgs/XsensQuaternion.msg[0m
[32.614s] [ 70%] [34m[1mGenerating C++ code from custom_msgs/ImuSensorSample.msg[0m
[33.048s] [ 71%] [34m[1mGenerating C++ code from custom_msgs/gnssSample.msg[0m
[33.503s] [ 73%] [34m[1mGenerating C++ code from custom_msgs/GnssSensorSample.msg[0m
[33.937s] [ 75%] [34m[1mGenerating C++ code from custom_msgs/BaroSensorSample.msg[0m
[34.383s] [ 77%] [34m[1mGenerating C++ code from custom_msgs/positionEstimate.msg[0m
[34.870s] [ 78%] [34m[1mGenerating C++ code from custom_msgs/sensorSample.msg[0m
[35.331s] [ 80%] [34m[1mGenerating C++ code from custom_msgs/orientationEstimate.msg[0m
[35.825s] [ 80%] Built target custom_msgs_generate_messages_cpp
[35.901s] [35m[1mScanning dependencies of target custom_msgs_generate_messages_nodejs[0m
[35.980s] [ 82%] [34m[1mGenerating Javascript code from custom_msgs/velocityEstimate.msg[0m
[36.198s] [ 84%] [34m[1mGenerating Javascript code from custom_msgs/baroSample.msg[0m
[36.446s] [ 85%] [34m[1mGenerating Javascript code from custom_msgs/Internal.msg[0m
[36.665s] [ 87%] [34m[1mGenerating Javascript code from custom_msgs/XsensQuaternion.msg[0m
[36.907s] [ 89%] [34m[1mGenerating Javascript code from custom_msgs/ImuSensorSample.msg[0m
[37.173s] [ 91%] [34m[1mGenerating Javascript code from custom_msgs/gnssSample.msg[0m
[37.447s] [ 92%] [34m[1mGenerating Javascript code from custom_msgs/GnssSensorSample.msg[0m
[37.664s] [ 94%] [34m[1mGenerating Javascript code from custom_msgs/BaroSensorSample.msg[0m
[37.860s] [ 96%] [34m[1mGenerating Javascript code from custom_msgs/positionEstimate.msg[0m
[38.102s] [ 98%] [34m[1mGenerating Javascript code from custom_msgs/sensorSample.msg[0m
[38.307s] [100%] [34m[1mGenerating Javascript code from custom_msgs/orientationEstimate.msg[0m
[38.511s] [100%] Built target custom_msgs_generate_messages_nodejs
[38.568s] [35m[1mScanning dependencies of target custom_msgs_generate_messages[0m
[38.641s] [100%] Built target custom_msgs_generate_messages
[38.700s] Invoked command in '/home/capstone/autoware.ai/build/custom_msgs' returned '0': /usr/bin/cmake --build /home/capstone/autoware.ai/build/custom_msgs -- -j12 -l12
[39.831s] Invoking command in '/home/capstone/autoware.ai/build/custom_msgs': /usr/bin/cmake --build /home/capstone/autoware.ai/build/custom_msgs --target tests -- -j12 -l12
[40.139s] [35m[1mScanning dependencies of target tests[0m
[40.203s] Built target tests
[40.248s] Invoked command in '/home/capstone/autoware.ai/build/custom_msgs' returned '0': /usr/bin/cmake --build /home/capstone/autoware.ai/build/custom_msgs --target tests -- -j12 -l12
[41.336s] Invoking command in '/home/capstone/autoware.ai/build/custom_msgs': /usr/bin/cmake --build /home/capstone/autoware.ai/build/custom_msgs --target install -- -j12 -l12
[41.778s] [  0%] Built target _custom_msgs_generate_messages_check_deps_gnssSample
[42.087s] [  0%] Built target _custom_msgs_generate_messages_check_deps_orientationEstimate
[42.345s] [  0%] Built target _custom_msgs_generate_messages_check_deps_sensorSample
[42.631s] [  0%] Built target _custom_msgs_generate_messages_check_deps_ImuSensorSample
[42.786s] [  0%] Built target geometry_msgs_generate_messages_nodejs
[42.900s] [  0%] Built target sensor_msgs_generate_messages_nodejs
[43.046s] [  0%] Built target std_msgs_generate_messages_nodejs
[43.187s] [  0%] Built target std_msgs_generate_messages_cpp
[43.324s] [  0%] Built target geometry_msgs_generate_messages_cpp
[43.462s] [  0%] Built target sensor_msgs_generate_messages_cpp
[43.652s] [  0%] Built target geometry_msgs_generate_messages_lisp
[43.835s] [  0%] Built target sensor_msgs_generate_messages_lisp
[44.028s] [  0%] Built target std_msgs_generate_messages_lisp
[44.224s] [  0%] Built target std_msgs_generate_messages_eus
[44.379s] [  0%] Built target sensor_msgs_generate_messages_eus
[44.592s] [  0%] Built target geometry_msgs_generate_messages_eus
[44.909s] [  0%] Built target _custom_msgs_generate_messages_check_deps_positionEstimate
[45.196s] [  0%] Built target _custom_msgs_generate_messages_check_deps_velocityEstimate
[45.347s] [  0%] Built target std_msgs_generate_messages_py
[45.516s] [  0%] Built target geometry_msgs_generate_messages_py
[45.686s] [  0%] Built target sensor_msgs_generate_messages_py
[45.989s] [  0%] Built target _custom_msgs_generate_messages_check_deps_GnssSensorSample
[46.282s] [  0%] Built target _custom_msgs_generate_messages_check_deps_BaroSensorSample
[46.584s] [  0%] Built target _custom_msgs_generate_messages_check_deps_XsensQuaternion
[46.860s] [  0%] Built target _custom_msgs_generate_messages_check_deps_Internal
[47.173s] [  0%] Built target _custom_msgs_generate_messages_check_deps_baroSample
[47.358s] [ 21%] Built target custom_msgs_generate_messages_py
[47.508s] [ 42%] Built target custom_msgs_generate_messages_eus
[47.732s] [ 61%] Built target custom_msgs_generate_messages_lisp
[47.919s] [ 80%] Built target custom_msgs_generate_messages_cpp
[48.099s] [100%] Built target custom_msgs_generate_messages_nodejs
[48.222s] [100%] Built target custom_msgs_generate_messages
[48.363s] [36mInstall the project...[0m
[48.398s] -- Install configuration: "Release"
[48.399s] -- Installing: /home/capstone/autoware.ai/install/custom_msgs/share/custom_msgs/msg/BaroSensorSample.msg
[48.399s] -- Installing: /home/capstone/autoware.ai/install/custom_msgs/share/custom_msgs/msg/GnssSensorSample.msg
[48.400s] -- Installing: /home/capstone/autoware.ai/install/custom_msgs/share/custom_msgs/msg/ImuSensorSample.msg
[48.401s] -- Installing: /home/capstone/autoware.ai/install/custom_msgs/share/custom_msgs/msg/Internal.msg
[48.401s] -- Installing: /home/capstone/autoware.ai/install/custom_msgs/share/custom_msgs/msg/XsensQuaternion.msg
[48.402s] -- Installing: /home/capstone/autoware.ai/install/custom_msgs/share/custom_msgs/msg/baroSample.msg
[48.402s] -- Installing: /home/capstone/autoware.ai/install/custom_msgs/share/custom_msgs/msg/gnssSample.msg
[48.403s] -- Installing: /home/capstone/autoware.ai/install/custom_msgs/share/custom_msgs/msg/orientationEstimate.msg
[48.404s] -- Installing: /home/capstone/autoware.ai/install/custom_msgs/share/custom_msgs/msg/positionEstimate.msg
[48.404s] -- Installing: /home/capstone/autoware.ai/install/custom_msgs/share/custom_msgs/msg/sensorSample.msg
[48.405s] -- Installing: /home/capstone/autoware.ai/install/custom_msgs/share/custom_msgs/msg/velocityEstimate.msg
[48.406s] -- Installing: /home/capstone/autoware.ai/install/custom_msgs/share/custom_msgs/cmake/custom_msgs-msg-paths.cmake
[48.406s] -- Installing: /home/capstone/autoware.ai/install/custom_msgs/include/custom_msgs
[48.407s] -- Installing: /home/capstone/autoware.ai/install/custom_msgs/include/custom_msgs/GnssSensorSample.h
[48.407s] -- Installing: /home/capstone/autoware.ai/install/custom_msgs/include/custom_msgs/gnssSample.h
[48.408s] -- Installing: /home/capstone/autoware.ai/install/custom_msgs/include/custom_msgs/XsensQuaternion.h
[48.413s] -- Installing: /home/capstone/autoware.ai/install/custom_msgs/include/custom_msgs/BaroSensorSample.h
[48.413s] -- Installing: /home/capstone/autoware.ai/install/custom_msgs/include/custom_msgs/orientationEstimate.h
[48.414s] -- Installing: /home/capstone/autoware.ai/install/custom_msgs/include/custom_msgs/sensorSample.h
[48.415s] -- Installing: /home/capstone/autoware.ai/install/custom_msgs/include/custom_msgs/positionEstimate.h
[48.415s] -- Installing: /home/capstone/autoware.ai/install/custom_msgs/include/custom_msgs/Internal.h
[48.416s] -- Installing: /home/capstone/autoware.ai/install/custom_msgs/include/custom_msgs/baroSample.h
[48.417s] -- Installing: /home/capstone/autoware.ai/install/custom_msgs/include/custom_msgs/ImuSensorSample.h
[48.418s] -- Installing: /home/capstone/autoware.ai/install/custom_msgs/include/custom_msgs/velocityEstimate.h
[48.419s] -- Installing: /home/capstone/autoware.ai/install/custom_msgs/share/roseus/ros/custom_msgs
[48.419s] -- Installing: /home/capstone/autoware.ai/install/custom_msgs/share/roseus/ros/custom_msgs/manifest.l
[48.420s] -- Installing: /home/capstone/autoware.ai/install/custom_msgs/share/roseus/ros/custom_msgs/msg
[48.421s] -- Installing: /home/capstone/autoware.ai/install/custom_msgs/share/roseus/ros/custom_msgs/msg/positionEstimate.l
[48.428s] -- Installing: /home/capstone/autoware.ai/install/custom_msgs/share/roseus/ros/custom_msgs/msg/sensorSample.l
[48.429s] -- Installing: /home/capstone/autoware.ai/install/custom_msgs/share/roseus/ros/custom_msgs/msg/velocityEstimate.l
[48.429s] -- Installing: /home/capstone/autoware.ai/install/custom_msgs/share/roseus/ros/custom_msgs/msg/gnssSample.l
[48.431s] -- Installing: /home/capstone/autoware.ai/install/custom_msgs/share/roseus/ros/custom_msgs/msg/baroSample.l
[48.432s] -- Installing: /home/capstone/autoware.ai/install/custom_msgs/share/roseus/ros/custom_msgs/msg/ImuSensorSample.l
[48.432s] -- Installing: /home/capstone/autoware.ai/install/custom_msgs/share/roseus/ros/custom_msgs/msg/orientationEstimate.l
[48.434s] -- Installing: /home/capstone/autoware.ai/install/custom_msgs/share/roseus/ros/custom_msgs/msg/GnssSensorSample.l
[48.434s] -- Installing: /home/capstone/autoware.ai/install/custom_msgs/share/roseus/ros/custom_msgs/msg/Internal.l
[48.434s] -- Installing: /home/capstone/autoware.ai/install/custom_msgs/share/roseus/ros/custom_msgs/msg/XsensQuaternion.l
[48.434s] -- Installing: /home/capstone/autoware.ai/install/custom_msgs/share/roseus/ros/custom_msgs/msg/BaroSensorSample.l
[48.435s] -- Installing: /home/capstone/autoware.ai/install/custom_msgs/share/common-lisp/ros/custom_msgs
[48.436s] -- Installing: /home/capstone/autoware.ai/install/custom_msgs/share/common-lisp/ros/custom_msgs/msg
[48.451s] -- Installing: /home/capstone/autoware.ai/install/custom_msgs/share/common-lisp/ros/custom_msgs/msg/_package_gnssSample.lisp
[48.452s] -- Installing: /home/capstone/autoware.ai/install/custom_msgs/share/common-lisp/ros/custom_msgs/msg/sensorSample.lisp
[48.452s] -- Installing: /home/capstone/autoware.ai/install/custom_msgs/share/common-lisp/ros/custom_msgs/msg/ImuSensorSample.lisp
[48.452s] -- Installing: /home/capstone/autoware.ai/install/custom_msgs/share/common-lisp/ros/custom_msgs/msg/custom_msgs-msg.asd
[48.455s] -- Installing: /home/capstone/autoware.ai/install/custom_msgs/share/common-lisp/ros/custom_msgs/msg/gnssSample.lisp
[48.455s] -- Installing: /home/capstone/autoware.ai/install/custom_msgs/share/common-lisp/ros/custom_msgs/msg/_package_velocityEstimate.lisp
[48.456s] -- Installing: /home/capstone/autoware.ai/install/custom_msgs/share/common-lisp/ros/custom_msgs/msg/_package_GnssSensorSample.lisp
[48.456s] -- Installing: /home/capstone/autoware.ai/install/custom_msgs/share/common-lisp/ros/custom_msgs/msg/orientationEstimate.lisp
[48.457s] -- Installing: /home/capstone/autoware.ai/install/custom_msgs/share/common-lisp/ros/custom_msgs/msg/velocityEstimate.lisp
[48.459s] -- Installing: /home/capstone/autoware.ai/install/custom_msgs/share/common-lisp/ros/custom_msgs/msg/_package_XsensQuaternion.lisp
[48.460s] -- Installing: /home/capstone/autoware.ai/install/custom_msgs/share/common-lisp/ros/custom_msgs/msg/_package_ImuSensorSample.lisp
[48.461s] -- Installing: /home/capstone/autoware.ai/install/custom_msgs/share/common-lisp/ros/custom_msgs/msg/XsensQuaternion.lisp
[48.461s] -- Installing: /home/capstone/autoware.ai/install/custom_msgs/share/common-lisp/ros/custom_msgs/msg/_package_Internal.lisp
[48.461s] -- Installing: /home/capstone/autoware.ai/install/custom_msgs/share/common-lisp/ros/custom_msgs/msg/positionEstimate.lisp
[48.462s] -- Installing: /home/capstone/autoware.ai/install/custom_msgs/share/common-lisp/ros/custom_msgs/msg/_package.lisp
[48.462s] -- Installing: /home/capstone/autoware.ai/install/custom_msgs/share/common-lisp/ros/custom_msgs/msg/_package_sensorSample.lisp
[48.463s] -- Installing: /home/capstone/autoware.ai/install/custom_msgs/share/common-lisp/ros/custom_msgs/msg/_package_positionEstimate.lisp
[48.463s] -- Installing: /home/capstone/autoware.ai/install/custom_msgs/share/common-lisp/ros/custom_msgs/msg/Internal.lisp
[48.463s] -- Installing: /home/capstone/autoware.ai/install/custom_msgs/share/common-lisp/ros/custom_msgs/msg/baroSample.lisp
[48.463s] -- Installing: /home/capstone/autoware.ai/install/custom_msgs/share/common-lisp/ros/custom_msgs/msg/BaroSensorSample.lisp
[48.464s] -- Installing: /home/capstone/autoware.ai/install/custom_msgs/share/common-lisp/ros/custom_msgs/msg/_package_orientationEstimate.lisp
[48.471s] -- Installing: /home/capstone/autoware.ai/install/custom_msgs/share/common-lisp/ros/custom_msgs/msg/_package_baroSample.lisp
[48.471s] -- Installing: /home/capstone/autoware.ai/install/custom_msgs/share/common-lisp/ros/custom_msgs/msg/_package_BaroSensorSample.lisp
[48.472s] -- Installing: /home/capstone/autoware.ai/install/custom_msgs/share/common-lisp/ros/custom_msgs/msg/GnssSensorSample.lisp
[48.473s] -- Installing: /home/capstone/autoware.ai/install/custom_msgs/share/gennodejs/ros/custom_msgs
[48.473s] -- Installing: /home/capstone/autoware.ai/install/custom_msgs/share/gennodejs/ros/custom_msgs/_index.js
[48.473s] -- Installing: /home/capstone/autoware.ai/install/custom_msgs/share/gennodejs/ros/custom_msgs/msg
[48.474s] -- Installing: /home/capstone/autoware.ai/install/custom_msgs/share/gennodejs/ros/custom_msgs/msg/BaroSensorSample.js
[48.474s] -- Installing: /home/capstone/autoware.ai/install/custom_msgs/share/gennodejs/ros/custom_msgs/msg/XsensQuaternion.js
[48.475s] -- Installing: /home/capstone/autoware.ai/install/custom_msgs/share/gennodejs/ros/custom_msgs/msg/_index.js
[48.476s] -- Installing: /home/capstone/autoware.ai/install/custom_msgs/share/gennodejs/ros/custom_msgs/msg/orientationEstimate.js
[48.476s] -- Installing: /home/capstone/autoware.ai/install/custom_msgs/share/gennodejs/ros/custom_msgs/msg/ImuSensorSample.js
[48.477s] -- Installing: /home/capstone/autoware.ai/install/custom_msgs/share/gennodejs/ros/custom_msgs/msg/baroSample.js
[48.477s] -- Installing: /home/capstone/autoware.ai/install/custom_msgs/share/gennodejs/ros/custom_msgs/msg/GnssSensorSample.js
[48.485s] -- Installing: /home/capstone/autoware.ai/install/custom_msgs/share/gennodejs/ros/custom_msgs/msg/gnssSample.js
[48.485s] -- Installing: /home/capstone/autoware.ai/install/custom_msgs/share/gennodejs/ros/custom_msgs/msg/sensorSample.js
[48.486s] -- Installing: /home/capstone/autoware.ai/install/custom_msgs/share/gennodejs/ros/custom_msgs/msg/velocityEstimate.js
[48.486s] -- Installing: /home/capstone/autoware.ai/install/custom_msgs/share/gennodejs/ros/custom_msgs/msg/Internal.js
[48.488s] -- Installing: /home/capstone/autoware.ai/install/custom_msgs/share/gennodejs/ros/custom_msgs/msg/positionEstimate.js
[48.641s] Listing /home/capstone/autoware.ai/build/custom_msgs/devel/lib/python2.7/dist-packages/custom_msgs ...
[48.641s] Compiling /home/capstone/autoware.ai/build/custom_msgs/devel/lib/python2.7/dist-packages/custom_msgs/__init__.py ...
[48.642s] Listing /home/capstone/autoware.ai/build/custom_msgs/devel/lib/python2.7/dist-packages/custom_msgs/msg ...
[48.642s] Compiling /home/capstone/autoware.ai/build/custom_msgs/devel/lib/python2.7/dist-packages/custom_msgs/msg/_BaroSensorSample.py ...
[48.642s] Compiling /home/capstone/autoware.ai/build/custom_msgs/devel/lib/python2.7/dist-packages/custom_msgs/msg/_GnssSensorSample.py ...
[48.642s] Compiling /home/capstone/autoware.ai/build/custom_msgs/devel/lib/python2.7/dist-packages/custom_msgs/msg/_ImuSensorSample.py ...
[48.642s] Compiling /home/capstone/autoware.ai/build/custom_msgs/devel/lib/python2.7/dist-packages/custom_msgs/msg/_Internal.py ...
[48.642s] Compiling /home/capstone/autoware.ai/build/custom_msgs/devel/lib/python2.7/dist-packages/custom_msgs/msg/_XsensQuaternion.py ...
[48.642s] Compiling /home/capstone/autoware.ai/build/custom_msgs/devel/lib/python2.7/dist-packages/custom_msgs/msg/__init__.py ...
[48.643s] Compiling /home/capstone/autoware.ai/build/custom_msgs/devel/lib/python2.7/dist-packages/custom_msgs/msg/_baroSample.py ...
[48.643s] Compiling /home/capstone/autoware.ai/build/custom_msgs/devel/lib/python2.7/dist-packages/custom_msgs/msg/_gnssSample.py ...
[48.643s] Compiling /home/capstone/autoware.ai/build/custom_msgs/devel/lib/python2.7/dist-packages/custom_msgs/msg/_orientationEstimate.py ...
[48.643s] Compiling /home/capstone/autoware.ai/build/custom_msgs/devel/lib/python2.7/dist-packages/custom_msgs/msg/_positionEstimate.py ...
[48.643s] Compiling /home/capstone/autoware.ai/build/custom_msgs/devel/lib/python2.7/dist-packages/custom_msgs/msg/_sensorSample.py ...
[48.644s] Compiling /home/capstone/autoware.ai/build/custom_msgs/devel/lib/python2.7/dist-packages/custom_msgs/msg/_velocityEstimate.py ...
[48.649s] -- Installing: /home/capstone/autoware.ai/install/custom_msgs/lib/python2.7/dist-packages/custom_msgs
[48.649s] -- Installing: /home/capstone/autoware.ai/install/custom_msgs/lib/python2.7/dist-packages/custom_msgs/__init__.pyc
[48.650s] -- Installing: /home/capstone/autoware.ai/install/custom_msgs/lib/python2.7/dist-packages/custom_msgs/__init__.py
[48.650s] -- Installing: /home/capstone/autoware.ai/install/custom_msgs/lib/python2.7/dist-packages/custom_msgs/msg
[48.650s] -- Installing: /home/capstone/autoware.ai/install/custom_msgs/lib/python2.7/dist-packages/custom_msgs/msg/_velocityEstimate.pyc
[48.650s] -- Installing: /home/capstone/autoware.ai/install/custom_msgs/lib/python2.7/dist-packages/custom_msgs/msg/_gnssSample.py
[48.650s] -- Installing: /home/capstone/autoware.ai/install/custom_msgs/lib/python2.7/dist-packages/custom_msgs/msg/_GnssSensorSample.py
[48.651s] -- Installing: /home/capstone/autoware.ai/install/custom_msgs/lib/python2.7/dist-packages/custom_msgs/msg/_velocityEstimate.py
[48.651s] -- Installing: /home/capstone/autoware.ai/install/custom_msgs/lib/python2.7/dist-packages/custom_msgs/msg/_XsensQuaternion.pyc
[48.651s] -- Installing: /home/capstone/autoware.ai/install/custom_msgs/lib/python2.7/dist-packages/custom_msgs/msg/_ImuSensorSample.py
[48.657s] -- Installing: /home/capstone/autoware.ai/install/custom_msgs/lib/python2.7/dist-packages/custom_msgs/msg/_Internal.py
[48.658s] -- Installing: /home/capstone/autoware.ai/install/custom_msgs/lib/python2.7/dist-packages/custom_msgs/msg/_sensorSample.pyc
[48.658s] -- Installing: /home/capstone/autoware.ai/install/custom_msgs/lib/python2.7/dist-packages/custom_msgs/msg/_gnssSample.pyc
[48.658s] -- Installing: /home/capstone/autoware.ai/install/custom_msgs/lib/python2.7/dist-packages/custom_msgs/msg/_orientationEstimate.py
[48.658s] -- Installing: /home/capstone/autoware.ai/install/custom_msgs/lib/python2.7/dist-packages/custom_msgs/msg/_BaroSensorSample.pyc
[48.658s] -- Installing: /home/capstone/autoware.ai/install/custom_msgs/lib/python2.7/dist-packages/custom_msgs/msg/_XsensQuaternion.py
[48.659s] -- Installing: /home/capstone/autoware.ai/install/custom_msgs/lib/python2.7/dist-packages/custom_msgs/msg/_Internal.pyc
[48.659s] -- Installing: /home/capstone/autoware.ai/install/custom_msgs/lib/python2.7/dist-packages/custom_msgs/msg/_positionEstimate.py
[48.660s] -- Installing: /home/capstone/autoware.ai/install/custom_msgs/lib/python2.7/dist-packages/custom_msgs/msg/_GnssSensorSample.pyc
[48.660s] -- Installing: /home/capstone/autoware.ai/install/custom_msgs/lib/python2.7/dist-packages/custom_msgs/msg/_ImuSensorSample.pyc
[48.661s] -- Installing: /home/capstone/autoware.ai/install/custom_msgs/lib/python2.7/dist-packages/custom_msgs/msg/_baroSample.pyc
[48.662s] -- Installing: /home/capstone/autoware.ai/install/custom_msgs/lib/python2.7/dist-packages/custom_msgs/msg/_sensorSample.py
[48.663s] -- Installing: /home/capstone/autoware.ai/install/custom_msgs/lib/python2.7/dist-packages/custom_msgs/msg/_BaroSensorSample.py
[48.663s] -- Installing: /home/capstone/autoware.ai/install/custom_msgs/lib/python2.7/dist-packages/custom_msgs/msg/__init__.pyc
[48.664s] -- Installing: /home/capstone/autoware.ai/install/custom_msgs/lib/python2.7/dist-packages/custom_msgs/msg/_orientationEstimate.pyc
[48.669s] -- Installing: /home/capstone/autoware.ai/install/custom_msgs/lib/python2.7/dist-packages/custom_msgs/msg/_positionEstimate.pyc
[48.670s] -- Installing: /home/capstone/autoware.ai/install/custom_msgs/lib/python2.7/dist-packages/custom_msgs/msg/_baroSample.py
[48.670s] -- Installing: /home/capstone/autoware.ai/install/custom_msgs/lib/python2.7/dist-packages/custom_msgs/msg/__init__.py
[48.670s] -- Installing: /home/capstone/autoware.ai/install/custom_msgs/lib/pkgconfig/custom_msgs.pc
[48.670s] -- Installing: /home/capstone/autoware.ai/install/custom_msgs/share/custom_msgs/cmake/custom_msgs-msg-extras.cmake
[48.670s] -- Installing: /home/capstone/autoware.ai/install/custom_msgs/share/custom_msgs/cmake/custom_msgsConfig.cmake
[48.671s] -- Installing: /home/capstone/autoware.ai/install/custom_msgs/share/custom_msgs/cmake/custom_msgsConfig-version.cmake
[48.671s] -- Installing: /home/capstone/autoware.ai/install/custom_msgs/share/custom_msgs/package.xml
[48.677s] Invoked command in '/home/capstone/autoware.ai/build/custom_msgs' returned '0': /usr/bin/cmake --build /home/capstone/autoware.ai/build/custom_msgs --target install -- -j12 -l12
