[1.733s] [  0%] Built target roscpp_generate_messages_nodejs
[1.882s] [  0%] Built target autoware_lanelet2_msgs_generate_messages_py
[2.054s] [  0%] Built target autoware_lanelet2_msgs_generate_messages_lisp
[2.201s] [  0%] Built target autoware_lanelet2_msgs_generate_messages_cpp
[2.342s] [  0%] Built target tf2_msgs_generate_messages_py
[2.493s] [  0%] Built target tf2_msgs_generate_messages_lisp
[2.635s] [  0%] Built target tf2_msgs_generate_messages_cpp
[2.778s] [  0%] Built target actionlib_generate_messages_py
[2.972s] [  0%] Built target actionlib_generate_messages_nodejs
[3.130s] [  0%] Built target actionlib_generate_messages_cpp
[3.271s] [  0%] Built target tablet_socket_msgs_generate_messages_py
[3.417s] [  0%] Built target rosgraph_msgs_generate_messages_py
[3.561s] [  0%] Built target rosgraph_msgs_generate_messages_nodejs
[3.708s] [  0%] Built target rosgraph_msgs_generate_messages_eus
[3.854s] [  0%] Built target actionlib_generate_messages_eus
[4.068s] [  0%] Built target rosgraph_msgs_generate_messages_cpp
[4.211s] [  0%] Built target jsk_recognition_msgs_generate_messages_lisp
[4.356s] [  0%] Built target tf_generate_messages_cpp
[4.502s] [  0%] Built target jsk_recognition_msgs_generate_messages_eus
[4.650s] [  0%] Built target std_msgs_generate_messages_py
[4.799s] [  0%] Built target jsk_recognition_msgs_generate_messages_cpp
[4.956s] [  0%] Built target geometry_msgs_generate_messages_lisp
[5.127s] [  0%] Built target autoware_msgs_generate_messages_eus
[5.271s] [  0%] Built target geometry_msgs_generate_messages_eus
[5.420s] [  0%] Built target autoware_lanelet2_msgs_generate_messages_eus
[5.562s] [  0%] Built target std_msgs_generate_messages_nodejs
[5.708s] [  0%] Built target visualization_msgs_generate_messages_py
[5.856s] [  0%] Built target autoware_msgs_generate_messages_lisp
[6.048s] [  0%] Built target autoware_config_msgs_generate_messages_lisp
[6.192s] [  0%] Built target geometry_msgs_generate_messages_nodejs
[6.336s] [  0%] Built target geometry_msgs_generate_messages_cpp
[6.482s] [  0%] Built target tf2_msgs_generate_messages_nodejs
[6.629s] [  0%] Built target autoware_config_msgs_generate_messages_cpp
[6.778s] [  0%] Built target jsk_footstep_msgs_generate_messages_eus
[6.969s] [  0%] Built target roscpp_generate_messages_py
[7.144s] [  0%] Built target jsk_recognition_msgs_generate_messages_nodejs
[7.286s] [  0%] Built target actionlib_generate_messages_lisp
[7.435s] [  0%] Built target roscpp_generate_messages_lisp
[7.583s] [  0%] Built target jsk_footstep_msgs_generate_messages_py
[7.730s] [  0%] Built target geometry_msgs_generate_messages_py
[7.899s] [  0%] Built target tf2_msgs_generate_messages_eus
[8.091s] [  0%] Built target sensor_msgs_generate_messages_py
[8.236s] [  0%] Built target jsk_footstep_msgs_generate_messages_lisp
[8.383s] [  0%] Built target autoware_msgs_generate_messages_nodejs
[8.535s] [  0%] Built target autoware_config_msgs_generate_messages_eus
[8.675s] [  0%] Built target actionlib_msgs_generate_messages_eus
[8.819s] [  0%] Built target autoware_lanelet2_msgs_generate_messages_nodejs
[9.014s] [  0%] Built target roscpp_generate_messages_eus
[9.195s] [  0%] Built target std_msgs_generate_messages_cpp
[9.341s] [  0%] Built target rosgraph_msgs_generate_messages_lisp
[9.483s] [  0%] Built target autoware_msgs_generate_messages_py
[9.634s] [  0%] Built target tf_generate_messages_eus
[9.778s] [  0%] Built target tablet_socket_msgs_generate_messages_cpp
[9.955s] [  0%] Built target autoware_msgs_generate_messages_cpp
[10.141s] [  0%] Built target autoware_config_msgs_generate_messages_nodejs
[10.286s] [  0%] Built target std_msgs_generate_messages_lisp
[10.431s] [  0%] Built target jsk_recognition_msgs_generate_messages_py
[10.578s] [  0%] Built target sensor_msgs_generate_messages_cpp
[10.726s] [  0%] Built target pcl_msgs_generate_messages_cpp
[10.874s] [  0%] Built target roscpp_generate_messages_cpp
[11.053s] [  0%] Built target visualization_msgs_generate_messages_cpp
[11.270s] [  0%] Built target autoware_config_msgs_generate_messages_py
[11.414s] [  0%] Built target sensor_msgs_generate_messages_eus
[11.560s] [  0%] Built target sensor_msgs_generate_messages_lisp
[11.711s] [  0%] Built target pcl_msgs_generate_messages_eus
[11.859s] [  0%] Built target vector_map_msgs_generate_messages_lisp
[12.049s] [  0%] Built target pcl_msgs_generate_messages_nodejs
[12.210s] [  0%] Built target pcl_msgs_generate_messages_lisp
[12.356s] [  0%] Built target pcl_msgs_generate_messages_py
[12.499s] [  0%] Built target sensor_msgs_generate_messages_nodejs
[12.646s] [  0%] Built target jsk_footstep_msgs_generate_messages_nodejs
[12.788s] [  0%] Built target actionlib_msgs_generate_messages_cpp
[12.953s] [  0%] Built target actionlib_msgs_generate_messages_py
[13.134s] [  0%] Built target tf_generate_messages_lisp
[13.279s] [  0%] Built target tf_generate_messages_nodejs
[13.422s] [  0%] Built target std_msgs_generate_messages_eus
[13.576s] [  0%] Built target actionlib_msgs_generate_messages_lisp
[13.720s] [  0%] Built target actionlib_msgs_generate_messages_nodejs
[13.862s] [  0%] Built target tf_generate_messages_py
[14.055s] [  0%] Built target jsk_footstep_msgs_generate_messages_cpp
[14.218s] [  0%] Built target visualization_msgs_generate_messages_eus
[14.362s] [  0%] Built target visualization_msgs_generate_messages_lisp
[14.511s] [  0%] Built target visualization_msgs_generate_messages_nodejs
[14.658s] [  0%] Built target tablet_socket_msgs_generate_messages_eus
[14.806s] [  0%] Built target tablet_socket_msgs_generate_messages_lisp
[14.972s] [  0%] Built target tablet_socket_msgs_generate_messages_nodejs
[15.188s] [  0%] Built target vector_map_msgs_generate_messages_cpp
[15.332s] [  0%] Built target vector_map_msgs_generate_messages_eus
[15.477s] [  0%] Built target vector_map_msgs_generate_messages_nodejs
[15.621s] [  0%] Built target vector_map_msgs_generate_messages_py
[15.779s] [ 14%] Built target lane_planner
[15.987s] [ 42%] Built target lane_select
[16.185s] [ 57%] Built target lane_rule
[16.348s] [ 71%] Built target lane_navi
[16.511s] [ 85%] Built target lane_stop
[16.681s] [100%] Built target lane_rule_lanelet2
[18.844s] [ 33%] Built target gtest
[19.019s] [ 33%] Built target autoware_lanelet2_msgs_generate_messages_py
[19.178s] [ 33%] Built target autoware_lanelet2_msgs_generate_messages_lisp
[19.317s] [ 33%] Built target autoware_lanelet2_msgs_generate_messages_cpp
[19.467s] [ 33%] Built target tf2_msgs_generate_messages_py
[19.608s] [ 33%] Built target tf2_msgs_generate_messages_lisp
[19.754s] [ 33%] Built target tf2_msgs_generate_messages_cpp
[19.914s] [ 33%] Built target actionlib_generate_messages_py
[20.111s] [ 33%] Built target actionlib_generate_messages_nodejs
[20.258s] [ 33%] Built target actionlib_generate_messages_cpp
[20.401s] [ 33%] Built target tablet_socket_msgs_generate_messages_py
[20.544s] [ 33%] Built target rosgraph_msgs_generate_messages_py
[20.693s] [ 33%] Built target rosgraph_msgs_generate_messages_nodejs
[20.836s] [ 33%] Built target rosgraph_msgs_generate_messages_eus
[21.035s] [ 33%] Built target actionlib_generate_messages_eus
[21.223s] [ 33%] Built target rosgraph_msgs_generate_messages_cpp
[21.369s] [ 33%] Built target jsk_recognition_msgs_generate_messages_lisp
[21.516s] [ 33%] Built target tf_generate_messages_cpp
[21.691s] [ 33%] Built target jsk_recognition_msgs_generate_messages_eus
[21.831s] [ 33%] Built target std_msgs_generate_messages_py
[22.021s] [ 33%] Built target jsk_recognition_msgs_generate_messages_cpp
[22.231s] [ 33%] Built target geometry_msgs_generate_messages_lisp
[22.374s] [ 33%] Built target autoware_msgs_generate_messages_eus
[22.518s] [ 33%] Built target geometry_msgs_generate_messages_eus
[22.665s] [ 33%] Built target autoware_lanelet2_msgs_generate_messages_eus
[22.808s] [ 33%] Built target std_msgs_generate_messages_nodejs
[23.006s] [ 33%] Built target visualization_msgs_generate_messages_py
[23.173s] [ 33%] Built target autoware_msgs_generate_messages_lisp
[23.317s] [ 33%] Built target autoware_config_msgs_generate_messages_lisp
[23.461s] [ 33%] Built target geometry_msgs_generate_messages_nodejs
[23.607s] [ 33%] Built target geometry_msgs_generate_messages_cpp
[23.764s] [ 33%] Built target tf2_msgs_generate_messages_nodejs
[23.907s] [ 33%] Built target autoware_config_msgs_generate_messages_cpp
[24.116s] [ 33%] Built target jsk_footstep_msgs_generate_messages_eus
[24.260s] [ 33%] Built target roscpp_generate_messages_py
[24.408s] [ 33%] Built target jsk_recognition_msgs_generate_messages_nodejs
[24.554s] [ 33%] Built target actionlib_generate_messages_lisp
[24.698s] [ 33%] Built target roscpp_generate_messages_lisp
[24.842s] [ 33%] Built target jsk_footstep_msgs_generate_messages_py
[25.053s] [ 33%] Built target geometry_msgs_generate_messages_py
[25.200s] [ 33%] Built target tf2_msgs_generate_messages_eus
[25.344s] [ 33%] Built target sensor_msgs_generate_messages_py
[25.485s] [ 33%] Built target jsk_footstep_msgs_generate_messages_lisp
[25.627s] [ 33%] Built target autoware_msgs_generate_messages_nodejs
[25.771s] [ 33%] Built target autoware_config_msgs_generate_messages_eus
[25.927s] [ 33%] Built target actionlib_msgs_generate_messages_eus
[26.113s] [ 33%] Built target autoware_lanelet2_msgs_generate_messages_nodejs
[26.256s] [ 33%] Built target roscpp_generate_messages_eus
[26.400s] [ 33%] Built target std_msgs_generate_messages_cpp
[26.541s] [ 33%] Built target rosgraph_msgs_generate_messages_lisp
[26.685s] [ 33%] Built target autoware_msgs_generate_messages_py
[26.829s] [ 33%] Built target tf_generate_messages_eus
[26.999s] [ 33%] Built target tablet_socket_msgs_generate_messages_cpp
[27.169s] [ 33%] Built target autoware_msgs_generate_messages_cpp
[27.313s] [ 33%] Built target autoware_config_msgs_generate_messages_nodejs
[27.456s] [ 33%] Built target std_msgs_generate_messages_lisp
[27.600s] [ 33%] Built target jsk_recognition_msgs_generate_messages_py
[27.743s] [ 33%] Built target sensor_msgs_generate_messages_cpp
[27.908s] [ 33%] Built target pcl_msgs_generate_messages_cpp
[28.091s] [ 33%] Built target roscpp_generate_messages_cpp
[28.232s] [ 33%] Built target visualization_msgs_generate_messages_cpp
[28.375s] [ 33%] Built target autoware_config_msgs_generate_messages_py
[28.523s] [ 33%] Built target sensor_msgs_generate_messages_eus
[28.675s] [ 33%] Built target sensor_msgs_generate_messages_lisp
[28.825s] [ 33%] Built target pcl_msgs_generate_messages_eus
[29.043s] [ 33%] Built target vector_map_msgs_generate_messages_lisp
[29.193s] [ 33%] Built target pcl_msgs_generate_messages_nodejs
[29.338s] [ 33%] Built target pcl_msgs_generate_messages_lisp
[29.491s] [ 33%] Built target pcl_msgs_generate_messages_py
[29.638s] [ 33%] Built target sensor_msgs_generate_messages_nodejs
[29.788s] [ 33%] Built target jsk_footstep_msgs_generate_messages_nodejs
[29.955s] [ 33%] Built target actionlib_msgs_generate_messages_cpp
[30.141s] [ 33%] Built target actionlib_msgs_generate_messages_py
[30.286s] [ 33%] Built target tf_generate_messages_lisp
[30.434s] [ 33%] Built target tf_generate_messages_nodejs
[30.599s] [ 33%] Built target std_msgs_generate_messages_eus
[30.746s] [ 33%] Built target actionlib_msgs_generate_messages_lisp
[30.898s] [ 33%] Built target actionlib_msgs_generate_messages_nodejs
[31.084s] [ 33%] Built target tf_generate_messages_py
[31.228s] [ 33%] Built target jsk_footstep_msgs_generate_messages_cpp
[31.372s] [ 33%] Built target roscpp_generate_messages_nodejs
[31.513s] [ 33%] Built target visualization_msgs_generate_messages_eus
[31.659s] [ 33%] Built target visualization_msgs_generate_messages_lisp
[31.801s] [ 33%] Built target visualization_msgs_generate_messages_nodejs
[31.963s] [ 33%] Built target tablet_socket_msgs_generate_messages_eus
[32.132s] [ 33%] Built target tablet_socket_msgs_generate_messages_lisp
[32.281s] [ 33%] Built target tablet_socket_msgs_generate_messages_nodejs
[32.424s] [ 33%] Built target vector_map_msgs_generate_messages_cpp
[32.577s] [ 33%] Built target vector_map_msgs_generate_messages_eus
[32.722s] [ 33%] Built target vector_map_msgs_generate_messages_nodejs
[32.865s] [ 33%] Built target vector_map_msgs_generate_messages_py
[33.090s] [100%] Built target test-lane_select
[33.235s] [100%] Built target tests
[34.973s] [  0%] Built target roscpp_generate_messages_nodejs
[35.145s] [  0%] Built target autoware_lanelet2_msgs_generate_messages_py
[35.289s] [  0%] Built target autoware_lanelet2_msgs_generate_messages_lisp
[35.437s] [  0%] Built target autoware_lanelet2_msgs_generate_messages_cpp
[35.582s] [  0%] Built target tf2_msgs_generate_messages_py
[35.724s] [  0%] Built target tf2_msgs_generate_messages_lisp
[35.883s] [  0%] Built target tf2_msgs_generate_messages_cpp
[36.083s] [  0%] Built target actionlib_generate_messages_py
[36.226s] [  0%] Built target actionlib_generate_messages_nodejs
[36.371s] [  0%] Built target actionlib_generate_messages_cpp
[36.518s] [  0%] Built target tablet_socket_msgs_generate_messages_py
[36.661s] [  0%] Built target rosgraph_msgs_generate_messages_py
[36.802s] [  0%] Built target rosgraph_msgs_generate_messages_nodejs
[36.978s] [  0%] Built target rosgraph_msgs_generate_messages_eus
[37.140s] [  0%] Built target actionlib_generate_messages_eus
[37.283s] [  0%] Built target rosgraph_msgs_generate_messages_cpp
[37.426s] [  0%] Built target jsk_recognition_msgs_generate_messages_lisp
[37.569s] [  0%] Built target tf_generate_messages_cpp
[37.715s] [  0%] Built target jsk_recognition_msgs_generate_messages_eus
[37.859s] [  0%] Built target std_msgs_generate_messages_py
[38.052s] [  0%] Built target jsk_recognition_msgs_generate_messages_cpp
[38.195s] [  0%] Built target geometry_msgs_generate_messages_lisp
[38.342s] [  0%] Built target autoware_msgs_generate_messages_eus
[38.487s] [  0%] Built target geometry_msgs_generate_messages_eus
[38.632s] [  0%] Built target autoware_lanelet2_msgs_generate_messages_eus
[38.779s] [  0%] Built target std_msgs_generate_messages_nodejs
[38.948s] [  0%] Built target visualization_msgs_generate_messages_py
[39.154s] [  0%] Built target autoware_msgs_generate_messages_lisp
[39.302s] [  0%] Built target autoware_config_msgs_generate_messages_lisp
[39.444s] [  0%] Built target geometry_msgs_generate_messages_nodejs
[39.591s] [  0%] Built target geometry_msgs_generate_messages_cpp
[39.734s] [  0%] Built target tf2_msgs_generate_messages_nodejs
[39.896s] [  0%] Built target autoware_config_msgs_generate_messages_cpp
[40.112s] [  0%] Built target jsk_footstep_msgs_generate_messages_eus
[40.256s] [  0%] Built target roscpp_generate_messages_py
[40.400s] [  0%] Built target jsk_recognition_msgs_generate_messages_nodejs
[40.551s] [  0%] Built target actionlib_generate_messages_lisp
[40.694s] [  0%] Built target roscpp_generate_messages_lisp
[40.837s] [  0%] Built target jsk_footstep_msgs_generate_messages_py
[41.085s] [  0%] Built target geometry_msgs_generate_messages_py
[41.226s] [  0%] Built target tf2_msgs_generate_messages_eus
[41.368s] [  0%] Built target sensor_msgs_generate_messages_py
[41.511s] [  0%] Built target jsk_footstep_msgs_generate_messages_lisp
[41.653s] [  0%] Built target autoware_msgs_generate_messages_nodejs
[41.796s] [  0%] Built target autoware_config_msgs_generate_messages_eus
[41.944s] [  0%] Built target actionlib_msgs_generate_messages_eus
[42.125s] [  0%] Built target autoware_lanelet2_msgs_generate_messages_nodejs
[42.280s] [  0%] Built target roscpp_generate_messages_eus
[42.435s] [  0%] Built target std_msgs_generate_messages_cpp
[42.579s] [  0%] Built target rosgraph_msgs_generate_messages_lisp
[42.724s] [  0%] Built target autoware_msgs_generate_messages_py
[42.881s] [  0%] Built target tf_generate_messages_eus
[43.072s] [  0%] Built target tablet_socket_msgs_generate_messages_cpp
[43.221s] [  0%] Built target autoware_msgs_generate_messages_cpp
[43.365s] [  0%] Built target autoware_config_msgs_generate_messages_nodejs
[43.507s] [  0%] Built target std_msgs_generate_messages_lisp
[43.650s] [  0%] Built target jsk_recognition_msgs_generate_messages_py
[43.796s] [  0%] Built target sensor_msgs_generate_messages_cpp
[43.966s] [  0%] Built target pcl_msgs_generate_messages_cpp
[44.141s] [  0%] Built target roscpp_generate_messages_cpp
[44.284s] [  0%] Built target visualization_msgs_generate_messages_cpp
[44.428s] [  0%] Built target autoware_config_msgs_generate_messages_py
[44.579s] [  0%] Built target sensor_msgs_generate_messages_eus
[44.732s] [  0%] Built target sensor_msgs_generate_messages_lisp
[44.890s] [  0%] Built target pcl_msgs_generate_messages_eus
[45.035s] [  0%] Built target vector_map_msgs_generate_messages_lisp
[45.216s] [  0%] Built target pcl_msgs_generate_messages_nodejs
[45.360s] [  0%] Built target pcl_msgs_generate_messages_lisp
[45.509s] [  0%] Built target pcl_msgs_generate_messages_py
[45.655s] [  0%] Built target sensor_msgs_generate_messages_nodejs
[45.799s] [  0%] Built target jsk_footstep_msgs_generate_messages_nodejs
[45.991s] [  0%] Built target actionlib_msgs_generate_messages_cpp
[46.160s] [  0%] Built target actionlib_msgs_generate_messages_py
[46.305s] [  0%] Built target tf_generate_messages_lisp
[46.446s] [  0%] Built target tf_generate_messages_nodejs
[46.595s] [  0%] Built target std_msgs_generate_messages_eus
[46.751s] [  0%] Built target actionlib_msgs_generate_messages_lisp
[46.897s] [  0%] Built target actionlib_msgs_generate_messages_nodejs
[47.095s] [  0%] Built target tf_generate_messages_py
[47.241s] [  0%] Built target jsk_footstep_msgs_generate_messages_cpp
[47.384s] [  0%] Built target visualization_msgs_generate_messages_eus
[47.536s] [  0%] Built target visualization_msgs_generate_messages_lisp
[47.681s] [  0%] Built target visualization_msgs_generate_messages_nodejs
[47.822s] [  0%] Built target tablet_socket_msgs_generate_messages_eus
[48.001s] [  0%] Built target tablet_socket_msgs_generate_messages_lisp
[48.154s] [  0%] Built target tablet_socket_msgs_generate_messages_nodejs
[48.296s] [  0%] Built target vector_map_msgs_generate_messages_cpp
[48.446s] [  0%] Built target vector_map_msgs_generate_messages_eus
[48.590s] [  0%] Built target vector_map_msgs_generate_messages_nodejs
[48.733s] [  0%] Built target vector_map_msgs_generate_messages_py
[48.910s] [ 14%] Built target lane_planner
[49.121s] [ 42%] Built target lane_select
[49.279s] [ 57%] Built target lane_rule
[49.441s] [ 71%] Built target lane_navi
[49.599s] [ 85%] Built target lane_stop
[49.773s] [100%] Built target lane_rule_lanelet2
[49.952s] [36mInstall the project...[0m
[50.030s] -- Install configuration: "Release"
[50.031s] -- Up-to-date: /home/capstone/autoware.ai/install/lane_planner/lib/pkgconfig/lane_planner.pc
[50.031s] -- Up-to-date: /home/capstone/autoware.ai/install/lane_planner/share/lane_planner/cmake/lane_plannerConfig.cmake
[50.031s] -- Up-to-date: /home/capstone/autoware.ai/install/lane_planner/share/lane_planner/cmake/lane_plannerConfig-version.cmake
[50.032s] -- Up-to-date: /home/capstone/autoware.ai/install/lane_planner/share/lane_planner/package.xml
[50.032s] -- Up-to-date: /home/capstone/autoware.ai/install/lane_planner/include/lane_planner
[50.032s] -- Up-to-date: /home/capstone/autoware.ai/install/lane_planner/include/lane_planner/lane_planner_vmap.hpp
[50.033s] -- Up-to-date: /home/capstone/autoware.ai/install/lane_planner/lib/lane_planner/lane_navi
[50.033s] -- Up-to-date: /home/capstone/autoware.ai/install/lane_planner/lib/liblane_planner.so
[50.035s] -- Up-to-date: /home/capstone/autoware.ai/install/lane_planner/lib/lane_planner/lane_rule
[50.035s] -- Up-to-date: /home/capstone/autoware.ai/install/lane_planner/lib/lane_planner/lane_rule_lanelet2
[50.036s] -- Up-to-date: /home/capstone/autoware.ai/install/lane_planner/lib/lane_planner/lane_select
[50.037s] -- Up-to-date: /home/capstone/autoware.ai/install/lane_planner/lib/lane_planner/lane_stop
[50.038s] -- Up-to-date: /home/capstone/autoware.ai/install/lane_planner/share/lane_planner/launch
[50.038s] -- Up-to-date: /home/capstone/autoware.ai/install/lane_planner/share/lane_planner/launch/lane_rule_option.launch
[50.038s] -- Up-to-date: /home/capstone/autoware.ai/install/lane_planner/share/lane_planner/launch/lane_navi.launch
[50.038s] -- Up-to-date: /home/capstone/autoware.ai/install/lane_planner/share/lane_planner/launch/lane_select.launch
