[0.688s] [  0%] Built target rosgraph_msgs_generate_messages_eus
[0.830s] [  0%] Built target tf_generate_messages_cpp
[0.977s] [  0%] Built target jsk_recognition_msgs_generate_messages_eus
[1.149s] [  0%] Built target std_msgs_generate_messages_py
[1.335s] [  0%] Built target jsk_recognition_msgs_generate_messages_cpp
[1.479s] [  0%] Built target geometry_msgs_generate_messages_lisp
[1.626s] [  0%] Built target autoware_msgs_generate_messages_eus
[1.767s] [  0%] Built target std_msgs_generate_messages_nodejs
[1.919s] [  0%] Built target geometry_msgs_generate_messages_eus
[2.074s] [  0%] Built target std_msgs_generate_messages_cpp
[2.244s] [  0%] Built target jsk_footstep_msgs_generate_messages_py
[2.385s] [  0%] Built target geometry_msgs_generate_messages_py
[2.530s] [  0%] Built target tf2_msgs_generate_messages_eus
[2.674s] [  0%] Built target sensor_msgs_generate_messages_py
[2.819s] [  0%] Built target jsk_footstep_msgs_generate_messages_lisp
[2.963s] [  0%] Built target autoware_msgs_generate_messages_nodejs
[3.153s] [  0%] Built target actionlib_msgs_generate_messages_eus
[3.316s] [  0%] Built target tf_generate_messages_eus
[3.466s] [  0%] Built target autoware_msgs_generate_messages_py
[3.621s] [  0%] Built target rosgraph_msgs_generate_messages_lisp
[3.760s] [  0%] Built target sensor_msgs_generate_messages_lisp
[3.903s] [  0%] Built target sensor_msgs_generate_messages_eus
[4.056s] [  0%] Built target roscpp_generate_messages_cpp
[4.226s] [  0%] Built target autoware_msgs_generate_messages_lisp
[4.382s] [  0%] Built target sensor_msgs_generate_messages_cpp
[4.535s] [  0%] Built target pcl_msgs_generate_messages_cpp
[4.679s] [  0%] Built target jsk_recognition_msgs_generate_messages_py
[4.827s] [  0%] Built target std_msgs_generate_messages_lisp
[4.975s] [  0%] Built target autoware_msgs_generate_messages_cpp
[5.180s] [  0%] Built target jsk_footstep_msgs_generate_messages_eus
[5.361s] [  0%] Built target actionlib_generate_messages_lisp
[5.505s] [  0%] Built target _catkin_empty_exported_target
[5.653s] [  0%] Built target roscpp_generate_messages_lisp
[5.806s] [  0%] Built target geometry_msgs_generate_messages_nodejs
[5.937s] [  0%] Built target geometry_msgs_generate_messages_cpp
[6.084s] [  0%] Built target pcl_msgs_generate_messages_eus
[6.291s] [  0%] Built target pcl_msgs_generate_messages_nodejs
[6.437s] [  0%] Built target pcl_msgs_generate_messages_lisp
[6.589s] [  0%] Built target pcl_msgs_generate_messages_py
[6.733s] [  0%] Built target sensor_msgs_generate_messages_nodejs
[6.879s] [  0%] Built target jsk_footstep_msgs_generate_messages_nodejs
[7.029s] [  0%] Built target actionlib_msgs_generate_messages_cpp
[7.229s] [  0%] Built target actionlib_msgs_generate_messages_py
[7.387s] [  0%] Built target tf_generate_messages_lisp
[7.538s] [  0%] Built target tf_generate_messages_nodejs
[7.683s] [  0%] Built target std_msgs_generate_messages_eus
[7.829s] [  0%] Built target actionlib_msgs_generate_messages_lisp
[7.974s] [  0%] Built target actionlib_msgs_generate_messages_nodejs
[8.155s] [  0%] Built target tf_generate_messages_py
[8.312s] [  0%] Built target jsk_recognition_msgs_generate_messages_nodejs
[8.463s] [  0%] Built target roscpp_generate_messages_py
[8.605s] [  0%] Built target roscpp_generate_messages_eus
[8.750s] [  0%] Built target jsk_footstep_msgs_generate_messages_cpp
[8.895s] [  0%] Built target roscpp_generate_messages_nodejs
[9.037s] [  0%] Built target actionlib_generate_messages_eus
[9.248s] [  0%] Built target rosgraph_msgs_generate_messages_cpp
[9.446s] [  0%] Built target jsk_recognition_msgs_generate_messages_lisp
[9.601s] [  0%] Built target rosgraph_msgs_generate_messages_nodejs
[9.749s] [  0%] Built target rosgraph_msgs_generate_messages_py
[9.894s] [  0%] Built target actionlib_generate_messages_cpp
[10.039s] [  0%] Built target actionlib_generate_messages_nodejs
[10.234s] [  0%] Built target actionlib_generate_messages_py
[10.399s] [  0%] Built target tf2_msgs_generate_messages_cpp
[10.545s] [  0%] Built target tf2_msgs_generate_messages_lisp
[10.689s] [  0%] Built target tf2_msgs_generate_messages_nodejs
[10.836s] [  0%] Built target tf2_msgs_generate_messages_py
[11.012s] [100%] Built target libwaypoint_follower
[12.594s] [ 22%] Built target gtest
[12.739s] [ 22%] Built target tf_generate_messages_cpp
[12.887s] [ 22%] Built target jsk_recognition_msgs_generate_messages_eus
[13.029s] [ 22%] Built target std_msgs_generate_messages_py
[13.226s] [ 22%] Built target jsk_recognition_msgs_generate_messages_cpp
[13.373s] [ 22%] Built target geometry_msgs_generate_messages_lisp
[13.514s] [ 22%] Built target autoware_msgs_generate_messages_eus
[13.660s] [ 22%] Built target std_msgs_generate_messages_nodejs
[13.807s] [ 22%] Built target geometry_msgs_generate_messages_eus
[13.955s] [ 22%] Built target std_msgs_generate_messages_cpp
[14.138s] [ 22%] Built target jsk_footstep_msgs_generate_messages_py
[14.302s] [ 22%] Built target geometry_msgs_generate_messages_py
[14.447s] [ 22%] Built target tf2_msgs_generate_messages_eus
[14.591s] [ 22%] Built target sensor_msgs_generate_messages_py
[14.734s] [ 22%] Built target jsk_footstep_msgs_generate_messages_lisp
[14.877s] [ 22%] Built target autoware_msgs_generate_messages_nodejs
[15.021s] [ 22%] Built target actionlib_msgs_generate_messages_eus
[15.224s] [ 22%] Built target tf_generate_messages_eus
[15.376s] [ 22%] Built target autoware_msgs_generate_messages_py
[15.513s] [ 22%] Built target rosgraph_msgs_generate_messages_lisp
[15.658s] [ 22%] Built target sensor_msgs_generate_messages_lisp
[15.802s] [ 22%] Built target sensor_msgs_generate_messages_eus
[15.948s] [ 22%] Built target roscpp_generate_messages_cpp
[16.114s] [ 22%] Built target autoware_msgs_generate_messages_lisp
[16.332s] [ 22%] Built target sensor_msgs_generate_messages_cpp
[16.479s] [ 22%] Built target pcl_msgs_generate_messages_cpp
[16.629s] [ 22%] Built target jsk_recognition_msgs_generate_messages_py
[16.773s] [ 22%] Built target std_msgs_generate_messages_lisp
[16.915s] [ 22%] Built target autoware_msgs_generate_messages_cpp
[17.067s] [ 22%] Built target jsk_footstep_msgs_generate_messages_eus
[17.235s] [ 22%] Built target actionlib_generate_messages_lisp
[17.377s] [ 22%] Built target _catkin_empty_exported_target
[17.519s] [ 22%] Built target roscpp_generate_messages_lisp
[17.671s] [ 22%] Built target geometry_msgs_generate_messages_nodejs
[17.825s] [ 22%] Built target geometry_msgs_generate_messages_cpp
[17.967s] [ 22%] Built target pcl_msgs_generate_messages_eus
[18.164s] [ 22%] Built target pcl_msgs_generate_messages_nodejs
[18.339s] [ 22%] Built target pcl_msgs_generate_messages_lisp
[18.487s] [ 22%] Built target pcl_msgs_generate_messages_py
[18.632s] [ 22%] Built target sensor_msgs_generate_messages_nodejs
[18.784s] [ 22%] Built target jsk_footstep_msgs_generate_messages_nodejs
[18.928s] [ 22%] Built target actionlib_msgs_generate_messages_cpp
[19.084s] [ 22%] Built target actionlib_msgs_generate_messages_py
[19.267s] [ 22%] Built target tf_generate_messages_lisp
[19.408s] [ 22%] Built target tf_generate_messages_nodejs
[19.550s] [ 22%] Built target std_msgs_generate_messages_eus
[19.694s] [ 22%] Built target actionlib_msgs_generate_messages_lisp
[19.841s] [ 22%] Built target actionlib_msgs_generate_messages_nodejs
[19.981s] [ 22%] Built target tf_generate_messages_py
[20.195s] [ 22%] Built target jsk_recognition_msgs_generate_messages_nodejs
[20.351s] [ 22%] Built target roscpp_generate_messages_py
[20.497s] [ 22%] Built target roscpp_generate_messages_eus
[20.642s] [ 22%] Built target jsk_footstep_msgs_generate_messages_cpp
[20.795s] [ 22%] Built target roscpp_generate_messages_nodejs
[20.941s] [ 22%] Built target actionlib_generate_messages_eus
[21.135s] [ 22%] Built target rosgraph_msgs_generate_messages_cpp
[21.320s] [ 22%] Built target rosgraph_msgs_generate_messages_eus
[21.462s] [ 22%] Built target jsk_recognition_msgs_generate_messages_lisp
[21.611s] [ 22%] Built target rosgraph_msgs_generate_messages_nodejs
[21.751s] [ 22%] Built target rosgraph_msgs_generate_messages_py
[21.894s] [ 22%] Built target actionlib_generate_messages_cpp
[22.038s] [ 22%] Built target actionlib_generate_messages_nodejs
[22.230s] [ 22%] Built target actionlib_generate_messages_py
[22.374s] [ 22%] Built target tf2_msgs_generate_messages_cpp
[22.518s] [ 22%] Built target tf2_msgs_generate_messages_lisp
[22.661s] [ 22%] Built target tf2_msgs_generate_messages_nodejs
[22.808s] [ 22%] Built target tf2_msgs_generate_messages_py
[22.981s] [ 55%] Built target test-libwaypoint_follower
[23.202s] [100%] Built target test-pure_pursuit
[23.353s] [100%] Built target tests
[24.768s] [  0%] Built target rosgraph_msgs_generate_messages_eus
[24.916s] [  0%] Built target tf_generate_messages_cpp
[25.062s] [  0%] Built target jsk_recognition_msgs_generate_messages_eus
[25.275s] [  0%] Built target std_msgs_generate_messages_py
[25.416s] [  0%] Built target jsk_recognition_msgs_generate_messages_cpp
[25.563s] [  0%] Built target geometry_msgs_generate_messages_lisp
[25.710s] [  0%] Built target autoware_msgs_generate_messages_eus
[25.857s] [  0%] Built target std_msgs_generate_messages_nodejs
[26.008s] [  0%] Built target geometry_msgs_generate_messages_eus
[26.192s] [  0%] Built target std_msgs_generate_messages_cpp
[26.344s] [  0%] Built target jsk_footstep_msgs_generate_messages_py
[26.488s] [  0%] Built target geometry_msgs_generate_messages_py
[26.637s] [  0%] Built target tf2_msgs_generate_messages_eus
[26.783s] [  0%] Built target sensor_msgs_generate_messages_py
[26.928s] [  0%] Built target jsk_footstep_msgs_generate_messages_lisp
[27.086s] [  0%] Built target autoware_msgs_generate_messages_nodejs
[27.271s] [  0%] Built target actionlib_msgs_generate_messages_eus
[27.419s] [  0%] Built target tf_generate_messages_eus
[27.565s] [  0%] Built target autoware_msgs_generate_messages_py
[27.712s] [  0%] Built target rosgraph_msgs_generate_messages_lisp
[27.862s] [  0%] Built target sensor_msgs_generate_messages_lisp
[28.007s] [  0%] Built target sensor_msgs_generate_messages_eus
[28.211s] [  0%] Built target roscpp_generate_messages_cpp
[28.354s] [  0%] Built target autoware_msgs_generate_messages_lisp
[28.516s] [  0%] Built target sensor_msgs_generate_messages_cpp
[28.672s] [  0%] Built target pcl_msgs_generate_messages_cpp
[28.826s] [  0%] Built target jsk_recognition_msgs_generate_messages_py
[28.971s] [  0%] Built target std_msgs_generate_messages_lisp
[29.174s] [  0%] Built target autoware_msgs_generate_messages_cpp
[29.365s] [  0%] Built target jsk_footstep_msgs_generate_messages_eus
[29.508s] [  0%] Built target actionlib_generate_messages_lisp
[29.656s] [  0%] Built target _catkin_empty_exported_target
[29.801s] [  0%] Built target roscpp_generate_messages_lisp
[29.945s] [  0%] Built target geometry_msgs_generate_messages_nodejs
[30.143s] [  0%] Built target geometry_msgs_generate_messages_cpp
[30.324s] [  0%] Built target pcl_msgs_generate_messages_eus
[30.464s] [  0%] Built target pcl_msgs_generate_messages_nodejs
[30.616s] [  0%] Built target pcl_msgs_generate_messages_lisp
[30.763s] [  0%] Built target pcl_msgs_generate_messages_py
[30.908s] [  0%] Built target sensor_msgs_generate_messages_nodejs
[31.059s] [  0%] Built target jsk_footstep_msgs_generate_messages_nodejs
[31.251s] [  0%] Built target actionlib_msgs_generate_messages_cpp
[31.394s] [  0%] Built target actionlib_msgs_generate_messages_py
[31.537s] [  0%] Built target tf_generate_messages_lisp
[31.687s] [  0%] Built target tf_generate_messages_nodejs
[31.841s] [  0%] Built target std_msgs_generate_messages_eus
[31.985s] [  0%] Built target actionlib_msgs_generate_messages_lisp
[32.154s] [  0%] Built target actionlib_msgs_generate_messages_nodejs
[32.321s] [  0%] Built target tf_generate_messages_py
[32.470s] [  0%] Built target jsk_recognition_msgs_generate_messages_nodejs
[32.615s] [  0%] Built target roscpp_generate_messages_py
[32.755s] [  0%] Built target roscpp_generate_messages_eus
[32.901s] [  0%] Built target jsk_footstep_msgs_generate_messages_cpp
[33.048s] [  0%] Built target roscpp_generate_messages_nodejs
[33.275s] [  0%] Built target actionlib_generate_messages_eus
[33.422s] [  0%] Built target rosgraph_msgs_generate_messages_cpp
[33.570s] [  0%] Built target jsk_recognition_msgs_generate_messages_lisp
[33.716s] [  0%] Built target rosgraph_msgs_generate_messages_nodejs
[33.862s] [  0%] Built target rosgraph_msgs_generate_messages_py
[34.007s] [  0%] Built target actionlib_generate_messages_cpp
[34.221s] [  0%] Built target actionlib_generate_messages_nodejs
[34.364s] [  0%] Built target actionlib_generate_messages_py
[34.508s] [  0%] Built target tf2_msgs_generate_messages_cpp
[34.648s] [  0%] Built target tf2_msgs_generate_messages_lisp
[34.797s] [  0%] Built target tf2_msgs_generate_messages_nodejs
[34.945s] [  0%] Built target tf2_msgs_generate_messages_py
[35.146s] [100%] Built target libwaypoint_follower
[35.287s] [36mInstall the project...[0m
[35.344s] -- Install configuration: "Release"
[35.344s] -- Up-to-date: /home/capstone/autoware.ai/install/libwaypoint_follower/lib/pkgconfig/libwaypoint_follower.pc
[35.345s] -- Up-to-date: /home/capstone/autoware.ai/install/libwaypoint_follower/share/libwaypoint_follower/cmake/libwaypoint_followerConfig.cmake
[35.345s] -- Up-to-date: /home/capstone/autoware.ai/install/libwaypoint_follower/share/libwaypoint_follower/cmake/libwaypoint_followerConfig-version.cmake
[35.345s] -- Up-to-date: /home/capstone/autoware.ai/install/libwaypoint_follower/share/libwaypoint_follower/package.xml
[35.345s] -- Up-to-date: /home/capstone/autoware.ai/install/libwaypoint_follower/lib/liblibwaypoint_follower.so
[35.346s] -- Up-to-date: /home/capstone/autoware.ai/install/libwaypoint_follower/include/libwaypoint_follower
[35.346s] -- Up-to-date: /home/capstone/autoware.ai/install/libwaypoint_follower/include/libwaypoint_follower/test_libwaypoint_follower.h
[35.346s] -- Up-to-date: /home/capstone/autoware.ai/install/libwaypoint_follower/include/libwaypoint_follower/libwaypoint_follower.h
[35.346s] -- Up-to-date: /home/capstone/autoware.ai/install/libwaypoint_follower/include/libwaypoint_follower/pure_pursuit.h
