[1.178s] [  0%] Built target visualization_msgs_generate_messages_nodejs
[1.347s] [  0%] Built target nav_msgs_generate_messages_eus
[1.507s] [  0%] Built target nav_msgs_generate_messages_cpp
[1.654s] [  0%] Built target map_msgs_generate_messages_py
[1.803s] [  0%] Built target map_msgs_generate_messages_nodejs
[1.955s] [  0%] Built target map_msgs_generate_messages_lisp
[2.099s] [  0%] Built target people_msgs_generate_messages_nodejs
[2.246s] [  0%] Built target people_msgs_generate_messages_lisp
[2.444s] [  0%] Built target actionlib_msgs_generate_messages_nodejs
[2.593s] [  0%] Built target actionlib_msgs_generate_messages_lisp
[2.742s] [  0%] Built target tf_generate_messages_py
[2.891s] [  0%] Built target actionlib_msgs_generate_messages_cpp
[3.036s] [  0%] Built target pcl_msgs_generate_messages_py
[3.195s] [  0%] Built target pcl_msgs_generate_messages_lisp
[3.389s] [  0%] Built target pcl_msgs_generate_messages_nodejs
[3.533s] [  0%] Built target jsk_rviz_plugins_generate_messages_eus
[3.680s] [  0%] Built target pcl_msgs_generate_messages_eus
[3.826s] [  0%] Built target autoware_config_msgs_generate_messages_py
[3.964s] [  0%] Built target nodelet_topic_tools_gencfg
[4.111s] [  0%] Built target sensor_msgs_generate_messages_cpp
[4.263s] [  0%] Built target autoware_msgs_generate_messages_cpp
[4.445s] [  0%] Built target std_msgs_generate_messages_lisp
[4.591s] [  0%] Built target jsk_recognition_msgs_generate_messages_nodejs
[4.735s] [  0%] Built target sensor_msgs_generate_messages_nodejs
[4.879s] [  0%] Built target roscpp_generate_messages_py
[5.031s] [  0%] Built target geometry_msgs_generate_messages_nodejs
[5.180s] [  0%] Built target diagnostic_msgs_generate_messages_cpp
[5.339s] [  0%] Built target jsk_recognition_utils_gencfg
[5.519s] [  0%] Built target dynamic_reconfigure_generate_messages_eus
[5.664s] [  0%] Built target autoware_system_msgs_generate_messages_py
[5.817s] [  0%] Built target autoware_msgs_generate_messages_eus
[5.958s] [  0%] Built target geometry_msgs_generate_messages_cpp
[6.104s] [  0%] Built target std_srvs_generate_messages_cpp
[6.245s] [  0%] Built target rosgraph_msgs_generate_messages_cpp
[6.476s] [  0%] Built target actionlib_generate_messages_eus
[6.625s] [  0%] Built target std_msgs_generate_messages_cpp
[6.775s] [  0%] Built target sensor_msgs_generate_messages_eus
[6.919s] [  0%] Built target autoware_config_msgs_generate_messages_eus
[7.060s] [  0%] Built target jsk_hark_msgs_generate_messages_cpp
[7.202s] [  0%] Built target autoware_msgs_generate_messages_nodejs
[7.355s] [  0%] Built target actionlib_msgs_generate_messages_eus
[7.513s] [  0%] Built target dynamic_reconfigure_generate_messages_py
[7.658s] [  0%] Built target geometry_msgs_generate_messages_lisp
[7.805s] [  0%] Built target jsk_rviz_plugins_generate_messages_nodejs
[7.948s] [  0%] Built target rosgraph_msgs_generate_messages_lisp
[8.092s] [  0%] Built target map_msgs_generate_messages_cpp
[8.234s] [  0%] Built target autoware_msgs_generate_messages_py
[8.420s] [  0%] Built target visualization_msgs_generate_messages_cpp
[8.571s] [  0%] Built target tf_generate_messages_eus
[8.714s] [  0%] Built target velodyne_msgs_generate_messages_cpp
[8.858s] [  0%] Built target actionlib_generate_messages_lisp
[9.003s] [  0%] Built target geometry_msgs_generate_messages_eus
[9.148s] [  0%] Built target std_msgs_generate_messages_nodejs
[9.335s] [  0%] Built target nodelet_generate_messages_lisp
[9.508s] [  0%] Built target autoware_system_msgs_generate_messages_lisp
[9.657s] [  0%] Built target jsk_footstep_msgs_generate_messages_eus
[9.799s] [  0%] Built target autoware_config_msgs_generate_messages_cpp
[9.944s] [  0%] Built target jsk_footstep_msgs_generate_messages_lisp
[10.089s] [  0%] Built target topic_tools_generate_messages_eus
[10.236s] [  0%] Built target roscpp_generate_messages_nodejs
[10.423s] [  0%] Built target sensor_msgs_generate_messages_py
[10.565s] [  0%] Built target tf2_msgs_generate_messages_eus
[10.713s] [  0%] Built target geometry_msgs_generate_messages_py
[10.857s] [  0%] Built target jsk_footstep_msgs_generate_messages_py
[11.001s] [  0%] Built target autoware_system_msgs_generate_messages_cpp
[11.145s] [  0%] Built target jsk_recognition_msgs_generate_messages_eus
[11.356s] [  0%] Built target people_msgs_generate_messages_py
[11.502s] [  0%] Built target std_msgs_generate_messages_py
[11.648s] [  0%] Built target autoware_system_msgs_generate_messages_nodejs
[11.792s] [  0%] Built target autoware_config_msgs_generate_messages_nodejs
[11.941s] [  0%] Built target autoware_system_msgs_generate_messages_eus
[12.083s] [  0%] Built target autoware_msgs_generate_messages_lisp
[12.226s] [  0%] Built target topic_tools_generate_messages_cpp
[12.417s] [  0%] Built target visualization_msgs_generate_messages_py
[12.567s] [  0%] Built target rosgraph_msgs_generate_messages_eus
[12.716s] [  0%] Built target rosgraph_msgs_generate_messages_nodejs
[12.861s] [  0%] Built target jsk_recognition_msgs_generate_messages_cpp
[13.008s] [  0%] Built target autoware_config_msgs_generate_messages_lisp
[13.149s] [  0%] Built target jsk_recognition_msgs_generate_messages_lisp
[13.305s] [  0%] Built target jsk_footstep_msgs_generate_messages_cpp
[13.479s] [  0%] Built target actionlib_msgs_generate_messages_py
[13.624s] [  0%] Built target std_srvs_generate_messages_eus
[13.771s] [  0%] Built target jsk_rviz_plugins_gencfg
[13.915s] [  0%] Built target jsk_rviz_plugins_generate_messages_lisp
[14.065s] [  0%] Built target std_msgs_generate_messages_eus
[14.210s] [  0%] Built target std_srvs_generate_messages_lisp
[14.382s] [  0%] Built target roscpp_generate_messages_lisp
[14.577s] [  0%] Built target jsk_rviz_plugins_generate_messages_py
[14.722s] [  0%] Built target pcl_ros_gencfg
[14.867s] [  0%] Built target jsk_hark_msgs_generate_messages_eus
[15.011s] [  0%] Built target jsk_hark_msgs_generate_messages_py
[15.162s] [  0%] Built target actionlib_generate_messages_cpp
[15.307s] [  0%] Built target roscpp_generate_messages_cpp
[15.503s] [  0%] Built target diagnostic_msgs_generate_messages_py
[15.651s] [  0%] Built target dynamic_reconfigure_generate_messages_cpp
[15.801s] [  0%] Built target dynamic_reconfigure_generate_messages_lisp
[15.945s] [  0%] Built target nav_msgs_generate_messages_lisp
[16.088s] [  0%] Built target tf2_msgs_generate_messages_cpp
[16.231s] [  0%] Built target velodyne_msgs_generate_messages_py
[16.410s] [  0%] Built target jsk_rviz_plugins_generate_messages_cpp
[16.589s] [  0%] Built target bond_generate_messages_cpp
[16.730s] [  0%] Built target tf2_msgs_generate_messages_py
[16.873s] [  0%] Built target pcl_msgs_generate_messages_cpp
[17.023s] [  0%] Built target jsk_recognition_msgs_generate_messages_py
[17.170s] [  0%] Built target dynamic_reconfigure_gencfg
[17.347s] [  0%] Built target roscpp_generate_messages_eus
[17.533s] [  0%] Built target people_msgs_generate_messages_eus
[17.669s] [  0%] Built target sensor_msgs_generate_messages_lisp
[17.812s] [  0%] Built target tf2_msgs_generate_messages_nodejs
[17.959s] [  0%] Built target nodelet_generate_messages_cpp
[18.103s] [  0%] Built target nodelet_generate_messages_eus
[18.246s] [  0%] Built target nodelet_generate_messages_nodejs
[18.442s] [  0%] Built target jsk_hark_msgs_generate_messages_lisp
[18.597s] [  0%] Built target nodelet_generate_messages_py
[18.747s] [  0%] Built target std_srvs_generate_messages_nodejs
[18.894s] [  0%] Built target map_msgs_generate_messages_eus
[19.038s] [  0%] Built target jsk_footstep_msgs_generate_messages_nodejs
[19.181s] [  0%] Built target bond_generate_messages_eus
[19.343s] [  0%] Built target bond_generate_messages_lisp
[19.529s] [  0%] Built target bond_generate_messages_nodejs
[19.675s] [  0%] Built target bond_generate_messages_py
[19.819s] [  0%] Built target topic_tools_generate_messages_lisp
[19.966s] [  0%] Built target topic_tools_generate_messages_nodejs
[20.113s] [  0%] Built target tf_generate_messages_cpp
[20.269s] [  0%] Built target tf_generate_messages_lisp
[20.464s] [  0%] Built target topic_tools_generate_messages_py
[20.606s] [  0%] Built target tf_generate_messages_nodejs
[20.759s] [  0%] Built target std_srvs_generate_messages_py
[20.909s] [  0%] Built target actionlib_generate_messages_nodejs
[21.055s] [  0%] Built target actionlib_generate_messages_py
[21.202s] [  0%] Built target jsk_hark_msgs_generate_messages_nodejs
[21.391s] [  0%] Built target tf2_msgs_generate_messages_lisp
[21.565s] [  0%] Built target visualization_msgs_generate_messages_eus
[21.714s] [  0%] Built target dynamic_reconfigure_generate_messages_nodejs
[21.859s] [  0%] Built target people_msgs_generate_messages_cpp
[22.004s] [  0%] Built target visualization_msgs_generate_messages_lisp
[22.153s] [  0%] Built target rosgraph_msgs_generate_messages_py
[22.305s] [  0%] Built target nav_msgs_generate_messages_nodejs
[22.485s] [  0%] Built target nav_msgs_generate_messages_py
[22.631s] [  0%] Built target velodyne_pointcloud_gencfg
[22.775s] [  0%] Built target velodyne_driver_gencfg
[22.923s] [  0%] Built target diagnostic_msgs_generate_messages_eus
[23.069s] [  0%] Built target diagnostic_msgs_generate_messages_lisp
[23.217s] [  0%] Built target diagnostic_msgs_generate_messages_nodejs
[23.410s] [  0%] Built target velodyne_msgs_generate_messages_eus
[23.561s] [  0%] Built target velodyne_msgs_generate_messages_lisp
[23.706s] [  0%] Built target velodyne_msgs_generate_messages_nodejs
[23.892s] [ 10%] Built target ndt_matching_monitor_lib
[24.074s] [ 20%] Built target ndt_mapping_tku
[24.252s] [ 30%] Built target ndt_matching_monitor
[24.488s] [ 40%] Built target icp_matching
[24.680s] [ 50%] Built target ndt_matching
[24.868s] [ 60%] Built target ndt_mapping
[25.052s] [ 70%] Built target approximate_ndt_mapping
[25.219s] [ 80%] Built target queue_counter
[25.461s] [ 90%] Built target ndt_matching_tku
[25.640s] [100%] Built target mapping
[28.057s] [ 50%] Built target gtest
[28.225s] [100%] Built target test_launch_ndt_matching
[28.382s] [100%] Built target tests
[30.639s] [  0%] Built target visualization_msgs_generate_messages_nodejs
[30.782s] [  0%] Built target nav_msgs_generate_messages_eus
[30.931s] [  0%] Built target nav_msgs_generate_messages_cpp
[31.075s] [  0%] Built target map_msgs_generate_messages_py
[31.220s] [  0%] Built target map_msgs_generate_messages_nodejs
[31.434s] [  0%] Built target map_msgs_generate_messages_lisp
[31.583s] [  0%] Built target people_msgs_generate_messages_nodejs
[31.725s] [  0%] Built target people_msgs_generate_messages_lisp
[31.872s] [  0%] Built target actionlib_msgs_generate_messages_nodejs
[32.020s] [  0%] Built target actionlib_msgs_generate_messages_lisp
[32.173s] [  0%] Built target tf_generate_messages_py
[32.389s] [  0%] Built target actionlib_msgs_generate_messages_cpp
[32.561s] [  0%] Built target pcl_msgs_generate_messages_py
[32.702s] [  0%] Built target pcl_msgs_generate_messages_lisp
[32.848s] [  0%] Built target pcl_msgs_generate_messages_nodejs
[32.989s] [  0%] Built target jsk_rviz_plugins_generate_messages_eus
[33.138s] [  0%] Built target pcl_msgs_generate_messages_eus
[33.291s] [  0%] Built target autoware_config_msgs_generate_messages_py
[33.461s] [  0%] Built target nodelet_topic_tools_gencfg
[33.608s] [  0%] Built target sensor_msgs_generate_messages_cpp
[33.752s] [  0%] Built target autoware_msgs_generate_messages_cpp
[33.895s] [  0%] Built target std_msgs_generate_messages_lisp
[34.038s] [  0%] Built target jsk_recognition_msgs_generate_messages_nodejs
[34.188s] [  0%] Built target sensor_msgs_generate_messages_nodejs
[34.346s] [  0%] Built target roscpp_generate_messages_py
[34.502s] [  0%] Built target geometry_msgs_generate_messages_nodejs
[34.650s] [  0%] Built target diagnostic_msgs_generate_messages_cpp
[34.793s] [  0%] Built target jsk_recognition_utils_gencfg
[34.937s] [  0%] Built target dynamic_reconfigure_generate_messages_eus
[35.082s] [  0%] Built target autoware_system_msgs_generate_messages_py
[35.225s] [  0%] Built target autoware_msgs_generate_messages_eus
[35.404s] [  0%] Built target geometry_msgs_generate_messages_cpp
[35.556s] [  0%] Built target std_srvs_generate_messages_cpp
[35.705s] [  0%] Built target rosgraph_msgs_generate_messages_cpp
[35.859s] [  0%] Built target actionlib_generate_messages_eus
[35.999s] [  0%] Built target std_msgs_generate_messages_cpp
[36.147s] [  0%] Built target sensor_msgs_generate_messages_eus
[36.293s] [  0%] Built target autoware_config_msgs_generate_messages_eus
[36.474s] [  0%] Built target jsk_hark_msgs_generate_messages_cpp
[36.615s] [  0%] Built target autoware_msgs_generate_messages_nodejs
[36.758s] [  0%] Built target actionlib_msgs_generate_messages_eus
[36.900s] [  0%] Built target dynamic_reconfigure_generate_messages_py
[37.047s] [  0%] Built target geometry_msgs_generate_messages_lisp
[37.199s] [  0%] Built target jsk_rviz_plugins_generate_messages_nodejs
[37.425s] [  0%] Built target rosgraph_msgs_generate_messages_lisp
[37.569s] [  0%] Built target map_msgs_generate_messages_cpp
[37.719s] [  0%] Built target autoware_msgs_generate_messages_py
[37.867s] [  0%] Built target visualization_msgs_generate_messages_cpp
[38.005s] [  0%] Built target tf_generate_messages_eus
[38.147s] [  0%] Built target velodyne_msgs_generate_messages_cpp
[38.304s] [  0%] Built target actionlib_generate_messages_lisp
[38.500s] [  0%] Built target geometry_msgs_generate_messages_eus
[38.645s] [  0%] Built target std_msgs_generate_messages_nodejs
[38.788s] [  0%] Built target nodelet_generate_messages_lisp
[38.939s] [  0%] Built target autoware_system_msgs_generate_messages_lisp
[39.092s] [  0%] Built target jsk_footstep_msgs_generate_messages_eus
[39.234s] [  0%] Built target autoware_config_msgs_generate_messages_cpp
[39.441s] [  0%] Built target jsk_footstep_msgs_generate_messages_lisp
[39.586s] [  0%] Built target topic_tools_generate_messages_eus
[39.732s] [  0%] Built target roscpp_generate_messages_nodejs
[39.876s] [  0%] Built target sensor_msgs_generate_messages_py
[40.024s] [  0%] Built target tf2_msgs_generate_messages_eus
[40.169s] [  0%] Built target geometry_msgs_generate_messages_py
[40.329s] [  0%] Built target jsk_footstep_msgs_generate_messages_py
[40.513s] [  0%] Built target autoware_system_msgs_generate_messages_cpp
[40.652s] [  0%] Built target jsk_recognition_msgs_generate_messages_eus
[40.792s] [  0%] Built target people_msgs_generate_messages_py
[40.933s] [  0%] Built target std_msgs_generate_messages_py
[41.090s] [  0%] Built target autoware_system_msgs_generate_messages_nodejs
[41.232s] [  0%] Built target autoware_config_msgs_generate_messages_nodejs
[41.456s] [  0%] Built target autoware_system_msgs_generate_messages_eus
[41.601s] [  0%] Built target autoware_msgs_generate_messages_lisp
[41.744s] [  0%] Built target topic_tools_generate_messages_cpp
[41.884s] [  0%] Built target visualization_msgs_generate_messages_py
[42.028s] [  0%] Built target rosgraph_msgs_generate_messages_eus
[42.180s] [  0%] Built target rosgraph_msgs_generate_messages_nodejs
[42.362s] [  0%] Built target jsk_recognition_msgs_generate_messages_cpp
[42.533s] [  0%] Built target autoware_config_msgs_generate_messages_lisp
[42.678s] [  0%] Built target jsk_recognition_msgs_generate_messages_lisp
[42.824s] [  0%] Built target jsk_footstep_msgs_generate_messages_cpp
[42.967s] [  0%] Built target actionlib_msgs_generate_messages_py
[43.115s] [  0%] Built target std_srvs_generate_messages_eus
[43.260s] [  0%] Built target jsk_rviz_plugins_gencfg
[43.452s] [  0%] Built target jsk_rviz_plugins_generate_messages_lisp
[43.606s] [  0%] Built target std_msgs_generate_messages_eus
[43.751s] [  0%] Built target std_srvs_generate_messages_lisp
[43.893s] [  0%] Built target roscpp_generate_messages_lisp
[44.037s] [  0%] Built target jsk_rviz_plugins_generate_messages_py
[44.184s] [  0%] Built target pcl_ros_gencfg
[44.368s] [  0%] Built target jsk_hark_msgs_generate_messages_eus
[44.523s] [  0%] Built target jsk_hark_msgs_generate_messages_py
[44.672s] [  0%] Built target actionlib_generate_messages_cpp
[44.816s] [  0%] Built target roscpp_generate_messages_cpp
[44.959s] [  0%] Built target diagnostic_msgs_generate_messages_py
[45.102s] [  0%] Built target dynamic_reconfigure_generate_messages_cpp
[45.263s] [  0%] Built target dynamic_reconfigure_generate_messages_lisp
[45.466s] [  0%] Built target nav_msgs_generate_messages_lisp
[45.612s] [  0%] Built target tf2_msgs_generate_messages_cpp
[45.755s] [  0%] Built target velodyne_msgs_generate_messages_py
[45.902s] [  0%] Built target jsk_rviz_plugins_generate_messages_cpp
[46.059s] [  0%] Built target bond_generate_messages_cpp
[46.197s] [  0%] Built target tf2_msgs_generate_messages_py
[46.382s] [  0%] Built target pcl_msgs_generate_messages_cpp
[46.539s] [  0%] Built target jsk_recognition_msgs_generate_messages_py
[46.679s] [  0%] Built target dynamic_reconfigure_gencfg
[46.821s] [  0%] Built target roscpp_generate_messages_eus
[46.963s] [  0%] Built target people_msgs_generate_messages_eus
[47.109s] [  0%] Built target sensor_msgs_generate_messages_lisp
[47.258s] [  0%] Built target tf2_msgs_generate_messages_nodejs
[47.466s] [  0%] Built target nodelet_generate_messages_cpp
[47.615s] [  0%] Built target nodelet_generate_messages_eus
[47.757s] [  0%] Built target nodelet_generate_messages_nodejs
[47.901s] [  0%] Built target jsk_hark_msgs_generate_messages_lisp
[48.042s] [  0%] Built target nodelet_generate_messages_py
[48.191s] [  0%] Built target std_srvs_generate_messages_nodejs
[48.344s] [  0%] Built target map_msgs_generate_messages_eus
[48.511s] [  0%] Built target jsk_footstep_msgs_generate_messages_nodejs
[48.655s] [  0%] Built target bond_generate_messages_eus
[48.801s] [  0%] Built target bond_generate_messages_lisp
[48.949s] [  0%] Built target bond_generate_messages_nodejs
[49.092s] [  0%] Built target bond_generate_messages_py
[49.234s] [  0%] Built target topic_tools_generate_messages_lisp
[49.420s] [  0%] Built target topic_tools_generate_messages_nodejs
[49.559s] [  0%] Built target tf_generate_messages_cpp
[49.704s] [  0%] Built target tf_generate_messages_lisp
[49.846s] [  0%] Built target topic_tools_generate_messages_py
[49.989s] [  0%] Built target tf_generate_messages_nodejs
[50.131s] [  0%] Built target std_srvs_generate_messages_py
[50.280s] [  0%] Built target actionlib_generate_messages_nodejs
[50.464s] [  0%] Built target actionlib_generate_messages_py
[50.605s] [  0%] Built target jsk_hark_msgs_generate_messages_nodejs
[50.760s] [  0%] Built target tf2_msgs_generate_messages_lisp
[50.901s] [  0%] Built target visualization_msgs_generate_messages_eus
[51.049s] [  0%] Built target dynamic_reconfigure_generate_messages_nodejs
[51.196s] [  0%] Built target people_msgs_generate_messages_cpp
[51.381s] [  0%] Built target visualization_msgs_generate_messages_lisp
[51.540s] [  0%] Built target rosgraph_msgs_generate_messages_py
[51.681s] [  0%] Built target nav_msgs_generate_messages_nodejs
[51.830s] [  0%] Built target nav_msgs_generate_messages_py
[51.975s] [  0%] Built target velodyne_pointcloud_gencfg
[52.126s] [  0%] Built target velodyne_driver_gencfg
[52.273s] [  0%] Built target diagnostic_msgs_generate_messages_eus
[52.466s] [  0%] Built target diagnostic_msgs_generate_messages_lisp
[52.610s] [  0%] Built target diagnostic_msgs_generate_messages_nodejs
[52.751s] [  0%] Built target velodyne_msgs_generate_messages_eus
[52.894s] [  0%] Built target velodyne_msgs_generate_messages_lisp
[53.039s] [  0%] Built target velodyne_msgs_generate_messages_nodejs
[53.221s] [ 10%] Built target ndt_matching_monitor_lib
[53.481s] [ 20%] Built target ndt_mapping_tku
[53.675s] [ 30%] Built target ndt_matching_monitor
[53.862s] [ 40%] Built target icp_matching
[54.057s] [ 50%] Built target ndt_matching
[54.250s] [ 60%] Built target ndt_mapping
[54.488s] [ 70%] Built target approximate_ndt_mapping
[54.658s] [ 80%] Built target queue_counter
[54.837s] [ 90%] Built target ndt_matching_tku
[55.020s] [100%] Built target mapping
[55.171s] [36mInstall the project...[0m
[55.228s] -- Install configuration: "Release"
[55.228s] -- Up-to-date: /home/capstone/autoware.ai/install/lidar_localizer/lib/pkgconfig/lidar_localizer.pc
[55.228s] -- Up-to-date: /home/capstone/autoware.ai/install/lidar_localizer/share/lidar_localizer/cmake/lidar_localizerConfig.cmake
[55.229s] -- Up-to-date: /home/capstone/autoware.ai/install/lidar_localizer/share/lidar_localizer/cmake/lidar_localizerConfig-version.cmake
[55.229s] -- Up-to-date: /home/capstone/autoware.ai/install/lidar_localizer/share/lidar_localizer/package.xml
[55.229s] -- Up-to-date: /home/capstone/autoware.ai/install/lidar_localizer/lib/lidar_localizer/approximate_ndt_mapping
[55.230s] -- Up-to-date: /home/capstone/autoware.ai/install/lidar_localizer/lib/lidar_localizer/icp_matching
[55.231s] -- Up-to-date: /home/capstone/autoware.ai/install/lidar_localizer/lib/lidar_localizer/mapping
[55.233s] -- Up-to-date: /home/capstone/autoware.ai/install/lidar_localizer/lib/lidar_localizer/ndt_mapping
[55.234s] -- Up-to-date: /home/capstone/autoware.ai/install/lidar_localizer/lib/lidar_localizer/ndt_mapping_tku
[55.235s] -- Up-to-date: /home/capstone/autoware.ai/install/lidar_localizer/lib/lidar_localizer/ndt_matching
[55.236s] -- Up-to-date: /home/capstone/autoware.ai/install/lidar_localizer/lib/lidar_localizer/ndt_matching_monitor
[55.237s] -- Up-to-date: /home/capstone/autoware.ai/install/lidar_localizer/lib/libndt_matching_monitor_lib.so
[55.238s] -- Up-to-date: /home/capstone/autoware.ai/install/lidar_localizer/lib/lidar_localizer/queue_counter
[55.239s] -- Up-to-date: /home/capstone/autoware.ai/install/lidar_localizer/share/lidar_localizer/launch
[55.240s] -- Up-to-date: /home/capstone/autoware.ai/install/lidar_localizer/share/lidar_localizer/launch/ndt_matching_tku_org.launch
[55.240s] -- Up-to-date: /home/capstone/autoware.ai/install/lidar_localizer/share/lidar_localizer/launch/approximate_ndt_mapping.launch
[55.240s] -- Up-to-date: /home/capstone/autoware.ai/install/lidar_localizer/share/lidar_localizer/launch/ndt_matching_monitor.launch
[55.240s] -- Up-to-date: /home/capstone/autoware.ai/install/lidar_localizer/share/lidar_localizer/launch/ndt_matching.launch
[55.240s] -- Up-to-date: /home/capstone/autoware.ai/install/lidar_localizer/share/lidar_localizer/launch/ndt_mapping_tku.launch
[55.241s] -- Up-to-date: /home/capstone/autoware.ai/install/lidar_localizer/share/lidar_localizer/launch/icp_matching.launch
[55.241s] -- Up-to-date: /home/capstone/autoware.ai/install/lidar_localizer/share/lidar_localizer/launch/ndt_matching_tku.launch
[55.241s] -- Up-to-date: /home/capstone/autoware.ai/install/lidar_localizer/share/lidar_localizer/launch/ndt_mapping.launch
