[0.631s] [  0%] Built target tf_generate_messages_nodejs
[0.808s] [  0%] Built target dynamic_reconfigure_generate_messages_cpp
[0.978s] [  0%] Built target pcl_ros_gencfg
[1.119s] [  0%] Built target pcl_msgs_generate_messages_py
[1.265s] [  0%] Built target vector_map_msgs_generate_messages_lisp
[1.408s] [  0%] Built target pcl_msgs_generate_messages_nodejs
[1.556s] [  0%] Built target pcl_msgs_generate_messages_lisp
[1.704s] [  0%] Built target pcl_msgs_generate_messages_eus
[1.908s] [  0%] Built target pcl_msgs_generate_messages_cpp
[2.055s] [  0%] Built target visualization_msgs_generate_messages_nodejs
[2.199s] [  0%] Built target visualization_msgs_generate_messages_lisp
[2.342s] [  0%] Built target bond_generate_messages_cpp
[2.486s] [  0%] Built target dynamic_reconfigure_generate_messages_nodejs
[2.632s] [  0%] Built target tf2_msgs_generate_messages_py
[2.813s] [  0%] Built target tf2_msgs_generate_messages_nodejs
[3.006s] [  0%] Built target tf2_msgs_generate_messages_lisp
[3.149s] [  0%] Built target dynamic_reconfigure_generate_messages_lisp
[3.295s] [  0%] Built target tf2_msgs_generate_messages_cpp
[3.440s] [  0%] Built target actionlib_generate_messages_py
[3.591s] [  0%] Built target actionlib_generate_messages_nodejs
[3.738s] [  0%] Built target actionlib_generate_messages_cpp
[3.951s] [  0%] Built target rosgraph_msgs_generate_messages_nodejs
[4.103s] [  0%] Built target actionlib_msgs_generate_messages_py
[4.251s] [  0%] Built target dynamic_reconfigure_generate_messages_py
[4.398s] [  0%] Built target actionlib_msgs_generate_messages_eus
[4.540s] [  0%] Built target visualization_msgs_generate_messages_eus
[4.688s] [  0%] Built target nav_msgs_generate_messages_cpp
[4.897s] [  0%] Built target roscpp_generate_messages_eus
[5.040s] [  0%] Built target topic_tools_generate_messages_nodejs
[5.181s] [  0%] Built target nodelet_generate_messages_lisp
[5.329s] [  0%] Built target std_msgs_generate_messages_nodejs
[5.476s] [  0%] Built target geometry_msgs_generate_messages_eus
[5.620s] [  0%] Built target std_msgs_generate_messages_cpp
[5.771s] [  0%] Built target rosgraph_msgs_generate_messages_lisp
[5.944s] [  0%] Built target tf_generate_messages_eus
[6.086s] [  0%] Built target actionlib_generate_messages_eus
[6.228s] [  0%] Built target rosgraph_msgs_generate_messages_cpp
[6.373s] [  0%] Built target rosgraph_msgs_generate_messages_eus
[6.513s] [  0%] Built target std_srvs_generate_messages_py
[6.669s] [  0%] Built target roscpp_generate_messages_nodejs
[6.837s] [  0%] Built target geometry_msgs_generate_messages_lisp
[6.980s] [  0%] Built target tf_generate_messages_cpp
[7.130s] [  0%] Built target actionlib_generate_messages_lisp
[7.276s] [  0%] Built target roscpp_generate_messages_lisp
[7.421s] [  0%] Built target geometry_msgs_generate_messages_py
[7.576s] [  0%] Built target tf2_msgs_generate_messages_eus
[7.729s] [  0%] Built target sensor_msgs_generate_messages_py
[7.899s] [  0%] Built target sensor_msgs_generate_messages_nodejs
[8.046s] [  0%] Built target nodelet_topic_tools_gencfg
[8.191s] [  0%] Built target visualization_msgs_generate_messages_cpp
[8.333s] [  0%] Built target sensor_msgs_generate_messages_eus
[8.477s] [  0%] Built target sensor_msgs_generate_messages_lisp
[8.626s] [  0%] Built target std_msgs_generate_messages_lisp
[8.794s] [  0%] Built target std_srvs_generate_messages_cpp
[8.992s] [  0%] Built target nodelet_generate_messages_py
[9.136s] [  0%] Built target std_srvs_generate_messages_nodejs
[9.280s] [  0%] Built target rosgraph_msgs_generate_messages_py
[9.424s] [  0%] Built target nav_msgs_generate_messages_nodejs
[9.569s] [  0%] Built target sensor_msgs_generate_messages_cpp
[9.712s] [  0%] Built target roscpp_generate_messages_py
[9.918s] [  0%] Built target roscpp_generate_messages_cpp
[10.068s] [  0%] Built target topic_tools_generate_messages_py
[10.213s] [  0%] Built target dynamic_reconfigure_generate_messages_eus
[10.360s] [  0%] Built target geometry_msgs_generate_messages_nodejs
[10.505s] [  0%] Built target geometry_msgs_generate_messages_cpp
[10.648s] [  0%] Built target topic_tools_generate_messages_eus
[10.815s] [  0%] Built target nav_msgs_generate_messages_py
[11.039s] [  0%] Built target tf_generate_messages_lisp
[11.187s] [  0%] Built target nodelet_generate_messages_cpp
[11.333s] [  0%] Built target grid_map_msgs_generate_messages_eus
[11.482s] [  0%] Built target std_msgs_generate_messages_py
[11.628s] [  0%] Built target grid_map_msgs_generate_messages_lisp
[11.793s] [  0%] Built target grid_map_msgs_generate_messages_nodejs
[11.974s] [  0%] Built target grid_map_msgs_generate_messages_py
[12.124s] [  0%] Built target vector_map_msgs_generate_messages_eus
[12.265s] [  0%] Built target nav_msgs_generate_messages_eus
[12.409s] [  0%] Built target tf_generate_messages_py
[12.552s] [  0%] Built target std_msgs_generate_messages_eus
[12.696s] [  0%] Built target actionlib_msgs_generate_messages_nodejs
[12.865s] [  0%] Built target actionlib_msgs_generate_messages_lisp
[13.033s] [  0%] Built target nav_msgs_generate_messages_lisp
[13.181s] [  0%] Built target topic_tools_generate_messages_lisp
[13.324s] [  0%] Built target actionlib_msgs_generate_messages_cpp
[13.468s] [  0%] Built target std_srvs_generate_messages_eus
[13.614s] [  0%] Built target std_srvs_generate_messages_lisp
[13.771s] [  0%] Built target visualization_msgs_generate_messages_py
[13.966s] [  0%] Built target grid_map_msgs_generate_messages_cpp
[14.113s] [  0%] Built target topic_tools_generate_messages_cpp
[14.256s] [  0%] Built target dynamic_reconfigure_gencfg
[14.404s] [  0%] Built target nodelet_generate_messages_eus
[14.546s] [  0%] Built target nodelet_generate_messages_nodejs
[14.692s] [  0%] Built target bond_generate_messages_eus
[14.881s] [  0%] Built target bond_generate_messages_lisp
[15.094s] [  0%] Built target bond_generate_messages_nodejs
[15.241s] [  0%] Built target bond_generate_messages_py
[15.387s] [  0%] Built target vector_map_msgs_generate_messages_cpp
[15.536s] [  0%] Built target vector_map_msgs_generate_messages_nodejs
[15.684s] [  0%] Built target vector_map_msgs_generate_messages_py
[15.929s] [ 50%] Built target road_occupancy_processor_lib
[16.125s] [100%] Built target road_occupancy_processor
[17.693s] Built target tests
[19.268s] [  0%] Built target tf_generate_messages_nodejs
[19.413s] [  0%] Built target dynamic_reconfigure_generate_messages_cpp
[19.557s] [  0%] Built target pcl_ros_gencfg
[19.702s] [  0%] Built target pcl_msgs_generate_messages_py
[19.897s] [  0%] Built target vector_map_msgs_generate_messages_lisp
[20.061s] [  0%] Built target pcl_msgs_generate_messages_nodejs
[20.207s] [  0%] Built target pcl_msgs_generate_messages_lisp
[20.348s] [  0%] Built target pcl_msgs_generate_messages_eus
[20.497s] [  0%] Built target pcl_msgs_generate_messages_cpp
[20.640s] [  0%] Built target visualization_msgs_generate_messages_nodejs
[20.806s] [  0%] Built target visualization_msgs_generate_messages_lisp
[20.950s] [  0%] Built target bond_generate_messages_cpp
[21.096s] [  0%] Built target dynamic_reconfigure_generate_messages_nodejs
[21.241s] [  0%] Built target tf2_msgs_generate_messages_py
[21.388s] [  0%] Built target tf2_msgs_generate_messages_nodejs
[21.536s] [  0%] Built target tf2_msgs_generate_messages_lisp
[21.690s] [  0%] Built target dynamic_reconfigure_generate_messages_lisp
[21.924s] [  0%] Built target tf2_msgs_generate_messages_cpp
[22.067s] [  0%] Built target actionlib_generate_messages_py
[22.209s] [  0%] Built target actionlib_generate_messages_nodejs
[22.351s] [  0%] Built target actionlib_generate_messages_cpp
[22.497s] [  0%] Built target rosgraph_msgs_generate_messages_nodejs
[22.643s] [  0%] Built target actionlib_msgs_generate_messages_py
[22.817s] [  0%] Built target dynamic_reconfigure_generate_messages_py
[23.002s] [  0%] Built target actionlib_msgs_generate_messages_eus
[23.151s] [  0%] Built target visualization_msgs_generate_messages_eus
[23.297s] [  0%] Built target nav_msgs_generate_messages_cpp
[23.446s] [  0%] Built target roscpp_generate_messages_eus
[23.591s] [  0%] Built target topic_tools_generate_messages_nodejs
[23.740s] [  0%] Built target nodelet_generate_messages_lisp
[23.932s] [  0%] Built target std_msgs_generate_messages_nodejs
[24.081s] [  0%] Built target geometry_msgs_generate_messages_eus
[24.228s] [  0%] Built target std_msgs_generate_messages_cpp
[24.373s] [  0%] Built target rosgraph_msgs_generate_messages_lisp
[24.523s] [  0%] Built target tf_generate_messages_eus
[24.667s] [  0%] Built target actionlib_generate_messages_eus
[24.855s] [  0%] Built target rosgraph_msgs_generate_messages_cpp
[25.004s] [  0%] Built target rosgraph_msgs_generate_messages_eus
[25.146s] [  0%] Built target std_srvs_generate_messages_py
[25.292s] [  0%] Built target roscpp_generate_messages_nodejs
[25.432s] [  0%] Built target geometry_msgs_generate_messages_lisp
[25.576s] [  0%] Built target tf_generate_messages_cpp
[25.731s] [  0%] Built target actionlib_generate_messages_lisp
[25.907s] [  0%] Built target roscpp_generate_messages_lisp
[26.049s] [  0%] Built target geometry_msgs_generate_messages_py
[26.195s] [  0%] Built target tf2_msgs_generate_messages_eus
[26.340s] [  0%] Built target sensor_msgs_generate_messages_py
[26.486s] [  0%] Built target sensor_msgs_generate_messages_nodejs
[26.631s] [  0%] Built target nodelet_topic_tools_gencfg
[26.798s] [  0%] Built target visualization_msgs_generate_messages_cpp
[26.956s] [  0%] Built target sensor_msgs_generate_messages_eus
[27.098s] [  0%] Built target sensor_msgs_generate_messages_lisp
[27.243s] [  0%] Built target std_msgs_generate_messages_lisp
[27.388s] [  0%] Built target std_srvs_generate_messages_cpp
[27.531s] [  0%] Built target nodelet_generate_messages_py
[27.675s] [  0%] Built target std_srvs_generate_messages_nodejs
[27.867s] [  0%] Built target rosgraph_msgs_generate_messages_py
[28.029s] [  0%] Built target nav_msgs_generate_messages_nodejs
[28.175s] [  0%] Built target sensor_msgs_generate_messages_cpp
[28.319s] [  0%] Built target roscpp_generate_messages_py
[28.461s] [  0%] Built target roscpp_generate_messages_cpp
[28.609s] [  0%] Built target topic_tools_generate_messages_py
[28.778s] [  0%] Built target dynamic_reconfigure_generate_messages_eus
[28.969s] [  0%] Built target geometry_msgs_generate_messages_nodejs
[29.114s] [  0%] Built target geometry_msgs_generate_messages_cpp
[29.258s] [  0%] Built target topic_tools_generate_messages_eus
[29.403s] [  0%] Built target nav_msgs_generate_messages_py
[29.546s] [  0%] Built target tf_generate_messages_lisp
[29.689s] [  0%] Built target nodelet_generate_messages_cpp
[29.912s] [  0%] Built target grid_map_msgs_generate_messages_eus
[30.066s] [  0%] Built target std_msgs_generate_messages_py
[30.219s] [  0%] Built target grid_map_msgs_generate_messages_lisp
[30.364s] [  0%] Built target grid_map_msgs_generate_messages_nodejs
[30.512s] [  0%] Built target grid_map_msgs_generate_messages_py
[30.661s] [  0%] Built target vector_map_msgs_generate_messages_eus
[30.898s] [  0%] Built target nav_msgs_generate_messages_eus
[31.055s] [  0%] Built target tf_generate_messages_py
[31.201s] [  0%] Built target std_msgs_generate_messages_eus
[31.348s] [  0%] Built target actionlib_msgs_generate_messages_nodejs
[31.499s] [  0%] Built target actionlib_msgs_generate_messages_lisp
[31.648s] [  0%] Built target nav_msgs_generate_messages_lisp
[31.827s] [  0%] Built target topic_tools_generate_messages_lisp
[31.980s] [  0%] Built target actionlib_msgs_generate_messages_cpp
[32.129s] [  0%] Built target std_srvs_generate_messages_eus
[32.272s] [  0%] Built target std_srvs_generate_messages_lisp
[32.431s] [  0%] Built target visualization_msgs_generate_messages_py
[32.580s] [  0%] Built target grid_map_msgs_generate_messages_cpp
[32.726s] [  0%] Built target topic_tools_generate_messages_cpp
[32.978s] [  0%] Built target dynamic_reconfigure_gencfg
[33.120s] [  0%] Built target nodelet_generate_messages_eus
[33.260s] [  0%] Built target nodelet_generate_messages_nodejs
[33.406s] [  0%] Built target bond_generate_messages_eus
[33.542s] [  0%] Built target bond_generate_messages_lisp
[33.686s] [  0%] Built target bond_generate_messages_nodejs
[33.882s] [  0%] Built target bond_generate_messages_py
[34.029s] [  0%] Built target vector_map_msgs_generate_messages_cpp
[34.173s] [  0%] Built target vector_map_msgs_generate_messages_nodejs
[34.324s] [  0%] Built target vector_map_msgs_generate_messages_py
[34.520s] [ 50%] Built target road_occupancy_processor_lib
[34.727s] [100%] Built target road_occupancy_processor
[34.913s] [36mInstall the project...[0m
[34.984s] -- Install configuration: "Release"
[34.985s] -- Up-to-date: /home/capstone/autoware.ai/install/road_occupancy_processor/lib/pkgconfig/road_occupancy_processor.pc
[34.985s] -- Up-to-date: /home/capstone/autoware.ai/install/road_occupancy_processor/share/road_occupancy_processor/cmake/road_occupancy_processorConfig.cmake
[34.985s] -- Up-to-date: /home/capstone/autoware.ai/install/road_occupancy_processor/share/road_occupancy_processor/cmake/road_occupancy_processorConfig-version.cmake
[34.986s] -- Up-to-date: /home/capstone/autoware.ai/install/road_occupancy_processor/share/road_occupancy_processor/package.xml
[34.986s] -- Up-to-date: /home/capstone/autoware.ai/install/road_occupancy_processor/lib/road_occupancy_processor/road_occupancy_processor
[34.987s] -- Up-to-date: /home/capstone/autoware.ai/install/road_occupancy_processor/lib/libroad_occupancy_processor_lib.so
[34.987s] -- Up-to-date: /home/capstone/autoware.ai/install/road_occupancy_processor/include/road_occupancy_processor
[34.987s] -- Up-to-date: /home/capstone/autoware.ai/install/road_occupancy_processor/include/road_occupancy_processor/road_occupancy_processor.h
[34.987s] -- Up-to-date: /home/capstone/autoware.ai/install/road_occupancy_processor/share/road_occupancy_processor/launch
[34.987s] -- Up-to-date: /home/capstone/autoware.ai/install/road_occupancy_processor/share/road_occupancy_processor/launch/road_occupancy_processor.launch
