[0.540s] -- The C compiler identification is GNU 7.5.0
[0.782s] -- The CXX compiler identification is GNU 7.5.0
[0.798s] -- Check for working C compiler: /usr/bin/cc
[1.190s] -- Check for working C compiler: /usr/bin/cc -- works
[1.192s] -- Detecting C compiler ABI info
[1.620s] -- Detecting C compiler ABI info - done
[1.643s] -- Detecting C compile features
[2.851s] -- Detecting C compile features - done
[2.858s] -- Check for working CXX compiler: /usr/bin/c++
[3.321s] -- Check for working CXX compiler: /usr/bin/c++ -- works
[3.323s] -- Detecting CXX compiler ABI info
[3.754s] -- Detecting CXX compiler ABI info - done
[3.781s] -- Detecting CXX compile features
[5.804s] -- Detecting CXX compile features - done
[5.809s] -- CUDA compilation status: 1.
[5.842s] -- Using CATKIN_DEVEL_PREFIX: /home/capstone/autoware.ai/build/amathutils_lib/devel
[5.842s] -- Using CMAKE_PREFIX_PATH: /home/capstone/autoware.ai/install/autoware_msgs;/home/capstone/autoware.ai/install/autoware_build_flags;/home/capstone/autoware.ai/install/wf_simulator;/home/capstone/autoware.ai/install/vision_ssd_detect;/home/capstone/autoware.ai/install/vision_segment_enet_detect;/home/capstone/autoware.ai/install/vision_lane_detect;/home/capstone/autoware.ai/install/vision_darknet_detect;/home/capstone/autoware.ai/install/vision_beyond_track;/home/capstone/autoware.ai/install/vel_pose_diff_checker;/home/capstone/autoware.ai/install/vehicle_socket;/home/capstone/autoware.ai/install/vehicle_sim_model;/home/capstone/autoware.ai/install/vehicle_model;/home/capstone/autoware.ai/install/vehicle_gazebo_simulation_launcher;/home/capstone/autoware.ai/install/vehicle_gazebo_simulation_interface;/home/capstone/autoware.ai/install/vehicle_engage_panel;/home/capstone/autoware.ai/install/vehicle_description;/home/capstone/autoware.ai/install/op_ros_helpers;/home/capstone/autoware.ai/install/op_simu;/home/capstone/autoware.ai/install/op_planner;/home/capstone/autoware.ai/install/op_utility;/home/capstone/autoware.ai/install/vector_map_server;/home/capstone/autoware.ai/install/object_map;/home/capstone/autoware.ai/install/lanelet_aisan_converter;/home/capstone/autoware.ai/install/map_file;/home/capstone/autoware.ai/install/libvectormap;/home/capstone/autoware.ai/install/vector_map;/home/capstone/autoware.ai/install/vector_map_msgs;/home/capstone/autoware.ai/install/twist_generator;/home/capstone/autoware.ai/install/twist2odom;/home/capstone/autoware.ai/install/runtime_manager;/home/capstone/autoware.ai/install/tablet_socket_msgs;/home/capstone/autoware.ai/install/sound_player;/home/capstone/autoware.ai/install/points2image;/home/capstone/autoware.ai/install/rosinterface;/home/capstone/autoware.ai/install/rosbag_controller;/home/capstone/autoware.ai/install/points_preprocessor;/home/capstone/autoware.ai/install/lidar_localizer;/home/capstone/autoware.ai/install/emergency_handler;/home/capstone/autoware.ai/install/autoware_health_checker;/home/capstone/autoware.ai/install/ros_observer;/home/capstone/autoware.ai/install/range_vision_fusion;/home/capstone/autoware.ai/install/pos_db;/home/capstone/autoware.ai/install/points_downsampler;/home/capstone/autoware.ai/install/pixel_cloud_fusion;/home/capstone/autoware.ai/install/pcl_omp_registration;/home/capstone/autoware.ai/install/pc2_downsampler;/home/capstone/autoware.ai/install/obj_db;/home/capstone/autoware.ai/install/nmea_navsat;/home/capstone/autoware.ai/install/ndt_tku;/home/capstone/autoware.ai/install/ndt_gpu;/home/capstone/autoware.ai/install/ndt_cpu;/home/capstone/autoware.ai/install/multi_lidar_calibrator;/home/capstone/autoware.ai/install/mrt_cmake_modules;/home/capstone/autoware.ai/install/marker_downsampler;/home/capstone/autoware.ai/install/map_tools;/home/capstone/autoware.ai/install/map_tf_generator;/home/capstone/autoware.ai/install/log_tools;/home/capstone/autoware.ai/install/libwaypoint_follower;/home/capstone/autoware.ai/install/lgsvl_simulator_bridge;/home/capstone/autoware.ai/install/lanelet2_extension;/home/capstone/autoware.ai/install/lanelet2_validation;/home/capstone/autoware.ai/install/lanelet2_examples;/home/capstone/autoware.ai/install/lanelet2_python;/home/capstone/autoware.ai/install/lanelet2_routing;/home/capstone/autoware.ai/install/lanelet2_traffic_rules;/home/capstone/autoware.ai/install/lanelet2_projection;/home/capstone/autoware.ai/install/lanelet2_maps;/home/capstone/autoware.ai/install/lanelet2_io;/home/capstone/autoware.ai/install/lanelet2_core;/home/capstone/autoware.ai/install/integrated_viewer;/home/capstone/autoware.ai/install/image_processor;/home/capstone/autoware.ai/install/graph_tools;/home/capstone/autoware.ai/install/gnss_localizer;/home/capstone/autoware.ai/install/gnss;/home/capstone/autoware.ai/install/glviewer;/home/capstone/autoware.ai/install/gazebo_world_description;/home/capstone/autoware.ai/install/gazebo_imu_description;/home/capstone/autoware.ai/install/gazebo_camera_description;/home/capstone/autoware.ai/install/fastvirtualscan;/home/capstone/autoware.ai/install/ekf_localizer;/home/capstone/autoware.ai/install/detected_objects_visualizer;/home/capstone/autoware.ai/install/decision_maker_panel;/home/capstone/autoware.ai/install/data_preprocessor;/home/capstone/autoware.ai/install/carla_autoware_bridge;/home/capstone/autoware.ai/install/calibration_publisher;/home/capstone/autoware.ai/install/autoware_system_msgs;/home/capstone/autoware.ai/install/autoware_rviz_plugins;/home/capstone/autoware.ai/install/autoware_quickstart_examples;/home/capstone/autoware.ai/install/autoware_pointgrey_drivers;/home/capstone/autoware.ai/install/autoware_driveworks_interface;/home/capstone/autoware.ai/install/autoware_connector;/home/capstone/autoware.ai/install/autoware_camera_lidar_calibrator;/home/capstone/autoware.ai/install/amathutils_lib;/home/capstone/autoware.ai/install/autoware_map_msgs;/home/capstone/autoware.ai/install/autoware_launcher_rviz;/home/capstone/autoware.ai/install/autoware_launcher;/home/capstone/autoware.ai/install/autoware_lanelet2_msgs;/home/capstone/autoware.ai/install/autoware_external_msgs;/home/capstone/autoware.ai/install/autoware_driveworks_gmsl_interface;/home/capstone/autoware.ai/install/autoware_config_msgs;/home/capstone/autoware.ai/install/autoware_can_msgs;/home/capstone/autoware.ai/install/autoware_bag_tools;/opt/carla-ros-bridge/melodic;/opt/ros/melodic
[5.847s] -- This workspace overlays: /home/capstone/autoware.ai/install/autoware_msgs;/home/capstone/autoware.ai/install/autoware_build_flags;/home/capstone/autoware.ai/install/vehicle_sim_model;/home/capstone/autoware.ai/install/vector_map_msgs;/home/capstone/autoware.ai/install/tablet_socket_msgs;/home/capstone/autoware.ai/install/rosinterface;/home/capstone/autoware.ai/install/ros_observer;/home/capstone/autoware.ai/install/pcl_omp_registration;/home/capstone/autoware.ai/install/ndt_tku;/home/capstone/autoware.ai/install/ndt_cpu;/home/capstone/autoware.ai/install/mrt_cmake_modules;/home/capstone/autoware.ai/install/graph_tools;/home/capstone/autoware.ai/install/gnss;/home/capstone/autoware.ai/install/gazebo_world_description;/home/capstone/autoware.ai/install/gazebo_imu_description;/home/capstone/autoware.ai/install/gazebo_camera_description;/home/capstone/autoware.ai/install/fastvirtualscan;/home/capstone/autoware.ai/install/autoware_system_msgs;/home/capstone/autoware.ai/install/autoware_quickstart_examples;/home/capstone/autoware.ai/install/autoware_launcher;/home/capstone/autoware.ai/install/autoware_lanelet2_msgs;/home/capstone/autoware.ai/install/autoware_external_msgs;/home/capstone/autoware.ai/install/autoware_config_msgs;/home/capstone/autoware.ai/install/autoware_can_msgs;/home/capstone/autoware.ai/install/autoware_bag_tools;/opt/carla-ros-bridge/melodic;/opt/ros/melodic
[5.956s] -- Found PythonInterp: /usr/bin/python2 (found suitable version "2.7.17", minimum required is "2") 
[5.956s] -- Using PYTHON_EXECUTABLE: /usr/bin/python2
[5.957s] -- Using Debian Python package layout
[5.960s] -- Using empy: /usr/bin/empy
[6.360s] -- Using CATKIN_ENABLE_TESTING: ON
[6.362s] -- Call enable_testing()
[6.400s] -- Using CATKIN_TEST_RESULTS_DIR: /home/capstone/autoware.ai/build/amathutils_lib/test_results
[6.498s] -- Found gtest sources under '/usr/src/googletest': gtests will be built
[6.498s] -- Found gmock sources under '/usr/src/googletest': gmock will be built
[6.577s] -- Found PythonInterp: /usr/bin/python2 (found version "2.7.17") 
[6.580s] -- Looking for pthread.h
[7.015s] -- Looking for pthread.h - found
[7.032s] -- Looking for pthread_create
[7.487s] -- Looking for pthread_create - not found
[7.488s] -- Looking for pthread_create in pthreads
[7.968s] -- Looking for pthread_create in pthreads - not found
[7.969s] -- Looking for pthread_create in pthread
[8.459s] -- Looking for pthread_create in pthread - found
[8.465s] -- Found Threads: TRUE  
[8.476s] -- Using Python nosetests: /usr/bin/nosetests-2.7
[8.652s] -- catkin 0.7.23
[8.652s] -- BUILD_SHARED_LIBS is on
[9.929s] -- Using these message generators: gencpp;geneus;genlisp;gennodejs;genpy
[11.457s] -- Configuring done
[11.828s] -- Generating done
[11.894s] -- Build files have been written to: /home/capstone/autoware.ai/build/amathutils_lib
[12.258s] [35m[1mScanning dependencies of target tf_generate_messages_lisp[0m
[12.355s] [  0%] Built target tf_generate_messages_lisp
[12.447s] [35m[1mScanning dependencies of target jsk_recognition_msgs_generate_messages_eus[0m
[12.532s] [  0%] Built target jsk_recognition_msgs_generate_messages_eus
[12.594s] [35m[1mScanning dependencies of target std_msgs_generate_messages_py[0m
[12.668s] [  0%] Built target std_msgs_generate_messages_py
[12.754s] [35m[1mScanning dependencies of target jsk_recognition_msgs_generate_messages_cpp[0m
[12.856s] [  0%] Built target jsk_recognition_msgs_generate_messages_cpp
[12.971s] [35m[1mScanning dependencies of target geometry_msgs_generate_messages_lisp[0m
[13.042s] [  0%] Built target geometry_msgs_generate_messages_lisp
[13.111s] [35m[1mScanning dependencies of target autoware_msgs_generate_messages_eus[0m
[13.201s] [  0%] Built target autoware_msgs_generate_messages_eus
[13.279s] [35m[1mScanning dependencies of target std_msgs_generate_messages_nodejs[0m
[13.369s] [  0%] Built target std_msgs_generate_messages_nodejs
[13.466s] [35m[1mScanning dependencies of target geometry_msgs_generate_messages_eus[0m
[13.573s] [  0%] Built target geometry_msgs_generate_messages_eus
[13.649s] [35m[1mScanning dependencies of target std_msgs_generate_messages_cpp[0m
[13.729s] [  0%] Built target std_msgs_generate_messages_cpp
[13.823s] [35m[1mScanning dependencies of target jsk_footstep_msgs_generate_messages_py[0m
[13.905s] [  0%] Built target jsk_footstep_msgs_generate_messages_py
[13.986s] [35m[1mScanning dependencies of target geometry_msgs_generate_messages_py[0m
[14.073s] [  0%] Built target geometry_msgs_generate_messages_py
[14.165s] [35m[1mScanning dependencies of target tf2_msgs_generate_messages_eus[0m
[14.301s] [  0%] Built target tf2_msgs_generate_messages_eus
[14.364s] [35m[1mScanning dependencies of target sensor_msgs_generate_messages_py[0m
[14.453s] [  0%] Built target sensor_msgs_generate_messages_py
[14.563s] [35m[1mScanning dependencies of target jsk_footstep_msgs_generate_messages_lisp[0m
[14.650s] [  0%] Built target jsk_footstep_msgs_generate_messages_lisp
[14.753s] [35m[1mScanning dependencies of target autoware_msgs_generate_messages_nodejs[0m
[14.851s] [  0%] Built target autoware_msgs_generate_messages_nodejs
[14.924s] [35m[1mScanning dependencies of target actionlib_msgs_generate_messages_eus[0m
[15.029s] [  0%] Built target actionlib_msgs_generate_messages_eus
[15.125s] [35m[1mScanning dependencies of target tf_generate_messages_eus[0m
[15.198s] [  0%] Built target tf_generate_messages_eus
[15.305s] [35m[1mScanning dependencies of target autoware_msgs_generate_messages_py[0m
[15.385s] [  0%] Built target autoware_msgs_generate_messages_py
[15.458s] [35m[1mScanning dependencies of target rosgraph_msgs_generate_messages_lisp[0m
[15.542s] [  0%] Built target rosgraph_msgs_generate_messages_lisp
[15.618s] [35m[1mScanning dependencies of target rosgraph_msgs_generate_messages_py[0m
[15.696s] [  0%] Built target rosgraph_msgs_generate_messages_py
[15.776s] [35m[1mScanning dependencies of target sensor_msgs_generate_messages_lisp[0m
[15.859s] [  0%] Built target sensor_msgs_generate_messages_lisp
[15.958s] [35m[1mScanning dependencies of target sensor_msgs_generate_messages_eus[0m
[16.060s] [  0%] Built target sensor_msgs_generate_messages_eus
[16.136s] [35m[1mScanning dependencies of target roscpp_generate_messages_cpp[0m
[16.213s] [  0%] Built target roscpp_generate_messages_cpp
[16.283s] [35m[1mScanning dependencies of target autoware_msgs_generate_messages_lisp[0m
[16.362s] [  0%] Built target autoware_msgs_generate_messages_lisp
[16.437s] [35m[1mScanning dependencies of target sensor_msgs_generate_messages_cpp[0m
[16.565s] [  0%] Built target sensor_msgs_generate_messages_cpp
[16.647s] [35m[1mScanning dependencies of target pcl_msgs_generate_messages_cpp[0m
[16.747s] [  0%] Built target pcl_msgs_generate_messages_cpp
[16.826s] [35m[1mScanning dependencies of target jsk_recognition_msgs_generate_messages_py[0m
[16.925s] [  0%] Built target jsk_recognition_msgs_generate_messages_py
[16.998s] [35m[1mScanning dependencies of target std_msgs_generate_messages_lisp[0m
[17.095s] [  0%] Built target std_msgs_generate_messages_lisp
[17.169s] [35m[1mScanning dependencies of target autoware_msgs_generate_messages_cpp[0m
[17.267s] [  0%] Built target autoware_msgs_generate_messages_cpp
[17.363s] [35m[1mScanning dependencies of target jsk_footstep_msgs_generate_messages_eus[0m
[17.484s] [  0%] Built target jsk_footstep_msgs_generate_messages_eus
[17.557s] [35m[1mScanning dependencies of target actionlib_generate_messages_lisp[0m
[17.639s] [  0%] Built target actionlib_generate_messages_lisp
[17.734s] [35m[1mScanning dependencies of target _catkin_empty_exported_target[0m
[17.814s] [  0%] Built target _catkin_empty_exported_target
[17.882s] [35m[1mScanning dependencies of target roscpp_generate_messages_lisp[0m
[17.957s] [  0%] Built target roscpp_generate_messages_lisp
[18.032s] [35m[1mScanning dependencies of target geometry_msgs_generate_messages_nodejs[0m
[18.142s] [  0%] Built target geometry_msgs_generate_messages_nodejs
[18.226s] [35m[1mScanning dependencies of target geometry_msgs_generate_messages_cpp[0m
[18.339s] [  0%] Built target geometry_msgs_generate_messages_cpp
[18.442s] [35m[1mScanning dependencies of target pcl_msgs_generate_messages_eus[0m
[18.567s] [  0%] Built target pcl_msgs_generate_messages_eus
[18.641s] [35m[1mScanning dependencies of target pcl_msgs_generate_messages_nodejs[0m
[18.712s] [  0%] Built target pcl_msgs_generate_messages_nodejs
[18.828s] [35m[1mScanning dependencies of target pcl_msgs_generate_messages_lisp[0m
[18.890s] [  0%] Built target pcl_msgs_generate_messages_lisp
[18.979s] [35m[1mScanning dependencies of target pcl_msgs_generate_messages_py[0m
[19.051s] [  0%] Built target pcl_msgs_generate_messages_py
[19.119s] [35m[1mScanning dependencies of target sensor_msgs_generate_messages_nodejs[0m
[19.222s] [  0%] Built target sensor_msgs_generate_messages_nodejs
[19.334s] [35m[1mScanning dependencies of target jsk_footstep_msgs_generate_messages_nodejs[0m
[19.412s] [  0%] Built target jsk_footstep_msgs_generate_messages_nodejs
[19.519s] [35m[1mScanning dependencies of target actionlib_msgs_generate_messages_cpp[0m
[19.594s] [  0%] Built target actionlib_msgs_generate_messages_cpp
[19.685s] [35m[1mScanning dependencies of target tf_generate_messages_py[0m
[19.763s] [  0%] Built target tf_generate_messages_py
[19.847s] [35m[1mScanning dependencies of target std_msgs_generate_messages_eus[0m
[19.923s] [  0%] Built target std_msgs_generate_messages_eus
[19.995s] [35m[1mScanning dependencies of target actionlib_msgs_generate_messages_lisp[0m
[20.083s] [  0%] Built target actionlib_msgs_generate_messages_lisp
[20.209s] [35m[1mScanning dependencies of target actionlib_msgs_generate_messages_nodejs[0m
[20.318s] [  0%] Built target actionlib_msgs_generate_messages_nodejs
[20.415s] [35m[1mScanning dependencies of target actionlib_msgs_generate_messages_py[0m
[20.516s] [  0%] Built target actionlib_msgs_generate_messages_py
[20.615s] [35m[1mScanning dependencies of target rosgraph_msgs_generate_messages_nodejs[0m
[20.707s] [  0%] Built target rosgraph_msgs_generate_messages_nodejs
[20.817s] [35m[1mScanning dependencies of target roscpp_generate_messages_eus[0m
[20.929s] [  0%] Built target roscpp_generate_messages_eus
[20.998s] [35m[1mScanning dependencies of target jsk_footstep_msgs_generate_messages_cpp[0m
[21.103s] [  0%] Built target jsk_footstep_msgs_generate_messages_cpp
[21.286s] [35m[1mScanning dependencies of target roscpp_generate_messages_nodejs[0m
[21.461s] [  0%] Built target roscpp_generate_messages_nodejs
[21.560s] [35m[1mScanning dependencies of target jsk_recognition_msgs_generate_messages_nodejs[0m
[21.681s] [  0%] Built target jsk_recognition_msgs_generate_messages_nodejs
[21.860s] [35m[1mScanning dependencies of target roscpp_generate_messages_py[0m
[21.970s] [  0%] Built target roscpp_generate_messages_py
[22.105s] [35m[1mScanning dependencies of target actionlib_generate_messages_eus[0m
[22.208s] [  0%] Built target actionlib_generate_messages_eus
[22.287s] [35m[1mScanning dependencies of target rosgraph_msgs_generate_messages_cpp[0m
[22.435s] [  0%] Built target rosgraph_msgs_generate_messages_cpp
[22.533s] [35m[1mScanning dependencies of target rosgraph_msgs_generate_messages_eus[0m
[22.607s] [  0%] Built target rosgraph_msgs_generate_messages_eus
[22.683s] [35m[1mScanning dependencies of target tf_generate_messages_cpp[0m
[22.763s] [  0%] Built target tf_generate_messages_cpp
[22.858s] [35m[1mScanning dependencies of target jsk_recognition_msgs_generate_messages_lisp[0m
[22.940s] [  0%] Built target jsk_recognition_msgs_generate_messages_lisp
[23.035s] [35m[1mScanning dependencies of target tf_generate_messages_nodejs[0m
[23.130s] [  0%] Built target tf_generate_messages_nodejs
[23.211s] [35m[1mScanning dependencies of target actionlib_generate_messages_cpp[0m
[23.276s] [  0%] Built target actionlib_generate_messages_cpp
[23.342s] [35m[1mScanning dependencies of target actionlib_generate_messages_nodejs[0m
[23.429s] [  0%] Built target actionlib_generate_messages_nodejs
[23.506s] [35m[1mScanning dependencies of target actionlib_generate_messages_py[0m
[23.593s] [  0%] Built target actionlib_generate_messages_py
[23.673s] [35m[1mScanning dependencies of target tf2_msgs_generate_messages_cpp[0m
[23.778s] [  0%] Built target tf2_msgs_generate_messages_cpp
[23.868s] [35m[1mScanning dependencies of target tf2_msgs_generate_messages_lisp[0m
[23.930s] [  0%] Built target tf2_msgs_generate_messages_lisp
[24.028s] [35m[1mScanning dependencies of target tf2_msgs_generate_messages_nodejs[0m
[24.091s] [  0%] Built target tf2_msgs_generate_messages_nodejs
[24.164s] [35m[1mScanning dependencies of target tf2_msgs_generate_messages_py[0m
[24.237s] [  0%] Built target tf2_msgs_generate_messages_py
[24.313s] [35m[1mScanning dependencies of target amathutils_lib[0m
[24.433s] [ 20%] [32mBuilding CXX object CMakeFiles/amathutils_lib.dir/src/Amathutils.cpp.o[0m
[29.684s] [ 40%] [32mBuilding CXX object CMakeFiles/amathutils_lib.dir/src/butterworth_filter.cpp.o[0m
[31.221s] [ 60%] [32mBuilding CXX object CMakeFiles/amathutils_lib.dir/src/time_delay_kalman_filter.cpp.o[0m
[35.072s] [ 80%] [32mBuilding CXX object CMakeFiles/amathutils_lib.dir/src/kalman_filter.cpp.o[0m
[42.300s] [100%] [32m[1mLinking CXX shared library devel/lib/libamathutils_lib.so[0m
[42.656s] [100%] Built target amathutils_lib
[45.523s] [35m[1mScanning dependencies of target gtest[0m
[45.620s] [  6%] [32mBuilding CXX object gtest/googlemock/gtest/CMakeFiles/gtest.dir/src/gtest-all.cc.o[0m
[55.265s] [ 12%] [32m[1mLinking CXX shared library libgtest.so[0m
[55.551s] [ 12%] Built target gtest
[55.717s] [ 12%] Built target tf_generate_messages_cpp
[55.857s] [ 12%] Built target jsk_recognition_msgs_generate_messages_eus
[56.045s] [ 12%] Built target std_msgs_generate_messages_py
[56.204s] [ 12%] Built target jsk_recognition_msgs_generate_messages_cpp
[56.396s] [ 12%] Built target geometry_msgs_generate_messages_lisp
[56.553s] [ 12%] Built target autoware_msgs_generate_messages_eus
[56.729s] [ 12%] Built target std_msgs_generate_messages_nodejs
[56.887s] [ 12%] Built target geometry_msgs_generate_messages_eus
[57.046s] [ 12%] Built target std_msgs_generate_messages_cpp
[57.205s] [ 12%] Built target jsk_footstep_msgs_generate_messages_py
[57.372s] [ 12%] Built target geometry_msgs_generate_messages_py
[57.519s] [ 12%] Built target tf2_msgs_generate_messages_eus
[57.666s] [ 12%] Built target sensor_msgs_generate_messages_py
[57.826s] [ 12%] Built target jsk_footstep_msgs_generate_messages_lisp
[57.994s] [ 12%] Built target autoware_msgs_generate_messages_nodejs
[58.153s] [ 12%] Built target actionlib_msgs_generate_messages_eus
[58.287s] [ 12%] Built target tf_generate_messages_eus
[58.430s] [ 12%] Built target autoware_msgs_generate_messages_py
[58.594s] [ 12%] Built target rosgraph_msgs_generate_messages_lisp
[58.760s] [ 12%] Built target rosgraph_msgs_generate_messages_py
[58.902s] [ 12%] Built target sensor_msgs_generate_messages_lisp
[59.044s] [ 12%] Built target sensor_msgs_generate_messages_eus
[59.204s] [ 12%] Built target roscpp_generate_messages_cpp
[59.333s] [ 12%] Built target autoware_msgs_generate_messages_lisp
[59.479s] [ 12%] Built target sensor_msgs_generate_messages_cpp
[59.627s] [ 12%] Built target pcl_msgs_generate_messages_cpp
[59.780s] [ 12%] Built target jsk_recognition_msgs_generate_messages_py
[59.916s] [ 12%] Built target std_msgs_generate_messages_lisp
[60.081s] [ 12%] Built target autoware_msgs_generate_messages_cpp
[60.237s] [ 12%] Built target jsk_footstep_msgs_generate_messages_eus
[60.393s] [ 12%] Built target actionlib_generate_messages_lisp
[60.601s] [ 12%] Built target _catkin_empty_exported_target
[60.743s] [ 12%] Built target roscpp_generate_messages_lisp
[60.904s] [ 12%] Built target geometry_msgs_generate_messages_nodejs
[61.047s] [ 12%] Built target geometry_msgs_generate_messages_cpp
[61.225s] [ 12%] Built target pcl_msgs_generate_messages_eus
[61.380s] [ 12%] Built target pcl_msgs_generate_messages_nodejs
[61.536s] [ 12%] Built target pcl_msgs_generate_messages_lisp
[61.707s] [ 12%] Built target pcl_msgs_generate_messages_py
[61.844s] [ 12%] Built target sensor_msgs_generate_messages_nodejs
[61.987s] [ 12%] Built target jsk_footstep_msgs_generate_messages_nodejs
[62.145s] [ 12%] Built target actionlib_msgs_generate_messages_cpp
[62.325s] [ 12%] Built target tf_generate_messages_py
[62.509s] [ 12%] Built target std_msgs_generate_messages_eus
[62.674s] [ 12%] Built target actionlib_msgs_generate_messages_lisp
[62.818s] [ 12%] Built target actionlib_msgs_generate_messages_nodejs
[62.975s] [ 12%] Built target actionlib_msgs_generate_messages_py
[63.210s] [ 12%] Built target rosgraph_msgs_generate_messages_nodejs
[63.400s] [ 12%] Built target roscpp_generate_messages_eus
[63.582s] [ 12%] Built target jsk_footstep_msgs_generate_messages_cpp
[63.742s] [ 12%] Built target roscpp_generate_messages_nodejs
[63.887s] [ 12%] Built target jsk_recognition_msgs_generate_messages_nodejs
[64.076s] [ 12%] Built target roscpp_generate_messages_py
[64.236s] [ 12%] Built target actionlib_generate_messages_eus
[64.401s] [ 12%] Built target rosgraph_msgs_generate_messages_cpp
[64.597s] [ 12%] Built target rosgraph_msgs_generate_messages_eus
[64.671s] [35m[1mScanning dependencies of target test-butterworth_filter[0m
[64.802s] [ 18%] [32mBuilding CXX object CMakeFiles/test-butterworth_filter.dir/test/src/test_butterworth_filter.cpp.o[0m
[69.178s] [ 25%] [32mBuilding CXX object CMakeFiles/test-butterworth_filter.dir/src/butterworth_filter.cpp.o[0m
[70.751s] [ 31%] [32m[1mLinking CXX executable devel/lib/amathutils_lib/test-butterworth_filter[0m
[71.167s] [ 31%] Built target test-butterworth_filter
[71.236s] [35m[1mScanning dependencies of target test-kalman_filter[0m
[71.353s] [ 37%] [32mBuilding CXX object CMakeFiles/test-kalman_filter.dir/test/src/test_kalman_filter.cpp.o[0m
[77.552s] [ 43%] [32mBuilding CXX object CMakeFiles/test-kalman_filter.dir/src/kalman_filter.cpp.o[0m
[84.720s] [ 50%] [32mBuilding CXX object CMakeFiles/test-kalman_filter.dir/src/time_delay_kalman_filter.cpp.o[0m
[88.514s] [ 56%] [32m[1mLinking CXX executable devel/lib/amathutils_lib/test-kalman_filter[0m
[89.010s] [ 56%] Built target test-kalman_filter
[89.212s] [ 56%] Built target jsk_recognition_msgs_generate_messages_lisp
[89.380s] [ 56%] Built target tf_generate_messages_nodejs
[89.639s] [ 56%] Built target actionlib_generate_messages_cpp
[89.824s] [ 56%] Built target actionlib_generate_messages_nodejs
[90.028s] [ 56%] Built target actionlib_generate_messages_py
[90.252s] [ 56%] Built target tf2_msgs_generate_messages_cpp
[90.448s] [ 56%] Built target tf2_msgs_generate_messages_lisp
[90.649s] [ 56%] Built target tf2_msgs_generate_messages_nodejs
[90.923s] [ 56%] Built target tf2_msgs_generate_messages_py
[91.118s] [ 56%] Built target tf_generate_messages_lisp
[91.356s] [ 87%] Built target amathutils_lib
[91.448s] [35m[1mScanning dependencies of target amathutils-test[0m
[91.566s] [ 93%] [32mBuilding CXX object CMakeFiles/amathutils-test.dir/test/src/test_amathutils_lib.cpp.o[0m
[99.085s] [100%] [32m[1mLinking CXX executable devel/lib/amathutils_lib/amathutils-test[0m
[99.545s] [100%] Built target amathutils-test
[99.629s] [35m[1mScanning dependencies of target tests[0m
[99.704s] [100%] Built target tests
[103.346s] [  0%] Built target tf_generate_messages_lisp
[103.511s] [  0%] Built target jsk_recognition_msgs_generate_messages_eus
[103.679s] [  0%] Built target std_msgs_generate_messages_py
[103.893s] [  0%] Built target jsk_recognition_msgs_generate_messages_cpp
[104.057s] [  0%] Built target geometry_msgs_generate_messages_lisp
[104.263s] [  0%] Built target autoware_msgs_generate_messages_eus
[104.467s] [  0%] Built target std_msgs_generate_messages_nodejs
[104.682s] [  0%] Built target geometry_msgs_generate_messages_eus
[104.838s] [  0%] Built target std_msgs_generate_messages_cpp
[105.022s] [  0%] Built target jsk_footstep_msgs_generate_messages_py
[105.209s] [  0%] Built target geometry_msgs_generate_messages_py
[105.375s] [  0%] Built target tf2_msgs_generate_messages_eus
[105.621s] [  0%] Built target sensor_msgs_generate_messages_py
[105.760s] [  0%] Built target jsk_footstep_msgs_generate_messages_lisp
[105.900s] [  0%] Built target autoware_msgs_generate_messages_nodejs
[106.058s] [  0%] Built target actionlib_msgs_generate_messages_eus
[106.246s] [  0%] Built target tf_generate_messages_eus
[106.441s] [  0%] Built target autoware_msgs_generate_messages_py
[106.626s] [  0%] Built target rosgraph_msgs_generate_messages_lisp
[106.786s] [  0%] Built target rosgraph_msgs_generate_messages_py
[106.968s] [  0%] Built target sensor_msgs_generate_messages_lisp
[107.195s] [  0%] Built target sensor_msgs_generate_messages_eus
[107.487s] [  0%] Built target roscpp_generate_messages_cpp
[107.732s] [  0%] Built target autoware_msgs_generate_messages_lisp
[107.908s] [  0%] Built target sensor_msgs_generate_messages_cpp
[108.105s] [  0%] Built target pcl_msgs_generate_messages_cpp
[108.334s] [  0%] Built target jsk_recognition_msgs_generate_messages_py
[108.556s] [  0%] Built target std_msgs_generate_messages_lisp
[108.772s] [  0%] Built target autoware_msgs_generate_messages_cpp
[109.064s] [  0%] Built target jsk_footstep_msgs_generate_messages_eus
[109.255s] [  0%] Built target actionlib_generate_messages_lisp
[109.451s] [  0%] Built target _catkin_empty_exported_target
[109.648s] [  0%] Built target roscpp_generate_messages_lisp
[109.891s] [  0%] Built target geometry_msgs_generate_messages_nodejs
[110.166s] [  0%] Built target geometry_msgs_generate_messages_cpp
[110.449s] [  0%] Built target pcl_msgs_generate_messages_eus
[110.702s] [  0%] Built target pcl_msgs_generate_messages_nodejs
[110.933s] [  0%] Built target pcl_msgs_generate_messages_lisp
[111.166s] [  0%] Built target pcl_msgs_generate_messages_py
[111.339s] [  0%] Built target sensor_msgs_generate_messages_nodejs
[111.500s] [  0%] Built target jsk_footstep_msgs_generate_messages_nodejs
[111.697s] [  0%] Built target actionlib_msgs_generate_messages_cpp
[111.857s] [  0%] Built target tf_generate_messages_py
[112.041s] [  0%] Built target std_msgs_generate_messages_eus
[112.212s] [  0%] Built target actionlib_msgs_generate_messages_lisp
[112.410s] [  0%] Built target actionlib_msgs_generate_messages_nodejs
[112.595s] [  0%] Built target actionlib_msgs_generate_messages_py
[112.754s] [  0%] Built target rosgraph_msgs_generate_messages_nodejs
[113.004s] [  0%] Built target roscpp_generate_messages_eus
[113.205s] [  0%] Built target jsk_footstep_msgs_generate_messages_cpp
[113.435s] [  0%] Built target roscpp_generate_messages_nodejs
[113.652s] [  0%] Built target jsk_recognition_msgs_generate_messages_nodejs
[113.829s] [  0%] Built target roscpp_generate_messages_py
[114.090s] [  0%] Built target actionlib_generate_messages_eus
[114.320s] [  0%] Built target rosgraph_msgs_generate_messages_cpp
[114.484s] [  0%] Built target rosgraph_msgs_generate_messages_eus
[114.761s] [  0%] Built target tf_generate_messages_cpp
[114.973s] [  0%] Built target jsk_recognition_msgs_generate_messages_lisp
[115.118s] [  0%] Built target tf_generate_messages_nodejs
[115.263s] [  0%] Built target actionlib_generate_messages_cpp
[115.410s] [  0%] Built target actionlib_generate_messages_nodejs
[115.558s] [  0%] Built target actionlib_generate_messages_py
[115.708s] [  0%] Built target tf2_msgs_generate_messages_cpp
[115.898s] [  0%] Built target tf2_msgs_generate_messages_lisp
[116.105s] [  0%] Built target tf2_msgs_generate_messages_nodejs
[116.252s] [  0%] Built target tf2_msgs_generate_messages_py
[116.490s] [100%] Built target amathutils_lib
[116.649s] [36mInstall the project...[0m
[116.741s] -- Install configuration: "Release"
[116.742s] -- Installing: /home/capstone/autoware.ai/install/amathutils_lib/lib/pkgconfig/amathutils_lib.pc
[116.743s] -- Installing: /home/capstone/autoware.ai/install/amathutils_lib/share/amathutils_lib/cmake/amathutils_libConfig.cmake
[116.743s] -- Installing: /home/capstone/autoware.ai/install/amathutils_lib/share/amathutils_lib/cmake/amathutils_libConfig-version.cmake
[116.744s] -- Installing: /home/capstone/autoware.ai/install/amathutils_lib/share/amathutils_lib/package.xml
[116.745s] -- Installing: /home/capstone/autoware.ai/install/amathutils_lib/include/amathutils_lib
[116.745s] -- Installing: /home/capstone/autoware.ai/install/amathutils_lib/include/amathutils_lib/amathutils.hpp
[116.746s] -- Installing: /home/capstone/autoware.ai/install/amathutils_lib/include/amathutils_lib/time_delay_kalman_filter.hpp
[116.747s] -- Installing: /home/capstone/autoware.ai/install/amathutils_lib/include/amathutils_lib/kalman_filter.hpp
[116.747s] -- Installing: /home/capstone/autoware.ai/install/amathutils_lib/include/amathutils_lib/butterworth_filter.hpp
[116.748s] -- Installing: /home/capstone/autoware.ai/install/amathutils_lib/lib/libamathutils_lib.so
[116.750s] -- Set runtime path of "/home/capstone/autoware.ai/install/amathutils_lib/lib/libamathutils_lib.so" to ""
