[0.917s] -- The C compiler identification is GNU 7.5.0
[1.297s] -- The CXX compiler identification is GNU 7.5.0
[1.319s] -- Check for working C compiler: /usr/bin/cc
[2.073s] -- Check for working C compiler: /usr/bin/cc -- works
[2.073s] -- Detecting C compiler ABI info
[2.827s] -- Detecting C compiler ABI info - done
[2.854s] -- Detecting C compile features
[4.905s] -- Detecting C compile features - done
[4.911s] -- Check for working CXX compiler: /usr/bin/c++
[5.705s] -- Check for working CXX compiler: /usr/bin/c++ -- works
[5.706s] -- Detecting CXX compiler ABI info
[6.342s] -- Detecting CXX compiler ABI info - done
[6.357s] -- Detecting CXX compile features
[9.002s] -- Detecting CXX compile features - done
[9.042s] -- Using CATKIN_DEVEL_PREFIX: /home/capstone/autoware.ai/build/vehicle_model/devel
[9.043s] -- Using CMAKE_PREFIX_PATH: /home/capstone/autoware.ai/install/gazebo_imu_description;/home/capstone/autoware.ai/install/gazebo_camera_description;/home/capstone/autoware.ai/install/autoware_build_flags;/home/capstone/autoware.ai/install/wf_simulator;/home/capstone/autoware.ai/install/vision_ssd_detect;/home/capstone/autoware.ai/install/vision_segment_enet_detect;/home/capstone/autoware.ai/install/vision_lane_detect;/home/capstone/autoware.ai/install/vision_darknet_detect;/home/capstone/autoware.ai/install/vision_beyond_track;/home/capstone/autoware.ai/install/vel_pose_diff_checker;/home/capstone/autoware.ai/install/vehicle_socket;/home/capstone/autoware.ai/install/vehicle_sim_model;/home/capstone/autoware.ai/install/vehicle_model;/home/capstone/autoware.ai/install/vehicle_gazebo_simulation_launcher;/home/capstone/autoware.ai/install/vehicle_gazebo_simulation_interface;/home/capstone/autoware.ai/install/vehicle_engage_panel;/home/capstone/autoware.ai/install/vehicle_description;/home/capstone/autoware.ai/install/op_ros_helpers;/home/capstone/autoware.ai/install/op_simu;/home/capstone/autoware.ai/install/op_planner;/home/capstone/autoware.ai/install/op_utility;/home/capstone/autoware.ai/install/vector_map_server;/home/capstone/autoware.ai/install/object_map;/home/capstone/autoware.ai/install/lanelet_aisan_converter;/home/capstone/autoware.ai/install/map_file;/home/capstone/autoware.ai/install/libvectormap;/home/capstone/autoware.ai/install/vector_map;/home/capstone/autoware.ai/install/vector_map_msgs;/home/capstone/autoware.ai/install/twist_generator;/home/capstone/autoware.ai/install/twist2odom;/home/capstone/autoware.ai/install/runtime_manager;/home/capstone/autoware.ai/install/tablet_socket_msgs;/home/capstone/autoware.ai/install/sound_player;/home/capstone/autoware.ai/install/points2image;/home/capstone/autoware.ai/install/rosinterface;/home/capstone/autoware.ai/install/rosbag_controller;/home/capstone/autoware.ai/install/points_preprocessor;/home/capstone/autoware.ai/install/lidar_localizer;/home/capstone/autoware.ai/install/emergency_handler;/home/capstone/autoware.ai/install/autoware_health_checker;/home/capstone/autoware.ai/install/ros_observer;/home/capstone/autoware.ai/install/range_vision_fusion;/home/capstone/autoware.ai/install/pos_db;/home/capstone/autoware.ai/install/points_downsampler;/home/capstone/autoware.ai/install/pixel_cloud_fusion;/home/capstone/autoware.ai/install/pcl_omp_registration;/home/capstone/autoware.ai/install/pc2_downsampler;/home/capstone/autoware.ai/install/obj_db;/home/capstone/autoware.ai/install/nmea_navsat;/home/capstone/autoware.ai/install/ndt_tku;/home/capstone/autoware.ai/install/ndt_gpu;/home/capstone/autoware.ai/install/ndt_cpu;/home/capstone/autoware.ai/install/multi_lidar_calibrator;/home/capstone/autoware.ai/install/mrt_cmake_modules;/home/capstone/autoware.ai/install/marker_downsampler;/home/capstone/autoware.ai/install/map_tools;/home/capstone/autoware.ai/install/map_tf_generator;/home/capstone/autoware.ai/install/log_tools;/home/capstone/autoware.ai/install/libwaypoint_follower;/home/capstone/autoware.ai/install/lgsvl_simulator_bridge;/home/capstone/autoware.ai/install/lanelet2_extension;/home/capstone/autoware.ai/install/lanelet2_validation;/home/capstone/autoware.ai/install/lanelet2_examples;/home/capstone/autoware.ai/install/lanelet2_python;/home/capstone/autoware.ai/install/lanelet2_routing;/home/capstone/autoware.ai/install/lanelet2_traffic_rules;/home/capstone/autoware.ai/install/lanelet2_projection;/home/capstone/autoware.ai/install/lanelet2_maps;/home/capstone/autoware.ai/install/lanelet2_io;/home/capstone/autoware.ai/install/lanelet2_core;/home/capstone/autoware.ai/install/integrated_viewer;/home/capstone/autoware.ai/install/image_processor;/home/capstone/autoware.ai/install/graph_tools;/home/capstone/autoware.ai/install/gnss_localizer;/home/capstone/autoware.ai/install/gnss;/home/capstone/autoware.ai/install/glviewer;/home/capstone/autoware.ai/install/gazebo_world_description;/home/capstone/autoware.ai/install/fastvirtualscan;/home/capstone/autoware.ai/install/ekf_localizer;/home/capstone/autoware.ai/install/detected_objects_visualizer;/home/capstone/autoware.ai/install/decision_maker_panel;/home/capstone/autoware.ai/install/data_preprocessor;/home/capstone/autoware.ai/install/carla_autoware_bridge;/home/capstone/autoware.ai/install/calibration_publisher;/home/capstone/autoware.ai/install/autoware_system_msgs;/home/capstone/autoware.ai/install/autoware_rviz_plugins;/home/capstone/autoware.ai/install/autoware_quickstart_examples;/home/capstone/autoware.ai/install/autoware_pointgrey_drivers;/home/capstone/autoware.ai/install/autoware_driveworks_interface;/home/capstone/autoware.ai/install/autoware_connector;/home/capstone/autoware.ai/install/autoware_camera_lidar_calibrator;/home/capstone/autoware.ai/install/amathutils_lib;/home/capstone/autoware.ai/install/autoware_msgs;/home/capstone/autoware.ai/install/autoware_map_msgs;/home/capstone/autoware.ai/install/autoware_launcher_rviz;/home/capstone/autoware.ai/install/autoware_launcher;/home/capstone/autoware.ai/install/autoware_lanelet2_msgs;/home/capstone/autoware.ai/install/autoware_external_msgs;/home/capstone/autoware.ai/install/autoware_driveworks_gmsl_interface;/home/capstone/autoware.ai/install/autoware_config_msgs;/home/capstone/autoware.ai/install/autoware_can_msgs;/home/capstone/autoware.ai/install/autoware_bag_tools;/opt/carla-ros-bridge/melodic;/opt/ros/melodic
[9.051s] -- This workspace overlays: /home/capstone/autoware.ai/install/gazebo_imu_description;/home/capstone/autoware.ai/install/gazebo_camera_description;/home/capstone/autoware.ai/install/autoware_build_flags;/home/capstone/autoware.ai/install/vehicle_sim_model;/home/capstone/autoware.ai/install/vehicle_gazebo_simulation_launcher;/home/capstone/autoware.ai/install/vehicle_description;/home/capstone/autoware.ai/install/op_simu;/home/capstone/autoware.ai/install/op_planner;/home/capstone/autoware.ai/install/op_utility;/home/capstone/autoware.ai/install/vector_map_server;/home/capstone/autoware.ai/install/libvectormap;/home/capstone/autoware.ai/install/vector_map;/home/capstone/autoware.ai/install/vector_map_msgs;/home/capstone/autoware.ai/install/twist2odom;/home/capstone/autoware.ai/install/runtime_manager;/home/capstone/autoware.ai/install/tablet_socket_msgs;/home/capstone/autoware.ai/install/sound_player;/home/capstone/autoware.ai/install/rosinterface;/home/capstone/autoware.ai/install/rosbag_controller;/home/capstone/autoware.ai/install/autoware_health_checker;/home/capstone/autoware.ai/install/ros_observer;/home/capstone/autoware.ai/install/pixel_cloud_fusion;/home/capstone/autoware.ai/install/pcl_omp_registration;/home/capstone/autoware.ai/install/pc2_downsampler;/home/capstone/autoware.ai/install/obj_db;/home/capstone/autoware.ai/install/nmea_navsat;/home/capstone/autoware.ai/install/ndt_tku;/home/capstone/autoware.ai/install/ndt_gpu;/home/capstone/autoware.ai/install/ndt_cpu;/home/capstone/autoware.ai/install/multi_lidar_calibrator;/home/capstone/autoware.ai/install/mrt_cmake_modules;/home/capstone/autoware.ai/install/marker_downsampler;/home/capstone/autoware.ai/install/map_tools;/home/capstone/autoware.ai/install/map_tf_generator;/home/capstone/autoware.ai/install/log_tools;/home/capstone/autoware.ai/install/libwaypoint_follower;/home/capstone/autoware.ai/install/lgsvl_simulator_bridge;/home/capstone/autoware.ai/install/lanelet2_traffic_rules;/home/capstone/autoware.ai/install/lanelet2_maps;/home/capstone/autoware.ai/install/lanelet2_core;/home/capstone/autoware.ai/install/integrated_viewer;/home/capstone/autoware.ai/install/image_processor;/home/capstone/autoware.ai/install/graph_tools;/home/capstone/autoware.ai/install/gnss_localizer;/home/capstone/autoware.ai/install/gnss;/home/capstone/autoware.ai/install/glviewer;/home/capstone/autoware.ai/install/gazebo_world_description;/home/capstone/autoware.ai/install/fastvirtualscan;/home/capstone/autoware.ai/install/detected_objects_visualizer;/home/capstone/autoware.ai/install/decision_maker_panel;/home/capstone/autoware.ai/install/data_preprocessor;/home/capstone/autoware.ai/install/carla_autoware_bridge;/home/capstone/autoware.ai/install/calibration_publisher;/home/capstone/autoware.ai/install/autoware_system_msgs;/home/capstone/autoware.ai/install/autoware_rviz_plugins;/home/capstone/autoware.ai/install/autoware_quickstart_examples;/home/capstone/autoware.ai/install/autoware_pointgrey_drivers;/home/capstone/autoware.ai/install/autoware_driveworks_interface;/home/capstone/autoware.ai/install/autoware_connector;/home/capstone/autoware.ai/install/autoware_camera_lidar_calibrator;/home/capstone/autoware.ai/install/amathutils_lib;/home/capstone/autoware.ai/install/autoware_msgs;/home/capstone/autoware.ai/install/autoware_map_msgs;/home/capstone/autoware.ai/install/autoware_launcher_rviz;/home/capstone/autoware.ai/install/autoware_launcher;/home/capstone/autoware.ai/install/autoware_lanelet2_msgs;/home/capstone/autoware.ai/install/autoware_external_msgs;/home/capstone/autoware.ai/install/autoware_driveworks_gmsl_interface;/home/capstone/autoware.ai/install/autoware_config_msgs;/home/capstone/autoware.ai/install/autoware_can_msgs;/home/capstone/autoware.ai/install/autoware_bag_tools;/opt/carla-ros-bridge/melodic;/opt/ros/melodic
[9.210s] -- Found PythonInterp: /usr/bin/python2 (found suitable version "2.7.17", minimum required is "2") 
[9.211s] -- Using PYTHON_EXECUTABLE: /usr/bin/python2
[9.211s] -- Using Debian Python package layout
[9.220s] -- Using empy: /usr/bin/empy
[9.850s] -- Using CATKIN_ENABLE_TESTING: ON
[9.850s] -- Call enable_testing()
[9.875s] -- Using CATKIN_TEST_RESULTS_DIR: /home/capstone/autoware.ai/build/vehicle_model/test_results
[9.994s] -- Found gtest sources under '/usr/src/googletest': gtests will be built
[9.994s] -- Found gmock sources under '/usr/src/googletest': gmock will be built
[10.115s] -- Found PythonInterp: /usr/bin/python2 (found version "2.7.17") 
[10.119s] -- Looking for pthread.h
[10.740s] -- Looking for pthread.h - found
[10.741s] -- Looking for pthread_create
[11.472s] -- Looking for pthread_create - not found
[11.472s] -- Looking for pthread_create in pthreads
[12.062s] -- Looking for pthread_create in pthreads - not found
[12.062s] -- Looking for pthread_create in pthread
[12.782s] -- Looking for pthread_create in pthread - found
[12.782s] -- Found Threads: TRUE  
[12.800s] -- Using Python nosetests: /usr/bin/nosetests-2.7
[13.092s] -- catkin 0.7.23
[13.092s] -- BUILD_SHARED_LIBS is on
[14.198s] -- CUDA compilation status: 1.
[15.015s] -- Configuring done
[15.119s] -- Generating done
[15.134s] -- Build files have been written to: /home/capstone/autoware.ai/build/vehicle_model
[16.664s] [35m[1mScanning dependencies of target tests[0m
[16.790s] Built target tests
[18.210s] [36mInstall the project...[0m
[18.352s] -- Install configuration: "Release"
[18.353s] -- Installing: /home/capstone/autoware.ai/install/vehicle_model/lib/pkgconfig/vehicle_model.pc
[18.353s] -- Installing: /home/capstone/autoware.ai/install/vehicle_model/share/vehicle_model/cmake/vehicle_modelConfig.cmake
[18.354s] -- Installing: /home/capstone/autoware.ai/install/vehicle_model/share/vehicle_model/cmake/vehicle_modelConfig-version.cmake
[18.354s] -- Installing: /home/capstone/autoware.ai/install/vehicle_model/share/vehicle_model/package.xml
[18.354s] -- Installing: /home/capstone/autoware.ai/install/vehicle_model/share/vehicle_model/mesh
[18.355s] -- Installing: /home/capstone/autoware.ai/install/vehicle_model/share/vehicle_model/mesh/wheel.dae
[18.355s] -- Installing: /home/capstone/autoware.ai/install/vehicle_model/share/vehicle_model/mesh/README.md
[18.355s] -- Installing: /home/capstone/autoware.ai/install/vehicle_model/share/vehicle_model/mesh/_51225ex2diffuse.jpeg
[18.357s] -- Installing: /home/capstone/autoware.ai/install/vehicle_model/share/vehicle_model/mesh/_51225ex1diffuse.jpeg
[18.359s] -- Installing: /home/capstone/autoware.ai/install/vehicle_model/share/vehicle_model/mesh/body.dae
[18.364s] -- Installing: /home/capstone/autoware.ai/install/vehicle_model/share/vehicle_model/urdf
[18.364s] -- Installing: /home/capstone/autoware.ai/install/vehicle_model/share/vehicle_model/urdf/vehicle.xacro
[18.364s] -- Installing: /home/capstone/autoware.ai/install/vehicle_model/share/vehicle_model/urdf/body.xacro
[18.365s] -- Installing: /home/capstone/autoware.ai/install/vehicle_model/share/vehicle_model/urdf/actuator.xacro
[18.365s] -- Installing: /home/capstone/autoware.ai/install/vehicle_model/share/vehicle_model/urdf/vehicle.gazebo
[18.365s] -- Installing: /home/capstone/autoware.ai/install/vehicle_model/share/vehicle_model/urdf/wheel.gazebo
[18.366s] -- Installing: /home/capstone/autoware.ai/install/vehicle_model/share/vehicle_model/urdf/wheel.xacro
[18.366s] -- Installing: /home/capstone/autoware.ai/install/vehicle_model/share/vehicle_model/urdf/steering.gazebo
[18.367s] -- Installing: /home/capstone/autoware.ai/install/vehicle_model/share/vehicle_model/urdf/steering.xacro
[18.367s] -- Installing: /home/capstone/autoware.ai/install/vehicle_model/share/vehicle_model/config
[18.367s] -- Installing: /home/capstone/autoware.ai/install/vehicle_model/share/vehicle_model/config/vehicle_info.yaml
[18.368s] -- Installing: /home/capstone/autoware.ai/install/vehicle_model/share/vehicle_model/config/calibration.yaml
[18.368s] -- Installing: /home/capstone/autoware.ai/install/vehicle_model/share/vehicle_model/config/controller.yaml
