[0.132s] Invoking command in '/home/capstone/autoware.ai/build/vehicle_gazebo_simulation_launcher': /usr/bin/cmake --build /home/capstone/autoware.ai/build/vehicle_gazebo_simulation_launcher -- -j12 -l12
[0.398s] Invoked command in '/home/capstone/autoware.ai/build/vehicle_gazebo_simulation_launcher' returned '0': /usr/bin/cmake --build /home/capstone/autoware.ai/build/vehicle_gazebo_simulation_launcher -- -j12 -l12
[1.053s] Invoking command in '/home/capstone/autoware.ai/build/vehicle_gazebo_simulation_launcher': /usr/bin/cmake --build /home/capstone/autoware.ai/build/vehicle_gazebo_simulation_launcher --target tests -- -j12 -l12
[1.470s] Built target tests
[1.537s] Invoked command in '/home/capstone/autoware.ai/build/vehicle_gazebo_simulation_launcher' returned '0': /usr/bin/cmake --build /home/capstone/autoware.ai/build/vehicle_gazebo_simulation_launcher --target tests -- -j12 -l12
[2.213s] Invoking command in '/home/capstone/autoware.ai/build/vehicle_gazebo_simulation_launcher': /usr/bin/cmake --build /home/capstone/autoware.ai/build/vehicle_gazebo_simulation_launcher --target install -- -j12 -l12
[2.544s] [36mInstall the project...[0m
[2.600s] -- Install configuration: "Release"
[2.601s] -- Up-to-date: /home/capstone/autoware.ai/install/vehicle_gazebo_simulation_launcher/lib/pkgconfig/vehicle_gazebo_simulation_launcher.pc
[2.601s] -- Up-to-date: /home/capstone/autoware.ai/install/vehicle_gazebo_simulation_launcher/share/vehicle_gazebo_simulation_launcher/cmake/vehicle_gazebo_simulation_launcherConfig.cmake
[2.601s] -- Up-to-date: /home/capstone/autoware.ai/install/vehicle_gazebo_simulation_launcher/share/vehicle_gazebo_simulation_launcher/cmake/vehicle_gazebo_simulation_launcherConfig-version.cmake
[2.602s] -- Up-to-date: /home/capstone/autoware.ai/install/vehicle_gazebo_simulation_launcher/share/vehicle_gazebo_simulation_launcher/package.xml
[2.602s] -- Up-to-date: /home/capstone/autoware.ai/install/vehicle_gazebo_simulation_launcher/share/vehicle_gazebo_simulation_launcher/launch
[2.602s] -- Up-to-date: /home/capstone/autoware.ai/install/vehicle_gazebo_simulation_launcher/share/vehicle_gazebo_simulation_launcher/launch/world_test.launch
[2.602s] -- Up-to-date: /home/capstone/autoware.ai/install/vehicle_gazebo_simulation_launcher/share/vehicle_gazebo_simulation_launcher/launch/rviz_test.launch
[2.603s] -- Up-to-date: /home/capstone/autoware.ai/install/vehicle_gazebo_simulation_launcher/share/vehicle_gazebo_simulation_launcher/launch/gazebo_launcher.launch
[2.603s] -- Up-to-date: /home/capstone/autoware.ai/install/vehicle_gazebo_simulation_launcher/share/vehicle_gazebo_simulation_launcher/scripts
[2.603s] -- Up-to-date: /home/capstone/autoware.ai/install/vehicle_gazebo_simulation_launcher/share/vehicle_gazebo_simulation_launcher/scripts/setup.sh
[2.603s] -- Up-to-date: /home/capstone/autoware.ai/install/vehicle_gazebo_simulation_launcher/share/vehicle_gazebo_simulation_launcher/scripts/upgrade_gazebo_stable_version.sh
[2.603s] -- Up-to-date: /home/capstone/autoware.ai/install/vehicle_gazebo_simulation_launcher/share/vehicle_gazebo_simulation_launcher/scripts/download_model.sh
[2.611s] Invoked command in '/home/capstone/autoware.ai/build/vehicle_gazebo_simulation_launcher' returned '0': /usr/bin/cmake --build /home/capstone/autoware.ai/build/vehicle_gazebo_simulation_launcher --target install -- -j12 -l12
