[0.906s] -- The C compiler identification is GNU 7.5.0
[1.123s] -- The CXX compiler identification is GNU 7.5.0
[1.139s] -- Check for working C compiler: /usr/bin/cc
[1.606s] -- Check for working C compiler: /usr/bin/cc -- works
[1.608s] -- Detecting C compiler ABI info
[2.082s] -- Detecting C compiler ABI info - done
[2.102s] -- Detecting C compile features
[3.450s] -- Detecting C compile features - done
[3.455s] -- Check for working CXX compiler: /usr/bin/c++
[3.885s] -- Check for working CXX compiler: /usr/bin/c++ -- works
[3.886s] -- Detecting CXX compiler ABI info
[4.313s] -- Detecting CXX compiler ABI info - done
[4.334s] -- Detecting CXX compile features
[6.309s] -- Detecting CXX compile features - done
[6.318s] -- CUDA compilation status: 1.
[6.364s] -- Using CATKIN_DEVEL_PREFIX: /home/capstone/autoware.ai/build/map_file/devel
[6.365s] -- Using CMAKE_PREFIX_PATH: /home/capstone/autoware.ai/install/lanelet2_extension;/home/capstone/autoware.ai/install/lanelet2_validation;/home/capstone/autoware.ai/install/lanelet2_routing;/home/capstone/autoware.ai/install/lanelet2_projection;/home/capstone/autoware.ai/install/lanelet2_traffic_rules;/home/capstone/autoware.ai/install/lanelet2_maps;/home/capstone/autoware.ai/install/lanelet2_io;/home/capstone/autoware.ai/install/vector_map;/home/capstone/autoware.ai/install/lanelet2_core;/home/capstone/autoware.ai/install/amathutils_lib;/home/capstone/autoware.ai/install/vector_map_msgs;/home/capstone/autoware.ai/install/autoware_msgs;/home/capstone/autoware.ai/install/autoware_lanelet2_msgs;/home/capstone/autoware.ai/install/autoware_build_flags;/home/capstone/autoware.ai/install/wf_simulator;/home/capstone/autoware.ai/install/vision_ssd_detect;/home/capstone/autoware.ai/install/vision_segment_enet_detect;/home/capstone/autoware.ai/install/vision_lane_detect;/home/capstone/autoware.ai/install/vision_darknet_detect;/home/capstone/autoware.ai/install/vision_beyond_track;/home/capstone/autoware.ai/install/vel_pose_diff_checker;/home/capstone/autoware.ai/install/vehicle_socket;/home/capstone/autoware.ai/install/vehicle_sim_model;/home/capstone/autoware.ai/install/vehicle_model;/home/capstone/autoware.ai/install/vehicle_gazebo_simulation_launcher;/home/capstone/autoware.ai/install/vehicle_gazebo_simulation_interface;/home/capstone/autoware.ai/install/vehicle_engage_panel;/home/capstone/autoware.ai/install/vehicle_description;/home/capstone/autoware.ai/install/op_ros_helpers;/home/capstone/autoware.ai/install/op_simu;/home/capstone/autoware.ai/install/op_planner;/home/capstone/autoware.ai/install/op_utility;/home/capstone/autoware.ai/install/vector_map_server;/home/capstone/autoware.ai/install/object_map;/home/capstone/autoware.ai/install/lanelet_aisan_converter;/home/capstone/autoware.ai/install/map_file;/home/capstone/autoware.ai/install/libvectormap;/home/capstone/autoware.ai/install/twist_generator;/home/capstone/autoware.ai/install/twist2odom;/home/capstone/autoware.ai/install/runtime_manager;/home/capstone/autoware.ai/install/tablet_socket_msgs;/home/capstone/autoware.ai/install/sound_player;/home/capstone/autoware.ai/install/points2image;/home/capstone/autoware.ai/install/rosinterface;/home/capstone/autoware.ai/install/rosbag_controller;/home/capstone/autoware.ai/install/points_preprocessor;/home/capstone/autoware.ai/install/lidar_localizer;/home/capstone/autoware.ai/install/emergency_handler;/home/capstone/autoware.ai/install/autoware_health_checker;/home/capstone/autoware.ai/install/ros_observer;/home/capstone/autoware.ai/install/range_vision_fusion;/home/capstone/autoware.ai/install/pos_db;/home/capstone/autoware.ai/install/points_downsampler;/home/capstone/autoware.ai/install/pixel_cloud_fusion;/home/capstone/autoware.ai/install/pcl_omp_registration;/home/capstone/autoware.ai/install/pc2_downsampler;/home/capstone/autoware.ai/install/obj_db;/home/capstone/autoware.ai/install/nmea_navsat;/home/capstone/autoware.ai/install/ndt_tku;/home/capstone/autoware.ai/install/ndt_gpu;/home/capstone/autoware.ai/install/ndt_cpu;/home/capstone/autoware.ai/install/multi_lidar_calibrator;/home/capstone/autoware.ai/install/mrt_cmake_modules;/home/capstone/autoware.ai/install/marker_downsampler;/home/capstone/autoware.ai/install/map_tools;/home/capstone/autoware.ai/install/map_tf_generator;/home/capstone/autoware.ai/install/log_tools;/home/capstone/autoware.ai/install/libwaypoint_follower;/home/capstone/autoware.ai/install/lgsvl_simulator_bridge;/home/capstone/autoware.ai/install/lanelet2_examples;/home/capstone/autoware.ai/install/lanelet2_python;/home/capstone/autoware.ai/install/integrated_viewer;/home/capstone/autoware.ai/install/image_processor;/home/capstone/autoware.ai/install/graph_tools;/home/capstone/autoware.ai/install/gnss_localizer;/home/capstone/autoware.ai/install/gnss;/home/capstone/autoware.ai/install/glviewer;/home/capstone/autoware.ai/install/gazebo_world_description;/home/capstone/autoware.ai/install/gazebo_imu_description;/home/capstone/autoware.ai/install/gazebo_camera_description;/home/capstone/autoware.ai/install/fastvirtualscan;/home/capstone/autoware.ai/install/ekf_localizer;/home/capstone/autoware.ai/install/detected_objects_visualizer;/home/capstone/autoware.ai/install/decision_maker_panel;/home/capstone/autoware.ai/install/data_preprocessor;/home/capstone/autoware.ai/install/carla_autoware_bridge;/home/capstone/autoware.ai/install/calibration_publisher;/home/capstone/autoware.ai/install/autoware_system_msgs;/home/capstone/autoware.ai/install/autoware_rviz_plugins;/home/capstone/autoware.ai/install/autoware_quickstart_examples;/home/capstone/autoware.ai/install/autoware_pointgrey_drivers;/home/capstone/autoware.ai/install/autoware_driveworks_interface;/home/capstone/autoware.ai/install/autoware_connector;/home/capstone/autoware.ai/install/autoware_camera_lidar_calibrator;/home/capstone/autoware.ai/install/autoware_map_msgs;/home/capstone/autoware.ai/install/autoware_launcher_rviz;/home/capstone/autoware.ai/install/autoware_launcher;/home/capstone/autoware.ai/install/autoware_external_msgs;/home/capstone/autoware.ai/install/autoware_driveworks_gmsl_interface;/home/capstone/autoware.ai/install/autoware_config_msgs;/home/capstone/autoware.ai/install/autoware_can_msgs;/home/capstone/autoware.ai/install/autoware_bag_tools;/opt/carla-ros-bridge/melodic;/opt/ros/melodic
[6.374s] -- This workspace overlays: /home/capstone/autoware.ai/install/lanelet2_extension;/home/capstone/autoware.ai/install/lanelet2_validation;/home/capstone/autoware.ai/install/lanelet2_routing;/home/capstone/autoware.ai/install/lanelet2_projection;/home/capstone/autoware.ai/install/lanelet2_traffic_rules;/home/capstone/autoware.ai/install/lanelet2_maps;/home/capstone/autoware.ai/install/lanelet2_io;/home/capstone/autoware.ai/install/vector_map;/home/capstone/autoware.ai/install/lanelet2_core;/home/capstone/autoware.ai/install/amathutils_lib;/home/capstone/autoware.ai/install/vector_map_msgs;/home/capstone/autoware.ai/install/autoware_msgs;/home/capstone/autoware.ai/install/autoware_lanelet2_msgs;/home/capstone/autoware.ai/install/autoware_build_flags;/home/capstone/autoware.ai/install/wf_simulator;/home/capstone/autoware.ai/install/vision_ssd_detect;/home/capstone/autoware.ai/install/vision_segment_enet_detect;/home/capstone/autoware.ai/install/vision_lane_detect;/home/capstone/autoware.ai/install/vision_darknet_detect;/home/capstone/autoware.ai/install/vision_beyond_track;/home/capstone/autoware.ai/install/vel_pose_diff_checker;/home/capstone/autoware.ai/install/vehicle_socket;/home/capstone/autoware.ai/install/vehicle_sim_model;/home/capstone/autoware.ai/install/vehicle_model;/home/capstone/autoware.ai/install/vehicle_gazebo_simulation_launcher;/home/capstone/autoware.ai/install/vehicle_gazebo_simulation_interface;/home/capstone/autoware.ai/install/vehicle_engage_panel;/home/capstone/autoware.ai/install/vehicle_description;/home/capstone/autoware.ai/install/op_simu;/home/capstone/autoware.ai/install/op_planner;/home/capstone/autoware.ai/install/op_utility;/home/capstone/autoware.ai/install/vector_map_server;/home/capstone/autoware.ai/install/libvectormap;/home/capstone/autoware.ai/install/twist_generator;/home/capstone/autoware.ai/install/twist2odom;/home/capstone/autoware.ai/install/runtime_manager;/home/capstone/autoware.ai/install/tablet_socket_msgs;/home/capstone/autoware.ai/install/sound_player;/home/capstone/autoware.ai/install/points2image;/home/capstone/autoware.ai/install/rosinterface;/home/capstone/autoware.ai/install/rosbag_controller;/home/capstone/autoware.ai/install/points_preprocessor;/home/capstone/autoware.ai/install/emergency_handler;/home/capstone/autoware.ai/install/autoware_health_checker;/home/capstone/autoware.ai/install/ros_observer;/home/capstone/autoware.ai/install/range_vision_fusion;/home/capstone/autoware.ai/install/pos_db;/home/capstone/autoware.ai/install/points_downsampler;/home/capstone/autoware.ai/install/pixel_cloud_fusion;/home/capstone/autoware.ai/install/pcl_omp_registration;/home/capstone/autoware.ai/install/pc2_downsampler;/home/capstone/autoware.ai/install/obj_db;/home/capstone/autoware.ai/install/nmea_navsat;/home/capstone/autoware.ai/install/ndt_tku;/home/capstone/autoware.ai/install/ndt_gpu;/home/capstone/autoware.ai/install/ndt_cpu;/home/capstone/autoware.ai/install/multi_lidar_calibrator;/home/capstone/autoware.ai/install/mrt_cmake_modules;/home/capstone/autoware.ai/install/marker_downsampler;/home/capstone/autoware.ai/install/map_tools;/home/capstone/autoware.ai/install/map_tf_generator;/home/capstone/autoware.ai/install/log_tools;/home/capstone/autoware.ai/install/libwaypoint_follower;/home/capstone/autoware.ai/install/lgsvl_simulator_bridge;/home/capstone/autoware.ai/install/lanelet2_python;/home/capstone/autoware.ai/install/integrated_viewer;/home/capstone/autoware.ai/install/image_processor;/home/capstone/autoware.ai/install/graph_tools;/home/capstone/autoware.ai/install/gnss_localizer;/home/capstone/autoware.ai/install/gnss;/home/capstone/autoware.ai/install/glviewer;/home/capstone/autoware.ai/install/gazebo_world_description;/home/capstone/autoware.ai/install/gazebo_imu_description;/home/capstone/autoware.ai/install/gazebo_camera_description;/home/capstone/autoware.ai/install/fastvirtualscan;/home/capstone/autoware.ai/install/ekf_localizer;/home/capstone/autoware.ai/install/detected_objects_visualizer;/home/capstone/autoware.ai/install/decision_maker_panel;/home/capstone/autoware.ai/install/data_preprocessor;/home/capstone/autoware.ai/install/carla_autoware_bridge;/home/capstone/autoware.ai/install/calibration_publisher;/home/capstone/autoware.ai/install/autoware_system_msgs;/home/capstone/autoware.ai/install/autoware_rviz_plugins;/home/capstone/autoware.ai/install/autoware_quickstart_examples;/home/capstone/autoware.ai/install/autoware_pointgrey_drivers;/home/capstone/autoware.ai/install/autoware_driveworks_interface;/home/capstone/autoware.ai/install/autoware_connector;/home/capstone/autoware.ai/install/autoware_camera_lidar_calibrator;/home/capstone/autoware.ai/install/autoware_map_msgs;/home/capstone/autoware.ai/install/autoware_launcher_rviz;/home/capstone/autoware.ai/install/autoware_launcher;/home/capstone/autoware.ai/install/autoware_external_msgs;/home/capstone/autoware.ai/install/autoware_driveworks_gmsl_interface;/home/capstone/autoware.ai/install/autoware_config_msgs;/home/capstone/autoware.ai/install/autoware_can_msgs;/home/capstone/autoware.ai/install/autoware_bag_tools;/opt/carla-ros-bridge/melodic;/opt/ros/melodic
[6.479s] -- Found PythonInterp: /usr/bin/python2 (found suitable version "2.7.17", minimum required is "2") 
[6.480s] -- Using PYTHON_EXECUTABLE: /usr/bin/python2
[6.480s] -- Using Debian Python package layout
[6.482s] -- Using empy: /usr/bin/empy
[6.834s] -- Using CATKIN_ENABLE_TESTING: ON
[6.834s] -- Call enable_testing()
[6.847s] -- Using CATKIN_TEST_RESULTS_DIR: /home/capstone/autoware.ai/build/map_file/test_results
[6.973s] -- Found gtest sources under '/usr/src/googletest': gtests will be built
[6.973s] -- Found gmock sources under '/usr/src/googletest': gmock will be built
[7.071s] -- Found PythonInterp: /usr/bin/python2 (found version "2.7.17") 
[7.071s] -- Looking for pthread.h
[7.449s] -- Looking for pthread.h - found
[7.450s] -- Looking for pthread_create
[7.878s] -- Looking for pthread_create - not found
[7.879s] -- Looking for pthread_create in pthreads
[8.286s] -- Looking for pthread_create in pthreads - not found
[8.287s] -- Looking for pthread_create in pthread
[8.722s] -- Looking for pthread_create in pthread - found
[8.725s] -- Found Threads: TRUE  
[8.737s] -- Using Python nosetests: /usr/bin/nosetests-2.7
[8.936s] -- catkin 0.7.23
[8.936s] -- BUILD_SHARED_LIBS is on
[10.765s] -- Using these message generators: gencpp;geneus;genlisp;gennodejs;genpy
[16.155s] -- Checking for module 'eigen3'
[16.393s] --   Found eigen3, version 3.3.7
[16.932s] -- Found eigen: /usr/local/include/eigen3  
[17.669s] -- Boost version: 1.65.1
[17.669s] -- Found the following Boost libraries:
[17.669s] --   system
[17.669s] --   filesystem
[17.670s] --   thread
[17.670s] --   date_time
[17.670s] --   iostreams
[17.670s] --   serialization
[17.670s] --   chrono
[17.670s] --   atomic
[17.671s] --   regex
[17.676s] -- Checking for module 'libopenni'
[17.911s] --   Found libopenni, version 1.5.4.0
[18.415s] -- Found openni: /usr/lib/libOpenNI.so  
[18.419s] -- Checking for module 'libopenni2'
[18.639s] --   Found libopenni2, version 2.2.0.3
[19.280s] -- Found OpenNI2: /usr/lib/libOpenNI2.so  
[19.323s] -- Could NOT find ensenso (missing: ENSENSO_LIBRARY ENSENSO_INCLUDE_DIR) 
[19.323s] ** WARNING ** io features related to ensenso will be disabled
[19.339s] -- Could NOT find DAVIDSDK (missing: DAVIDSDK_LIBRARY DAVIDSDK_INCLUDE_DIR) 
[19.339s] ** WARNING ** io features related to davidSDK will be disabled
[19.344s] -- Could NOT find DSSDK (missing: _DSSDK_LIBRARIES) 
[19.344s] ** WARNING ** io features related to dssdk will be disabled
[19.345s] ** WARNING ** io features related to pcap will be disabled
[19.345s] ** WARNING ** io features related to png will be disabled
[19.480s] -- The imported target "vtkRenderingPythonTkWidgets" references the file
[19.480s]    "/usr/lib/x86_64-linux-gnu/libvtkRenderingPythonTkWidgets.so"
[19.481s] but this file does not exist.  Possible reasons include:
[19.481s] * The file was deleted, renamed, or moved to another location.
[19.481s] * An install or uninstall procedure did not complete successfully.
[19.481s] * The installation package was faulty and contained
[19.481s]    "/usr/lib/cmake/vtk-6.3/VTKTargets.cmake"
[19.481s] but not all the files it references.
[19.482s] 
[19.482s] -- The imported target "vtk" references the file
[19.482s]    "/usr/bin/vtk"
[19.482s] but this file does not exist.  Possible reasons include:
[19.482s] * The file was deleted, renamed, or moved to another location.
[19.483s] * An install or uninstall procedure did not complete successfully.
[19.483s] * The installation package was faulty and contained
[19.483s]    "/usr/lib/cmake/vtk-6.3/VTKTargets.cmake"
[19.483s] but not all the files it references.
[19.483s] 
[19.740s] -- Found libusb-1.0: /usr/include  
[19.741s] ** WARNING ** io features related to libusb-1.0 will be disabled
[19.742s] -- looking for PCL_COMMON
[19.745s] -- Found PCL_COMMON: /usr/lib/x86_64-linux-gnu/libpcl_common.so  
[19.746s] -- looking for PCL_OCTREE
[19.750s] -- Found PCL_OCTREE: /usr/lib/x86_64-linux-gnu/libpcl_octree.so  
[19.751s] -- looking for PCL_IO
[19.754s] -- Found PCL_IO: /usr/lib/x86_64-linux-gnu/libpcl_io.so  
[19.776s] -- Found PCL: /usr/lib/x86_64-linux-gnu/libboost_system.so;/usr/lib/x86_64-linux-gnu/libboost_filesystem.so;/usr/lib/x86_64-linux-gnu/libboost_thread.so;/usr/lib/x86_64-linux-gnu/libboost_date_time.so;/usr/lib/x86_64-linux-gnu/libboost_iostreams.so;/usr/lib/x86_64-linux-gnu/libboost_serialization.so;/usr/lib/x86_64-linux-gnu/libboost_chrono.so;/usr/lib/x86_64-linux-gnu/libboost_atomic.so;/usr/lib/x86_64-linux-gnu/libboost_regex.so;/usr/lib/x86_64-linux-gnu/libpthread.so;optimized;/usr/lib/x86_64-linux-gnu/libpcl_common.so;debug;/usr/lib/x86_64-linux-gnu/libpcl_common.so;optimized;/usr/lib/x86_64-linux-gnu/libpcl_octree.so;debug;/usr/lib/x86_64-linux-gnu/libpcl_octree.so;/usr/lib/libOpenNI.so;/usr/lib/libOpenNI2.so;vtkChartsCore;vtkCommonColor;vtkCommonDataModel;vtkCommonMath;vtkCommonCore;vtksys;vtkCommonMisc;vtkCommonSystem;vtkCommonTransforms;vtkInfovisCore;vtkFiltersExtraction;vtkCommonExecutionModel;vtkFiltersCore;vtkFiltersGeneral;vtkCommonComputationalGeometry;vtkFiltersStatistics;vtkImagingFourier;vtkImagingCore;vtkalglib;vtkRenderingContext2D;vtkRenderingCore;vtkFiltersGeometry;vtkFiltersSources;vtkRenderingFreeType;/usr/lib/x86_64-linux-gnu/libfreetype.so;/usr/lib/x86_64-linux-gnu/libz.so;vtkftgl;vtkDICOMParser;vtkDomainsChemistry;vtkIOXML;vtkIOGeometry;vtkIOCore;vtkIOXMLParser;/usr/lib/x86_64-linux-gnu/libexpat.so;vtkFiltersAMR;vtkParallelCore;vtkIOLegacy;vtkFiltersFlowPaths;vtkFiltersGeneric;vtkFiltersHybrid;vtkImagingSources;vtkFiltersHyperTree;vtkFiltersImaging;vtkImagingGeneral;vtkFiltersModeling;vtkFiltersParallel;vtkFiltersParallelFlowPaths;vtkParallelMPI;vtkFiltersParallelGeometry;vtkFiltersParallelImaging;vtkFiltersParallelMPI;vtkFiltersParallelStatistics;vtkFiltersProgrammable;vtkFiltersPython;/usr/lib/x86_64-linux-gnu/libpython2.7.so;vtkWrappingPythonCore;vtkWrappingTools;vtkFiltersReebGraph;vtkFiltersSMP;vtkFiltersSelection;vtkFiltersTexture;vtkFiltersVerdict;verdict;vtkGUISupportQt;vtkInteractionStyle;vtkRenderingOpenGL;vtkImagingHybrid;vtkIOImage;vtkmetaio;/usr/lib/x86_64-linux-gnu/libjpeg.so;/usr/lib/x86_64-linux-gnu/libpng.so;/usr/lib/x86_64-linux-gnu/libtiff.so;vtkGUISupportQtOpenGL;vtkGUISupportQtSQL;vtkIOSQL;sqlite3;vtkGUISupportQtWebkit;vtkViewsQt;vtkViewsInfovis;vtkInfovisLayout;vtkInfovisBoostGraphAlgorithms;vtkRenderingLabel;vtkViewsCore;vtkInteractionWidgets;vtkRenderingAnnotation;vtkImagingColor;vtkRenderingVolume;vtkGeovisCore;/usr/lib/x86_64-linux-gnu/libproj.so;vtkIOAMR;/usr/lib/x86_64-linux-gnu/hdf5/openmpi/libhdf5.so;/usr/lib/x86_64-linux-gnu/libsz.so;/usr/lib/x86_64-linux-gnu/libdl.so;/usr/lib/x86_64-linux-gnu/libm.so;/usr/lib/x86_64-linux-gnu/openmpi/lib/libmpi.so;vtkIOEnSight;vtkIOExodus;vtkexoIIc;/usr/lib/x86_64-linux-gnu/libnetcdf_c++.so;/usr/lib/x86_64-linux-gnu/libnetcdf.so;vtkIOExport;vtkRenderingGL2PS;vtkRenderingContextOpenGL;/usr/lib/x86_64-linux-gnu/libgl2ps.so;vtkIOFFMPEG;vtkIOMovie;/usr/lib/x86_64-linux-gnu/libtheoraenc.so;/usr/lib/x86_64-linux-gnu/libtheoradec.so;/usr/lib/x86_64-linux-gnu/libogg.so;vtkIOGDAL;vtkIOGeoJSON;vtkIOImport;vtkIOInfovis;/usr/lib/x86_64-linux-gnu/libxml2.so;vtkIOLSDyna;vtkIOMINC;vtkIOMPIImage;vtkIOMPIParallel;vtkIOParallel;vtkIONetCDF;/usr/lib/x86_64-linux-gnu/libjsoncpp.so;vtkIOMySQL;vtkIOODBC;vtkIOPLY;vtkIOParallelExodus;vtkIOParallelLSDyna;vtkIOParallelNetCDF;vtkIOParallelXML;vtkIOPostgreSQL;vtkIOVPIC;VPIC;vtkIOVideo;vtkIOXdmf2;vtkxdmf2;vtkImagingMath;vtkImagingMorphological;vtkImagingStatistics;vtkImagingStencil;vtkInteractionImage;vtkLocalExample;vtkParallelMPI4Py;vtkPythonInterpreter;vtkRenderingExternal;vtkRenderingFreeTypeFontConfig;vtkRenderingImage;vtkRenderingLIC;vtkRenderingLOD;vtkRenderingMatplotlib;vtkRenderingParallel;vtkRenderingParallelLIC;vtkRenderingQt;vtkRenderingVolumeAMR;vtkRenderingVolumeOpenGL;vtkTestingGenericBridge;vtkTestingIOSQL;vtkTestingRendering;vtkViewsContext2D;vtkViewsGeovis;vtkWrappingJava;optimized;/usr/lib/x86_64-linux-gnu/libpcl_io.so;debug;/usr/lib/x86_64-linux-gnu/libpcl_io.so;/usr/lib/x86_64-linux-gnu/libboost_system.so;/usr/lib/x86_64-linux-gnu/libboost_filesystem.so;/usr/lib/x86_64-linux-gnu/libboost_thread.so;/usr/lib/x86_64-linux-gnu/libboost_date_time.so;/usr/lib/x86_64-linux-gnu/libboost_iostreams.so;/usr/lib/x86_64-linux-gnu/libboost_serialization.so;/usr/lib/x86_64-linux-gnu/libboost_chrono.so;/usr/lib/x86_64-linux-gnu/libboost_atomic.so;/usr/lib/x86_64-linux-gnu/libboost_regex.so;/usr/lib/x86_64-linux-gnu/libpthread.so;/usr/lib/libOpenNI.so;/usr/lib/libOpenNI2.so;vtkChartsCore;vtkCommonColor;vtkCommonDataModel;vtkCommonMath;vtkCommonCore;vtksys;vtkCommonMisc;vtkCommonSystem;vtkCommonTransforms;vtkInfovisCore;vtkFiltersExtraction;vtkCommonExecutionModel;vtkFiltersCore;vtkFiltersGeneral;vtkCommonComputationalGeometry;vtkFiltersStatistics;vtkImagingFourier;vtkImagingCore;vtkalglib;vtkRenderingContext2D;vtkRenderingCore;vtkFiltersGeometry;vtkFiltersSources;vtkRenderingFreeType;/usr/lib/x86_64-linux-gnu/libfreetype.so;/usr/lib/x86_64-linux-gnu/libz.so;vtkftgl;vtkDICOMParser;vtkDomainsChemistry;vtkIOXML;vtkIOGeometry;vtkIOCore;vtkIOXMLParser;/usr/lib/x86_64-linux-gnu/libexpat.so;vtkFiltersAMR;vtkParallelCore;vtkIOLegacy;vtkFiltersFlowPaths;vtkFiltersGeneric;vtkFiltersHybrid;vtkImagingSources;vtkFiltersHyperTree;vtkFiltersImaging;vtkImagingGeneral;vtkFiltersModeling;vtkFiltersParallel;vtkFiltersParallelFlowPaths;vtkParallelMPI;vtkFiltersParallelGeometry;vtkFiltersParallelImaging;vtkFiltersParallelMPI;vtkFiltersParallelStatistics;vtkFiltersProgrammable;vtkFiltersPython;/usr/lib/x86_64-linux-gnu/libpython2.7.so;vtkWrappingPythonCore;vtkWrappingTools;vtkFiltersReebGraph;vtkFiltersSMP;vtkFiltersSelection;vtkFiltersTexture;vtkFiltersVerdict;verdict;vtkGUISupportQt;vtkInteractionStyle;vtkRenderingOpenGL;vtkImagingHybrid;vtkIOImage;vtkmetaio;/usr/lib/x86_64-linux-gnu/libjpeg.so;/usr/lib/x86_64-linux-gnu/libpng.so;/usr/lib/x86_64-linux-gnu/libtiff.so;vtkGUISupportQtOpenGL;vtkGUISupportQtSQL;vtkIOSQL;sqlite3;vtkGUISupportQtWebkit;vtkViewsQt;vtkViewsInfovis;vtkInfovisLayout;vtkInfovisBoostGraphAlgorithms;vtkRenderingLabel;vtkViewsCore;vtkInteractionWidgets;vtkRenderingAnnotation;vtkImagingColor;vtkRenderingVolume;vtkGeovisCore;/usr/lib/x86_64-linux-gnu/libproj.so;vtkIOAMR;/usr/lib/x86_64-linux-gnu/hdf5/openmpi/libhdf5.so;/usr/lib/x86_64-linux-gnu/libsz.so;/usr/lib/x86_64-linux-gnu/libdl.so;/usr/lib/x86_64-linux-gnu/libm.so;/usr/lib/x86_64-linux-gnu/openmpi/lib/libmpi.so;vtkIOEnSight;vtkIOExodus;vtkexoIIc;/usr/lib/x86_64-linux-gnu/libnetcdf_c++.so;/usr/lib/x86_64-linux-gnu/libnetcdf.so;vtkIOExport;vtkRenderingGL2PS;vtkRenderingContextOpenGL;/usr/lib/x86_64-linux-gnu/libgl2ps.so;vtkIOFFMPEG;vtkIOMovie;/usr/lib/x86_64-linux-gnu/libtheoraenc.so;/usr/lib/x86_64-linux-gnu/libtheoradec.so;/usr/lib/x86_64-linux-gnu/libogg.so;vtkIOGDAL;vtkIOGeoJSON;vtkIOImport;vtkIOInfovis;/usr/lib/x86_64-linux-gnu/libxml2.so;vtkIOLSDyna;vtkIOMINC;vtkIOMPIImage;vtkIOMPIParallel;vtkIOParallel;vtkIONetCDF;/usr/lib/x86_64-linux-gnu/libjsoncpp.so;vtkIOMySQL;vtkIOODBC;vtkIOPLY;vtkIOParallelExodus;vtkIOParallelLSDyna;vtkIOParallelNetCDF;vtkIOParallelXML;vtkIOPostgreSQL;vtkIOVPIC;VPIC;vtkIOVideo;vtkIOXdmf2;vtkxdmf2;vtkImagingMath;vtkImagingMorphological;vtkImagingStatistics;vtkImagingStencil;vtkInteractionImage;vtkLocalExample;vtkParallelMPI4Py;vtkPythonInterpreter;vtkRenderingExternal;vtkRenderingFreeTypeFontConfig;vtkRenderingImage;vtkRenderingLIC;vtkRenderingLOD;vtkRenderingMatplotlib;vtkRenderingParallel;vtkRenderingParallelLIC;vtkRenderingQt;vtkRenderingVolumeAMR;vtkRenderingVolumeOpenGL;vtkTestingGenericBridge;vtkTestingIOSQL;vtkTestingRendering;vtkViewsContext2D;vtkViewsGeovis;vtkWrappingJava  
[19.828s] -- Boost version: 1.65.1
[19.829s] -- Found the following Boost libraries:
[19.829s] --   filesystem
[19.830s] --   system
[19.842s] -- Found CURL: /usr/lib/x86_64-linux-gnu/libcurl.so (found version "7.58.0") 
[20.528s] -- Configuring done
[21.253s] -- Generating done
[21.314s] -- Build files have been written to: /home/capstone/autoware.ai/build/map_file
[21.652s] [35m[1mScanning dependencies of target rosgraph_msgs_generate_messages_eus[0m
[21.744s] [  0%] Built target rosgraph_msgs_generate_messages_eus
[21.826s] [35m[1mScanning dependencies of target bond_generate_messages_eus[0m
[21.908s] [  0%] Built target bond_generate_messages_eus
[21.993s] [35m[1mScanning dependencies of target std_srvs_generate_messages_nodejs[0m
[22.076s] [  0%] Built target std_srvs_generate_messages_nodejs
[22.158s] [35m[1mScanning dependencies of target nodelet_generate_messages_py[0m
[22.244s] [  0%] Built target nodelet_generate_messages_py
[22.330s] [35m[1mScanning dependencies of target nodelet_generate_messages_nodejs[0m
[22.429s] [  0%] Built target nodelet_generate_messages_nodejs
[22.514s] [35m[1mScanning dependencies of target nodelet_generate_messages_eus[0m
[22.600s] [  0%] Built target nodelet_generate_messages_eus
[22.689s] [35m[1mScanning dependencies of target nodelet_generate_messages_cpp[0m
[22.776s] [  0%] Built target nodelet_generate_messages_cpp
[22.852s] [35m[1mScanning dependencies of target dynamic_reconfigure_generate_messages_cpp[0m
[22.938s] [  0%] Built target dynamic_reconfigure_generate_messages_cpp
[23.025s] [35m[1mScanning dependencies of target pcl_ros_gencfg[0m
[23.108s] [  0%] Built target pcl_ros_gencfg
[23.192s] [35m[1mScanning dependencies of target visualization_msgs_generate_messages_nodejs[0m
[23.273s] [  0%] Built target visualization_msgs_generate_messages_nodejs
[23.357s] [35m[1mScanning dependencies of target visualization_msgs_generate_messages_lisp[0m
[23.449s] [  0%] Built target visualization_msgs_generate_messages_lisp
[23.531s] [35m[1mScanning dependencies of target visualization_msgs_generate_messages_eus[0m
[23.619s] [  0%] Built target visualization_msgs_generate_messages_eus
[23.692s] [35m[1mScanning dependencies of target autoware_lanelet2_msgs_generate_messages_py[0m
[23.765s] [  0%] Built target autoware_lanelet2_msgs_generate_messages_py
[23.848s] [35m[1mScanning dependencies of target topic_tools_generate_messages_lisp[0m
[23.928s] [  0%] Built target topic_tools_generate_messages_lisp
[24.004s] [35m[1mScanning dependencies of target autoware_lanelet2_msgs_generate_messages_lisp[0m
[24.076s] [  0%] Built target autoware_lanelet2_msgs_generate_messages_lisp
[24.152s] [35m[1mScanning dependencies of target dynamic_reconfigure_gencfg[0m
[24.242s] [  0%] Built target dynamic_reconfigure_gencfg
[24.323s] [35m[1mScanning dependencies of target autoware_lanelet2_msgs_generate_messages_cpp[0m
[24.410s] [  0%] Built target autoware_lanelet2_msgs_generate_messages_cpp
[24.499s] [35m[1mScanning dependencies of target bond_generate_messages_cpp[0m
[24.580s] [  0%] Built target bond_generate_messages_cpp
[24.665s] [35m[1mScanning dependencies of target dynamic_reconfigure_generate_messages_nodejs[0m
[24.765s] [  0%] Built target dynamic_reconfigure_generate_messages_nodejs
[24.847s] [35m[1mScanning dependencies of target tf2_msgs_generate_messages_py[0m
[24.938s] [  0%] Built target tf2_msgs_generate_messages_py
[25.046s] [35m[1mScanning dependencies of target tf2_msgs_generate_messages_nodejs[0m
[25.121s] [  0%] Built target tf2_msgs_generate_messages_nodejs
[25.209s] [35m[1mScanning dependencies of target tf2_msgs_generate_messages_lisp[0m
[25.290s] [  0%] Built target tf2_msgs_generate_messages_lisp
[25.378s] [35m[1mScanning dependencies of target dynamic_reconfigure_generate_messages_lisp[0m
[25.464s] [  0%] Built target dynamic_reconfigure_generate_messages_lisp
[25.528s] [35m[1mScanning dependencies of target tf2_msgs_generate_messages_cpp[0m
[25.600s] [  0%] Built target tf2_msgs_generate_messages_cpp
[25.686s] [35m[1mScanning dependencies of target actionlib_generate_messages_py[0m
[25.777s] [  0%] Built target actionlib_generate_messages_py
[25.866s] [35m[1mScanning dependencies of target actionlib_generate_messages_nodejs[0m
[25.961s] [  0%] Built target actionlib_generate_messages_nodejs
[26.048s] [35m[1mScanning dependencies of target actionlib_generate_messages_cpp[0m
[26.135s] [  0%] Built target actionlib_generate_messages_cpp
[26.221s] [35m[1mScanning dependencies of target rosgraph_msgs_generate_messages_py[0m
[26.304s] [  0%] Built target rosgraph_msgs_generate_messages_py
[26.386s] [35m[1mScanning dependencies of target rosgraph_msgs_generate_messages_nodejs[0m
[26.469s] [  0%] Built target rosgraph_msgs_generate_messages_nodejs
[26.555s] [35m[1mScanning dependencies of target jsk_recognition_msgs_generate_messages_lisp[0m
[26.642s] [  0%] Built target jsk_recognition_msgs_generate_messages_lisp
[26.727s] [35m[1mScanning dependencies of target tf_generate_messages_cpp[0m
[26.800s] [  0%] Built target tf_generate_messages_cpp
[26.873s] [35m[1mScanning dependencies of target jsk_recognition_msgs_generate_messages_eus[0m
[26.956s] [  0%] Built target jsk_recognition_msgs_generate_messages_eus
[27.028s] [35m[1mScanning dependencies of target std_msgs_generate_messages_py[0m
[27.115s] [  0%] Built target std_msgs_generate_messages_py
[27.206s] [35m[1mScanning dependencies of target jsk_recognition_msgs_generate_messages_cpp[0m
[27.289s] [  0%] Built target jsk_recognition_msgs_generate_messages_cpp
[27.374s] [35m[1mScanning dependencies of target geometry_msgs_generate_messages_lisp[0m
[27.462s] [  0%] Built target geometry_msgs_generate_messages_lisp
[27.540s] [35m[1mScanning dependencies of target autoware_msgs_generate_messages_eus[0m
[27.624s] [  0%] Built target autoware_msgs_generate_messages_eus
[27.716s] [35m[1mScanning dependencies of target nodelet_generate_messages_lisp[0m
[27.792s] [  0%] Built target nodelet_generate_messages_lisp
[27.866s] [35m[1mScanning dependencies of target autoware_lanelet2_msgs_generate_messages_eus[0m
[27.939s] [  0%] Built target autoware_lanelet2_msgs_generate_messages_eus
[28.013s] [35m[1mScanning dependencies of target std_msgs_generate_messages_nodejs[0m
[28.091s] [  0%] Built target std_msgs_generate_messages_nodejs
[28.176s] [35m[1mScanning dependencies of target geometry_msgs_generate_messages_eus[0m
[28.262s] [  0%] Built target geometry_msgs_generate_messages_eus
[28.345s] [35m[1mScanning dependencies of target std_msgs_generate_messages_cpp[0m
[28.435s] [  0%] Built target std_msgs_generate_messages_cpp
[28.519s] [35m[1mScanning dependencies of target jsk_footstep_msgs_generate_messages_py[0m
[28.600s] [  0%] Built target jsk_footstep_msgs_generate_messages_py
[28.691s] [35m[1mScanning dependencies of target geometry_msgs_generate_messages_py[0m
[28.764s] [  0%] Built target geometry_msgs_generate_messages_py
[28.851s] [35m[1mScanning dependencies of target tf2_msgs_generate_messages_eus[0m
[28.939s] [  0%] Built target tf2_msgs_generate_messages_eus
[29.014s] [35m[1mScanning dependencies of target sensor_msgs_generate_messages_py[0m
[29.106s] [  0%] Built target sensor_msgs_generate_messages_py
[29.183s] [35m[1mScanning dependencies of target topic_tools_generate_messages_eus[0m
[29.269s] [  0%] Built target topic_tools_generate_messages_eus
[29.358s] [35m[1mScanning dependencies of target jsk_footstep_msgs_generate_messages_lisp[0m
[29.448s] [  0%] Built target jsk_footstep_msgs_generate_messages_lisp
[29.535s] [35m[1mScanning dependencies of target autoware_msgs_generate_messages_nodejs[0m
[29.610s] [  0%] Built target autoware_msgs_generate_messages_nodejs
[29.702s] [35m[1mScanning dependencies of target std_srvs_generate_messages_cpp[0m
[29.792s] [  0%] Built target std_srvs_generate_messages_cpp
[29.879s] [35m[1mScanning dependencies of target dynamic_reconfigure_generate_messages_py[0m
[29.969s] [  0%] Built target dynamic_reconfigure_generate_messages_py
[30.055s] [35m[1mScanning dependencies of target actionlib_msgs_generate_messages_eus[0m
[30.155s] [  0%] Built target actionlib_msgs_generate_messages_eus
[30.249s] [35m[1mScanning dependencies of target tf_generate_messages_eus[0m
[30.320s] [  0%] Built target tf_generate_messages_eus
[30.415s] [35m[1mScanning dependencies of target autoware_msgs_generate_messages_py[0m
[30.508s] [  0%] Built target autoware_msgs_generate_messages_py
[30.604s] [35m[1mScanning dependencies of target rosgraph_msgs_generate_messages_lisp[0m
[30.695s] [  0%] Built target rosgraph_msgs_generate_messages_lisp
[30.793s] [35m[1mScanning dependencies of target autoware_lanelet2_msgs_generate_messages_nodejs[0m
[30.884s] [  0%] Built target autoware_lanelet2_msgs_generate_messages_nodejs
[30.980s] [35m[1mScanning dependencies of target nodelet_topic_tools_gencfg[0m
[31.097s] [  0%] Built target nodelet_topic_tools_gencfg
[31.183s] [35m[1mScanning dependencies of target visualization_msgs_generate_messages_cpp[0m
[31.270s] [  0%] Built target visualization_msgs_generate_messages_cpp
[31.359s] [35m[1mScanning dependencies of target sensor_msgs_generate_messages_lisp[0m
[31.453s] [  0%] Built target sensor_msgs_generate_messages_lisp
[31.547s] [35m[1mScanning dependencies of target sensor_msgs_generate_messages_eus[0m
[31.635s] [  0%] Built target sensor_msgs_generate_messages_eus
[31.724s] [35m[1mScanning dependencies of target topic_tools_generate_messages_py[0m
[31.811s] [  0%] Built target topic_tools_generate_messages_py
[31.900s] [35m[1mScanning dependencies of target roscpp_generate_messages_cpp[0m
[31.990s] [  0%] Built target roscpp_generate_messages_cpp
[32.081s] [35m[1mScanning dependencies of target topic_tools_generate_messages_cpp[0m
[32.176s] [  0%] Built target topic_tools_generate_messages_cpp
[32.268s] [35m[1mScanning dependencies of target visualization_msgs_generate_messages_py[0m
[32.356s] [  0%] Built target visualization_msgs_generate_messages_py
[32.439s] [35m[1mScanning dependencies of target autoware_msgs_generate_messages_lisp[0m
[32.535s] [  0%] Built target autoware_msgs_generate_messages_lisp
[32.623s] [35m[1mScanning dependencies of target sensor_msgs_generate_messages_cpp[0m
[32.707s] [  0%] Built target sensor_msgs_generate_messages_cpp
[32.792s] [35m[1mScanning dependencies of target pcl_msgs_generate_messages_cpp[0m
[32.877s] [  0%] Built target pcl_msgs_generate_messages_cpp
[32.960s] [35m[1mScanning dependencies of target jsk_recognition_msgs_generate_messages_py[0m
[33.059s] [  0%] Built target jsk_recognition_msgs_generate_messages_py
[33.152s] [35m[1mScanning dependencies of target std_msgs_generate_messages_lisp[0m
[33.244s] [  0%] Built target std_msgs_generate_messages_lisp
[33.327s] [35m[1mScanning dependencies of target autoware_msgs_generate_messages_cpp[0m
[33.417s] [  0%] Built target autoware_msgs_generate_messages_cpp
[33.500s] [35m[1mScanning dependencies of target jsk_footstep_msgs_generate_messages_eus[0m
[33.576s] [  0%] Built target jsk_footstep_msgs_generate_messages_eus
[33.660s] [35m[1mScanning dependencies of target actionlib_generate_messages_lisp[0m
[33.738s] [  0%] Built target actionlib_generate_messages_lisp
[33.821s] [35m[1mScanning dependencies of target _catkin_empty_exported_target[0m
[33.912s] [  0%] Built target _catkin_empty_exported_target
[33.995s] [35m[1mScanning dependencies of target roscpp_generate_messages_lisp[0m
[34.079s] [  0%] Built target roscpp_generate_messages_lisp
[34.154s] [35m[1mScanning dependencies of target dynamic_reconfigure_generate_messages_eus[0m
[34.248s] [  0%] Built target dynamic_reconfigure_generate_messages_eus
[34.334s] [35m[1mScanning dependencies of target geometry_msgs_generate_messages_nodejs[0m
[34.430s] [  0%] Built target geometry_msgs_generate_messages_nodejs
[34.522s] [35m[1mScanning dependencies of target geometry_msgs_generate_messages_cpp[0m
[34.601s] [  0%] Built target geometry_msgs_generate_messages_cpp
[34.684s] [35m[1mScanning dependencies of target pcl_msgs_generate_messages_eus[0m
[34.763s] [  0%] Built target pcl_msgs_generate_messages_eus
[34.849s] [35m[1mScanning dependencies of target vector_map_msgs_generate_messages_lisp[0m
[34.936s] [  0%] Built target vector_map_msgs_generate_messages_lisp
[35.023s] [35m[1mScanning dependencies of target pcl_msgs_generate_messages_nodejs[0m
[35.112s] [  0%] Built target pcl_msgs_generate_messages_nodejs
[35.200s] [35m[1mScanning dependencies of target pcl_msgs_generate_messages_lisp[0m
[35.295s] [  0%] Built target pcl_msgs_generate_messages_lisp
[35.387s] [35m[1mScanning dependencies of target pcl_msgs_generate_messages_py[0m
[35.469s] [  0%] Built target pcl_msgs_generate_messages_py
[35.545s] [35m[1mScanning dependencies of target sensor_msgs_generate_messages_nodejs[0m
[35.634s] [  0%] Built target sensor_msgs_generate_messages_nodejs
[35.731s] [35m[1mScanning dependencies of target jsk_footstep_msgs_generate_messages_nodejs[0m
[35.825s] [  0%] Built target jsk_footstep_msgs_generate_messages_nodejs
[35.905s] [35m[1mScanning dependencies of target actionlib_msgs_generate_messages_cpp[0m
[35.979s] [  0%] Built target actionlib_msgs_generate_messages_cpp
[36.073s] [35m[1mScanning dependencies of target actionlib_msgs_generate_messages_py[0m
[36.168s] [  0%] Built target actionlib_msgs_generate_messages_py
[36.256s] [35m[1mScanning dependencies of target tf_generate_messages_lisp[0m
[36.338s] [  0%] Built target tf_generate_messages_lisp
[36.425s] [35m[1mScanning dependencies of target tf_generate_messages_nodejs[0m
[36.530s] [  0%] Built target tf_generate_messages_nodejs
[36.598s] [35m[1mScanning dependencies of target std_msgs_generate_messages_eus[0m
[36.686s] [  0%] Built target std_msgs_generate_messages_eus
[36.778s] [35m[1mScanning dependencies of target actionlib_msgs_generate_messages_lisp[0m
[36.872s] [  0%] Built target actionlib_msgs_generate_messages_lisp
[36.968s] [35m[1mScanning dependencies of target actionlib_msgs_generate_messages_nodejs[0m
[37.048s] [  0%] Built target actionlib_msgs_generate_messages_nodejs
[37.121s] [35m[1mScanning dependencies of target tf_generate_messages_py[0m
[37.214s] [  0%] Built target tf_generate_messages_py
[37.305s] [35m[1mScanning dependencies of target jsk_recognition_msgs_generate_messages_nodejs[0m
[37.398s] [  0%] Built target jsk_recognition_msgs_generate_messages_nodejs
[37.490s] [35m[1mScanning dependencies of target roscpp_generate_messages_py[0m
[37.581s] [  0%] Built target roscpp_generate_messages_py
[37.656s] [35m[1mScanning dependencies of target roscpp_generate_messages_eus[0m
[37.732s] [  0%] Built target roscpp_generate_messages_eus
[37.830s] [35m[1mScanning dependencies of target jsk_footstep_msgs_generate_messages_cpp[0m
[37.919s] [  0%] Built target jsk_footstep_msgs_generate_messages_cpp
[38.008s] [35m[1mScanning dependencies of target roscpp_generate_messages_nodejs[0m
[38.082s] [  0%] Built target roscpp_generate_messages_nodejs
[38.168s] [35m[1mScanning dependencies of target actionlib_generate_messages_eus[0m
[38.259s] [  0%] Built target actionlib_generate_messages_eus
[38.349s] [35m[1mScanning dependencies of target rosgraph_msgs_generate_messages_cpp[0m
[38.439s] [  0%] Built target rosgraph_msgs_generate_messages_cpp
[38.514s] [35m[1mScanning dependencies of target std_srvs_generate_messages_py[0m
[38.599s] [  0%] Built target std_srvs_generate_messages_py
[38.691s] [35m[1mScanning dependencies of target get_file[0m
[38.798s] [  7%] [32mBuilding CXX object CMakeFiles/get_file.dir/lib/map_file/get_file.cpp.o[0m
[39.693s] [ 15%] [32m[1mLinking CXX shared library devel/lib/libget_file.so[0m
[39.967s] [ 15%] Built target get_file
[40.056s] [35m[1mScanning dependencies of target bond_generate_messages_lisp[0m
[40.153s] [ 15%] Built target bond_generate_messages_lisp
[40.228s] [35m[1mScanning dependencies of target bond_generate_messages_nodejs[0m
[40.315s] [ 15%] Built target bond_generate_messages_nodejs
[40.405s] [35m[1mScanning dependencies of target bond_generate_messages_py[0m
[40.503s] [ 15%] Built target bond_generate_messages_py
[40.597s] [35m[1mScanning dependencies of target std_srvs_generate_messages_eus[0m
[40.690s] [ 15%] Built target std_srvs_generate_messages_eus
[40.776s] [35m[1mScanning dependencies of target std_srvs_generate_messages_lisp[0m
[40.849s] [ 15%] Built target std_srvs_generate_messages_lisp
[40.937s] [35m[1mScanning dependencies of target topic_tools_generate_messages_nodejs[0m
[41.032s] [ 15%] Built target topic_tools_generate_messages_nodejs
[41.107s] [35m[1mScanning dependencies of target vector_map_msgs_generate_messages_cpp[0m
[41.181s] [ 15%] Built target vector_map_msgs_generate_messages_cpp
[41.261s] [35m[1mScanning dependencies of target vector_map_msgs_generate_messages_eus[0m
[41.351s] [ 15%] Built target vector_map_msgs_generate_messages_eus
[41.448s] [35m[1mScanning dependencies of target vector_map_msgs_generate_messages_nodejs[0m
[41.544s] [ 15%] Built target vector_map_msgs_generate_messages_nodejs
[41.622s] [35m[1mScanning dependencies of target vector_map_msgs_generate_messages_py[0m
[41.706s] [ 15%] Built target vector_map_msgs_generate_messages_py
[41.792s] [35m[1mScanning dependencies of target lanelet2_map_visualization[0m
[41.980s] [ 23%] [32mBuilding CXX object CMakeFiles/lanelet2_map_visualization.dir/nodes/lanelet2_map_loader/lanelet2_map_visualization.cpp.o[0m
[53.026s] [ 30%] [32m[1mLinking CXX executable devel/lib/map_file/lanelet2_map_visualization[0m
[53.837s] [ 30%] Built target lanelet2_map_visualization
[53.920s] [35m[1mScanning dependencies of target points_map_filter[0m
[54.173s] [ 38%] [32mBuilding CXX object CMakeFiles/points_map_filter.dir/nodes/points_map_filter/points_map_filter_node.cpp.o[0m
[66.168s] [ 46%] [32mBuilding CXX object CMakeFiles/points_map_filter.dir/nodes/points_map_filter/points_map_filter.cpp.o[0m
[84.131s] [ 53%] [32m[1mLinking CXX executable devel/lib/map_file/points_map_filter[0m
[87.933s] [ 53%] Built target points_map_filter
[88.088s] [35m[1mScanning dependencies of target vector_map_loader[0m
[88.105s] [35m[1mScanning dependencies of target points_map_loader[0m
[88.292s] [ 61%] [32mBuilding CXX object CMakeFiles/vector_map_loader.dir/nodes/vector_map_loader/vector_map_loader.cpp.o[0m
[88.537s] [ 69%] [32mBuilding CXX object CMakeFiles/points_map_loader.dir/nodes/points_map_loader/points_map_loader.cpp.o[0m
[109.614s] [ 76%] [32m[1mLinking CXX executable devel/lib/map_file/points_map_loader[0m
[110.213s] [ 84%] [32m[1mLinking CXX executable devel/lib/map_file/vector_map_loader[0m
[111.536s] [ 84%] Built target vector_map_loader
[112.895s] [ 84%] Built target points_map_loader
[112.988s] [35m[1mScanning dependencies of target lanelet2_map_loader[0m
[113.164s] [ 92%] [32mBuilding CXX object CMakeFiles/lanelet2_map_loader.dir/nodes/lanelet2_map_loader/lanelet2_map_loader.cpp.o[0m
[121.728s] [100%] [32m[1mLinking CXX executable devel/lib/map_file/lanelet2_map_loader[0m
[122.596s] [100%] Built target lanelet2_map_loader
[124.421s] [35m[1mScanning dependencies of target tests[0m
[124.491s] Built target tests
[126.363s] [  0%] Built target rosgraph_msgs_generate_messages_eus
[126.373s] [  0%] Built target vector_map_msgs_generate_messages_py
[126.565s] [  0%] Built target bond_generate_messages_eus
[126.592s] [  0%] Built target std_srvs_generate_messages_nodejs
[126.797s] [  0%] Built target nodelet_generate_messages_py
[126.823s] [  0%] Built target nodelet_generate_messages_nodejs
[127.008s] [  0%] Built target nodelet_generate_messages_eus
[127.071s] [  0%] Built target nodelet_generate_messages_cpp
[127.233s] [  0%] Built target dynamic_reconfigure_generate_messages_cpp
[127.260s] [  0%] Built target pcl_ros_gencfg
[127.444s] [  0%] Built target visualization_msgs_generate_messages_nodejs
[127.513s] [  0%] Built target visualization_msgs_generate_messages_lisp
[127.699s] [  0%] Built target visualization_msgs_generate_messages_eus
[127.764s] [  0%] Built target autoware_lanelet2_msgs_generate_messages_py
[127.934s] [  0%] Built target topic_tools_generate_messages_lisp
[127.992s] [  0%] Built target autoware_lanelet2_msgs_generate_messages_lisp
[128.238s] [  0%] Built target dynamic_reconfigure_gencfg
[128.308s] [  0%] Built target autoware_lanelet2_msgs_generate_messages_cpp
[128.410s] [  0%] Built target bond_generate_messages_cpp
[128.541s] [  0%] Built target bond_generate_messages_lisp
[128.606s] [  0%] Built target dynamic_reconfigure_generate_messages_nodejs
[128.703s] [  0%] Built target tf2_msgs_generate_messages_py
[128.802s] [  0%] Built target tf2_msgs_generate_messages_nodejs
[128.923s] [  0%] Built target tf2_msgs_generate_messages_lisp
[128.984s] [  0%] Built target dynamic_reconfigure_generate_messages_lisp
[129.176s] [  0%] Built target tf2_msgs_generate_messages_cpp
[129.300s] [  0%] Built target actionlib_generate_messages_py
[129.359s] [  0%] Built target actionlib_generate_messages_nodejs
[129.540s] [  0%] Built target actionlib_generate_messages_cpp
[129.589s] [  0%] Built target bond_generate_messages_nodejs
[129.681s] [  0%] Built target rosgraph_msgs_generate_messages_py
[129.752s] [  0%] Built target rosgraph_msgs_generate_messages_nodejs
[129.889s] [  0%] Built target jsk_recognition_msgs_generate_messages_lisp
[129.907s] [  0%] Built target tf_generate_messages_cpp
[130.119s] [  0%] Built target geometry_msgs_generate_messages_lisp
[130.341s] [  0%] Built target autoware_msgs_generate_messages_eus
[130.562s] [  0%] Built target nodelet_generate_messages_lisp
[130.779s] [  0%] Built target autoware_lanelet2_msgs_generate_messages_eus
[130.983s] [  0%] Built target std_msgs_generate_messages_nodejs
[131.177s] [  0%] Built target geometry_msgs_generate_messages_eus
[131.384s] [  0%] Built target std_msgs_generate_messages_cpp
[131.587s] [  0%] Built target jsk_footstep_msgs_generate_messages_py
[131.804s] [  0%] Built target geometry_msgs_generate_messages_py
[131.991s] [  0%] Built target tf2_msgs_generate_messages_eus
[132.163s] [  0%] Built target sensor_msgs_generate_messages_py
[132.357s] [  0%] Built target topic_tools_generate_messages_eus
[132.537s] [  0%] Built target jsk_footstep_msgs_generate_messages_lisp
[132.732s] [  0%] Built target autoware_msgs_generate_messages_nodejs
[132.926s] [  0%] Built target std_srvs_generate_messages_cpp
[133.121s] [  0%] Built target dynamic_reconfigure_generate_messages_py
[133.323s] [  0%] Built target actionlib_msgs_generate_messages_eus
[133.523s] [  0%] Built target tf_generate_messages_eus
[133.745s] [  0%] Built target autoware_msgs_generate_messages_py
[133.954s] [  0%] Built target rosgraph_msgs_generate_messages_lisp
[134.165s] [  0%] Built target autoware_lanelet2_msgs_generate_messages_nodejs
[134.403s] [  0%] Built target nodelet_topic_tools_gencfg
[134.625s] [  0%] Built target visualization_msgs_generate_messages_cpp
[134.834s] [  0%] Built target sensor_msgs_generate_messages_lisp
[135.060s] [  0%] Built target sensor_msgs_generate_messages_eus
[135.272s] [  0%] Built target topic_tools_generate_messages_py
[135.504s] [  0%] Built target roscpp_generate_messages_cpp
[135.725s] [  0%] Built target topic_tools_generate_messages_cpp
[135.938s] [  0%] Built target visualization_msgs_generate_messages_py
[136.118s] [  0%] Built target autoware_msgs_generate_messages_lisp
[136.302s] [  0%] Built target sensor_msgs_generate_messages_cpp
[136.495s] [  0%] Built target pcl_msgs_generate_messages_cpp
[136.675s] [  0%] Built target jsk_recognition_msgs_generate_messages_py
[136.884s] [  0%] Built target std_msgs_generate_messages_lisp
[137.089s] [  0%] Built target autoware_msgs_generate_messages_cpp
[137.273s] [  0%] Built target jsk_footstep_msgs_generate_messages_eus
[137.448s] [  0%] Built target actionlib_generate_messages_lisp
[137.661s] [  0%] Built target _catkin_empty_exported_target
[137.857s] [  0%] Built target roscpp_generate_messages_lisp
[138.059s] [  0%] Built target dynamic_reconfigure_generate_messages_eus
[138.246s] [  0%] Built target geometry_msgs_generate_messages_nodejs
[138.417s] [  0%] Built target geometry_msgs_generate_messages_cpp
[138.609s] [  0%] Built target pcl_msgs_generate_messages_eus
[138.804s] [  0%] Built target vector_map_msgs_generate_messages_lisp
[138.980s] [  0%] Built target pcl_msgs_generate_messages_nodejs
[139.175s] [  0%] Built target pcl_msgs_generate_messages_lisp
[139.344s] [  0%] Built target pcl_msgs_generate_messages_py
[139.522s] [  0%] Built target sensor_msgs_generate_messages_nodejs
[139.695s] [  0%] Built target jsk_footstep_msgs_generate_messages_nodejs
[139.868s] [  0%] Built target actionlib_msgs_generate_messages_cpp
[140.049s] [  0%] Built target actionlib_msgs_generate_messages_py
[140.214s] [  0%] Built target tf_generate_messages_lisp
[140.379s] [  0%] Built target tf_generate_messages_nodejs
[140.533s] [  0%] Built target std_msgs_generate_messages_eus
[140.712s] [  0%] Built target actionlib_msgs_generate_messages_lisp
[140.894s] [  0%] Built target actionlib_msgs_generate_messages_nodejs
[141.065s] [  0%] Built target tf_generate_messages_py
[141.233s] [  0%] Built target jsk_recognition_msgs_generate_messages_nodejs
[141.413s] [  0%] Built target roscpp_generate_messages_py
[141.574s] [  0%] Built target roscpp_generate_messages_eus
[141.737s] [  0%] Built target jsk_footstep_msgs_generate_messages_cpp
[141.926s] [  0%] Built target roscpp_generate_messages_nodejs
[142.108s] [  0%] Built target actionlib_generate_messages_eus
[142.283s] [  0%] Built target rosgraph_msgs_generate_messages_cpp
[142.468s] [  0%] Built target std_srvs_generate_messages_py
[142.657s] [ 15%] Built target get_file
[142.838s] [ 15%] Built target jsk_recognition_msgs_generate_messages_cpp
[142.996s] [ 15%] Built target std_msgs_generate_messages_py
[143.181s] [ 15%] Built target jsk_recognition_msgs_generate_messages_eus
[143.346s] [ 15%] Built target bond_generate_messages_py
[143.525s] [ 15%] Built target std_srvs_generate_messages_eus
[143.676s] [ 15%] Built target std_srvs_generate_messages_lisp
[143.853s] [ 15%] Built target topic_tools_generate_messages_nodejs
[144.029s] [ 15%] Built target vector_map_msgs_generate_messages_cpp
[144.204s] [ 15%] Built target vector_map_msgs_generate_messages_eus
[144.365s] [ 15%] Built target vector_map_msgs_generate_messages_nodejs
[144.578s] [ 30%] Built target lanelet2_map_visualization
[144.765s] [ 53%] Built target points_map_filter
[144.935s] [ 69%] Built target points_map_loader
[145.095s] [ 84%] Built target vector_map_loader
[145.290s] [100%] Built target lanelet2_map_loader
[145.474s] [36mInstall the project...[0m
[145.547s] -- Install configuration: "Release"
[145.548s] -- Installing: /home/capstone/autoware.ai/install/map_file/lib/pkgconfig/map_file.pc
[145.548s] -- Installing: /home/capstone/autoware.ai/install/map_file/share/map_file/cmake/map_fileConfig.cmake
[145.548s] -- Installing: /home/capstone/autoware.ai/install/map_file/share/map_file/cmake/map_fileConfig-version.cmake
[145.549s] -- Installing: /home/capstone/autoware.ai/install/map_file/share/map_file/package.xml
[145.549s] -- Installing: /home/capstone/autoware.ai/install/map_file/lib/libget_file.so
[145.550s] -- Installing: /home/capstone/autoware.ai/install/map_file/lib/map_file/points_map_loader
[145.552s] -- Set runtime path of "/home/capstone/autoware.ai/install/map_file/lib/map_file/points_map_loader" to ""
[145.552s] -- Installing: /home/capstone/autoware.ai/install/map_file/lib/map_file/vector_map_loader
[145.554s] -- Set runtime path of "/home/capstone/autoware.ai/install/map_file/lib/map_file/vector_map_loader" to ""
[145.555s] -- Installing: /home/capstone/autoware.ai/install/map_file/lib/map_file/lanelet2_map_loader
[145.556s] -- Set runtime path of "/home/capstone/autoware.ai/install/map_file/lib/map_file/lanelet2_map_loader" to ""
[145.556s] -- Installing: /home/capstone/autoware.ai/install/map_file/lib/map_file/lanelet2_map_visualization
[145.557s] -- Set runtime path of "/home/capstone/autoware.ai/install/map_file/lib/map_file/lanelet2_map_visualization" to ""
[145.558s] -- Installing: /home/capstone/autoware.ai/install/map_file/lib/map_file/points_map_filter
[145.559s] -- Set runtime path of "/home/capstone/autoware.ai/install/map_file/lib/map_file/points_map_filter" to ""
[145.560s] -- Installing: /home/capstone/autoware.ai/install/map_file/include/map_file
[145.560s] -- Installing: /home/capstone/autoware.ai/install/map_file/include/map_file/get_file.h
[145.561s] -- Installing: /home/capstone/autoware.ai/install/map_file/include/map_file/points_map_filter.h
[145.561s] -- Installing: /home/capstone/autoware.ai/install/map_file/share/map_file/launch
[145.561s] -- Installing: /home/capstone/autoware.ai/install/map_file/share/map_file/launch/vector_map_loader.launch
[145.561s] -- Installing: /home/capstone/autoware.ai/install/map_file/share/map_file/launch/map_filter.launch
[145.561s] -- Installing: /home/capstone/autoware.ai/install/map_file/share/map_file/launch/lanelet2_map_loader.launch
[145.562s] -- Installing: /home/capstone/autoware.ai/install/map_file/share/map_file/launch/map_downloader.launch
[145.562s] -- Installing: /home/capstone/autoware.ai/install/map_file/share/map_file/launch/points_map_loader.launch
