[0.798s] -- The C compiler identification is GNU 7.5.0
[1.095s] -- The CXX compiler identification is GNU 7.5.0
[1.132s] -- Check for working C compiler: /usr/bin/cc
[1.793s] -- Check for working C compiler: /usr/bin/cc -- works
[1.794s] -- Detecting C compiler ABI info
[2.496s] -- Detecting C compiler ABI info - done
[2.525s] -- Detecting C compile features
[4.387s] -- Detecting C compile features - done
[4.403s] -- Check for working CXX compiler: /usr/bin/c++
[4.995s] -- Check for working CXX compiler: /usr/bin/c++ -- works
[5.000s] -- Detecting CXX compiler ABI info
[5.757s] -- Detecting CXX compiler ABI info - done
[5.780s] -- Detecting CXX compile features
[8.485s] -- Detecting CXX compile features - done
[8.492s] -- CUDA compilation status: 1.
[8.534s] -- Using CATKIN_DEVEL_PREFIX: /home/capstone/autoware.ai/build/vision_darknet_detect/devel
[8.535s] -- Using CMAKE_PREFIX_PATH: /home/capstone/autoware.ai/install/autoware_msgs;/home/capstone/autoware.ai/install/autoware_config_msgs;/home/capstone/autoware.ai/install/autoware_build_flags;/home/capstone/autoware.ai/install/wf_simulator;/home/capstone/autoware.ai/install/vision_ssd_detect;/home/capstone/autoware.ai/install/vision_segment_enet_detect;/home/capstone/autoware.ai/install/vision_lane_detect;/home/capstone/autoware.ai/install/vision_darknet_detect;/home/capstone/autoware.ai/install/vision_beyond_track;/home/capstone/autoware.ai/install/vel_pose_diff_checker;/home/capstone/autoware.ai/install/vehicle_socket;/home/capstone/autoware.ai/install/vehicle_sim_model;/home/capstone/autoware.ai/install/vehicle_model;/home/capstone/autoware.ai/install/vehicle_gazebo_simulation_launcher;/home/capstone/autoware.ai/install/vehicle_gazebo_simulation_interface;/home/capstone/autoware.ai/install/vehicle_engage_panel;/home/capstone/autoware.ai/install/vehicle_description;/home/capstone/autoware.ai/install/op_ros_helpers;/home/capstone/autoware.ai/install/op_simu;/home/capstone/autoware.ai/install/op_planner;/home/capstone/autoware.ai/install/op_utility;/home/capstone/autoware.ai/install/vector_map_server;/home/capstone/autoware.ai/install/object_map;/home/capstone/autoware.ai/install/lanelet_aisan_converter;/home/capstone/autoware.ai/install/map_file;/home/capstone/autoware.ai/install/libvectormap;/home/capstone/autoware.ai/install/vector_map;/home/capstone/autoware.ai/install/vector_map_msgs;/home/capstone/autoware.ai/install/twist_generator;/home/capstone/autoware.ai/install/twist2odom;/home/capstone/autoware.ai/install/runtime_manager;/home/capstone/autoware.ai/install/tablet_socket_msgs;/home/capstone/autoware.ai/install/sound_player;/home/capstone/autoware.ai/install/points2image;/home/capstone/autoware.ai/install/rosinterface;/home/capstone/autoware.ai/install/rosbag_controller;/home/capstone/autoware.ai/install/points_preprocessor;/home/capstone/autoware.ai/install/lidar_localizer;/home/capstone/autoware.ai/install/emergency_handler;/home/capstone/autoware.ai/install/autoware_health_checker;/home/capstone/autoware.ai/install/ros_observer;/home/capstone/autoware.ai/install/range_vision_fusion;/home/capstone/autoware.ai/install/pos_db;/home/capstone/autoware.ai/install/points_downsampler;/home/capstone/autoware.ai/install/pixel_cloud_fusion;/home/capstone/autoware.ai/install/pcl_omp_registration;/home/capstone/autoware.ai/install/pc2_downsampler;/home/capstone/autoware.ai/install/obj_db;/home/capstone/autoware.ai/install/nmea_navsat;/home/capstone/autoware.ai/install/ndt_tku;/home/capstone/autoware.ai/install/ndt_gpu;/home/capstone/autoware.ai/install/ndt_cpu;/home/capstone/autoware.ai/install/multi_lidar_calibrator;/home/capstone/autoware.ai/install/mrt_cmake_modules;/home/capstone/autoware.ai/install/marker_downsampler;/home/capstone/autoware.ai/install/map_tools;/home/capstone/autoware.ai/install/map_tf_generator;/home/capstone/autoware.ai/install/log_tools;/home/capstone/autoware.ai/install/libwaypoint_follower;/home/capstone/autoware.ai/install/lgsvl_simulator_bridge;/home/capstone/autoware.ai/install/lanelet2_extension;/home/capstone/autoware.ai/install/lanelet2_validation;/home/capstone/autoware.ai/install/lanelet2_examples;/home/capstone/autoware.ai/install/lanelet2_python;/home/capstone/autoware.ai/install/lanelet2_routing;/home/capstone/autoware.ai/install/lanelet2_traffic_rules;/home/capstone/autoware.ai/install/lanelet2_projection;/home/capstone/autoware.ai/install/lanelet2_maps;/home/capstone/autoware.ai/install/lanelet2_io;/home/capstone/autoware.ai/install/lanelet2_core;/home/capstone/autoware.ai/install/integrated_viewer;/home/capstone/autoware.ai/install/image_processor;/home/capstone/autoware.ai/install/graph_tools;/home/capstone/autoware.ai/install/gnss_localizer;/home/capstone/autoware.ai/install/gnss;/home/capstone/autoware.ai/install/glviewer;/home/capstone/autoware.ai/install/gazebo_world_description;/home/capstone/autoware.ai/install/gazebo_imu_description;/home/capstone/autoware.ai/install/gazebo_camera_description;/home/capstone/autoware.ai/install/fastvirtualscan;/home/capstone/autoware.ai/install/ekf_localizer;/home/capstone/autoware.ai/install/detected_objects_visualizer;/home/capstone/autoware.ai/install/decision_maker_panel;/home/capstone/autoware.ai/install/data_preprocessor;/home/capstone/autoware.ai/install/carla_autoware_bridge;/home/capstone/autoware.ai/install/calibration_publisher;/home/capstone/autoware.ai/install/autoware_system_msgs;/home/capstone/autoware.ai/install/autoware_rviz_plugins;/home/capstone/autoware.ai/install/autoware_quickstart_examples;/home/capstone/autoware.ai/install/autoware_pointgrey_drivers;/home/capstone/autoware.ai/install/autoware_driveworks_interface;/home/capstone/autoware.ai/install/autoware_connector;/home/capstone/autoware.ai/install/autoware_camera_lidar_calibrator;/home/capstone/autoware.ai/install/amathutils_lib;/home/capstone/autoware.ai/install/autoware_map_msgs;/home/capstone/autoware.ai/install/autoware_launcher_rviz;/home/capstone/autoware.ai/install/autoware_launcher;/home/capstone/autoware.ai/install/autoware_lanelet2_msgs;/home/capstone/autoware.ai/install/autoware_external_msgs;/home/capstone/autoware.ai/install/autoware_driveworks_gmsl_interface;/home/capstone/autoware.ai/install/autoware_can_msgs;/home/capstone/autoware.ai/install/autoware_bag_tools;/opt/carla-ros-bridge/melodic;/opt/ros/melodic
[8.555s] -- This workspace overlays: /home/capstone/autoware.ai/install/autoware_msgs;/home/capstone/autoware.ai/install/autoware_config_msgs;/home/capstone/autoware.ai/install/autoware_build_flags;/home/capstone/autoware.ai/install/vehicle_sim_model;/home/capstone/autoware.ai/install/vehicle_model;/home/capstone/autoware.ai/install/vehicle_gazebo_simulation_launcher;/home/capstone/autoware.ai/install/vehicle_description;/home/capstone/autoware.ai/install/op_simu;/home/capstone/autoware.ai/install/op_planner;/home/capstone/autoware.ai/install/op_utility;/home/capstone/autoware.ai/install/vector_map_server;/home/capstone/autoware.ai/install/libvectormap;/home/capstone/autoware.ai/install/vector_map;/home/capstone/autoware.ai/install/vector_map_msgs;/home/capstone/autoware.ai/install/twist2odom;/home/capstone/autoware.ai/install/runtime_manager;/home/capstone/autoware.ai/install/tablet_socket_msgs;/home/capstone/autoware.ai/install/sound_player;/home/capstone/autoware.ai/install/rosinterface;/home/capstone/autoware.ai/install/rosbag_controller;/home/capstone/autoware.ai/install/autoware_health_checker;/home/capstone/autoware.ai/install/ros_observer;/home/capstone/autoware.ai/install/pos_db;/home/capstone/autoware.ai/install/pixel_cloud_fusion;/home/capstone/autoware.ai/install/pcl_omp_registration;/home/capstone/autoware.ai/install/pc2_downsampler;/home/capstone/autoware.ai/install/obj_db;/home/capstone/autoware.ai/install/nmea_navsat;/home/capstone/autoware.ai/install/ndt_tku;/home/capstone/autoware.ai/install/ndt_gpu;/home/capstone/autoware.ai/install/ndt_cpu;/home/capstone/autoware.ai/install/multi_lidar_calibrator;/home/capstone/autoware.ai/install/mrt_cmake_modules;/home/capstone/autoware.ai/install/marker_downsampler;/home/capstone/autoware.ai/install/map_tools;/home/capstone/autoware.ai/install/map_tf_generator;/home/capstone/autoware.ai/install/log_tools;/home/capstone/autoware.ai/install/libwaypoint_follower;/home/capstone/autoware.ai/install/lgsvl_simulator_bridge;/home/capstone/autoware.ai/install/lanelet2_traffic_rules;/home/capstone/autoware.ai/install/lanelet2_maps;/home/capstone/autoware.ai/install/lanelet2_core;/home/capstone/autoware.ai/install/integrated_viewer;/home/capstone/autoware.ai/install/image_processor;/home/capstone/autoware.ai/install/graph_tools;/home/capstone/autoware.ai/install/gnss_localizer;/home/capstone/autoware.ai/install/gnss;/home/capstone/autoware.ai/install/glviewer;/home/capstone/autoware.ai/install/gazebo_world_description;/home/capstone/autoware.ai/install/gazebo_imu_description;/home/capstone/autoware.ai/install/gazebo_camera_description;/home/capstone/autoware.ai/install/fastvirtualscan;/home/capstone/autoware.ai/install/detected_objects_visualizer;/home/capstone/autoware.ai/install/decision_maker_panel;/home/capstone/autoware.ai/install/data_preprocessor;/home/capstone/autoware.ai/install/carla_autoware_bridge;/home/capstone/autoware.ai/install/calibration_publisher;/home/capstone/autoware.ai/install/autoware_system_msgs;/home/capstone/autoware.ai/install/autoware_rviz_plugins;/home/capstone/autoware.ai/install/autoware_quickstart_examples;/home/capstone/autoware.ai/install/autoware_pointgrey_drivers;/home/capstone/autoware.ai/install/autoware_driveworks_interface;/home/capstone/autoware.ai/install/autoware_connector;/home/capstone/autoware.ai/install/autoware_camera_lidar_calibrator;/home/capstone/autoware.ai/install/amathutils_lib;/home/capstone/autoware.ai/install/autoware_map_msgs;/home/capstone/autoware.ai/install/autoware_launcher_rviz;/home/capstone/autoware.ai/install/autoware_launcher;/home/capstone/autoware.ai/install/autoware_lanelet2_msgs;/home/capstone/autoware.ai/install/autoware_external_msgs;/home/capstone/autoware.ai/install/autoware_driveworks_gmsl_interface;/home/capstone/autoware.ai/install/autoware_can_msgs;/home/capstone/autoware.ai/install/autoware_bag_tools;/opt/carla-ros-bridge/melodic;/opt/ros/melodic
[8.674s] -- Found PythonInterp: /usr/bin/python2 (found suitable version "2.7.17", minimum required is "2") 
[8.675s] -- Using PYTHON_EXECUTABLE: /usr/bin/python2
[8.675s] -- Using Debian Python package layout
[8.679s] -- Using empy: /usr/bin/empy
[9.190s] -- Using CATKIN_ENABLE_TESTING: ON
[9.191s] -- Call enable_testing()
[9.206s] -- Using CATKIN_TEST_RESULTS_DIR: /home/capstone/autoware.ai/build/vision_darknet_detect/test_results
[9.326s] -- Found gtest sources under '/usr/src/googletest': gtests will be built
[9.327s] -- Found gmock sources under '/usr/src/googletest': gmock will be built
[9.426s] -- Found PythonInterp: /usr/bin/python2 (found version "2.7.17") 
[9.428s] -- Looking for pthread.h
[9.957s] -- Looking for pthread.h - found
[9.958s] -- Looking for pthread_create
[10.507s] -- Looking for pthread_create - not found
[10.508s] -- Looking for pthread_create in pthreads
[11.013s] -- Looking for pthread_create in pthreads - not found
[11.013s] -- Looking for pthread_create in pthread
[11.523s] -- Looking for pthread_create in pthread - found
[11.526s] -- Found Threads: TRUE  
[11.537s] -- Using Python nosetests: /usr/bin/nosetests-2.7
[11.772s] -- catkin 0.7.23
[11.773s] -- BUILD_SHARED_LIBS is on
[13.485s] -- Using these message generators: gencpp;geneus;genlisp;gennodejs;genpy
[14.628s] -- Found CUDA: /usr/local/cuda (found version "10.0") 
[14.706s] -- Found OpenCV: /usr (found version "3.2.0") 
[16.676s] -- Found OpenMP_C: -fopenmp (found version "4.5") 
[17.242s] -- Found OpenMP_CXX: -fopenmp (found version "4.5") 
[17.245s] -- Found OpenMP: TRUE (found version "4.5")  
[18.137s] -- Configuring done
[18.463s] -- Generating done
[18.507s] -- Build files have been written to: /home/capstone/autoware.ai/build/vision_darknet_detect
[19.065s] [35m[1mScanning dependencies of target rosgraph_msgs_generate_messages_eus[0m
[19.192s] [  0%] Built target rosgraph_msgs_generate_messages_eus
[19.319s] [35m[1mScanning dependencies of target autoware_config_msgs_generate_messages_lisp[0m
[19.478s] [  0%] Built target autoware_config_msgs_generate_messages_lisp
[19.675s] [35m[1mScanning dependencies of target geometry_msgs_generate_messages_nodejs[0m
[19.803s] [  0%] Built target geometry_msgs_generate_messages_nodejs
[19.922s] [35m[1mScanning dependencies of target geometry_msgs_generate_messages_cpp[0m
[20.073s] [  0%] Built target geometry_msgs_generate_messages_cpp
[20.214s] [35m[1mScanning dependencies of target autoware_config_msgs_generate_messages_cpp[0m
[20.301s] [  0%] Built target autoware_config_msgs_generate_messages_cpp
[20.407s] [35m[1mScanning dependencies of target jsk_footstep_msgs_generate_messages_eus[0m
[20.571s] [  0%] Built target jsk_footstep_msgs_generate_messages_eus
[20.713s] [35m[1mScanning dependencies of target roscpp_generate_messages_lisp[0m
[20.872s] [  0%] Built target roscpp_generate_messages_lisp
[21.007s] [35m[1mScanning dependencies of target jsk_footstep_msgs_generate_messages_py[0m
[21.163s] [  0%] Built target jsk_footstep_msgs_generate_messages_py
[21.273s] [35m[1mScanning dependencies of target geometry_msgs_generate_messages_py[0m
[21.433s] [  0%] Built target geometry_msgs_generate_messages_py
[21.568s] [35m[1mScanning dependencies of target sensor_msgs_generate_messages_py[0m
[21.696s] [  0%] Built target sensor_msgs_generate_messages_py
[21.832s] [35m[1mScanning dependencies of target jsk_footstep_msgs_generate_messages_lisp[0m
[21.984s] [  0%] Built target jsk_footstep_msgs_generate_messages_lisp
[22.115s] [35m[1mScanning dependencies of target autoware_msgs_generate_messages_nodejs[0m
[22.225s] [  0%] Built target autoware_msgs_generate_messages_nodejs
[22.334s] [35m[1mScanning dependencies of target autoware_config_msgs_generate_messages_eus[0m
[22.430s] [  0%] Built target autoware_config_msgs_generate_messages_eus
[22.532s] [35m[1mScanning dependencies of target actionlib_msgs_generate_messages_eus[0m
[22.644s] [  0%] Built target actionlib_msgs_generate_messages_eus
[22.742s] [35m[1mScanning dependencies of target autoware_msgs_generate_messages_py[0m
[22.845s] [  0%] Built target autoware_msgs_generate_messages_py
[22.946s] [35m[1mScanning dependencies of target rosgraph_msgs_generate_messages_lisp[0m
[23.073s] [  0%] Built target rosgraph_msgs_generate_messages_lisp
[23.172s] [35m[1mScanning dependencies of target roscpp_generate_messages_eus[0m
[23.283s] [  0%] Built target roscpp_generate_messages_eus
[23.415s] [35m[1mScanning dependencies of target std_msgs_generate_messages_cpp[0m
[23.552s] [  0%] Built target std_msgs_generate_messages_cpp
[23.663s] [35m[1mScanning dependencies of target autoware_msgs_generate_messages_cpp[0m
[23.796s] [  0%] Built target autoware_msgs_generate_messages_cpp
[23.922s] [35m[1mScanning dependencies of target autoware_config_msgs_generate_messages_nodejs[0m
[24.073s] [  0%] Built target autoware_config_msgs_generate_messages_nodejs
[24.174s] [35m[1mScanning dependencies of target std_msgs_generate_messages_lisp[0m
[24.329s] [  0%] Built target std_msgs_generate_messages_lisp
[24.442s] [35m[1mScanning dependencies of target jsk_recognition_msgs_generate_messages_py[0m
[24.606s] [  0%] Built target jsk_recognition_msgs_generate_messages_py
[24.785s] [35m[1mScanning dependencies of target sensor_msgs_generate_messages_cpp[0m
[24.906s] [  0%] Built target sensor_msgs_generate_messages_cpp
[25.065s] [35m[1mScanning dependencies of target pcl_msgs_generate_messages_cpp[0m
[25.179s] [  0%] Built target pcl_msgs_generate_messages_cpp
[25.303s] [35m[1mScanning dependencies of target roscpp_generate_messages_cpp[0m
[25.446s] [  0%] Built target roscpp_generate_messages_cpp
[25.573s] [35m[1mScanning dependencies of target autoware_config_msgs_generate_messages_py[0m
[25.702s] [  0%] Built target autoware_config_msgs_generate_messages_py
[25.789s] [35m[1mScanning dependencies of target sensor_msgs_generate_messages_eus[0m
[25.887s] [  0%] Built target sensor_msgs_generate_messages_eus
[26.015s] [35m[1mScanning dependencies of target sensor_msgs_generate_messages_lisp[0m
[26.126s] [  0%] Built target sensor_msgs_generate_messages_lisp
[26.251s] [35m[1mScanning dependencies of target pcl_msgs_generate_messages_eus[0m
[26.381s] [  0%] Built target pcl_msgs_generate_messages_eus
[26.505s] [35m[1mScanning dependencies of target pcl_msgs_generate_messages_nodejs[0m
[26.617s] [  0%] Built target pcl_msgs_generate_messages_nodejs
[26.741s] [35m[1mScanning dependencies of target pcl_msgs_generate_messages_lisp[0m
[26.849s] [  0%] Built target pcl_msgs_generate_messages_lisp
[26.955s] [35m[1mScanning dependencies of target pcl_msgs_generate_messages_py[0m
[27.078s] [  0%] Built target pcl_msgs_generate_messages_py
[27.174s] [35m[1mScanning dependencies of target sensor_msgs_generate_messages_nodejs[0m
[27.289s] [  0%] Built target sensor_msgs_generate_messages_nodejs
[27.391s] [35m[1mScanning dependencies of target jsk_footstep_msgs_generate_messages_nodejs[0m
[27.515s] [  0%] Built target jsk_footstep_msgs_generate_messages_nodejs
[27.622s] [35m[1mScanning dependencies of target actionlib_msgs_generate_messages_cpp[0m
[27.735s] [  0%] Built target actionlib_msgs_generate_messages_cpp
[27.846s] [35m[1mScanning dependencies of target std_msgs_generate_messages_eus[0m
[27.965s] [  0%] Built target std_msgs_generate_messages_eus
[28.075s] [35m[1mScanning dependencies of target actionlib_msgs_generate_messages_lisp[0m
[28.196s] [  0%] Built target actionlib_msgs_generate_messages_lisp
[28.302s] [35m[1mScanning dependencies of target actionlib_msgs_generate_messages_nodejs[0m
[28.391s] [  0%] Built target actionlib_msgs_generate_messages_nodejs
[28.487s] [35m[1mScanning dependencies of target actionlib_msgs_generate_messages_py[0m
[28.610s] [  0%] Built target actionlib_msgs_generate_messages_py
[28.745s] [35m[1mScanning dependencies of target rosgraph_msgs_generate_messages_nodejs[0m
[28.858s] [  0%] Built target rosgraph_msgs_generate_messages_nodejs
[28.976s] [35m[1mScanning dependencies of target jsk_footstep_msgs_generate_messages_cpp[0m
[29.131s] [  0%] Built target jsk_footstep_msgs_generate_messages_cpp
[29.261s] [35m[1mScanning dependencies of target roscpp_generate_messages_nodejs[0m
[29.376s] [  0%] Built target roscpp_generate_messages_nodejs
[29.492s] [35m[1mScanning dependencies of target jsk_recognition_msgs_generate_messages_nodejs[0m
[29.608s] [  0%] Built target jsk_recognition_msgs_generate_messages_nodejs
[29.726s] [35m[1mScanning dependencies of target roscpp_generate_messages_py[0m
[29.838s] [  0%] Built target roscpp_generate_messages_py
[29.949s] [35m[1mScanning dependencies of target rosgraph_msgs_generate_messages_cpp[0m
[30.046s] [  0%] Built target rosgraph_msgs_generate_messages_cpp
[30.160s] [35m[1mScanning dependencies of target autoware_msgs_generate_messages_lisp[0m
[30.279s] [  0%] Built target autoware_msgs_generate_messages_lisp
[30.380s] [35m[1mScanning dependencies of target std_msgs_generate_messages_nodejs[0m
[30.521s] [  0%] Built target std_msgs_generate_messages_nodejs
[30.650s] [35m[1mScanning dependencies of target geometry_msgs_generate_messages_eus[0m
[30.766s] [  0%] Built target geometry_msgs_generate_messages_eus
[30.880s] [35m[1mScanning dependencies of target autoware_msgs_generate_messages_eus[0m
[30.985s] [  0%] Built target autoware_msgs_generate_messages_eus
[31.091s] [35m[1mScanning dependencies of target geometry_msgs_generate_messages_lisp[0m
[31.192s] [  0%] Built target geometry_msgs_generate_messages_lisp
[31.297s] [35m[1mScanning dependencies of target jsk_recognition_msgs_generate_messages_cpp[0m
[31.381s] [  0%] Built target jsk_recognition_msgs_generate_messages_cpp
[31.474s] [35m[1mScanning dependencies of target std_msgs_generate_messages_py[0m
[31.560s] [  0%] Built target std_msgs_generate_messages_py
[31.648s] [35m[1mScanning dependencies of target jsk_recognition_msgs_generate_messages_eus[0m
[31.750s] [  0%] Built target jsk_recognition_msgs_generate_messages_eus
[31.857s] [35m[1mScanning dependencies of target jsk_recognition_msgs_generate_messages_lisp[0m
[31.949s] [  0%] Built target jsk_recognition_msgs_generate_messages_lisp
[32.046s] [35m[1mScanning dependencies of target rosgraph_msgs_generate_messages_py[0m
[32.159s] [  0%] Built target rosgraph_msgs_generate_messages_py
[32.269s] [  1%] [34m[1mBuilding NVCC (Device) object CMakeFiles/vision_darknet_detect_lib.dir/darknet/src/vision_darknet_detect_lib_generated_maxpool_layer_kernels.cu.o[0m
[35.369s] [  3%] [34m[1mBuilding NVCC (Device) object CMakeFiles/vision_darknet_detect_lib.dir/darknet/src/vision_darknet_detect_lib_generated_im2col_kernels.cu.o[0m
[38.586s] [  5%] [34m[1mBuilding NVCC (Device) object CMakeFiles/vision_darknet_detect_lib.dir/darknet/src/vision_darknet_detect_lib_generated_dropout_layer_kernels.cu.o[0m
[41.635s] [  7%] [34m[1mBuilding NVCC (Device) object CMakeFiles/vision_darknet_detect_lib.dir/darknet/src/vision_darknet_detect_lib_generated_deconvolutional_kernels.cu.o[0m
[44.785s] [  8%] [34m[1mBuilding NVCC (Device) object CMakeFiles/vision_darknet_detect_lib.dir/darknet/src/vision_darknet_detect_lib_generated_blas_kernels.cu.o[0m
[49.050s] [ 10%] [34m[1mBuilding NVCC (Device) object CMakeFiles/vision_darknet_detect_lib.dir/darknet/src/vision_darknet_detect_lib_generated_col2im_kernels.cu.o[0m
[51.940s] [ 12%] [34m[1mBuilding NVCC (Device) object CMakeFiles/vision_darknet_detect_lib.dir/darknet/src/vision_darknet_detect_lib_generated_crop_layer_kernels.cu.o[0m
[54.917s] [ 14%] [34m[1mBuilding NVCC (Device) object CMakeFiles/vision_darknet_detect_lib.dir/darknet/src/vision_darknet_detect_lib_generated_convolutional_kernels.cu.o[0m
[57.970s] [ 15%] [34m[1mBuilding NVCC (Device) object CMakeFiles/vision_darknet_detect_lib.dir/darknet/src/vision_darknet_detect_lib_generated_avgpool_layer_kernels.cu.o[0m
[61.042s] [ 17%] [34m[1mBuilding NVCC (Device) object CMakeFiles/vision_darknet_detect_lib.dir/darknet/src/vision_darknet_detect_lib_generated_activation_kernels.cu.o[0m
[64.237s] [35m[1mScanning dependencies of target vision_darknet_detect_lib[0m
[64.533s] [ 19%] [32mBuilding C object CMakeFiles/vision_darknet_detect_lib.dir/darknet/src/gemm.c.o[0m
[64.674s] [01m[K/home/capstone/autoware.ai/src/autoware/core_perception/vision_darknet_detect/darknet/src/gemm.c:[m[K In function ‘[01m[Ktime_gpu[m[K’:
[64.674s] [01m[K/home/capstone/autoware.ai/src/autoware/core_perception/vision_darknet_detect/darknet/src/gemm.c:232:9:[m[K [01;35m[Kwarning: [m[K‘[01m[KcudaThreadSynchronize[m[K’ is deprecated [[01;35m[K-Wdeprecated-declarations[m[K]
[64.674s]          [01;35m[KcudaThreadSynchronize[m[K();
[64.675s]          [01;35m[K^~~~~~~~~~~~~~~~~~~~~[m[K
[64.675s] In file included from [01m[K/usr/local/cuda/include/cuda_runtime.h:96:0[m[K,
[64.676s]                  from [01m[K/home/capstone/autoware.ai/src/autoware/core_perception/vision_darknet_detect/darknet/src/darknet.h:14[m[K,
[64.676s]                  from [01m[K/home/capstone/autoware.ai/src/autoware/core_perception/vision_darknet_detect/darknet/src/utils.h:5[m[K,
[64.676s]                  from [01m[K/home/capstone/autoware.ai/src/autoware/core_perception/vision_darknet_detect/darknet/src/gemm.c:2[m[K:
[64.676s] [01m[K/usr/local/cuda/include/cuda_runtime_api.h:947:57:[m[K [01;36m[Knote: [m[Kdeclared here
[64.676s]  ern __CUDA_DEPRECATED __host__ cudaError_t CUDARTAPI [01;36m[KcudaThreadSynchronize[m[K(void);
[64.677s]                                                       [01;36m[K^~~~~~~~~~~~~~~~~~~~~[m[K
[65.125s] [ 21%] [32mBuilding C object CMakeFiles/vision_darknet_detect_lib.dir/darknet/src/crop_layer.c.o[0m
[65.551s] [ 22%] [32mBuilding C object CMakeFiles/vision_darknet_detect_lib.dir/darknet/src/dropout_layer.c.o[0m
[65.848s] [ 24%] [32mBuilding C object CMakeFiles/vision_darknet_detect_lib.dir/darknet/src/maxpool_layer.c.o[0m
[66.242s] [ 26%] [32mBuilding C object CMakeFiles/vision_darknet_detect_lib.dir/darknet/src/softmax_layer.c.o[0m
[66.592s] [ 28%] [32mBuilding C object CMakeFiles/vision_darknet_detect_lib.dir/darknet/src/data.c.o[0m
[66.764s] [01m[K/home/capstone/autoware.ai/src/autoware/core_perception/vision_darknet_detect/darknet/src/data.c:[m[K In function ‘[01m[Kload_regression_labels_paths[m[K’:
[66.764s] [01m[K/home/capstone/autoware.ai/src/autoware/core_perception/vision_darknet_detect/darknet/src/data.c:574:13:[m[K [01;35m[Kwarning: [m[Kignoring return value of ‘[01m[Kfscanf[m[K’, declared with attribute warn_unused_result [[01;35m[K-Wunused-result[m[K]
[66.765s]              [01;35m[Kfscanf(file, "%f", &(y.vals[i][j]))[m[K;
[66.765s]              [01;35m[K^~~~~~~~~~~~~~~~~~~~~~~~~~~~~~~~~~~[m[K
[66.774s] [01m[K/home/capstone/autoware.ai/src/autoware/core_perception/vision_darknet_detect/darknet/src/data.c:[m[K In function ‘[01m[Kload_cifar10_data[m[K’:
[66.774s] [01m[K/home/capstone/autoware.ai/src/autoware/core_perception/vision_darknet_detect/darknet/src/data.c:1354:9:[m[K [01;35m[Kwarning: [m[Kignoring return value of ‘[01m[Kfread[m[K’, declared with attribute warn_unused_result [[01;35m[K-Wunused-result[m[K]
[66.774s]          [01;35m[Kfread(bytes, 1, 3073, fp)[m[K;
[66.775s]          [01;35m[K^~~~~~~~~~~~~~~~~~~~~~~~~[m[K
[66.775s] [01m[K/home/capstone/autoware.ai/src/autoware/core_perception/vision_darknet_detect/darknet/src/data.c:[m[K In function ‘[01m[Kload_all_cifar10[m[K’:
[66.776s] [01m[K/home/capstone/autoware.ai/src/autoware/core_perception/vision_darknet_detect/darknet/src/data.c:1417:13:[m[K [01;35m[Kwarning: [m[Kignoring return value of ‘[01m[Kfread[m[K’, declared with attribute warn_unused_result [[01;35m[K-Wunused-result[m[K]
[66.776s]              [01;35m[Kfread(bytes, 1, 3073, fp)[m[K;
[66.776s]              [01;35m[K^~~~~~~~~~~~~~~~~~~~~~~~~[m[K
[68.034s] [ 29%] [32mBuilding C object CMakeFiles/vision_darknet_detect_lib.dir/darknet/src/matrix.c.o[0m
[68.504s] [ 31%] [32mBuilding C object CMakeFiles/vision_darknet_detect_lib.dir/darknet/src/network.c.o[0m
[69.495s] [ 33%] [32mBuilding C object CMakeFiles/vision_darknet_detect_lib.dir/darknet/src/connected_layer.c.o[0m
[69.946s] [ 35%] [32mBuilding C object CMakeFiles/vision_darknet_detect_lib.dir/darknet/src/cost_layer.c.o[0m
[70.284s] [ 36%] [32mBuilding C object CMakeFiles/vision_darknet_detect_lib.dir/darknet/src/parser.c.o[0m
[70.442s] [01m[K/home/capstone/autoware.ai/src/autoware/core_perception/vision_darknet_detect/darknet/src/parser.c:[m[K In function ‘[01m[Kload_connected_weights[m[K’:
[70.443s] [01m[K/home/capstone/autoware.ai/src/autoware/core_perception/vision_darknet_detect/darknet/src/parser.c:1085:5:[m[K [01;35m[Kwarning: [m[Kignoring return value of ‘[01m[Kfread[m[K’, declared with attribute warn_unused_result [[01;35m[K-Wunused-result[m[K]
[70.443s]      [01;35m[Kfread(l.biases, sizeof(float), l.outputs, fp)[m[K;
[70.443s]      [01;35m[K^~~~~~~~~~~~~~~~~~~~~~~~~~~~~~~~~~~~~~~~~~~~~[m[K
[70.444s] [01m[K/home/capstone/autoware.ai/src/autoware/core_perception/vision_darknet_detect/darknet/src/parser.c:1086:5:[m[K [01;35m[Kwarning: [m[Kignoring return value of ‘[01m[Kfread[m[K’, declared with attribute warn_unused_result [[01;35m[K-Wunused-result[m[K]
[70.444s]      [01;35m[Kfread(l.weights, sizeof(float), l.outputs*l.inputs, fp)[m[K;
[70.444s]      [01;35m[K^~~~~~~~~~~~~~~~~~~~~~~~~~~~~~~~~~~~~~~~~~~~~~~~~~~~~~~[m[K
[70.444s] [01m[K/home/capstone/autoware.ai/src/autoware/core_perception/vision_darknet_detect/darknet/src/parser.c:1093:9:[m[K [01;35m[Kwarning: [m[Kignoring return value of ‘[01m[Kfread[m[K’, declared with attribute warn_unused_result [[01;35m[K-Wunused-result[m[K]
[70.445s]          [01;35m[Kfread(l.scales, sizeof(float), l.outputs, fp)[m[K;
[70.445s]          [01;35m[K^~~~~~~~~~~~~~~~~~~~~~~~~~~~~~~~~~~~~~~~~~~~~[m[K
[70.445s] [01m[K/home/capstone/autoware.ai/src/autoware/core_perception/vision_darknet_detect/darknet/src/parser.c:1094:9:[m[K [01;35m[Kwarning: [m[Kignoring return value of ‘[01m[Kfread[m[K’, declared with attribute warn_unused_result [[01;35m[K-Wunused-result[m[K]
[70.445s]          [01;35m[Kfread(l.rolling_mean, sizeof(float), l.outputs, fp)[m[K;
[70.445s]          [01;35m[K^~~~~~~~~~~~~~~~~~~~~~~~~~~~~~~~~~~~~~~~~~~~~~~~~~~[m[K
[70.445s] [01m[K/home/capstone/autoware.ai/src/autoware/core_perception/vision_darknet_detect/darknet/src/parser.c:1095:9:[m[K [01;35m[Kwarning: [m[Kignoring return value of ‘[01m[Kfread[m[K’, declared with attribute warn_unused_result [[01;35m[K-Wunused-result[m[K]
[70.446s]          [01;35m[Kfread(l.rolling_variance, sizeof(float), l.outputs, fp)[m[K;
[70.446s]          [01;35m[K^~~~~~~~~~~~~~~~~~~~~~~~~~~~~~~~~~~~~~~~~~~~~~~~~~~~~~~[m[K
[70.446s] [01m[K/home/capstone/autoware.ai/src/autoware/core_perception/vision_darknet_detect/darknet/src/parser.c:[m[K In function ‘[01m[Kload_batchnorm_weights[m[K’:
[70.446s] [01m[K/home/capstone/autoware.ai/src/autoware/core_perception/vision_darknet_detect/darknet/src/parser.c:1109:5:[m[K [01;35m[Kwarning: [m[Kignoring return value of ‘[01m[Kfread[m[K’, declared with attribute warn_unused_result [[01;35m[K-Wunused-result[m[K]
[70.446s]      [01;35m[Kfread(l.scales, sizeof(float), l.c, fp)[m[K;
[70.446s]      [01;35m[K^~~~~~~~~~~~~~~~~~~~~~~~~~~~~~~~~~~~~~~[m[K
[70.447s] [01m[K/home/capstone/autoware.ai/src/autoware/core_perception/vision_darknet_detect/darknet/src/parser.c:1110:5:[m[K [01;35m[Kwarning: [m[Kignoring return value of ‘[01m[Kfread[m[K’, declared with attribute warn_unused_result [[01;35m[K-Wunused-result[m[K]
[70.447s]      [01;35m[Kfread(l.rolling_mean, sizeof(float), l.c, fp)[m[K;
[70.448s]      [01;35m[K^~~~~~~~~~~~~~~~~~~~~~~~~~~~~~~~~~~~~~~~~~~~~[m[K
[70.448s] [01m[K/home/capstone/autoware.ai/src/autoware/core_perception/vision_darknet_detect/darknet/src/parser.c:1111:5:[m[K [01;35m[Kwarning: [m[Kignoring return value of ‘[01m[Kfread[m[K’, declared with attribute warn_unused_result [[01;35m[K-Wunused-result[m[K]
[70.448s]      [01;35m[Kfread(l.rolling_variance, sizeof(float), l.c, fp)[m[K;
[70.448s]      [01;35m[K^~~~~~~~~~~~~~~~~~~~~~~~~~~~~~~~~~~~~~~~~~~~~~~~~[m[K
[70.449s] [01m[K/home/capstone/autoware.ai/src/autoware/core_perception/vision_darknet_detect/darknet/src/parser.c:[m[K In function ‘[01m[Kload_convolutional_weights_binary[m[K’:
[70.449s] [01m[K/home/capstone/autoware.ai/src/autoware/core_perception/vision_darknet_detect/darknet/src/parser.c:1121:5:[m[K [01;35m[Kwarning: [m[Kignoring return value of ‘[01m[Kfread[m[K’, declared with attribute warn_unused_result [[01;35m[K-Wunused-result[m[K]
[70.449s]      [01;35m[Kfread(l.biases, sizeof(float), l.n, fp)[m[K;
[70.449s]      [01;35m[K^~~~~~~~~~~~~~~~~~~~~~~~~~~~~~~~~~~~~~~[m[K
[70.449s] [01m[K/home/capstone/autoware.ai/src/autoware/core_perception/vision_darknet_detect/darknet/src/parser.c:1123:9:[m[K [01;35m[Kwarning: [m[Kignoring return value of ‘[01m[Kfread[m[K’, declared with attribute warn_unused_result [[01;35m[K-Wunused-result[m[K]
[70.449s]          [01;35m[Kfread(l.scales, sizeof(float), l.n, fp)[m[K;
[70.450s]          [01;35m[K^~~~~~~~~~~~~~~~~~~~~~~~~~~~~~~~~~~~~~~[m[K
[70.450s] [01m[K/home/capstone/autoware.ai/src/autoware/core_perception/vision_darknet_detect/darknet/src/parser.c:1124:9:[m[K [01;35m[Kwarning: [m[Kignoring return value of ‘[01m[Kfread[m[K’, declared with attribute warn_unused_result [[01;35m[K-Wunused-result[m[K]
[70.450s]          [01;35m[Kfread(l.rolling_mean, sizeof(float), l.n, fp)[m[K;
[70.450s]          [01;35m[K^~~~~~~~~~~~~~~~~~~~~~~~~~~~~~~~~~~~~~~~~~~~~[m[K
[70.450s] [01m[K/home/capstone/autoware.ai/src/autoware/core_perception/vision_darknet_detect/darknet/src/parser.c:1125:9:[m[K [01;35m[Kwarning: [m[Kignoring return value of ‘[01m[Kfread[m[K’, declared with attribute warn_unused_result [[01;35m[K-Wunused-result[m[K]
[70.450s]          [01;35m[Kfread(l.rolling_variance, sizeof(float), l.n, fp)[m[K;
[70.451s]          [01;35m[K^~~~~~~~~~~~~~~~~~~~~~~~~~~~~~~~~~~~~~~~~~~~~~~~~[m[K
[70.451s] [01m[K/home/capstone/autoware.ai/src/autoware/core_perception/vision_darknet_detect/darknet/src/parser.c:1131:9:[m[K [01;35m[Kwarning: [m[Kignoring return value of ‘[01m[Kfread[m[K’, declared with attribute warn_unused_result [[01;35m[K-Wunused-result[m[K]
[70.451s]          [01;35m[Kfread(&mean, sizeof(float), 1, fp)[m[K;
[70.451s]          [01;35m[K^~~~~~~~~~~~~~~~~~~~~~~~~~~~~~~~~~[m[K
[70.451s] [01m[K/home/capstone/autoware.ai/src/autoware/core_perception/vision_darknet_detect/darknet/src/parser.c:1135:13:[m[K [01;35m[Kwarning: [m[Kignoring return value of ‘[01m[Kfread[m[K’, declared with attribute warn_unused_result [[01;35m[K-Wunused-result[m[K]
[70.451s]              [01;35m[Kfread(&c, sizeof(char), 1, fp)[m[K;
[70.452s]              [01;35m[K^~~~~~~~~~~~~~~~~~~~~~~~~~~~~~[m[K
[70.452s] [01m[K/home/capstone/autoware.ai/src/autoware/core_perception/vision_darknet_detect/darknet/src/parser.c:[m[K In function ‘[01m[Kload_convolutional_weights[m[K’:
[70.452s] [01m[K/home/capstone/autoware.ai/src/autoware/core_perception/vision_darknet_detect/darknet/src/parser.c:1156:5:[m[K [01;35m[Kwarning: [m[Kignoring return value of ‘[01m[Kfread[m[K’, declared with attribute warn_unused_result [[01;35m[K-Wunused-result[m[K]
[70.452s]      [01;35m[Kfread(l.biases, sizeof(float), l.n, fp)[m[K;
[70.453s]      [01;35m[K^~~~~~~~~~~~~~~~~~~~~~~~~~~~~~~~~~~~~~~[m[K
[70.453s] [01m[K/home/capstone/autoware.ai/src/autoware/core_perception/vision_darknet_detect/darknet/src/parser.c:1158:9:[m[K [01;35m[Kwarning: [m[Kignoring return value of ‘[01m[Kfread[m[K’, declared with attribute warn_unused_result [[01;35m[K-Wunused-result[m[K]
[70.453s]          [01;35m[Kfread(l.scales, sizeof(float), l.n, fp)[m[K;
[70.453s]          [01;35m[K^~~~~~~~~~~~~~~~~~~~~~~~~~~~~~~~~~~~~~~[m[K
[70.453s] [01m[K/home/capstone/autoware.ai/src/autoware/core_perception/vision_darknet_detect/darknet/src/parser.c:1159:9:[m[K [01;35m[Kwarning: [m[Kignoring return value of ‘[01m[Kfread[m[K’, declared with attribute warn_unused_result [[01;35m[K-Wunused-result[m[K]
[70.453s]          [01;35m[Kfread(l.rolling_mean, sizeof(float), l.n, fp)[m[K;
[70.454s]          [01;35m[K^~~~~~~~~~~~~~~~~~~~~~~~~~~~~~~~~~~~~~~~~~~~~[m[K
[70.454s] [01m[K/home/capstone/autoware.ai/src/autoware/core_perception/vision_darknet_detect/darknet/src/parser.c:1160:9:[m[K [01;35m[Kwarning: [m[Kignoring return value of ‘[01m[Kfread[m[K’, declared with attribute warn_unused_result [[01;35m[K-Wunused-result[m[K]
[70.454s]          [01;35m[Kfread(l.rolling_variance, sizeof(float), l.n, fp)[m[K;
[70.454s]          [01;35m[K^~~~~~~~~~~~~~~~~~~~~~~~~~~~~~~~~~~~~~~~~~~~~~~~~[m[K
[70.454s] [01m[K/home/capstone/autoware.ai/src/autoware/core_perception/vision_darknet_detect/darknet/src/parser.c:1188:5:[m[K [01;35m[Kwarning: [m[Kignoring return value of ‘[01m[Kfread[m[K’, declared with attribute warn_unused_result [[01;35m[K-Wunused-result[m[K]
[70.454s]      [01;35m[Kfread(l.weights, sizeof(float), num, fp)[m[K;
[70.455s]      [01;35m[K^~~~~~~~~~~~~~~~~~~~~~~~~~~~~~~~~~~~~~~~[m[K
[70.455s] [01m[K/home/capstone/autoware.ai/src/autoware/core_perception/vision_darknet_detect/darknet/src/parser.c:[m[K In function ‘[01m[Kload_weights_upto[m[K’:
[70.455s] [01m[K/home/capstone/autoware.ai/src/autoware/core_perception/vision_darknet_detect/darknet/src/parser.c:1217:5:[m[K [01;35m[Kwarning: [m[Kignoring return value of ‘[01m[Kfread[m[K’, declared with attribute warn_unused_result [[01;35m[K-Wunused-result[m[K]
[70.455s]      [01;35m[Kfread(&major, sizeof(int), 1, fp)[m[K;
[70.455s]      [01;35m[K^~~~~~~~~~~~~~~~~~~~~~~~~~~~~~~~~[m[K
[70.455s] [01m[K/home/capstone/autoware.ai/src/autoware/core_perception/vision_darknet_detect/darknet/src/parser.c:1218:5:[m[K [01;35m[Kwarning: [m[Kignoring return value of ‘[01m[Kfread[m[K’, declared with attribute warn_unused_result [[01;35m[K-Wunused-result[m[K]
[70.456s]      [01;35m[Kfread(&minor, sizeof(int), 1, fp)[m[K;
[70.456s]      [01;35m[K^~~~~~~~~~~~~~~~~~~~~~~~~~~~~~~~~[m[K
[70.456s] [01m[K/home/capstone/autoware.ai/src/autoware/core_perception/vision_darknet_detect/darknet/src/parser.c:1219:5:[m[K [01;35m[Kwarning: [m[Kignoring return value of ‘[01m[Kfread[m[K’, declared with attribute warn_unused_result [[01;35m[K-Wunused-result[m[K]
[70.456s]      [01;35m[Kfread(&revision, sizeof(int), 1, fp)[m[K;
[70.456s]      [01;35m[K^~~~~~~~~~~~~~~~~~~~~~~~~~~~~~~~~~~~[m[K
[70.456s] [01m[K/home/capstone/autoware.ai/src/autoware/core_perception/vision_darknet_detect/darknet/src/parser.c:1221:9:[m[K [01;35m[Kwarning: [m[Kignoring return value of ‘[01m[Kfread[m[K’, declared with attribute warn_unused_result [[01;35m[K-Wunused-result[m[K]
[70.457s]          [01;35m[Kfread(net->seen, sizeof(size_t), 1, fp)[m[K;
[70.457s]          [01;35m[K^~~~~~~~~~~~~~~~~~~~~~~~~~~~~~~~~~~~~~~[m[K
[70.457s] [01m[K/home/capstone/autoware.ai/src/autoware/core_perception/vision_darknet_detect/darknet/src/parser.c:1224:9:[m[K [01;35m[Kwarning: [m[Kignoring return value of ‘[01m[Kfread[m[K’, declared with attribute warn_unused_result [[01;35m[K-Wunused-result[m[K]
[70.457s]          [01;35m[Kfread(&iseen, sizeof(int), 1, fp)[m[K;
[70.457s]          [01;35m[K^~~~~~~~~~~~~~~~~~~~~~~~~~~~~~~~~[m[K
[70.457s] [01m[K/home/capstone/autoware.ai/src/autoware/core_perception/vision_darknet_detect/darknet/src/parser.c:1279:13:[m[K [01;35m[Kwarning: [m[Kignoring return value of ‘[01m[Kfread[m[K’, declared with attribute warn_unused_result [[01;35m[K-Wunused-result[m[K]
[70.458s]              [01;35m[Kfread(l.biases, sizeof(float), l.outputs, fp)[m[K;
[70.458s]              [01;35m[K^~~~~~~~~~~~~~~~~~~~~~~~~~~~~~~~~~~~~~~~~~~~~[m[K
[70.458s] [01m[K/home/capstone/autoware.ai/src/autoware/core_perception/vision_darknet_detect/darknet/src/parser.c:1280:13:[m[K [01;35m[Kwarning: [m[Kignoring return value of ‘[01m[Kfread[m[K’, declared with attribute warn_unused_result [[01;35m[K-Wunused-result[m[K]
[70.458s]              [01;35m[Kfread(l.weights, sizeof(float), size, fp)[m[K;
[70.458s]              [01;35m[K^~~~~~~~~~~~~~~~~~~~~~~~~~~~~~~~~~~~~~~~~[m[K
[71.444s] [ 38%] [32mBuilding C object CMakeFiles/vision_darknet_detect_lib.dir/darknet/src/option_list.c.o[0m
[71.763s] [ 40%] [32mBuilding C object CMakeFiles/vision_darknet_detect_lib.dir/darknet/src/detection_layer.c.o[0m
[72.277s] [ 42%] [32mBuilding C object CMakeFiles/vision_darknet_detect_lib.dir/darknet/src/route_layer.c.o[0m
[72.707s] [ 43%] [32mBuilding C object CMakeFiles/vision_darknet_detect_lib.dir/darknet/src/upsample_layer.c.o[0m
[73.110s] [ 45%] [32mBuilding C object CMakeFiles/vision_darknet_detect_lib.dir/darknet/src/box.c.o[0m
[73.626s] [ 47%] [32mBuilding C object CMakeFiles/vision_darknet_detect_lib.dir/darknet/src/normalization_layer.c.o[0m
[74.065s] [ 49%] [32mBuilding C object CMakeFiles/vision_darknet_detect_lib.dir/darknet/src/avgpool_layer.c.o[0m
[74.405s] [ 50%] [32mBuilding C object CMakeFiles/vision_darknet_detect_lib.dir/darknet/src/layer.c.o[0m
[74.800s] [ 52%] [32mBuilding C object CMakeFiles/vision_darknet_detect_lib.dir/darknet/src/local_layer.c.o[0m
[75.284s] [ 54%] [32mBuilding C object CMakeFiles/vision_darknet_detect_lib.dir/darknet/src/shortcut_layer.c.o[0m
[75.638s] [ 56%] [32mBuilding C object CMakeFiles/vision_darknet_detect_lib.dir/darknet/src/logistic_layer.c.o[0m
[75.955s] [ 57%] [32mBuilding C object CMakeFiles/vision_darknet_detect_lib.dir/darknet/src/activation_layer.c.o[0m
[76.270s] [ 59%] [32mBuilding C object CMakeFiles/vision_darknet_detect_lib.dir/darknet/src/rnn_layer.c.o[0m
[76.901s] [ 61%] [32mBuilding C object CMakeFiles/vision_darknet_detect_lib.dir/darknet/src/gru_layer.c.o[0m
[77.629s] [ 63%] [32mBuilding C object CMakeFiles/vision_darknet_detect_lib.dir/darknet/src/crnn_layer.c.o[0m
[78.223s] [ 64%] [32mBuilding C object CMakeFiles/vision_darknet_detect_lib.dir/darknet/src/batchnorm_layer.c.o[0m
[78.661s] [ 66%] [32mBuilding C object CMakeFiles/vision_darknet_detect_lib.dir/darknet/src/region_layer.c.o[0m
[79.514s] [ 68%] [32mBuilding C object CMakeFiles/vision_darknet_detect_lib.dir/darknet/src/reorg_layer.c.o[0m
[79.857s] [ 70%] [32mBuilding C object CMakeFiles/vision_darknet_detect_lib.dir/darknet/src/tree.c.o[0m
[80.207s] [ 71%] [32mBuilding C object CMakeFiles/vision_darknet_detect_lib.dir/darknet/src/lstm_layer.c.o[0m
[81.388s] [ 73%] [32mBuilding C object CMakeFiles/vision_darknet_detect_lib.dir/darknet/src/l2norm_layer.c.o[0m
[81.760s] [ 75%] [32mBuilding C object CMakeFiles/vision_darknet_detect_lib.dir/darknet/src/yolo_layer.c.o[0m
[82.404s] [ 77%] [32mBuilding C object CMakeFiles/vision_darknet_detect_lib.dir/darknet/src/blas.c.o[0m
[83.387s] [ 78%] [32mBuilding C object CMakeFiles/vision_darknet_detect_lib.dir/darknet/src/col2im.c.o[0m
[83.689s] [ 80%] [32mBuilding C object CMakeFiles/vision_darknet_detect_lib.dir/darknet/src/im2col.c.o[0m
[83.928s] [ 82%] [32mBuilding C object CMakeFiles/vision_darknet_detect_lib.dir/darknet/src/activations.c.o[0m
[84.335s] [ 84%] [32mBuilding C object CMakeFiles/vision_darknet_detect_lib.dir/darknet/src/image.c.o[0m
[93.964s] [ 85%] [32mBuilding C object CMakeFiles/vision_darknet_detect_lib.dir/darknet/src/list.c.o[0m
[94.267s] [ 87%] [32mBuilding C object CMakeFiles/vision_darknet_detect_lib.dir/darknet/src/convolutional_layer.c.o[0m
[95.043s] [ 89%] [32mBuilding C object CMakeFiles/vision_darknet_detect_lib.dir/darknet/src/deconvolutional_layer.c.o[0m
[95.803s] [ 91%] [32mBuilding C object CMakeFiles/vision_darknet_detect_lib.dir/darknet/src/cuda.c.o[0m
[96.176s] [ 92%] [32mBuilding C object CMakeFiles/vision_darknet_detect_lib.dir/darknet/src/utils.c.o[0m
[96.365s] [01m[K/home/capstone/autoware.ai/src/autoware/core_perception/vision_darknet_detect/darknet/src/utils.c:[m[K In function ‘[01m[Kread_file[m[K’:
[96.365s] [01m[K/home/capstone/autoware.ai/src/autoware/core_perception/vision_darknet_detect/darknet/src/utils.c:267:5:[m[K [01;35m[Kwarning: [m[Kignoring return value of ‘[01m[Kfread[m[K’, declared with attribute warn_unused_result [[01;35m[K-Wunused-result[m[K]
[96.365s]      [01;35m[Kfread(text, 1, size, fp)[m[K;
[96.366s]      [01;35m[K^~~~~~~~~~~~~~~~~~~~~~~~[m[K
[96.366s] [01m[K/home/capstone/autoware.ai/src/autoware/core_perception/vision_darknet_detect/darknet/src/utils.c:[m[K In function ‘[01m[Kfgetl[m[K’:
[96.366s] [01m[K/home/capstone/autoware.ai/src/autoware/core_perception/vision_darknet_detect/darknet/src/utils.c:355:9:[m[K [01;35m[Kwarning: [m[Kignoring return value of ‘[01m[Kfgets[m[K’, declared with attribute warn_unused_result [[01;35m[K-Wunused-result[m[K]
[96.366s]          [01;35m[Kfgets(&line[curr], readsize, fp)[m[K;
[96.367s]          [01;35m[K^~~~~~~~~~~~~~~~~~~~~~~~~~~~~~~~[m[K
[96.956s] [ 94%] [32m[1mLinking CXX shared library devel/lib/libvision_darknet_detect_lib.so[0m
[97.717s] [ 94%] Built target vision_darknet_detect_lib
[97.867s] [35m[1mScanning dependencies of target vision_darknet_detect[0m
[98.112s] [ 96%] [32mBuilding CXX object CMakeFiles/vision_darknet_detect.dir/src/vision_darknet_detect_node.cpp.o[0m
[104.671s] [ 98%] [32mBuilding CXX object CMakeFiles/vision_darknet_detect.dir/src/vision_darknet_detect.cpp.o[0m
[117.337s] [100%] [32m[1mLinking CXX executable devel/lib/vision_darknet_detect/vision_darknet_detect[0m
[118.673s] [100%] Built target vision_darknet_detect
[123.494s] -- CUDA compilation status: 1.
[123.496s] -- Using CATKIN_DEVEL_PREFIX: /home/capstone/autoware.ai/build/vision_darknet_detect/devel
[123.496s] -- Using CMAKE_PREFIX_PATH: /home/capstone/autoware.ai/install/autoware_msgs;/home/capstone/autoware.ai/install/autoware_config_msgs;/home/capstone/autoware.ai/install/autoware_build_flags;/home/capstone/autoware.ai/install/wf_simulator;/home/capstone/autoware.ai/install/vision_ssd_detect;/home/capstone/autoware.ai/install/vision_segment_enet_detect;/home/capstone/autoware.ai/install/vision_lane_detect;/home/capstone/autoware.ai/install/vision_darknet_detect;/home/capstone/autoware.ai/install/vision_beyond_track;/home/capstone/autoware.ai/install/vel_pose_diff_checker;/home/capstone/autoware.ai/install/vehicle_socket;/home/capstone/autoware.ai/install/vehicle_sim_model;/home/capstone/autoware.ai/install/vehicle_model;/home/capstone/autoware.ai/install/vehicle_gazebo_simulation_launcher;/home/capstone/autoware.ai/install/vehicle_gazebo_simulation_interface;/home/capstone/autoware.ai/install/vehicle_engage_panel;/home/capstone/autoware.ai/install/vehicle_description;/home/capstone/autoware.ai/install/op_ros_helpers;/home/capstone/autoware.ai/install/op_simu;/home/capstone/autoware.ai/install/op_planner;/home/capstone/autoware.ai/install/op_utility;/home/capstone/autoware.ai/install/vector_map_server;/home/capstone/autoware.ai/install/object_map;/home/capstone/autoware.ai/install/lanelet_aisan_converter;/home/capstone/autoware.ai/install/map_file;/home/capstone/autoware.ai/install/libvectormap;/home/capstone/autoware.ai/install/vector_map;/home/capstone/autoware.ai/install/vector_map_msgs;/home/capstone/autoware.ai/install/twist_generator;/home/capstone/autoware.ai/install/twist2odom;/home/capstone/autoware.ai/install/runtime_manager;/home/capstone/autoware.ai/install/tablet_socket_msgs;/home/capstone/autoware.ai/install/sound_player;/home/capstone/autoware.ai/install/points2image;/home/capstone/autoware.ai/install/rosinterface;/home/capstone/autoware.ai/install/rosbag_controller;/home/capstone/autoware.ai/install/points_preprocessor;/home/capstone/autoware.ai/install/lidar_localizer;/home/capstone/autoware.ai/install/emergency_handler;/home/capstone/autoware.ai/install/autoware_health_checker;/home/capstone/autoware.ai/install/ros_observer;/home/capstone/autoware.ai/install/range_vision_fusion;/home/capstone/autoware.ai/install/pos_db;/home/capstone/autoware.ai/install/points_downsampler;/home/capstone/autoware.ai/install/pixel_cloud_fusion;/home/capstone/autoware.ai/install/pcl_omp_registration;/home/capstone/autoware.ai/install/pc2_downsampler;/home/capstone/autoware.ai/install/obj_db;/home/capstone/autoware.ai/install/nmea_navsat;/home/capstone/autoware.ai/install/ndt_tku;/home/capstone/autoware.ai/install/ndt_gpu;/home/capstone/autoware.ai/install/ndt_cpu;/home/capstone/autoware.ai/install/multi_lidar_calibrator;/home/capstone/autoware.ai/install/mrt_cmake_modules;/home/capstone/autoware.ai/install/marker_downsampler;/home/capstone/autoware.ai/install/map_tools;/home/capstone/autoware.ai/install/map_tf_generator;/home/capstone/autoware.ai/install/log_tools;/home/capstone/autoware.ai/install/libwaypoint_follower;/home/capstone/autoware.ai/install/lgsvl_simulator_bridge;/home/capstone/autoware.ai/install/lanelet2_extension;/home/capstone/autoware.ai/install/lanelet2_validation;/home/capstone/autoware.ai/install/lanelet2_examples;/home/capstone/autoware.ai/install/lanelet2_python;/home/capstone/autoware.ai/install/lanelet2_routing;/home/capstone/autoware.ai/install/lanelet2_traffic_rules;/home/capstone/autoware.ai/install/lanelet2_projection;/home/capstone/autoware.ai/install/lanelet2_maps;/home/capstone/autoware.ai/install/lanelet2_io;/home/capstone/autoware.ai/install/lanelet2_core;/home/capstone/autoware.ai/install/integrated_viewer;/home/capstone/autoware.ai/install/image_processor;/home/capstone/autoware.ai/install/graph_tools;/home/capstone/autoware.ai/install/gnss_localizer;/home/capstone/autoware.ai/install/gnss;/home/capstone/autoware.ai/install/glviewer;/home/capstone/autoware.ai/install/gazebo_world_description;/home/capstone/autoware.ai/install/gazebo_imu_description;/home/capstone/autoware.ai/install/gazebo_camera_description;/home/capstone/autoware.ai/install/fastvirtualscan;/home/capstone/autoware.ai/install/ekf_localizer;/home/capstone/autoware.ai/install/detected_objects_visualizer;/home/capstone/autoware.ai/install/decision_maker_panel;/home/capstone/autoware.ai/install/data_preprocessor;/home/capstone/autoware.ai/install/carla_autoware_bridge;/home/capstone/autoware.ai/install/calibration_publisher;/home/capstone/autoware.ai/install/autoware_system_msgs;/home/capstone/autoware.ai/install/autoware_rviz_plugins;/home/capstone/autoware.ai/install/autoware_quickstart_examples;/home/capstone/autoware.ai/install/autoware_pointgrey_drivers;/home/capstone/autoware.ai/install/autoware_driveworks_interface;/home/capstone/autoware.ai/install/autoware_connector;/home/capstone/autoware.ai/install/autoware_camera_lidar_calibrator;/home/capstone/autoware.ai/install/amathutils_lib;/home/capstone/autoware.ai/install/autoware_map_msgs;/home/capstone/autoware.ai/install/autoware_launcher_rviz;/home/capstone/autoware.ai/install/autoware_launcher;/home/capstone/autoware.ai/install/autoware_lanelet2_msgs;/home/capstone/autoware.ai/install/autoware_external_msgs;/home/capstone/autoware.ai/install/autoware_driveworks_gmsl_interface;/home/capstone/autoware.ai/install/autoware_can_msgs;/home/capstone/autoware.ai/install/autoware_bag_tools;/opt/carla-ros-bridge/melodic;/opt/ros/melodic
[123.505s] -- This workspace overlays: /home/capstone/autoware.ai/install/autoware_msgs;/home/capstone/autoware.ai/install/autoware_config_msgs;/home/capstone/autoware.ai/install/autoware_build_flags;/home/capstone/autoware.ai/install/vision_ssd_detect;/home/capstone/autoware.ai/install/vision_segment_enet_detect;/home/capstone/autoware.ai/install/vision_lane_detect;/home/capstone/autoware.ai/install/vision_beyond_track;/home/capstone/autoware.ai/install/vehicle_socket;/home/capstone/autoware.ai/install/vehicle_sim_model;/home/capstone/autoware.ai/install/vehicle_model;/home/capstone/autoware.ai/install/vehicle_gazebo_simulation_launcher;/home/capstone/autoware.ai/install/vehicle_gazebo_simulation_interface;/home/capstone/autoware.ai/install/vehicle_engage_panel;/home/capstone/autoware.ai/install/vehicle_description;/home/capstone/autoware.ai/install/op_simu;/home/capstone/autoware.ai/install/op_planner;/home/capstone/autoware.ai/install/op_utility;/home/capstone/autoware.ai/install/vector_map_server;/home/capstone/autoware.ai/install/libvectormap;/home/capstone/autoware.ai/install/vector_map;/home/capstone/autoware.ai/install/vector_map_msgs;/home/capstone/autoware.ai/install/twist2odom;/home/capstone/autoware.ai/install/runtime_manager;/home/capstone/autoware.ai/install/tablet_socket_msgs;/home/capstone/autoware.ai/install/sound_player;/home/capstone/autoware.ai/install/rosinterface;/home/capstone/autoware.ai/install/rosbag_controller;/home/capstone/autoware.ai/install/autoware_health_checker;/home/capstone/autoware.ai/install/ros_observer;/home/capstone/autoware.ai/install/range_vision_fusion;/home/capstone/autoware.ai/install/pos_db;/home/capstone/autoware.ai/install/points_downsampler;/home/capstone/autoware.ai/install/pixel_cloud_fusion;/home/capstone/autoware.ai/install/pcl_omp_registration;/home/capstone/autoware.ai/install/pc2_downsampler;/home/capstone/autoware.ai/install/obj_db;/home/capstone/autoware.ai/install/nmea_navsat;/home/capstone/autoware.ai/install/ndt_tku;/home/capstone/autoware.ai/install/ndt_gpu;/home/capstone/autoware.ai/install/ndt_cpu;/home/capstone/autoware.ai/install/multi_lidar_calibrator;/home/capstone/autoware.ai/install/mrt_cmake_modules;/home/capstone/autoware.ai/install/marker_downsampler;/home/capstone/autoware.ai/install/map_tools;/home/capstone/autoware.ai/install/map_tf_generator;/home/capstone/autoware.ai/install/log_tools;/home/capstone/autoware.ai/install/libwaypoint_follower;/home/capstone/autoware.ai/install/lgsvl_simulator_bridge;/home/capstone/autoware.ai/install/lanelet2_traffic_rules;/home/capstone/autoware.ai/install/lanelet2_projection;/home/capstone/autoware.ai/install/lanelet2_maps;/home/capstone/autoware.ai/install/lanelet2_io;/home/capstone/autoware.ai/install/lanelet2_core;/home/capstone/autoware.ai/install/integrated_viewer;/home/capstone/autoware.ai/install/image_processor;/home/capstone/autoware.ai/install/graph_tools;/home/capstone/autoware.ai/install/gnss_localizer;/home/capstone/autoware.ai/install/gnss;/home/capstone/autoware.ai/install/glviewer;/home/capstone/autoware.ai/install/gazebo_world_description;/home/capstone/autoware.ai/install/gazebo_imu_description;/home/capstone/autoware.ai/install/gazebo_camera_description;/home/capstone/autoware.ai/install/fastvirtualscan;/home/capstone/autoware.ai/install/detected_objects_visualizer;/home/capstone/autoware.ai/install/decision_maker_panel;/home/capstone/autoware.ai/install/data_preprocessor;/home/capstone/autoware.ai/install/carla_autoware_bridge;/home/capstone/autoware.ai/install/calibration_publisher;/home/capstone/autoware.ai/install/autoware_system_msgs;/home/capstone/autoware.ai/install/autoware_rviz_plugins;/home/capstone/autoware.ai/install/autoware_quickstart_examples;/home/capstone/autoware.ai/install/autoware_pointgrey_drivers;/home/capstone/autoware.ai/install/autoware_driveworks_interface;/home/capstone/autoware.ai/install/autoware_connector;/home/capstone/autoware.ai/install/autoware_camera_lidar_calibrator;/home/capstone/autoware.ai/install/amathutils_lib;/home/capstone/autoware.ai/install/autoware_map_msgs;/home/capstone/autoware.ai/install/autoware_launcher_rviz;/home/capstone/autoware.ai/install/autoware_launcher;/home/capstone/autoware.ai/install/autoware_lanelet2_msgs;/home/capstone/autoware.ai/install/autoware_external_msgs;/home/capstone/autoware.ai/install/autoware_driveworks_gmsl_interface;/home/capstone/autoware.ai/install/autoware_can_msgs;/home/capstone/autoware.ai/install/autoware_bag_tools;/opt/carla-ros-bridge/melodic;/opt/ros/melodic
[123.633s] -- Found PythonInterp: /usr/bin/python2 (found suitable version "2.7.17", minimum required is "2") 
[123.634s] -- Using PYTHON_EXECUTABLE: /usr/bin/python2
[123.635s] -- Using Debian Python package layout
[123.647s] -- Using empy: /usr/bin/empy
[124.129s] -- Using CATKIN_ENABLE_TESTING: ON
[124.129s] -- Call enable_testing()
[124.131s] -- Using CATKIN_TEST_RESULTS_DIR: /home/capstone/autoware.ai/build/vision_darknet_detect/test_results
[124.245s] -- Found gtest sources under '/usr/src/googletest': gtests will be built
[124.246s] -- Found gmock sources under '/usr/src/googletest': gmock will be built
[124.369s] -- Found PythonInterp: /usr/bin/python2 (found version "2.7.17") 
[124.383s] -- Using Python nosetests: /usr/bin/nosetests-2.7
[124.625s] -- catkin 0.7.23
[124.626s] -- BUILD_SHARED_LIBS is on
[126.037s] -- Using these message generators: gencpp;geneus;genlisp;gennodejs;genpy
[126.931s] -- Found OpenMP_C: -fopenmp  
[126.934s] -- Found OpenMP_CXX: -fopenmp  
[126.936s] -- Found OpenMP: TRUE   
[127.958s] -- Configuring done
[128.501s] -- Generating done
[128.573s] -- Build files have been written to: /home/capstone/autoware.ai/build/vision_darknet_detect
[129.050s] [35m[1mScanning dependencies of target tests[0m
[129.180s] Built target tests
[135.851s] [  0%] Built target rosgraph_msgs_generate_messages_eus
[136.207s] [  0%] Built target autoware_config_msgs_generate_messages_lisp
[136.530s] [  0%] Built target geometry_msgs_generate_messages_nodejs
[136.792s] [  0%] Built target geometry_msgs_generate_messages_cpp
[137.086s] [  0%] Built target autoware_config_msgs_generate_messages_cpp
[137.383s] [  0%] Built target jsk_footstep_msgs_generate_messages_eus
[137.677s] [  0%] Built target roscpp_generate_messages_lisp
[138.023s] [  0%] Built target jsk_footstep_msgs_generate_messages_py
[138.356s] [  0%] Built target geometry_msgs_generate_messages_py
[138.673s] [  0%] Built target sensor_msgs_generate_messages_py
[138.967s] [  0%] Built target jsk_footstep_msgs_generate_messages_lisp
[139.338s] [  0%] Built target autoware_msgs_generate_messages_nodejs
[139.630s] [  0%] Built target autoware_config_msgs_generate_messages_eus
[139.976s] [  0%] Built target actionlib_msgs_generate_messages_eus
[140.301s] [  0%] Built target autoware_msgs_generate_messages_py
[140.546s] [  0%] Built target rosgraph_msgs_generate_messages_lisp
[140.853s] [  0%] Built target roscpp_generate_messages_eus
[141.202s] [  0%] Built target std_msgs_generate_messages_cpp
[141.483s] [  0%] Built target autoware_msgs_generate_messages_cpp
[141.795s] [  0%] Built target autoware_config_msgs_generate_messages_nodejs
[142.079s] [  0%] Built target std_msgs_generate_messages_lisp
[142.363s] [  0%] Built target jsk_recognition_msgs_generate_messages_py
[142.709s] [  0%] Built target sensor_msgs_generate_messages_cpp
[143.015s] [  0%] Built target pcl_msgs_generate_messages_cpp
[143.333s] [  0%] Built target roscpp_generate_messages_cpp
[143.642s] [  0%] Built target autoware_config_msgs_generate_messages_py
[143.987s] [  0%] Built target sensor_msgs_generate_messages_eus
[144.302s] [  0%] Built target sensor_msgs_generate_messages_lisp
[144.655s] [  0%] Built target pcl_msgs_generate_messages_eus
[145.026s] [  0%] Built target pcl_msgs_generate_messages_nodejs
[145.352s] [  0%] Built target pcl_msgs_generate_messages_lisp
[145.649s] [  0%] Built target pcl_msgs_generate_messages_py
[145.936s] [  0%] Built target sensor_msgs_generate_messages_nodejs
[146.203s] [  0%] Built target jsk_footstep_msgs_generate_messages_nodejs
[146.525s] [  0%] Built target actionlib_msgs_generate_messages_cpp
[146.842s] [  0%] Built target std_msgs_generate_messages_eus
[147.184s] [  0%] Built target actionlib_msgs_generate_messages_lisp
[147.531s] [  0%] Built target actionlib_msgs_generate_messages_nodejs
[147.796s] [  0%] Built target actionlib_msgs_generate_messages_py
[148.110s] [  0%] Built target rosgraph_msgs_generate_messages_nodejs
[148.377s] [  0%] Built target jsk_footstep_msgs_generate_messages_cpp
[148.686s] [  0%] Built target roscpp_generate_messages_nodejs
[149.026s] [  0%] Built target jsk_recognition_msgs_generate_messages_nodejs
[149.297s] [  0%] Built target roscpp_generate_messages_py
[149.646s] [  0%] Built target rosgraph_msgs_generate_messages_cpp
[150.053s] [  0%] Built target autoware_msgs_generate_messages_lisp
[150.472s] [  0%] Built target std_msgs_generate_messages_nodejs
[150.918s] [  0%] Built target geometry_msgs_generate_messages_eus
[151.310s] [  0%] Built target autoware_msgs_generate_messages_eus
[151.696s] [  0%] Built target geometry_msgs_generate_messages_lisp
[152.055s] [  0%] Built target jsk_recognition_msgs_generate_messages_cpp
[152.405s] [  0%] Built target std_msgs_generate_messages_py
[152.777s] [  0%] Built target jsk_recognition_msgs_generate_messages_eus
[153.059s] [  0%] Built target jsk_recognition_msgs_generate_messages_lisp
[153.440s] [  0%] Built target rosgraph_msgs_generate_messages_py
[154.013s] [  1%] [32m[1mLinking CXX shared library devel/lib/libvision_darknet_detect_lib.so[0m
[154.943s] [ 94%] Built target vision_darknet_detect_lib
[155.368s] [ 96%] [32m[1mLinking CXX executable devel/lib/vision_darknet_detect/vision_darknet_detect[0m
[156.925s] [100%] Built target vision_darknet_detect
[157.189s] [36mInstall the project...[0m
[157.256s] -- Install configuration: "Release"
[157.257s] -- Installing: /home/capstone/autoware.ai/install/vision_darknet_detect/lib/pkgconfig/vision_darknet_detect.pc
[157.257s] -- Installing: /home/capstone/autoware.ai/install/vision_darknet_detect/share/vision_darknet_detect/cmake/vision_darknet_detectConfig.cmake
[157.258s] -- Installing: /home/capstone/autoware.ai/install/vision_darknet_detect/share/vision_darknet_detect/cmake/vision_darknet_detectConfig-version.cmake
[157.260s] -- Installing: /home/capstone/autoware.ai/install/vision_darknet_detect/share/vision_darknet_detect/package.xml
[157.261s] -- Installing: /home/capstone/autoware.ai/install/vision_darknet_detect/lib/libvision_darknet_detect_lib.so
[157.266s] -- Set runtime path of "/home/capstone/autoware.ai/install/vision_darknet_detect/lib/libvision_darknet_detect_lib.so" to ""
[157.267s] -- Installing: /home/capstone/autoware.ai/install/vision_darknet_detect/lib/vision_darknet_detect/vision_darknet_detect
[157.275s] -- Set runtime path of "/home/capstone/autoware.ai/install/vision_darknet_detect/lib/vision_darknet_detect/vision_darknet_detect" to ""
[157.275s] -- Installing: /home/capstone/autoware.ai/install/vision_darknet_detect/share/vision_darknet_detect/launch
[157.276s] -- Installing: /home/capstone/autoware.ai/install/vision_darknet_detect/share/vision_darknet_detect/launch/vision_yolo2_detect.launch
[157.277s] -- Installing: /home/capstone/autoware.ai/install/vision_darknet_detect/share/vision_darknet_detect/launch/vision_yolo3_detect.launch
[157.279s] -- Installing: /home/capstone/autoware.ai/install/vision_darknet_detect/share/vision_darknet_detect/darknet/cfg/
[157.279s] -- Installing: /home/capstone/autoware.ai/install/vision_darknet_detect/share/vision_darknet_detect/darknet/cfg//yolov2.cfg
[157.281s] -- Installing: /home/capstone/autoware.ai/install/vision_darknet_detect/share/vision_darknet_detect/darknet/cfg//yolov2-tiny.cfg
[157.282s] -- Installing: /home/capstone/autoware.ai/install/vision_darknet_detect/share/vision_darknet_detect/darknet/cfg//coco.names
[157.284s] -- Installing: /home/capstone/autoware.ai/install/vision_darknet_detect/share/vision_darknet_detect/darknet/cfg//yolov3-voc.cfg
[157.285s] -- Installing: /home/capstone/autoware.ai/install/vision_darknet_detect/share/vision_darknet_detect/darknet/cfg//voc.names
[157.287s] -- Installing: /home/capstone/autoware.ai/install/vision_darknet_detect/share/vision_darknet_detect/darknet/cfg//yolov3.cfg
[157.288s] -- Installing: /home/capstone/autoware.ai/install/vision_darknet_detect/share/vision_darknet_detect/darknet/cfg//yolov3-tiny.cfg
