[0.594s] -- The C compiler identification is GNU 7.5.0
[0.833s] -- The CXX compiler identification is GNU 7.5.0
[0.864s] -- Check for working C compiler: /usr/bin/cc
[1.362s] -- Check for working C compiler: /usr/bin/cc -- works
[1.363s] -- Detecting C compiler ABI info
[1.944s] -- Detecting C compiler ABI info - done
[1.987s] -- Detecting C compile features
[3.820s] -- Detecting C compile features - done
[3.827s] -- Check for working CXX compiler: /usr/bin/c++
[4.530s] -- Check for working CXX compiler: /usr/bin/c++ -- works
[4.531s] -- Detecting CXX compiler ABI info
[5.194s] -- Detecting CXX compiler ABI info - done
[5.220s] -- Detecting CXX compile features
[7.839s] -- Detecting CXX compile features - done
[7.844s] -- CUDA compilation status: 1.
[7.868s] -- Using CATKIN_DEVEL_PREFIX: /home/capstone/autoware.ai/build/autoware_rviz_plugins/devel
[7.869s] -- Using CMAKE_PREFIX_PATH: /home/capstone/autoware.ai/install/autoware_build_flags;/home/capstone/autoware.ai/install/wf_simulator;/home/capstone/autoware.ai/install/vision_ssd_detect;/home/capstone/autoware.ai/install/vision_segment_enet_detect;/home/capstone/autoware.ai/install/vision_lane_detect;/home/capstone/autoware.ai/install/vision_darknet_detect;/home/capstone/autoware.ai/install/vision_beyond_track;/home/capstone/autoware.ai/install/vel_pose_diff_checker;/home/capstone/autoware.ai/install/vehicle_socket;/home/capstone/autoware.ai/install/vehicle_sim_model;/home/capstone/autoware.ai/install/vehicle_model;/home/capstone/autoware.ai/install/vehicle_gazebo_simulation_launcher;/home/capstone/autoware.ai/install/vehicle_gazebo_simulation_interface;/home/capstone/autoware.ai/install/vehicle_engage_panel;/home/capstone/autoware.ai/install/vehicle_description;/home/capstone/autoware.ai/install/op_ros_helpers;/home/capstone/autoware.ai/install/op_simu;/home/capstone/autoware.ai/install/op_planner;/home/capstone/autoware.ai/install/op_utility;/home/capstone/autoware.ai/install/vector_map_server;/home/capstone/autoware.ai/install/object_map;/home/capstone/autoware.ai/install/lanelet_aisan_converter;/home/capstone/autoware.ai/install/map_file;/home/capstone/autoware.ai/install/libvectormap;/home/capstone/autoware.ai/install/vector_map;/home/capstone/autoware.ai/install/vector_map_msgs;/home/capstone/autoware.ai/install/twist_generator;/home/capstone/autoware.ai/install/twist2odom;/home/capstone/autoware.ai/install/runtime_manager;/home/capstone/autoware.ai/install/tablet_socket_msgs;/home/capstone/autoware.ai/install/sound_player;/home/capstone/autoware.ai/install/points2image;/home/capstone/autoware.ai/install/rosinterface;/home/capstone/autoware.ai/install/rosbag_controller;/home/capstone/autoware.ai/install/points_preprocessor;/home/capstone/autoware.ai/install/lidar_localizer;/home/capstone/autoware.ai/install/emergency_handler;/home/capstone/autoware.ai/install/autoware_health_checker;/home/capstone/autoware.ai/install/ros_observer;/home/capstone/autoware.ai/install/range_vision_fusion;/home/capstone/autoware.ai/install/pos_db;/home/capstone/autoware.ai/install/points_downsampler;/home/capstone/autoware.ai/install/pixel_cloud_fusion;/home/capstone/autoware.ai/install/pcl_omp_registration;/home/capstone/autoware.ai/install/pc2_downsampler;/home/capstone/autoware.ai/install/obj_db;/home/capstone/autoware.ai/install/nmea_navsat;/home/capstone/autoware.ai/install/ndt_tku;/home/capstone/autoware.ai/install/ndt_gpu;/home/capstone/autoware.ai/install/ndt_cpu;/home/capstone/autoware.ai/install/multi_lidar_calibrator;/home/capstone/autoware.ai/install/mrt_cmake_modules;/home/capstone/autoware.ai/install/marker_downsampler;/home/capstone/autoware.ai/install/map_tools;/home/capstone/autoware.ai/install/map_tf_generator;/home/capstone/autoware.ai/install/log_tools;/home/capstone/autoware.ai/install/libwaypoint_follower;/home/capstone/autoware.ai/install/lgsvl_simulator_bridge;/home/capstone/autoware.ai/install/lanelet2_extension;/home/capstone/autoware.ai/install/lanelet2_validation;/home/capstone/autoware.ai/install/lanelet2_examples;/home/capstone/autoware.ai/install/lanelet2_python;/home/capstone/autoware.ai/install/lanelet2_routing;/home/capstone/autoware.ai/install/lanelet2_traffic_rules;/home/capstone/autoware.ai/install/lanelet2_projection;/home/capstone/autoware.ai/install/lanelet2_maps;/home/capstone/autoware.ai/install/lanelet2_io;/home/capstone/autoware.ai/install/lanelet2_core;/home/capstone/autoware.ai/install/integrated_viewer;/home/capstone/autoware.ai/install/image_processor;/home/capstone/autoware.ai/install/graph_tools;/home/capstone/autoware.ai/install/gnss_localizer;/home/capstone/autoware.ai/install/gnss;/home/capstone/autoware.ai/install/glviewer;/home/capstone/autoware.ai/install/gazebo_world_description;/home/capstone/autoware.ai/install/gazebo_imu_description;/home/capstone/autoware.ai/install/gazebo_camera_description;/home/capstone/autoware.ai/install/fastvirtualscan;/home/capstone/autoware.ai/install/ekf_localizer;/home/capstone/autoware.ai/install/detected_objects_visualizer;/home/capstone/autoware.ai/install/decision_maker_panel;/home/capstone/autoware.ai/install/data_preprocessor;/home/capstone/autoware.ai/install/carla_autoware_bridge;/home/capstone/autoware.ai/install/calibration_publisher;/home/capstone/autoware.ai/install/autoware_system_msgs;/home/capstone/autoware.ai/install/autoware_rviz_plugins;/home/capstone/autoware.ai/install/autoware_quickstart_examples;/home/capstone/autoware.ai/install/autoware_pointgrey_drivers;/home/capstone/autoware.ai/install/autoware_driveworks_interface;/home/capstone/autoware.ai/install/autoware_connector;/home/capstone/autoware.ai/install/autoware_camera_lidar_calibrator;/home/capstone/autoware.ai/install/amathutils_lib;/home/capstone/autoware.ai/install/autoware_msgs;/home/capstone/autoware.ai/install/autoware_map_msgs;/home/capstone/autoware.ai/install/autoware_launcher_rviz;/home/capstone/autoware.ai/install/autoware_launcher;/home/capstone/autoware.ai/install/autoware_lanelet2_msgs;/home/capstone/autoware.ai/install/autoware_external_msgs;/home/capstone/autoware.ai/install/autoware_driveworks_gmsl_interface;/home/capstone/autoware.ai/install/autoware_config_msgs;/home/capstone/autoware.ai/install/autoware_can_msgs;/home/capstone/autoware.ai/install/autoware_bag_tools;/opt/carla-ros-bridge/melodic;/opt/ros/melodic
[7.874s] -- This workspace overlays: /home/capstone/autoware.ai/install/autoware_build_flags;/home/capstone/autoware.ai/install/vehicle_sim_model;/home/capstone/autoware.ai/install/vehicle_gazebo_simulation_launcher;/home/capstone/autoware.ai/install/vehicle_description;/home/capstone/autoware.ai/install/libvectormap;/home/capstone/autoware.ai/install/vector_map;/home/capstone/autoware.ai/install/vector_map_msgs;/home/capstone/autoware.ai/install/twist2odom;/home/capstone/autoware.ai/install/tablet_socket_msgs;/home/capstone/autoware.ai/install/sound_player;/home/capstone/autoware.ai/install/rosinterface;/home/capstone/autoware.ai/install/rosbag_controller;/home/capstone/autoware.ai/install/autoware_health_checker;/home/capstone/autoware.ai/install/ros_observer;/home/capstone/autoware.ai/install/pcl_omp_registration;/home/capstone/autoware.ai/install/pc2_downsampler;/home/capstone/autoware.ai/install/nmea_navsat;/home/capstone/autoware.ai/install/ndt_tku;/home/capstone/autoware.ai/install/ndt_gpu;/home/capstone/autoware.ai/install/ndt_cpu;/home/capstone/autoware.ai/install/mrt_cmake_modules;/home/capstone/autoware.ai/install/marker_downsampler;/home/capstone/autoware.ai/install/graph_tools;/home/capstone/autoware.ai/install/gnss;/home/capstone/autoware.ai/install/gazebo_world_description;/home/capstone/autoware.ai/install/gazebo_imu_description;/home/capstone/autoware.ai/install/gazebo_camera_description;/home/capstone/autoware.ai/install/fastvirtualscan;/home/capstone/autoware.ai/install/autoware_system_msgs;/home/capstone/autoware.ai/install/autoware_quickstart_examples;/home/capstone/autoware.ai/install/autoware_driveworks_interface;/home/capstone/autoware.ai/install/amathutils_lib;/home/capstone/autoware.ai/install/autoware_msgs;/home/capstone/autoware.ai/install/autoware_map_msgs;/home/capstone/autoware.ai/install/autoware_launcher;/home/capstone/autoware.ai/install/autoware_lanelet2_msgs;/home/capstone/autoware.ai/install/autoware_external_msgs;/home/capstone/autoware.ai/install/autoware_driveworks_gmsl_interface;/home/capstone/autoware.ai/install/autoware_config_msgs;/home/capstone/autoware.ai/install/autoware_can_msgs;/home/capstone/autoware.ai/install/autoware_bag_tools;/opt/carla-ros-bridge/melodic;/opt/ros/melodic
[7.990s] -- Found PythonInterp: /usr/bin/python2 (found suitable version "2.7.17", minimum required is "2") 
[7.991s] -- Using PYTHON_EXECUTABLE: /usr/bin/python2
[7.991s] -- Using Debian Python package layout
[7.993s] -- Using empy: /usr/bin/empy
[8.454s] -- Using CATKIN_ENABLE_TESTING: ON
[8.456s] -- Call enable_testing()
[8.469s] -- Using CATKIN_TEST_RESULTS_DIR: /home/capstone/autoware.ai/build/autoware_rviz_plugins/test_results
[8.591s] -- Found gtest sources under '/usr/src/googletest': gtests will be built
[8.592s] -- Found gmock sources under '/usr/src/googletest': gmock will be built
[8.687s] -- Found PythonInterp: /usr/bin/python2 (found version "2.7.17") 
[8.690s] -- Looking for pthread.h
[9.235s] -- Looking for pthread.h - found
[9.236s] -- Looking for pthread_create
[9.851s] -- Looking for pthread_create - not found
[9.852s] -- Looking for pthread_create in pthreads
[10.336s] -- Looking for pthread_create in pthreads - not found
[10.338s] -- Looking for pthread_create in pthread
[10.821s] -- Looking for pthread_create in pthread - found
[10.823s] -- Found Threads: TRUE  
[10.836s] -- Using Python nosetests: /usr/bin/nosetests-2.7
[11.055s] -- catkin 0.7.23
[11.056s] -- BUILD_SHARED_LIBS is on
[12.922s] -- Using these message generators: gencpp;geneus;genlisp;gennodejs;genpy
[13.962s] -- Using Qt5 based on the rviz_QT_VERSION: 5.9.5
[14.810s] -- Configuring done
[15.052s] -- Generating done
[15.109s] -- Build files have been written to: /home/capstone/autoware.ai/build/autoware_rviz_plugins
[15.641s] [35m[1mScanning dependencies of target autoware_rviz_plugins_autogen[0m
[15.715s] [ 20%] [34m[1mAutomatic MOC for target autoware_rviz_plugins[0m
[18.728s] [ 20%] Built target autoware_rviz_plugins_autogen
[18.816s] [35m[1mScanning dependencies of target autoware_rviz_plugins[0m
[19.298s] [ 40%] [32mBuilding CXX object CMakeFiles/autoware_rviz_plugins.dir/src/state_panel/state_panel.cpp.o[0m
[26.597s] [ 60%] [32mBuilding CXX object CMakeFiles/autoware_rviz_plugins.dir/autoware_rviz_plugins_autogen/mocs_compilation.cpp.o[0m
[31.723s] [ 80%] [32mBuilding CXX object CMakeFiles/autoware_rviz_plugins.dir/src/sim_object/autoware_flag_tool.cpp.o[0m
[48.639s] [100%] [32m[1mLinking CXX shared library devel/lib/libautoware_rviz_plugins.so[0m
[49.851s] [100%] Built target autoware_rviz_plugins
[52.151s] [35m[1mScanning dependencies of target tests[0m
[52.226s] Built target tests
[54.589s] [ 20%] [34m[1mAutomatic MOC for target autoware_rviz_plugins[0m
[54.745s] [ 20%] Built target autoware_rviz_plugins_autogen
[55.030s] [100%] Built target autoware_rviz_plugins
[55.149s] [36mInstall the project...[0m
[55.218s] -- Install configuration: "Release"
[55.218s] -- Installing: /home/capstone/autoware.ai/install/autoware_rviz_plugins/lib/pkgconfig/autoware_rviz_plugins.pc
[55.221s] -- Installing: /home/capstone/autoware.ai/install/autoware_rviz_plugins/share/autoware_rviz_plugins/cmake/autoware_rviz_pluginsConfig.cmake
[55.221s] -- Installing: /home/capstone/autoware.ai/install/autoware_rviz_plugins/share/autoware_rviz_plugins/cmake/autoware_rviz_pluginsConfig-version.cmake
[55.221s] -- Installing: /home/capstone/autoware.ai/install/autoware_rviz_plugins/share/autoware_rviz_plugins/package.xml
[55.221s] -- Installing: /home/capstone/autoware.ai/install/autoware_rviz_plugins/lib/libautoware_rviz_plugins.so
[55.228s] -- Set runtime path of "/home/capstone/autoware.ai/install/autoware_rviz_plugins/lib/libautoware_rviz_plugins.so" to ""
[55.228s] -- Installing: /home/capstone/autoware.ai/install/autoware_rviz_plugins/share/autoware_rviz_plugins/media
[55.228s] -- Installing: /home/capstone/autoware.ai/install/autoware_rviz_plugins/share/autoware_rviz_plugins/media/flag.dae
[55.229s] -- Installing: /home/capstone/autoware.ai/install/autoware_rviz_plugins/share/autoware_rviz_plugins/icons
[55.229s] -- Installing: /home/capstone/autoware.ai/install/autoware_rviz_plugins/share/autoware_rviz_plugins/icons/classes
[55.230s] -- Installing: /home/capstone/autoware.ai/install/autoware_rviz_plugins/share/autoware_rviz_plugins/icons/classes/OpFlag.png
[55.231s] -- Installing: /home/capstone/autoware.ai/install/autoware_rviz_plugins/share/autoware_rviz_plugins/plugin_description.xml
