[1.815s] -- CUDA compilation status: 1.
[1.817s] -- Using CATKIN_DEVEL_PREFIX: /home/capstone/autoware.ai/build/lidar_kf_contour_track/devel
[1.819s] -- Using CMAKE_PREFIX_PATH: /home/capstone/autoware.ai/install/op_ros_helpers;/home/capstone/autoware.ai/install/map_file;/home/capstone/autoware.ai/install/op_simu;/home/capstone/autoware.ai/install/lanelet2_extension;/home/capstone/autoware.ai/install/op_planner;/home/capstone/autoware.ai/install/lanelet2_validation;/home/capstone/autoware.ai/install/op_utility;/home/capstone/autoware.ai/install/lanelet2_routing;/home/capstone/autoware.ai/install/lanelet2_projection;/home/capstone/autoware.ai/install/vector_map_server;/home/capstone/autoware.ai/install/libwaypoint_follower;/home/capstone/autoware.ai/install/lanelet2_traffic_rules;/home/capstone/autoware.ai/install/lanelet2_maps;/home/capstone/autoware.ai/install/lanelet2_io;/home/capstone/autoware.ai/install/vector_map;/home/capstone/autoware.ai/install/lanelet2_core;/home/capstone/autoware.ai/install/amathutils_lib;/home/capstone/autoware.ai/install/vector_map_msgs;/home/capstone/autoware.ai/install/autoware_msgs;/home/capstone/autoware.ai/install/autoware_lanelet2_msgs;/home/capstone/autoware.ai/install/autoware_build_flags;/home/capstone/autoware.ai/install/ymc;/home/capstone/autoware.ai/install/xsens_driver;/home/capstone/autoware.ai/install/wf_simulator;/home/capstone/autoware.ai/install/lattice_planner;/home/capstone/autoware.ai/install/waypoint_planner;/home/capstone/autoware.ai/install/waypoint_maker;/home/capstone/autoware.ai/install/way_planner;/home/capstone/autoware.ai/install/vlg22c_cam;/home/capstone/autoware.ai/install/vision_ssd_detect;/home/capstone/autoware.ai/install/vision_segment_enet_detect;/home/capstone/autoware.ai/install/vision_lane_detect;/home/capstone/autoware.ai/install/vision_darknet_detect;/home/capstone/autoware.ai/install/vision_beyond_track;/home/capstone/autoware.ai/install/vel_pose_diff_checker;/home/capstone/autoware.ai/install/vehicle_socket;/home/capstone/autoware.ai/install/vehicle_sim_model;/home/capstone/autoware.ai/install/vehicle_model;/home/capstone/autoware.ai/install/vehicle_gazebo_simulation_launcher;/home/capstone/autoware.ai/install/vehicle_gazebo_simulation_interface;/home/capstone/autoware.ai/install/vehicle_engage_panel;/home/capstone/autoware.ai/install/vehicle_description;/home/capstone/autoware.ai/install/trafficlight_recognizer;/home/capstone/autoware.ai/install/op_utilities;/home/capstone/autoware.ai/install/op_simulation_package;/home/capstone/autoware.ai/install/op_local_planner;/home/capstone/autoware.ai/install/op_global_planner;/home/capstone/autoware.ai/install/lidar_kf_contour_track;/home/capstone/autoware.ai/install/ff_waypoint_follower;/home/capstone/autoware.ai/install/dp_planner;/home/capstone/autoware.ai/install/lidar_euclidean_cluster_detect;/home/capstone/autoware.ai/install/road_occupancy_processor;/home/capstone/autoware.ai/install/costmap_generator;/home/capstone/autoware.ai/install/object_map;/home/capstone/autoware.ai/install/naive_motion_predict;/home/capstone/autoware.ai/install/lanelet_aisan_converter;/home/capstone/autoware.ai/install/libvectormap;/home/capstone/autoware.ai/install/lane_planner;/home/capstone/autoware.ai/install/imm_ukf_pda_track;/home/capstone/autoware.ai/install/decision_maker;/home/capstone/autoware.ai/install/vectacam;/home/capstone/autoware.ai/install/udon_socket;/home/capstone/autoware.ai/install/twist_generator;/home/capstone/autoware.ai/install/twist_gate;/home/capstone/autoware.ai/install/twist_filter;/home/capstone/autoware.ai/install/twist2odom;/home/capstone/autoware.ai/install/tablet_socket;/home/capstone/autoware.ai/install/runtime_manager;/home/capstone/autoware.ai/install/mqtt_socket;/home/capstone/autoware.ai/install/tablet_socket_msgs;/home/capstone/autoware.ai/install/state_machine_lib;/home/capstone/autoware.ai/install/sound_player;/home/capstone/autoware.ai/install/sick_lms5xx;/home/capstone/autoware.ai/install/sick_ldmrs_tools;/home/capstone/autoware.ai/install/sick_ldmrs_driver;/home/capstone/autoware.ai/install/sick_ldmrs_msgs;/home/capstone/autoware.ai/install/sick_ldmrs_description;/home/capstone/autoware.ai/install/points2image;/home/capstone/autoware.ai/install/rosinterface;/home/capstone/autoware.ai/install/rosbag_controller;/home/capstone/autoware.ai/install/pure_pursuit;/home/capstone/autoware.ai/install/points_preprocessor;/home/capstone/autoware.ai/install/mpc_follower;/home/capstone/autoware.ai/install/lidar_localizer;/home/capstone/autoware.ai/install/emergency_handler;/home/capstone/autoware.ai/install/autoware_health_checker;/home/capstone/autoware.ai/install/as;/home/capstone/autoware.ai/install/ros_observer;/home/capstone/autoware.ai/install/roi_object_filter;/home/capstone/autoware.ai/install/range_vision_fusion;/home/capstone/autoware.ai/install/pos_db;/home/capstone/autoware.ai/install/points_downsampler;/home/capstone/autoware.ai/install/pixel_cloud_fusion;/home/capstone/autoware.ai/install/pcl_omp_registration;/home/capstone/autoware.ai/install/pc2_downsampler;/home/capstone/autoware.ai/install/oculus_socket;/home/capstone/autoware.ai/install/obj_db;/home/capstone/autoware.ai/install/nmea_navsat;/home/capstone/autoware.ai/install/ndt_tku;/home/capstone/autoware.ai/install/ndt_gpu;/home/capstone/autoware.ai/install/ndt_cpu;/home/capstone/autoware.ai/install/multi_lidar_calibrator;/home/capstone/autoware.ai/install/mrt_cmake_modules;/home/capstone/autoware.ai/install/microstrain_driver;/home/capstone/autoware.ai/install/memsic_imu;/home/capstone/autoware.ai/install/marker_downsampler;/home/capstone/autoware.ai/install/map_tools;/home/capstone/autoware.ai/install/map_tf_generator;/home/capstone/autoware.ai/install/log_tools;/home/capstone/autoware.ai/install/lidar_shape_estimation;/home/capstone/autoware.ai/install/lidar_point_pillars;/home/capstone/autoware.ai/install/lidar_naive_l_shape_detect;/home/capstone/autoware.ai/install/lidar_fake_perception;/home/capstone/autoware.ai/install/lidar_apollo_cnn_seg_detect;/home/capstone/autoware.ai/install/lgsvl_simulator_bridge;/home/capstone/autoware.ai/install/lanelet2_examples;/home/capstone/autoware.ai/install/lanelet2_python;/home/capstone/autoware.ai/install/kvaser;/home/capstone/autoware.ai/install/kitti_launch;/home/capstone/autoware.ai/install/kitti_player;/home/capstone/autoware.ai/install/kitti_box_publisher;/home/capstone/autoware.ai/install/javad_navsat_driver;/home/capstone/autoware.ai/install/integrated_viewer;/home/capstone/autoware.ai/install/image_processor;/home/capstone/autoware.ai/install/hokuyo;/home/capstone/autoware.ai/install/graph_tools;/home/capstone/autoware.ai/install/gnss_localizer;/home/capstone/autoware.ai/install/gnss;/home/capstone/autoware.ai/install/glviewer;/home/capstone/autoware.ai/install/gazebo_world_description;/home/capstone/autoware.ai/install/gazebo_imu_description;/home/capstone/autoware.ai/install/gazebo_camera_description;/home/capstone/autoware.ai/install/garmin;/home/capstone/autoware.ai/install/freespace_planner;/home/capstone/autoware.ai/install/fastvirtualscan;/home/capstone/autoware.ai/install/ekf_localizer;/home/capstone/autoware.ai/install/ds4_msgs;/home/capstone/autoware.ai/install/ds4_driver;/home/capstone/autoware.ai/install/detected_objects_visualizer;/home/capstone/autoware.ai/install/decision_maker_panel;/home/capstone/autoware.ai/install/data_preprocessor;/home/capstone/autoware.ai/install/custom_msgs;/home/capstone/autoware.ai/install/carla_autoware_bridge;/home/capstone/autoware.ai/install/calibration_publisher;/home/capstone/autoware.ai/install/autoware_system_msgs;/home/capstone/autoware.ai/install/autoware_rviz_plugins;/home/capstone/autoware.ai/install/autoware_quickstart_examples;/home/capstone/autoware.ai/install/autoware_pointgrey_drivers;/home/capstone/autoware.ai/install/autoware_driveworks_interface;/home/capstone/autoware.ai/install/autoware_connector;/home/capstone/autoware.ai/install/autoware_camera_lidar_calibrator;/home/capstone/autoware.ai/install/astar_search;/home/capstone/autoware.ai/install/autoware_map_msgs;/home/capstone/autoware.ai/install/autoware_launcher_rviz;/home/capstone/autoware.ai/install/autoware_launcher;/home/capstone/autoware.ai/install/autoware_external_msgs;/home/capstone/autoware.ai/install/autoware_driveworks_gmsl_interface;/home/capstone/autoware.ai/install/autoware_config_msgs;/home/capstone/autoware.ai/install/autoware_can_msgs;/home/capstone/autoware.ai/install/autoware_bag_tools;/home/capstone/autoware.ai/install/adi_driver;/opt/carla-ros-bridge/melodic;/opt/ros/melodic
[1.836s] -- This workspace overlays: /home/capstone/autoware.ai/install/op_ros_helpers;/home/capstone/autoware.ai/install/map_file;/home/capstone/autoware.ai/install/op_simu;/home/capstone/autoware.ai/install/lanelet2_extension;/home/capstone/autoware.ai/install/op_planner;/home/capstone/autoware.ai/install/lanelet2_validation;/home/capstone/autoware.ai/install/op_utility;/home/capstone/autoware.ai/install/lanelet2_routing;/home/capstone/autoware.ai/install/lanelet2_projection;/home/capstone/autoware.ai/install/vector_map_server;/home/capstone/autoware.ai/install/libwaypoint_follower;/home/capstone/autoware.ai/install/lanelet2_traffic_rules;/home/capstone/autoware.ai/install/lanelet2_maps;/home/capstone/autoware.ai/install/lanelet2_io;/home/capstone/autoware.ai/install/vector_map;/home/capstone/autoware.ai/install/lanelet2_core;/home/capstone/autoware.ai/install/amathutils_lib;/home/capstone/autoware.ai/install/vector_map_msgs;/home/capstone/autoware.ai/install/autoware_msgs;/home/capstone/autoware.ai/install/autoware_lanelet2_msgs;/home/capstone/autoware.ai/install/autoware_build_flags;/home/capstone/autoware.ai/install/ymc;/home/capstone/autoware.ai/install/xsens_driver;/home/capstone/autoware.ai/install/wf_simulator;/home/capstone/autoware.ai/install/lattice_planner;/home/capstone/autoware.ai/install/waypoint_planner;/home/capstone/autoware.ai/install/waypoint_maker;/home/capstone/autoware.ai/install/way_planner;/home/capstone/autoware.ai/install/vlg22c_cam;/home/capstone/autoware.ai/install/vision_ssd_detect;/home/capstone/autoware.ai/install/vision_segment_enet_detect;/home/capstone/autoware.ai/install/vision_lane_detect;/home/capstone/autoware.ai/install/vision_darknet_detect;/home/capstone/autoware.ai/install/vision_beyond_track;/home/capstone/autoware.ai/install/vel_pose_diff_checker;/home/capstone/autoware.ai/install/vehicle_socket;/home/capstone/autoware.ai/install/vehicle_sim_model;/home/capstone/autoware.ai/install/vehicle_model;/home/capstone/autoware.ai/install/vehicle_gazebo_simulation_launcher;/home/capstone/autoware.ai/install/vehicle_gazebo_simulation_interface;/home/capstone/autoware.ai/install/vehicle_engage_panel;/home/capstone/autoware.ai/install/vehicle_description;/home/capstone/autoware.ai/install/trafficlight_recognizer;/home/capstone/autoware.ai/install/op_utilities;/home/capstone/autoware.ai/install/op_simulation_package;/home/capstone/autoware.ai/install/op_local_planner;/home/capstone/autoware.ai/install/op_global_planner;/home/capstone/autoware.ai/install/lidar_kf_contour_track;/home/capstone/autoware.ai/install/ff_waypoint_follower;/home/capstone/autoware.ai/install/dp_planner;/home/capstone/autoware.ai/install/lidar_euclidean_cluster_detect;/home/capstone/autoware.ai/install/road_occupancy_processor;/home/capstone/autoware.ai/install/costmap_generator;/home/capstone/autoware.ai/install/object_map;/home/capstone/autoware.ai/install/naive_motion_predict;/home/capstone/autoware.ai/install/lanelet_aisan_converter;/home/capstone/autoware.ai/install/libvectormap;/home/capstone/autoware.ai/install/lane_planner;/home/capstone/autoware.ai/install/imm_ukf_pda_track;/home/capstone/autoware.ai/install/decision_maker;/home/capstone/autoware.ai/install/vectacam;/home/capstone/autoware.ai/install/udon_socket;/home/capstone/autoware.ai/install/twist_generator;/home/capstone/autoware.ai/install/twist_gate;/home/capstone/autoware.ai/install/twist_filter;/home/capstone/autoware.ai/install/twist2odom;/home/capstone/autoware.ai/install/tablet_socket;/home/capstone/autoware.ai/install/runtime_manager;/home/capstone/autoware.ai/install/mqtt_socket;/home/capstone/autoware.ai/install/tablet_socket_msgs;/home/capstone/autoware.ai/install/state_machine_lib;/home/capstone/autoware.ai/install/sound_player;/home/capstone/autoware.ai/install/sick_lms5xx;/home/capstone/autoware.ai/install/sick_ldmrs_tools;/home/capstone/autoware.ai/install/sick_ldmrs_driver;/home/capstone/autoware.ai/install/sick_ldmrs_msgs;/home/capstone/autoware.ai/install/sick_ldmrs_description;/home/capstone/autoware.ai/install/points2image;/home/capstone/autoware.ai/install/rosinterface;/home/capstone/autoware.ai/install/rosbag_controller;/home/capstone/autoware.ai/install/pure_pursuit;/home/capstone/autoware.ai/install/points_preprocessor;/home/capstone/autoware.ai/install/mpc_follower;/home/capstone/autoware.ai/install/lidar_localizer;/home/capstone/autoware.ai/install/emergency_handler;/home/capstone/autoware.ai/install/autoware_health_checker;/home/capstone/autoware.ai/install/as;/home/capstone/autoware.ai/install/ros_observer;/home/capstone/autoware.ai/install/roi_object_filter;/home/capstone/autoware.ai/install/range_vision_fusion;/home/capstone/autoware.ai/install/pos_db;/home/capstone/autoware.ai/install/points_downsampler;/home/capstone/autoware.ai/install/pixel_cloud_fusion;/home/capstone/autoware.ai/install/pcl_omp_registration;/home/capstone/autoware.ai/install/pc2_downsampler;/home/capstone/autoware.ai/install/oculus_socket;/home/capstone/autoware.ai/install/obj_db;/home/capstone/autoware.ai/install/nmea_navsat;/home/capstone/autoware.ai/install/ndt_tku;/home/capstone/autoware.ai/install/ndt_gpu;/home/capstone/autoware.ai/install/ndt_cpu;/home/capstone/autoware.ai/install/multi_lidar_calibrator;/home/capstone/autoware.ai/install/mrt_cmake_modules;/home/capstone/autoware.ai/install/microstrain_driver;/home/capstone/autoware.ai/install/memsic_imu;/home/capstone/autoware.ai/install/marker_downsampler;/home/capstone/autoware.ai/install/map_tools;/home/capstone/autoware.ai/install/map_tf_generator;/home/capstone/autoware.ai/install/log_tools;/home/capstone/autoware.ai/install/lidar_shape_estimation;/home/capstone/autoware.ai/install/lidar_point_pillars;/home/capstone/autoware.ai/install/lidar_naive_l_shape_detect;/home/capstone/autoware.ai/install/lidar_fake_perception;/home/capstone/autoware.ai/install/lidar_apollo_cnn_seg_detect;/home/capstone/autoware.ai/install/lgsvl_simulator_bridge;/home/capstone/autoware.ai/install/lanelet2_examples;/home/capstone/autoware.ai/install/lanelet2_python;/home/capstone/autoware.ai/install/kvaser;/home/capstone/autoware.ai/install/kitti_launch;/home/capstone/autoware.ai/install/kitti_player;/home/capstone/autoware.ai/install/kitti_box_publisher;/home/capstone/autoware.ai/install/javad_navsat_driver;/home/capstone/autoware.ai/install/integrated_viewer;/home/capstone/autoware.ai/install/image_processor;/home/capstone/autoware.ai/install/hokuyo;/home/capstone/autoware.ai/install/graph_tools;/home/capstone/autoware.ai/install/gnss_localizer;/home/capstone/autoware.ai/install/gnss;/home/capstone/autoware.ai/install/glviewer;/home/capstone/autoware.ai/install/gazebo_world_description;/home/capstone/autoware.ai/install/gazebo_imu_description;/home/capstone/autoware.ai/install/gazebo_camera_description;/home/capstone/autoware.ai/install/garmin;/home/capstone/autoware.ai/install/freespace_planner;/home/capstone/autoware.ai/install/fastvirtualscan;/home/capstone/autoware.ai/install/ekf_localizer;/home/capstone/autoware.ai/install/ds4_msgs;/home/capstone/autoware.ai/install/ds4_driver;/home/capstone/autoware.ai/install/detected_objects_visualizer;/home/capstone/autoware.ai/install/decision_maker_panel;/home/capstone/autoware.ai/install/data_preprocessor;/home/capstone/autoware.ai/install/custom_msgs;/home/capstone/autoware.ai/install/carla_autoware_bridge;/home/capstone/autoware.ai/install/calibration_publisher;/home/capstone/autoware.ai/install/autoware_system_msgs;/home/capstone/autoware.ai/install/autoware_rviz_plugins;/home/capstone/autoware.ai/install/autoware_quickstart_examples;/home/capstone/autoware.ai/install/autoware_pointgrey_drivers;/home/capstone/autoware.ai/install/autoware_driveworks_interface;/home/capstone/autoware.ai/install/autoware_connector;/home/capstone/autoware.ai/install/autoware_camera_lidar_calibrator;/home/capstone/autoware.ai/install/astar_search;/home/capstone/autoware.ai/install/autoware_map_msgs;/home/capstone/autoware.ai/install/autoware_launcher_rviz;/home/capstone/autoware.ai/install/autoware_launcher;/home/capstone/autoware.ai/install/autoware_external_msgs;/home/capstone/autoware.ai/install/autoware_driveworks_gmsl_interface;/home/capstone/autoware.ai/install/autoware_config_msgs;/home/capstone/autoware.ai/install/autoware_can_msgs;/home/capstone/autoware.ai/install/autoware_bag_tools;/home/capstone/autoware.ai/install/adi_driver;/opt/carla-ros-bridge/melodic;/opt/ros/melodic
[1.917s] -- Found PythonInterp: /usr/bin/python2 (found suitable version "2.7.17", minimum required is "2") 
[1.917s] -- Using PYTHON_EXECUTABLE: /usr/bin/python2
[1.918s] -- Using Debian Python package layout
[1.918s] -- Using empy: /usr/bin/empy
[2.265s] -- Using CATKIN_ENABLE_TESTING: ON
[2.266s] -- Call enable_testing()
[2.268s] -- Using CATKIN_TEST_RESULTS_DIR: /home/capstone/autoware.ai/build/lidar_kf_contour_track/test_results
[2.399s] -- Found gtest sources under '/usr/src/googletest': gtests will be built
[2.399s] -- Found gmock sources under '/usr/src/googletest': gmock will be built
[2.473s] -- Found PythonInterp: /usr/bin/python2 (found version "2.7.17") 
[2.485s] -- Using Python nosetests: /usr/bin/nosetests-2.7
[2.658s] -- catkin 0.7.23
[2.659s] -- BUILD_SHARED_LIBS is on
[3.566s] -- Using these message generators: gencpp;geneus;genlisp;gennodejs;genpy
[5.575s] -- Configuring done
[5.936s] -- Generating done
[5.990s] -- Build files have been written to: /home/capstone/autoware.ai/build/lidar_kf_contour_track
[6.280s] [  0%] Built target tf_generate_messages_lisp
[6.426s] [  0%] Built target rosgraph_msgs_generate_messages_py
[6.565s] [  0%] Built target rosgraph_msgs_generate_messages_nodejs
[6.708s] [  0%] Built target rosgraph_msgs_generate_messages_eus
[6.850s] [  0%] Built target actionlib_generate_messages_eus
[6.995s] [  0%] Built target rosgraph_msgs_generate_messages_cpp
[7.192s] [  0%] Built target roscpp_generate_messages_lisp
[7.369s] [  0%] Built target roscpp_generate_messages_eus
[7.514s] [  0%] Built target roscpp_generate_messages_cpp
[7.660s] [  0%] Built target tf_generate_messages_nodejs
[7.804s] [  0%] Built target jsk_recognition_msgs_generate_messages_lisp
[7.945s] [  0%] Built target tf_generate_messages_cpp
[8.106s] [  0%] Built target jsk_recognition_msgs_generate_messages_eus
[8.287s] [  0%] Built target std_msgs_generate_messages_py
[8.428s] [  0%] Built target jsk_recognition_msgs_generate_messages_cpp
[8.571s] [  0%] Built target geometry_msgs_generate_messages_lisp
[8.716s] [  0%] Built target autoware_msgs_generate_messages_eus
[8.860s] [  0%] Built target roscpp_generate_messages_py
[9.011s] [  0%] Built target jsk_recognition_msgs_generate_messages_nodejs
[9.212s] [  0%] Built target std_msgs_generate_messages_nodejs
[9.360s] [  0%] Built target geometry_msgs_generate_messages_eus
[9.507s] [  0%] Built target std_msgs_generate_messages_cpp
[9.653s] [  0%] Built target vector_map_msgs_generate_messages_nodejs
[9.798s] [  0%] Built target vector_map_server_generate_messages_cpp
[9.941s] [  0%] Built target jsk_footstep_msgs_generate_messages_py
[10.091s] [  0%] Built target geometry_msgs_generate_messages_py
[10.276s] [  0%] Built target roscpp_generate_messages_nodejs
[10.427s] [  0%] Built target jsk_footstep_msgs_generate_messages_cpp
[10.569s] [  0%] Built target jsk_footstep_msgs_generate_messages_lisp
[10.711s] [  0%] Built target autoware_msgs_generate_messages_nodejs
[10.857s] [  0%] Built target rosgraph_msgs_generate_messages_lisp
[11.000s] [  0%] Built target tf_generate_messages_eus
[11.188s] [  0%] Built target autoware_msgs_generate_messages_py
[11.351s] [  0%] Built target actionlib_msgs_generate_messages_eus
[11.498s] [  0%] Built target visualization_msgs_generate_messages_cpp
[11.641s] [  0%] Built target sensor_msgs_generate_messages_lisp
[11.784s] [  0%] Built target vector_map_server_generate_messages_lisp
[11.925s] [  0%] Built target sensor_msgs_generate_messages_eus
[12.094s] [  0%] Built target visualization_msgs_generate_messages_py
[12.280s] [  0%] Built target autoware_msgs_generate_messages_lisp
[12.427s] [  0%] Built target sensor_msgs_generate_messages_cpp
[12.567s] [  0%] Built target pcl_msgs_generate_messages_cpp
[12.778s] [  0%] Built target jsk_recognition_msgs_generate_messages_py
[12.923s] [  0%] Built target std_msgs_generate_messages_lisp
[13.088s] [  0%] Built target autoware_msgs_generate_messages_cpp
[13.305s] [  0%] Built target jsk_footstep_msgs_generate_messages_eus
[13.472s] [  0%] Built target actionlib_generate_messages_lisp
[13.618s] [  0%] Built target _catkin_empty_exported_target
[13.800s] [  0%] Built target geometry_msgs_generate_messages_nodejs
[13.981s] [  0%] Built target geometry_msgs_generate_messages_cpp
[14.155s] [  0%] Built target pcl_msgs_generate_messages_eus
[14.368s] [  0%] Built target pcl_msgs_generate_messages_py
[14.512s] [  0%] Built target sensor_msgs_generate_messages_nodejs
[14.657s] [  0%] Built target jsk_footstep_msgs_generate_messages_nodejs
[14.798s] [  0%] Built target actionlib_msgs_generate_messages_cpp
[14.937s] [  0%] Built target tf_generate_messages_py
[15.091s] [  0%] Built target std_msgs_generate_messages_eus
[15.312s] [  0%] Built target actionlib_msgs_generate_messages_lisp
[15.501s] [  0%] Built target actionlib_msgs_generate_messages_nodejs
[15.670s] [  0%] Built target actionlib_msgs_generate_messages_py
[15.810s] [  0%] Built target vector_map_msgs_generate_messages_cpp
[15.956s] [  0%] Built target vector_map_msgs_generate_messages_eus
[16.148s] [  0%] Built target vector_map_server_generate_messages_py
[16.348s] [  0%] Built target pcl_msgs_generate_messages_nodejs
[16.492s] [  0%] Built target pcl_msgs_generate_messages_lisp
[16.644s] [  0%] Built target vector_map_msgs_generate_messages_lisp
[16.829s] [  0%] Built target vector_map_msgs_generate_messages_py
[16.980s] [  0%] Built target vector_map_server_generate_messages_eus
[17.210s] [  0%] Built target tf2_msgs_generate_messages_eus
[17.361s] [  0%] Built target sensor_msgs_generate_messages_py
[17.506s] [  0%] Built target vector_map_server_generate_messages_nodejs
[17.896s] [  0%] Built target actionlib_generate_messages_cpp
[18.161s] [  0%] Built target actionlib_generate_messages_nodejs
[18.358s] [  0%] Built target actionlib_generate_messages_py
[18.638s] [  0%] Built target tf2_msgs_generate_messages_cpp
[18.825s] [  0%] Built target tf2_msgs_generate_messages_lisp
[19.022s] [  0%] Built target tf2_msgs_generate_messages_nodejs
[19.314s] [  0%] Built target tf2_msgs_generate_messages_py
[19.444s] [  0%] Built target visualization_msgs_generate_messages_eus
[19.686s] [  0%] Built target visualization_msgs_generate_messages_lisp
[19.906s] [  0%] Built target visualization_msgs_generate_messages_nodejs
[20.201s] [100%] Built target lidar_kf_contour_track
[21.858s] Built target tests
[23.377s] [  0%] Built target tf_generate_messages_lisp
[23.516s] [  0%] Built target rosgraph_msgs_generate_messages_py
[23.660s] [  0%] Built target rosgraph_msgs_generate_messages_nodejs
[23.787s] [  0%] Built target rosgraph_msgs_generate_messages_eus
[23.929s] [  0%] Built target actionlib_generate_messages_eus
[24.086s] [  0%] Built target rosgraph_msgs_generate_messages_cpp
[24.283s] [  0%] Built target roscpp_generate_messages_lisp
[24.422s] [  0%] Built target roscpp_generate_messages_eus
[24.569s] [  0%] Built target roscpp_generate_messages_cpp
[24.718s] [  0%] Built target tf_generate_messages_nodejs
[24.863s] [  0%] Built target jsk_recognition_msgs_generate_messages_lisp
[24.991s] [  0%] Built target tf_generate_messages_cpp
[25.141s] [  0%] Built target jsk_recognition_msgs_generate_messages_eus
[25.315s] [  0%] Built target std_msgs_generate_messages_py
[25.458s] [  0%] Built target jsk_recognition_msgs_generate_messages_cpp
[25.644s] [  0%] Built target geometry_msgs_generate_messages_lisp
[25.790s] [  0%] Built target autoware_msgs_generate_messages_eus
[25.936s] [  0%] Built target roscpp_generate_messages_py
[26.097s] [  0%] Built target jsk_recognition_msgs_generate_messages_nodejs
[26.295s] [  0%] Built target std_msgs_generate_messages_nodejs
[26.440s] [  0%] Built target geometry_msgs_generate_messages_eus
[26.577s] [  0%] Built target std_msgs_generate_messages_cpp
[26.718s] [  0%] Built target vector_map_msgs_generate_messages_nodejs
[26.846s] [  0%] Built target vector_map_server_generate_messages_cpp
[26.988s] [  0%] Built target jsk_footstep_msgs_generate_messages_py
[27.196s] [  0%] Built target geometry_msgs_generate_messages_py
[27.337s] [  0%] Built target roscpp_generate_messages_nodejs
[27.474s] [  0%] Built target jsk_footstep_msgs_generate_messages_cpp
[27.609s] [  0%] Built target jsk_footstep_msgs_generate_messages_lisp
[27.754s] [  0%] Built target autoware_msgs_generate_messages_nodejs
[27.886s] [  0%] Built target rosgraph_msgs_generate_messages_lisp
[28.019s] [  0%] Built target tf_generate_messages_eus
[28.166s] [  0%] Built target autoware_msgs_generate_messages_py
[28.333s] [  0%] Built target actionlib_msgs_generate_messages_eus
[28.474s] [  0%] Built target visualization_msgs_generate_messages_cpp
[28.617s] [  0%] Built target sensor_msgs_generate_messages_lisp
[28.778s] [  0%] Built target vector_map_server_generate_messages_lisp
[28.921s] [  0%] Built target sensor_msgs_generate_messages_eus
[29.065s] [  0%] Built target visualization_msgs_generate_messages_py
[29.254s] [  0%] Built target autoware_msgs_generate_messages_lisp
[29.393s] [  0%] Built target sensor_msgs_generate_messages_cpp
[29.543s] [  0%] Built target pcl_msgs_generate_messages_cpp
[29.683s] [  0%] Built target jsk_recognition_msgs_generate_messages_py
[29.820s] [  0%] Built target std_msgs_generate_messages_lisp
[29.950s] [  0%] Built target autoware_msgs_generate_messages_cpp
[30.093s] [  0%] Built target jsk_footstep_msgs_generate_messages_eus
[30.275s] [  0%] Built target actionlib_generate_messages_lisp
[30.401s] [  0%] Built target _catkin_empty_exported_target
[30.529s] [  0%] Built target geometry_msgs_generate_messages_nodejs
[30.660s] [  0%] Built target geometry_msgs_generate_messages_cpp
[30.792s] [  0%] Built target pcl_msgs_generate_messages_eus
[30.921s] [  0%] Built target pcl_msgs_generate_messages_py
[31.035s] [  0%] Built target sensor_msgs_generate_messages_nodejs
[31.192s] [  0%] Built target jsk_footstep_msgs_generate_messages_nodejs
[31.315s] [  0%] Built target actionlib_msgs_generate_messages_cpp
[31.445s] [  0%] Built target tf_generate_messages_py
[31.570s] [  0%] Built target std_msgs_generate_messages_eus
[31.697s] [  0%] Built target actionlib_msgs_generate_messages_lisp
[31.831s] [  0%] Built target actionlib_msgs_generate_messages_nodejs
[31.972s] [  0%] Built target actionlib_msgs_generate_messages_py
[32.131s] [  0%] Built target vector_map_msgs_generate_messages_cpp
[32.267s] [  0%] Built target vector_map_msgs_generate_messages_eus
[32.398s] [  0%] Built target vector_map_server_generate_messages_py
[32.520s] [  0%] Built target pcl_msgs_generate_messages_nodejs
[32.647s] [  0%] Built target pcl_msgs_generate_messages_lisp
[32.774s] [  0%] Built target vector_map_msgs_generate_messages_lisp
[32.890s] [  0%] Built target vector_map_msgs_generate_messages_py
[33.004s] [  0%] Built target vector_map_server_generate_messages_eus
[33.151s] [  0%] Built target tf2_msgs_generate_messages_eus
[33.282s] [  0%] Built target sensor_msgs_generate_messages_py
[33.406s] [  0%] Built target vector_map_server_generate_messages_nodejs
[33.643s] [  0%] Built target actionlib_generate_messages_cpp
[33.793s] [  0%] Built target actionlib_generate_messages_nodejs
[33.926s] [  0%] Built target actionlib_generate_messages_py
[34.072s] [  0%] Built target tf2_msgs_generate_messages_cpp
[34.262s] [  0%] Built target tf2_msgs_generate_messages_lisp
[34.386s] [  0%] Built target tf2_msgs_generate_messages_nodejs
[34.496s] [  0%] Built target tf2_msgs_generate_messages_py
[34.619s] [  0%] Built target visualization_msgs_generate_messages_eus
[34.729s] [  0%] Built target visualization_msgs_generate_messages_lisp
[34.833s] [  0%] Built target visualization_msgs_generate_messages_nodejs
[34.987s] [100%] Built target lidar_kf_contour_track
[35.148s] [36mInstall the project...[0m
[35.221s] -- Install configuration: "Release"
[35.221s] -- Installing: /home/capstone/autoware.ai/install/lidar_kf_contour_track/lib/pkgconfig/lidar_kf_contour_track.pc
[35.222s] -- Installing: /home/capstone/autoware.ai/install/lidar_kf_contour_track/share/lidar_kf_contour_track/cmake/lidar_kf_contour_trackConfig.cmake
[35.222s] -- Up-to-date: /home/capstone/autoware.ai/install/lidar_kf_contour_track/share/lidar_kf_contour_track/cmake/lidar_kf_contour_trackConfig-version.cmake
[35.222s] -- Up-to-date: /home/capstone/autoware.ai/install/lidar_kf_contour_track/share/lidar_kf_contour_track/package.xml
[35.224s] -- Up-to-date: /home/capstone/autoware.ai/install/lidar_kf_contour_track/lib/lidar_kf_contour_track/lidar_kf_contour_track
[35.224s] -- Up-to-date: /home/capstone/autoware.ai/install/lidar_kf_contour_track/share/lidar_kf_contour_track/launch
[35.225s] -- Up-to-date: /home/capstone/autoware.ai/install/lidar_kf_contour_track/share/lidar_kf_contour_track/launch/lidar_kf_contour_track.launch
