[0.872s] [  0%] Built target std_msgs_generate_messages_py
[0.990s] [  0%] Built target rosgraph_msgs_generate_messages_py
[1.073s] [  0%] Built target std_msgs_generate_messages_eus
[1.160s] [  0%] Built target std_msgs_generate_messages_lisp
[1.203s] [  0%] Built target rosgraph_msgs_generate_messages_lisp
[1.212s] [  0%] Built target rosgraph_msgs_generate_messages_eus
[1.292s] [  0%] Built target _autoware_system_msgs_generate_messages_check_deps_DiagnosticStatusArray
[1.475s] [  0%] Built target _autoware_system_msgs_generate_messages_check_deps_SystemStatus
[1.476s] [  0%] Built target _autoware_system_msgs_generate_messages_check_deps_HardwareStatus
[1.546s] [  0%] Built target std_msgs_generate_messages_nodejs
[1.566s] [  0%] Built target std_msgs_generate_messages_cpp
[1.566s] [  0%] Built target _autoware_system_msgs_generate_messages_check_deps_NodeStatus
[1.614s] [  0%] Built target _autoware_system_msgs_generate_messages_check_deps_DiagnosticStatus
[1.647s] [  0%] Built target rosgraph_msgs_generate_messages_cpp
[1.764s] [  0%] Built target rosgraph_msgs_generate_messages_nodejs
[2.186s] [ 18%] Built target autoware_system_msgs_generate_messages_lisp
[2.223s] [ 40%] Built target autoware_system_msgs_generate_messages_py
[2.269s] [ 59%] Built target autoware_system_msgs_generate_messages_cpp
[2.282s] [ 81%] Built target autoware_system_msgs_generate_messages_eus
[2.415s] [100%] Built target autoware_system_msgs_generate_messages_nodejs
[2.841s] [100%] Built target autoware_system_msgs_generate_messages
[4.700s] Built target tests
[6.165s] [  0%] Built target rosgraph_msgs_generate_messages_lisp
[6.174s] [  0%] Built target std_msgs_generate_messages_py
[6.184s] [  0%] Built target rosgraph_msgs_generate_messages_eus
[6.209s] [  0%] Built target std_msgs_generate_messages_cpp
[6.238s] [  0%] Built target rosgraph_msgs_generate_messages_py
[6.295s] [  0%] Built target _autoware_system_msgs_generate_messages_check_deps_NodeStatus
[6.314s] [  0%] Built target std_msgs_generate_messages_eus
[6.349s] [  0%] Built target std_msgs_generate_messages_lisp
[6.391s] [  0%] Built target std_msgs_generate_messages_nodejs
[6.407s] [  0%] Built target _autoware_system_msgs_generate_messages_check_deps_SystemStatus
[6.428s] [  0%] Built target _autoware_system_msgs_generate_messages_check_deps_HardwareStatus
[6.440s] [  0%] Built target rosgraph_msgs_generate_messages_cpp
[6.457s] [  0%] Built target _autoware_system_msgs_generate_messages_check_deps_DiagnosticStatusArray
[6.485s] [  0%] Built target rosgraph_msgs_generate_messages_nodejs
[6.485s] [  0%] Built target _autoware_system_msgs_generate_messages_check_deps_DiagnosticStatus
[6.626s] [ 18%] Built target autoware_system_msgs_generate_messages_lisp
[6.635s] [ 40%] Built target autoware_system_msgs_generate_messages_eus
[6.663s] [ 59%] Built target autoware_system_msgs_generate_messages_cpp
[6.673s] [ 81%] Built target autoware_system_msgs_generate_messages_py
[6.680s] [100%] Built target autoware_system_msgs_generate_messages_nodejs
[6.818s] [100%] Built target autoware_system_msgs_generate_messages
[6.932s] [36mInstall the project...[0m
[7.004s] -- Install configuration: "Release"
[7.005s] -- Up-to-date: /home/capstone/autoware.ai/install/autoware_system_msgs/share/autoware_system_msgs/msg/DiagnosticStatus.msg
[7.005s] -- Up-to-date: /home/capstone/autoware.ai/install/autoware_system_msgs/share/autoware_system_msgs/msg/DiagnosticStatusArray.msg
[7.005s] -- Up-to-date: /home/capstone/autoware.ai/install/autoware_system_msgs/share/autoware_system_msgs/msg/HardwareStatus.msg
[7.006s] -- Up-to-date: /home/capstone/autoware.ai/install/autoware_system_msgs/share/autoware_system_msgs/msg/NodeStatus.msg
[7.006s] -- Up-to-date: /home/capstone/autoware.ai/install/autoware_system_msgs/share/autoware_system_msgs/msg/SystemStatus.msg
[7.011s] -- Up-to-date: /home/capstone/autoware.ai/install/autoware_system_msgs/share/autoware_system_msgs/cmake/autoware_system_msgs-msg-paths.cmake
[7.011s] -- Up-to-date: /home/capstone/autoware.ai/install/autoware_system_msgs/include/autoware_system_msgs
[7.012s] -- Up-to-date: /home/capstone/autoware.ai/install/autoware_system_msgs/include/autoware_system_msgs/DiagnosticStatus.h
[7.012s] -- Up-to-date: /home/capstone/autoware.ai/install/autoware_system_msgs/include/autoware_system_msgs/SystemStatus.h
[7.012s] -- Up-to-date: /home/capstone/autoware.ai/install/autoware_system_msgs/include/autoware_system_msgs/HardwareStatus.h
[7.012s] -- Up-to-date: /home/capstone/autoware.ai/install/autoware_system_msgs/include/autoware_system_msgs/DiagnosticStatusArray.h
[7.012s] -- Up-to-date: /home/capstone/autoware.ai/install/autoware_system_msgs/include/autoware_system_msgs/NodeStatus.h
[7.012s] -- Up-to-date: /home/capstone/autoware.ai/install/autoware_system_msgs/share/roseus/ros/autoware_system_msgs
[7.012s] -- Up-to-date: /home/capstone/autoware.ai/install/autoware_system_msgs/share/roseus/ros/autoware_system_msgs/manifest.l
[7.013s] -- Up-to-date: /home/capstone/autoware.ai/install/autoware_system_msgs/share/roseus/ros/autoware_system_msgs/msg
[7.013s] -- Up-to-date: /home/capstone/autoware.ai/install/autoware_system_msgs/share/roseus/ros/autoware_system_msgs/msg/SystemStatus.l
[7.013s] -- Up-to-date: /home/capstone/autoware.ai/install/autoware_system_msgs/share/roseus/ros/autoware_system_msgs/msg/DiagnosticStatus.l
[7.013s] -- Up-to-date: /home/capstone/autoware.ai/install/autoware_system_msgs/share/roseus/ros/autoware_system_msgs/msg/NodeStatus.l
[7.013s] -- Up-to-date: /home/capstone/autoware.ai/install/autoware_system_msgs/share/roseus/ros/autoware_system_msgs/msg/HardwareStatus.l
[7.013s] -- Up-to-date: /home/capstone/autoware.ai/install/autoware_system_msgs/share/roseus/ros/autoware_system_msgs/msg/DiagnosticStatusArray.l
[7.014s] -- Up-to-date: /home/capstone/autoware.ai/install/autoware_system_msgs/share/common-lisp/ros/autoware_system_msgs
[7.014s] -- Up-to-date: /home/capstone/autoware.ai/install/autoware_system_msgs/share/common-lisp/ros/autoware_system_msgs/msg
[7.014s] -- Up-to-date: /home/capstone/autoware.ai/install/autoware_system_msgs/share/common-lisp/ros/autoware_system_msgs/msg/NodeStatus.lisp
[7.014s] -- Up-to-date: /home/capstone/autoware.ai/install/autoware_system_msgs/share/common-lisp/ros/autoware_system_msgs/msg/HardwareStatus.lisp
[7.014s] -- Up-to-date: /home/capstone/autoware.ai/install/autoware_system_msgs/share/common-lisp/ros/autoware_system_msgs/msg/_package_HardwareStatus.lisp
[7.014s] -- Up-to-date: /home/capstone/autoware.ai/install/autoware_system_msgs/share/common-lisp/ros/autoware_system_msgs/msg/_package_SystemStatus.lisp
[7.015s] -- Up-to-date: /home/capstone/autoware.ai/install/autoware_system_msgs/share/common-lisp/ros/autoware_system_msgs/msg/SystemStatus.lisp
[7.015s] -- Up-to-date: /home/capstone/autoware.ai/install/autoware_system_msgs/share/common-lisp/ros/autoware_system_msgs/msg/_package.lisp
[7.015s] -- Up-to-date: /home/capstone/autoware.ai/install/autoware_system_msgs/share/common-lisp/ros/autoware_system_msgs/msg/DiagnosticStatus.lisp
[7.015s] -- Up-to-date: /home/capstone/autoware.ai/install/autoware_system_msgs/share/common-lisp/ros/autoware_system_msgs/msg/_package_NodeStatus.lisp
[7.015s] -- Up-to-date: /home/capstone/autoware.ai/install/autoware_system_msgs/share/common-lisp/ros/autoware_system_msgs/msg/autoware_system_msgs-msg.asd
[7.015s] -- Up-to-date: /home/capstone/autoware.ai/install/autoware_system_msgs/share/common-lisp/ros/autoware_system_msgs/msg/_package_DiagnosticStatus.lisp
[7.015s] -- Up-to-date: /home/capstone/autoware.ai/install/autoware_system_msgs/share/common-lisp/ros/autoware_system_msgs/msg/_package_DiagnosticStatusArray.lisp
[7.016s] -- Up-to-date: /home/capstone/autoware.ai/install/autoware_system_msgs/share/common-lisp/ros/autoware_system_msgs/msg/DiagnosticStatusArray.lisp
[7.016s] -- Up-to-date: /home/capstone/autoware.ai/install/autoware_system_msgs/share/gennodejs/ros/autoware_system_msgs
[7.016s] -- Up-to-date: /home/capstone/autoware.ai/install/autoware_system_msgs/share/gennodejs/ros/autoware_system_msgs/_index.js
[7.016s] -- Up-to-date: /home/capstone/autoware.ai/install/autoware_system_msgs/share/gennodejs/ros/autoware_system_msgs/msg
[7.016s] -- Up-to-date: /home/capstone/autoware.ai/install/autoware_system_msgs/share/gennodejs/ros/autoware_system_msgs/msg/NodeStatus.js
[7.016s] -- Up-to-date: /home/capstone/autoware.ai/install/autoware_system_msgs/share/gennodejs/ros/autoware_system_msgs/msg/_index.js
[7.016s] -- Up-to-date: /home/capstone/autoware.ai/install/autoware_system_msgs/share/gennodejs/ros/autoware_system_msgs/msg/SystemStatus.js
[7.017s] -- Up-to-date: /home/capstone/autoware.ai/install/autoware_system_msgs/share/gennodejs/ros/autoware_system_msgs/msg/HardwareStatus.js
[7.018s] -- Up-to-date: /home/capstone/autoware.ai/install/autoware_system_msgs/share/gennodejs/ros/autoware_system_msgs/msg/DiagnosticStatus.js
[7.018s] -- Up-to-date: /home/capstone/autoware.ai/install/autoware_system_msgs/share/gennodejs/ros/autoware_system_msgs/msg/DiagnosticStatusArray.js
[7.387s] Listing /home/capstone/autoware.ai/build/autoware_system_msgs/devel/lib/python2.7/dist-packages/autoware_system_msgs ...
[7.388s] Listing /home/capstone/autoware.ai/build/autoware_system_msgs/devel/lib/python2.7/dist-packages/autoware_system_msgs/msg ...
[7.388s] -- Up-to-date: /home/capstone/autoware.ai/install/autoware_system_msgs/lib/python2.7/dist-packages/autoware_system_msgs
[7.388s] -- Up-to-date: /home/capstone/autoware.ai/install/autoware_system_msgs/lib/python2.7/dist-packages/autoware_system_msgs/__init__.pyc
[7.389s] -- Up-to-date: /home/capstone/autoware.ai/install/autoware_system_msgs/lib/python2.7/dist-packages/autoware_system_msgs/__init__.py
[7.389s] -- Up-to-date: /home/capstone/autoware.ai/install/autoware_system_msgs/lib/python2.7/dist-packages/autoware_system_msgs/msg
[7.389s] -- Up-to-date: /home/capstone/autoware.ai/install/autoware_system_msgs/lib/python2.7/dist-packages/autoware_system_msgs/msg/_HardwareStatus.py
[7.389s] -- Up-to-date: /home/capstone/autoware.ai/install/autoware_system_msgs/lib/python2.7/dist-packages/autoware_system_msgs/msg/_SystemStatus.py
[7.389s] -- Up-to-date: /home/capstone/autoware.ai/install/autoware_system_msgs/lib/python2.7/dist-packages/autoware_system_msgs/msg/_DiagnosticStatus.pyc
[7.389s] -- Up-to-date: /home/capstone/autoware.ai/install/autoware_system_msgs/lib/python2.7/dist-packages/autoware_system_msgs/msg/_DiagnosticStatus.py
[7.389s] -- Up-to-date: /home/capstone/autoware.ai/install/autoware_system_msgs/lib/python2.7/dist-packages/autoware_system_msgs/msg/_DiagnosticStatusArray.py
[7.390s] -- Up-to-date: /home/capstone/autoware.ai/install/autoware_system_msgs/lib/python2.7/dist-packages/autoware_system_msgs/msg/_HardwareStatus.pyc
[7.390s] -- Up-to-date: /home/capstone/autoware.ai/install/autoware_system_msgs/lib/python2.7/dist-packages/autoware_system_msgs/msg/_NodeStatus.py
[7.390s] -- Up-to-date: /home/capstone/autoware.ai/install/autoware_system_msgs/lib/python2.7/dist-packages/autoware_system_msgs/msg/_SystemStatus.pyc
[7.390s] -- Up-to-date: /home/capstone/autoware.ai/install/autoware_system_msgs/lib/python2.7/dist-packages/autoware_system_msgs/msg/_NodeStatus.pyc
[7.390s] -- Up-to-date: /home/capstone/autoware.ai/install/autoware_system_msgs/lib/python2.7/dist-packages/autoware_system_msgs/msg/__init__.pyc
[7.390s] -- Up-to-date: /home/capstone/autoware.ai/install/autoware_system_msgs/lib/python2.7/dist-packages/autoware_system_msgs/msg/_DiagnosticStatusArray.pyc
[7.391s] -- Up-to-date: /home/capstone/autoware.ai/install/autoware_system_msgs/lib/python2.7/dist-packages/autoware_system_msgs/msg/__init__.py
[7.391s] -- Up-to-date: /home/capstone/autoware.ai/install/autoware_system_msgs/lib/pkgconfig/autoware_system_msgs.pc
[7.391s] -- Up-to-date: /home/capstone/autoware.ai/install/autoware_system_msgs/share/autoware_system_msgs/cmake/autoware_system_msgs-msg-extras.cmake
[7.391s] -- Up-to-date: /home/capstone/autoware.ai/install/autoware_system_msgs/share/autoware_system_msgs/cmake/autoware_system_msgsConfig.cmake
[7.391s] -- Up-to-date: /home/capstone/autoware.ai/install/autoware_system_msgs/share/autoware_system_msgs/cmake/autoware_system_msgsConfig-version.cmake
[7.391s] -- Up-to-date: /home/capstone/autoware.ai/install/autoware_system_msgs/share/autoware_system_msgs/package.xml
