[0.433s] -- CUDA compilation status: 1.
[0.434s] -- Using CATKIN_DEVEL_PREFIX: /home/capstone/autoware.ai/build/vector_map/devel
[0.435s] -- Using CMAKE_PREFIX_PATH: /home/capstone/autoware.ai/install/vector_map_msgs;/home/capstone/autoware.ai/install/autoware_build_flags;/home/capstone/autoware.ai/install/ymc;/home/capstone/autoware.ai/install/xsens_driver;/home/capstone/autoware.ai/install/wf_simulator;/home/capstone/autoware.ai/install/lattice_planner;/home/capstone/autoware.ai/install/waypoint_planner;/home/capstone/autoware.ai/install/waypoint_maker;/home/capstone/autoware.ai/install/way_planner;/home/capstone/autoware.ai/install/vlg22c_cam;/home/capstone/autoware.ai/install/vision_ssd_detect;/home/capstone/autoware.ai/install/vision_segment_enet_detect;/home/capstone/autoware.ai/install/vision_lane_detect;/home/capstone/autoware.ai/install/vision_darknet_detect;/home/capstone/autoware.ai/install/vision_beyond_track;/home/capstone/autoware.ai/install/vel_pose_diff_checker;/home/capstone/autoware.ai/install/vehicle_socket;/home/capstone/autoware.ai/install/vehicle_sim_model;/home/capstone/autoware.ai/install/vehicle_model;/home/capstone/autoware.ai/install/vehicle_gazebo_simulation_launcher;/home/capstone/autoware.ai/install/vehicle_gazebo_simulation_interface;/home/capstone/autoware.ai/install/vehicle_engage_panel;/home/capstone/autoware.ai/install/vehicle_description;/home/capstone/autoware.ai/install/trafficlight_recognizer;/home/capstone/autoware.ai/install/op_utilities;/home/capstone/autoware.ai/install/op_simulation_package;/home/capstone/autoware.ai/install/op_local_planner;/home/capstone/autoware.ai/install/op_global_planner;/home/capstone/autoware.ai/install/lidar_kf_contour_track;/home/capstone/autoware.ai/install/op_ros_helpers;/home/capstone/autoware.ai/install/ff_waypoint_follower;/home/capstone/autoware.ai/install/dp_planner;/home/capstone/autoware.ai/install/op_simu;/home/capstone/autoware.ai/install/op_planner;/home/capstone/autoware.ai/install/op_utility;/home/capstone/autoware.ai/install/lidar_euclidean_cluster_detect;/home/capstone/autoware.ai/install/vector_map_server;/home/capstone/autoware.ai/install/road_occupancy_processor;/home/capstone/autoware.ai/install/costmap_generator;/home/capstone/autoware.ai/install/object_map;/home/capstone/autoware.ai/install/naive_motion_predict;/home/capstone/autoware.ai/install/lanelet_aisan_converter;/home/capstone/autoware.ai/install/map_file;/home/capstone/autoware.ai/install/libvectormap;/home/capstone/autoware.ai/install/lane_planner;/home/capstone/autoware.ai/install/imm_ukf_pda_track;/home/capstone/autoware.ai/install/decision_maker;/home/capstone/autoware.ai/install/vector_map;/home/capstone/autoware.ai/install/vectacam;/home/capstone/autoware.ai/install/udon_socket;/home/capstone/autoware.ai/install/twist_generator;/home/capstone/autoware.ai/install/twist_gate;/home/capstone/autoware.ai/install/twist_filter;/home/capstone/autoware.ai/install/twist2odom;/home/capstone/autoware.ai/install/tablet_socket;/home/capstone/autoware.ai/install/runtime_manager;/home/capstone/autoware.ai/install/mqtt_socket;/home/capstone/autoware.ai/install/tablet_socket_msgs;/home/capstone/autoware.ai/install/state_machine_lib;/home/capstone/autoware.ai/install/sound_player;/home/capstone/autoware.ai/install/sick_lms5xx;/home/capstone/autoware.ai/install/sick_ldmrs_tools;/home/capstone/autoware.ai/install/sick_ldmrs_driver;/home/capstone/autoware.ai/install/sick_ldmrs_msgs;/home/capstone/autoware.ai/install/sick_ldmrs_description;/home/capstone/autoware.ai/install/points2image;/home/capstone/autoware.ai/install/rosinterface;/home/capstone/autoware.ai/install/rosbag_controller;/home/capstone/autoware.ai/install/pure_pursuit;/home/capstone/autoware.ai/install/points_preprocessor;/home/capstone/autoware.ai/install/mpc_follower;/home/capstone/autoware.ai/install/lidar_localizer;/home/capstone/autoware.ai/install/emergency_handler;/home/capstone/autoware.ai/install/autoware_health_checker;/home/capstone/autoware.ai/install/as;/home/capstone/autoware.ai/install/ros_observer;/home/capstone/autoware.ai/install/roi_object_filter;/home/capstone/autoware.ai/install/range_vision_fusion;/home/capstone/autoware.ai/install/pos_db;/home/capstone/autoware.ai/install/points_downsampler;/home/capstone/autoware.ai/install/pixel_cloud_fusion;/home/capstone/autoware.ai/install/pcl_omp_registration;/home/capstone/autoware.ai/install/pc2_downsampler;/home/capstone/autoware.ai/install/oculus_socket;/home/capstone/autoware.ai/install/obj_db;/home/capstone/autoware.ai/install/nmea_navsat;/home/capstone/autoware.ai/install/ndt_tku;/home/capstone/autoware.ai/install/ndt_gpu;/home/capstone/autoware.ai/install/ndt_cpu;/home/capstone/autoware.ai/install/multi_lidar_calibrator;/home/capstone/autoware.ai/install/mrt_cmake_modules;/home/capstone/autoware.ai/install/microstrain_driver;/home/capstone/autoware.ai/install/memsic_imu;/home/capstone/autoware.ai/install/marker_downsampler;/home/capstone/autoware.ai/install/map_tools;/home/capstone/autoware.ai/install/map_tf_generator;/home/capstone/autoware.ai/install/log_tools;/home/capstone/autoware.ai/install/lidar_shape_estimation;/home/capstone/autoware.ai/install/lidar_point_pillars;/home/capstone/autoware.ai/install/lidar_naive_l_shape_detect;/home/capstone/autoware.ai/install/lidar_fake_perception;/home/capstone/autoware.ai/install/lidar_apollo_cnn_seg_detect;/home/capstone/autoware.ai/install/libwaypoint_follower;/home/capstone/autoware.ai/install/lgsvl_simulator_bridge;/home/capstone/autoware.ai/install/lanelet2_extension;/home/capstone/autoware.ai/install/lanelet2_validation;/home/capstone/autoware.ai/install/lanelet2_examples;/home/capstone/autoware.ai/install/lanelet2_python;/home/capstone/autoware.ai/install/lanelet2_routing;/home/capstone/autoware.ai/install/lanelet2_traffic_rules;/home/capstone/autoware.ai/install/lanelet2_projection;/home/capstone/autoware.ai/install/lanelet2_maps;/home/capstone/autoware.ai/install/lanelet2_io;/home/capstone/autoware.ai/install/lanelet2_core;/home/capstone/autoware.ai/install/kvaser;/home/capstone/autoware.ai/install/kitti_launch;/home/capstone/autoware.ai/install/kitti_player;/home/capstone/autoware.ai/install/kitti_box_publisher;/home/capstone/autoware.ai/install/javad_navsat_driver;/home/capstone/autoware.ai/install/integrated_viewer;/home/capstone/autoware.ai/install/image_processor;/home/capstone/autoware.ai/install/hokuyo;/home/capstone/autoware.ai/install/graph_tools;/home/capstone/autoware.ai/install/gnss_localizer;/home/capstone/autoware.ai/install/gnss;/home/capstone/autoware.ai/install/glviewer;/home/capstone/autoware.ai/install/gazebo_world_description;/home/capstone/autoware.ai/install/gazebo_imu_description;/home/capstone/autoware.ai/install/gazebo_camera_description;/home/capstone/autoware.ai/install/garmin;/home/capstone/autoware.ai/install/freespace_planner;/home/capstone/autoware.ai/install/fastvirtualscan;/home/capstone/autoware.ai/install/ekf_localizer;/home/capstone/autoware.ai/install/ds4_msgs;/home/capstone/autoware.ai/install/ds4_driver;/home/capstone/autoware.ai/install/detected_objects_visualizer;/home/capstone/autoware.ai/install/decision_maker_panel;/home/capstone/autoware.ai/install/data_preprocessor;/home/capstone/autoware.ai/install/custom_msgs;/home/capstone/autoware.ai/install/carla_autoware_bridge;/home/capstone/autoware.ai/install/calibration_publisher;/home/capstone/autoware.ai/install/autoware_system_msgs;/home/capstone/autoware.ai/install/autoware_rviz_plugins;/home/capstone/autoware.ai/install/autoware_quickstart_examples;/home/capstone/autoware.ai/install/autoware_pointgrey_drivers;/home/capstone/autoware.ai/install/autoware_driveworks_interface;/home/capstone/autoware.ai/install/autoware_connector;/home/capstone/autoware.ai/install/autoware_camera_lidar_calibrator;/home/capstone/autoware.ai/install/astar_search;/home/capstone/autoware.ai/install/amathutils_lib;/home/capstone/autoware.ai/install/autoware_msgs;/home/capstone/autoware.ai/install/autoware_map_msgs;/home/capstone/autoware.ai/install/autoware_launcher_rviz;/home/capstone/autoware.ai/install/autoware_launcher;/home/capstone/autoware.ai/install/autoware_lanelet2_msgs;/home/capstone/autoware.ai/install/autoware_external_msgs;/home/capstone/autoware.ai/install/autoware_driveworks_gmsl_interface;/home/capstone/autoware.ai/install/autoware_config_msgs;/home/capstone/autoware.ai/install/autoware_can_msgs;/home/capstone/autoware.ai/install/autoware_bag_tools;/home/capstone/autoware.ai/install/adi_driver;/opt/carla-ros-bridge/melodic;/opt/ros/melodic
[0.452s] -- This workspace overlays: /home/capstone/autoware.ai/install/vector_map_msgs;/home/capstone/autoware.ai/install/autoware_build_flags;/home/capstone/autoware.ai/install/ymc;/home/capstone/autoware.ai/install/xsens_driver;/home/capstone/autoware.ai/install/wf_simulator;/home/capstone/autoware.ai/install/lattice_planner;/home/capstone/autoware.ai/install/waypoint_planner;/home/capstone/autoware.ai/install/waypoint_maker;/home/capstone/autoware.ai/install/way_planner;/home/capstone/autoware.ai/install/vlg22c_cam;/home/capstone/autoware.ai/install/vision_ssd_detect;/home/capstone/autoware.ai/install/vision_segment_enet_detect;/home/capstone/autoware.ai/install/vision_lane_detect;/home/capstone/autoware.ai/install/vision_darknet_detect;/home/capstone/autoware.ai/install/vision_beyond_track;/home/capstone/autoware.ai/install/vel_pose_diff_checker;/home/capstone/autoware.ai/install/vehicle_socket;/home/capstone/autoware.ai/install/vehicle_sim_model;/home/capstone/autoware.ai/install/vehicle_model;/home/capstone/autoware.ai/install/vehicle_gazebo_simulation_launcher;/home/capstone/autoware.ai/install/vehicle_gazebo_simulation_interface;/home/capstone/autoware.ai/install/vehicle_engage_panel;/home/capstone/autoware.ai/install/vehicle_description;/home/capstone/autoware.ai/install/trafficlight_recognizer;/home/capstone/autoware.ai/install/op_utilities;/home/capstone/autoware.ai/install/op_simulation_package;/home/capstone/autoware.ai/install/op_local_planner;/home/capstone/autoware.ai/install/op_global_planner;/home/capstone/autoware.ai/install/lidar_kf_contour_track;/home/capstone/autoware.ai/install/op_ros_helpers;/home/capstone/autoware.ai/install/ff_waypoint_follower;/home/capstone/autoware.ai/install/dp_planner;/home/capstone/autoware.ai/install/op_simu;/home/capstone/autoware.ai/install/op_planner;/home/capstone/autoware.ai/install/op_utility;/home/capstone/autoware.ai/install/lidar_euclidean_cluster_detect;/home/capstone/autoware.ai/install/vector_map_server;/home/capstone/autoware.ai/install/road_occupancy_processor;/home/capstone/autoware.ai/install/costmap_generator;/home/capstone/autoware.ai/install/object_map;/home/capstone/autoware.ai/install/naive_motion_predict;/home/capstone/autoware.ai/install/lanelet_aisan_converter;/home/capstone/autoware.ai/install/map_file;/home/capstone/autoware.ai/install/libvectormap;/home/capstone/autoware.ai/install/lane_planner;/home/capstone/autoware.ai/install/imm_ukf_pda_track;/home/capstone/autoware.ai/install/decision_maker;/home/capstone/autoware.ai/install/vector_map;/home/capstone/autoware.ai/install/vectacam;/home/capstone/autoware.ai/install/udon_socket;/home/capstone/autoware.ai/install/twist_generator;/home/capstone/autoware.ai/install/twist_gate;/home/capstone/autoware.ai/install/twist_filter;/home/capstone/autoware.ai/install/twist2odom;/home/capstone/autoware.ai/install/tablet_socket;/home/capstone/autoware.ai/install/runtime_manager;/home/capstone/autoware.ai/install/mqtt_socket;/home/capstone/autoware.ai/install/tablet_socket_msgs;/home/capstone/autoware.ai/install/state_machine_lib;/home/capstone/autoware.ai/install/sound_player;/home/capstone/autoware.ai/install/sick_lms5xx;/home/capstone/autoware.ai/install/sick_ldmrs_tools;/home/capstone/autoware.ai/install/sick_ldmrs_driver;/home/capstone/autoware.ai/install/sick_ldmrs_msgs;/home/capstone/autoware.ai/install/sick_ldmrs_description;/home/capstone/autoware.ai/install/points2image;/home/capstone/autoware.ai/install/rosinterface;/home/capstone/autoware.ai/install/rosbag_controller;/home/capstone/autoware.ai/install/pure_pursuit;/home/capstone/autoware.ai/install/points_preprocessor;/home/capstone/autoware.ai/install/mpc_follower;/home/capstone/autoware.ai/install/lidar_localizer;/home/capstone/autoware.ai/install/emergency_handler;/home/capstone/autoware.ai/install/autoware_health_checker;/home/capstone/autoware.ai/install/as;/home/capstone/autoware.ai/install/ros_observer;/home/capstone/autoware.ai/install/roi_object_filter;/home/capstone/autoware.ai/install/range_vision_fusion;/home/capstone/autoware.ai/install/pos_db;/home/capstone/autoware.ai/install/points_downsampler;/home/capstone/autoware.ai/install/pixel_cloud_fusion;/home/capstone/autoware.ai/install/pcl_omp_registration;/home/capstone/autoware.ai/install/pc2_downsampler;/home/capstone/autoware.ai/install/oculus_socket;/home/capstone/autoware.ai/install/obj_db;/home/capstone/autoware.ai/install/nmea_navsat;/home/capstone/autoware.ai/install/ndt_tku;/home/capstone/autoware.ai/install/ndt_gpu;/home/capstone/autoware.ai/install/ndt_cpu;/home/capstone/autoware.ai/install/multi_lidar_calibrator;/home/capstone/autoware.ai/install/mrt_cmake_modules;/home/capstone/autoware.ai/install/microstrain_driver;/home/capstone/autoware.ai/install/memsic_imu;/home/capstone/autoware.ai/install/marker_downsampler;/home/capstone/autoware.ai/install/map_tools;/home/capstone/autoware.ai/install/map_tf_generator;/home/capstone/autoware.ai/install/log_tools;/home/capstone/autoware.ai/install/lidar_shape_estimation;/home/capstone/autoware.ai/install/lidar_point_pillars;/home/capstone/autoware.ai/install/lidar_naive_l_shape_detect;/home/capstone/autoware.ai/install/lidar_fake_perception;/home/capstone/autoware.ai/install/lidar_apollo_cnn_seg_detect;/home/capstone/autoware.ai/install/libwaypoint_follower;/home/capstone/autoware.ai/install/lgsvl_simulator_bridge;/home/capstone/autoware.ai/install/lanelet2_extension;/home/capstone/autoware.ai/install/lanelet2_validation;/home/capstone/autoware.ai/install/lanelet2_examples;/home/capstone/autoware.ai/install/lanelet2_python;/home/capstone/autoware.ai/install/lanelet2_routing;/home/capstone/autoware.ai/install/lanelet2_traffic_rules;/home/capstone/autoware.ai/install/lanelet2_projection;/home/capstone/autoware.ai/install/lanelet2_maps;/home/capstone/autoware.ai/install/lanelet2_io;/home/capstone/autoware.ai/install/lanelet2_core;/home/capstone/autoware.ai/install/kvaser;/home/capstone/autoware.ai/install/kitti_launch;/home/capstone/autoware.ai/install/kitti_player;/home/capstone/autoware.ai/install/kitti_box_publisher;/home/capstone/autoware.ai/install/javad_navsat_driver;/home/capstone/autoware.ai/install/integrated_viewer;/home/capstone/autoware.ai/install/image_processor;/home/capstone/autoware.ai/install/hokuyo;/home/capstone/autoware.ai/install/graph_tools;/home/capstone/autoware.ai/install/gnss_localizer;/home/capstone/autoware.ai/install/gnss;/home/capstone/autoware.ai/install/glviewer;/home/capstone/autoware.ai/install/gazebo_world_description;/home/capstone/autoware.ai/install/gazebo_imu_description;/home/capstone/autoware.ai/install/gazebo_camera_description;/home/capstone/autoware.ai/install/garmin;/home/capstone/autoware.ai/install/freespace_planner;/home/capstone/autoware.ai/install/fastvirtualscan;/home/capstone/autoware.ai/install/ekf_localizer;/home/capstone/autoware.ai/install/ds4_msgs;/home/capstone/autoware.ai/install/ds4_driver;/home/capstone/autoware.ai/install/detected_objects_visualizer;/home/capstone/autoware.ai/install/decision_maker_panel;/home/capstone/autoware.ai/install/data_preprocessor;/home/capstone/autoware.ai/install/custom_msgs;/home/capstone/autoware.ai/install/carla_autoware_bridge;/home/capstone/autoware.ai/install/calibration_publisher;/home/capstone/autoware.ai/install/autoware_system_msgs;/home/capstone/autoware.ai/install/autoware_rviz_plugins;/home/capstone/autoware.ai/install/autoware_quickstart_examples;/home/capstone/autoware.ai/install/autoware_pointgrey_drivers;/home/capstone/autoware.ai/install/autoware_driveworks_interface;/home/capstone/autoware.ai/install/autoware_connector;/home/capstone/autoware.ai/install/autoware_camera_lidar_calibrator;/home/capstone/autoware.ai/install/astar_search;/home/capstone/autoware.ai/install/amathutils_lib;/home/capstone/autoware.ai/install/autoware_msgs;/home/capstone/autoware.ai/install/autoware_map_msgs;/home/capstone/autoware.ai/install/autoware_launcher_rviz;/home/capstone/autoware.ai/install/autoware_launcher;/home/capstone/autoware.ai/install/autoware_lanelet2_msgs;/home/capstone/autoware.ai/install/autoware_external_msgs;/home/capstone/autoware.ai/install/autoware_driveworks_gmsl_interface;/home/capstone/autoware.ai/install/autoware_config_msgs;/home/capstone/autoware.ai/install/autoware_can_msgs;/home/capstone/autoware.ai/install/autoware_bag_tools;/home/capstone/autoware.ai/install/adi_driver;/opt/carla-ros-bridge/melodic;/opt/ros/melodic
[0.561s] -- Found PythonInterp: /usr/bin/python2 (found suitable version "2.7.17", minimum required is "2") 
[0.561s] -- Using PYTHON_EXECUTABLE: /usr/bin/python2
[0.562s] -- Using Debian Python package layout
[0.562s] -- Using empy: /usr/bin/empy
[0.900s] -- Using CATKIN_ENABLE_TESTING: ON
[0.901s] -- Call enable_testing()
[0.902s] -- Using CATKIN_TEST_RESULTS_DIR: /home/capstone/autoware.ai/build/vector_map/test_results
[1.032s] -- Found gtest sources under '/usr/src/googletest': gtests will be built
[1.032s] -- Found gmock sources under '/usr/src/googletest': gmock will be built
[1.110s] -- Found PythonInterp: /usr/bin/python2 (found version "2.7.17") 
[1.121s] -- Using Python nosetests: /usr/bin/nosetests-2.7
[1.294s] -- catkin 0.7.23
[1.294s] -- BUILD_SHARED_LIBS is on
[2.248s] -- Using these message generators: gencpp;geneus;genlisp;gennodejs;genpy
[3.366s] -- Configuring done
[3.655s] -- Generating done
[3.691s] -- Build files have been written to: /home/capstone/autoware.ai/build/vector_map
[3.917s] [  0%] Built target vector_map_msgs_generate_messages_py
[4.064s] [  0%] Built target std_msgs_generate_messages_cpp
[4.212s] [  0%] Built target tf2_msgs_generate_messages_cpp
[4.349s] [  0%] Built target roscpp_generate_messages_cpp
[4.528s] [  0%] Built target geometry_msgs_generate_messages_py
[4.684s] [  0%] Built target tf2_msgs_generate_messages_eus
[4.832s] [  0%] Built target sensor_msgs_generate_messages_py
[4.977s] [  0%] Built target roscpp_generate_messages_nodejs
[5.120s] [  0%] Built target geometry_msgs_generate_messages_lisp
[5.263s] [  0%] Built target tf_generate_messages_cpp
[5.418s] [  0%] Built target roscpp_generate_messages_lisp
[5.609s] [  0%] Built target actionlib_generate_messages_lisp
[5.747s] [  0%] Built target _catkin_empty_exported_target
[5.897s] [  0%] Built target std_msgs_generate_messages_lisp
[6.042s] [  0%] Built target tf_generate_messages_eus
[6.184s] [  0%] Built target rosgraph_msgs_generate_messages_lisp
[6.327s] [  0%] Built target actionlib_msgs_generate_messages_eus
[6.505s] [  0%] Built target rosgraph_msgs_generate_messages_py
[6.670s] [  0%] Built target rosgraph_msgs_generate_messages_eus
[6.816s] [  0%] Built target tf_generate_messages_nodejs
[6.964s] [  0%] Built target geometry_msgs_generate_messages_nodejs
[7.107s] [  0%] Built target visualization_msgs_generate_messages_lisp
[7.250s] [  0%] Built target tf_generate_messages_lisp
[7.400s] [  0%] Built target geometry_msgs_generate_messages_cpp
[7.619s] [  0%] Built target tf2_msgs_generate_messages_py
[7.762s] [  0%] Built target visualization_msgs_generate_messages_eus
[7.902s] [  0%] Built target sensor_msgs_generate_messages_cpp
[8.050s] [  0%] Built target vector_map_msgs_generate_messages_nodejs
[8.191s] [  0%] Built target sensor_msgs_generate_messages_nodejs
[8.342s] [  0%] Built target rosgraph_msgs_generate_messages_cpp
[8.513s] [  0%] Built target actionlib_generate_messages_eus
[8.694s] [  0%] Built target actionlib_msgs_generate_messages_cpp
[8.843s] [  0%] Built target sensor_msgs_generate_messages_eus
[9.002s] [  0%] Built target sensor_msgs_generate_messages_lisp
[9.151s] [  0%] Built target visualization_msgs_generate_messages_cpp
[9.307s] [  0%] Built target actionlib_generate_messages_nodejs
[9.472s] [  0%] Built target actionlib_generate_messages_py
[9.673s] [  0%] Built target tf_generate_messages_py
[9.828s] [  0%] Built target std_msgs_generate_messages_eus
[9.973s] [  0%] Built target actionlib_msgs_generate_messages_nodejs
[10.120s] [  0%] Built target actionlib_msgs_generate_messages_lisp
[10.274s] [  0%] Built target tf2_msgs_generate_messages_lisp
[10.428s] [  0%] Built target tf2_msgs_generate_messages_nodejs
[10.599s] [  0%] Built target vector_map_msgs_generate_messages_cpp
[10.752s] [  0%] Built target vector_map_msgs_generate_messages_eus
[10.914s] [  0%] Built target vector_map_msgs_generate_messages_lisp
[11.068s] [  0%] Built target geometry_msgs_generate_messages_eus
[11.219s] [  0%] Built target std_msgs_generate_messages_nodejs
[11.363s] [  0%] Built target std_msgs_generate_messages_py
[11.592s] [  0%] Built target roscpp_generate_messages_eus
[11.742s] [  0%] Built target roscpp_generate_messages_py
[11.892s] [  0%] Built target actionlib_msgs_generate_messages_py
[12.042s] [  0%] Built target actionlib_generate_messages_cpp
[12.191s] [  0%] Built target rosgraph_msgs_generate_messages_nodejs
[12.354s] [  0%] Built target visualization_msgs_generate_messages_nodejs
[12.552s] [  0%] Built target visualization_msgs_generate_messages_py
[12.747s] [100%] Built target vector_map
[14.179s] Built target tests
[15.567s] [  0%] Built target vector_map_msgs_generate_messages_py
[15.733s] [  0%] Built target std_msgs_generate_messages_cpp
[15.886s] [  0%] Built target tf2_msgs_generate_messages_cpp
[16.030s] [  0%] Built target roscpp_generate_messages_cpp
[16.174s] [  0%] Built target geometry_msgs_generate_messages_py
[16.321s] [  0%] Built target tf2_msgs_generate_messages_eus
[16.515s] [  0%] Built target sensor_msgs_generate_messages_py
[16.682s] [  0%] Built target roscpp_generate_messages_nodejs
[16.836s] [  0%] Built target geometry_msgs_generate_messages_lisp
[16.990s] [  0%] Built target tf_generate_messages_cpp
[17.143s] [  0%] Built target roscpp_generate_messages_lisp
[17.284s] [  0%] Built target actionlib_generate_messages_lisp
[17.443s] [  0%] Built target _catkin_empty_exported_target
[17.675s] [  0%] Built target std_msgs_generate_messages_lisp
[17.824s] [  0%] Built target tf_generate_messages_eus
[17.973s] [  0%] Built target rosgraph_msgs_generate_messages_lisp
[18.120s] [  0%] Built target actionlib_msgs_generate_messages_eus
[18.268s] [  0%] Built target rosgraph_msgs_generate_messages_py
[18.432s] [  0%] Built target rosgraph_msgs_generate_messages_eus
[18.613s] [  0%] Built target tf_generate_messages_nodejs
[18.764s] [  0%] Built target geometry_msgs_generate_messages_nodejs
[18.911s] [  0%] Built target visualization_msgs_generate_messages_lisp
[19.068s] [  0%] Built target tf_generate_messages_lisp
[19.222s] [  0%] Built target geometry_msgs_generate_messages_cpp
[19.397s] [  0%] Built target tf2_msgs_generate_messages_py
[19.602s] [  0%] Built target visualization_msgs_generate_messages_eus
[19.745s] [  0%] Built target sensor_msgs_generate_messages_cpp
[19.889s] [  0%] Built target vector_map_msgs_generate_messages_nodejs
[20.031s] [  0%] Built target sensor_msgs_generate_messages_nodejs
[20.178s] [  0%] Built target rosgraph_msgs_generate_messages_cpp
[20.337s] [  0%] Built target actionlib_generate_messages_eus
[20.537s] [  0%] Built target actionlib_msgs_generate_messages_cpp
[20.691s] [  0%] Built target sensor_msgs_generate_messages_eus
[20.846s] [  0%] Built target sensor_msgs_generate_messages_lisp
[20.997s] [  0%] Built target visualization_msgs_generate_messages_cpp
[21.138s] [  0%] Built target actionlib_generate_messages_nodejs
[21.282s] [  0%] Built target actionlib_generate_messages_py
[21.447s] [  0%] Built target tf_generate_messages_py
[21.628s] [  0%] Built target std_msgs_generate_messages_eus
[21.775s] [  0%] Built target actionlib_msgs_generate_messages_nodejs
[21.916s] [  0%] Built target actionlib_msgs_generate_messages_lisp
[22.062s] [  0%] Built target tf2_msgs_generate_messages_lisp
[22.209s] [  0%] Built target tf2_msgs_generate_messages_nodejs
[22.353s] [  0%] Built target vector_map_msgs_generate_messages_cpp
[22.524s] [  0%] Built target vector_map_msgs_generate_messages_eus
[22.704s] [  0%] Built target vector_map_msgs_generate_messages_lisp
[22.849s] [  0%] Built target geometry_msgs_generate_messages_eus
[22.994s] [  0%] Built target std_msgs_generate_messages_nodejs
[23.141s] [  0%] Built target std_msgs_generate_messages_py
[23.287s] [  0%] Built target roscpp_generate_messages_eus
[23.468s] [  0%] Built target roscpp_generate_messages_py
[23.692s] [  0%] Built target actionlib_msgs_generate_messages_py
[23.843s] [  0%] Built target actionlib_generate_messages_cpp
[23.989s] [  0%] Built target rosgraph_msgs_generate_messages_nodejs
[24.135s] [  0%] Built target visualization_msgs_generate_messages_nodejs
[24.297s] [  0%] Built target visualization_msgs_generate_messages_py
[24.512s] [100%] Built target vector_map
[24.656s] [36mInstall the project...[0m
[24.713s] -- Install configuration: "Release"
[24.714s] -- Installing: /home/capstone/autoware.ai/install/vector_map/lib/pkgconfig/vector_map.pc
[24.715s] -- Installing: /home/capstone/autoware.ai/install/vector_map/share/vector_map/cmake/vector_mapConfig.cmake
[24.715s] -- Up-to-date: /home/capstone/autoware.ai/install/vector_map/share/vector_map/cmake/vector_mapConfig-version.cmake
[24.716s] -- Up-to-date: /home/capstone/autoware.ai/install/vector_map/share/vector_map/package.xml
[24.716s] -- Up-to-date: /home/capstone/autoware.ai/install/vector_map/include/vector_map
[24.717s] -- Up-to-date: /home/capstone/autoware.ai/install/vector_map/include/vector_map/vector_map.h
[24.717s] -- Up-to-date: /home/capstone/autoware.ai/install/vector_map/lib/libvector_map.so
