[0.795s] -- The C compiler identification is GNU 7.5.0
[1.066s] -- The CXX compiler identification is GNU 7.5.0
[1.082s] -- Check for working C compiler: /usr/bin/cc
[1.651s] -- Check for working C compiler: /usr/bin/cc -- works
[1.651s] -- Detecting C compiler ABI info
[2.187s] -- Detecting C compiler ABI info - done
[2.224s] -- Detecting C compile features
[3.995s] -- Detecting C compile features - done
[4.002s] -- Check for working CXX compiler: /usr/bin/c++
[4.537s] -- Check for working CXX compiler: /usr/bin/c++ -- works
[4.539s] -- Detecting CXX compiler ABI info
[5.055s] -- Detecting CXX compiler ABI info - done
[5.089s] -- Detecting CXX compile features
[7.561s] -- Detecting CXX compile features - done
[7.570s] -- CUDA compilation status: 1.
[7.647s] -- Using CATKIN_DEVEL_PREFIX: /home/capstone/autoware.ai/build/ymc/devel
[7.653s] -- Using CMAKE_PREFIX_PATH: /home/capstone/autoware.ai/install/ros_observer;/home/capstone/autoware.ai/install/ds4_msgs;/home/capstone/autoware.ai/install/autoware_msgs;/home/capstone/autoware.ai/install/autoware_build_flags;/home/capstone/autoware.ai/install/wf_simulator;/home/capstone/autoware.ai/install/vision_ssd_detect;/home/capstone/autoware.ai/install/vision_segment_enet_detect;/home/capstone/autoware.ai/install/vision_lane_detect;/home/capstone/autoware.ai/install/vision_darknet_detect;/home/capstone/autoware.ai/install/vision_beyond_track;/home/capstone/autoware.ai/install/vel_pose_diff_checker;/home/capstone/autoware.ai/install/vehicle_socket;/home/capstone/autoware.ai/install/vehicle_sim_model;/home/capstone/autoware.ai/install/vehicle_model;/home/capstone/autoware.ai/install/vehicle_gazebo_simulation_launcher;/home/capstone/autoware.ai/install/vehicle_gazebo_simulation_interface;/home/capstone/autoware.ai/install/vehicle_engage_panel;/home/capstone/autoware.ai/install/vehicle_description;/home/capstone/autoware.ai/install/op_ros_helpers;/home/capstone/autoware.ai/install/op_simu;/home/capstone/autoware.ai/install/op_planner;/home/capstone/autoware.ai/install/op_utility;/home/capstone/autoware.ai/install/vector_map_server;/home/capstone/autoware.ai/install/object_map;/home/capstone/autoware.ai/install/lanelet_aisan_converter;/home/capstone/autoware.ai/install/map_file;/home/capstone/autoware.ai/install/libvectormap;/home/capstone/autoware.ai/install/vector_map;/home/capstone/autoware.ai/install/vector_map_msgs;/home/capstone/autoware.ai/install/twist_generator;/home/capstone/autoware.ai/install/twist2odom;/home/capstone/autoware.ai/install/runtime_manager;/home/capstone/autoware.ai/install/tablet_socket_msgs;/home/capstone/autoware.ai/install/sound_player;/home/capstone/autoware.ai/install/points2image;/home/capstone/autoware.ai/install/rosinterface;/home/capstone/autoware.ai/install/rosbag_controller;/home/capstone/autoware.ai/install/points_preprocessor;/home/capstone/autoware.ai/install/lidar_localizer;/home/capstone/autoware.ai/install/emergency_handler;/home/capstone/autoware.ai/install/autoware_health_checker;/home/capstone/autoware.ai/install/range_vision_fusion;/home/capstone/autoware.ai/install/pos_db;/home/capstone/autoware.ai/install/points_downsampler;/home/capstone/autoware.ai/install/pixel_cloud_fusion;/home/capstone/autoware.ai/install/pcl_omp_registration;/home/capstone/autoware.ai/install/pc2_downsampler;/home/capstone/autoware.ai/install/obj_db;/home/capstone/autoware.ai/install/nmea_navsat;/home/capstone/autoware.ai/install/ndt_tku;/home/capstone/autoware.ai/install/ndt_gpu;/home/capstone/autoware.ai/install/ndt_cpu;/home/capstone/autoware.ai/install/multi_lidar_calibrator;/home/capstone/autoware.ai/install/mrt_cmake_modules;/home/capstone/autoware.ai/install/marker_downsampler;/home/capstone/autoware.ai/install/map_tools;/home/capstone/autoware.ai/install/map_tf_generator;/home/capstone/autoware.ai/install/log_tools;/home/capstone/autoware.ai/install/libwaypoint_follower;/home/capstone/autoware.ai/install/lgsvl_simulator_bridge;/home/capstone/autoware.ai/install/lanelet2_extension;/home/capstone/autoware.ai/install/lanelet2_validation;/home/capstone/autoware.ai/install/lanelet2_examples;/home/capstone/autoware.ai/install/lanelet2_python;/home/capstone/autoware.ai/install/lanelet2_routing;/home/capstone/autoware.ai/install/lanelet2_traffic_rules;/home/capstone/autoware.ai/install/lanelet2_projection;/home/capstone/autoware.ai/install/lanelet2_maps;/home/capstone/autoware.ai/install/lanelet2_io;/home/capstone/autoware.ai/install/lanelet2_core;/home/capstone/autoware.ai/install/integrated_viewer;/home/capstone/autoware.ai/install/image_processor;/home/capstone/autoware.ai/install/graph_tools;/home/capstone/autoware.ai/install/gnss_localizer;/home/capstone/autoware.ai/install/gnss;/home/capstone/autoware.ai/install/glviewer;/home/capstone/autoware.ai/install/gazebo_world_description;/home/capstone/autoware.ai/install/gazebo_imu_description;/home/capstone/autoware.ai/install/gazebo_camera_description;/home/capstone/autoware.ai/install/fastvirtualscan;/home/capstone/autoware.ai/install/ekf_localizer;/home/capstone/autoware.ai/install/detected_objects_visualizer;/home/capstone/autoware.ai/install/decision_maker_panel;/home/capstone/autoware.ai/install/data_preprocessor;/home/capstone/autoware.ai/install/carla_autoware_bridge;/home/capstone/autoware.ai/install/calibration_publisher;/home/capstone/autoware.ai/install/autoware_system_msgs;/home/capstone/autoware.ai/install/autoware_rviz_plugins;/home/capstone/autoware.ai/install/autoware_quickstart_examples;/home/capstone/autoware.ai/install/autoware_pointgrey_drivers;/home/capstone/autoware.ai/install/autoware_driveworks_interface;/home/capstone/autoware.ai/install/autoware_connector;/home/capstone/autoware.ai/install/autoware_camera_lidar_calibrator;/home/capstone/autoware.ai/install/amathutils_lib;/home/capstone/autoware.ai/install/autoware_map_msgs;/home/capstone/autoware.ai/install/autoware_launcher_rviz;/home/capstone/autoware.ai/install/autoware_launcher;/home/capstone/autoware.ai/install/autoware_lanelet2_msgs;/home/capstone/autoware.ai/install/autoware_external_msgs;/home/capstone/autoware.ai/install/autoware_driveworks_gmsl_interface;/home/capstone/autoware.ai/install/autoware_config_msgs;/home/capstone/autoware.ai/install/autoware_can_msgs;/home/capstone/autoware.ai/install/autoware_bag_tools;/opt/carla-ros-bridge/melodic;/opt/ros/melodic
[7.675s] -- This workspace overlays: /home/capstone/autoware.ai/install/ros_observer;/home/capstone/autoware.ai/install/ds4_msgs;/home/capstone/autoware.ai/install/autoware_msgs;/home/capstone/autoware.ai/install/autoware_build_flags;/home/capstone/autoware.ai/install/vision_segment_enet_detect;/home/capstone/autoware.ai/install/vehicle_socket;/home/capstone/autoware.ai/install/vehicle_sim_model;/home/capstone/autoware.ai/install/vehicle_model;/home/capstone/autoware.ai/install/vehicle_gazebo_simulation_launcher;/home/capstone/autoware.ai/install/vehicle_engage_panel;/home/capstone/autoware.ai/install/vehicle_description;/home/capstone/autoware.ai/install/op_simu;/home/capstone/autoware.ai/install/op_planner;/home/capstone/autoware.ai/install/op_utility;/home/capstone/autoware.ai/install/vector_map_server;/home/capstone/autoware.ai/install/libvectormap;/home/capstone/autoware.ai/install/vector_map;/home/capstone/autoware.ai/install/vector_map_msgs;/home/capstone/autoware.ai/install/twist2odom;/home/capstone/autoware.ai/install/runtime_manager;/home/capstone/autoware.ai/install/tablet_socket_msgs;/home/capstone/autoware.ai/install/sound_player;/home/capstone/autoware.ai/install/rosinterface;/home/capstone/autoware.ai/install/rosbag_controller;/home/capstone/autoware.ai/install/autoware_health_checker;/home/capstone/autoware.ai/install/range_vision_fusion;/home/capstone/autoware.ai/install/pos_db;/home/capstone/autoware.ai/install/pixel_cloud_fusion;/home/capstone/autoware.ai/install/pcl_omp_registration;/home/capstone/autoware.ai/install/pc2_downsampler;/home/capstone/autoware.ai/install/obj_db;/home/capstone/autoware.ai/install/nmea_navsat;/home/capstone/autoware.ai/install/ndt_tku;/home/capstone/autoware.ai/install/ndt_gpu;/home/capstone/autoware.ai/install/ndt_cpu;/home/capstone/autoware.ai/install/multi_lidar_calibrator;/home/capstone/autoware.ai/install/mrt_cmake_modules;/home/capstone/autoware.ai/install/marker_downsampler;/home/capstone/autoware.ai/install/map_tools;/home/capstone/autoware.ai/install/map_tf_generator;/home/capstone/autoware.ai/install/log_tools;/home/capstone/autoware.ai/install/libwaypoint_follower;/home/capstone/autoware.ai/install/lgsvl_simulator_bridge;/home/capstone/autoware.ai/install/lanelet2_traffic_rules;/home/capstone/autoware.ai/install/lanelet2_maps;/home/capstone/autoware.ai/install/lanelet2_io;/home/capstone/autoware.ai/install/lanelet2_core;/home/capstone/autoware.ai/install/integrated_viewer;/home/capstone/autoware.ai/install/image_processor;/home/capstone/autoware.ai/install/graph_tools;/home/capstone/autoware.ai/install/gnss_localizer;/home/capstone/autoware.ai/install/gnss;/home/capstone/autoware.ai/install/glviewer;/home/capstone/autoware.ai/install/gazebo_world_description;/home/capstone/autoware.ai/install/gazebo_imu_description;/home/capstone/autoware.ai/install/gazebo_camera_description;/home/capstone/autoware.ai/install/fastvirtualscan;/home/capstone/autoware.ai/install/detected_objects_visualizer;/home/capstone/autoware.ai/install/decision_maker_panel;/home/capstone/autoware.ai/install/data_preprocessor;/home/capstone/autoware.ai/install/carla_autoware_bridge;/home/capstone/autoware.ai/install/calibration_publisher;/home/capstone/autoware.ai/install/autoware_system_msgs;/home/capstone/autoware.ai/install/autoware_rviz_plugins;/home/capstone/autoware.ai/install/autoware_quickstart_examples;/home/capstone/autoware.ai/install/autoware_pointgrey_drivers;/home/capstone/autoware.ai/install/autoware_driveworks_interface;/home/capstone/autoware.ai/install/autoware_connector;/home/capstone/autoware.ai/install/autoware_camera_lidar_calibrator;/home/capstone/autoware.ai/install/amathutils_lib;/home/capstone/autoware.ai/install/autoware_map_msgs;/home/capstone/autoware.ai/install/autoware_launcher_rviz;/home/capstone/autoware.ai/install/autoware_launcher;/home/capstone/autoware.ai/install/autoware_lanelet2_msgs;/home/capstone/autoware.ai/install/autoware_external_msgs;/home/capstone/autoware.ai/install/autoware_driveworks_gmsl_interface;/home/capstone/autoware.ai/install/autoware_config_msgs;/home/capstone/autoware.ai/install/autoware_can_msgs;/home/capstone/autoware.ai/install/autoware_bag_tools;/opt/carla-ros-bridge/melodic;/opt/ros/melodic
[7.803s] -- Found PythonInterp: /usr/bin/python2 (found suitable version "2.7.17", minimum required is "2") 
[7.807s] -- Using PYTHON_EXECUTABLE: /usr/bin/python2
[7.807s] -- Using Debian Python package layout
[7.807s] -- Using empy: /usr/bin/empy
[8.221s] -- Using CATKIN_ENABLE_TESTING: ON
[8.222s] -- Call enable_testing()
[8.237s] -- Using CATKIN_TEST_RESULTS_DIR: /home/capstone/autoware.ai/build/ymc/test_results
[8.356s] -- Found gtest sources under '/usr/src/googletest': gtests will be built
[8.356s] -- Found gmock sources under '/usr/src/googletest': gmock will be built
[8.471s] -- Found PythonInterp: /usr/bin/python2 (found version "2.7.17") 
[8.482s] -- Looking for pthread.h
[8.975s] -- Looking for pthread.h - found
[8.975s] -- Looking for pthread_create
[9.536s] -- Looking for pthread_create - not found
[9.536s] -- Looking for pthread_create in pthreads
[10.064s] -- Looking for pthread_create in pthreads - not found
[10.065s] -- Looking for pthread_create in pthread
[10.601s] -- Looking for pthread_create in pthread - found
[10.604s] -- Found Threads: TRUE  
[10.618s] -- Using Python nosetests: /usr/bin/nosetests-2.7
[10.862s] -- catkin 0.7.23
[10.862s] -- BUILD_SHARED_LIBS is on
[12.731s] -- Using these message generators: gencpp;geneus;genlisp;gennodejs;genpy
[14.151s] -- Configuring done
[14.267s] -- Generating done
[14.301s] -- Build files have been written to: /home/capstone/autoware.ai/build/ymc
[14.673s] [35m[1mScanning dependencies of target rosgraph_msgs_generate_messages_eus[0m
[14.764s] [  0%] Built target rosgraph_msgs_generate_messages_eus
[14.894s] [35m[1mScanning dependencies of target sensor_msgs_generate_messages_py[0m
[15.007s] [  0%] Built target sensor_msgs_generate_messages_py
[15.104s] [35m[1mScanning dependencies of target jsk_footstep_msgs_generate_messages_lisp[0m
[15.242s] [  0%] Built target jsk_footstep_msgs_generate_messages_lisp
[15.361s] [35m[1mScanning dependencies of target jsk_footstep_msgs_generate_messages_nodejs[0m
[15.456s] [  0%] Built target jsk_footstep_msgs_generate_messages_nodejs
[15.613s] [35m[1mScanning dependencies of target actionlib_msgs_generate_messages_cpp[0m
[15.748s] [  0%] Built target actionlib_msgs_generate_messages_cpp
[15.860s] [35m[1mScanning dependencies of target std_msgs_generate_messages_eus[0m
[15.985s] [  0%] Built target std_msgs_generate_messages_eus
[16.092s] [35m[1mScanning dependencies of target actionlib_msgs_generate_messages_lisp[0m
[16.197s] [  0%] Built target actionlib_msgs_generate_messages_lisp
[16.289s] [35m[1mScanning dependencies of target actionlib_msgs_generate_messages_nodejs[0m
[16.426s] [  0%] Built target actionlib_msgs_generate_messages_nodejs
[16.556s] [35m[1mScanning dependencies of target actionlib_msgs_generate_messages_py[0m
[16.685s] [  0%] Built target actionlib_msgs_generate_messages_py
[16.833s] [35m[1mScanning dependencies of target ds4_msgs_generate_messages_nodejs[0m
[16.946s] [  0%] Built target ds4_msgs_generate_messages_nodejs
[17.064s] [35m[1mScanning dependencies of target roscpp_generate_messages_eus[0m
[17.210s] [  0%] Built target roscpp_generate_messages_eus
[17.310s] [35m[1mScanning dependencies of target autoware_msgs_generate_messages_nodejs[0m
[17.421s] [  0%] Built target autoware_msgs_generate_messages_nodejs
[17.518s] [35m[1mScanning dependencies of target rosgraph_msgs_generate_messages_lisp[0m
[17.620s] [  0%] Built target rosgraph_msgs_generate_messages_lisp
[17.715s] [35m[1mScanning dependencies of target ds4_msgs_generate_messages_py[0m
[17.844s] [  0%] Built target ds4_msgs_generate_messages_py
[17.954s] [35m[1mScanning dependencies of target autoware_msgs_generate_messages_eus[0m
[18.110s] [  0%] Built target autoware_msgs_generate_messages_eus
[18.213s] [35m[1mScanning dependencies of target std_msgs_generate_messages_cpp[0m
[18.322s] [  0%] Built target std_msgs_generate_messages_cpp
[18.430s] [35m[1mScanning dependencies of target ds4_msgs_generate_messages_lisp[0m
[18.527s] [  0%] Built target ds4_msgs_generate_messages_lisp
[18.625s] [35m[1mScanning dependencies of target autoware_msgs_generate_messages_lisp[0m
[18.784s] [  0%] Built target autoware_msgs_generate_messages_lisp
[18.882s] [35m[1mScanning dependencies of target sensor_msgs_generate_messages_cpp[0m
[18.992s] [  0%] Built target sensor_msgs_generate_messages_cpp
[19.113s] [35m[1mScanning dependencies of target pcl_msgs_generate_messages_cpp[0m
[19.266s] [  0%] Built target pcl_msgs_generate_messages_cpp
[19.424s] [35m[1mScanning dependencies of target jsk_recognition_msgs_generate_messages_py[0m
[19.520s] [  0%] Built target jsk_recognition_msgs_generate_messages_py
[19.642s] [35m[1mScanning dependencies of target geometry_msgs_generate_messages_lisp[0m
[19.758s] [  0%] Built target geometry_msgs_generate_messages_lisp
[19.872s] [35m[1mScanning dependencies of target _catkin_empty_exported_target[0m
[19.999s] [  0%] Built target _catkin_empty_exported_target
[20.101s] [35m[1mScanning dependencies of target roscpp_generate_messages_lisp[0m
[20.229s] [  0%] Built target roscpp_generate_messages_lisp
[20.347s] [35m[1mScanning dependencies of target geometry_msgs_generate_messages_nodejs[0m
[20.467s] [  0%] Built target geometry_msgs_generate_messages_nodejs
[20.569s] [35m[1mScanning dependencies of target geometry_msgs_generate_messages_cpp[0m
[20.711s] [  0%] Built target geometry_msgs_generate_messages_cpp
[20.814s] [35m[1mScanning dependencies of target pcl_msgs_generate_messages_eus[0m
[20.957s] [  0%] Built target pcl_msgs_generate_messages_eus
[21.073s] [35m[1mScanning dependencies of target pcl_msgs_generate_messages_nodejs[0m
[21.180s] [  0%] Built target pcl_msgs_generate_messages_nodejs
[21.302s] [35m[1mScanning dependencies of target jsk_recognition_msgs_generate_messages_eus[0m
[21.453s] [  0%] Built target jsk_recognition_msgs_generate_messages_eus
[21.627s] [35m[1mScanning dependencies of target sensor_msgs_generate_messages_lisp[0m
[21.781s] [  0%] Built target sensor_msgs_generate_messages_lisp
[21.894s] [35m[1mScanning dependencies of target sensor_msgs_generate_messages_eus[0m
[22.032s] [  0%] Built target sensor_msgs_generate_messages_eus
[22.158s] [35m[1mScanning dependencies of target roscpp_generate_messages_cpp[0m
[22.258s] [  0%] Built target roscpp_generate_messages_cpp
[22.404s] [35m[1mScanning dependencies of target actionlib_msgs_generate_messages_eus[0m
[22.518s] [  0%] Built target actionlib_msgs_generate_messages_eus
[22.642s] [35m[1mScanning dependencies of target autoware_msgs_generate_messages_py[0m
[22.787s] [  0%] Built target autoware_msgs_generate_messages_py
[22.904s] [35m[1mScanning dependencies of target std_msgs_generate_messages_lisp[0m
[23.021s] [  0%] Built target std_msgs_generate_messages_lisp
[23.141s] [35m[1mScanning dependencies of target autoware_msgs_generate_messages_cpp[0m
[23.282s] [  0%] Built target autoware_msgs_generate_messages_cpp
[23.417s] [35m[1mScanning dependencies of target jsk_footstep_msgs_generate_messages_eus[0m
[23.599s] [  0%] Built target jsk_footstep_msgs_generate_messages_eus
[23.733s] [35m[1mScanning dependencies of target pcl_msgs_generate_messages_lisp[0m
[23.850s] [  0%] Built target pcl_msgs_generate_messages_lisp
[23.967s] [35m[1mScanning dependencies of target ds4_msgs_generate_messages_cpp[0m
[24.125s] [  0%] Built target ds4_msgs_generate_messages_cpp
[24.209s] [35m[1mScanning dependencies of target pcl_msgs_generate_messages_py[0m
[24.333s] [  0%] Built target pcl_msgs_generate_messages_py
[24.449s] [35m[1mScanning dependencies of target sensor_msgs_generate_messages_nodejs[0m
[24.573s] [  0%] Built target sensor_msgs_generate_messages_nodejs
[24.677s] [35m[1mScanning dependencies of target jsk_footstep_msgs_generate_messages_cpp[0m
[24.798s] [  0%] Built target jsk_footstep_msgs_generate_messages_cpp
[24.894s] [35m[1mScanning dependencies of target roscpp_generate_messages_nodejs[0m
[25.034s] [  0%] Built target roscpp_generate_messages_nodejs
[25.190s] [35m[1mScanning dependencies of target jsk_recognition_msgs_generate_messages_nodejs[0m
[25.306s] [  0%] Built target jsk_recognition_msgs_generate_messages_nodejs
[25.410s] [35m[1mScanning dependencies of target roscpp_generate_messages_py[0m
[25.543s] [  0%] Built target roscpp_generate_messages_py
[25.649s] [35m[1mScanning dependencies of target rosgraph_msgs_generate_messages_cpp[0m
[25.817s] [  0%] Built target rosgraph_msgs_generate_messages_cpp
[25.958s] [35m[1mScanning dependencies of target geometry_msgs_generate_messages_eus[0m
[26.092s] [  0%] Built target geometry_msgs_generate_messages_eus
[26.297s] [35m[1mScanning dependencies of target std_msgs_generate_messages_nodejs[0m
[26.414s] [  0%] Built target std_msgs_generate_messages_nodejs
[26.516s] [35m[1mScanning dependencies of target geometry_msgs_generate_messages_py[0m
[26.669s] [  0%] Built target geometry_msgs_generate_messages_py
[26.788s] [35m[1mScanning dependencies of target jsk_footstep_msgs_generate_messages_py[0m
[26.943s] [  0%] Built target jsk_footstep_msgs_generate_messages_py
[27.053s] [35m[1mScanning dependencies of target jsk_recognition_msgs_generate_messages_cpp[0m
[27.156s] [  0%] Built target jsk_recognition_msgs_generate_messages_cpp
[27.290s] [35m[1mScanning dependencies of target std_msgs_generate_messages_py[0m
[27.436s] [  0%] Built target std_msgs_generate_messages_py
[27.550s] [35m[1mScanning dependencies of target jsk_recognition_msgs_generate_messages_lisp[0m
[27.693s] [  0%] Built target jsk_recognition_msgs_generate_messages_lisp
[27.866s] [35m[1mScanning dependencies of target ds4_msgs_generate_messages_eus[0m
[28.020s] [  0%] Built target ds4_msgs_generate_messages_eus
[28.125s] [35m[1mScanning dependencies of target rosgraph_msgs_generate_messages_nodejs[0m
[28.255s] [  0%] Built target rosgraph_msgs_generate_messages_nodejs
[28.354s] [35m[1mScanning dependencies of target rosgraph_msgs_generate_messages_py[0m
[28.458s] [  0%] Built target rosgraph_msgs_generate_messages_py
[28.566s] [35m[1mScanning dependencies of target g30esli_interface[0m
[28.725s] [ 25%] [32mBuilding CXX object CMakeFiles/g30esli_interface.dir/node/g30esli_interface/g30esli_ros.cpp.o[0m
[31.977s] [ 50%] [32mBuilding CXX object CMakeFiles/g30esli_interface.dir/node/g30esli_interface/g30esli_interface_node.cpp.o[0m
[35.200s] [ 75%] [32mBuilding CXX object CMakeFiles/g30esli_interface.dir/node/g30esli_interface/g30esli_interface.cpp.o[0m
[44.352s] [100%] [32m[1mLinking CXX executable devel/lib/ymc/g30esli_interface[0m
[44.850s] [100%] Built target g30esli_interface
[47.619s] [35m[1mScanning dependencies of target tests[0m
[47.754s] Built target tests
[51.131s] [  0%] Built target rosgraph_msgs_generate_messages_eus
[51.368s] [  0%] Built target sensor_msgs_generate_messages_py
[51.628s] [  0%] Built target jsk_footstep_msgs_generate_messages_lisp
[51.934s] [  0%] Built target jsk_footstep_msgs_generate_messages_nodejs
[52.253s] [  0%] Built target actionlib_msgs_generate_messages_cpp
[52.633s] [  0%] Built target std_msgs_generate_messages_eus
[52.918s] [  0%] Built target actionlib_msgs_generate_messages_lisp
[53.208s] [  0%] Built target actionlib_msgs_generate_messages_nodejs
[53.482s] [  0%] Built target actionlib_msgs_generate_messages_py
[53.741s] [  0%] Built target ds4_msgs_generate_messages_nodejs
[53.934s] [  0%] Built target roscpp_generate_messages_eus
[54.151s] [  0%] Built target autoware_msgs_generate_messages_nodejs
[54.434s] [  0%] Built target rosgraph_msgs_generate_messages_lisp
[54.669s] [  0%] Built target ds4_msgs_generate_messages_py
[54.872s] [  0%] Built target autoware_msgs_generate_messages_eus
[55.100s] [  0%] Built target std_msgs_generate_messages_cpp
[55.422s] [  0%] Built target ds4_msgs_generate_messages_lisp
[55.749s] [  0%] Built target autoware_msgs_generate_messages_lisp
[55.988s] [  0%] Built target sensor_msgs_generate_messages_cpp
[56.252s] [  0%] Built target pcl_msgs_generate_messages_cpp
[56.481s] [  0%] Built target jsk_recognition_msgs_generate_messages_py
[56.683s] [  0%] Built target geometry_msgs_generate_messages_lisp
[56.874s] [  0%] Built target _catkin_empty_exported_target
[57.106s] [  0%] Built target roscpp_generate_messages_lisp
[57.339s] [  0%] Built target geometry_msgs_generate_messages_nodejs
[57.631s] [  0%] Built target geometry_msgs_generate_messages_cpp
[57.944s] [  0%] Built target pcl_msgs_generate_messages_eus
[58.211s] [  0%] Built target pcl_msgs_generate_messages_nodejs
[58.504s] [  0%] Built target jsk_recognition_msgs_generate_messages_eus
[58.778s] [  0%] Built target sensor_msgs_generate_messages_lisp
[59.056s] [  0%] Built target sensor_msgs_generate_messages_eus
[59.330s] [  0%] Built target roscpp_generate_messages_cpp
[59.635s] [  0%] Built target actionlib_msgs_generate_messages_eus
[59.916s] [  0%] Built target autoware_msgs_generate_messages_py
[60.189s] [  0%] Built target std_msgs_generate_messages_lisp
[60.438s] [  0%] Built target autoware_msgs_generate_messages_cpp
[60.733s] [  0%] Built target jsk_footstep_msgs_generate_messages_eus
[61.086s] [  0%] Built target pcl_msgs_generate_messages_lisp
[61.404s] [  0%] Built target ds4_msgs_generate_messages_cpp
[61.623s] [  0%] Built target pcl_msgs_generate_messages_py
[61.983s] [  0%] Built target sensor_msgs_generate_messages_nodejs
[62.241s] [  0%] Built target jsk_footstep_msgs_generate_messages_cpp
[62.533s] [  0%] Built target roscpp_generate_messages_nodejs
[62.807s] [  0%] Built target jsk_recognition_msgs_generate_messages_nodejs
[63.075s] [  0%] Built target roscpp_generate_messages_py
[63.317s] [  0%] Built target rosgraph_msgs_generate_messages_cpp
[63.554s] [  0%] Built target geometry_msgs_generate_messages_eus
[63.781s] [  0%] Built target std_msgs_generate_messages_nodejs
[64.029s] [  0%] Built target geometry_msgs_generate_messages_py
[64.313s] [  0%] Built target jsk_footstep_msgs_generate_messages_py
[64.589s] [  0%] Built target jsk_recognition_msgs_generate_messages_cpp
[64.825s] [  0%] Built target std_msgs_generate_messages_py
[65.105s] [  0%] Built target jsk_recognition_msgs_generate_messages_lisp
[65.403s] [  0%] Built target ds4_msgs_generate_messages_eus
[65.647s] [  0%] Built target rosgraph_msgs_generate_messages_nodejs
[65.900s] [  0%] Built target rosgraph_msgs_generate_messages_py
[66.145s] [100%] Built target g30esli_interface
[66.367s] [36mInstall the project...[0m
[66.439s] -- Install configuration: "Release"
[66.440s] -- Installing: /home/capstone/autoware.ai/install/ymc/lib/pkgconfig/ymc.pc
[66.441s] -- Installing: /home/capstone/autoware.ai/install/ymc/share/ymc/cmake/ymcConfig.cmake
[66.442s] -- Installing: /home/capstone/autoware.ai/install/ymc/share/ymc/cmake/ymcConfig-version.cmake
[66.443s] -- Installing: /home/capstone/autoware.ai/install/ymc/share/ymc/package.xml
[66.445s] -- Installing: /home/capstone/autoware.ai/install/ymc/lib/ymc/g30esli_interface
[66.447s] -- Set runtime path of "/home/capstone/autoware.ai/install/ymc/lib/ymc/g30esli_interface" to ""
[66.448s] -- Installing: /home/capstone/autoware.ai/install/ymc/share/ymc/launch
[66.448s] -- Installing: /home/capstone/autoware.ai/install/ymc/share/ymc/launch/g30esli_interface.launch
[66.449s] -- Installing: /home/capstone/autoware.ai/install/ymc/share/ymc/scripts
[66.450s] -- Installing: /home/capstone/autoware.ai/install/ymc/share/ymc/scripts/canset
