[0.687s] -- The C compiler identification is GNU 7.5.0
[0.990s] -- The CXX compiler identification is GNU 7.5.0
[1.005s] -- Check for working C compiler: /usr/bin/cc
[1.580s] -- Check for working C compiler: /usr/bin/cc -- works
[1.582s] -- Detecting C compiler ABI info
[2.219s] -- Detecting C compiler ABI info - done
[2.249s] -- Detecting C compile features
[3.998s] -- Detecting C compile features - done
[4.010s] -- Check for working CXX compiler: /usr/bin/c++
[4.624s] -- Check for working CXX compiler: /usr/bin/c++ -- works
[4.626s] -- Detecting CXX compiler ABI info
[5.329s] -- Detecting CXX compiler ABI info - done
[5.353s] -- Detecting CXX compile features
[8.410s] -- Detecting CXX compile features - done
[8.473s] -- Using CATKIN_DEVEL_PREFIX: /home/capstone/autoware.ai/build/kvaser/devel
[8.474s] -- Using CMAKE_PREFIX_PATH: /home/capstone/autoware.ai/install/autoware_can_msgs;/home/capstone/autoware.ai/install/wf_simulator;/home/capstone/autoware.ai/install/vision_ssd_detect;/home/capstone/autoware.ai/install/vision_segment_enet_detect;/home/capstone/autoware.ai/install/vision_lane_detect;/home/capstone/autoware.ai/install/vision_darknet_detect;/home/capstone/autoware.ai/install/vision_beyond_track;/home/capstone/autoware.ai/install/vel_pose_diff_checker;/home/capstone/autoware.ai/install/vehicle_socket;/home/capstone/autoware.ai/install/vehicle_sim_model;/home/capstone/autoware.ai/install/vehicle_model;/home/capstone/autoware.ai/install/vehicle_gazebo_simulation_launcher;/home/capstone/autoware.ai/install/vehicle_gazebo_simulation_interface;/home/capstone/autoware.ai/install/vehicle_engage_panel;/home/capstone/autoware.ai/install/vehicle_description;/home/capstone/autoware.ai/install/op_ros_helpers;/home/capstone/autoware.ai/install/op_simu;/home/capstone/autoware.ai/install/op_planner;/home/capstone/autoware.ai/install/op_utility;/home/capstone/autoware.ai/install/vector_map_server;/home/capstone/autoware.ai/install/object_map;/home/capstone/autoware.ai/install/lanelet_aisan_converter;/home/capstone/autoware.ai/install/map_file;/home/capstone/autoware.ai/install/libvectormap;/home/capstone/autoware.ai/install/vector_map;/home/capstone/autoware.ai/install/vector_map_msgs;/home/capstone/autoware.ai/install/twist_generator;/home/capstone/autoware.ai/install/twist2odom;/home/capstone/autoware.ai/install/runtime_manager;/home/capstone/autoware.ai/install/tablet_socket_msgs;/home/capstone/autoware.ai/install/sound_player;/home/capstone/autoware.ai/install/points2image;/home/capstone/autoware.ai/install/rosinterface;/home/capstone/autoware.ai/install/rosbag_controller;/home/capstone/autoware.ai/install/points_preprocessor;/home/capstone/autoware.ai/install/lidar_localizer;/home/capstone/autoware.ai/install/emergency_handler;/home/capstone/autoware.ai/install/autoware_health_checker;/home/capstone/autoware.ai/install/ros_observer;/home/capstone/autoware.ai/install/range_vision_fusion;/home/capstone/autoware.ai/install/pos_db;/home/capstone/autoware.ai/install/points_downsampler;/home/capstone/autoware.ai/install/pixel_cloud_fusion;/home/capstone/autoware.ai/install/pcl_omp_registration;/home/capstone/autoware.ai/install/pc2_downsampler;/home/capstone/autoware.ai/install/obj_db;/home/capstone/autoware.ai/install/nmea_navsat;/home/capstone/autoware.ai/install/ndt_tku;/home/capstone/autoware.ai/install/ndt_gpu;/home/capstone/autoware.ai/install/ndt_cpu;/home/capstone/autoware.ai/install/multi_lidar_calibrator;/home/capstone/autoware.ai/install/mrt_cmake_modules;/home/capstone/autoware.ai/install/marker_downsampler;/home/capstone/autoware.ai/install/map_tools;/home/capstone/autoware.ai/install/map_tf_generator;/home/capstone/autoware.ai/install/log_tools;/home/capstone/autoware.ai/install/libwaypoint_follower;/home/capstone/autoware.ai/install/lgsvl_simulator_bridge;/home/capstone/autoware.ai/install/lanelet2_extension;/home/capstone/autoware.ai/install/lanelet2_validation;/home/capstone/autoware.ai/install/lanelet2_examples;/home/capstone/autoware.ai/install/lanelet2_python;/home/capstone/autoware.ai/install/lanelet2_routing;/home/capstone/autoware.ai/install/lanelet2_traffic_rules;/home/capstone/autoware.ai/install/lanelet2_projection;/home/capstone/autoware.ai/install/lanelet2_maps;/home/capstone/autoware.ai/install/lanelet2_io;/home/capstone/autoware.ai/install/lanelet2_core;/home/capstone/autoware.ai/install/integrated_viewer;/home/capstone/autoware.ai/install/image_processor;/home/capstone/autoware.ai/install/graph_tools;/home/capstone/autoware.ai/install/gnss_localizer;/home/capstone/autoware.ai/install/gnss;/home/capstone/autoware.ai/install/glviewer;/home/capstone/autoware.ai/install/gazebo_world_description;/home/capstone/autoware.ai/install/gazebo_imu_description;/home/capstone/autoware.ai/install/gazebo_camera_description;/home/capstone/autoware.ai/install/fastvirtualscan;/home/capstone/autoware.ai/install/ekf_localizer;/home/capstone/autoware.ai/install/detected_objects_visualizer;/home/capstone/autoware.ai/install/decision_maker_panel;/home/capstone/autoware.ai/install/data_preprocessor;/home/capstone/autoware.ai/install/carla_autoware_bridge;/home/capstone/autoware.ai/install/calibration_publisher;/home/capstone/autoware.ai/install/autoware_system_msgs;/home/capstone/autoware.ai/install/autoware_rviz_plugins;/home/capstone/autoware.ai/install/autoware_quickstart_examples;/home/capstone/autoware.ai/install/autoware_pointgrey_drivers;/home/capstone/autoware.ai/install/autoware_driveworks_interface;/home/capstone/autoware.ai/install/autoware_connector;/home/capstone/autoware.ai/install/autoware_camera_lidar_calibrator;/home/capstone/autoware.ai/install/amathutils_lib;/home/capstone/autoware.ai/install/autoware_msgs;/home/capstone/autoware.ai/install/autoware_map_msgs;/home/capstone/autoware.ai/install/autoware_launcher_rviz;/home/capstone/autoware.ai/install/autoware_launcher;/home/capstone/autoware.ai/install/autoware_lanelet2_msgs;/home/capstone/autoware.ai/install/autoware_external_msgs;/home/capstone/autoware.ai/install/autoware_driveworks_gmsl_interface;/home/capstone/autoware.ai/install/autoware_config_msgs;/home/capstone/autoware.ai/install/autoware_build_flags;/home/capstone/autoware.ai/install/autoware_bag_tools;/opt/carla-ros-bridge/melodic;/opt/ros/melodic
[8.480s] -- This workspace overlays: /home/capstone/autoware.ai/install/autoware_can_msgs;/home/capstone/autoware.ai/install/vehicle_sim_model;/home/capstone/autoware.ai/install/vehicle_gazebo_simulation_launcher;/home/capstone/autoware.ai/install/vehicle_description;/home/capstone/autoware.ai/install/vector_map_server;/home/capstone/autoware.ai/install/libvectormap;/home/capstone/autoware.ai/install/vector_map;/home/capstone/autoware.ai/install/vector_map_msgs;/home/capstone/autoware.ai/install/twist2odom;/home/capstone/autoware.ai/install/tablet_socket_msgs;/home/capstone/autoware.ai/install/sound_player;/home/capstone/autoware.ai/install/rosinterface;/home/capstone/autoware.ai/install/rosbag_controller;/home/capstone/autoware.ai/install/autoware_health_checker;/home/capstone/autoware.ai/install/ros_observer;/home/capstone/autoware.ai/install/pcl_omp_registration;/home/capstone/autoware.ai/install/pc2_downsampler;/home/capstone/autoware.ai/install/nmea_navsat;/home/capstone/autoware.ai/install/ndt_tku;/home/capstone/autoware.ai/install/ndt_gpu;/home/capstone/autoware.ai/install/ndt_cpu;/home/capstone/autoware.ai/install/mrt_cmake_modules;/home/capstone/autoware.ai/install/marker_downsampler;/home/capstone/autoware.ai/install/graph_tools;/home/capstone/autoware.ai/install/gnss;/home/capstone/autoware.ai/install/glviewer;/home/capstone/autoware.ai/install/gazebo_world_description;/home/capstone/autoware.ai/install/gazebo_imu_description;/home/capstone/autoware.ai/install/gazebo_camera_description;/home/capstone/autoware.ai/install/fastvirtualscan;/home/capstone/autoware.ai/install/decision_maker_panel;/home/capstone/autoware.ai/install/carla_autoware_bridge;/home/capstone/autoware.ai/install/calibration_publisher;/home/capstone/autoware.ai/install/autoware_system_msgs;/home/capstone/autoware.ai/install/autoware_rviz_plugins;/home/capstone/autoware.ai/install/autoware_quickstart_examples;/home/capstone/autoware.ai/install/autoware_pointgrey_drivers;/home/capstone/autoware.ai/install/autoware_driveworks_interface;/home/capstone/autoware.ai/install/autoware_connector;/home/capstone/autoware.ai/install/autoware_camera_lidar_calibrator;/home/capstone/autoware.ai/install/amathutils_lib;/home/capstone/autoware.ai/install/autoware_msgs;/home/capstone/autoware.ai/install/autoware_map_msgs;/home/capstone/autoware.ai/install/autoware_launcher_rviz;/home/capstone/autoware.ai/install/autoware_launcher;/home/capstone/autoware.ai/install/autoware_lanelet2_msgs;/home/capstone/autoware.ai/install/autoware_external_msgs;/home/capstone/autoware.ai/install/autoware_driveworks_gmsl_interface;/home/capstone/autoware.ai/install/autoware_config_msgs;/home/capstone/autoware.ai/install/autoware_build_flags;/home/capstone/autoware.ai/install/autoware_bag_tools;/opt/carla-ros-bridge/melodic;/opt/ros/melodic
[8.663s] -- Found PythonInterp: /usr/bin/python2 (found suitable version "2.7.17", minimum required is "2") 
[8.664s] -- Using PYTHON_EXECUTABLE: /usr/bin/python2
[8.664s] -- Using Debian Python package layout
[8.668s] -- Using empy: /usr/bin/empy
[9.386s] -- Using CATKIN_ENABLE_TESTING: ON
[9.387s] -- Call enable_testing()
[9.411s] -- Using CATKIN_TEST_RESULTS_DIR: /home/capstone/autoware.ai/build/kvaser/test_results
[9.537s] -- Found gtest sources under '/usr/src/googletest': gtests will be built
[9.537s] -- Found gmock sources under '/usr/src/googletest': gmock will be built
[9.633s] -- Found PythonInterp: /usr/bin/python2 (found version "2.7.17") 
[9.636s] -- Looking for pthread.h
[10.253s] -- Looking for pthread.h - found
[10.255s] -- Looking for pthread_create
[11.009s] -- Looking for pthread_create - not found
[11.009s] -- Looking for pthread_create in pthreads
[11.574s] -- Looking for pthread_create in pthreads - not found
[11.575s] -- Looking for pthread_create in pthread
[12.303s] -- Looking for pthread_create in pthread - found
[12.309s] -- Found Threads: TRUE  
[12.334s] -- Using Python nosetests: /usr/bin/nosetests-2.7
[12.606s] -- catkin 0.7.23
[12.606s] -- BUILD_SHARED_LIBS is on
[15.642s] 'canlib' is not installed. 'can_listener' is not built.
[15.649s] -- Configuring done
[15.874s] -- Generating done
[15.931s] -- Build files have been written to: /home/capstone/autoware.ai/build/kvaser
[16.482s] [35m[1mScanning dependencies of target autoware_can_msgs_generate_messages_py[0m
[16.689s] [  0%] Built target autoware_can_msgs_generate_messages_py
[16.865s] [35m[1mScanning dependencies of target geometry_msgs_generate_messages_nodejs[0m
[17.032s] [  0%] Built target geometry_msgs_generate_messages_nodejs
[17.185s] [35m[1mScanning dependencies of target visualization_msgs_generate_messages_lisp[0m
[17.307s] [  0%] Built target visualization_msgs_generate_messages_lisp
[17.408s] [35m[1mScanning dependencies of target roscpp_generate_messages_nodejs[0m
[17.520s] [  0%] Built target roscpp_generate_messages_nodejs
[17.602s] [35m[1mScanning dependencies of target std_msgs_generate_messages_cpp[0m
[17.704s] [  0%] Built target std_msgs_generate_messages_cpp
[17.816s] [35m[1mScanning dependencies of target std_msgs_generate_messages_lisp[0m
[17.923s] [  0%] Built target std_msgs_generate_messages_lisp
[18.041s] [35m[1mScanning dependencies of target autoware_can_msgs_generate_messages_nodejs[0m
[18.192s] [  0%] Built target autoware_can_msgs_generate_messages_nodejs
[18.291s] [35m[1mScanning dependencies of target roscpp_generate_messages_eus[0m
[18.394s] [  0%] Built target roscpp_generate_messages_eus
[18.534s] [35m[1mScanning dependencies of target autoware_can_msgs_generate_messages_lisp[0m
[18.627s] [  0%] Built target autoware_can_msgs_generate_messages_lisp
[18.725s] [35m[1mScanning dependencies of target rosgraph_msgs_generate_messages_cpp[0m
[18.867s] [  0%] Built target rosgraph_msgs_generate_messages_cpp
[18.961s] [35m[1mScanning dependencies of target autoware_can_msgs_generate_messages_eus[0m
[19.111s] [  0%] Built target autoware_can_msgs_generate_messages_eus
[19.203s] [35m[1mScanning dependencies of target visualization_msgs_generate_messages_nodejs[0m
[19.319s] [  0%] Built target visualization_msgs_generate_messages_nodejs
[19.428s] [35m[1mScanning dependencies of target geometry_msgs_generate_messages_eus[0m
[19.548s] [  0%] Built target geometry_msgs_generate_messages_eus
[19.668s] [35m[1mScanning dependencies of target std_msgs_generate_messages_nodejs[0m
[19.772s] [  0%] Built target std_msgs_generate_messages_nodejs
[19.860s] [35m[1mScanning dependencies of target std_msgs_generate_messages_py[0m
[19.942s] [  0%] Built target std_msgs_generate_messages_py
[20.040s] [35m[1mScanning dependencies of target roscpp_generate_messages_cpp[0m
[20.127s] [  0%] Built target roscpp_generate_messages_cpp
[20.227s] [35m[1mScanning dependencies of target roscpp_generate_messages_lisp[0m
[20.359s] [  0%] Built target roscpp_generate_messages_lisp
[20.461s] [35m[1mScanning dependencies of target geometry_msgs_generate_messages_py[0m
[20.571s] [  0%] Built target geometry_msgs_generate_messages_py
[20.678s] [35m[1mScanning dependencies of target std_msgs_generate_messages_eus[0m
[20.757s] [  0%] Built target std_msgs_generate_messages_eus
[20.835s] [35m[1mScanning dependencies of target autoware_can_msgs_generate_messages_cpp[0m
[20.944s] [  0%] Built target autoware_can_msgs_generate_messages_cpp
[21.038s] [35m[1mScanning dependencies of target visualization_msgs_generate_messages_eus[0m
[21.132s] [  0%] Built target visualization_msgs_generate_messages_eus
[21.203s] [35m[1mScanning dependencies of target geometry_msgs_generate_messages_cpp[0m
[21.273s] [  0%] Built target geometry_msgs_generate_messages_cpp
[21.363s] [35m[1mScanning dependencies of target visualization_msgs_generate_messages_cpp[0m
[21.444s] [  0%] Built target visualization_msgs_generate_messages_cpp
[21.538s] [35m[1mScanning dependencies of target rosgraph_msgs_generate_messages_nodejs[0m
[21.635s] [  0%] Built target rosgraph_msgs_generate_messages_nodejs
[21.719s] [35m[1mScanning dependencies of target rosgraph_msgs_generate_messages_lisp[0m
[21.823s] [  0%] Built target rosgraph_msgs_generate_messages_lisp
[21.922s] [35m[1mScanning dependencies of target rosgraph_msgs_generate_messages_eus[0m
[22.023s] [  0%] Built target rosgraph_msgs_generate_messages_eus
[22.120s] [35m[1mScanning dependencies of target roscpp_generate_messages_py[0m
[22.227s] [  0%] Built target roscpp_generate_messages_py
[22.343s] [35m[1mScanning dependencies of target rosgraph_msgs_generate_messages_py[0m
[22.423s] [  0%] Built target rosgraph_msgs_generate_messages_py
[22.498s] [35m[1mScanning dependencies of target visualization_msgs_generate_messages_py[0m
[22.584s] [  0%] Built target visualization_msgs_generate_messages_py
[22.672s] [35m[1mScanning dependencies of target geometry_msgs_generate_messages_lisp[0m
[22.774s] [  0%] Built target geometry_msgs_generate_messages_lisp
[22.865s] [35m[1mScanning dependencies of target can_draw[0m
[22.980s] [ 25%] [32mBuilding CXX object CMakeFiles/can_draw.dir/nodes/can_draw/can_draw.cpp.o[0m
[27.365s] [ 50%] [32m[1mLinking CXX executable devel/lib/kvaser/can_draw[0m
[27.837s] [ 50%] Built target can_draw
[27.935s] [35m[1mScanning dependencies of target can_converter[0m
[28.047s] [ 75%] [32mBuilding CXX object CMakeFiles/can_converter.dir/nodes/can_converter/can_converter.cpp.o[0m
[32.135s] [100%] [32m[1mLinking CXX executable devel/lib/kvaser/can_converter[0m
[32.650s] [100%] Built target can_converter
[34.589s] [35m[1mScanning dependencies of target tests[0m
[34.722s] Built target tests
[36.834s] [  0%] Built target autoware_can_msgs_generate_messages_py
[37.107s] [  0%] Built target geometry_msgs_generate_messages_nodejs
[37.412s] [  0%] Built target visualization_msgs_generate_messages_lisp
[37.678s] [  0%] Built target roscpp_generate_messages_nodejs
[37.890s] [  0%] Built target std_msgs_generate_messages_cpp
[38.149s] [  0%] Built target std_msgs_generate_messages_lisp
[38.379s] [  0%] Built target autoware_can_msgs_generate_messages_nodejs
[38.609s] [  0%] Built target roscpp_generate_messages_eus
[38.891s] [  0%] Built target autoware_can_msgs_generate_messages_lisp
[39.151s] [  0%] Built target rosgraph_msgs_generate_messages_cpp
[39.447s] [  0%] Built target autoware_can_msgs_generate_messages_eus
[39.688s] [  0%] Built target visualization_msgs_generate_messages_nodejs
[39.948s] [  0%] Built target geometry_msgs_generate_messages_eus
[40.264s] [  0%] Built target std_msgs_generate_messages_nodejs
[40.467s] [  0%] Built target std_msgs_generate_messages_py
[40.668s] [  0%] Built target roscpp_generate_messages_cpp
[40.892s] [  0%] Built target roscpp_generate_messages_lisp
[41.278s] [  0%] Built target geometry_msgs_generate_messages_py
[41.520s] [  0%] Built target std_msgs_generate_messages_eus
[41.749s] [  0%] Built target autoware_can_msgs_generate_messages_cpp
[42.008s] [  0%] Built target visualization_msgs_generate_messages_eus
[42.199s] [  0%] Built target geometry_msgs_generate_messages_cpp
[42.391s] [  0%] Built target visualization_msgs_generate_messages_cpp
[42.577s] [  0%] Built target rosgraph_msgs_generate_messages_nodejs
[42.753s] [  0%] Built target rosgraph_msgs_generate_messages_lisp
[42.923s] [  0%] Built target rosgraph_msgs_generate_messages_eus
[43.109s] [  0%] Built target roscpp_generate_messages_py
[43.340s] [  0%] Built target rosgraph_msgs_generate_messages_py
[43.539s] [  0%] Built target visualization_msgs_generate_messages_py
[43.740s] [  0%] Built target geometry_msgs_generate_messages_lisp
[43.945s] [ 50%] Built target can_draw
[44.150s] [100%] Built target can_converter
[44.335s] [36mInstall the project...[0m
[44.426s] -- Install configuration: "Release"
[44.427s] -- Installing: /home/capstone/autoware.ai/install/kvaser/lib/pkgconfig/kvaser.pc
[44.427s] -- Installing: /home/capstone/autoware.ai/install/kvaser/share/kvaser/cmake/kvaserConfig.cmake
[44.427s] -- Installing: /home/capstone/autoware.ai/install/kvaser/share/kvaser/cmake/kvaserConfig-version.cmake
[44.442s] -- Installing: /home/capstone/autoware.ai/install/kvaser/share/kvaser/package.xml
[44.446s] -- Installing: /home/capstone/autoware.ai/install/kvaser/lib/kvaser/can_converter
[44.447s] -- Set runtime path of "/home/capstone/autoware.ai/install/kvaser/lib/kvaser/can_converter" to ""
[44.447s] -- Installing: /home/capstone/autoware.ai/install/kvaser/lib/kvaser/can_draw
[44.447s] -- Set runtime path of "/home/capstone/autoware.ai/install/kvaser/lib/kvaser/can_draw" to ""
