[2.183s] -- CUDA compilation status: 1.
[2.184s] -- Using CATKIN_DEVEL_PREFIX: /home/capstone/autoware.ai/build/lattice_planner/devel
[2.192s] -- Using CMAKE_PREFIX_PATH: /home/capstone/autoware.ai/install/waypoint_planner;/home/capstone/autoware.ai/install/lanelet2_extension;/home/capstone/autoware.ai/install/lanelet2_validation;/home/capstone/autoware.ai/install/lanelet2_routing;/home/capstone/autoware.ai/install/lanelet2_projection;/home/capstone/autoware.ai/install/libwaypoint_follower;/home/capstone/autoware.ai/install/lanelet2_traffic_rules;/home/capstone/autoware.ai/install/lanelet2_maps;/home/capstone/autoware.ai/install/lanelet2_io;/home/capstone/autoware.ai/install/vector_map;/home/capstone/autoware.ai/install/lanelet2_core;/home/capstone/autoware.ai/install/autoware_health_checker;/home/capstone/autoware.ai/install/astar_search;/home/capstone/autoware.ai/install/amathutils_lib;/home/capstone/autoware.ai/install/vector_map_msgs;/home/capstone/autoware.ai/install/ros_observer;/home/capstone/autoware.ai/install/gnss;/home/capstone/autoware.ai/install/autoware_system_msgs;/home/capstone/autoware.ai/install/autoware_msgs;/home/capstone/autoware.ai/install/autoware_lanelet2_msgs;/home/capstone/autoware.ai/install/autoware_config_msgs;/home/capstone/autoware.ai/install/autoware_can_msgs;/home/capstone/autoware.ai/install/autoware_build_flags;/home/capstone/autoware.ai/install/ymc;/home/capstone/autoware.ai/install/xsens_driver;/home/capstone/autoware.ai/install/wf_simulator;/home/capstone/autoware.ai/install/lattice_planner;/home/capstone/autoware.ai/install/waypoint_maker;/home/capstone/autoware.ai/install/way_planner;/home/capstone/autoware.ai/install/vlg22c_cam;/home/capstone/autoware.ai/install/vision_ssd_detect;/home/capstone/autoware.ai/install/vision_segment_enet_detect;/home/capstone/autoware.ai/install/vision_lane_detect;/home/capstone/autoware.ai/install/vision_darknet_detect;/home/capstone/autoware.ai/install/vision_beyond_track;/home/capstone/autoware.ai/install/vel_pose_diff_checker;/home/capstone/autoware.ai/install/vehicle_socket;/home/capstone/autoware.ai/install/vehicle_sim_model;/home/capstone/autoware.ai/install/vehicle_model;/home/capstone/autoware.ai/install/vehicle_gazebo_simulation_launcher;/home/capstone/autoware.ai/install/vehicle_gazebo_simulation_interface;/home/capstone/autoware.ai/install/vehicle_engage_panel;/home/capstone/autoware.ai/install/vehicle_description;/home/capstone/autoware.ai/install/trafficlight_recognizer;/home/capstone/autoware.ai/install/op_utilities;/home/capstone/autoware.ai/install/op_simulation_package;/home/capstone/autoware.ai/install/op_local_planner;/home/capstone/autoware.ai/install/op_global_planner;/home/capstone/autoware.ai/install/lidar_kf_contour_track;/home/capstone/autoware.ai/install/op_ros_helpers;/home/capstone/autoware.ai/install/ff_waypoint_follower;/home/capstone/autoware.ai/install/dp_planner;/home/capstone/autoware.ai/install/op_simu;/home/capstone/autoware.ai/install/op_planner;/home/capstone/autoware.ai/install/op_utility;/home/capstone/autoware.ai/install/lidar_euclidean_cluster_detect;/home/capstone/autoware.ai/install/vector_map_server;/home/capstone/autoware.ai/install/road_occupancy_processor;/home/capstone/autoware.ai/install/costmap_generator;/home/capstone/autoware.ai/install/object_map;/home/capstone/autoware.ai/install/naive_motion_predict;/home/capstone/autoware.ai/install/lanelet_aisan_converter;/home/capstone/autoware.ai/install/map_file;/home/capstone/autoware.ai/install/libvectormap;/home/capstone/autoware.ai/install/lane_planner;/home/capstone/autoware.ai/install/imm_ukf_pda_track;/home/capstone/autoware.ai/install/decision_maker;/home/capstone/autoware.ai/install/vectacam;/home/capstone/autoware.ai/install/udon_socket;/home/capstone/autoware.ai/install/twist_generator;/home/capstone/autoware.ai/install/twist_gate;/home/capstone/autoware.ai/install/twist_filter;/home/capstone/autoware.ai/install/twist2odom;/home/capstone/autoware.ai/install/tablet_socket;/home/capstone/autoware.ai/install/runtime_manager;/home/capstone/autoware.ai/install/mqtt_socket;/home/capstone/autoware.ai/install/tablet_socket_msgs;/home/capstone/autoware.ai/install/state_machine_lib;/home/capstone/autoware.ai/install/sound_player;/home/capstone/autoware.ai/install/sick_lms5xx;/home/capstone/autoware.ai/install/sick_ldmrs_tools;/home/capstone/autoware.ai/install/sick_ldmrs_driver;/home/capstone/autoware.ai/install/sick_ldmrs_msgs;/home/capstone/autoware.ai/install/sick_ldmrs_description;/home/capstone/autoware.ai/install/points2image;/home/capstone/autoware.ai/install/rosinterface;/home/capstone/autoware.ai/install/rosbag_controller;/home/capstone/autoware.ai/install/pure_pursuit;/home/capstone/autoware.ai/install/points_preprocessor;/home/capstone/autoware.ai/install/mpc_follower;/home/capstone/autoware.ai/install/lidar_localizer;/home/capstone/autoware.ai/install/emergency_handler;/home/capstone/autoware.ai/install/as;/home/capstone/autoware.ai/install/roi_object_filter;/home/capstone/autoware.ai/install/range_vision_fusion;/home/capstone/autoware.ai/install/pos_db;/home/capstone/autoware.ai/install/points_downsampler;/home/capstone/autoware.ai/install/pixel_cloud_fusion;/home/capstone/autoware.ai/install/pcl_omp_registration;/home/capstone/autoware.ai/install/pc2_downsampler;/home/capstone/autoware.ai/install/oculus_socket;/home/capstone/autoware.ai/install/obj_db;/home/capstone/autoware.ai/install/nmea_navsat;/home/capstone/autoware.ai/install/ndt_tku;/home/capstone/autoware.ai/install/ndt_gpu;/home/capstone/autoware.ai/install/ndt_cpu;/home/capstone/autoware.ai/install/multi_lidar_calibrator;/home/capstone/autoware.ai/install/mrt_cmake_modules;/home/capstone/autoware.ai/install/microstrain_driver;/home/capstone/autoware.ai/install/memsic_imu;/home/capstone/autoware.ai/install/marker_downsampler;/home/capstone/autoware.ai/install/map_tools;/home/capstone/autoware.ai/install/map_tf_generator;/home/capstone/autoware.ai/install/log_tools;/home/capstone/autoware.ai/install/lidar_shape_estimation;/home/capstone/autoware.ai/install/lidar_point_pillars;/home/capstone/autoware.ai/install/lidar_naive_l_shape_detect;/home/capstone/autoware.ai/install/lidar_fake_perception;/home/capstone/autoware.ai/install/lidar_apollo_cnn_seg_detect;/home/capstone/autoware.ai/install/lgsvl_simulator_bridge;/home/capstone/autoware.ai/install/lanelet2_examples;/home/capstone/autoware.ai/install/lanelet2_python;/home/capstone/autoware.ai/install/kvaser;/home/capstone/autoware.ai/install/kitti_launch;/home/capstone/autoware.ai/install/kitti_player;/home/capstone/autoware.ai/install/kitti_box_publisher;/home/capstone/autoware.ai/install/javad_navsat_driver;/home/capstone/autoware.ai/install/integrated_viewer;/home/capstone/autoware.ai/install/image_processor;/home/capstone/autoware.ai/install/hokuyo;/home/capstone/autoware.ai/install/graph_tools;/home/capstone/autoware.ai/install/gnss_localizer;/home/capstone/autoware.ai/install/glviewer;/home/capstone/autoware.ai/install/gazebo_world_description;/home/capstone/autoware.ai/install/gazebo_imu_description;/home/capstone/autoware.ai/install/gazebo_camera_description;/home/capstone/autoware.ai/install/garmin;/home/capstone/autoware.ai/install/freespace_planner;/home/capstone/autoware.ai/install/fastvirtualscan;/home/capstone/autoware.ai/install/ekf_localizer;/home/capstone/autoware.ai/install/ds4_msgs;/home/capstone/autoware.ai/install/ds4_driver;/home/capstone/autoware.ai/install/detected_objects_visualizer;/home/capstone/autoware.ai/install/decision_maker_panel;/home/capstone/autoware.ai/install/data_preprocessor;/home/capstone/autoware.ai/install/custom_msgs;/home/capstone/autoware.ai/install/carla_autoware_bridge;/home/capstone/autoware.ai/install/calibration_publisher;/home/capstone/autoware.ai/install/autoware_rviz_plugins;/home/capstone/autoware.ai/install/autoware_quickstart_examples;/home/capstone/autoware.ai/install/autoware_pointgrey_drivers;/home/capstone/autoware.ai/install/autoware_driveworks_interface;/home/capstone/autoware.ai/install/autoware_connector;/home/capstone/autoware.ai/install/autoware_camera_lidar_calibrator;/home/capstone/autoware.ai/install/autoware_map_msgs;/home/capstone/autoware.ai/install/autoware_launcher_rviz;/home/capstone/autoware.ai/install/autoware_launcher;/home/capstone/autoware.ai/install/autoware_external_msgs;/home/capstone/autoware.ai/install/autoware_driveworks_gmsl_interface;/home/capstone/autoware.ai/install/autoware_bag_tools;/home/capstone/autoware.ai/install/adi_driver;/opt/carla-ros-bridge/melodic;/opt/ros/melodic
[2.211s] -- This workspace overlays: /home/capstone/autoware.ai/install/waypoint_planner;/home/capstone/autoware.ai/install/lanelet2_extension;/home/capstone/autoware.ai/install/lanelet2_validation;/home/capstone/autoware.ai/install/lanelet2_routing;/home/capstone/autoware.ai/install/lanelet2_projection;/home/capstone/autoware.ai/install/libwaypoint_follower;/home/capstone/autoware.ai/install/lanelet2_traffic_rules;/home/capstone/autoware.ai/install/lanelet2_maps;/home/capstone/autoware.ai/install/lanelet2_io;/home/capstone/autoware.ai/install/vector_map;/home/capstone/autoware.ai/install/lanelet2_core;/home/capstone/autoware.ai/install/autoware_health_checker;/home/capstone/autoware.ai/install/astar_search;/home/capstone/autoware.ai/install/amathutils_lib;/home/capstone/autoware.ai/install/vector_map_msgs;/home/capstone/autoware.ai/install/ros_observer;/home/capstone/autoware.ai/install/gnss;/home/capstone/autoware.ai/install/autoware_system_msgs;/home/capstone/autoware.ai/install/autoware_msgs;/home/capstone/autoware.ai/install/autoware_lanelet2_msgs;/home/capstone/autoware.ai/install/autoware_config_msgs;/home/capstone/autoware.ai/install/autoware_can_msgs;/home/capstone/autoware.ai/install/autoware_build_flags;/home/capstone/autoware.ai/install/ymc;/home/capstone/autoware.ai/install/xsens_driver;/home/capstone/autoware.ai/install/wf_simulator;/home/capstone/autoware.ai/install/lattice_planner;/home/capstone/autoware.ai/install/waypoint_maker;/home/capstone/autoware.ai/install/way_planner;/home/capstone/autoware.ai/install/vlg22c_cam;/home/capstone/autoware.ai/install/vision_ssd_detect;/home/capstone/autoware.ai/install/vision_segment_enet_detect;/home/capstone/autoware.ai/install/vision_lane_detect;/home/capstone/autoware.ai/install/vision_darknet_detect;/home/capstone/autoware.ai/install/vision_beyond_track;/home/capstone/autoware.ai/install/vel_pose_diff_checker;/home/capstone/autoware.ai/install/vehicle_socket;/home/capstone/autoware.ai/install/vehicle_sim_model;/home/capstone/autoware.ai/install/vehicle_model;/home/capstone/autoware.ai/install/vehicle_gazebo_simulation_launcher;/home/capstone/autoware.ai/install/vehicle_gazebo_simulation_interface;/home/capstone/autoware.ai/install/vehicle_engage_panel;/home/capstone/autoware.ai/install/vehicle_description;/home/capstone/autoware.ai/install/trafficlight_recognizer;/home/capstone/autoware.ai/install/op_utilities;/home/capstone/autoware.ai/install/op_simulation_package;/home/capstone/autoware.ai/install/op_local_planner;/home/capstone/autoware.ai/install/op_global_planner;/home/capstone/autoware.ai/install/lidar_kf_contour_track;/home/capstone/autoware.ai/install/op_ros_helpers;/home/capstone/autoware.ai/install/ff_waypoint_follower;/home/capstone/autoware.ai/install/dp_planner;/home/capstone/autoware.ai/install/op_simu;/home/capstone/autoware.ai/install/op_planner;/home/capstone/autoware.ai/install/op_utility;/home/capstone/autoware.ai/install/lidar_euclidean_cluster_detect;/home/capstone/autoware.ai/install/vector_map_server;/home/capstone/autoware.ai/install/road_occupancy_processor;/home/capstone/autoware.ai/install/costmap_generator;/home/capstone/autoware.ai/install/object_map;/home/capstone/autoware.ai/install/naive_motion_predict;/home/capstone/autoware.ai/install/lanelet_aisan_converter;/home/capstone/autoware.ai/install/map_file;/home/capstone/autoware.ai/install/libvectormap;/home/capstone/autoware.ai/install/lane_planner;/home/capstone/autoware.ai/install/imm_ukf_pda_track;/home/capstone/autoware.ai/install/decision_maker;/home/capstone/autoware.ai/install/vectacam;/home/capstone/autoware.ai/install/udon_socket;/home/capstone/autoware.ai/install/twist_generator;/home/capstone/autoware.ai/install/twist_gate;/home/capstone/autoware.ai/install/twist_filter;/home/capstone/autoware.ai/install/twist2odom;/home/capstone/autoware.ai/install/tablet_socket;/home/capstone/autoware.ai/install/runtime_manager;/home/capstone/autoware.ai/install/mqtt_socket;/home/capstone/autoware.ai/install/tablet_socket_msgs;/home/capstone/autoware.ai/install/state_machine_lib;/home/capstone/autoware.ai/install/sound_player;/home/capstone/autoware.ai/install/sick_lms5xx;/home/capstone/autoware.ai/install/sick_ldmrs_tools;/home/capstone/autoware.ai/install/sick_ldmrs_driver;/home/capstone/autoware.ai/install/sick_ldmrs_msgs;/home/capstone/autoware.ai/install/sick_ldmrs_description;/home/capstone/autoware.ai/install/points2image;/home/capstone/autoware.ai/install/rosinterface;/home/capstone/autoware.ai/install/rosbag_controller;/home/capstone/autoware.ai/install/pure_pursuit;/home/capstone/autoware.ai/install/points_preprocessor;/home/capstone/autoware.ai/install/mpc_follower;/home/capstone/autoware.ai/install/lidar_localizer;/home/capstone/autoware.ai/install/emergency_handler;/home/capstone/autoware.ai/install/as;/home/capstone/autoware.ai/install/roi_object_filter;/home/capstone/autoware.ai/install/range_vision_fusion;/home/capstone/autoware.ai/install/pos_db;/home/capstone/autoware.ai/install/points_downsampler;/home/capstone/autoware.ai/install/pixel_cloud_fusion;/home/capstone/autoware.ai/install/pcl_omp_registration;/home/capstone/autoware.ai/install/pc2_downsampler;/home/capstone/autoware.ai/install/oculus_socket;/home/capstone/autoware.ai/install/obj_db;/home/capstone/autoware.ai/install/nmea_navsat;/home/capstone/autoware.ai/install/ndt_tku;/home/capstone/autoware.ai/install/ndt_gpu;/home/capstone/autoware.ai/install/ndt_cpu;/home/capstone/autoware.ai/install/multi_lidar_calibrator;/home/capstone/autoware.ai/install/mrt_cmake_modules;/home/capstone/autoware.ai/install/microstrain_driver;/home/capstone/autoware.ai/install/memsic_imu;/home/capstone/autoware.ai/install/marker_downsampler;/home/capstone/autoware.ai/install/map_tools;/home/capstone/autoware.ai/install/map_tf_generator;/home/capstone/autoware.ai/install/log_tools;/home/capstone/autoware.ai/install/lidar_shape_estimation;/home/capstone/autoware.ai/install/lidar_point_pillars;/home/capstone/autoware.ai/install/lidar_naive_l_shape_detect;/home/capstone/autoware.ai/install/lidar_fake_perception;/home/capstone/autoware.ai/install/lidar_apollo_cnn_seg_detect;/home/capstone/autoware.ai/install/lgsvl_simulator_bridge;/home/capstone/autoware.ai/install/lanelet2_examples;/home/capstone/autoware.ai/install/lanelet2_python;/home/capstone/autoware.ai/install/kvaser;/home/capstone/autoware.ai/install/kitti_launch;/home/capstone/autoware.ai/install/kitti_player;/home/capstone/autoware.ai/install/kitti_box_publisher;/home/capstone/autoware.ai/install/javad_navsat_driver;/home/capstone/autoware.ai/install/integrated_viewer;/home/capstone/autoware.ai/install/image_processor;/home/capstone/autoware.ai/install/hokuyo;/home/capstone/autoware.ai/install/graph_tools;/home/capstone/autoware.ai/install/gnss_localizer;/home/capstone/autoware.ai/install/glviewer;/home/capstone/autoware.ai/install/gazebo_world_description;/home/capstone/autoware.ai/install/gazebo_imu_description;/home/capstone/autoware.ai/install/gazebo_camera_description;/home/capstone/autoware.ai/install/garmin;/home/capstone/autoware.ai/install/freespace_planner;/home/capstone/autoware.ai/install/fastvirtualscan;/home/capstone/autoware.ai/install/ekf_localizer;/home/capstone/autoware.ai/install/ds4_msgs;/home/capstone/autoware.ai/install/ds4_driver;/home/capstone/autoware.ai/install/detected_objects_visualizer;/home/capstone/autoware.ai/install/decision_maker_panel;/home/capstone/autoware.ai/install/data_preprocessor;/home/capstone/autoware.ai/install/custom_msgs;/home/capstone/autoware.ai/install/carla_autoware_bridge;/home/capstone/autoware.ai/install/calibration_publisher;/home/capstone/autoware.ai/install/autoware_rviz_plugins;/home/capstone/autoware.ai/install/autoware_quickstart_examples;/home/capstone/autoware.ai/install/autoware_pointgrey_drivers;/home/capstone/autoware.ai/install/autoware_driveworks_interface;/home/capstone/autoware.ai/install/autoware_connector;/home/capstone/autoware.ai/install/autoware_camera_lidar_calibrator;/home/capstone/autoware.ai/install/autoware_map_msgs;/home/capstone/autoware.ai/install/autoware_launcher_rviz;/home/capstone/autoware.ai/install/autoware_launcher;/home/capstone/autoware.ai/install/autoware_external_msgs;/home/capstone/autoware.ai/install/autoware_driveworks_gmsl_interface;/home/capstone/autoware.ai/install/autoware_bag_tools;/home/capstone/autoware.ai/install/adi_driver;/opt/carla-ros-bridge/melodic;/opt/ros/melodic
[2.331s] -- Found PythonInterp: /usr/bin/python2 (found suitable version "2.7.17", minimum required is "2") 
[2.332s] -- Using PYTHON_EXECUTABLE: /usr/bin/python2
[2.332s] -- Using Debian Python package layout
[2.333s] -- Using empy: /usr/bin/empy
[2.677s] -- Using CATKIN_ENABLE_TESTING: ON
[2.677s] -- Call enable_testing()
[2.679s] -- Using CATKIN_TEST_RESULTS_DIR: /home/capstone/autoware.ai/build/lattice_planner/test_results
[2.819s] -- Found gtest sources under '/usr/src/googletest': gtests will be built
[2.819s] -- Found gmock sources under '/usr/src/googletest': gmock will be built
[2.901s] -- Found PythonInterp: /usr/bin/python2 (found version "2.7.17") 
[2.912s] -- Using Python nosetests: /usr/bin/nosetests-2.7
[3.095s] -- catkin 0.7.23
[3.095s] -- BUILD_SHARED_LIBS is on
[4.039s] -- Using these message generators: gencpp;geneus;genlisp;gennodejs;genpy
[6.829s] -- Found OpenMP_C: -fopenmp  
[6.832s] -- Found OpenMP_CXX: -fopenmp  
[6.834s] -- Found OpenMP: TRUE   
[7.462s] -- Configuring done
[8.221s] -- Generating done
[8.312s] -- Build files have been written to: /home/capstone/autoware.ai/build/lattice_planner
[8.565s] [  0%] Built target vector_map_msgs_generate_messages_py
[8.709s] [  0%] Built target autoware_config_msgs_generate_messages_py
[8.859s] [  0%] Built target nodelet_topic_tools_gencfg
[9.010s] [  0%] Built target sensor_msgs_generate_messages_cpp
[9.185s] [  0%] Built target autoware_config_msgs_generate_messages_nodejs
[9.353s] [  0%] Built target autoware_msgs_generate_messages_cpp
[9.499s] [  0%] Built target std_msgs_generate_messages_lisp
[9.665s] [  0%] Built target jsk_recognition_msgs_generate_messages_nodejs
[9.816s] [  0%] Built target jsk_footstep_msgs_generate_messages_lisp
[9.980s] [  0%] Built target topic_tools_generate_messages_eus
[10.133s] [  0%] Built target roscpp_generate_messages_nodejs
[10.327s] [  0%] Built target sensor_msgs_generate_messages_py
[10.473s] [  0%] Built target tf2_msgs_generate_messages_eus
[10.613s] [  0%] Built target geometry_msgs_generate_messages_py
[10.756s] [  0%] Built target jsk_footstep_msgs_generate_messages_py
[10.898s] [  0%] Built target tf_generate_messages_cpp
[11.040s] [  0%] Built target actionlib_msgs_generate_messages_py
[11.216s] [  0%] Built target jsk_footstep_msgs_generate_messages_cpp
[11.374s] [  0%] Built target jsk_recognition_msgs_generate_messages_lisp
[11.534s] [  0%] Built target geometry_msgs_generate_messages_lisp
[11.687s] [  0%] Built target autoware_msgs_generate_messages_eus
[11.833s] [  0%] Built target visualization_msgs_generate_messages_cpp
[11.978s] [  0%] Built target tf_generate_messages_eus
[12.167s] [  0%] Built target autoware_msgs_generate_messages_py
[12.341s] [  0%] Built target rosgraph_msgs_generate_messages_lisp
[12.489s] [  0%] Built target std_srvs_generate_messages_cpp
[12.632s] [  0%] Built target autoware_can_msgs_generate_messages_nodejs
[12.773s] [  0%] Built target autoware_can_msgs_generate_messages_lisp
[12.912s] [  0%] Built target sensor_msgs_generate_messages_nodejs
[13.068s] [  0%] Built target roscpp_generate_messages_py
[13.274s] [  0%] Built target vector_map_msgs_generate_messages_nodejs
[13.462s] [  0%] Built target actionlib_msgs_generate_messages_eus
[13.617s] [  0%] Built target dynamic_reconfigure_generate_messages_py
[13.764s] [  0%] Built target actionlib_generate_messages_lisp
[13.913s] [  0%] Built target autoware_can_msgs_generate_messages_cpp
[14.090s] [  0%] Built target autoware_can_msgs_generate_messages_py
[14.288s] [  0%] Built target geometry_msgs_generate_messages_nodejs
[14.453s] [  0%] Built target dynamic_reconfigure_generate_messages_eus
[14.615s] [  0%] Built target autoware_can_msgs_generate_messages_eus
[14.770s] [  0%] Built target jsk_recognition_msgs_generate_messages_eus
[14.917s] [  0%] Built target std_msgs_generate_messages_py
[15.070s] [  0%] Built target jsk_footstep_msgs_generate_messages_eus
[15.320s] [  0%] Built target autoware_config_msgs_generate_messages_cpp
[15.478s] [  0%] Built target sensor_msgs_generate_messages_eus
[15.626s] [  0%] Built target autoware_config_msgs_generate_messages_eus
[15.774s] [  0%] Built target autoware_msgs_generate_messages_nodejs
[15.921s] [  0%] Built target jsk_recognition_msgs_generate_messages_cpp
[16.062s] [  0%] Built target geometry_msgs_generate_messages_cpp
[16.268s] [  0%] Built target autoware_config_msgs_generate_messages_lisp
[16.424s] [  0%] Built target autoware_msgs_generate_messages_lisp
[16.564s] [  0%] Built target topic_tools_generate_messages_cpp
[16.710s] [  0%] Built target visualization_msgs_generate_messages_py
[16.854s] [  0%] Built target std_msgs_generate_messages_nodejs
[16.999s] [  0%] Built target nodelet_generate_messages_lisp
[17.182s] [  0%] Built target geometry_msgs_generate_messages_eus
[17.363s] [  0%] Built target roscpp_generate_messages_cpp
[17.509s] [  0%] Built target tf_generate_messages_nodejs
[17.654s] [  0%] Built target topic_tools_generate_messages_py
[17.797s] [  0%] Built target roscpp_generate_messages_eus
[17.944s] [  0%] Built target rosgraph_msgs_generate_messages_cpp
[18.098s] [  0%] Built target actionlib_generate_messages_eus
[18.267s] [  0%] Built target rosgraph_msgs_generate_messages_eus
[18.411s] [  0%] Built target rosgraph_msgs_generate_messages_nodejs
[18.552s] [  0%] Built target actionlib_generate_messages_cpp
[18.694s] [  0%] Built target std_srvs_generate_messages_py
[18.833s] [  0%] Built target actionlib_generate_messages_nodejs
[18.977s] [  0%] Built target actionlib_generate_messages_py
[19.156s] [  0%] Built target tf2_msgs_generate_messages_cpp
[19.331s] [  0%] Built target dynamic_reconfigure_generate_messages_lisp
[19.470s] [  0%] Built target tf2_msgs_generate_messages_lisp
[19.613s] [  0%] Built target tf2_msgs_generate_messages_py
[19.764s] [  0%] Built target dynamic_reconfigure_generate_messages_nodejs
[19.910s] [  0%] Built target bond_generate_messages_cpp
[20.061s] [  0%] Built target pcl_ros_gencfg
[20.267s] [  0%] Built target dynamic_reconfigure_generate_messages_cpp
[20.430s] [  0%] Built target pcl_msgs_generate_messages_cpp
[20.578s] [  0%] Built target jsk_recognition_msgs_generate_messages_py
[20.723s] [  0%] Built target dynamic_reconfigure_gencfg
[20.868s] [  0%] Built target sensor_msgs_generate_messages_lisp
[21.011s] [  0%] Built target tf2_msgs_generate_messages_nodejs
[21.186s] [  0%] Built target nodelet_generate_messages_cpp
[21.365s] [  0%] Built target nodelet_generate_messages_eus
[21.510s] [  0%] Built target nodelet_generate_messages_nodejs
[21.672s] [ 18%] Built target libtraj_gen
[21.813s] [ 18%] Built target nodelet_generate_messages_py
[21.956s] [ 18%] Built target std_srvs_generate_messages_nodejs
[22.104s] [ 18%] Built target jsk_footstep_msgs_generate_messages_nodejs
[22.290s] [ 18%] Built target bond_generate_messages_eus
[22.443s] [ 18%] Built target bond_generate_messages_lisp
[22.587s] [ 18%] Built target bond_generate_messages_nodejs
[22.735s] [ 18%] Built target bond_generate_messages_py
[22.878s] [ 18%] Built target std_srvs_generate_messages_eus
[23.026s] [ 18%] Built target std_msgs_generate_messages_eus
[23.200s] [ 18%] Built target roscpp_generate_messages_lisp
[23.372s] [ 18%] Built target std_srvs_generate_messages_lisp
[23.517s] [ 18%] Built target topic_tools_generate_messages_lisp
[23.661s] [ 18%] Built target topic_tools_generate_messages_nodejs
[23.801s] [ 18%] Built target visualization_msgs_generate_messages_eus
[23.948s] [ 18%] Built target visualization_msgs_generate_messages_lisp
[24.139s] [ 18%] Built target rosgraph_msgs_generate_messages_py
[24.320s] [ 18%] Built target visualization_msgs_generate_messages_nodejs
[24.470s] [ 18%] Built target vector_map_msgs_generate_messages_cpp
[24.613s] [ 18%] Built target std_msgs_generate_messages_cpp
[24.759s] [ 18%] Built target vector_map_msgs_generate_messages_eus
[24.901s] [ 18%] Built target pcl_msgs_generate_messages_eus
[25.045s] [ 18%] Built target vector_map_msgs_generate_messages_lisp
[25.251s] [ 18%] Built target pcl_msgs_generate_messages_nodejs
[25.426s] [ 18%] Built target pcl_msgs_generate_messages_lisp
[25.569s] [ 18%] Built target pcl_msgs_generate_messages_py
[25.716s] [ 18%] Built target actionlib_msgs_generate_messages_cpp
[25.860s] [ 18%] Built target tf_generate_messages_py
[26.001s] [ 18%] Built target actionlib_msgs_generate_messages_lisp
[26.162s] [ 18%] Built target actionlib_msgs_generate_messages_nodejs
[26.339s] [ 18%] Built target tf_generate_messages_lisp
[26.514s] [ 36%] Built target lattice_twist_convert
[26.708s] [ 63%] Built target lattice_velocity_set
[26.874s] [ 81%] Built target lattice_trajectory_gen
[27.040s] [100%] Built target path_select
[28.888s] Built target tests
[30.711s] [  0%] Built target vector_map_msgs_generate_messages_py
[30.853s] [  0%] Built target autoware_config_msgs_generate_messages_py
[30.996s] [  0%] Built target nodelet_topic_tools_gencfg
[31.175s] [  0%] Built target sensor_msgs_generate_messages_cpp
[31.335s] [  0%] Built target autoware_config_msgs_generate_messages_nodejs
[31.476s] [  0%] Built target autoware_msgs_generate_messages_cpp
[31.619s] [  0%] Built target std_msgs_generate_messages_lisp
[31.770s] [  0%] Built target jsk_recognition_msgs_generate_messages_nodejs
[31.909s] [  0%] Built target jsk_footstep_msgs_generate_messages_lisp
[32.054s] [  0%] Built target topic_tools_generate_messages_eus
[32.236s] [  0%] Built target roscpp_generate_messages_nodejs
[32.386s] [  0%] Built target sensor_msgs_generate_messages_py
[32.526s] [  0%] Built target tf2_msgs_generate_messages_eus
[32.672s] [  0%] Built target geometry_msgs_generate_messages_py
[32.816s] [  0%] Built target jsk_footstep_msgs_generate_messages_py
[32.956s] [  0%] Built target tf_generate_messages_cpp
[33.115s] [  0%] Built target actionlib_msgs_generate_messages_py
[33.314s] [  0%] Built target jsk_footstep_msgs_generate_messages_cpp
[33.467s] [  0%] Built target jsk_recognition_msgs_generate_messages_lisp
[33.606s] [  0%] Built target geometry_msgs_generate_messages_lisp
[33.759s] [  0%] Built target autoware_msgs_generate_messages_eus
[33.902s] [  0%] Built target visualization_msgs_generate_messages_cpp
[34.050s] [  0%] Built target tf_generate_messages_eus
[34.285s] [  0%] Built target autoware_msgs_generate_messages_py
[34.440s] [  0%] Built target rosgraph_msgs_generate_messages_lisp
[34.613s] [  0%] Built target std_srvs_generate_messages_cpp
[34.759s] [  0%] Built target autoware_can_msgs_generate_messages_nodejs
[34.899s] [  0%] Built target autoware_can_msgs_generate_messages_lisp
[35.049s] [  0%] Built target sensor_msgs_generate_messages_nodejs
[35.244s] [  0%] Built target roscpp_generate_messages_py
[35.395s] [  0%] Built target vector_map_msgs_generate_messages_nodejs
[35.541s] [  0%] Built target actionlib_msgs_generate_messages_eus
[35.679s] [  0%] Built target dynamic_reconfigure_generate_messages_py
[35.919s] [  0%] Built target actionlib_generate_messages_lisp
[35.920s] [  0%] Built target autoware_can_msgs_generate_messages_cpp
[36.036s] [  0%] Built target autoware_can_msgs_generate_messages_py
[36.213s] [  0%] Built target geometry_msgs_generate_messages_nodejs
[36.364s] [  0%] Built target dynamic_reconfigure_generate_messages_eus
[36.500s] [  0%] Built target autoware_can_msgs_generate_messages_eus
[36.641s] [  0%] Built target jsk_recognition_msgs_generate_messages_eus
[36.781s] [  0%] Built target std_msgs_generate_messages_py
[36.917s] [  0%] Built target jsk_footstep_msgs_generate_messages_eus
[37.038s] [  0%] Built target autoware_config_msgs_generate_messages_cpp
[37.273s] [  0%] Built target sensor_msgs_generate_messages_eus
[37.350s] [  0%] Built target autoware_config_msgs_generate_messages_eus
[37.488s] [  0%] Built target autoware_msgs_generate_messages_nodejs
[37.619s] [  0%] Built target jsk_recognition_msgs_generate_messages_cpp
[37.762s] [  0%] Built target geometry_msgs_generate_messages_cpp
[37.893s] [  0%] Built target autoware_config_msgs_generate_messages_lisp
[38.034s] [  0%] Built target autoware_msgs_generate_messages_lisp
[38.186s] [  0%] Built target topic_tools_generate_messages_cpp
[38.360s] [  0%] Built target visualization_msgs_generate_messages_py
[38.502s] [  0%] Built target std_msgs_generate_messages_nodejs
[38.645s] [  0%] Built target nodelet_generate_messages_lisp
[38.794s] [  0%] Built target geometry_msgs_generate_messages_eus
[38.941s] [  0%] Built target roscpp_generate_messages_cpp
[39.084s] [  0%] Built target tf_generate_messages_nodejs
[39.238s] [  0%] Built target topic_tools_generate_messages_py
[39.390s] [  0%] Built target roscpp_generate_messages_eus
[39.550s] [  0%] Built target rosgraph_msgs_generate_messages_cpp
[39.710s] [  0%] Built target actionlib_generate_messages_eus
[39.856s] [  0%] Built target rosgraph_msgs_generate_messages_eus
[40.005s] [  0%] Built target rosgraph_msgs_generate_messages_nodejs
[40.211s] [  0%] Built target actionlib_generate_messages_cpp
[40.399s] [  0%] Built target std_srvs_generate_messages_py
[40.539s] [  0%] Built target actionlib_generate_messages_nodejs
[40.684s] [  0%] Built target actionlib_generate_messages_py
[40.827s] [  0%] Built target tf2_msgs_generate_messages_cpp
[40.969s] [  0%] Built target dynamic_reconfigure_generate_messages_lisp
[41.114s] [  0%] Built target tf2_msgs_generate_messages_lisp
[41.301s] [  0%] Built target tf2_msgs_generate_messages_py
[41.441s] [  0%] Built target dynamic_reconfigure_generate_messages_nodejs
[41.580s] [  0%] Built target bond_generate_messages_cpp
[41.723s] [  0%] Built target pcl_ros_gencfg
[41.866s] [  0%] Built target dynamic_reconfigure_generate_messages_cpp
[42.009s] [  0%] Built target pcl_msgs_generate_messages_cpp
[42.171s] [  0%] Built target jsk_recognition_msgs_generate_messages_py
[42.346s] [  0%] Built target dynamic_reconfigure_gencfg
[42.509s] [  0%] Built target sensor_msgs_generate_messages_lisp
[42.653s] [  0%] Built target tf2_msgs_generate_messages_nodejs
[42.812s] [  0%] Built target nodelet_generate_messages_cpp
[42.973s] [  0%] Built target nodelet_generate_messages_eus
[43.124s] [  0%] Built target nodelet_generate_messages_nodejs
[43.316s] [ 18%] Built target libtraj_gen
[43.460s] [ 18%] Built target nodelet_generate_messages_py
[43.613s] [ 18%] Built target std_srvs_generate_messages_nodejs
[43.781s] [ 18%] Built target jsk_footstep_msgs_generate_messages_nodejs
[43.929s] [ 18%] Built target bond_generate_messages_eus
[44.076s] [ 18%] Built target bond_generate_messages_lisp
[44.296s] [ 18%] Built target bond_generate_messages_nodejs
[44.437s] [ 18%] Built target bond_generate_messages_py
[44.578s] [ 18%] Built target std_srvs_generate_messages_eus
[44.720s] [ 18%] Built target std_msgs_generate_messages_eus
[44.858s] [ 18%] Built target roscpp_generate_messages_lisp
[45.007s] [ 18%] Built target std_srvs_generate_messages_lisp
[45.189s] [ 18%] Built target topic_tools_generate_messages_lisp
[45.350s] [ 18%] Built target topic_tools_generate_messages_nodejs
[45.485s] [ 18%] Built target visualization_msgs_generate_messages_eus
[45.627s] [ 18%] Built target visualization_msgs_generate_messages_lisp
[45.760s] [ 18%] Built target rosgraph_msgs_generate_messages_py
[45.902s] [ 18%] Built target visualization_msgs_generate_messages_nodejs
[46.044s] [ 18%] Built target vector_map_msgs_generate_messages_cpp
[46.251s] [ 18%] Built target std_msgs_generate_messages_cpp
[46.410s] [ 18%] Built target vector_map_msgs_generate_messages_eus
[46.539s] [ 18%] Built target pcl_msgs_generate_messages_eus
[46.694s] [ 18%] Built target vector_map_msgs_generate_messages_lisp
[46.833s] [ 18%] Built target pcl_msgs_generate_messages_nodejs
[46.982s] [ 18%] Built target pcl_msgs_generate_messages_lisp
[47.153s] [ 18%] Built target pcl_msgs_generate_messages_py
[47.307s] [ 18%] Built target actionlib_msgs_generate_messages_cpp
[47.448s] [ 18%] Built target tf_generate_messages_py
[47.598s] [ 18%] Built target actionlib_msgs_generate_messages_lisp
[47.741s] [ 18%] Built target actionlib_msgs_generate_messages_nodejs
[47.880s] [ 18%] Built target tf_generate_messages_lisp
[48.031s] [ 36%] Built target lattice_twist_convert
[48.263s] [ 63%] Built target lattice_velocity_set
[48.417s] [ 81%] Built target lattice_trajectory_gen
[48.572s] [100%] Built target path_select
[48.703s] [36mInstall the project...[0m
[48.756s] -- Install configuration: "Release"
[48.756s] -- Installing: /home/capstone/autoware.ai/install/lattice_planner/lib/pkgconfig/lattice_planner.pc
[48.756s] -- Installing: /home/capstone/autoware.ai/install/lattice_planner/share/lattice_planner/cmake/lattice_plannerConfig.cmake
[48.756s] -- Up-to-date: /home/capstone/autoware.ai/install/lattice_planner/share/lattice_planner/cmake/lattice_plannerConfig-version.cmake
[48.757s] -- Up-to-date: /home/capstone/autoware.ai/install/lattice_planner/share/lattice_planner/package.xml
[48.758s] -- Up-to-date: /home/capstone/autoware.ai/install/lattice_planner/lib/liblibtraj_gen.so
[48.759s] -- Up-to-date: /home/capstone/autoware.ai/install/lattice_planner/lib/lattice_planner/lattice_trajectory_gen
[48.761s] -- Up-to-date: /home/capstone/autoware.ai/install/lattice_planner/lib/lattice_planner/lattice_twist_convert
[48.763s] -- Up-to-date: /home/capstone/autoware.ai/install/lattice_planner/lib/lattice_planner/lattice_velocity_set
[48.766s] -- Up-to-date: /home/capstone/autoware.ai/install/lattice_planner/lib/lattice_planner/path_select
[48.766s] -- Up-to-date: /home/capstone/autoware.ai/install/lattice_planner/share/lattice_planner/launch
[48.766s] -- Up-to-date: /home/capstone/autoware.ai/install/lattice_planner/share/lattice_planner/launch/lattice_velocity_set.launch
[48.766s] -- Up-to-date: /home/capstone/autoware.ai/install/lattice_planner/share/lattice_planner/launch/lattice_trajectory_gen.launch
