[2.023s] [  0%] Built target roscpp_generate_messages_nodejs
[2.167s] [  0%] Built target nodelet_generate_messages_eus
[2.310s] [  0%] Built target nodelet_generate_messages_cpp
[2.455s] [  0%] Built target dynamic_reconfigure_gencfg
[2.610s] [  0%] Built target dynamic_reconfigure_generate_messages_cpp
[2.812s] [  0%] Built target pcl_ros_gencfg
[2.982s] [  0%] Built target topic_tools_generate_messages_nodejs
[3.126s] [  0%] Built target vector_map_server_generate_messages_py
[3.272s] [  0%] Built target vector_map_server_generate_messages_eus
[3.418s] [  0%] Built target vector_map_server_generate_messages_cpp
[3.564s] [  0%] Built target vector_map_msgs_generate_messages_py
[3.713s] [  0%] Built target vector_map_msgs_generate_messages_eus
[3.911s] [  0%] Built target vector_map_msgs_generate_messages_cpp
[4.060s] [  0%] Built target visualization_msgs_generate_messages_nodejs
[4.200s] [  0%] Built target visualization_msgs_generate_messages_lisp
[4.349s] [  0%] Built target visualization_msgs_generate_messages_eus
[4.502s] [  0%] Built target bond_generate_messages_cpp
[4.649s] [  0%] Built target dynamic_reconfigure_generate_messages_nodejs
[4.834s] [  0%] Built target tf2_msgs_generate_messages_py
[4.983s] [  0%] Built target tf2_msgs_generate_messages_nodejs
[5.126s] [  0%] Built target tf2_msgs_generate_messages_lisp
[5.269s] [  0%] Built target dynamic_reconfigure_generate_messages_lisp
[5.418s] [  0%] Built target tf2_msgs_generate_messages_cpp
[5.569s] [  0%] Built target actionlib_generate_messages_py
[5.713s] [  0%] Built target actionlib_generate_messages_nodejs
[5.881s] [  0%] Built target actionlib_generate_messages_cpp
[6.032s] [  0%] Built target rosgraph_msgs_generate_messages_py
[6.180s] [  0%] Built target rosgraph_msgs_generate_messages_nodejs
[6.325s] [  0%] Built target std_srvs_generate_messages_py
[6.472s] [  0%] Built target rosgraph_msgs_generate_messages_eus
[6.615s] [  0%] Built target actionlib_generate_messages_eus
[6.783s] [  0%] Built target rosgraph_msgs_generate_messages_cpp
[6.966s] [  0%] Built target topic_tools_generate_messages_py
[7.111s] [  0%] Built target roscpp_generate_messages_cpp
[7.255s] [  0%] Built target jsk_recognition_msgs_generate_messages_lisp
[7.401s] [  0%] Built target tf_generate_messages_cpp
[7.543s] [  0%] Built target jsk_recognition_msgs_generate_messages_eus
[7.694s] [  0%] Built target std_msgs_generate_messages_py
[7.882s] [  0%] Built target jsk_recognition_msgs_generate_messages_cpp
[8.029s] [  0%] Built target geometry_msgs_generate_messages_lisp
[8.173s] [  0%] Built target autoware_msgs_generate_messages_eus
[8.314s] [  0%] Built target nodelet_topic_tools_gencfg
[8.464s] [  0%] Built target vector_map_server_generate_messages_lisp
[8.609s] [  0%] Built target visualization_msgs_generate_messages_cpp
[8.770s] [  0%] Built target sensor_msgs_generate_messages_eus
[8.950s] [  0%] Built target sensor_msgs_generate_messages_lisp
[9.091s] [  0%] Built target jsk_footstep_msgs_generate_messages_py
[9.238s] [  0%] Built target geometry_msgs_generate_messages_py
[9.389s] [  0%] Built target vector_map_server_generate_messages_nodejs
[9.532s] [  0%] Built target tf2_msgs_generate_messages_eus
[9.678s] [  0%] Built target sensor_msgs_generate_messages_py
[9.873s] [  0%] Built target topic_tools_generate_messages_eus
[10.016s] [  0%] Built target jsk_footstep_msgs_generate_messages_lisp
[10.165s] [  0%] Built target geometry_msgs_generate_messages_eus
[10.307s] [  0%] Built target nodelet_generate_messages_lisp
[10.449s] [  0%] Built target std_msgs_generate_messages_nodejs
[10.600s] [  0%] Built target geometry_msgs_generate_messages_cpp
[10.814s] [  0%] Built target sensor_msgs_generate_messages_cpp
[10.985s] [  0%] Built target pcl_msgs_generate_messages_cpp
[11.129s] [  0%] Built target roscpp_generate_messages_py
[11.273s] [  0%] Built target jsk_recognition_msgs_generate_messages_nodejs
[11.416s] [  0%] Built target autoware_can_msgs_generate_messages_eus
[11.560s] [  0%] Built target actionlib_generate_messages_lisp
[11.710s] [  0%] Built target roscpp_generate_messages_lisp
[11.917s] [  0%] Built target dynamic_reconfigure_generate_messages_eus
[12.061s] [  0%] Built target geometry_msgs_generate_messages_nodejs
[12.204s] [  0%] Built target autoware_can_msgs_generate_messages_py
[12.347s] [  0%] Built target autoware_can_msgs_generate_messages_cpp
[12.495s] [  0%] Built target dynamic_reconfigure_generate_messages_py
[12.646s] [  0%] Built target actionlib_msgs_generate_messages_eus
[12.825s] [  0%] Built target vector_map_msgs_generate_messages_nodejs
[12.982s] [  0%] Built target autoware_can_msgs_generate_messages_lisp
[13.127s] [  0%] Built target autoware_can_msgs_generate_messages_nodejs
[13.267s] [  0%] Built target std_srvs_generate_messages_cpp
[13.410s] [  0%] Built target std_msgs_generate_messages_cpp
[13.555s] [  0%] Built target rosgraph_msgs_generate_messages_lisp
[13.702s] [  0%] Built target autoware_msgs_generate_messages_py
[13.932s] [  0%] Built target tf_generate_messages_eus
[14.076s] [  0%] Built target pcl_msgs_generate_messages_eus
[14.220s] [  0%] Built target vector_map_msgs_generate_messages_lisp
[14.365s] [  0%] Built target pcl_msgs_generate_messages_nodejs
[14.513s] [  0%] Built target pcl_msgs_generate_messages_lisp
[14.660s] [  0%] Built target pcl_msgs_generate_messages_py
[14.863s] [  0%] Built target jsk_footstep_msgs_generate_messages_eus
[15.014s] [  0%] Built target std_msgs_generate_messages_lisp
[15.160s] [  0%] Built target jsk_recognition_msgs_generate_messages_py
[15.303s] [  0%] Built target autoware_msgs_generate_messages_cpp
[15.449s] [  0%] Built target sensor_msgs_generate_messages_nodejs
[15.595s] [  0%] Built target jsk_footstep_msgs_generate_messages_nodejs
[15.750s] [  0%] Built target actionlib_msgs_generate_messages_cpp
[15.925s] [  0%] Built target actionlib_msgs_generate_messages_py
[16.072s] [  0%] Built target topic_tools_generate_messages_cpp
[16.215s] [  0%] Built target visualization_msgs_generate_messages_py
[16.358s] [  0%] Built target autoware_msgs_generate_messages_lisp
[16.503s] [  0%] Built target autoware_msgs_generate_messages_nodejs
[16.656s] [  0%] Built target tf_generate_messages_lisp
[16.814s] [  0%] Built target tf_generate_messages_nodejs
[16.969s] [  0%] Built target std_msgs_generate_messages_eus
[17.113s] [  0%] Built target actionlib_msgs_generate_messages_lisp
[17.257s] [  0%] Built target actionlib_msgs_generate_messages_nodejs
[17.399s] [  0%] Built target tf_generate_messages_py
[17.542s] [  0%] Built target roscpp_generate_messages_eus
[17.687s] [  0%] Built target jsk_footstep_msgs_generate_messages_cpp
[17.877s] [  0%] Built target nodelet_generate_messages_nodejs
[18.027s] [  0%] Built target nodelet_generate_messages_py
[18.172s] [  0%] Built target std_srvs_generate_messages_nodejs
[18.313s] [  0%] Built target bond_generate_messages_eus
[18.458s] [  0%] Built target bond_generate_messages_lisp
[18.610s] [  0%] Built target bond_generate_messages_nodejs
[18.760s] [  0%] Built target bond_generate_messages_py
[18.936s] [  0%] Built target std_srvs_generate_messages_eus
[19.085s] [  0%] Built target std_srvs_generate_messages_lisp
[19.229s] [  0%] Built target topic_tools_generate_messages_lisp
[19.437s] [100%] Built target dp_planner
[21.182s] Built target tests
[22.865s] [  0%] Built target roscpp_generate_messages_nodejs
[23.013s] [  0%] Built target nodelet_generate_messages_eus
[23.157s] [  0%] Built target nodelet_generate_messages_cpp
[23.300s] [  0%] Built target dynamic_reconfigure_gencfg
[23.444s] [  0%] Built target dynamic_reconfigure_generate_messages_cpp
[23.594s] [  0%] Built target pcl_ros_gencfg
[23.738s] [  0%] Built target topic_tools_generate_messages_nodejs
[23.904s] [  0%] Built target vector_map_server_generate_messages_py
[24.048s] [  0%] Built target vector_map_server_generate_messages_eus
[24.198s] [  0%] Built target vector_map_server_generate_messages_cpp
[24.344s] [  0%] Built target vector_map_msgs_generate_messages_py
[24.488s] [  0%] Built target vector_map_msgs_generate_messages_eus
[24.631s] [  0%] Built target vector_map_msgs_generate_messages_cpp
[24.812s] [  0%] Built target visualization_msgs_generate_messages_nodejs
[24.970s] [  0%] Built target visualization_msgs_generate_messages_lisp
[25.115s] [  0%] Built target visualization_msgs_generate_messages_eus
[25.259s] [  0%] Built target bond_generate_messages_cpp
[25.403s] [  0%] Built target dynamic_reconfigure_generate_messages_nodejs
[25.549s] [  0%] Built target tf2_msgs_generate_messages_py
[25.694s] [  0%] Built target tf2_msgs_generate_messages_nodejs
[25.871s] [  0%] Built target tf2_msgs_generate_messages_lisp
[26.025s] [  0%] Built target dynamic_reconfigure_generate_messages_lisp
[26.175s] [  0%] Built target tf2_msgs_generate_messages_cpp
[26.320s] [  0%] Built target actionlib_generate_messages_py
[26.464s] [  0%] Built target actionlib_generate_messages_nodejs
[26.604s] [  0%] Built target actionlib_generate_messages_cpp
[26.767s] [  0%] Built target rosgraph_msgs_generate_messages_py
[26.934s] [  0%] Built target rosgraph_msgs_generate_messages_nodejs
[27.076s] [  0%] Built target std_srvs_generate_messages_py
[27.219s] [  0%] Built target rosgraph_msgs_generate_messages_eus
[27.365s] [  0%] Built target actionlib_generate_messages_eus
[27.515s] [  0%] Built target rosgraph_msgs_generate_messages_cpp
[27.659s] [  0%] Built target topic_tools_generate_messages_py
[27.827s] [  0%] Built target roscpp_generate_messages_cpp
[27.999s] [  0%] Built target jsk_recognition_msgs_generate_messages_lisp
[28.143s] [  0%] Built target tf_generate_messages_cpp
[28.287s] [  0%] Built target jsk_recognition_msgs_generate_messages_eus
[28.428s] [  0%] Built target std_msgs_generate_messages_py
[28.575s] [  0%] Built target jsk_recognition_msgs_generate_messages_cpp
[28.743s] [  0%] Built target geometry_msgs_generate_messages_lisp
[28.957s] [  0%] Built target autoware_msgs_generate_messages_eus
[29.102s] [  0%] Built target nodelet_topic_tools_gencfg
[29.250s] [  0%] Built target vector_map_server_generate_messages_lisp
[29.394s] [  0%] Built target visualization_msgs_generate_messages_cpp
[29.537s] [  0%] Built target sensor_msgs_generate_messages_eus
[29.680s] [  0%] Built target sensor_msgs_generate_messages_lisp
[29.870s] [  0%] Built target jsk_footstep_msgs_generate_messages_py
[30.019s] [  0%] Built target geometry_msgs_generate_messages_py
[30.160s] [  0%] Built target vector_map_server_generate_messages_nodejs
[30.305s] [  0%] Built target tf2_msgs_generate_messages_eus
[30.447s] [  0%] Built target sensor_msgs_generate_messages_py
[30.589s] [  0%] Built target topic_tools_generate_messages_eus
[30.744s] [  0%] Built target jsk_footstep_msgs_generate_messages_lisp
[30.917s] [  0%] Built target geometry_msgs_generate_messages_eus
[31.086s] [  0%] Built target nodelet_generate_messages_lisp
[31.226s] [  0%] Built target std_msgs_generate_messages_nodejs
[31.367s] [  0%] Built target geometry_msgs_generate_messages_cpp
[31.512s] [  0%] Built target sensor_msgs_generate_messages_cpp
[31.659s] [  0%] Built target pcl_msgs_generate_messages_cpp
[31.847s] [  0%] Built target roscpp_generate_messages_py
[31.993s] [  0%] Built target jsk_recognition_msgs_generate_messages_nodejs
[32.136s] [  0%] Built target autoware_can_msgs_generate_messages_eus
[32.284s] [  0%] Built target actionlib_generate_messages_lisp
[32.436s] [  0%] Built target roscpp_generate_messages_lisp
[32.580s] [  0%] Built target dynamic_reconfigure_generate_messages_eus
[32.761s] [  0%] Built target geometry_msgs_generate_messages_nodejs
[32.920s] [  0%] Built target autoware_can_msgs_generate_messages_py
[33.060s] [  0%] Built target autoware_can_msgs_generate_messages_cpp
[33.209s] [  0%] Built target dynamic_reconfigure_generate_messages_py
[33.357s] [  0%] Built target actionlib_msgs_generate_messages_eus
[33.500s] [  0%] Built target vector_map_msgs_generate_messages_nodejs
[33.643s] [  0%] Built target autoware_can_msgs_generate_messages_lisp
[33.810s] [  0%] Built target autoware_can_msgs_generate_messages_nodejs
[33.956s] [  0%] Built target std_srvs_generate_messages_cpp
[34.107s] [  0%] Built target std_msgs_generate_messages_cpp
[34.254s] [  0%] Built target rosgraph_msgs_generate_messages_lisp
[34.395s] [  0%] Built target autoware_msgs_generate_messages_py
[34.539s] [  0%] Built target tf_generate_messages_eus
[34.683s] [  0%] Built target pcl_msgs_generate_messages_eus
[34.872s] [  0%] Built target vector_map_msgs_generate_messages_lisp
[35.017s] [  0%] Built target pcl_msgs_generate_messages_nodejs
[35.170s] [  0%] Built target pcl_msgs_generate_messages_lisp
[35.312s] [  0%] Built target pcl_msgs_generate_messages_py
[35.458s] [  0%] Built target jsk_footstep_msgs_generate_messages_eus
[35.604s] [  0%] Built target std_msgs_generate_messages_lisp
[35.787s] [  0%] Built target jsk_recognition_msgs_generate_messages_py
[35.967s] [  0%] Built target autoware_msgs_generate_messages_cpp
[36.113s] [  0%] Built target sensor_msgs_generate_messages_nodejs
[36.263s] [  0%] Built target jsk_footstep_msgs_generate_messages_nodejs
[36.409s] [  0%] Built target actionlib_msgs_generate_messages_cpp
[36.555s] [  0%] Built target actionlib_msgs_generate_messages_py
[36.700s] [  0%] Built target topic_tools_generate_messages_cpp
[36.901s] [  0%] Built target visualization_msgs_generate_messages_py
[37.052s] [  0%] Built target autoware_msgs_generate_messages_lisp
[37.205s] [  0%] Built target autoware_msgs_generate_messages_nodejs
[37.348s] [  0%] Built target tf_generate_messages_lisp
[37.491s] [  0%] Built target tf_generate_messages_nodejs
[37.642s] [  0%] Built target std_msgs_generate_messages_eus
[37.829s] [  0%] Built target actionlib_msgs_generate_messages_lisp
[37.983s] [  0%] Built target actionlib_msgs_generate_messages_nodejs
[38.127s] [  0%] Built target tf_generate_messages_py
[38.269s] [  0%] Built target roscpp_generate_messages_eus
[38.413s] [  0%] Built target jsk_footstep_msgs_generate_messages_cpp
[38.556s] [  0%] Built target nodelet_generate_messages_nodejs
[38.699s] [  0%] Built target nodelet_generate_messages_py
[38.887s] [  0%] Built target std_srvs_generate_messages_nodejs
[39.045s] [  0%] Built target bond_generate_messages_eus
[39.185s] [  0%] Built target bond_generate_messages_lisp
[39.328s] [  0%] Built target bond_generate_messages_nodejs
[39.472s] [  0%] Built target bond_generate_messages_py
[39.616s] [  0%] Built target std_srvs_generate_messages_eus
[39.807s] [  0%] Built target std_srvs_generate_messages_lisp
[39.990s] [  0%] Built target topic_tools_generate_messages_lisp
[40.195s] [100%] Built target dp_planner
[40.336s] [36mInstall the project...[0m
[40.392s] -- Install configuration: "Release"
[40.392s] -- Up-to-date: /home/capstone/autoware.ai/install/dp_planner/lib/pkgconfig/dp_planner.pc
[40.393s] -- Up-to-date: /home/capstone/autoware.ai/install/dp_planner/share/dp_planner/cmake/dp_plannerConfig.cmake
[40.393s] -- Up-to-date: /home/capstone/autoware.ai/install/dp_planner/share/dp_planner/cmake/dp_plannerConfig-version.cmake
[40.393s] -- Up-to-date: /home/capstone/autoware.ai/install/dp_planner/share/dp_planner/package.xml
[40.393s] -- Up-to-date: /home/capstone/autoware.ai/install/dp_planner/lib/dp_planner/dp_planner
[40.394s] -- Up-to-date: /home/capstone/autoware.ai/install/dp_planner/share/dp_planner/launch
[40.394s] -- Up-to-date: /home/capstone/autoware.ai/install/dp_planner/share/dp_planner/launch/dp_planner_exp.launch
[40.394s] -- Up-to-date: /home/capstone/autoware.ai/install/dp_planner/share/dp_planner/launch/dp_planner.launch
