[1.316s] -- CUDA compilation status: 1.
[1.317s] -- Using CATKIN_DEVEL_PREFIX: /home/capstone/autoware.ai/build/costmap_generator/devel
[1.318s] -- Using CMAKE_PREFIX_PATH: /home/capstone/autoware.ai/install/object_map;/home/capstone/autoware.ai/install/lanelet2_extension;/home/capstone/autoware.ai/install/lanelet2_validation;/home/capstone/autoware.ai/install/lanelet2_routing;/home/capstone/autoware.ai/install/lanelet2_projection;/home/capstone/autoware.ai/install/lanelet2_traffic_rules;/home/capstone/autoware.ai/install/lanelet2_maps;/home/capstone/autoware.ai/install/lanelet2_io;/home/capstone/autoware.ai/install/vector_map;/home/capstone/autoware.ai/install/lanelet2_core;/home/capstone/autoware.ai/install/amathutils_lib;/home/capstone/autoware.ai/install/vector_map_msgs;/home/capstone/autoware.ai/install/autoware_msgs;/home/capstone/autoware.ai/install/autoware_lanelet2_msgs;/home/capstone/autoware.ai/install/autoware_build_flags;/home/capstone/autoware.ai/install/ymc;/home/capstone/autoware.ai/install/xsens_driver;/home/capstone/autoware.ai/install/wf_simulator;/home/capstone/autoware.ai/install/lattice_planner;/home/capstone/autoware.ai/install/waypoint_planner;/home/capstone/autoware.ai/install/waypoint_maker;/home/capstone/autoware.ai/install/way_planner;/home/capstone/autoware.ai/install/vlg22c_cam;/home/capstone/autoware.ai/install/vision_ssd_detect;/home/capstone/autoware.ai/install/vision_segment_enet_detect;/home/capstone/autoware.ai/install/vision_lane_detect;/home/capstone/autoware.ai/install/vision_darknet_detect;/home/capstone/autoware.ai/install/vision_beyond_track;/home/capstone/autoware.ai/install/vel_pose_diff_checker;/home/capstone/autoware.ai/install/vehicle_socket;/home/capstone/autoware.ai/install/vehicle_sim_model;/home/capstone/autoware.ai/install/vehicle_model;/home/capstone/autoware.ai/install/vehicle_gazebo_simulation_launcher;/home/capstone/autoware.ai/install/vehicle_gazebo_simulation_interface;/home/capstone/autoware.ai/install/vehicle_engage_panel;/home/capstone/autoware.ai/install/vehicle_description;/home/capstone/autoware.ai/install/trafficlight_recognizer;/home/capstone/autoware.ai/install/op_utilities;/home/capstone/autoware.ai/install/op_simulation_package;/home/capstone/autoware.ai/install/op_local_planner;/home/capstone/autoware.ai/install/op_global_planner;/home/capstone/autoware.ai/install/lidar_kf_contour_track;/home/capstone/autoware.ai/install/op_ros_helpers;/home/capstone/autoware.ai/install/ff_waypoint_follower;/home/capstone/autoware.ai/install/dp_planner;/home/capstone/autoware.ai/install/op_simu;/home/capstone/autoware.ai/install/op_planner;/home/capstone/autoware.ai/install/op_utility;/home/capstone/autoware.ai/install/lidar_euclidean_cluster_detect;/home/capstone/autoware.ai/install/vector_map_server;/home/capstone/autoware.ai/install/road_occupancy_processor;/home/capstone/autoware.ai/install/costmap_generator;/home/capstone/autoware.ai/install/naive_motion_predict;/home/capstone/autoware.ai/install/lanelet_aisan_converter;/home/capstone/autoware.ai/install/map_file;/home/capstone/autoware.ai/install/libvectormap;/home/capstone/autoware.ai/install/lane_planner;/home/capstone/autoware.ai/install/imm_ukf_pda_track;/home/capstone/autoware.ai/install/decision_maker;/home/capstone/autoware.ai/install/vectacam;/home/capstone/autoware.ai/install/udon_socket;/home/capstone/autoware.ai/install/twist_generator;/home/capstone/autoware.ai/install/twist_gate;/home/capstone/autoware.ai/install/twist_filter;/home/capstone/autoware.ai/install/twist2odom;/home/capstone/autoware.ai/install/tablet_socket;/home/capstone/autoware.ai/install/runtime_manager;/home/capstone/autoware.ai/install/mqtt_socket;/home/capstone/autoware.ai/install/tablet_socket_msgs;/home/capstone/autoware.ai/install/state_machine_lib;/home/capstone/autoware.ai/install/sound_player;/home/capstone/autoware.ai/install/sick_lms5xx;/home/capstone/autoware.ai/install/sick_ldmrs_tools;/home/capstone/autoware.ai/install/sick_ldmrs_driver;/home/capstone/autoware.ai/install/sick_ldmrs_msgs;/home/capstone/autoware.ai/install/sick_ldmrs_description;/home/capstone/autoware.ai/install/points2image;/home/capstone/autoware.ai/install/rosinterface;/home/capstone/autoware.ai/install/rosbag_controller;/home/capstone/autoware.ai/install/pure_pursuit;/home/capstone/autoware.ai/install/points_preprocessor;/home/capstone/autoware.ai/install/mpc_follower;/home/capstone/autoware.ai/install/lidar_localizer;/home/capstone/autoware.ai/install/emergency_handler;/home/capstone/autoware.ai/install/autoware_health_checker;/home/capstone/autoware.ai/install/as;/home/capstone/autoware.ai/install/ros_observer;/home/capstone/autoware.ai/install/roi_object_filter;/home/capstone/autoware.ai/install/range_vision_fusion;/home/capstone/autoware.ai/install/pos_db;/home/capstone/autoware.ai/install/points_downsampler;/home/capstone/autoware.ai/install/pixel_cloud_fusion;/home/capstone/autoware.ai/install/pcl_omp_registration;/home/capstone/autoware.ai/install/pc2_downsampler;/home/capstone/autoware.ai/install/oculus_socket;/home/capstone/autoware.ai/install/obj_db;/home/capstone/autoware.ai/install/nmea_navsat;/home/capstone/autoware.ai/install/ndt_tku;/home/capstone/autoware.ai/install/ndt_gpu;/home/capstone/autoware.ai/install/ndt_cpu;/home/capstone/autoware.ai/install/multi_lidar_calibrator;/home/capstone/autoware.ai/install/mrt_cmake_modules;/home/capstone/autoware.ai/install/microstrain_driver;/home/capstone/autoware.ai/install/memsic_imu;/home/capstone/autoware.ai/install/marker_downsampler;/home/capstone/autoware.ai/install/map_tools;/home/capstone/autoware.ai/install/map_tf_generator;/home/capstone/autoware.ai/install/log_tools;/home/capstone/autoware.ai/install/lidar_shape_estimation;/home/capstone/autoware.ai/install/lidar_point_pillars;/home/capstone/autoware.ai/install/lidar_naive_l_shape_detect;/home/capstone/autoware.ai/install/lidar_fake_perception;/home/capstone/autoware.ai/install/lidar_apollo_cnn_seg_detect;/home/capstone/autoware.ai/install/libwaypoint_follower;/home/capstone/autoware.ai/install/lgsvl_simulator_bridge;/home/capstone/autoware.ai/install/lanelet2_examples;/home/capstone/autoware.ai/install/lanelet2_python;/home/capstone/autoware.ai/install/kvaser;/home/capstone/autoware.ai/install/kitti_launch;/home/capstone/autoware.ai/install/kitti_player;/home/capstone/autoware.ai/install/kitti_box_publisher;/home/capstone/autoware.ai/install/javad_navsat_driver;/home/capstone/autoware.ai/install/integrated_viewer;/home/capstone/autoware.ai/install/image_processor;/home/capstone/autoware.ai/install/hokuyo;/home/capstone/autoware.ai/install/graph_tools;/home/capstone/autoware.ai/install/gnss_localizer;/home/capstone/autoware.ai/install/gnss;/home/capstone/autoware.ai/install/glviewer;/home/capstone/autoware.ai/install/gazebo_world_description;/home/capstone/autoware.ai/install/gazebo_imu_description;/home/capstone/autoware.ai/install/gazebo_camera_description;/home/capstone/autoware.ai/install/garmin;/home/capstone/autoware.ai/install/freespace_planner;/home/capstone/autoware.ai/install/fastvirtualscan;/home/capstone/autoware.ai/install/ekf_localizer;/home/capstone/autoware.ai/install/ds4_msgs;/home/capstone/autoware.ai/install/ds4_driver;/home/capstone/autoware.ai/install/detected_objects_visualizer;/home/capstone/autoware.ai/install/decision_maker_panel;/home/capstone/autoware.ai/install/data_preprocessor;/home/capstone/autoware.ai/install/custom_msgs;/home/capstone/autoware.ai/install/carla_autoware_bridge;/home/capstone/autoware.ai/install/calibration_publisher;/home/capstone/autoware.ai/install/autoware_system_msgs;/home/capstone/autoware.ai/install/autoware_rviz_plugins;/home/capstone/autoware.ai/install/autoware_quickstart_examples;/home/capstone/autoware.ai/install/autoware_pointgrey_drivers;/home/capstone/autoware.ai/install/autoware_driveworks_interface;/home/capstone/autoware.ai/install/autoware_connector;/home/capstone/autoware.ai/install/autoware_camera_lidar_calibrator;/home/capstone/autoware.ai/install/astar_search;/home/capstone/autoware.ai/install/autoware_map_msgs;/home/capstone/autoware.ai/install/autoware_launcher_rviz;/home/capstone/autoware.ai/install/autoware_launcher;/home/capstone/autoware.ai/install/autoware_external_msgs;/home/capstone/autoware.ai/install/autoware_driveworks_gmsl_interface;/home/capstone/autoware.ai/install/autoware_config_msgs;/home/capstone/autoware.ai/install/autoware_can_msgs;/home/capstone/autoware.ai/install/autoware_bag_tools;/home/capstone/autoware.ai/install/adi_driver;/opt/carla-ros-bridge/melodic;/opt/ros/melodic
[1.336s] -- This workspace overlays: /home/capstone/autoware.ai/install/object_map;/home/capstone/autoware.ai/install/lanelet2_extension;/home/capstone/autoware.ai/install/lanelet2_validation;/home/capstone/autoware.ai/install/lanelet2_routing;/home/capstone/autoware.ai/install/lanelet2_projection;/home/capstone/autoware.ai/install/lanelet2_traffic_rules;/home/capstone/autoware.ai/install/lanelet2_maps;/home/capstone/autoware.ai/install/lanelet2_io;/home/capstone/autoware.ai/install/vector_map;/home/capstone/autoware.ai/install/lanelet2_core;/home/capstone/autoware.ai/install/amathutils_lib;/home/capstone/autoware.ai/install/vector_map_msgs;/home/capstone/autoware.ai/install/autoware_msgs;/home/capstone/autoware.ai/install/autoware_lanelet2_msgs;/home/capstone/autoware.ai/install/autoware_build_flags;/home/capstone/autoware.ai/install/ymc;/home/capstone/autoware.ai/install/xsens_driver;/home/capstone/autoware.ai/install/wf_simulator;/home/capstone/autoware.ai/install/lattice_planner;/home/capstone/autoware.ai/install/waypoint_planner;/home/capstone/autoware.ai/install/waypoint_maker;/home/capstone/autoware.ai/install/way_planner;/home/capstone/autoware.ai/install/vlg22c_cam;/home/capstone/autoware.ai/install/vision_ssd_detect;/home/capstone/autoware.ai/install/vision_segment_enet_detect;/home/capstone/autoware.ai/install/vision_lane_detect;/home/capstone/autoware.ai/install/vision_darknet_detect;/home/capstone/autoware.ai/install/vision_beyond_track;/home/capstone/autoware.ai/install/vel_pose_diff_checker;/home/capstone/autoware.ai/install/vehicle_socket;/home/capstone/autoware.ai/install/vehicle_sim_model;/home/capstone/autoware.ai/install/vehicle_model;/home/capstone/autoware.ai/install/vehicle_gazebo_simulation_launcher;/home/capstone/autoware.ai/install/vehicle_gazebo_simulation_interface;/home/capstone/autoware.ai/install/vehicle_engage_panel;/home/capstone/autoware.ai/install/vehicle_description;/home/capstone/autoware.ai/install/trafficlight_recognizer;/home/capstone/autoware.ai/install/op_utilities;/home/capstone/autoware.ai/install/op_simulation_package;/home/capstone/autoware.ai/install/op_local_planner;/home/capstone/autoware.ai/install/op_global_planner;/home/capstone/autoware.ai/install/lidar_kf_contour_track;/home/capstone/autoware.ai/install/op_ros_helpers;/home/capstone/autoware.ai/install/ff_waypoint_follower;/home/capstone/autoware.ai/install/dp_planner;/home/capstone/autoware.ai/install/op_simu;/home/capstone/autoware.ai/install/op_planner;/home/capstone/autoware.ai/install/op_utility;/home/capstone/autoware.ai/install/lidar_euclidean_cluster_detect;/home/capstone/autoware.ai/install/vector_map_server;/home/capstone/autoware.ai/install/road_occupancy_processor;/home/capstone/autoware.ai/install/costmap_generator;/home/capstone/autoware.ai/install/naive_motion_predict;/home/capstone/autoware.ai/install/lanelet_aisan_converter;/home/capstone/autoware.ai/install/map_file;/home/capstone/autoware.ai/install/libvectormap;/home/capstone/autoware.ai/install/lane_planner;/home/capstone/autoware.ai/install/imm_ukf_pda_track;/home/capstone/autoware.ai/install/decision_maker;/home/capstone/autoware.ai/install/vectacam;/home/capstone/autoware.ai/install/udon_socket;/home/capstone/autoware.ai/install/twist_generator;/home/capstone/autoware.ai/install/twist_gate;/home/capstone/autoware.ai/install/twist_filter;/home/capstone/autoware.ai/install/twist2odom;/home/capstone/autoware.ai/install/tablet_socket;/home/capstone/autoware.ai/install/runtime_manager;/home/capstone/autoware.ai/install/mqtt_socket;/home/capstone/autoware.ai/install/tablet_socket_msgs;/home/capstone/autoware.ai/install/state_machine_lib;/home/capstone/autoware.ai/install/sound_player;/home/capstone/autoware.ai/install/sick_lms5xx;/home/capstone/autoware.ai/install/sick_ldmrs_tools;/home/capstone/autoware.ai/install/sick_ldmrs_driver;/home/capstone/autoware.ai/install/sick_ldmrs_msgs;/home/capstone/autoware.ai/install/sick_ldmrs_description;/home/capstone/autoware.ai/install/points2image;/home/capstone/autoware.ai/install/rosinterface;/home/capstone/autoware.ai/install/rosbag_controller;/home/capstone/autoware.ai/install/pure_pursuit;/home/capstone/autoware.ai/install/points_preprocessor;/home/capstone/autoware.ai/install/mpc_follower;/home/capstone/autoware.ai/install/lidar_localizer;/home/capstone/autoware.ai/install/emergency_handler;/home/capstone/autoware.ai/install/autoware_health_checker;/home/capstone/autoware.ai/install/as;/home/capstone/autoware.ai/install/ros_observer;/home/capstone/autoware.ai/install/roi_object_filter;/home/capstone/autoware.ai/install/range_vision_fusion;/home/capstone/autoware.ai/install/pos_db;/home/capstone/autoware.ai/install/points_downsampler;/home/capstone/autoware.ai/install/pixel_cloud_fusion;/home/capstone/autoware.ai/install/pcl_omp_registration;/home/capstone/autoware.ai/install/pc2_downsampler;/home/capstone/autoware.ai/install/oculus_socket;/home/capstone/autoware.ai/install/obj_db;/home/capstone/autoware.ai/install/nmea_navsat;/home/capstone/autoware.ai/install/ndt_tku;/home/capstone/autoware.ai/install/ndt_gpu;/home/capstone/autoware.ai/install/ndt_cpu;/home/capstone/autoware.ai/install/multi_lidar_calibrator;/home/capstone/autoware.ai/install/mrt_cmake_modules;/home/capstone/autoware.ai/install/microstrain_driver;/home/capstone/autoware.ai/install/memsic_imu;/home/capstone/autoware.ai/install/marker_downsampler;/home/capstone/autoware.ai/install/map_tools;/home/capstone/autoware.ai/install/map_tf_generator;/home/capstone/autoware.ai/install/log_tools;/home/capstone/autoware.ai/install/lidar_shape_estimation;/home/capstone/autoware.ai/install/lidar_point_pillars;/home/capstone/autoware.ai/install/lidar_naive_l_shape_detect;/home/capstone/autoware.ai/install/lidar_fake_perception;/home/capstone/autoware.ai/install/lidar_apollo_cnn_seg_detect;/home/capstone/autoware.ai/install/libwaypoint_follower;/home/capstone/autoware.ai/install/lgsvl_simulator_bridge;/home/capstone/autoware.ai/install/lanelet2_examples;/home/capstone/autoware.ai/install/lanelet2_python;/home/capstone/autoware.ai/install/kvaser;/home/capstone/autoware.ai/install/kitti_launch;/home/capstone/autoware.ai/install/kitti_player;/home/capstone/autoware.ai/install/kitti_box_publisher;/home/capstone/autoware.ai/install/javad_navsat_driver;/home/capstone/autoware.ai/install/integrated_viewer;/home/capstone/autoware.ai/install/image_processor;/home/capstone/autoware.ai/install/hokuyo;/home/capstone/autoware.ai/install/graph_tools;/home/capstone/autoware.ai/install/gnss_localizer;/home/capstone/autoware.ai/install/gnss;/home/capstone/autoware.ai/install/glviewer;/home/capstone/autoware.ai/install/gazebo_world_description;/home/capstone/autoware.ai/install/gazebo_imu_description;/home/capstone/autoware.ai/install/gazebo_camera_description;/home/capstone/autoware.ai/install/garmin;/home/capstone/autoware.ai/install/freespace_planner;/home/capstone/autoware.ai/install/fastvirtualscan;/home/capstone/autoware.ai/install/ekf_localizer;/home/capstone/autoware.ai/install/ds4_msgs;/home/capstone/autoware.ai/install/ds4_driver;/home/capstone/autoware.ai/install/detected_objects_visualizer;/home/capstone/autoware.ai/install/decision_maker_panel;/home/capstone/autoware.ai/install/data_preprocessor;/home/capstone/autoware.ai/install/custom_msgs;/home/capstone/autoware.ai/install/carla_autoware_bridge;/home/capstone/autoware.ai/install/calibration_publisher;/home/capstone/autoware.ai/install/autoware_system_msgs;/home/capstone/autoware.ai/install/autoware_rviz_plugins;/home/capstone/autoware.ai/install/autoware_quickstart_examples;/home/capstone/autoware.ai/install/autoware_pointgrey_drivers;/home/capstone/autoware.ai/install/autoware_driveworks_interface;/home/capstone/autoware.ai/install/autoware_connector;/home/capstone/autoware.ai/install/autoware_camera_lidar_calibrator;/home/capstone/autoware.ai/install/astar_search;/home/capstone/autoware.ai/install/autoware_map_msgs;/home/capstone/autoware.ai/install/autoware_launcher_rviz;/home/capstone/autoware.ai/install/autoware_launcher;/home/capstone/autoware.ai/install/autoware_external_msgs;/home/capstone/autoware.ai/install/autoware_driveworks_gmsl_interface;/home/capstone/autoware.ai/install/autoware_config_msgs;/home/capstone/autoware.ai/install/autoware_can_msgs;/home/capstone/autoware.ai/install/autoware_bag_tools;/home/capstone/autoware.ai/install/adi_driver;/opt/carla-ros-bridge/melodic;/opt/ros/melodic
[1.415s] -- Found PythonInterp: /usr/bin/python2 (found suitable version "2.7.17", minimum required is "2") 
[1.415s] -- Using PYTHON_EXECUTABLE: /usr/bin/python2
[1.416s] -- Using Debian Python package layout
[1.416s] -- Using empy: /usr/bin/empy
[1.767s] -- Using CATKIN_ENABLE_TESTING: ON
[1.768s] -- Call enable_testing()
[1.769s] -- Using CATKIN_TEST_RESULTS_DIR: /home/capstone/autoware.ai/build/costmap_generator/test_results
[1.945s] -- Found gtest sources under '/usr/src/googletest': gtests will be built
[1.945s] -- Found gmock sources under '/usr/src/googletest': gmock will be built
[2.022s] -- Found PythonInterp: /usr/bin/python2 (found version "2.7.17") 
[2.034s] -- Using Python nosetests: /usr/bin/nosetests-2.7
[2.210s] -- catkin 0.7.23
[2.210s] -- BUILD_SHARED_LIBS is on
[3.115s] -- Using these message generators: gencpp;geneus;genlisp;gennodejs;genpy
[7.640s] -- Configuring done
[8.773s] -- Generating done
[8.849s] -- Build files have been written to: /home/capstone/autoware.ai/build/costmap_generator
[9.139s] [  0%] Built target actionlib_generate_messages_py
[9.294s] [  0%] Built target rosgraph_msgs_generate_messages_nodejs
[9.439s] [  0%] Built target actionlib_msgs_generate_messages_nodejs
[9.589s] [  0%] Built target actionlib_msgs_generate_messages_lisp
[9.760s] [  0%] Built target tf_generate_messages_py
[9.926s] [  0%] Built target actionlib_msgs_generate_messages_cpp
[10.072s] [  0%] Built target grid_map_msgs_generate_messages_eus
[10.217s] [  0%] Built target grid_map_msgs_generate_messages_cpp
[10.367s] [  0%] Built target pcl_msgs_generate_messages_py
[10.514s] [  0%] Built target pcl_msgs_generate_messages_lisp
[10.668s] [  0%] Built target pcl_msgs_generate_messages_nodejs
[10.857s] [  0%] Built target vector_map_msgs_generate_messages_lisp
[11.007s] [  0%] Built target pcl_msgs_generate_messages_eus
[11.149s] [  0%] Built target geometry_msgs_generate_messages_cpp
[11.326s] [  0%] Built target geometry_msgs_generate_messages_nodejs
[11.476s] [  0%] Built target dynamic_reconfigure_generate_messages_eus
[11.626s] [  0%] Built target _catkin_empty_exported_target
[11.809s] [  0%] Built target actionlib_generate_messages_lisp
[11.992s] [  0%] Built target jsk_footstep_msgs_generate_messages_eus
[12.145s] [  0%] Built target autoware_msgs_generate_messages_cpp
[12.302s] [  0%] Built target jsk_recognition_msgs_generate_messages_nodejs
[12.453s] [  0%] Built target std_msgs_generate_messages_lisp
[12.603s] [  0%] Built target sensor_msgs_generate_messages_cpp
[12.778s] [  0%] Built target nav_msgs_generate_messages_nodejs
[12.947s] [  0%] Built target roscpp_generate_messages_cpp
[13.100s] [  0%] Built target sensor_msgs_generate_messages_eus
[13.249s] [  0%] Built target nodelet_topic_tools_gencfg
[13.394s] [  0%] Built target autoware_lanelet2_msgs_generate_messages_nodejs
[13.546s] [  0%] Built target rosgraph_msgs_generate_messages_lisp
[13.708s] [  0%] Built target autoware_msgs_generate_messages_py
[13.910s] [  0%] Built target visualization_msgs_generate_messages_cpp
[14.061s] [  0%] Built target tf_generate_messages_eus
[14.208s] [  0%] Built target actionlib_msgs_generate_messages_eus
[14.351s] [  0%] Built target dynamic_reconfigure_generate_messages_py
[14.494s] [  0%] Built target std_srvs_generate_messages_cpp
[14.638s] [  0%] Built target autoware_msgs_generate_messages_nodejs
[14.881s] [  0%] Built target jsk_footstep_msgs_generate_messages_lisp
[15.032s] [  0%] Built target topic_tools_generate_messages_eus
[15.177s] [  0%] Built target sensor_msgs_generate_messages_py
[15.323s] [  0%] Built target tf2_msgs_generate_messages_eus
[15.464s] [  0%] Built target geometry_msgs_generate_messages_py
[15.607s] [  0%] Built target jsk_footstep_msgs_generate_messages_py
[15.815s] [  0%] Built target geometry_msgs_generate_messages_eus
[15.988s] [  0%] Built target std_msgs_generate_messages_nodejs
[16.133s] [  0%] Built target nodelet_generate_messages_lisp
[16.286s] [  0%] Built target autoware_lanelet2_msgs_generate_messages_eus
[16.432s] [  0%] Built target autoware_msgs_generate_messages_eus
[16.578s] [  0%] Built target geometry_msgs_generate_messages_lisp
[16.745s] [  0%] Built target jsk_recognition_msgs_generate_messages_cpp
[16.969s] [  0%] Built target jsk_recognition_msgs_generate_messages_eus
[17.136s] [  0%] Built target grid_map_msgs_generate_messages_nodejs
[17.287s] [  0%] Built target jsk_footstep_msgs_generate_messages_cpp
[17.441s] [  0%] Built target actionlib_msgs_generate_messages_py
[17.589s] [  0%] Built target jsk_recognition_msgs_generate_messages_lisp
[17.776s] [  0%] Built target grid_map_msgs_generate_messages_py
[17.967s] [  0%] Built target nav_msgs_generate_messages_cpp
[18.132s] [  0%] Built target visualization_msgs_generate_messages_eus
[18.282s] [  0%] Built target nav_msgs_generate_messages_eus
[18.439s] [  0%] Built target std_msgs_generate_messages_cpp
[18.590s] [  0%] Built target vector_map_msgs_generate_messages_eus
[18.800s] [  0%] Built target nav_msgs_generate_messages_py
[18.993s] [  0%] Built target tf_generate_messages_lisp
[19.145s] [  0%] Built target std_srvs_generate_messages_eus
[19.290s] [  0%] Built target std_msgs_generate_messages_eus
[19.429s] [  0%] Built target roscpp_generate_messages_lisp
[19.575s] [  0%] Built target std_srvs_generate_messages_lisp
[19.761s] [  0%] Built target std_srvs_generate_messages_nodejs
[19.955s] [  0%] Built target nodelet_generate_messages_py
[20.097s] [  0%] Built target autoware_lanelet2_msgs_generate_messages_lisp
[20.239s] [  0%] Built target topic_tools_generate_messages_lisp
[20.384s] [  0%] Built target topic_tools_generate_messages_nodejs
[20.527s] [  0%] Built target tf_generate_messages_cpp
[20.668s] [  0%] Built target topic_tools_generate_messages_py
[20.857s] [  0%] Built target tf_generate_messages_nodejs
[21.009s] [  0%] Built target actionlib_generate_messages_cpp
[21.150s] [  0%] Built target std_srvs_generate_messages_py
[21.304s] [  0%] Built target actionlib_generate_messages_nodejs
[21.448s] [  0%] Built target nav_msgs_generate_messages_lisp
[21.593s] [  0%] Built target tf2_msgs_generate_messages_cpp
[21.744s] [  0%] Built target dynamic_reconfigure_generate_messages_lisp
[21.969s] [  0%] Built target tf2_msgs_generate_messages_lisp
[22.114s] [  0%] Built target nodelet_generate_messages_cpp
[22.275s] [  0%] Built target sensor_msgs_generate_messages_lisp
[22.415s] [  0%] Built target tf2_msgs_generate_messages_nodejs
[22.559s] [  0%] Built target tf2_msgs_generate_messages_py
[22.748s] [  0%] Built target dynamic_reconfigure_generate_messages_nodejs
[22.945s] [  0%] Built target bond_generate_messages_cpp
[23.095s] [  0%] Built target visualization_msgs_generate_messages_lisp
[23.239s] [  0%] Built target rosgraph_msgs_generate_messages_py
[23.386s] [  0%] Built target visualization_msgs_generate_messages_nodejs
[23.527s] [  0%] Built target pcl_ros_gencfg
[23.682s] [  0%] Built target dynamic_reconfigure_generate_messages_cpp
[23.881s] [  0%] Built target jsk_recognition_msgs_generate_messages_py
[24.031s] [  0%] Built target pcl_msgs_generate_messages_cpp
[24.178s] [  0%] Built target dynamic_reconfigure_gencfg
[24.325s] [  0%] Built target autoware_lanelet2_msgs_generate_messages_cpp
[24.471s] [  0%] Built target nodelet_generate_messages_eus
[24.621s] [  0%] Built target nodelet_generate_messages_nodejs
[24.822s] [  0%] Built target jsk_footstep_msgs_generate_messages_nodejs
[24.998s] [  0%] Built target bond_generate_messages_eus
[25.139s] [  0%] Built target bond_generate_messages_lisp
[25.283s] [  0%] Built target bond_generate_messages_nodejs
[25.428s] [  0%] Built target bond_generate_messages_py
[25.571s] [  0%] Built target vector_map_msgs_generate_messages_cpp
[25.768s] [  0%] Built target roscpp_generate_messages_py
[25.972s] [  0%] Built target sensor_msgs_generate_messages_nodejs
[26.115s] [  0%] Built target vector_map_msgs_generate_messages_nodejs
[26.266s] [  0%] Built target vector_map_msgs_generate_messages_py
[26.411s] [  0%] Built target autoware_lanelet2_msgs_generate_messages_py
[26.558s] [  0%] Built target roscpp_generate_messages_eus
[26.732s] [  0%] Built target roscpp_generate_messages_nodejs
[26.961s] [  0%] Built target actionlib_generate_messages_eus
[27.104s] [  0%] Built target rosgraph_msgs_generate_messages_cpp
[27.247s] [  0%] Built target rosgraph_msgs_generate_messages_eus
[27.393s] [  0%] Built target visualization_msgs_generate_messages_py
[27.541s] [  0%] Built target topic_tools_generate_messages_cpp
[27.713s] [  0%] Built target autoware_msgs_generate_messages_lisp
[27.906s] [  0%] Built target std_msgs_generate_messages_py
[28.064s] [  0%] Built target grid_map_msgs_generate_messages_lisp
[28.279s] [ 33%] Built target costmap_generator
[28.488s] [ 66%] Built target costmap_generator_lib
[28.720s] [100%] Built target costmap_generator_lanelet2
[30.646s] [ 22%] Built target gtest
[30.854s] [ 22%] Built target roscpp_generate_messages_eus
[31.001s] [ 22%] Built target rosgraph_msgs_generate_messages_nodejs
[31.143s] [ 22%] Built target actionlib_msgs_generate_messages_nodejs
[31.285s] [ 22%] Built target actionlib_msgs_generate_messages_lisp
[31.429s] [ 22%] Built target tf_generate_messages_py
[31.570s] [ 22%] Built target actionlib_msgs_generate_messages_cpp
[31.729s] [ 22%] Built target grid_map_msgs_generate_messages_eus
[31.919s] [ 22%] Built target grid_map_msgs_generate_messages_cpp
[32.064s] [ 22%] Built target pcl_msgs_generate_messages_py
[32.202s] [ 22%] Built target pcl_msgs_generate_messages_lisp
[32.347s] [ 22%] Built target pcl_msgs_generate_messages_nodejs
[32.493s] [ 22%] Built target vector_map_msgs_generate_messages_lisp
[32.634s] [ 22%] Built target pcl_msgs_generate_messages_eus
[32.833s] [ 22%] Built target geometry_msgs_generate_messages_cpp
[32.985s] [ 22%] Built target geometry_msgs_generate_messages_nodejs
[33.126s] [ 22%] Built target dynamic_reconfigure_generate_messages_eus
[33.272s] [ 22%] Built target _catkin_empty_exported_target
[33.417s] [ 22%] Built target actionlib_generate_messages_lisp
[33.559s] [ 22%] Built target jsk_footstep_msgs_generate_messages_eus
[33.731s] [ 22%] Built target autoware_msgs_generate_messages_cpp
[33.907s] [ 22%] Built target jsk_recognition_msgs_generate_messages_nodejs
[34.054s] [ 22%] Built target std_msgs_generate_messages_lisp
[34.196s] [ 22%] Built target sensor_msgs_generate_messages_cpp
[34.339s] [ 22%] Built target nav_msgs_generate_messages_nodejs
[34.480s] [ 22%] Built target roscpp_generate_messages_cpp
[34.621s] [ 22%] Built target sensor_msgs_generate_messages_eus
[34.788s] [ 22%] Built target nodelet_topic_tools_gencfg
[34.955s] [ 22%] Built target autoware_lanelet2_msgs_generate_messages_nodejs
[35.096s] [ 22%] Built target rosgraph_msgs_generate_messages_lisp
[35.239s] [ 22%] Built target autoware_msgs_generate_messages_py
[35.377s] [ 22%] Built target visualization_msgs_generate_messages_cpp
[35.522s] [ 22%] Built target tf_generate_messages_eus
[35.673s] [ 22%] Built target actionlib_msgs_generate_messages_eus
[35.886s] [ 22%] Built target dynamic_reconfigure_generate_messages_py
[36.041s] [ 22%] Built target std_srvs_generate_messages_cpp
[36.188s] [ 22%] Built target autoware_msgs_generate_messages_nodejs
[36.330s] [ 22%] Built target jsk_footstep_msgs_generate_messages_lisp
[36.472s] [ 22%] Built target topic_tools_generate_messages_eus
[36.617s] [ 22%] Built target sensor_msgs_generate_messages_py
[36.819s] [ 22%] Built target tf2_msgs_generate_messages_eus
[36.955s] [ 22%] Built target geometry_msgs_generate_messages_py
[37.096s] [ 22%] Built target jsk_footstep_msgs_generate_messages_py
[37.237s] [ 22%] Built target geometry_msgs_generate_messages_eus
[37.379s] [ 22%] Built target std_msgs_generate_messages_nodejs
[37.528s] [ 22%] Built target nodelet_generate_messages_lisp
[37.685s] [ 22%] Built target autoware_lanelet2_msgs_generate_messages_eus
[37.860s] [ 22%] Built target autoware_msgs_generate_messages_eus
[38.011s] [ 22%] Built target geometry_msgs_generate_messages_lisp
[38.159s] [ 22%] Built target jsk_recognition_msgs_generate_messages_cpp
[38.312s] [ 22%] Built target jsk_recognition_msgs_generate_messages_eus
[38.452s] [ 22%] Built target grid_map_msgs_generate_messages_nodejs
[38.597s] [ 22%] Built target jsk_footstep_msgs_generate_messages_cpp
[38.762s] [ 22%] Built target actionlib_msgs_generate_messages_py
[38.938s] [ 22%] Built target jsk_recognition_msgs_generate_messages_lisp
[39.088s] [ 22%] Built target grid_map_msgs_generate_messages_py
[39.226s] [ 22%] Built target nav_msgs_generate_messages_cpp
[39.519s] [ 22%] Built target visualization_msgs_generate_messages_eus
[39.520s] [ 22%] Built target nav_msgs_generate_messages_eus
[39.609s] [ 22%] Built target std_msgs_generate_messages_cpp
[39.780s] [ 22%] Built target vector_map_msgs_generate_messages_eus
[39.956s] [ 22%] Built target nav_msgs_generate_messages_py
[40.097s] [ 22%] Built target tf_generate_messages_lisp
[40.223s] [ 22%] Built target std_srvs_generate_messages_eus
[40.361s] [ 22%] Built target std_msgs_generate_messages_eus
[40.491s] [ 22%] Built target roscpp_generate_messages_lisp
[40.615s] [ 22%] Built target std_srvs_generate_messages_lisp
[40.872s] [ 22%] Built target std_srvs_generate_messages_nodejs
[40.979s] [ 22%] Built target nodelet_generate_messages_py
[41.124s] [ 22%] Built target autoware_lanelet2_msgs_generate_messages_lisp
[41.250s] [ 22%] Built target topic_tools_generate_messages_lisp
[41.387s] [ 22%] Built target topic_tools_generate_messages_nodejs
[41.524s] [ 22%] Built target tf_generate_messages_cpp
[41.696s] [ 22%] Built target topic_tools_generate_messages_py
[41.861s] [ 22%] Built target tf_generate_messages_nodejs
[42.007s] [ 22%] Built target actionlib_generate_messages_cpp
[42.160s] [ 22%] Built target std_srvs_generate_messages_py
[42.305s] [ 22%] Built target actionlib_generate_messages_nodejs
[42.449s] [ 22%] Built target nav_msgs_generate_messages_lisp
[42.593s] [ 22%] Built target tf2_msgs_generate_messages_cpp
[42.759s] [ 22%] Built target dynamic_reconfigure_generate_messages_lisp
[42.971s] [ 22%] Built target tf2_msgs_generate_messages_lisp
[43.139s] [ 22%] Built target nodelet_generate_messages_cpp
[43.317s] [ 22%] Built target sensor_msgs_generate_messages_lisp
[43.463s] [ 22%] Built target tf2_msgs_generate_messages_nodejs
[43.611s] [ 22%] Built target tf2_msgs_generate_messages_py
[43.770s] [ 22%] Built target dynamic_reconfigure_generate_messages_nodejs
[43.926s] [ 22%] Built target bond_generate_messages_cpp
[44.069s] [ 22%] Built target visualization_msgs_generate_messages_lisp
[44.217s] [ 22%] Built target rosgraph_msgs_generate_messages_py
[44.364s] [ 22%] Built target visualization_msgs_generate_messages_nodejs
[44.508s] [ 22%] Built target pcl_ros_gencfg
[44.658s] [ 22%] Built target dynamic_reconfigure_generate_messages_cpp
[44.868s] [ 22%] Built target jsk_recognition_msgs_generate_messages_py
[45.011s] [ 22%] Built target pcl_msgs_generate_messages_cpp
[45.141s] [ 22%] Built target dynamic_reconfigure_gencfg
[45.282s] [ 22%] Built target autoware_lanelet2_msgs_generate_messages_cpp
[45.415s] [ 22%] Built target nodelet_generate_messages_eus
[45.557s] [ 22%] Built target nodelet_generate_messages_nodejs
[45.702s] [ 22%] Built target jsk_footstep_msgs_generate_messages_nodejs
[45.890s] [ 22%] Built target bond_generate_messages_eus
[46.030s] [ 22%] Built target bond_generate_messages_lisp
[46.183s] [ 22%] Built target bond_generate_messages_nodejs
[46.335s] [ 22%] Built target bond_generate_messages_py
[46.483s] [ 22%] Built target vector_map_msgs_generate_messages_cpp
[46.616s] [ 22%] Built target roscpp_generate_messages_py
[46.768s] [ 22%] Built target sensor_msgs_generate_messages_nodejs
[46.955s] [ 22%] Built target vector_map_msgs_generate_messages_nodejs
[47.123s] [ 22%] Built target vector_map_msgs_generate_messages_py
[47.287s] [ 22%] Built target autoware_lanelet2_msgs_generate_messages_py
[47.436s] [ 22%] Built target roscpp_generate_messages_nodejs
[47.580s] [ 22%] Built target actionlib_generate_messages_eus
[47.749s] [ 22%] Built target rosgraph_msgs_generate_messages_cpp
[47.921s] [ 22%] Built target rosgraph_msgs_generate_messages_eus
[48.063s] [ 22%] Built target visualization_msgs_generate_messages_py
[48.203s] [ 22%] Built target topic_tools_generate_messages_cpp
[48.342s] [ 22%] Built target autoware_msgs_generate_messages_lisp
[48.481s] [ 22%] Built target std_msgs_generate_messages_py
[48.617s] [ 22%] Built target grid_map_msgs_generate_messages_lisp
[48.785s] [ 22%] Built target actionlib_generate_messages_py
[48.997s] [ 77%] Built target costmap_generator_lib
[49.167s] [100%] Built target test-costmap_generator
[49.312s] [100%] Built target tests
[51.280s] [  0%] Built target actionlib_generate_messages_py
[51.422s] [  0%] Built target rosgraph_msgs_generate_messages_nodejs
[51.570s] [  0%] Built target actionlib_msgs_generate_messages_nodejs
[51.715s] [  0%] Built target actionlib_msgs_generate_messages_lisp
[51.909s] [  0%] Built target tf_generate_messages_py
[52.026s] [  0%] Built target actionlib_msgs_generate_messages_cpp
[52.149s] [  0%] Built target grid_map_msgs_generate_messages_eus
[52.284s] [  0%] Built target grid_map_msgs_generate_messages_cpp
[52.410s] [  0%] Built target pcl_msgs_generate_messages_py
[52.537s] [  0%] Built target pcl_msgs_generate_messages_lisp
[52.642s] [  0%] Built target pcl_msgs_generate_messages_nodejs
[52.784s] [  0%] Built target vector_map_msgs_generate_messages_lisp
[52.916s] [  0%] Built target pcl_msgs_generate_messages_eus
[53.042s] [  0%] Built target geometry_msgs_generate_messages_cpp
[53.170s] [  0%] Built target geometry_msgs_generate_messages_nodejs
[53.305s] [  0%] Built target dynamic_reconfigure_generate_messages_eus
[53.445s] [  0%] Built target _catkin_empty_exported_target
[53.576s] [  0%] Built target actionlib_generate_messages_lisp
[53.726s] [  0%] Built target jsk_footstep_msgs_generate_messages_eus
[53.884s] [  0%] Built target autoware_msgs_generate_messages_cpp
[54.022s] [  0%] Built target jsk_recognition_msgs_generate_messages_nodejs
[54.142s] [  0%] Built target std_msgs_generate_messages_lisp
[54.265s] [  0%] Built target sensor_msgs_generate_messages_cpp
[54.382s] [  0%] Built target nav_msgs_generate_messages_nodejs
[54.494s] [  0%] Built target roscpp_generate_messages_cpp
[54.610s] [  0%] Built target sensor_msgs_generate_messages_eus
[54.762s] [  0%] Built target nodelet_topic_tools_gencfg
[54.890s] [  0%] Built target autoware_lanelet2_msgs_generate_messages_nodejs
[54.996s] [  0%] Built target rosgraph_msgs_generate_messages_lisp
[55.147s] [  0%] Built target autoware_msgs_generate_messages_py
[55.348s] [  0%] Built target visualization_msgs_generate_messages_cpp
[55.464s] [  0%] Built target tf_generate_messages_eus
[55.589s] [  0%] Built target actionlib_msgs_generate_messages_eus
[55.719s] [  0%] Built target dynamic_reconfigure_generate_messages_py
[55.858s] [  0%] Built target std_srvs_generate_messages_cpp
[55.967s] [  0%] Built target autoware_msgs_generate_messages_nodejs
[56.092s] [  0%] Built target jsk_footstep_msgs_generate_messages_lisp
[56.202s] [  0%] Built target topic_tools_generate_messages_eus
[56.323s] [  0%] Built target sensor_msgs_generate_messages_py
[56.440s] [  0%] Built target tf2_msgs_generate_messages_eus
[56.561s] [  0%] Built target geometry_msgs_generate_messages_py
[56.682s] [  0%] Built target jsk_footstep_msgs_generate_messages_py
[56.858s] [  0%] Built target geometry_msgs_generate_messages_eus
[57.016s] [  0%] Built target std_msgs_generate_messages_nodejs
[57.127s] [  0%] Built target nodelet_generate_messages_lisp
[57.233s] [  0%] Built target autoware_lanelet2_msgs_generate_messages_eus
[57.340s] [  0%] Built target autoware_msgs_generate_messages_eus
[57.439s] [  0%] Built target geometry_msgs_generate_messages_lisp
[57.545s] [  0%] Built target jsk_recognition_msgs_generate_messages_cpp
[57.647s] [  0%] Built target jsk_recognition_msgs_generate_messages_eus
[57.833s] [  0%] Built target grid_map_msgs_generate_messages_nodejs
[57.985s] [  0%] Built target jsk_footstep_msgs_generate_messages_cpp
[58.100s] [  0%] Built target actionlib_msgs_generate_messages_py
[58.212s] [  0%] Built target jsk_recognition_msgs_generate_messages_lisp
[58.333s] [  0%] Built target grid_map_msgs_generate_messages_py
[58.440s] [  0%] Built target nav_msgs_generate_messages_cpp
[58.538s] [  0%] Built target visualization_msgs_generate_messages_eus
[58.647s] [  0%] Built target nav_msgs_generate_messages_eus
[58.828s] [  0%] Built target std_msgs_generate_messages_cpp
[58.963s] [  0%] Built target vector_map_msgs_generate_messages_eus
[59.056s] [  0%] Built target nav_msgs_generate_messages_py
[59.149s] [  0%] Built target tf_generate_messages_lisp
[59.241s] [  0%] Built target std_srvs_generate_messages_eus
[59.340s] [  0%] Built target std_msgs_generate_messages_eus
[59.444s] [  0%] Built target roscpp_generate_messages_lisp
[59.551s] [  0%] Built target std_srvs_generate_messages_lisp
[59.647s] [  0%] Built target std_srvs_generate_messages_nodejs
[59.775s] [  0%] Built target nodelet_generate_messages_py
[59.932s] [  0%] Built target autoware_lanelet2_msgs_generate_messages_lisp
[60.035s] [  0%] Built target topic_tools_generate_messages_lisp
[60.135s] [  0%] Built target topic_tools_generate_messages_nodejs
[60.234s] [  0%] Built target tf_generate_messages_cpp
[60.340s] [  0%] Built target topic_tools_generate_messages_py
[60.446s] [  0%] Built target tf_generate_messages_nodejs
[60.545s] [  0%] Built target actionlib_generate_messages_cpp
[60.635s] [  0%] Built target std_srvs_generate_messages_py
[60.803s] [  0%] Built target actionlib_generate_messages_nodejs
[60.936s] [  0%] Built target nav_msgs_generate_messages_lisp
[61.042s] [  0%] Built target tf2_msgs_generate_messages_cpp
[61.132s] [  0%] Built target dynamic_reconfigure_generate_messages_lisp
[61.221s] [  0%] Built target tf2_msgs_generate_messages_lisp
[61.311s] [  0%] Built target nodelet_generate_messages_cpp
[61.419s] [  0%] Built target sensor_msgs_generate_messages_lisp
[61.512s] [  0%] Built target tf2_msgs_generate_messages_nodejs
[61.601s] [  0%] Built target tf2_msgs_generate_messages_py
[61.739s] [  0%] Built target dynamic_reconfigure_generate_messages_nodejs
[61.896s] [  0%] Built target bond_generate_messages_cpp
[62.016s] [  0%] Built target visualization_msgs_generate_messages_lisp
[62.113s] [  0%] Built target rosgraph_msgs_generate_messages_py
[62.206s] [  0%] Built target visualization_msgs_generate_messages_nodejs
[62.303s] [  0%] Built target pcl_ros_gencfg
[62.403s] [  0%] Built target dynamic_reconfigure_generate_messages_cpp
[62.500s] [  0%] Built target jsk_recognition_msgs_generate_messages_py
[62.604s] [  0%] Built target pcl_msgs_generate_messages_cpp
[62.705s] [  0%] Built target dynamic_reconfigure_gencfg
[62.871s] [  0%] Built target autoware_lanelet2_msgs_generate_messages_cpp
[62.998s] [  0%] Built target nodelet_generate_messages_eus
[63.103s] [  0%] Built target nodelet_generate_messages_nodejs
[63.199s] [  0%] Built target jsk_footstep_msgs_generate_messages_nodejs
[63.295s] [  0%] Built target bond_generate_messages_eus
[63.390s] [  0%] Built target bond_generate_messages_lisp
[63.497s] [  0%] Built target bond_generate_messages_nodejs
[63.602s] [  0%] Built target bond_generate_messages_py
[63.707s] [  0%] Built target vector_map_msgs_generate_messages_cpp
[63.879s] [  0%] Built target roscpp_generate_messages_py
[63.981s] [  0%] Built target sensor_msgs_generate_messages_nodejs
[64.085s] [  0%] Built target vector_map_msgs_generate_messages_nodejs
[64.187s] [  0%] Built target vector_map_msgs_generate_messages_py
[64.293s] [  0%] Built target autoware_lanelet2_msgs_generate_messages_py
[64.395s] [  0%] Built target roscpp_generate_messages_eus
[64.487s] [  0%] Built target roscpp_generate_messages_nodejs
[64.593s] [  0%] Built target actionlib_generate_messages_eus
[64.715s] [  0%] Built target rosgraph_msgs_generate_messages_cpp
[64.858s] [  0%] Built target rosgraph_msgs_generate_messages_eus
[64.980s] [  0%] Built target visualization_msgs_generate_messages_py
[65.068s] [  0%] Built target topic_tools_generate_messages_cpp
[65.165s] [  0%] Built target autoware_msgs_generate_messages_lisp
[65.258s] [  0%] Built target std_msgs_generate_messages_py
[65.355s] [  0%] Built target grid_map_msgs_generate_messages_lisp
[65.496s] [ 33%] Built target costmap_generator
[65.656s] [ 66%] Built target costmap_generator_lib
[65.866s] [100%] Built target costmap_generator_lanelet2
[66.017s] [36mInstall the project...[0m
[66.061s] -- Install configuration: "Release"
[66.061s] -- Installing: /home/capstone/autoware.ai/install/costmap_generator/lib/pkgconfig/costmap_generator.pc
[66.062s] -- Installing: /home/capstone/autoware.ai/install/costmap_generator/share/costmap_generator/cmake/costmap_generatorConfig.cmake
[66.062s] -- Up-to-date: /home/capstone/autoware.ai/install/costmap_generator/share/costmap_generator/cmake/costmap_generatorConfig-version.cmake
[66.062s] -- Up-to-date: /home/capstone/autoware.ai/install/costmap_generator/share/costmap_generator/package.xml
[66.063s] -- Up-to-date: /home/capstone/autoware.ai/install/costmap_generator/lib/costmap_generator/costmap_generator
[66.064s] -- Up-to-date: /home/capstone/autoware.ai/install/costmap_generator/lib/costmap_generator/costmap_generator_lanelet2
[66.065s] -- Up-to-date: /home/capstone/autoware.ai/install/costmap_generator/share/costmap_generator/launch
[66.065s] -- Up-to-date: /home/capstone/autoware.ai/install/costmap_generator/share/costmap_generator/launch/costmap_generator.launch
[66.065s] -- Up-to-date: /home/capstone/autoware.ai/install/costmap_generator/share/costmap_generator/launch/costmap_generator_option.launch
[66.066s] -- Up-to-date: /home/capstone/autoware.ai/install/costmap_generator/share/costmap_generator/launch/costmap_generator_lanelet2.launch
[66.066s] -- Up-to-date: /home/capstone/autoware.ai/install/costmap_generator/include/costmap_generator
[66.066s] -- Up-to-date: /home/capstone/autoware.ai/install/costmap_generator/include/costmap_generator/costmap_generator_lanelet2.h
[66.066s] -- Up-to-date: /home/capstone/autoware.ai/install/costmap_generator/include/costmap_generator/objects_to_costmap.h
[66.066s] -- Up-to-date: /home/capstone/autoware.ai/install/costmap_generator/include/costmap_generator/costmap_generator.h
[66.067s] -- Up-to-date: /home/capstone/autoware.ai/install/costmap_generator/include/costmap_generator/points_to_costmap.h
