[2.039s] [ 53%] Built target op_bag_player
[2.189s] [ 53%] Built target vector_map_server_generate_messages_eus
[2.328s] [ 53%] Built target vector_map_server_generate_messages_cpp
[2.472s] [ 53%] Built target vector_map_msgs_generate_messages_py
[2.614s] [ 53%] Built target vector_map_msgs_generate_messages_nodejs
[2.776s] [ 53%] Built target vector_map_msgs_generate_messages_eus
[2.971s] [ 53%] Built target vector_map_msgs_generate_messages_cpp
[3.116s] [ 53%] Built target visualization_msgs_generate_messages_nodejs
[3.257s] [ 53%] Built target visualization_msgs_generate_messages_lisp
[3.401s] [ 53%] Built target visualization_msgs_generate_messages_eus
[3.544s] [ 53%] Built target tf2_msgs_generate_messages_py
[3.691s] [ 53%] Built target tf2_msgs_generate_messages_nodejs
[3.876s] [ 53%] Built target tf2_msgs_generate_messages_lisp
[4.035s] [ 53%] Built target tf2_msgs_generate_messages_cpp
[4.182s] [ 53%] Built target rosgraph_msgs_generate_messages_py
[4.328s] [ 53%] Built target rosgraph_msgs_generate_messages_nodejs
[4.470s] [ 53%] Built target jsk_recognition_msgs_generate_messages_lisp
[4.614s] [ 53%] Built target jsk_recognition_msgs_generate_messages_eus
[4.767s] [ 53%] Built target std_msgs_generate_messages_py
[4.976s] [ 53%] Built target jsk_recognition_msgs_generate_messages_cpp
[5.120s] [ 53%] Built target geometry_msgs_generate_messages_lisp
[5.260s] [ 53%] Built target autoware_msgs_generate_messages_eus
[5.403s] [ 53%] Built target std_msgs_generate_messages_nodejs
[5.547s] [ 53%] Built target geometry_msgs_generate_messages_eus
[5.694s] [ 53%] Built target std_msgs_generate_messages_cpp
[5.869s] [ 53%] Built target jsk_footstep_msgs_generate_messages_py
[6.043s] [ 53%] Built target geometry_msgs_generate_messages_py
[6.185s] [ 53%] Built target vector_map_server_generate_messages_nodejs
[6.329s] [ 53%] Built target tf2_msgs_generate_messages_eus
[6.478s] [ 53%] Built target sensor_msgs_generate_messages_py
[6.619s] [ 53%] Built target topic_tools_generate_messages_eus
[6.775s] [ 53%] Built target jsk_footstep_msgs_generate_messages_lisp
[6.985s] [ 53%] Built target autoware_msgs_generate_messages_nodejs
[7.135s] [ 53%] Built target std_srvs_generate_messages_cpp
[7.285s] [ 53%] Built target actionlib_msgs_generate_messages_eus
[7.429s] [ 53%] Built target tf_generate_messages_eus
[7.570s] [ 53%] Built target autoware_msgs_generate_messages_py
[7.710s] [ 53%] Built target rosgraph_msgs_generate_messages_lisp
[7.960s] [ 76%] Built target op_data_logger
[8.090s] [ 76%] Built target vector_map_server_generate_messages_lisp
[8.234s] [ 76%] Built target visualization_msgs_generate_messages_cpp
[8.371s] [ 76%] Built target sensor_msgs_generate_messages_lisp
[8.511s] [ 76%] Built target sensor_msgs_generate_messages_eus
[8.648s] [ 76%] Built target topic_tools_generate_messages_py
[8.785s] [ 76%] Built target roscpp_generate_messages_cpp
[8.984s] [ 76%] Built target topic_tools_generate_messages_cpp
[9.114s] [ 76%] Built target visualization_msgs_generate_messages_py
[9.246s] [ 76%] Built target autoware_msgs_generate_messages_lisp
[9.369s] [ 76%] Built target sensor_msgs_generate_messages_cpp
[9.499s] [ 76%] Built target pcl_msgs_generate_messages_cpp
[9.623s] [ 76%] Built target jsk_recognition_msgs_generate_messages_py
[9.762s] [ 76%] Built target std_msgs_generate_messages_lisp
[9.935s] [ 76%] Built target autoware_msgs_generate_messages_cpp
[10.092s] [ 76%] Built target jsk_footstep_msgs_generate_messages_eus
[10.239s] [ 76%] Built target _catkin_empty_exported_target
[10.375s] [ 76%] Built target actionlib_generate_messages_lisp
[10.509s] [ 76%] Built target roscpp_generate_messages_lisp
[10.639s] [ 76%] Built target geometry_msgs_generate_messages_nodejs
[10.777s] [ 76%] Built target geometry_msgs_generate_messages_cpp
[10.949s] [ 76%] Built target pcl_msgs_generate_messages_eus
[11.073s] [ 76%] Built target vector_map_msgs_generate_messages_lisp
[11.207s] [ 76%] Built target pcl_msgs_generate_messages_nodejs
[11.336s] [ 76%] Built target pcl_msgs_generate_messages_lisp
[11.466s] [ 76%] Built target pcl_msgs_generate_messages_py
[11.605s] [ 76%] Built target sensor_msgs_generate_messages_nodejs
[11.741s] [ 76%] Built target jsk_footstep_msgs_generate_messages_nodejs
[11.907s] [ 76%] Built target actionlib_msgs_generate_messages_cpp
[12.043s] [ 76%] Built target tf_generate_messages_py
[12.151s] [ 76%] Built target std_msgs_generate_messages_eus
[12.261s] [ 76%] Built target actionlib_msgs_generate_messages_lisp
[12.367s] [ 76%] Built target actionlib_msgs_generate_messages_nodejs
[12.489s] [ 76%] Built target actionlib_generate_messages_py
[12.594s] [ 76%] Built target actionlib_msgs_generate_messages_py
[12.710s] [ 76%] Built target actionlib_generate_messages_cpp
[12.855s] [ 76%] Built target actionlib_generate_messages_nodejs
[13.026s] [ 76%] Built target roscpp_generate_messages_eus
[13.127s] [ 76%] Built target jsk_footstep_msgs_generate_messages_cpp
[13.246s] [ 76%] Built target roscpp_generate_messages_nodejs
[13.365s] [ 76%] Built target jsk_recognition_msgs_generate_messages_nodejs
[13.478s] [ 76%] Built target roscpp_generate_messages_py
[13.588s] [ 76%] Built target actionlib_generate_messages_eus
[13.694s] [ 76%] Built target rosgraph_msgs_generate_messages_cpp
[13.850s] [ 76%] Built target std_srvs_generate_messages_py
[14.003s] [ 76%] Built target vector_map_server_generate_messages_py
[14.107s] [ 76%] Built target topic_tools_generate_messages_nodejs
[14.217s] [ 76%] Built target tf_generate_messages_cpp
[14.322s] [ 76%] Built target tf_generate_messages_lisp
[14.429s] [ 76%] Built target tf_generate_messages_nodejs
[14.532s] [ 76%] Built target std_srvs_generate_messages_eus
[14.634s] [ 76%] Built target std_srvs_generate_messages_lisp
[14.728s] [ 76%] Built target std_srvs_generate_messages_nodejs
[14.872s] [ 76%] Built target topic_tools_generate_messages_lisp
[15.033s] [ 76%] Built target rosgraph_msgs_generate_messages_eus
[15.150s] [100%] Built target op_pose2tf
[16.421s] Built target tests
[17.699s] [ 53%] Built target op_bag_player
[17.822s] [ 53%] Built target vector_map_server_generate_messages_eus
[17.969s] [ 53%] Built target vector_map_server_generate_messages_cpp
[18.094s] [ 53%] Built target vector_map_msgs_generate_messages_py
[18.187s] [ 53%] Built target vector_map_msgs_generate_messages_nodejs
[18.277s] [ 53%] Built target vector_map_msgs_generate_messages_eus
[18.377s] [ 53%] Built target vector_map_msgs_generate_messages_cpp
[18.478s] [ 53%] Built target visualization_msgs_generate_messages_nodejs
[18.576s] [ 53%] Built target visualization_msgs_generate_messages_lisp
[18.674s] [ 53%] Built target visualization_msgs_generate_messages_eus
[18.811s] [ 53%] Built target tf2_msgs_generate_messages_py
[18.943s] [ 53%] Built target tf2_msgs_generate_messages_nodejs
[19.055s] [ 53%] Built target tf2_msgs_generate_messages_lisp
[19.163s] [ 53%] Built target tf2_msgs_generate_messages_cpp
[19.266s] [ 53%] Built target rosgraph_msgs_generate_messages_py
[19.374s] [ 53%] Built target rosgraph_msgs_generate_messages_nodejs
[19.477s] [ 53%] Built target jsk_recognition_msgs_generate_messages_lisp
[19.569s] [ 53%] Built target jsk_recognition_msgs_generate_messages_eus
[19.666s] [ 53%] Built target std_msgs_generate_messages_py
[19.766s] [ 53%] Built target jsk_recognition_msgs_generate_messages_cpp
[19.930s] [ 53%] Built target geometry_msgs_generate_messages_lisp
[20.062s] [ 53%] Built target autoware_msgs_generate_messages_eus
[20.161s] [ 53%] Built target std_msgs_generate_messages_nodejs
[20.260s] [ 53%] Built target geometry_msgs_generate_messages_eus
[20.370s] [ 53%] Built target std_msgs_generate_messages_cpp
[20.461s] [ 53%] Built target jsk_footstep_msgs_generate_messages_py
[20.567s] [ 53%] Built target geometry_msgs_generate_messages_py
[20.663s] [ 53%] Built target vector_map_server_generate_messages_nodejs
[20.759s] [ 53%] Built target tf2_msgs_generate_messages_eus
[20.893s] [ 53%] Built target sensor_msgs_generate_messages_py
[21.011s] [ 53%] Built target topic_tools_generate_messages_eus
[21.108s] [ 53%] Built target jsk_footstep_msgs_generate_messages_lisp
[21.207s] [ 53%] Built target autoware_msgs_generate_messages_nodejs
[21.302s] [ 53%] Built target std_srvs_generate_messages_cpp
[21.399s] [ 53%] Built target actionlib_msgs_generate_messages_eus
[21.500s] [ 53%] Built target tf_generate_messages_eus
[21.594s] [ 53%] Built target autoware_msgs_generate_messages_py
[21.682s] [ 53%] Built target rosgraph_msgs_generate_messages_lisp
[21.851s] [ 76%] Built target op_data_logger
[22.003s] [ 76%] Built target vector_map_server_generate_messages_lisp
[22.107s] [ 76%] Built target visualization_msgs_generate_messages_cpp
[22.205s] [ 76%] Built target sensor_msgs_generate_messages_lisp
[22.312s] [ 76%] Built target sensor_msgs_generate_messages_eus
[22.420s] [ 76%] Built target topic_tools_generate_messages_py
[22.526s] [ 76%] Built target roscpp_generate_messages_cpp
[22.628s] [ 76%] Built target topic_tools_generate_messages_cpp
[22.717s] [ 76%] Built target visualization_msgs_generate_messages_py
[22.834s] [ 76%] Built target autoware_msgs_generate_messages_lisp
[22.972s] [ 76%] Built target sensor_msgs_generate_messages_cpp
[23.080s] [ 76%] Built target pcl_msgs_generate_messages_cpp
[23.191s] [ 76%] Built target jsk_recognition_msgs_generate_messages_py
[23.290s] [ 76%] Built target std_msgs_generate_messages_lisp
[23.383s] [ 76%] Built target autoware_msgs_generate_messages_cpp
[23.470s] [ 76%] Built target jsk_footstep_msgs_generate_messages_eus
[23.556s] [ 76%] Built target _catkin_empty_exported_target
[23.664s] [ 76%] Built target actionlib_generate_messages_lisp
[23.770s] [ 76%] Built target roscpp_generate_messages_lisp
[23.939s] [ 76%] Built target geometry_msgs_generate_messages_nodejs
[24.051s] [ 76%] Built target geometry_msgs_generate_messages_cpp
[24.146s] [ 76%] Built target pcl_msgs_generate_messages_eus
[24.231s] [ 76%] Built target vector_map_msgs_generate_messages_lisp
[24.316s] [ 76%] Built target pcl_msgs_generate_messages_nodejs
[24.401s] [ 76%] Built target pcl_msgs_generate_messages_lisp
[24.490s] [ 76%] Built target pcl_msgs_generate_messages_py
[24.583s] [ 76%] Built target sensor_msgs_generate_messages_nodejs
[24.672s] [ 76%] Built target jsk_footstep_msgs_generate_messages_nodejs
[24.783s] [ 76%] Built target actionlib_msgs_generate_messages_cpp
[24.931s] [ 76%] Built target tf_generate_messages_py
[25.066s] [ 76%] Built target std_msgs_generate_messages_eus
[25.181s] [ 76%] Built target actionlib_msgs_generate_messages_lisp
[25.270s] [ 76%] Built target actionlib_msgs_generate_messages_nodejs
[25.367s] [ 76%] Built target actionlib_generate_messages_py
[25.456s] [ 76%] Built target actionlib_msgs_generate_messages_py
[25.540s] [ 76%] Built target actionlib_generate_messages_cpp
[25.632s] [ 76%] Built target actionlib_generate_messages_nodejs
[25.724s] [ 76%] Built target roscpp_generate_messages_eus
[25.882s] [ 76%] Built target jsk_footstep_msgs_generate_messages_cpp
[26.033s] [ 76%] Built target roscpp_generate_messages_nodejs
[26.143s] [ 76%] Built target jsk_recognition_msgs_generate_messages_nodejs
[26.238s] [ 76%] Built target roscpp_generate_messages_py
[26.319s] [ 76%] Built target actionlib_generate_messages_eus
[26.412s] [ 76%] Built target rosgraph_msgs_generate_messages_cpp
[26.500s] [ 76%] Built target std_srvs_generate_messages_py
[26.590s] [ 76%] Built target vector_map_server_generate_messages_py
[26.680s] [ 76%] Built target topic_tools_generate_messages_nodejs
[26.774s] [ 76%] Built target tf_generate_messages_cpp
[26.957s] [ 76%] Built target tf_generate_messages_lisp
[27.062s] [ 76%] Built target tf_generate_messages_nodejs
[27.173s] [ 76%] Built target std_srvs_generate_messages_eus
[27.254s] [ 76%] Built target std_srvs_generate_messages_lisp
[27.327s] [ 76%] Built target std_srvs_generate_messages_nodejs
[27.404s] [ 76%] Built target topic_tools_generate_messages_lisp
[27.492s] [ 76%] Built target rosgraph_msgs_generate_messages_eus
[27.579s] [100%] Built target op_pose2tf
[27.657s] [36mInstall the project...[0m
[27.688s] -- Install configuration: "Release"
[27.688s] -- Up-to-date: /home/capstone/autoware.ai/install/op_utilities/lib/pkgconfig/op_utilities.pc
[27.688s] -- Up-to-date: /home/capstone/autoware.ai/install/op_utilities/share/op_utilities/cmake/op_utilitiesConfig.cmake
[27.689s] -- Up-to-date: /home/capstone/autoware.ai/install/op_utilities/share/op_utilities/cmake/op_utilitiesConfig-version.cmake
[27.689s] -- Up-to-date: /home/capstone/autoware.ai/install/op_utilities/share/op_utilities/package.xml
[27.689s] -- Up-to-date: /home/capstone/autoware.ai/install/op_utilities/lib/op_utilities/op_pose2tf
[27.689s] -- Up-to-date: /home/capstone/autoware.ai/install/op_utilities/lib/op_utilities/op_data_logger
[27.689s] -- Up-to-date: /home/capstone/autoware.ai/install/op_utilities/lib/op_utilities/op_bag_player
[27.690s] -- Up-to-date: /home/capstone/autoware.ai/install/op_utilities/share/op_utilities/launch
[27.690s] -- Up-to-date: /home/capstone/autoware.ai/install/op_utilities/share/op_utilities/launch/op_bag_player.launch
[27.690s] -- Up-to-date: /home/capstone/autoware.ai/install/op_utilities/share/op_utilities/launch/op_pose2tf.launch
[27.690s] -- Up-to-date: /home/capstone/autoware.ai/install/op_utilities/share/op_utilities/launch/op_map_converter.launch
[27.690s] -- Up-to-date: /home/capstone/autoware.ai/install/op_utilities/share/op_utilities/launch/op_data_logger.launch
