Determining if the pthread_create exist failed with the following output:
Change Dir: /home/capstone/autoware.ai/build/vision_lane_detect/CMakeFiles/CMakeTmp

Run Build Command:"/usr/bin/make" "cmTC_cd227/fast"
/usr/bin/make -f CMakeFiles/cmTC_cd227.dir/build.make CMakeFiles/cmTC_cd227.dir/build
make[1]: Entering directory '/home/capstone/autoware.ai/build/vision_lane_detect/CMakeFiles/CMakeTmp'
Building C object CMakeFiles/cmTC_cd227.dir/CheckSymbolExists.c.o
/usr/bin/cc    -o CMakeFiles/cmTC_cd227.dir/CheckSymbolExists.c.o   -c /home/capstone/autoware.ai/build/vision_lane_detect/CMakeFiles/CMakeTmp/CheckSymbolExists.c
Linking C executable cmTC_cd227
/usr/bin/cmake -E cmake_link_script CMakeFiles/cmTC_cd227.dir/link.txt --verbose=1
/usr/bin/cc      -rdynamic CMakeFiles/cmTC_cd227.dir/CheckSymbolExists.c.o  -o cmTC_cd227 
CMakeFiles/cmTC_cd227.dir/CheckSymbolExists.c.o: In function `main':
CheckSymbolExists.c:(.text+0x1b): undefined reference to `pthread_create'
collect2: error: ld returned 1 exit status
CMakeFiles/cmTC_cd227.dir/build.make:97: recipe for target 'cmTC_cd227' failed
make[1]: *** [cmTC_cd227] Error 1
make[1]: Leaving directory '/home/capstone/autoware.ai/build/vision_lane_detect/CMakeFiles/CMakeTmp'
Makefile:126: recipe for target 'cmTC_cd227/fast' failed
make: *** [cmTC_cd227/fast] Error 2

File /home/capstone/autoware.ai/build/vision_lane_detect/CMakeFiles/CMakeTmp/CheckSymbolExists.c:
/* */
#include <pthread.h>

int main(int argc, char** argv)
{
  (void)argv;
#ifndef pthread_create
  return ((int*)(&pthread_create))[argc];
#else
  (void)argc;
  return 0;
#endif
}

Determining if the function pthread_create exists in the pthreads failed with the following output:
Change Dir: /home/capstone/autoware.ai/build/vision_lane_detect/CMakeFiles/CMakeTmp

Run Build Command:"/usr/bin/make" "cmTC_edac7/fast"
/usr/bin/make -f CMakeFiles/cmTC_edac7.dir/build.make CMakeFiles/cmTC_edac7.dir/build
make[1]: Entering directory '/home/capstone/autoware.ai/build/vision_lane_detect/CMakeFiles/CMakeTmp'
Building C object CMakeFiles/cmTC_edac7.dir/CheckFunctionExists.c.o
/usr/bin/cc   -DCHECK_FUNCTION_EXISTS=pthread_create   -o CMakeFiles/cmTC_edac7.dir/CheckFunctionExists.c.o   -c /usr/share/cmake-3.10/Modules/CheckFunctionExists.c
Linking C executable cmTC_edac7
/usr/bin/cmake -E cmake_link_script CMakeFiles/cmTC_edac7.dir/link.txt --verbose=1
/usr/bin/cc  -DCHECK_FUNCTION_EXISTS=pthread_create    -rdynamic CMakeFiles/cmTC_edac7.dir/CheckFunctionExists.c.o  -o cmTC_edac7 -lpthreads 
/usr/bin/ld: cannot find -lpthreads
collect2: error: ld returned 1 exit status
CMakeFiles/cmTC_edac7.dir/build.make:97: recipe for target 'cmTC_edac7' failed
make[1]: *** [cmTC_edac7] Error 1
make[1]: Leaving directory '/home/capstone/autoware.ai/build/vision_lane_detect/CMakeFiles/CMakeTmp'
Makefile:126: recipe for target 'cmTC_edac7/fast' failed
make: *** [cmTC_edac7/fast] Error 2


