[0.069s] Invoking command in '/home/capstone/autoware.ai/build/gnss': /usr/bin/cmake /home/capstone/autoware.ai/src/autoware/common/gnss -DCMAKE_BUILD_TYPE=Release -DCATKIN_INSTALL_INTO_PREFIX_ROOT=0 -DCMAKE_INSTALL_PREFIX=/home/capstone/autoware.ai/install/gnss
[0.297s] -- The C compiler identification is GNU 7.5.0
[0.486s] -- The CXX compiler identification is GNU 7.5.0
[0.498s] -- Check for working C compiler: /usr/bin/cc
[0.800s] -- Check for working C compiler: /usr/bin/cc -- works
[0.801s] -- Detecting C compiler ABI info
[1.133s] -- Detecting C compiler ABI info - done
[1.155s] -- Detecting C compile features
[2.038s] -- Detecting C compile features - done
[2.044s] -- Check for working CXX compiler: /usr/bin/c++
[2.384s] -- Check for working CXX compiler: /usr/bin/c++ -- works
[2.386s] -- Detecting CXX compiler ABI info
[2.722s] -- Detecting CXX compiler ABI info - done
[2.745s] -- Detecting CXX compile features
[4.167s] -- Detecting CXX compile features - done
[4.173s] -- Using CATKIN_DEVEL_PREFIX: /home/capstone/autoware.ai/build/gnss/devel
[4.174s] -- Using CMAKE_PREFIX_PATH: /home/capstone/autoware.ai/install/wf_simulator;/home/capstone/autoware.ai/install/vision_ssd_detect;/home/capstone/autoware.ai/install/vision_segment_enet_detect;/home/capstone/autoware.ai/install/vision_lane_detect;/home/capstone/autoware.ai/install/vision_darknet_detect;/home/capstone/autoware.ai/install/vision_beyond_track;/home/capstone/autoware.ai/install/vel_pose_diff_checker;/home/capstone/autoware.ai/install/vehicle_socket;/home/capstone/autoware.ai/install/vehicle_sim_model;/home/capstone/autoware.ai/install/vehicle_model;/home/capstone/autoware.ai/install/vehicle_gazebo_simulation_launcher;/home/capstone/autoware.ai/install/vehicle_gazebo_simulation_interface;/home/capstone/autoware.ai/install/vehicle_engage_panel;/home/capstone/autoware.ai/install/vehicle_description;/home/capstone/autoware.ai/install/op_ros_helpers;/home/capstone/autoware.ai/install/op_simu;/home/capstone/autoware.ai/install/op_planner;/home/capstone/autoware.ai/install/op_utility;/home/capstone/autoware.ai/install/vector_map_server;/home/capstone/autoware.ai/install/object_map;/home/capstone/autoware.ai/install/lanelet_aisan_converter;/home/capstone/autoware.ai/install/map_file;/home/capstone/autoware.ai/install/libvectormap;/home/capstone/autoware.ai/install/vector_map;/home/capstone/autoware.ai/install/vector_map_msgs;/home/capstone/autoware.ai/install/twist_generator;/home/capstone/autoware.ai/install/twist2odom;/home/capstone/autoware.ai/install/runtime_manager;/home/capstone/autoware.ai/install/tablet_socket_msgs;/home/capstone/autoware.ai/install/sound_player;/home/capstone/autoware.ai/install/points2image;/home/capstone/autoware.ai/install/rosinterface;/home/capstone/autoware.ai/install/rosbag_controller;/home/capstone/autoware.ai/install/points_preprocessor;/home/capstone/autoware.ai/install/lidar_localizer;/home/capstone/autoware.ai/install/emergency_handler;/home/capstone/autoware.ai/install/autoware_health_checker;/home/capstone/autoware.ai/install/ros_observer;/home/capstone/autoware.ai/install/range_vision_fusion;/home/capstone/autoware.ai/install/pos_db;/home/capstone/autoware.ai/install/points_downsampler;/home/capstone/autoware.ai/install/pixel_cloud_fusion;/home/capstone/autoware.ai/install/pcl_omp_registration;/home/capstone/autoware.ai/install/pc2_downsampler;/home/capstone/autoware.ai/install/obj_db;/home/capstone/autoware.ai/install/nmea_navsat;/home/capstone/autoware.ai/install/ndt_tku;/home/capstone/autoware.ai/install/ndt_gpu;/home/capstone/autoware.ai/install/ndt_cpu;/home/capstone/autoware.ai/install/multi_lidar_calibrator;/home/capstone/autoware.ai/install/mrt_cmake_modules;/home/capstone/autoware.ai/install/marker_downsampler;/home/capstone/autoware.ai/install/map_tools;/home/capstone/autoware.ai/install/map_tf_generator;/home/capstone/autoware.ai/install/log_tools;/home/capstone/autoware.ai/install/libwaypoint_follower;/home/capstone/autoware.ai/install/lgsvl_simulator_bridge;/home/capstone/autoware.ai/install/lanelet2_extension;/home/capstone/autoware.ai/install/lanelet2_validation;/home/capstone/autoware.ai/install/lanelet2_examples;/home/capstone/autoware.ai/install/lanelet2_python;/home/capstone/autoware.ai/install/lanelet2_routing;/home/capstone/autoware.ai/install/lanelet2_traffic_rules;/home/capstone/autoware.ai/install/lanelet2_projection;/home/capstone/autoware.ai/install/lanelet2_maps;/home/capstone/autoware.ai/install/lanelet2_io;/home/capstone/autoware.ai/install/lanelet2_core;/home/capstone/autoware.ai/install/integrated_viewer;/home/capstone/autoware.ai/install/image_processor;/home/capstone/autoware.ai/install/graph_tools;/home/capstone/autoware.ai/install/gnss_localizer;/home/capstone/autoware.ai/install/gnss;/home/capstone/autoware.ai/install/glviewer;/home/capstone/autoware.ai/install/gazebo_world_description;/home/capstone/autoware.ai/install/gazebo_imu_description;/home/capstone/autoware.ai/install/gazebo_camera_description;/home/capstone/autoware.ai/install/fastvirtualscan;/home/capstone/autoware.ai/install/ekf_localizer;/home/capstone/autoware.ai/install/detected_objects_visualizer;/home/capstone/autoware.ai/install/decision_maker_panel;/home/capstone/autoware.ai/install/data_preprocessor;/home/capstone/autoware.ai/install/carla_autoware_bridge;/home/capstone/autoware.ai/install/calibration_publisher;/home/capstone/autoware.ai/install/autoware_system_msgs;/home/capstone/autoware.ai/install/autoware_rviz_plugins;/home/capstone/autoware.ai/install/autoware_quickstart_examples;/home/capstone/autoware.ai/install/autoware_pointgrey_drivers;/home/capstone/autoware.ai/install/autoware_driveworks_interface;/home/capstone/autoware.ai/install/autoware_connector;/home/capstone/autoware.ai/install/autoware_camera_lidar_calibrator;/home/capstone/autoware.ai/install/amathutils_lib;/home/capstone/autoware.ai/install/autoware_msgs;/home/capstone/autoware.ai/install/autoware_map_msgs;/home/capstone/autoware.ai/install/autoware_launcher_rviz;/home/capstone/autoware.ai/install/autoware_launcher;/home/capstone/autoware.ai/install/autoware_lanelet2_msgs;/home/capstone/autoware.ai/install/autoware_external_msgs;/home/capstone/autoware.ai/install/autoware_driveworks_gmsl_interface;/home/capstone/autoware.ai/install/autoware_config_msgs;/home/capstone/autoware.ai/install/autoware_can_msgs;/home/capstone/autoware.ai/install/autoware_build_flags;/home/capstone/autoware.ai/install/autoware_bag_tools;/opt/carla-ros-bridge/melodic;/opt/ros/melodic
[4.179s] -- This workspace overlays: /opt/carla-ros-bridge/melodic;/opt/ros/melodic
[4.220s] -- Found PythonInterp: /usr/bin/python2 (found suitable version "2.7.17", minimum required is "2") 
[4.220s] -- Using PYTHON_EXECUTABLE: /usr/bin/python2
[4.220s] -- Using Debian Python package layout
[4.223s] -- Using empy: /usr/bin/empy
[4.545s] -- Using CATKIN_ENABLE_TESTING: ON
[4.545s] -- Call enable_testing()
[4.569s] -- Using CATKIN_TEST_RESULTS_DIR: /home/capstone/autoware.ai/build/gnss/test_results
[4.642s] -- Found gtest sources under '/usr/src/googletest': gtests will be built
[4.642s] -- Found gmock sources under '/usr/src/googletest': gmock will be built
[4.681s] -- Found PythonInterp: /usr/bin/python2 (found version "2.7.17") 
[4.683s] -- Looking for pthread.h
[4.958s] -- Looking for pthread.h - found
[4.959s] -- Looking for pthread_create
[5.281s] -- Looking for pthread_create - not found
[5.282s] -- Looking for pthread_create in pthreads
[5.526s] -- Looking for pthread_create in pthreads - not found
[5.527s] -- Looking for pthread_create in pthread
[5.782s] -- Looking for pthread_create in pthread - found
[5.784s] -- Found Threads: TRUE  
[5.793s] -- Using Python nosetests: /usr/bin/nosetests-2.7
[5.938s] -- catkin 0.7.23
[5.938s] -- BUILD_SHARED_LIBS is on
[7.113s] -- Configuring done
[7.283s] -- Generating done
[7.319s] -- Build files have been written to: /home/capstone/autoware.ai/build/gnss
[7.336s] Invoked command in '/home/capstone/autoware.ai/build/gnss' returned '0': /usr/bin/cmake /home/capstone/autoware.ai/src/autoware/common/gnss -DCMAKE_BUILD_TYPE=Release -DCATKIN_INSTALL_INTO_PREFIX_ROOT=0 -DCMAKE_INSTALL_PREFIX=/home/capstone/autoware.ai/install/gnss
[7.338s] Invoking command in '/home/capstone/autoware.ai/build/gnss': /usr/bin/cmake --build /home/capstone/autoware.ai/build/gnss -- -j12 -l12
[7.540s] [35m[1mScanning dependencies of target gnss[0m
[7.619s] [ 50%] [32mBuilding CXX object CMakeFiles/gnss.dir/src/geo_pos_conv.cpp.o[0m
[8.039s] [100%] [32m[1mLinking CXX shared library devel/lib/libgnss.so[0m
[8.661s] [100%] Built target gnss
[8.759s] Invoked command in '/home/capstone/autoware.ai/build/gnss' returned '0': /usr/bin/cmake --build /home/capstone/autoware.ai/build/gnss -- -j12 -l12
[13.371s] Invoking command in '/home/capstone/autoware.ai/build/gnss': /usr/bin/cmake --build /home/capstone/autoware.ai/build/gnss --target tests -- -j12 -l12
[14.560s] [35m[1mScanning dependencies of target std_msgs_generate_messages_nodejs[0m
[14.586s] [35m[1mScanning dependencies of target roscpp_generate_messages_lisp[0m
[14.636s] [35m[1mScanning dependencies of target rosgraph_msgs_generate_messages_nodejs[0m
[14.656s] [35m[1mScanning dependencies of target gtest[0m
[14.690s] [35m[1mScanning dependencies of target roscpp_generate_messages_nodejs[0m
[14.697s] [35m[1mScanning dependencies of target rosgraph_msgs_generate_messages_eus[0m
[14.732s] [35m[1mScanning dependencies of target std_msgs_generate_messages_py[0m
[14.732s] [35m[1mScanning dependencies of target rosgraph_msgs_generate_messages_cpp[0m
[14.745s] [35m[1mScanning dependencies of target std_msgs_generate_messages_cpp[0m
[14.746s] [35m[1mScanning dependencies of target std_msgs_generate_messages_lisp[0m
[14.875s] [  0%] Built target roscpp_generate_messages_lisp
[14.896s] [  0%] Built target rosgraph_msgs_generate_messages_nodejs
[14.906s] [  0%] Built target rosgraph_msgs_generate_messages_eus
[14.916s] [  0%] Built target std_msgs_generate_messages_nodejs
[15.032s] [ 20%] [32mBuilding CXX object gtest/googlemock/gtest/CMakeFiles/gtest.dir/src/gtest-all.cc.o[0m
[15.033s] [ 20%] Built target std_msgs_generate_messages_cpp
[15.047s] [ 20%] Built target rosgraph_msgs_generate_messages_cpp
[15.048s] [ 20%] Built target roscpp_generate_messages_nodejs
[15.068s] [35m[1mScanning dependencies of target roscpp_generate_messages_eus[0m
[15.071s] [ 20%] Built target std_msgs_generate_messages_lisp
[15.150s] [ 20%] Built target std_msgs_generate_messages_py
[15.165s] [35m[1mScanning dependencies of target roscpp_generate_messages_py[0m
[15.252s] [35m[1mScanning dependencies of target rosgraph_msgs_generate_messages_py[0m
[15.293s] [35m[1mScanning dependencies of target rosgraph_msgs_generate_messages_lisp[0m
[15.294s] [35m[1mScanning dependencies of target roscpp_generate_messages_cpp[0m
[15.392s] [ 20%] Built target roscpp_generate_messages_py
[15.496s] [35m[1mScanning dependencies of target std_msgs_generate_messages_eus[0m
[15.500s] [ 20%] Built target roscpp_generate_messages_cpp
[15.501s] [ 20%] Built target roscpp_generate_messages_eus
[15.524s] [ 20%] Built target rosgraph_msgs_generate_messages_lisp
[15.551s] [ 20%] Built target rosgraph_msgs_generate_messages_py
[15.661s] [ 20%] Built target std_msgs_generate_messages_eus
[25.891s] [ 40%] [32m[1mLinking CXX shared library libgtest.so[0m
[26.263s] [ 40%] Built target gtest
[26.359s] [35m[1mScanning dependencies of target test_gnss[0m
[26.600s] [ 60%] [32mBuilding CXX object CMakeFiles/test_gnss.dir/test/test_gnss.cpp.o[0m
[30.886s] [ 80%] [32mBuilding CXX object CMakeFiles/test_gnss.dir/src/geo_pos_conv.cpp.o[0m
[31.241s] [100%] [32m[1mLinking CXX executable devel/lib/gnss/test_gnss[0m
[31.755s] [100%] Built target test_gnss
[31.875s] [35m[1mScanning dependencies of target tests[0m
[31.953s] [100%] Built target tests
[32.030s] Invoked command in '/home/capstone/autoware.ai/build/gnss' returned '0': /usr/bin/cmake --build /home/capstone/autoware.ai/build/gnss --target tests -- -j12 -l12
[33.832s] Invoking command in '/home/capstone/autoware.ai/build/gnss': /usr/bin/cmake --build /home/capstone/autoware.ai/build/gnss --target install -- -j12 -l12
[34.311s] [100%] Built target gnss
[34.471s] [36mInstall the project...[0m
[34.588s] -- Install configuration: "Release"
[34.591s] -- Installing: /home/capstone/autoware.ai/install/gnss/lib/pkgconfig/gnss.pc
[34.591s] -- Installing: /home/capstone/autoware.ai/install/gnss/share/gnss/cmake/gnssConfig.cmake
[34.591s] -- Installing: /home/capstone/autoware.ai/install/gnss/share/gnss/cmake/gnssConfig-version.cmake
[34.591s] -- Installing: /home/capstone/autoware.ai/install/gnss/share/gnss/package.xml
[34.592s] -- Installing: /home/capstone/autoware.ai/install/gnss/include/gnss
[34.592s] -- Installing: /home/capstone/autoware.ai/install/gnss/include/gnss/geo_pos_conv.hpp
[34.592s] -- Installing: /home/capstone/autoware.ai/install/gnss/lib/libgnss.so
[34.592s] -- Set runtime path of "/home/capstone/autoware.ai/install/gnss/lib/libgnss.so" to ""
[34.599s] Invoked command in '/home/capstone/autoware.ai/build/gnss' returned '0': /usr/bin/cmake --build /home/capstone/autoware.ai/build/gnss --target install -- -j12 -l12
