Determining if the pthread_create exist failed with the following output:
Change Dir: /home/capstone/autoware.ai/build/autoware_config_msgs/CMakeFiles/CMakeTmp

Run Build Command:"/usr/bin/make" "cmTC_502f4/fast"
/usr/bin/make -f CMakeFiles/cmTC_502f4.dir/build.make CMakeFiles/cmTC_502f4.dir/build
make[1]: Entering directory '/home/capstone/autoware.ai/build/autoware_config_msgs/CMakeFiles/CMakeTmp'
Building C object CMakeFiles/cmTC_502f4.dir/CheckSymbolExists.c.o
/usr/bin/cc    -o CMakeFiles/cmTC_502f4.dir/CheckSymbolExists.c.o   -c /home/capstone/autoware.ai/build/autoware_config_msgs/CMakeFiles/CMakeTmp/CheckSymbolExists.c
Linking C executable cmTC_502f4
/usr/bin/cmake -E cmake_link_script CMakeFiles/cmTC_502f4.dir/link.txt --verbose=1
/usr/bin/cc      -rdynamic CMakeFiles/cmTC_502f4.dir/CheckSymbolExists.c.o  -o cmTC_502f4 
CMakeFiles/cmTC_502f4.dir/CheckSymbolExists.c.o: In function `main':
CheckSymbolExists.c:(.text+0x1b): undefined reference to `pthread_create'
collect2: error: ld returned 1 exit status
CMakeFiles/cmTC_502f4.dir/build.make:97: recipe for target 'cmTC_502f4' failed
make[1]: *** [cmTC_502f4] Error 1
make[1]: Leaving directory '/home/capstone/autoware.ai/build/autoware_config_msgs/CMakeFiles/CMakeTmp'
Makefile:126: recipe for target 'cmTC_502f4/fast' failed
make: *** [cmTC_502f4/fast] Error 2

File /home/capstone/autoware.ai/build/autoware_config_msgs/CMakeFiles/CMakeTmp/CheckSymbolExists.c:
/* */
#include <pthread.h>

int main(int argc, char** argv)
{
  (void)argv;
#ifndef pthread_create
  return ((int*)(&pthread_create))[argc];
#else
  (void)argc;
  return 0;
#endif
}

Determining if the function pthread_create exists in the pthreads failed with the following output:
Change Dir: /home/capstone/autoware.ai/build/autoware_config_msgs/CMakeFiles/CMakeTmp

Run Build Command:"/usr/bin/make" "cmTC_cbe0b/fast"
/usr/bin/make -f CMakeFiles/cmTC_cbe0b.dir/build.make CMakeFiles/cmTC_cbe0b.dir/build
make[1]: Entering directory '/home/capstone/autoware.ai/build/autoware_config_msgs/CMakeFiles/CMakeTmp'
Building C object CMakeFiles/cmTC_cbe0b.dir/CheckFunctionExists.c.o
/usr/bin/cc   -DCHECK_FUNCTION_EXISTS=pthread_create   -o CMakeFiles/cmTC_cbe0b.dir/CheckFunctionExists.c.o   -c /usr/share/cmake-3.10/Modules/CheckFunctionExists.c
Linking C executable cmTC_cbe0b
/usr/bin/cmake -E cmake_link_script CMakeFiles/cmTC_cbe0b.dir/link.txt --verbose=1
/usr/bin/cc  -DCHECK_FUNCTION_EXISTS=pthread_create    -rdynamic CMakeFiles/cmTC_cbe0b.dir/CheckFunctionExists.c.o  -o cmTC_cbe0b -lpthreads 
/usr/bin/ld: cannot find -lpthreads
collect2: error: ld returned 1 exit status
CMakeFiles/cmTC_cbe0b.dir/build.make:97: recipe for target 'cmTC_cbe0b' failed
make[1]: *** [cmTC_cbe0b] Error 1
make[1]: Leaving directory '/home/capstone/autoware.ai/build/autoware_config_msgs/CMakeFiles/CMakeTmp'
Makefile:126: recipe for target 'cmTC_cbe0b/fast' failed
make: *** [cmTC_cbe0b/fast] Error 2


