[0.753s] [  0%] Built target rosgraph_msgs_generate_messages_eus
[0.894s] [  0%] Built target geometry_msgs_generate_messages_eus
[1.038s] [  0%] Built target std_msgs_generate_messages_nodejs
[1.179s] [  0%] Built target jsk_footstep_msgs_generate_messages_py
[1.322s] [  0%] Built target geometry_msgs_generate_messages_py
[1.468s] [  0%] Built target sensor_msgs_generate_messages_py
[1.644s] [  0%] Built target jsk_footstep_msgs_generate_messages_lisp
[1.813s] [  0%] Built target autoware_msgs_generate_messages_nodejs
[1.953s] [  0%] Built target autoware_msgs_generate_messages_lisp
[2.095s] [  0%] Built target geometry_msgs_generate_messages_cpp
[2.242s] [  0%] Built target jsk_footstep_msgs_generate_messages_eus
[2.396s] [  0%] Built target autoware_can_msgs_generate_messages_eus
[2.538s] [  0%] Built target rosgraph_msgs_generate_messages_cpp
[2.723s] [  0%] Built target geometry_msgs_generate_messages_nodejs
[2.866s] [  0%] Built target autoware_can_msgs_generate_messages_py
[3.011s] [  0%] Built target tablet_socket_msgs_generate_messages_lisp
[3.152s] [  0%] Built target autoware_can_msgs_generate_messages_cpp
[3.296s] [  0%] Built target roscpp_generate_messages_lisp
[3.441s] [  0%] Built target actionlib_msgs_generate_messages_eus
[3.612s] [  0%] Built target autoware_msgs_generate_messages_py
[3.792s] [  0%] Built target rosgraph_msgs_generate_messages_lisp
[3.936s] [  0%] Built target autoware_can_msgs_generate_messages_lisp
[4.083s] [  0%] Built target autoware_can_msgs_generate_messages_nodejs
[4.227s] [  0%] Built target std_msgs_generate_messages_cpp
[4.370s] [  0%] Built target tablet_socket_msgs_generate_messages_cpp
[4.512s] [  0%] Built target autoware_msgs_generate_messages_cpp
[4.715s] [  0%] Built target std_msgs_generate_messages_lisp
[4.871s] [  0%] Built target jsk_recognition_msgs_generate_messages_py
[5.022s] [  0%] Built target sensor_msgs_generate_messages_cpp
[5.166s] [  0%] Built target pcl_msgs_generate_messages_cpp
[5.306s] [  0%] Built target roscpp_generate_messages_cpp
[5.459s] [  0%] Built target sensor_msgs_generate_messages_eus
[5.639s] [  0%] Built target sensor_msgs_generate_messages_lisp
[5.808s] [  0%] Built target pcl_msgs_generate_messages_eus
[5.951s] [  0%] Built target pcl_msgs_generate_messages_nodejs
[6.125s] [  0%] Built target pcl_msgs_generate_messages_lisp
[6.274s] [  0%] Built target pcl_msgs_generate_messages_py
[6.426s] [  0%] Built target sensor_msgs_generate_messages_nodejs
[6.577s] [  0%] Built target jsk_footstep_msgs_generate_messages_nodejs
[6.785s] [  0%] Built target actionlib_msgs_generate_messages_cpp
[6.926s] [  0%] Built target std_msgs_generate_messages_eus
[7.072s] [  0%] Built target actionlib_msgs_generate_messages_lisp
[7.216s] [  0%] Built target actionlib_msgs_generate_messages_nodejs
[7.361s] [  0%] Built target actionlib_msgs_generate_messages_py
[7.504s] [  0%] Built target rosgraph_msgs_generate_messages_nodejs
[7.669s] [  0%] Built target roscpp_generate_messages_eus
[7.836s] [  0%] Built target jsk_footstep_msgs_generate_messages_cpp
[7.977s] [  0%] Built target roscpp_generate_messages_nodejs
[8.119s] [  0%] Built target jsk_recognition_msgs_generate_messages_nodejs
[8.263s] [  0%] Built target roscpp_generate_messages_py
[8.406s] [  0%] Built target autoware_msgs_generate_messages_eus
[8.563s] [  0%] Built target geometry_msgs_generate_messages_lisp
[8.758s] [  0%] Built target jsk_recognition_msgs_generate_messages_cpp
[8.899s] [  0%] Built target std_msgs_generate_messages_py
[9.043s] [  0%] Built target jsk_recognition_msgs_generate_messages_eus
[9.188s] [  0%] Built target jsk_recognition_msgs_generate_messages_lisp
[9.329s] [  0%] Built target rosgraph_msgs_generate_messages_py
[9.476s] [  0%] Built target tablet_socket_msgs_generate_messages_py
[9.643s] [  0%] Built target tablet_socket_msgs_generate_messages_eus
[9.809s] [  0%] Built target tablet_socket_msgs_generate_messages_nodejs
[9.989s] [ 50%] Built target vehicle_sender
[10.145s] [100%] Built target vehicle_receiver
[11.471s] Built target tests
[12.757s] [  0%] Built target rosgraph_msgs_generate_messages_eus
[12.899s] [  0%] Built target geometry_msgs_generate_messages_eus
[13.043s] [  0%] Built target std_msgs_generate_messages_nodejs
[13.187s] [  0%] Built target jsk_footstep_msgs_generate_messages_py
[13.332s] [  0%] Built target geometry_msgs_generate_messages_py
[13.474s] [  0%] Built target sensor_msgs_generate_messages_py
[13.654s] [  0%] Built target jsk_footstep_msgs_generate_messages_lisp
[13.814s] [  0%] Built target autoware_msgs_generate_messages_nodejs
[13.959s] [  0%] Built target autoware_msgs_generate_messages_lisp
[14.104s] [  0%] Built target geometry_msgs_generate_messages_cpp
[14.252s] [  0%] Built target jsk_footstep_msgs_generate_messages_eus
[14.397s] [  0%] Built target autoware_can_msgs_generate_messages_eus
[14.542s] [  0%] Built target rosgraph_msgs_generate_messages_cpp
[14.734s] [  0%] Built target geometry_msgs_generate_messages_nodejs
[14.877s] [  0%] Built target autoware_can_msgs_generate_messages_py
[15.021s] [  0%] Built target tablet_socket_msgs_generate_messages_lisp
[15.162s] [  0%] Built target autoware_can_msgs_generate_messages_cpp
[15.311s] [  0%] Built target roscpp_generate_messages_lisp
[15.461s] [  0%] Built target actionlib_msgs_generate_messages_eus
[15.625s] [  0%] Built target autoware_msgs_generate_messages_py
[15.802s] [  0%] Built target rosgraph_msgs_generate_messages_lisp
[15.948s] [  0%] Built target autoware_can_msgs_generate_messages_lisp
[16.089s] [  0%] Built target autoware_can_msgs_generate_messages_nodejs
[16.237s] [  0%] Built target std_msgs_generate_messages_cpp
[16.378s] [  0%] Built target tablet_socket_msgs_generate_messages_cpp
[16.521s] [  0%] Built target autoware_msgs_generate_messages_cpp
[16.714s] [  0%] Built target std_msgs_generate_messages_lisp
[16.862s] [  0%] Built target jsk_recognition_msgs_generate_messages_py
[17.003s] [  0%] Built target sensor_msgs_generate_messages_cpp
[17.148s] [  0%] Built target pcl_msgs_generate_messages_cpp
[17.298s] [  0%] Built target roscpp_generate_messages_cpp
[17.443s] [  0%] Built target sensor_msgs_generate_messages_eus
[17.618s] [  0%] Built target sensor_msgs_generate_messages_lisp
[17.802s] [  0%] Built target pcl_msgs_generate_messages_eus
[17.950s] [  0%] Built target pcl_msgs_generate_messages_nodejs
[18.088s] [  0%] Built target pcl_msgs_generate_messages_lisp
[18.231s] [  0%] Built target pcl_msgs_generate_messages_py
[18.373s] [  0%] Built target sensor_msgs_generate_messages_nodejs
[18.524s] [  0%] Built target jsk_footstep_msgs_generate_messages_nodejs
[18.700s] [  0%] Built target actionlib_msgs_generate_messages_cpp
[18.851s] [  0%] Built target std_msgs_generate_messages_eus
[18.991s] [  0%] Built target actionlib_msgs_generate_messages_lisp
[19.133s] [  0%] Built target actionlib_msgs_generate_messages_nodejs
[19.274s] [  0%] Built target actionlib_msgs_generate_messages_py
[19.421s] [  0%] Built target rosgraph_msgs_generate_messages_nodejs
[19.573s] [  0%] Built target roscpp_generate_messages_eus
[19.776s] [  0%] Built target jsk_footstep_msgs_generate_messages_cpp
[19.920s] [  0%] Built target roscpp_generate_messages_nodejs
[20.070s] [  0%] Built target jsk_recognition_msgs_generate_messages_nodejs
[20.216s] [  0%] Built target roscpp_generate_messages_py
[20.359s] [  0%] Built target autoware_msgs_generate_messages_eus
[20.503s] [  0%] Built target geometry_msgs_generate_messages_lisp
[20.720s] [  0%] Built target jsk_recognition_msgs_generate_messages_cpp
[20.862s] [  0%] Built target std_msgs_generate_messages_py
[21.008s] [  0%] Built target jsk_recognition_msgs_generate_messages_eus
[21.151s] [  0%] Built target jsk_recognition_msgs_generate_messages_lisp
[21.296s] [  0%] Built target rosgraph_msgs_generate_messages_py
[21.438s] [  0%] Built target tablet_socket_msgs_generate_messages_py
[21.584s] [  0%] Built target tablet_socket_msgs_generate_messages_eus
[21.754s] [  0%] Built target tablet_socket_msgs_generate_messages_nodejs
[21.911s] [ 50%] Built target vehicle_sender
[22.066s] [100%] Built target vehicle_receiver
[22.206s] [36mInstall the project...[0m
[22.262s] -- Install configuration: "Release"
[22.263s] -- Up-to-date: /home/capstone/autoware.ai/install/vehicle_socket/lib/pkgconfig/vehicle_socket.pc
[22.263s] -- Up-to-date: /home/capstone/autoware.ai/install/vehicle_socket/share/vehicle_socket/cmake/vehicle_socketConfig.cmake
[22.263s] -- Up-to-date: /home/capstone/autoware.ai/install/vehicle_socket/share/vehicle_socket/cmake/vehicle_socketConfig-version.cmake
[22.263s] -- Up-to-date: /home/capstone/autoware.ai/install/vehicle_socket/share/vehicle_socket/package.xml
[22.264s] -- Up-to-date: /home/capstone/autoware.ai/install/vehicle_socket/lib/vehicle_socket/vehicle_sender
[22.266s] -- Up-to-date: /home/capstone/autoware.ai/install/vehicle_socket/lib/vehicle_socket/vehicle_receiver
