[0.622s] [ 48%] Built target sick_ldmrs
[0.800s] [ 48%] Built target pcl_msgs_generate_messages_nodejs
[0.944s] [ 48%] Built target pcl_msgs_generate_messages_lisp
[1.091s] [ 48%] Built target pcl_msgs_generate_messages_py
[1.238s] [ 48%] Built target sensor_msgs_generate_messages_eus
[1.389s] [ 48%] Built target sensor_msgs_generate_messages_lisp
[1.540s] [ 48%] Built target sensor_msgs_generate_messages_nodejs
[1.754s] [ 48%] Built target tf2_msgs_generate_messages_eus
[1.904s] [ 48%] Built target sensor_msgs_generate_messages_py
[2.058s] [ 48%] Built target geometry_msgs_generate_messages_py
[2.203s] [ 48%] Built target geometry_msgs_generate_messages_cpp
[2.365s] [ 48%] Built target geometry_msgs_generate_messages_lisp
[2.521s] [ 48%] Built target tf_generate_messages_cpp
[2.756s] [ 48%] Built target dynamic_reconfigure_generate_messages_eus
[2.903s] [ 48%] Built target geometry_msgs_generate_messages_nodejs
[3.054s] [ 48%] Built target actionlib_msgs_generate_messages_py
[3.207s] [ 48%] Built target tf2_msgs_generate_messages_nodejs
[3.366s] [ 48%] Built target tf2_msgs_generate_messages_lisp
[3.529s] [ 48%] Built target actionlib_msgs_generate_messages_cpp
[3.748s] [ 48%] Built target actionlib_generate_messages_nodejs
[3.901s] [ 48%] Built target tf2_msgs_generate_messages_py
[4.058s] [ 48%] Built target dynamic_reconfigure_generate_messages_nodejs
[4.204s] [ 48%] Built target pcl_msgs_generate_messages_cpp
[4.347s] [ 48%] Built target tf2_msgs_generate_messages_cpp
[4.499s] [ 48%] Built target dynamic_reconfigure_generate_messages_lisp
[4.729s] [ 48%] Built target rosgraph_msgs_generate_messages_nodejs
[4.889s] [ 48%] Built target actionlib_generate_messages_cpp
[5.045s] [ 48%] Built target rosgraph_msgs_generate_messages_eus
[5.199s] [ 48%] Built target roscpp_generate_messages_py
[5.376s] [ 48%] Built target dynamic_reconfigure_generate_messages_cpp
[5.528s] [ 48%] Built target tf_generate_messages_lisp
[5.791s] [ 48%] Built target rosgraph_msgs_generate_messages_py
[5.941s] [ 48%] Built target roscpp_generate_messages_lisp
[6.088s] [ 48%] Built target actionlib_generate_messages_lisp
[6.237s] [ 48%] Built target sick_ldmrs_msgs_generate_messages_eus
[6.387s] [ 48%] Built target roscpp_generate_messages_eus
[6.553s] [ 48%] Built target dynamic_reconfigure_gencfg
[6.764s] [ 48%] Built target roscpp_generate_messages_cpp
[6.910s] [ 48%] Built target sick_ldmrs_msgs_generate_messages_py
[7.088s] [ 48%] Built target std_msgs_generate_messages_nodejs
[7.258s] [ 48%] Built target geometry_msgs_generate_messages_eus
[7.416s] [ 48%] Built target sick_ldmrs_msgs_generate_messages_lisp
[7.619s] [ 48%] Built target std_msgs_generate_messages_py
[7.789s] [ 48%] Built target diagnostic_msgs_generate_messages_eus
[7.930s] [ 48%] Built target diagnostic_msgs_generate_messages_cpp
[8.074s] [ 48%] Built target std_msgs_generate_messages_cpp
[8.212s] [ 48%] Built target rosgraph_msgs_generate_messages_lisp
[8.357s] [ 48%] Built target tf_generate_messages_eus
[8.505s] [ 48%] Built target diagnostic_msgs_generate_messages_nodejs
[8.726s] [ 48%] Built target std_msgs_generate_messages_lisp
[8.874s] [ 49%] Built target sick_ldmrs_driver_gencfg
[9.019s] [ 49%] Built target sick_ldmrs_msgs_generate_messages_cpp
[9.165s] [ 49%] Built target sensor_msgs_generate_messages_cpp
[9.321s] [ 49%] Built target diagnostic_msgs_generate_messages_py
[9.468s] [ 49%] Built target sick_ldmrs_msgs_generate_messages_nodejs
[9.690s] [ 49%] Built target tf_generate_messages_nodejs
[9.843s] [ 49%] Built target rosgraph_msgs_generate_messages_cpp
[9.992s] [ 49%] Built target actionlib_generate_messages_eus
[10.171s] [ 97%] Built target LDMRS_Example
[10.325s] [ 97%] Built target pcl_msgs_generate_messages_eus
[10.474s] [ 97%] Built target std_msgs_generate_messages_eus
[10.688s] [ 97%] Built target tf_generate_messages_py
[10.836s] [ 97%] Built target actionlib_msgs_generate_messages_lisp
[10.988s] [ 97%] Built target actionlib_msgs_generate_messages_nodejs
[11.136s] [ 97%] Built target roscpp_generate_messages_nodejs
[11.279s] [ 97%] Built target diagnostic_msgs_generate_messages_lisp
[11.426s] [ 97%] Built target actionlib_generate_messages_py
[11.609s] [ 97%] Built target dynamic_reconfigure_generate_messages_py
[11.790s] [ 97%] Built target actionlib_msgs_generate_messages_eus
[11.983s] [100%] Built target sick_ldmrs_node
[13.357s] Built target tests
[14.772s] [ 48%] Built target sick_ldmrs
[14.922s] [ 48%] Built target pcl_msgs_generate_messages_nodejs
[15.107s] [ 48%] Built target pcl_msgs_generate_messages_lisp
[15.215s] [ 48%] Built target pcl_msgs_generate_messages_py
[15.358s] [ 48%] Built target sensor_msgs_generate_messages_eus
[15.498s] [ 48%] Built target sensor_msgs_generate_messages_lisp
[15.690s] [ 48%] Built target sensor_msgs_generate_messages_nodejs
[15.839s] [ 48%] Built target tf2_msgs_generate_messages_eus
[15.983s] [ 48%] Built target sensor_msgs_generate_messages_py
[16.128s] [ 48%] Built target geometry_msgs_generate_messages_py
[16.275s] [ 48%] Built target geometry_msgs_generate_messages_cpp
[16.419s] [ 48%] Built target geometry_msgs_generate_messages_lisp
[16.605s] [ 48%] Built target tf_generate_messages_cpp
[16.772s] [ 48%] Built target dynamic_reconfigure_generate_messages_eus
[16.915s] [ 48%] Built target geometry_msgs_generate_messages_nodejs
[17.069s] [ 48%] Built target actionlib_msgs_generate_messages_py
[17.217s] [ 48%] Built target tf2_msgs_generate_messages_nodejs
[17.364s] [ 48%] Built target tf2_msgs_generate_messages_lisp
[17.520s] [ 48%] Built target actionlib_msgs_generate_messages_cpp
[17.710s] [ 48%] Built target actionlib_generate_messages_nodejs
[17.852s] [ 48%] Built target tf2_msgs_generate_messages_py
[17.993s] [ 48%] Built target dynamic_reconfigure_generate_messages_nodejs
[18.135s] [ 48%] Built target pcl_msgs_generate_messages_cpp
[18.281s] [ 48%] Built target tf2_msgs_generate_messages_cpp
[18.425s] [ 48%] Built target dynamic_reconfigure_generate_messages_lisp
[18.618s] [ 48%] Built target rosgraph_msgs_generate_messages_nodejs
[18.809s] [ 48%] Built target actionlib_generate_messages_cpp
[18.962s] [ 48%] Built target rosgraph_msgs_generate_messages_eus
[19.109s] [ 48%] Built target roscpp_generate_messages_py
[19.253s] [ 48%] Built target dynamic_reconfigure_generate_messages_cpp
[19.398s] [ 48%] Built target tf_generate_messages_lisp
[19.572s] [ 48%] Built target rosgraph_msgs_generate_messages_py
[19.744s] [ 48%] Built target roscpp_generate_messages_lisp
[19.884s] [ 48%] Built target actionlib_generate_messages_lisp
[20.028s] [ 48%] Built target sick_ldmrs_msgs_generate_messages_eus
[20.170s] [ 48%] Built target roscpp_generate_messages_eus
[20.317s] [ 48%] Built target dynamic_reconfigure_gencfg
[20.462s] [ 48%] Built target roscpp_generate_messages_cpp
[20.675s] [ 48%] Built target sick_ldmrs_msgs_generate_messages_py
[20.826s] [ 48%] Built target std_msgs_generate_messages_nodejs
[20.972s] [ 48%] Built target geometry_msgs_generate_messages_eus
[21.114s] [ 48%] Built target sick_ldmrs_msgs_generate_messages_lisp
[21.257s] [ 48%] Built target std_msgs_generate_messages_py
[21.406s] [ 48%] Built target diagnostic_msgs_generate_messages_eus
[21.557s] [ 48%] Built target diagnostic_msgs_generate_messages_cpp
[21.747s] [ 48%] Built target std_msgs_generate_messages_cpp
[21.890s] [ 48%] Built target rosgraph_msgs_generate_messages_lisp
[22.032s] [ 48%] Built target tf_generate_messages_eus
[22.175s] [ 48%] Built target diagnostic_msgs_generate_messages_nodejs
[22.324s] [ 48%] Built target std_msgs_generate_messages_lisp
[22.463s] [ 49%] Built target sick_ldmrs_driver_gencfg
[22.651s] [ 49%] Built target sick_ldmrs_msgs_generate_messages_cpp
[22.802s] [ 49%] Built target sensor_msgs_generate_messages_cpp
[22.947s] [ 49%] Built target diagnostic_msgs_generate_messages_py
[23.096s] [ 49%] Built target sick_ldmrs_msgs_generate_messages_nodejs
[23.240s] [ 49%] Built target tf_generate_messages_nodejs
[23.389s] [ 49%] Built target rosgraph_msgs_generate_messages_cpp
[23.528s] [ 49%] Built target actionlib_generate_messages_eus
[23.748s] [ 97%] Built target LDMRS_Example
[23.895s] [ 97%] Built target pcl_msgs_generate_messages_eus
[24.043s] [ 97%] Built target std_msgs_generate_messages_eus
[24.196s] [ 97%] Built target tf_generate_messages_py
[24.342s] [ 97%] Built target actionlib_msgs_generate_messages_lisp
[24.489s] [ 97%] Built target actionlib_msgs_generate_messages_nodejs
[24.707s] [ 97%] Built target roscpp_generate_messages_nodejs
[24.870s] [ 97%] Built target diagnostic_msgs_generate_messages_lisp
[25.028s] [ 97%] Built target actionlib_generate_messages_py
[25.157s] [ 97%] Built target dynamic_reconfigure_generate_messages_py
[25.296s] [ 97%] Built target actionlib_msgs_generate_messages_eus
[25.483s] [100%] Built target sick_ldmrs_node
[25.709s] [36mInstall the project...[0m
[25.768s] -- Install configuration: "Release"
[25.768s] -- Up-to-date: /home/capstone/autoware.ai/install/sick_ldmrs_driver/include/sick_ldmrs_driver/SickLDMRSDriverConfig.h
[25.769s] -- Up-to-date: /home/capstone/autoware.ai/install/sick_ldmrs_driver/lib/python2.7/dist-packages/sick_ldmrs_driver/__init__.py
[25.855s] Listing /home/capstone/autoware.ai/build/sick_ldmrs_driver/devel/lib/python2.7/dist-packages/sick_ldmrs_driver/cfg ...
[25.858s] -- Up-to-date: /home/capstone/autoware.ai/install/sick_ldmrs_driver/lib/python2.7/dist-packages/sick_ldmrs_driver/cfg
[25.858s] -- Up-to-date: /home/capstone/autoware.ai/install/sick_ldmrs_driver/lib/python2.7/dist-packages/sick_ldmrs_driver/cfg/SickLDMRSDriverConfig.pyc
[25.859s] -- Up-to-date: /home/capstone/autoware.ai/install/sick_ldmrs_driver/lib/python2.7/dist-packages/sick_ldmrs_driver/cfg/SickLDMRSDriverConfig.py
[25.859s] -- Up-to-date: /home/capstone/autoware.ai/install/sick_ldmrs_driver/lib/python2.7/dist-packages/sick_ldmrs_driver/cfg/__init__.pyc
[25.859s] -- Up-to-date: /home/capstone/autoware.ai/install/sick_ldmrs_driver/lib/python2.7/dist-packages/sick_ldmrs_driver/cfg/__init__.py
[25.860s] -- Up-to-date: /home/capstone/autoware.ai/install/sick_ldmrs_driver/lib/pkgconfig/sick_ldmrs_driver.pc
[25.861s] -- Up-to-date: /home/capstone/autoware.ai/install/sick_ldmrs_driver/share/sick_ldmrs_driver/cmake/sick_ldmrs_driverConfig.cmake
[25.861s] -- Up-to-date: /home/capstone/autoware.ai/install/sick_ldmrs_driver/share/sick_ldmrs_driver/cmake/sick_ldmrs_driverConfig-version.cmake
[25.861s] -- Up-to-date: /home/capstone/autoware.ai/install/sick_ldmrs_driver/share/sick_ldmrs_driver/package.xml
[25.861s] -- Up-to-date: /home/capstone/autoware.ai/install/sick_ldmrs_driver/include/sick_ldmrs_driver
[25.862s] -- Up-to-date: /home/capstone/autoware.ai/install/sick_ldmrs_driver/include/sick_ldmrs_driver/sick_ldmrs_node.hpp
[25.864s] -- Up-to-date: /home/capstone/autoware.ai/install/sick_ldmrs_driver/lib/sick_ldmrs_driver/sick_ldmrs_node
[25.865s] -- Up-to-date: /home/capstone/autoware.ai/install/sick_ldmrs_driver/share/sick_ldmrs_driver/config
[25.865s] -- Up-to-date: /home/capstone/autoware.ai/install/sick_ldmrs_driver/share/sick_ldmrs_driver/config/analyzers.yaml
[25.865s] -- Up-to-date: /home/capstone/autoware.ai/install/sick_ldmrs_driver/share/sick_ldmrs_driver/launch
[25.866s] -- Up-to-date: /home/capstone/autoware.ai/install/sick_ldmrs_driver/share/sick_ldmrs_driver/launch/sick_ldmrs.launch
[25.866s] -- Up-to-date: /home/capstone/autoware.ai/install/sick_ldmrs_driver/share/sick_ldmrs_driver/launch/sick_ldmrs_node_with_aggregator.launch
[25.867s] -- Up-to-date: /home/capstone/autoware.ai/install/sick_ldmrs_driver/share/sick_ldmrs_driver/launch/sick_ldmrs_node.launch
[25.869s] -- Up-to-date: /home/capstone/autoware.ai/install/sick_ldmrs_driver/lib/cmake/SickLDMRS/SickLDMRSConfig.cmake
[25.869s] -- Up-to-date: /home/capstone/autoware.ai/install/sick_ldmrs_driver/lib/cmake/SickLDMRS/SickLDMRSConfigVersion.cmake
[25.871s] -- Up-to-date: /home/capstone/autoware.ai/install/sick_ldmrs_driver/lib/cmake/SickLDMRS/SickLDMRSTargets.cmake
[25.872s] -- Up-to-date: /home/capstone/autoware.ai/install/sick_ldmrs_driver/lib/cmake/SickLDMRS/SickLDMRSTargets-release.cmake
[25.872s] -- Up-to-date: /home/capstone/autoware.ai/install/sick_ldmrs_driver/share/sick_ldmrs/package.xml
[25.874s] -- Up-to-date: /home/capstone/autoware.ai/install/sick_ldmrs_driver/bin/LDMRS_Example
[25.875s] -- Up-to-date: /home/capstone/autoware.ai/install/sick_ldmrs_driver/lib/libsick_ldmrs.so.0.1.0
[25.876s] -- Up-to-date: /home/capstone/autoware.ai/install/sick_ldmrs_driver/lib/libsick_ldmrs.so.0
[25.876s] -- Up-to-date: /home/capstone/autoware.ai/install/sick_ldmrs_driver/lib/libsick_ldmrs.so
[25.876s] -- Up-to-date: /home/capstone/autoware.ai/install/sick_ldmrs_driver/include/sick_ldmrs/.
[25.876s] -- Up-to-date: /home/capstone/autoware.ai/install/sick_ldmrs_driver/include/sick_ldmrs/./interfaces
[25.877s] -- Up-to-date: /home/capstone/autoware.ai/install/sick_ldmrs_driver/include/sick_ldmrs/./interfaces/tcp.hpp
[25.877s] -- Up-to-date: /home/capstone/autoware.ai/install/sick_ldmrs_driver/include/sick_ldmrs/./interfaces/file.hpp
[25.877s] -- Up-to-date: /home/capstone/autoware.ai/install/sick_ldmrs_driver/include/sick_ldmrs/./application
[25.878s] -- Up-to-date: /home/capstone/autoware.ai/install/sick_ldmrs_driver/include/sick_ldmrs/./application/LdmrsScanpointCoordinateApp.hpp
[25.878s] -- Up-to-date: /home/capstone/autoware.ai/install/sick_ldmrs_driver/include/sick_ldmrs/./application/LdmrsNtpTimeApp.hpp
[25.878s] -- Up-to-date: /home/capstone/autoware.ai/install/sick_ldmrs_driver/include/sick_ldmrs/./application/LdmrsApp.hpp
[25.878s] -- Up-to-date: /home/capstone/autoware.ai/install/sick_ldmrs_driver/include/sick_ldmrs/./application/LdmrsSectorChangeApp.hpp
[25.878s] -- Up-to-date: /home/capstone/autoware.ai/install/sick_ldmrs_driver/include/sick_ldmrs/./application/LdmrsFieldApp.hpp
[25.879s] -- Up-to-date: /home/capstone/autoware.ai/install/sick_ldmrs_driver/include/sick_ldmrs/./application/BasicApplication.hpp
[25.879s] -- Up-to-date: /home/capstone/autoware.ai/install/sick_ldmrs_driver/include/sick_ldmrs/./datatypes
[25.880s] -- Up-to-date: /home/capstone/autoware.ai/install/sick_ldmrs_driver/include/sick_ldmrs/./datatypes/Circle2D.hpp
[25.880s] -- Up-to-date: /home/capstone/autoware.ai/install/sick_ldmrs_driver/include/sick_ldmrs/./datatypes/Measurement.hpp
[25.880s] -- Up-to-date: /home/capstone/autoware.ai/install/sick_ldmrs_driver/include/sick_ldmrs/./datatypes/PositionWGS84.hpp
[25.881s] -- Up-to-date: /home/capstone/autoware.ai/install/sick_ldmrs_driver/include/sick_ldmrs/./datatypes/Object.hpp
[25.882s] -- Up-to-date: /home/capstone/autoware.ai/install/sick_ldmrs_driver/include/sick_ldmrs/./datatypes/Point2D.hpp
[25.882s] -- Up-to-date: /home/capstone/autoware.ai/install/sick_ldmrs_driver/include/sick_ldmrs/./datatypes/Fields.hpp
[25.882s] -- Up-to-date: /home/capstone/autoware.ai/install/sick_ldmrs_driver/include/sick_ldmrs/./datatypes/ScannerInfo.hpp
[25.883s] -- Up-to-date: /home/capstone/autoware.ai/install/sick_ldmrs_driver/include/sick_ldmrs/./datatypes/Scan.hpp
[25.883s] -- Up-to-date: /home/capstone/autoware.ai/install/sick_ldmrs_driver/include/sick_ldmrs/./datatypes/SensorStateInfo.hpp
[25.883s] -- Up-to-date: /home/capstone/autoware.ai/install/sick_ldmrs_driver/include/sick_ldmrs/./datatypes/FieldDescription.hpp
[25.883s] -- Up-to-date: /home/capstone/autoware.ai/install/sick_ldmrs_driver/include/sick_ldmrs/./datatypes/Polygon2D.hpp
[25.883s] -- Up-to-date: /home/capstone/autoware.ai/install/sick_ldmrs_driver/include/sick_ldmrs/./datatypes/Box2D.hpp
[25.883s] -- Up-to-date: /home/capstone/autoware.ai/install/sick_ldmrs_driver/include/sick_ldmrs/./datatypes/EvalCaseResults.hpp
[25.884s] -- Up-to-date: /home/capstone/autoware.ai/install/sick_ldmrs_driver/include/sick_ldmrs/./datatypes/Trigger.hpp
[25.884s] -- Up-to-date: /home/capstone/autoware.ai/install/sick_ldmrs_driver/include/sick_ldmrs/./datatypes/Polygon3D.hpp
[25.884s] -- Up-to-date: /home/capstone/autoware.ai/install/sick_ldmrs_driver/include/sick_ldmrs/./datatypes/ScanPoint.hpp
[25.884s] -- Up-to-date: /home/capstone/autoware.ai/install/sick_ldmrs_driver/include/sick_ldmrs/./datatypes/EvalCase.hpp
[25.884s] -- Up-to-date: /home/capstone/autoware.ai/install/sick_ldmrs_driver/include/sick_ldmrs/./datatypes/Ellipse2D.hpp
[25.884s] -- Up-to-date: /home/capstone/autoware.ai/install/sick_ldmrs_driver/include/sick_ldmrs/./datatypes/Point3D.hpp
[25.884s] -- Up-to-date: /home/capstone/autoware.ai/install/sick_ldmrs_driver/include/sick_ldmrs/./datatypes/EvalCaseResult.hpp
[25.885s] -- Up-to-date: /home/capstone/autoware.ai/install/sick_ldmrs_driver/include/sick_ldmrs/./datatypes/Position3D.hpp
[25.885s] -- Up-to-date: /home/capstone/autoware.ai/install/sick_ldmrs_driver/include/sick_ldmrs/./datatypes/Msg.hpp
[25.885s] -- Up-to-date: /home/capstone/autoware.ai/install/sick_ldmrs_driver/include/sick_ldmrs/./datatypes/FieldParameter.hpp
[25.885s] -- Up-to-date: /home/capstone/autoware.ai/install/sick_ldmrs_driver/include/sick_ldmrs/./datatypes/EvalCases.hpp
[25.885s] -- Up-to-date: /home/capstone/autoware.ai/install/sick_ldmrs_driver/include/sick_ldmrs/./datatypes/Line2D.hpp
[25.885s] -- Up-to-date: /home/capstone/autoware.ai/install/sick_ldmrs_driver/include/sick_ldmrs/./sopas
[25.886s] -- Up-to-date: /home/capstone/autoware.ai/install/sick_ldmrs_driver/include/sick_ldmrs/./sopas/LdmrsSopasLayer.hpp
[25.890s] -- Up-to-date: /home/capstone/autoware.ai/install/sick_ldmrs_driver/include/sick_ldmrs/./sopas/SopasBase.hpp
[25.892s] -- Up-to-date: /home/capstone/autoware.ai/install/sick_ldmrs_driver/include/sick_ldmrs/./sopas/colab.hpp
[25.892s] -- Up-to-date: /home/capstone/autoware.ai/install/sick_ldmrs_driver/include/sick_ldmrs/./sopas/colaa.hpp
[25.892s] -- Up-to-date: /home/capstone/autoware.ai/install/sick_ldmrs_driver/include/sick_ldmrs/./manager.hpp
[25.892s] -- Up-to-date: /home/capstone/autoware.ai/install/sick_ldmrs_driver/include/sick_ldmrs/./BasicDatatypes.hpp
[25.892s] -- Up-to-date: /home/capstone/autoware.ai/install/sick_ldmrs_driver/include/sick_ldmrs/./tools
[25.893s] -- Up-to-date: /home/capstone/autoware.ai/install/sick_ldmrs_driver/include/sick_ldmrs/./tools/errorhandler.hpp
[25.893s] -- Up-to-date: /home/capstone/autoware.ai/install/sick_ldmrs_driver/include/sick_ldmrs/./tools/toolbox.hpp
[25.893s] -- Up-to-date: /home/capstone/autoware.ai/install/sick_ldmrs_driver/include/sick_ldmrs/./tools/Time.hpp
[25.893s] -- Up-to-date: /home/capstone/autoware.ai/install/sick_ldmrs_driver/include/sick_ldmrs/./tools/SickThread.hpp
[25.893s] -- Up-to-date: /home/capstone/autoware.ai/install/sick_ldmrs_driver/include/sick_ldmrs/./tools/Timer.hpp
[25.894s] -- Up-to-date: /home/capstone/autoware.ai/install/sick_ldmrs_driver/include/sick_ldmrs/./tools/BasicDataBuffer.hpp
[25.894s] -- Up-to-date: /home/capstone/autoware.ai/install/sick_ldmrs_driver/include/sick_ldmrs/./tools/MathToolbox.hpp
[25.894s] -- Up-to-date: /home/capstone/autoware.ai/install/sick_ldmrs_driver/include/sick_ldmrs/./tools/WatchdogTimer.hpp
[25.894s] -- Up-to-date: /home/capstone/autoware.ai/install/sick_ldmrs_driver/include/sick_ldmrs/./tools/Mutex.hpp
[25.894s] -- Up-to-date: /home/capstone/autoware.ai/install/sick_ldmrs_driver/include/sick_ldmrs/./devices
[25.895s] -- Up-to-date: /home/capstone/autoware.ai/install/sick_ldmrs_driver/include/sick_ldmrs/./devices/BasicDevice.hpp
[25.895s] -- Up-to-date: /home/capstone/autoware.ai/install/sick_ldmrs_driver/include/sick_ldmrs/./devices/LD_MRS.hpp
[25.895s] -- Up-to-date: /home/capstone/autoware.ai/install/sick_ldmrs_driver/include/sick_ldmrs/./devices/LuxBase.hpp
