[0.829s] -- The C compiler identification is GNU 7.5.0
[1.187s] -- The CXX compiler identification is GNU 7.5.0
[1.218s] -- Check for working C compiler: /usr/bin/cc
[1.971s] -- Check for working C compiler: /usr/bin/cc -- works
[1.973s] -- Detecting C compiler ABI info
[2.694s] -- Detecting C compiler ABI info - done
[2.716s] -- Detecting C compile features
[5.167s] -- Detecting C compile features - done
[5.175s] -- Check for working CXX compiler: /usr/bin/c++
[5.935s] -- Check for working CXX compiler: /usr/bin/c++ -- works
[5.935s] -- Detecting CXX compiler ABI info
[6.625s] -- Detecting CXX compiler ABI info - done
[6.661s] -- Detecting CXX compile features
[9.664s] -- Detecting CXX compile features - done
[9.686s] -- CUDA compilation status: 1.
[9.729s] -- Using CATKIN_DEVEL_PREFIX: /home/capstone/autoware.ai/build/vehicle_engage_panel/devel
[9.730s] -- Using CMAKE_PREFIX_PATH: /home/capstone/autoware.ai/install/autoware_msgs;/home/capstone/autoware.ai/install/autoware_build_flags;/home/capstone/autoware.ai/install/wf_simulator;/home/capstone/autoware.ai/install/vision_ssd_detect;/home/capstone/autoware.ai/install/vision_segment_enet_detect;/home/capstone/autoware.ai/install/vision_lane_detect;/home/capstone/autoware.ai/install/vision_darknet_detect;/home/capstone/autoware.ai/install/vision_beyond_track;/home/capstone/autoware.ai/install/vel_pose_diff_checker;/home/capstone/autoware.ai/install/vehicle_socket;/home/capstone/autoware.ai/install/vehicle_sim_model;/home/capstone/autoware.ai/install/vehicle_model;/home/capstone/autoware.ai/install/vehicle_gazebo_simulation_launcher;/home/capstone/autoware.ai/install/vehicle_gazebo_simulation_interface;/home/capstone/autoware.ai/install/vehicle_engage_panel;/home/capstone/autoware.ai/install/vehicle_description;/home/capstone/autoware.ai/install/op_ros_helpers;/home/capstone/autoware.ai/install/op_simu;/home/capstone/autoware.ai/install/op_planner;/home/capstone/autoware.ai/install/op_utility;/home/capstone/autoware.ai/install/vector_map_server;/home/capstone/autoware.ai/install/object_map;/home/capstone/autoware.ai/install/lanelet_aisan_converter;/home/capstone/autoware.ai/install/map_file;/home/capstone/autoware.ai/install/libvectormap;/home/capstone/autoware.ai/install/vector_map;/home/capstone/autoware.ai/install/vector_map_msgs;/home/capstone/autoware.ai/install/twist_generator;/home/capstone/autoware.ai/install/twist2odom;/home/capstone/autoware.ai/install/runtime_manager;/home/capstone/autoware.ai/install/tablet_socket_msgs;/home/capstone/autoware.ai/install/sound_player;/home/capstone/autoware.ai/install/points2image;/home/capstone/autoware.ai/install/rosinterface;/home/capstone/autoware.ai/install/rosbag_controller;/home/capstone/autoware.ai/install/points_preprocessor;/home/capstone/autoware.ai/install/lidar_localizer;/home/capstone/autoware.ai/install/emergency_handler;/home/capstone/autoware.ai/install/autoware_health_checker;/home/capstone/autoware.ai/install/ros_observer;/home/capstone/autoware.ai/install/range_vision_fusion;/home/capstone/autoware.ai/install/pos_db;/home/capstone/autoware.ai/install/points_downsampler;/home/capstone/autoware.ai/install/pixel_cloud_fusion;/home/capstone/autoware.ai/install/pcl_omp_registration;/home/capstone/autoware.ai/install/pc2_downsampler;/home/capstone/autoware.ai/install/obj_db;/home/capstone/autoware.ai/install/nmea_navsat;/home/capstone/autoware.ai/install/ndt_tku;/home/capstone/autoware.ai/install/ndt_gpu;/home/capstone/autoware.ai/install/ndt_cpu;/home/capstone/autoware.ai/install/multi_lidar_calibrator;/home/capstone/autoware.ai/install/mrt_cmake_modules;/home/capstone/autoware.ai/install/marker_downsampler;/home/capstone/autoware.ai/install/map_tools;/home/capstone/autoware.ai/install/map_tf_generator;/home/capstone/autoware.ai/install/log_tools;/home/capstone/autoware.ai/install/libwaypoint_follower;/home/capstone/autoware.ai/install/lgsvl_simulator_bridge;/home/capstone/autoware.ai/install/lanelet2_extension;/home/capstone/autoware.ai/install/lanelet2_validation;/home/capstone/autoware.ai/install/lanelet2_examples;/home/capstone/autoware.ai/install/lanelet2_python;/home/capstone/autoware.ai/install/lanelet2_routing;/home/capstone/autoware.ai/install/lanelet2_traffic_rules;/home/capstone/autoware.ai/install/lanelet2_projection;/home/capstone/autoware.ai/install/lanelet2_maps;/home/capstone/autoware.ai/install/lanelet2_io;/home/capstone/autoware.ai/install/lanelet2_core;/home/capstone/autoware.ai/install/integrated_viewer;/home/capstone/autoware.ai/install/image_processor;/home/capstone/autoware.ai/install/graph_tools;/home/capstone/autoware.ai/install/gnss_localizer;/home/capstone/autoware.ai/install/gnss;/home/capstone/autoware.ai/install/glviewer;/home/capstone/autoware.ai/install/gazebo_world_description;/home/capstone/autoware.ai/install/gazebo_imu_description;/home/capstone/autoware.ai/install/gazebo_camera_description;/home/capstone/autoware.ai/install/fastvirtualscan;/home/capstone/autoware.ai/install/ekf_localizer;/home/capstone/autoware.ai/install/detected_objects_visualizer;/home/capstone/autoware.ai/install/decision_maker_panel;/home/capstone/autoware.ai/install/data_preprocessor;/home/capstone/autoware.ai/install/carla_autoware_bridge;/home/capstone/autoware.ai/install/calibration_publisher;/home/capstone/autoware.ai/install/autoware_system_msgs;/home/capstone/autoware.ai/install/autoware_rviz_plugins;/home/capstone/autoware.ai/install/autoware_quickstart_examples;/home/capstone/autoware.ai/install/autoware_pointgrey_drivers;/home/capstone/autoware.ai/install/autoware_driveworks_interface;/home/capstone/autoware.ai/install/autoware_connector;/home/capstone/autoware.ai/install/autoware_camera_lidar_calibrator;/home/capstone/autoware.ai/install/amathutils_lib;/home/capstone/autoware.ai/install/autoware_map_msgs;/home/capstone/autoware.ai/install/autoware_launcher_rviz;/home/capstone/autoware.ai/install/autoware_launcher;/home/capstone/autoware.ai/install/autoware_lanelet2_msgs;/home/capstone/autoware.ai/install/autoware_external_msgs;/home/capstone/autoware.ai/install/autoware_driveworks_gmsl_interface;/home/capstone/autoware.ai/install/autoware_config_msgs;/home/capstone/autoware.ai/install/autoware_can_msgs;/home/capstone/autoware.ai/install/autoware_bag_tools;/opt/carla-ros-bridge/melodic;/opt/ros/melodic
[9.737s] -- This workspace overlays: /home/capstone/autoware.ai/install/autoware_msgs;/home/capstone/autoware.ai/install/autoware_build_flags;/home/capstone/autoware.ai/install/vehicle_sim_model;/home/capstone/autoware.ai/install/vehicle_gazebo_simulation_launcher;/home/capstone/autoware.ai/install/vehicle_description;/home/capstone/autoware.ai/install/op_simu;/home/capstone/autoware.ai/install/op_planner;/home/capstone/autoware.ai/install/op_utility;/home/capstone/autoware.ai/install/vector_map_server;/home/capstone/autoware.ai/install/libvectormap;/home/capstone/autoware.ai/install/vector_map;/home/capstone/autoware.ai/install/vector_map_msgs;/home/capstone/autoware.ai/install/twist2odom;/home/capstone/autoware.ai/install/runtime_manager;/home/capstone/autoware.ai/install/tablet_socket_msgs;/home/capstone/autoware.ai/install/sound_player;/home/capstone/autoware.ai/install/rosinterface;/home/capstone/autoware.ai/install/rosbag_controller;/home/capstone/autoware.ai/install/autoware_health_checker;/home/capstone/autoware.ai/install/ros_observer;/home/capstone/autoware.ai/install/pixel_cloud_fusion;/home/capstone/autoware.ai/install/pcl_omp_registration;/home/capstone/autoware.ai/install/pc2_downsampler;/home/capstone/autoware.ai/install/obj_db;/home/capstone/autoware.ai/install/nmea_navsat;/home/capstone/autoware.ai/install/ndt_tku;/home/capstone/autoware.ai/install/ndt_gpu;/home/capstone/autoware.ai/install/ndt_cpu;/home/capstone/autoware.ai/install/multi_lidar_calibrator;/home/capstone/autoware.ai/install/mrt_cmake_modules;/home/capstone/autoware.ai/install/marker_downsampler;/home/capstone/autoware.ai/install/map_tf_generator;/home/capstone/autoware.ai/install/log_tools;/home/capstone/autoware.ai/install/libwaypoint_follower;/home/capstone/autoware.ai/install/lgsvl_simulator_bridge;/home/capstone/autoware.ai/install/lanelet2_traffic_rules;/home/capstone/autoware.ai/install/lanelet2_maps;/home/capstone/autoware.ai/install/lanelet2_core;/home/capstone/autoware.ai/install/integrated_viewer;/home/capstone/autoware.ai/install/image_processor;/home/capstone/autoware.ai/install/graph_tools;/home/capstone/autoware.ai/install/gnss_localizer;/home/capstone/autoware.ai/install/gnss;/home/capstone/autoware.ai/install/glviewer;/home/capstone/autoware.ai/install/gazebo_world_description;/home/capstone/autoware.ai/install/gazebo_imu_description;/home/capstone/autoware.ai/install/gazebo_camera_description;/home/capstone/autoware.ai/install/fastvirtualscan;/home/capstone/autoware.ai/install/detected_objects_visualizer;/home/capstone/autoware.ai/install/decision_maker_panel;/home/capstone/autoware.ai/install/data_preprocessor;/home/capstone/autoware.ai/install/carla_autoware_bridge;/home/capstone/autoware.ai/install/calibration_publisher;/home/capstone/autoware.ai/install/autoware_system_msgs;/home/capstone/autoware.ai/install/autoware_rviz_plugins;/home/capstone/autoware.ai/install/autoware_quickstart_examples;/home/capstone/autoware.ai/install/autoware_pointgrey_drivers;/home/capstone/autoware.ai/install/autoware_driveworks_interface;/home/capstone/autoware.ai/install/autoware_connector;/home/capstone/autoware.ai/install/autoware_camera_lidar_calibrator;/home/capstone/autoware.ai/install/amathutils_lib;/home/capstone/autoware.ai/install/autoware_map_msgs;/home/capstone/autoware.ai/install/autoware_launcher_rviz;/home/capstone/autoware.ai/install/autoware_launcher;/home/capstone/autoware.ai/install/autoware_lanelet2_msgs;/home/capstone/autoware.ai/install/autoware_external_msgs;/home/capstone/autoware.ai/install/autoware_driveworks_gmsl_interface;/home/capstone/autoware.ai/install/autoware_config_msgs;/home/capstone/autoware.ai/install/autoware_can_msgs;/home/capstone/autoware.ai/install/autoware_bag_tools;/opt/carla-ros-bridge/melodic;/opt/ros/melodic
[9.876s] -- Found PythonInterp: /usr/bin/python2 (found suitable version "2.7.17", minimum required is "2") 
[9.876s] -- Using PYTHON_EXECUTABLE: /usr/bin/python2
[9.876s] -- Using Debian Python package layout
[9.880s] -- Using empy: /usr/bin/empy
[10.334s] -- Using CATKIN_ENABLE_TESTING: ON
[10.336s] -- Call enable_testing()
[10.349s] -- Using CATKIN_TEST_RESULTS_DIR: /home/capstone/autoware.ai/build/vehicle_engage_panel/test_results
[10.457s] -- Found gtest sources under '/usr/src/googletest': gtests will be built
[10.459s] -- Found gmock sources under '/usr/src/googletest': gmock will be built
[10.566s] -- Found PythonInterp: /usr/bin/python2 (found version "2.7.17") 
[10.574s] -- Looking for pthread.h
[11.165s] -- Looking for pthread.h - found
[11.167s] -- Looking for pthread_create
[11.703s] -- Looking for pthread_create - not found
[11.703s] -- Looking for pthread_create in pthreads
[12.278s] -- Looking for pthread_create in pthreads - not found
[12.279s] -- Looking for pthread_create in pthread
[12.930s] -- Looking for pthread_create in pthread - found
[12.933s] -- Found Threads: TRUE  
[12.950s] -- Using Python nosetests: /usr/bin/nosetests-2.7
[13.212s] -- catkin 0.7.23
[13.213s] -- BUILD_SHARED_LIBS is on
[15.234s] -- Using these message generators: gencpp;geneus;genlisp;gennodejs;genpy
[17.335s] -- Using Qt5 based on the rviz_QT_VERSION: 5.9.5
[18.199s] -- Configuring done
[18.517s] -- Generating done
[18.597s] -- Build files have been written to: /home/capstone/autoware.ai/build/vehicle_engage_panel
[19.112s] [35m[1mScanning dependencies of target vehicle_engage_panel_autogen[0m
[19.257s] [ 25%] [34m[1mAutomatic MOC for target vehicle_engage_panel[0m
[19.616s] [ 25%] Built target vehicle_engage_panel_autogen
[19.712s] [35m[1mScanning dependencies of target vehicle_engage_panel[0m
[19.916s] [ 50%] [32mBuilding CXX object CMakeFiles/vehicle_engage_panel.dir/src/vehicle_engage_panel.cpp.o[0m
[28.202s] [ 75%] [32mBuilding CXX object CMakeFiles/vehicle_engage_panel.dir/vehicle_engage_panel_autogen/mocs_compilation.cpp.o[0m
[33.171s] [100%] [32m[1mLinking CXX shared library devel/lib/libvehicle_engage_panel.so[0m
[34.327s] [100%] Built target vehicle_engage_panel
[37.801s] [35m[1mScanning dependencies of target tests[0m
[37.925s] Built target tests
[41.077s] [ 25%] [34m[1mAutomatic MOC for target vehicle_engage_panel[0m
[41.306s] [ 25%] Built target vehicle_engage_panel_autogen
[41.663s] [100%] Built target vehicle_engage_panel
[41.817s] [36mInstall the project...[0m
[41.878s] -- Install configuration: "Release"
[41.878s] -- Installing: /home/capstone/autoware.ai/install/vehicle_engage_panel/lib/pkgconfig/vehicle_engage_panel.pc
[41.879s] -- Installing: /home/capstone/autoware.ai/install/vehicle_engage_panel/share/vehicle_engage_panel/cmake/vehicle_engage_panelConfig.cmake
[41.879s] -- Installing: /home/capstone/autoware.ai/install/vehicle_engage_panel/share/vehicle_engage_panel/cmake/vehicle_engage_panelConfig-version.cmake
[41.880s] -- Installing: /home/capstone/autoware.ai/install/vehicle_engage_panel/share/vehicle_engage_panel/package.xml
[41.880s] -- Installing: /home/capstone/autoware.ai/install/vehicle_engage_panel/lib/libvehicle_engage_panel.so
[41.888s] -- Set runtime path of "/home/capstone/autoware.ai/install/vehicle_engage_panel/lib/libvehicle_engage_panel.so" to ""
[41.888s] -- Installing: /home/capstone/autoware.ai/install/vehicle_engage_panel/share/vehicle_engage_panel/plugin_description.xml
