[0.960s] -- The C compiler identification is GNU 7.5.0
[1.288s] -- The CXX compiler identification is GNU 7.5.0
[1.336s] -- Check for working C compiler: /usr/bin/cc
[1.969s] -- Check for working C compiler: /usr/bin/cc -- works
[1.970s] -- Detecting C compiler ABI info
[2.706s] -- Detecting C compiler ABI info - done
[2.728s] -- Detecting C compile features
[4.988s] -- Detecting C compile features - done
[4.995s] -- Check for working CXX compiler: /usr/bin/c++
[5.641s] -- Check for working CXX compiler: /usr/bin/c++ -- works
[5.643s] -- Detecting CXX compiler ABI info
[6.351s] -- Detecting CXX compiler ABI info - done
[6.381s] -- Detecting CXX compile features
[9.296s] -- Detecting CXX compile features - done
[9.307s] -- CUDA compilation status: 1.
[9.360s] -- Using CATKIN_DEVEL_PREFIX: /home/capstone/autoware.ai/build/lidar_euclidean_cluster_detect/devel
[9.360s] -- Using CMAKE_PREFIX_PATH: /home/capstone/autoware.ai/install/vector_map_server;/home/capstone/autoware.ai/install/vector_map;/home/capstone/autoware.ai/install/vector_map_msgs;/home/capstone/autoware.ai/install/autoware_msgs;/home/capstone/autoware.ai/install/autoware_build_flags;/home/capstone/autoware.ai/install/wf_simulator;/home/capstone/autoware.ai/install/vision_ssd_detect;/home/capstone/autoware.ai/install/vision_segment_enet_detect;/home/capstone/autoware.ai/install/vision_lane_detect;/home/capstone/autoware.ai/install/vision_darknet_detect;/home/capstone/autoware.ai/install/vision_beyond_track;/home/capstone/autoware.ai/install/vel_pose_diff_checker;/home/capstone/autoware.ai/install/vehicle_socket;/home/capstone/autoware.ai/install/vehicle_sim_model;/home/capstone/autoware.ai/install/vehicle_model;/home/capstone/autoware.ai/install/vehicle_gazebo_simulation_launcher;/home/capstone/autoware.ai/install/vehicle_gazebo_simulation_interface;/home/capstone/autoware.ai/install/vehicle_engage_panel;/home/capstone/autoware.ai/install/vehicle_description;/home/capstone/autoware.ai/install/op_ros_helpers;/home/capstone/autoware.ai/install/op_simu;/home/capstone/autoware.ai/install/op_planner;/home/capstone/autoware.ai/install/op_utility;/home/capstone/autoware.ai/install/object_map;/home/capstone/autoware.ai/install/lanelet_aisan_converter;/home/capstone/autoware.ai/install/map_file;/home/capstone/autoware.ai/install/libvectormap;/home/capstone/autoware.ai/install/twist_generator;/home/capstone/autoware.ai/install/twist2odom;/home/capstone/autoware.ai/install/runtime_manager;/home/capstone/autoware.ai/install/tablet_socket_msgs;/home/capstone/autoware.ai/install/sound_player;/home/capstone/autoware.ai/install/points2image;/home/capstone/autoware.ai/install/rosinterface;/home/capstone/autoware.ai/install/rosbag_controller;/home/capstone/autoware.ai/install/points_preprocessor;/home/capstone/autoware.ai/install/lidar_localizer;/home/capstone/autoware.ai/install/emergency_handler;/home/capstone/autoware.ai/install/autoware_health_checker;/home/capstone/autoware.ai/install/ros_observer;/home/capstone/autoware.ai/install/range_vision_fusion;/home/capstone/autoware.ai/install/pos_db;/home/capstone/autoware.ai/install/points_downsampler;/home/capstone/autoware.ai/install/pixel_cloud_fusion;/home/capstone/autoware.ai/install/pcl_omp_registration;/home/capstone/autoware.ai/install/pc2_downsampler;/home/capstone/autoware.ai/install/obj_db;/home/capstone/autoware.ai/install/nmea_navsat;/home/capstone/autoware.ai/install/ndt_tku;/home/capstone/autoware.ai/install/ndt_gpu;/home/capstone/autoware.ai/install/ndt_cpu;/home/capstone/autoware.ai/install/multi_lidar_calibrator;/home/capstone/autoware.ai/install/mrt_cmake_modules;/home/capstone/autoware.ai/install/marker_downsampler;/home/capstone/autoware.ai/install/map_tools;/home/capstone/autoware.ai/install/map_tf_generator;/home/capstone/autoware.ai/install/log_tools;/home/capstone/autoware.ai/install/libwaypoint_follower;/home/capstone/autoware.ai/install/lgsvl_simulator_bridge;/home/capstone/autoware.ai/install/lanelet2_extension;/home/capstone/autoware.ai/install/lanelet2_validation;/home/capstone/autoware.ai/install/lanelet2_examples;/home/capstone/autoware.ai/install/lanelet2_python;/home/capstone/autoware.ai/install/lanelet2_routing;/home/capstone/autoware.ai/install/lanelet2_traffic_rules;/home/capstone/autoware.ai/install/lanelet2_projection;/home/capstone/autoware.ai/install/lanelet2_maps;/home/capstone/autoware.ai/install/lanelet2_io;/home/capstone/autoware.ai/install/lanelet2_core;/home/capstone/autoware.ai/install/integrated_viewer;/home/capstone/autoware.ai/install/image_processor;/home/capstone/autoware.ai/install/graph_tools;/home/capstone/autoware.ai/install/gnss_localizer;/home/capstone/autoware.ai/install/gnss;/home/capstone/autoware.ai/install/glviewer;/home/capstone/autoware.ai/install/gazebo_world_description;/home/capstone/autoware.ai/install/gazebo_imu_description;/home/capstone/autoware.ai/install/gazebo_camera_description;/home/capstone/autoware.ai/install/fastvirtualscan;/home/capstone/autoware.ai/install/ekf_localizer;/home/capstone/autoware.ai/install/detected_objects_visualizer;/home/capstone/autoware.ai/install/decision_maker_panel;/home/capstone/autoware.ai/install/data_preprocessor;/home/capstone/autoware.ai/install/carla_autoware_bridge;/home/capstone/autoware.ai/install/calibration_publisher;/home/capstone/autoware.ai/install/autoware_system_msgs;/home/capstone/autoware.ai/install/autoware_rviz_plugins;/home/capstone/autoware.ai/install/autoware_quickstart_examples;/home/capstone/autoware.ai/install/autoware_pointgrey_drivers;/home/capstone/autoware.ai/install/autoware_driveworks_interface;/home/capstone/autoware.ai/install/autoware_connector;/home/capstone/autoware.ai/install/autoware_camera_lidar_calibrator;/home/capstone/autoware.ai/install/amathutils_lib;/home/capstone/autoware.ai/install/autoware_map_msgs;/home/capstone/autoware.ai/install/autoware_launcher_rviz;/home/capstone/autoware.ai/install/autoware_launcher;/home/capstone/autoware.ai/install/autoware_lanelet2_msgs;/home/capstone/autoware.ai/install/autoware_external_msgs;/home/capstone/autoware.ai/install/autoware_driveworks_gmsl_interface;/home/capstone/autoware.ai/install/autoware_config_msgs;/home/capstone/autoware.ai/install/autoware_can_msgs;/home/capstone/autoware.ai/install/autoware_bag_tools;/opt/carla-ros-bridge/melodic;/opt/ros/melodic
[9.368s] -- This workspace overlays: /home/capstone/autoware.ai/install/vector_map_server;/home/capstone/autoware.ai/install/vector_map;/home/capstone/autoware.ai/install/vector_map_msgs;/home/capstone/autoware.ai/install/autoware_msgs;/home/capstone/autoware.ai/install/autoware_build_flags;/home/capstone/autoware.ai/install/vision_ssd_detect;/home/capstone/autoware.ai/install/vision_segment_enet_detect;/home/capstone/autoware.ai/install/vision_lane_detect;/home/capstone/autoware.ai/install/vision_darknet_detect;/home/capstone/autoware.ai/install/vision_beyond_track;/home/capstone/autoware.ai/install/vehicle_socket;/home/capstone/autoware.ai/install/vehicle_sim_model;/home/capstone/autoware.ai/install/vehicle_model;/home/capstone/autoware.ai/install/vehicle_gazebo_simulation_launcher;/home/capstone/autoware.ai/install/vehicle_gazebo_simulation_interface;/home/capstone/autoware.ai/install/vehicle_engage_panel;/home/capstone/autoware.ai/install/vehicle_description;/home/capstone/autoware.ai/install/op_simu;/home/capstone/autoware.ai/install/op_planner;/home/capstone/autoware.ai/install/op_utility;/home/capstone/autoware.ai/install/libvectormap;/home/capstone/autoware.ai/install/twist2odom;/home/capstone/autoware.ai/install/runtime_manager;/home/capstone/autoware.ai/install/tablet_socket_msgs;/home/capstone/autoware.ai/install/sound_player;/home/capstone/autoware.ai/install/rosinterface;/home/capstone/autoware.ai/install/rosbag_controller;/home/capstone/autoware.ai/install/emergency_handler;/home/capstone/autoware.ai/install/autoware_health_checker;/home/capstone/autoware.ai/install/ros_observer;/home/capstone/autoware.ai/install/range_vision_fusion;/home/capstone/autoware.ai/install/pos_db;/home/capstone/autoware.ai/install/points_downsampler;/home/capstone/autoware.ai/install/pixel_cloud_fusion;/home/capstone/autoware.ai/install/pcl_omp_registration;/home/capstone/autoware.ai/install/pc2_downsampler;/home/capstone/autoware.ai/install/obj_db;/home/capstone/autoware.ai/install/nmea_navsat;/home/capstone/autoware.ai/install/ndt_tku;/home/capstone/autoware.ai/install/ndt_gpu;/home/capstone/autoware.ai/install/ndt_cpu;/home/capstone/autoware.ai/install/multi_lidar_calibrator;/home/capstone/autoware.ai/install/mrt_cmake_modules;/home/capstone/autoware.ai/install/marker_downsampler;/home/capstone/autoware.ai/install/map_tools;/home/capstone/autoware.ai/install/map_tf_generator;/home/capstone/autoware.ai/install/log_tools;/home/capstone/autoware.ai/install/libwaypoint_follower;/home/capstone/autoware.ai/install/lgsvl_simulator_bridge;/home/capstone/autoware.ai/install/lanelet2_routing;/home/capstone/autoware.ai/install/lanelet2_traffic_rules;/home/capstone/autoware.ai/install/lanelet2_projection;/home/capstone/autoware.ai/install/lanelet2_maps;/home/capstone/autoware.ai/install/lanelet2_io;/home/capstone/autoware.ai/install/lanelet2_core;/home/capstone/autoware.ai/install/integrated_viewer;/home/capstone/autoware.ai/install/image_processor;/home/capstone/autoware.ai/install/graph_tools;/home/capstone/autoware.ai/install/gnss_localizer;/home/capstone/autoware.ai/install/gnss;/home/capstone/autoware.ai/install/glviewer;/home/capstone/autoware.ai/install/gazebo_world_description;/home/capstone/autoware.ai/install/gazebo_imu_description;/home/capstone/autoware.ai/install/gazebo_camera_description;/home/capstone/autoware.ai/install/fastvirtualscan;/home/capstone/autoware.ai/install/ekf_localizer;/home/capstone/autoware.ai/install/detected_objects_visualizer;/home/capstone/autoware.ai/install/decision_maker_panel;/home/capstone/autoware.ai/install/data_preprocessor;/home/capstone/autoware.ai/install/carla_autoware_bridge;/home/capstone/autoware.ai/install/calibration_publisher;/home/capstone/autoware.ai/install/autoware_system_msgs;/home/capstone/autoware.ai/install/autoware_rviz_plugins;/home/capstone/autoware.ai/install/autoware_quickstart_examples;/home/capstone/autoware.ai/install/autoware_pointgrey_drivers;/home/capstone/autoware.ai/install/autoware_driveworks_interface;/home/capstone/autoware.ai/install/autoware_connector;/home/capstone/autoware.ai/install/autoware_camera_lidar_calibrator;/home/capstone/autoware.ai/install/amathutils_lib;/home/capstone/autoware.ai/install/autoware_map_msgs;/home/capstone/autoware.ai/install/autoware_launcher_rviz;/home/capstone/autoware.ai/install/autoware_launcher;/home/capstone/autoware.ai/install/autoware_lanelet2_msgs;/home/capstone/autoware.ai/install/autoware_external_msgs;/home/capstone/autoware.ai/install/autoware_driveworks_gmsl_interface;/home/capstone/autoware.ai/install/autoware_config_msgs;/home/capstone/autoware.ai/install/autoware_can_msgs;/home/capstone/autoware.ai/install/autoware_bag_tools;/opt/carla-ros-bridge/melodic;/opt/ros/melodic
[9.463s] -- Found PythonInterp: /usr/bin/python2 (found suitable version "2.7.17", minimum required is "2") 
[9.464s] -- Using PYTHON_EXECUTABLE: /usr/bin/python2
[9.468s] -- Using Debian Python package layout
[9.468s] -- Using empy: /usr/bin/empy
[10.036s] -- Using CATKIN_ENABLE_TESTING: ON
[10.036s] -- Call enable_testing()
[10.067s] -- Using CATKIN_TEST_RESULTS_DIR: /home/capstone/autoware.ai/build/lidar_euclidean_cluster_detect/test_results
[10.346s] -- Found gtest sources under '/usr/src/googletest': gtests will be built
[10.349s] -- Found gmock sources under '/usr/src/googletest': gmock will be built
[10.486s] -- Found PythonInterp: /usr/bin/python2 (found version "2.7.17") 
[10.491s] -- Looking for pthread.h
[11.308s] -- Looking for pthread.h - found
[11.308s] -- Looking for pthread_create
[12.013s] -- Looking for pthread_create - not found
[12.013s] -- Looking for pthread_create in pthreads
[12.861s] -- Looking for pthread_create in pthreads - not found
[12.862s] -- Looking for pthread_create in pthread
[13.650s] -- Looking for pthread_create in pthread - found
[13.650s] -- Found Threads: TRUE  
[13.668s] -- Using Python nosetests: /usr/bin/nosetests-2.7
[13.881s] -- catkin 0.7.23
[13.881s] -- BUILD_SHARED_LIBS is on
[16.231s] -- Using these message generators: gencpp;geneus;genlisp;gennodejs;genpy
[25.070s] -- Found OpenMP_C: -fopenmp (found version "4.5") 
[25.927s] -- Found OpenMP_CXX: -fopenmp (found version "4.5") 
[25.929s] -- Found OpenMP: TRUE (found version "4.5")  
[26.034s] -- Found OpenCV: /usr (found version "3.2.0") 
[26.920s] -- Found PkgConfig: /usr/bin/pkg-config (found version "0.29.1") 
[26.924s] -- Checking for module 'yaml-cpp'
[27.206s] --   Found yaml-cpp, version 0.5.2
[28.070s] -- Found CUDA: /usr/local/cuda (found version "10.0") 
[28.164s] -- USING ACCELERATED CLUSTERING --
[28.165s] Version: 10.0
[28.165s] Library: /usr/lib/x86_64-linux-gnu/libcuda.so
[28.165s] Runtime: /usr/local/cuda/lib64/libcudart.so
[28.188s] -- Configuring done
[28.768s] -- Generating done
[28.873s] -- Build files have been written to: /home/capstone/autoware.ai/build/lidar_euclidean_cluster_detect
[29.436s] [ 20%] [34m[1mBuilding NVCC (Device) object CMakeFiles/gpu_euclidean_clustering.dir/nodes/lidar_euclidean_cluster_detect/gpu_euclidean_clustering_generated_gpu_euclidean_clustering.cu.o[0m
[43.032s] [35m[1mScanning dependencies of target gpu_euclidean_clustering[0m
[43.210s] [ 40%] [32m[1mLinking CXX shared library devel/lib/libgpu_euclidean_clustering.so[0m
[43.688s] [ 40%] Built target gpu_euclidean_clustering
[43.843s] [35m[1mScanning dependencies of target map_msgs_generate_messages_nodejs[0m
[43.977s] [ 40%] Built target map_msgs_generate_messages_nodejs
[44.098s] [35m[1mScanning dependencies of target map_msgs_generate_messages_lisp[0m
[44.235s] [ 40%] Built target map_msgs_generate_messages_lisp
[44.346s] [35m[1mScanning dependencies of target people_msgs_generate_messages_nodejs[0m
[44.505s] [ 40%] Built target people_msgs_generate_messages_nodejs
[44.654s] [35m[1mScanning dependencies of target people_msgs_generate_messages_lisp[0m
[44.760s] [ 40%] Built target people_msgs_generate_messages_lisp
[44.875s] [35m[1mScanning dependencies of target people_msgs_generate_messages_eus[0m
[45.026s] [ 40%] Built target people_msgs_generate_messages_eus
[45.185s] [35m[1mScanning dependencies of target grid_map_msgs_generate_messages_lisp[0m
[45.312s] [ 40%] Built target grid_map_msgs_generate_messages_lisp
[45.468s] [35m[1mScanning dependencies of target people_msgs_generate_messages_py[0m
[45.646s] [ 40%] Built target people_msgs_generate_messages_py
[45.817s] [35m[1mScanning dependencies of target std_msgs_generate_messages_py[0m
[45.984s] [ 40%] Built target std_msgs_generate_messages_py
[46.129s] [35m[1mScanning dependencies of target autoware_msgs_generate_messages_lisp[0m
[46.308s] [ 40%] Built target autoware_msgs_generate_messages_lisp
[46.459s] [35m[1mScanning dependencies of target topic_tools_generate_messages_cpp[0m
[46.608s] [ 40%] Built target topic_tools_generate_messages_cpp
[46.755s] [35m[1mScanning dependencies of target visualization_msgs_generate_messages_py[0m
[46.904s] [ 40%] Built target visualization_msgs_generate_messages_py
[47.050s] [35m[1mScanning dependencies of target rosgraph_msgs_generate_messages_eus[0m
[47.188s] [ 40%] Built target rosgraph_msgs_generate_messages_eus
[47.350s] [35m[1mScanning dependencies of target rosgraph_msgs_generate_messages_cpp[0m
[47.510s] [ 40%] Built target rosgraph_msgs_generate_messages_cpp
[47.630s] [35m[1mScanning dependencies of target actionlib_generate_messages_eus[0m
[47.797s] [ 40%] Built target actionlib_generate_messages_eus
[47.953s] [35m[1mScanning dependencies of target roscpp_generate_messages_nodejs[0m
[48.075s] [ 40%] Built target roscpp_generate_messages_nodejs
[48.244s] [35m[1mScanning dependencies of target roscpp_generate_messages_eus[0m
[48.354s] [ 40%] Built target roscpp_generate_messages_eus
[48.446s] [35m[1mScanning dependencies of target rosgraph_msgs_generate_messages_nodejs[0m
[48.546s] [ 40%] Built target rosgraph_msgs_generate_messages_nodejs
[48.665s] [35m[1mScanning dependencies of target actionlib_msgs_generate_messages_nodejs[0m
[48.805s] [ 40%] Built target actionlib_msgs_generate_messages_nodejs
[48.934s] [35m[1mScanning dependencies of target actionlib_msgs_generate_messages_lisp[0m
[49.063s] [ 40%] Built target actionlib_msgs_generate_messages_lisp
[49.188s] [35m[1mScanning dependencies of target tf_generate_messages_py[0m
[49.320s] [ 40%] Built target tf_generate_messages_py
[49.534s] [35m[1mScanning dependencies of target actionlib_msgs_generate_messages_cpp[0m
[49.647s] [ 40%] Built target actionlib_msgs_generate_messages_cpp
[49.817s] [35m[1mScanning dependencies of target vector_map_msgs_generate_messages_nodejs[0m
[49.974s] [ 40%] Built target vector_map_msgs_generate_messages_nodejs
[50.152s] [35m[1mScanning dependencies of target roscpp_generate_messages_py[0m
[50.320s] [ 40%] Built target roscpp_generate_messages_py
[50.498s] [35m[1mScanning dependencies of target sensor_msgs_generate_messages_nodejs[0m
[50.650s] [ 40%] Built target sensor_msgs_generate_messages_nodejs
[50.788s] [35m[1mScanning dependencies of target grid_map_msgs_generate_messages_eus[0m
[50.951s] [ 40%] Built target grid_map_msgs_generate_messages_eus
[51.077s] [35m[1mScanning dependencies of target grid_map_msgs_generate_messages_cpp[0m
[51.192s] [ 40%] Built target grid_map_msgs_generate_messages_cpp
[51.313s] [35m[1mScanning dependencies of target pcl_msgs_generate_messages_py[0m
[51.451s] [ 40%] Built target pcl_msgs_generate_messages_py
[51.595s] [35m[1mScanning dependencies of target pcl_msgs_generate_messages_lisp[0m
[51.714s] [ 40%] Built target pcl_msgs_generate_messages_lisp
[51.829s] [35m[1mScanning dependencies of target pcl_msgs_generate_messages_nodejs[0m
[51.946s] [ 40%] Built target pcl_msgs_generate_messages_nodejs
[52.085s] [35m[1mScanning dependencies of target jsk_rviz_plugins_generate_messages_eus[0m
[52.188s] [ 40%] Built target jsk_rviz_plugins_generate_messages_eus
[52.294s] [35m[1mScanning dependencies of target pcl_msgs_generate_messages_eus[0m
[52.433s] [ 40%] Built target pcl_msgs_generate_messages_eus
[52.532s] [35m[1mScanning dependencies of target geometry_msgs_generate_messages_cpp[0m
[52.644s] [ 40%] Built target geometry_msgs_generate_messages_cpp
[52.770s] [35m[1mScanning dependencies of target geometry_msgs_generate_messages_nodejs[0m
[52.917s] [ 40%] Built target geometry_msgs_generate_messages_nodejs
[53.014s] [35m[1mScanning dependencies of target jsk_recognition_utils_gencfg[0m
[53.144s] [ 40%] Built target jsk_recognition_utils_gencfg
[53.287s] [35m[1mScanning dependencies of target dynamic_reconfigure_generate_messages_eus[0m
[53.436s] [ 40%] Built target dynamic_reconfigure_generate_messages_eus
[53.606s] [35m[1mScanning dependencies of target jsk_rviz_plugins_generate_messages_lisp[0m
[53.714s] [ 40%] Built target jsk_rviz_plugins_generate_messages_lisp
[53.887s] [35m[1mScanning dependencies of target _catkin_empty_exported_target[0m
[54.031s] [ 40%] Built target _catkin_empty_exported_target
[54.189s] [35m[1mScanning dependencies of target actionlib_generate_messages_lisp[0m
[54.302s] [ 40%] Built target actionlib_generate_messages_lisp
[54.457s] [35m[1mScanning dependencies of target jsk_footstep_msgs_generate_messages_eus[0m
[54.615s] [ 40%] Built target jsk_footstep_msgs_generate_messages_eus
[54.761s] [35m[1mScanning dependencies of target autoware_msgs_generate_messages_cpp[0m
[54.885s] [ 40%] Built target autoware_msgs_generate_messages_cpp
[55.053s] [35m[1mScanning dependencies of target jsk_recognition_msgs_generate_messages_nodejs[0m
[55.195s] [ 40%] Built target jsk_recognition_msgs_generate_messages_nodejs
[55.327s] [35m[1mScanning dependencies of target std_msgs_generate_messages_lisp[0m
[55.465s] [ 40%] Built target std_msgs_generate_messages_lisp
[55.623s] [35m[1mScanning dependencies of target sensor_msgs_generate_messages_cpp[0m
[55.775s] [ 40%] Built target sensor_msgs_generate_messages_cpp
[55.927s] [35m[1mScanning dependencies of target nav_msgs_generate_messages_nodejs[0m
[56.079s] [ 40%] Built target nav_msgs_generate_messages_nodejs
[56.257s] [35m[1mScanning dependencies of target roscpp_generate_messages_cpp[0m
[56.402s] [ 40%] Built target roscpp_generate_messages_cpp
[56.524s] [35m[1mScanning dependencies of target sensor_msgs_generate_messages_eus[0m
[56.704s] [ 40%] Built target sensor_msgs_generate_messages_eus
[56.855s] [35m[1mScanning dependencies of target nodelet_topic_tools_gencfg[0m
[56.977s] [ 40%] Built target nodelet_topic_tools_gencfg
[57.109s] [35m[1mScanning dependencies of target rosgraph_msgs_generate_messages_lisp[0m
[57.239s] [ 40%] Built target rosgraph_msgs_generate_messages_lisp
[57.365s] [35m[1mScanning dependencies of target map_msgs_generate_messages_cpp[0m
[57.516s] [ 40%] Built target map_msgs_generate_messages_cpp
[57.679s] [35m[1mScanning dependencies of target autoware_msgs_generate_messages_py[0m
[57.794s] [ 40%] Built target autoware_msgs_generate_messages_py
[57.933s] [35m[1mScanning dependencies of target visualization_msgs_generate_messages_cpp[0m
[58.097s] [ 40%] Built target visualization_msgs_generate_messages_cpp
[58.222s] [35m[1mScanning dependencies of target tf_generate_messages_eus[0m
[58.329s] [ 40%] Built target tf_generate_messages_eus
[58.451s] [35m[1mScanning dependencies of target actionlib_msgs_generate_messages_eus[0m
[58.566s] [ 40%] Built target actionlib_msgs_generate_messages_eus
[58.679s] [35m[1mScanning dependencies of target dynamic_reconfigure_generate_messages_py[0m
[58.821s] [ 40%] Built target dynamic_reconfigure_generate_messages_py
[58.922s] [35m[1mScanning dependencies of target std_srvs_generate_messages_cpp[0m
[59.060s] [ 40%] Built target std_srvs_generate_messages_cpp
[59.194s] [35m[1mScanning dependencies of target jsk_hark_msgs_generate_messages_cpp[0m
[59.360s] [ 40%] Built target jsk_hark_msgs_generate_messages_cpp
[59.462s] [35m[1mScanning dependencies of target autoware_msgs_generate_messages_nodejs[0m
[59.570s] [ 40%] Built target autoware_msgs_generate_messages_nodejs
[59.682s] [35m[1mScanning dependencies of target jsk_footstep_msgs_generate_messages_lisp[0m
[59.827s] [ 40%] Built target jsk_footstep_msgs_generate_messages_lisp
[59.966s] [35m[1mScanning dependencies of target topic_tools_generate_messages_eus[0m
[60.076s] [ 40%] Built target topic_tools_generate_messages_eus
[60.174s] [35m[1mScanning dependencies of target sensor_msgs_generate_messages_py[0m
[60.276s] [ 40%] Built target sensor_msgs_generate_messages_py
[60.381s] [35m[1mScanning dependencies of target tf2_msgs_generate_messages_eus[0m
[60.489s] [ 40%] Built target tf2_msgs_generate_messages_eus
[60.597s] [35m[1mScanning dependencies of target geometry_msgs_generate_messages_py[0m
[60.704s] [ 40%] Built target geometry_msgs_generate_messages_py
[60.799s] [35m[1mScanning dependencies of target jsk_footstep_msgs_generate_messages_py[0m
[60.900s] [ 40%] Built target jsk_footstep_msgs_generate_messages_py
[61.008s] [35m[1mScanning dependencies of target vector_map_msgs_generate_messages_eus[0m
[61.112s] [ 40%] Built target vector_map_msgs_generate_messages_eus
[61.220s] [35m[1mScanning dependencies of target std_msgs_generate_messages_cpp[0m
[61.350s] [ 40%] Built target std_msgs_generate_messages_cpp
[61.441s] [35m[1mScanning dependencies of target geometry_msgs_generate_messages_eus[0m
[61.543s] [ 40%] Built target geometry_msgs_generate_messages_eus
[61.639s] [35m[1mScanning dependencies of target std_msgs_generate_messages_nodejs[0m
[61.744s] [ 40%] Built target std_msgs_generate_messages_nodejs
[61.844s] [35m[1mScanning dependencies of target nodelet_generate_messages_lisp[0m
[61.937s] [ 40%] Built target nodelet_generate_messages_lisp
[62.030s] [35m[1mScanning dependencies of target autoware_msgs_generate_messages_eus[0m
[62.128s] [ 40%] Built target autoware_msgs_generate_messages_eus
[62.255s] [35m[1mScanning dependencies of target jsk_rviz_plugins_generate_messages_nodejs[0m
[62.358s] [ 40%] Built target jsk_rviz_plugins_generate_messages_nodejs
[62.451s] [35m[1mScanning dependencies of target geometry_msgs_generate_messages_lisp[0m
[62.544s] [ 40%] Built target geometry_msgs_generate_messages_lisp
[62.637s] [35m[1mScanning dependencies of target jsk_recognition_msgs_generate_messages_cpp[0m
[62.739s] [ 40%] Built target jsk_recognition_msgs_generate_messages_cpp
[62.832s] [35m[1mScanning dependencies of target jsk_recognition_msgs_generate_messages_eus[0m
[62.943s] [ 40%] Built target jsk_recognition_msgs_generate_messages_eus
[63.050s] [35m[1mScanning dependencies of target grid_map_msgs_generate_messages_nodejs[0m
[63.165s] [ 40%] Built target grid_map_msgs_generate_messages_nodejs
[63.274s] [35m[1mScanning dependencies of target jsk_footstep_msgs_generate_messages_cpp[0m
[63.384s] [ 40%] Built target jsk_footstep_msgs_generate_messages_cpp
[63.484s] [35m[1mScanning dependencies of target actionlib_msgs_generate_messages_py[0m
[63.581s] [ 40%] Built target actionlib_msgs_generate_messages_py
[63.671s] [35m[1mScanning dependencies of target jsk_recognition_msgs_generate_messages_lisp[0m
[63.777s] [ 40%] Built target jsk_recognition_msgs_generate_messages_lisp
[63.875s] [35m[1mScanning dependencies of target grid_map_msgs_generate_messages_py[0m
[63.968s] [ 40%] Built target grid_map_msgs_generate_messages_py
[64.080s] [35m[1mScanning dependencies of target nav_msgs_generate_messages_cpp[0m
[64.175s] [ 40%] Built target nav_msgs_generate_messages_cpp
[64.289s] [35m[1mScanning dependencies of target visualization_msgs_generate_messages_eus[0m
[64.388s] [ 40%] Built target visualization_msgs_generate_messages_eus
[64.488s] [35m[1mScanning dependencies of target nav_msgs_generate_messages_eus[0m
[64.584s] [ 40%] Built target nav_msgs_generate_messages_eus
[64.681s] [35m[1mScanning dependencies of target nav_msgs_generate_messages_py[0m
[64.806s] [ 40%] Built target nav_msgs_generate_messages_py
[64.902s] [35m[1mScanning dependencies of target tf_generate_messages_lisp[0m
[64.994s] [ 40%] Built target tf_generate_messages_lisp
[65.088s] [35m[1mScanning dependencies of target std_msgs_generate_messages_eus[0m
[65.207s] [ 40%] Built target std_msgs_generate_messages_eus
[65.313s] [35m[1mScanning dependencies of target roscpp_generate_messages_lisp[0m
[65.440s] [ 40%] Built target roscpp_generate_messages_lisp
[65.528s] [35m[1mScanning dependencies of target std_srvs_generate_messages_lisp[0m
[65.626s] [ 40%] Built target std_srvs_generate_messages_lisp
[65.743s] [35m[1mScanning dependencies of target std_srvs_generate_messages_nodejs[0m
[65.863s] [ 40%] Built target std_srvs_generate_messages_nodejs
[65.949s] [35m[1mScanning dependencies of target topic_tools_generate_messages_lisp[0m
[66.065s] [ 40%] Built target topic_tools_generate_messages_lisp
[66.160s] [35m[1mScanning dependencies of target topic_tools_generate_messages_nodejs[0m
[66.268s] [ 40%] Built target topic_tools_generate_messages_nodejs
[66.402s] [35m[1mScanning dependencies of target tf_generate_messages_cpp[0m
[66.496s] [ 40%] Built target tf_generate_messages_cpp
[66.582s] [35m[1mScanning dependencies of target topic_tools_generate_messages_py[0m
[66.687s] [ 40%] Built target topic_tools_generate_messages_py
[66.785s] [35m[1mScanning dependencies of target tf_generate_messages_nodejs[0m
[66.887s] [ 40%] Built target tf_generate_messages_nodejs
[66.994s] [35m[1mScanning dependencies of target actionlib_generate_messages_cpp[0m
[67.100s] [ 40%] Built target actionlib_generate_messages_cpp
[67.218s] [35m[1mScanning dependencies of target jsk_hark_msgs_generate_messages_eus[0m
[67.320s] [ 40%] Built target jsk_hark_msgs_generate_messages_eus
[67.413s] [35m[1mScanning dependencies of target jsk_hark_msgs_generate_messages_py[0m
[67.510s] [ 40%] Built target jsk_hark_msgs_generate_messages_py
[67.647s] [35m[1mScanning dependencies of target std_srvs_generate_messages_py[0m
[67.766s] [ 40%] Built target std_srvs_generate_messages_py
[67.888s] [35m[1mScanning dependencies of target actionlib_generate_messages_nodejs[0m
[67.997s] [ 40%] Built target actionlib_generate_messages_nodejs
[68.116s] [35m[1mScanning dependencies of target actionlib_generate_messages_py[0m
[68.259s] [ 40%] Built target actionlib_generate_messages_py
[68.366s] [35m[1mScanning dependencies of target nav_msgs_generate_messages_lisp[0m
[68.457s] [ 40%] Built target nav_msgs_generate_messages_lisp
[68.546s] [35m[1mScanning dependencies of target tf2_msgs_generate_messages_cpp[0m
[68.660s] [ 40%] Built target tf2_msgs_generate_messages_cpp
[68.768s] [35m[1mScanning dependencies of target dynamic_reconfigure_generate_messages_lisp[0m
[68.878s] [ 40%] Built target dynamic_reconfigure_generate_messages_lisp
[68.976s] [35m[1mScanning dependencies of target jsk_hark_msgs_generate_messages_nodejs[0m
[69.057s] [ 40%] Built target jsk_hark_msgs_generate_messages_nodejs
[69.155s] [35m[1mScanning dependencies of target tf2_msgs_generate_messages_lisp[0m
[69.246s] [ 40%] Built target tf2_msgs_generate_messages_lisp
[69.356s] [35m[1mScanning dependencies of target nodelet_generate_messages_cpp[0m
[69.451s] [ 40%] Built target nodelet_generate_messages_cpp
[69.607s] [35m[1mScanning dependencies of target sensor_msgs_generate_messages_lisp[0m
[69.821s] [ 40%] Built target sensor_msgs_generate_messages_lisp
[69.964s] [35m[1mScanning dependencies of target tf2_msgs_generate_messages_nodejs[0m
[70.078s] [ 40%] Built target tf2_msgs_generate_messages_nodejs
[70.183s] [35m[1mScanning dependencies of target tf2_msgs_generate_messages_py[0m
[70.312s] [ 40%] Built target tf2_msgs_generate_messages_py
[70.418s] [35m[1mScanning dependencies of target people_msgs_generate_messages_cpp[0m
[70.524s] [ 40%] Built target people_msgs_generate_messages_cpp
[70.619s] [35m[1mScanning dependencies of target dynamic_reconfigure_generate_messages_nodejs[0m
[70.719s] [ 40%] Built target dynamic_reconfigure_generate_messages_nodejs
[70.816s] [35m[1mScanning dependencies of target visualization_msgs_generate_messages_lisp[0m
[70.913s] [ 40%] Built target visualization_msgs_generate_messages_lisp
[71.007s] [35m[1mScanning dependencies of target rosgraph_msgs_generate_messages_py[0m
[71.100s] [ 40%] Built target rosgraph_msgs_generate_messages_py
[71.190s] [35m[1mScanning dependencies of target visualization_msgs_generate_messages_nodejs[0m
[71.284s] [ 40%] Built target visualization_msgs_generate_messages_nodejs
[71.382s] [35m[1mScanning dependencies of target std_srvs_generate_messages_eus[0m
[71.485s] [ 40%] Built target std_srvs_generate_messages_eus
[71.568s] [35m[1mScanning dependencies of target jsk_rviz_plugins_gencfg[0m
[71.664s] [ 40%] Built target jsk_rviz_plugins_gencfg
[71.758s] [35m[1mScanning dependencies of target bond_generate_messages_cpp[0m
[71.857s] [ 40%] Built target bond_generate_messages_cpp
[71.959s] [35m[1mScanning dependencies of target jsk_rviz_plugins_generate_messages_cpp[0m
[72.065s] [ 40%] Built target jsk_rviz_plugins_generate_messages_cpp
[72.159s] [35m[1mScanning dependencies of target jsk_rviz_plugins_generate_messages_py[0m
[72.254s] [ 40%] Built target jsk_rviz_plugins_generate_messages_py
[72.348s] [35m[1mScanning dependencies of target pcl_ros_gencfg[0m
[72.444s] [ 40%] Built target pcl_ros_gencfg
[72.535s] [35m[1mScanning dependencies of target nodelet_generate_messages_py[0m
[72.630s] [ 40%] Built target nodelet_generate_messages_py
[72.711s] [35m[1mScanning dependencies of target jsk_hark_msgs_generate_messages_lisp[0m
[72.806s] [ 40%] Built target jsk_hark_msgs_generate_messages_lisp
[72.903s] [35m[1mScanning dependencies of target dynamic_reconfigure_generate_messages_cpp[0m
[73.001s] [ 40%] Built target dynamic_reconfigure_generate_messages_cpp
[73.088s] [35m[1mScanning dependencies of target jsk_recognition_msgs_generate_messages_py[0m
[73.183s] [ 40%] Built target jsk_recognition_msgs_generate_messages_py
[73.276s] [35m[1mScanning dependencies of target pcl_msgs_generate_messages_cpp[0m
[73.372s] [ 40%] Built target pcl_msgs_generate_messages_cpp
[73.458s] [35m[1mScanning dependencies of target dynamic_reconfigure_gencfg[0m
[73.537s] [ 40%] Built target dynamic_reconfigure_gencfg
[73.634s] [35m[1mScanning dependencies of target nodelet_generate_messages_eus[0m
[73.742s] [ 40%] Built target nodelet_generate_messages_eus
[73.843s] [35m[1mScanning dependencies of target nodelet_generate_messages_nodejs[0m
[73.942s] [ 40%] Built target nodelet_generate_messages_nodejs
[74.038s] [35m[1mScanning dependencies of target map_msgs_generate_messages_eus[0m
[74.134s] [ 40%] Built target map_msgs_generate_messages_eus
[74.229s] [35m[1mScanning dependencies of target jsk_footstep_msgs_generate_messages_nodejs[0m
[74.325s] [ 40%] Built target jsk_footstep_msgs_generate_messages_nodejs
[74.424s] [35m[1mScanning dependencies of target bond_generate_messages_eus[0m
[74.524s] [ 40%] Built target bond_generate_messages_eus
[74.620s] [35m[1mScanning dependencies of target bond_generate_messages_lisp[0m
[74.719s] [ 40%] Built target bond_generate_messages_lisp
[74.812s] [35m[1mScanning dependencies of target bond_generate_messages_nodejs[0m
[74.905s] [ 40%] Built target bond_generate_messages_nodejs
[75.006s] [35m[1mScanning dependencies of target map_msgs_generate_messages_py[0m
[75.103s] [ 40%] Built target map_msgs_generate_messages_py
[75.197s] [35m[1mScanning dependencies of target vector_map_server_generate_messages_cpp[0m
[75.288s] [ 40%] Built target vector_map_server_generate_messages_cpp
[75.373s] [35m[1mScanning dependencies of target vector_map_server_generate_messages_eus[0m
[75.449s] [ 40%] Built target vector_map_server_generate_messages_eus
[75.545s] [35m[1mScanning dependencies of target vector_map_server_generate_messages_lisp[0m
[75.637s] [ 40%] Built target vector_map_server_generate_messages_lisp
[75.725s] [35m[1mScanning dependencies of target vector_map_server_generate_messages_nodejs[0m
[75.814s] [ 40%] Built target vector_map_server_generate_messages_nodejs
[75.910s] [35m[1mScanning dependencies of target vector_map_server_generate_messages_py[0m
[76.004s] [ 40%] Built target vector_map_server_generate_messages_py
[76.104s] [35m[1mScanning dependencies of target vector_map_msgs_generate_messages_cpp[0m
[76.201s] [ 40%] Built target vector_map_msgs_generate_messages_cpp
[76.290s] [35m[1mScanning dependencies of target vector_map_msgs_generate_messages_lisp[0m
[76.382s] [ 40%] Built target vector_map_msgs_generate_messages_lisp
[76.473s] [35m[1mScanning dependencies of target vector_map_msgs_generate_messages_py[0m
[76.566s] [ 40%] Built target vector_map_msgs_generate_messages_py
[76.651s] [35m[1mScanning dependencies of target bond_generate_messages_py[0m
[76.740s] [ 40%] Built target bond_generate_messages_py
[76.829s] [35m[1mScanning dependencies of target lidar_euclidean_cluster_detect[0m
[77.173s] [ 60%] [32mBuilding CXX object CMakeFiles/lidar_euclidean_cluster_detect.dir/nodes/lidar_euclidean_cluster_detect/lidar_euclidean_cluster_detect.cpp.o[0m
[89.868s] [01m[K/home/capstone/autoware.ai/src/autoware/core_perception/lidar_euclidean_cluster_detect/nodes/lidar_euclidean_cluster_detect/lidar_euclidean_cluster_detect.cpp:[m[K In function ‘[01m[Kvoid segmentByDistance(pcl::PointCloud<pcl::PointXYZ>::Ptr, pcl::PointCloud<pcl::PointXYZRGB>::Ptr, autoware_msgs::Centroids&, autoware_msgs::CloudClusterArray&)[m[K’:
[89.868s] [01m[K/home/capstone/autoware.ai/src/autoware/core_perception/lidar_euclidean_cluster_detect/nodes/lidar_euclidean_cluster_detect/lidar_euclidean_cluster_detect.cpp:662:3:[m[K [01;35m[Kwarning: [m[Kthis ‘[01m[Kelse[m[K’ clause does not guard... [[01;35m[K-Wmisleading-indentation[m[K]
[89.868s]    [01;35m[Kelse[m[K
[89.869s]    [01;35m[K^~~~[m[K
[89.869s] [01m[K/home/capstone/autoware.ai/src/autoware/core_perception/lidar_euclidean_cluster_detect/nodes/lidar_euclidean_cluster_detect/lidar_euclidean_cluster_detect.cpp:666:5:[m[K [01;36m[Knote: [m[K...this statement, but the latter is misleadingly indented as if it were guarded by the ‘[01m[Kelse[m[K’
[89.869s]      [01;36m[Kfor[m[K (unsigned int i = 0; i < final_clusters.size(); i++)
[89.869s]      [01;36m[K^~~[m[K
[98.790s] In file included from [01m[K/home/capstone/autoware.ai/src/autoware/core_perception/lidar_euclidean_cluster_detect/nodes/lidar_euclidean_cluster_detect/lidar_euclidean_cluster_detect.cpp:31:0[m[K:
[98.790s] [01m[K/usr/include/pcl-1.8/pcl/sample_consensus/model_types.h:[m[K In function ‘[01m[Kvoid __static_initialization_and_destruction_0(int, int)[m[K’:
[98.790s] [01m[K/usr/include/pcl-1.8/pcl/sample_consensus/model_types.h:99:3:[m[K [01;35m[Kwarning: [m[K‘[01m[Kpcl::SAC_SAMPLE_SIZE[m[K’ is deprecated: This map is deprecated and is kept only to prevent breaking existing user code. Starting from PCL 1.8.0 model sample size is a protected member of the SampleConsensusModel class [[01;35m[K-Wdeprecated-declarations[m[K]
[98.790s]    [01;35m[KSAC_SAMPLE_SIZE[m[K (sample_size_pairs, sample_size_pairs + sizeof (sample_size_pairs) / sizeof (SampleSizeModel));
[98.790s]    [01;35m[K^~~~~~~~~~~~~~~[m[K
[98.791s] [01m[K/usr/include/pcl-1.8/pcl/sample_consensus/model_types.h:99:3:[m[K [01;36m[Knote: [m[Kdeclared here
[108.805s] [ 80%] [32mBuilding CXX object CMakeFiles/lidar_euclidean_cluster_detect.dir/nodes/lidar_euclidean_cluster_detect/cluster.cpp.o[0m
[129.405s] In file included from [01m[K/home/capstone/autoware.ai/src/autoware/core_perception/lidar_euclidean_cluster_detect/include/cluster.h:30:0[m[K,
[129.406s]                  from [01m[K/home/capstone/autoware.ai/src/autoware/core_perception/lidar_euclidean_cluster_detect/nodes/lidar_euclidean_cluster_detect/cluster.cpp:8[m[K:
[129.406s] [01m[K/usr/include/pcl-1.8/pcl/sample_consensus/model_types.h:[m[K In function ‘[01m[Kvoid __static_initialization_and_destruction_0(int, int)[m[K’:
[129.406s] [01m[K/usr/include/pcl-1.8/pcl/sample_consensus/model_types.h:99:3:[m[K [01;35m[Kwarning: [m[K‘[01m[Kpcl::SAC_SAMPLE_SIZE[m[K’ is deprecated: This map is deprecated and is kept only to prevent breaking existing user code. Starting from PCL 1.8.0 model sample size is a protected member of the SampleConsensusModel class [[01;35m[K-Wdeprecated-declarations[m[K]
[129.406s]    [01;35m[KSAC_SAMPLE_SIZE[m[K (sample_size_pairs, sample_size_pairs + sizeof (sample_size_pairs) / sizeof (SampleSizeModel));
[129.406s]    [01;35m[K^~~~~~~~~~~~~~~[m[K
[129.406s] [01m[K/usr/include/pcl-1.8/pcl/sample_consensus/model_types.h:99:3:[m[K [01;36m[Knote: [m[Kdeclared here
[133.961s] [100%] [32m[1mLinking CXX executable devel/lib/lidar_euclidean_cluster_detect/lidar_euclidean_cluster_detect[0m
[141.765s] [100%] Built target lidar_euclidean_cluster_detect
[145.781s] -- CUDA compilation status: 1.
[145.782s] -- Using CATKIN_DEVEL_PREFIX: /home/capstone/autoware.ai/build/lidar_euclidean_cluster_detect/devel
[145.782s] -- Using CMAKE_PREFIX_PATH: /home/capstone/autoware.ai/install/vector_map_server;/home/capstone/autoware.ai/install/vector_map;/home/capstone/autoware.ai/install/vector_map_msgs;/home/capstone/autoware.ai/install/autoware_msgs;/home/capstone/autoware.ai/install/autoware_build_flags;/home/capstone/autoware.ai/install/wf_simulator;/home/capstone/autoware.ai/install/vision_ssd_detect;/home/capstone/autoware.ai/install/vision_segment_enet_detect;/home/capstone/autoware.ai/install/vision_lane_detect;/home/capstone/autoware.ai/install/vision_darknet_detect;/home/capstone/autoware.ai/install/vision_beyond_track;/home/capstone/autoware.ai/install/vel_pose_diff_checker;/home/capstone/autoware.ai/install/vehicle_socket;/home/capstone/autoware.ai/install/vehicle_sim_model;/home/capstone/autoware.ai/install/vehicle_model;/home/capstone/autoware.ai/install/vehicle_gazebo_simulation_launcher;/home/capstone/autoware.ai/install/vehicle_gazebo_simulation_interface;/home/capstone/autoware.ai/install/vehicle_engage_panel;/home/capstone/autoware.ai/install/vehicle_description;/home/capstone/autoware.ai/install/op_ros_helpers;/home/capstone/autoware.ai/install/op_simu;/home/capstone/autoware.ai/install/op_planner;/home/capstone/autoware.ai/install/op_utility;/home/capstone/autoware.ai/install/object_map;/home/capstone/autoware.ai/install/lanelet_aisan_converter;/home/capstone/autoware.ai/install/map_file;/home/capstone/autoware.ai/install/libvectormap;/home/capstone/autoware.ai/install/twist_generator;/home/capstone/autoware.ai/install/twist2odom;/home/capstone/autoware.ai/install/runtime_manager;/home/capstone/autoware.ai/install/tablet_socket_msgs;/home/capstone/autoware.ai/install/sound_player;/home/capstone/autoware.ai/install/points2image;/home/capstone/autoware.ai/install/rosinterface;/home/capstone/autoware.ai/install/rosbag_controller;/home/capstone/autoware.ai/install/points_preprocessor;/home/capstone/autoware.ai/install/lidar_localizer;/home/capstone/autoware.ai/install/emergency_handler;/home/capstone/autoware.ai/install/autoware_health_checker;/home/capstone/autoware.ai/install/ros_observer;/home/capstone/autoware.ai/install/range_vision_fusion;/home/capstone/autoware.ai/install/pos_db;/home/capstone/autoware.ai/install/points_downsampler;/home/capstone/autoware.ai/install/pixel_cloud_fusion;/home/capstone/autoware.ai/install/pcl_omp_registration;/home/capstone/autoware.ai/install/pc2_downsampler;/home/capstone/autoware.ai/install/obj_db;/home/capstone/autoware.ai/install/nmea_navsat;/home/capstone/autoware.ai/install/ndt_tku;/home/capstone/autoware.ai/install/ndt_gpu;/home/capstone/autoware.ai/install/ndt_cpu;/home/capstone/autoware.ai/install/multi_lidar_calibrator;/home/capstone/autoware.ai/install/mrt_cmake_modules;/home/capstone/autoware.ai/install/marker_downsampler;/home/capstone/autoware.ai/install/map_tools;/home/capstone/autoware.ai/install/map_tf_generator;/home/capstone/autoware.ai/install/log_tools;/home/capstone/autoware.ai/install/libwaypoint_follower;/home/capstone/autoware.ai/install/lgsvl_simulator_bridge;/home/capstone/autoware.ai/install/lanelet2_extension;/home/capstone/autoware.ai/install/lanelet2_validation;/home/capstone/autoware.ai/install/lanelet2_examples;/home/capstone/autoware.ai/install/lanelet2_python;/home/capstone/autoware.ai/install/lanelet2_routing;/home/capstone/autoware.ai/install/lanelet2_traffic_rules;/home/capstone/autoware.ai/install/lanelet2_projection;/home/capstone/autoware.ai/install/lanelet2_maps;/home/capstone/autoware.ai/install/lanelet2_io;/home/capstone/autoware.ai/install/lanelet2_core;/home/capstone/autoware.ai/install/integrated_viewer;/home/capstone/autoware.ai/install/image_processor;/home/capstone/autoware.ai/install/graph_tools;/home/capstone/autoware.ai/install/gnss_localizer;/home/capstone/autoware.ai/install/gnss;/home/capstone/autoware.ai/install/glviewer;/home/capstone/autoware.ai/install/gazebo_world_description;/home/capstone/autoware.ai/install/gazebo_imu_description;/home/capstone/autoware.ai/install/gazebo_camera_description;/home/capstone/autoware.ai/install/fastvirtualscan;/home/capstone/autoware.ai/install/ekf_localizer;/home/capstone/autoware.ai/install/detected_objects_visualizer;/home/capstone/autoware.ai/install/decision_maker_panel;/home/capstone/autoware.ai/install/data_preprocessor;/home/capstone/autoware.ai/install/carla_autoware_bridge;/home/capstone/autoware.ai/install/calibration_publisher;/home/capstone/autoware.ai/install/autoware_system_msgs;/home/capstone/autoware.ai/install/autoware_rviz_plugins;/home/capstone/autoware.ai/install/autoware_quickstart_examples;/home/capstone/autoware.ai/install/autoware_pointgrey_drivers;/home/capstone/autoware.ai/install/autoware_driveworks_interface;/home/capstone/autoware.ai/install/autoware_connector;/home/capstone/autoware.ai/install/autoware_camera_lidar_calibrator;/home/capstone/autoware.ai/install/amathutils_lib;/home/capstone/autoware.ai/install/autoware_map_msgs;/home/capstone/autoware.ai/install/autoware_launcher_rviz;/home/capstone/autoware.ai/install/autoware_launcher;/home/capstone/autoware.ai/install/autoware_lanelet2_msgs;/home/capstone/autoware.ai/install/autoware_external_msgs;/home/capstone/autoware.ai/install/autoware_driveworks_gmsl_interface;/home/capstone/autoware.ai/install/autoware_config_msgs;/home/capstone/autoware.ai/install/autoware_can_msgs;/home/capstone/autoware.ai/install/autoware_bag_tools;/opt/carla-ros-bridge/melodic;/opt/ros/melodic
[145.791s] -- This workspace overlays: /home/capstone/autoware.ai/install/vector_map_server;/home/capstone/autoware.ai/install/vector_map;/home/capstone/autoware.ai/install/vector_map_msgs;/home/capstone/autoware.ai/install/autoware_msgs;/home/capstone/autoware.ai/install/autoware_build_flags;/home/capstone/autoware.ai/install/wf_simulator;/home/capstone/autoware.ai/install/vision_ssd_detect;/home/capstone/autoware.ai/install/vision_segment_enet_detect;/home/capstone/autoware.ai/install/vision_lane_detect;/home/capstone/autoware.ai/install/vision_darknet_detect;/home/capstone/autoware.ai/install/vision_beyond_track;/home/capstone/autoware.ai/install/vel_pose_diff_checker;/home/capstone/autoware.ai/install/vehicle_socket;/home/capstone/autoware.ai/install/vehicle_sim_model;/home/capstone/autoware.ai/install/vehicle_model;/home/capstone/autoware.ai/install/vehicle_gazebo_simulation_launcher;/home/capstone/autoware.ai/install/vehicle_gazebo_simulation_interface;/home/capstone/autoware.ai/install/vehicle_engage_panel;/home/capstone/autoware.ai/install/vehicle_description;/home/capstone/autoware.ai/install/op_simu;/home/capstone/autoware.ai/install/op_planner;/home/capstone/autoware.ai/install/op_utility;/home/capstone/autoware.ai/install/libvectormap;/home/capstone/autoware.ai/install/twist_generator;/home/capstone/autoware.ai/install/twist2odom;/home/capstone/autoware.ai/install/runtime_manager;/home/capstone/autoware.ai/install/tablet_socket_msgs;/home/capstone/autoware.ai/install/sound_player;/home/capstone/autoware.ai/install/points2image;/home/capstone/autoware.ai/install/rosinterface;/home/capstone/autoware.ai/install/rosbag_controller;/home/capstone/autoware.ai/install/emergency_handler;/home/capstone/autoware.ai/install/autoware_health_checker;/home/capstone/autoware.ai/install/ros_observer;/home/capstone/autoware.ai/install/range_vision_fusion;/home/capstone/autoware.ai/install/pos_db;/home/capstone/autoware.ai/install/points_downsampler;/home/capstone/autoware.ai/install/pixel_cloud_fusion;/home/capstone/autoware.ai/install/pcl_omp_registration;/home/capstone/autoware.ai/install/pc2_downsampler;/home/capstone/autoware.ai/install/obj_db;/home/capstone/autoware.ai/install/nmea_navsat;/home/capstone/autoware.ai/install/ndt_tku;/home/capstone/autoware.ai/install/ndt_gpu;/home/capstone/autoware.ai/install/ndt_cpu;/home/capstone/autoware.ai/install/multi_lidar_calibrator;/home/capstone/autoware.ai/install/mrt_cmake_modules;/home/capstone/autoware.ai/install/marker_downsampler;/home/capstone/autoware.ai/install/map_tools;/home/capstone/autoware.ai/install/map_tf_generator;/home/capstone/autoware.ai/install/log_tools;/home/capstone/autoware.ai/install/libwaypoint_follower;/home/capstone/autoware.ai/install/lgsvl_simulator_bridge;/home/capstone/autoware.ai/install/lanelet2_validation;/home/capstone/autoware.ai/install/lanelet2_routing;/home/capstone/autoware.ai/install/lanelet2_traffic_rules;/home/capstone/autoware.ai/install/lanelet2_projection;/home/capstone/autoware.ai/install/lanelet2_maps;/home/capstone/autoware.ai/install/lanelet2_io;/home/capstone/autoware.ai/install/lanelet2_core;/home/capstone/autoware.ai/install/integrated_viewer;/home/capstone/autoware.ai/install/image_processor;/home/capstone/autoware.ai/install/graph_tools;/home/capstone/autoware.ai/install/gnss_localizer;/home/capstone/autoware.ai/install/gnss;/home/capstone/autoware.ai/install/glviewer;/home/capstone/autoware.ai/install/gazebo_world_description;/home/capstone/autoware.ai/install/gazebo_imu_description;/home/capstone/autoware.ai/install/gazebo_camera_description;/home/capstone/autoware.ai/install/fastvirtualscan;/home/capstone/autoware.ai/install/ekf_localizer;/home/capstone/autoware.ai/install/detected_objects_visualizer;/home/capstone/autoware.ai/install/decision_maker_panel;/home/capstone/autoware.ai/install/data_preprocessor;/home/capstone/autoware.ai/install/carla_autoware_bridge;/home/capstone/autoware.ai/install/calibration_publisher;/home/capstone/autoware.ai/install/autoware_system_msgs;/home/capstone/autoware.ai/install/autoware_rviz_plugins;/home/capstone/autoware.ai/install/autoware_quickstart_examples;/home/capstone/autoware.ai/install/autoware_pointgrey_drivers;/home/capstone/autoware.ai/install/autoware_driveworks_interface;/home/capstone/autoware.ai/install/autoware_connector;/home/capstone/autoware.ai/install/autoware_camera_lidar_calibrator;/home/capstone/autoware.ai/install/amathutils_lib;/home/capstone/autoware.ai/install/autoware_map_msgs;/home/capstone/autoware.ai/install/autoware_launcher_rviz;/home/capstone/autoware.ai/install/autoware_launcher;/home/capstone/autoware.ai/install/autoware_lanelet2_msgs;/home/capstone/autoware.ai/install/autoware_external_msgs;/home/capstone/autoware.ai/install/autoware_driveworks_gmsl_interface;/home/capstone/autoware.ai/install/autoware_config_msgs;/home/capstone/autoware.ai/install/autoware_can_msgs;/home/capstone/autoware.ai/install/autoware_bag_tools;/opt/carla-ros-bridge/melodic;/opt/ros/melodic
[145.890s] -- Found PythonInterp: /usr/bin/python2 (found suitable version "2.7.17", minimum required is "2") 
[145.898s] -- Using PYTHON_EXECUTABLE: /usr/bin/python2
[145.898s] -- Using Debian Python package layout
[145.898s] -- Using empy: /usr/bin/empy
[146.267s] -- Using CATKIN_ENABLE_TESTING: ON
[146.267s] -- Call enable_testing()
[146.270s] -- Using CATKIN_TEST_RESULTS_DIR: /home/capstone/autoware.ai/build/lidar_euclidean_cluster_detect/test_results
[146.374s] -- Found gtest sources under '/usr/src/googletest': gtests will be built
[146.374s] -- Found gmock sources under '/usr/src/googletest': gmock will be built
[146.474s] -- Found PythonInterp: /usr/bin/python2 (found version "2.7.17") 
[146.485s] -- Using Python nosetests: /usr/bin/nosetests-2.7
[146.685s] -- catkin 0.7.23
[146.685s] -- BUILD_SHARED_LIBS is on
[147.432s] -- Using these message generators: gencpp;geneus;genlisp;gennodejs;genpy
[150.586s] -- Found OpenMP_C: -fopenmp  
[150.589s] -- Found OpenMP_CXX: -fopenmp  
[150.591s] -- Found OpenMP: TRUE   
[151.240s] -- USING ACCELERATED CLUSTERING --
[151.240s] Version: 10.0
[151.240s] Library: /usr/lib/x86_64-linux-gnu/libcuda.so
[151.241s] Runtime: /usr/local/cuda/lib64/libcudart.so
[151.266s] -- Configuring done
[151.551s] -- Generating done
[151.628s] -- Build files have been written to: /home/capstone/autoware.ai/build/lidar_euclidean_cluster_detect
[151.918s] [35m[1mScanning dependencies of target tests[0m
[152.005s] Built target tests
[154.010s] [  0%] Built target bond_generate_messages_py
[154.115s] [ 20%] [32m[1mLinking CXX shared library devel/lib/libgpu_euclidean_clustering.so[0m
[154.153s] [ 20%] Built target map_msgs_generate_messages_nodejs
[154.318s] [ 20%] Built target map_msgs_generate_messages_lisp
[154.426s] [ 40%] Built target gpu_euclidean_clustering
[154.508s] [ 40%] Built target people_msgs_generate_messages_nodejs
[154.609s] [ 40%] Built target people_msgs_generate_messages_lisp
[154.621s] [ 40%] Built target map_msgs_generate_messages_py
[154.699s] [ 40%] Built target people_msgs_generate_messages_eus
[154.803s] [ 40%] Built target grid_map_msgs_generate_messages_lisp
[154.825s] [ 40%] Built target people_msgs_generate_messages_py
[154.868s] [ 40%] Built target std_msgs_generate_messages_py
[155.000s] [ 40%] Built target autoware_msgs_generate_messages_lisp
[155.023s] [ 40%] Built target topic_tools_generate_messages_cpp
[155.058s] [ 40%] Built target visualization_msgs_generate_messages_py
[155.202s] [ 40%] Built target rosgraph_msgs_generate_messages_eus
[155.242s] [ 40%] Built target rosgraph_msgs_generate_messages_cpp
[155.257s] [ 40%] Built target actionlib_generate_messages_eus
[155.394s] [ 40%] Built target roscpp_generate_messages_nodejs
[155.455s] [ 40%] Built target roscpp_generate_messages_eus
[155.484s] [ 40%] Built target rosgraph_msgs_generate_messages_nodejs
[155.618s] [ 40%] Built target actionlib_msgs_generate_messages_nodejs
[155.657s] [ 40%] Built target vector_map_server_generate_messages_cpp
[155.678s] [ 40%] Built target actionlib_msgs_generate_messages_lisp
[155.739s] [ 40%] Built target tf_generate_messages_py
[155.876s] [ 40%] Built target actionlib_msgs_generate_messages_cpp
[155.899s] [ 40%] Built target vector_map_msgs_generate_messages_nodejs
[155.913s] [ 40%] Built target roscpp_generate_messages_py
[155.959s] [ 40%] Built target sensor_msgs_generate_messages_nodejs
[156.112s] [ 40%] Built target grid_map_msgs_generate_messages_eus
[156.157s] [ 40%] Built target grid_map_msgs_generate_messages_cpp
[156.163s] [ 40%] Built target pcl_msgs_generate_messages_py
[156.216s] [ 40%] Built target pcl_msgs_generate_messages_lisp
[156.385s] [ 40%] Built target pcl_msgs_generate_messages_nodejs
[156.407s] [ 40%] Built target jsk_rviz_plugins_generate_messages_eus
[156.428s] [ 40%] Built target pcl_msgs_generate_messages_eus
[156.499s] [ 40%] Built target geometry_msgs_generate_messages_cpp
[156.609s] [ 40%] Built target geometry_msgs_generate_messages_nodejs
[156.673s] [ 40%] Built target jsk_recognition_utils_gencfg
[156.677s] [ 40%] Built target dynamic_reconfigure_generate_messages_eus
[156.733s] [ 40%] Built target jsk_rviz_plugins_generate_messages_lisp
[156.858s] [ 40%] Built target _catkin_empty_exported_target
[156.890s] [ 40%] Built target actionlib_generate_messages_lisp
[156.984s] [ 40%] Built target jsk_footstep_msgs_generate_messages_eus
[156.987s] [ 40%] Built target autoware_msgs_generate_messages_cpp
[157.087s] [ 40%] Built target std_msgs_generate_messages_lisp
[157.088s] [ 40%] Built target jsk_recognition_msgs_generate_messages_nodejs
[157.195s] [ 40%] Built target nav_msgs_generate_messages_nodejs
[157.283s] [ 40%] Built target roscpp_generate_messages_cpp
[157.303s] [ 40%] Built target sensor_msgs_generate_messages_eus
[157.357s] [ 40%] Built target nodelet_topic_tools_gencfg
[157.501s] [ 40%] Built target map_msgs_generate_messages_cpp
[157.517s] [ 40%] Built target rosgraph_msgs_generate_messages_lisp
[157.567s] [ 40%] Built target autoware_msgs_generate_messages_py
[157.652s] [ 40%] Built target visualization_msgs_generate_messages_cpp
[157.732s] [ 40%] Built target tf_generate_messages_eus
[157.739s] [ 40%] Built target sensor_msgs_generate_messages_cpp
[157.805s] [ 40%] Built target actionlib_msgs_generate_messages_eus
[157.883s] [ 40%] Built target dynamic_reconfigure_generate_messages_py
[157.962s] [ 40%] Built target std_srvs_generate_messages_cpp
[157.983s] [ 40%] Built target jsk_hark_msgs_generate_messages_cpp
[158.026s] [ 40%] Built target autoware_msgs_generate_messages_nodejs
[158.128s] [ 40%] Built target jsk_footstep_msgs_generate_messages_lisp
[158.221s] [ 40%] Built target topic_tools_generate_messages_eus
[158.249s] [ 40%] Built target sensor_msgs_generate_messages_py
[158.276s] [ 40%] Built target tf2_msgs_generate_messages_eus
[158.393s] [ 40%] Built target geometry_msgs_generate_messages_py
[158.443s] [ 40%] Built target jsk_footstep_msgs_generate_messages_py
[158.505s] [ 40%] Built target std_msgs_generate_messages_cpp
[158.534s] [ 40%] Built target vector_map_msgs_generate_messages_eus
[158.630s] [ 40%] Built target geometry_msgs_generate_messages_eus
[158.703s] [ 40%] Built target vector_map_server_generate_messages_eus
[158.747s] [ 40%] Built target std_msgs_generate_messages_nodejs
[158.800s] [ 40%] Built target nodelet_generate_messages_lisp
[158.833s] [ 40%] Built target autoware_msgs_generate_messages_eus
[158.967s] [ 40%] Built target jsk_rviz_plugins_generate_messages_nodejs
[159.002s] [ 40%] Built target geometry_msgs_generate_messages_lisp
[159.048s] [ 40%] Built target jsk_recognition_msgs_generate_messages_cpp
[159.077s] [ 40%] Built target jsk_recognition_msgs_generate_messages_eus
[159.155s] [ 40%] Built target grid_map_msgs_generate_messages_nodejs
[159.249s] [ 40%] Built target jsk_footstep_msgs_generate_messages_cpp
[159.269s] [ 40%] Built target actionlib_msgs_generate_messages_py
[159.398s] [ 40%] Built target grid_map_msgs_generate_messages_py
[159.401s] [ 40%] Built target jsk_recognition_msgs_generate_messages_lisp
[159.493s] [ 40%] Built target nav_msgs_generate_messages_cpp
[159.534s] [ 40%] Built target nav_msgs_generate_messages_eus
[159.556s] [ 40%] Built target visualization_msgs_generate_messages_eus
[159.632s] [ 40%] Built target nav_msgs_generate_messages_py
[159.724s] [ 40%] Built target tf_generate_messages_lisp
[159.799s] [ 40%] Built target std_srvs_generate_messages_lisp
[159.804s] [ 40%] Built target vector_map_server_generate_messages_lisp
[159.814s] [ 40%] Built target std_msgs_generate_messages_eus
[159.873s] [ 40%] Built target roscpp_generate_messages_lisp
[159.939s] [ 40%] Built target std_srvs_generate_messages_nodejs
[160.025s] [ 40%] Built target topic_tools_generate_messages_lisp
[160.053s] [ 40%] Built target topic_tools_generate_messages_nodejs
[160.098s] [ 40%] Built target tf_generate_messages_cpp
[160.102s] [ 40%] Built target topic_tools_generate_messages_py
[160.265s] [ 40%] Built target actionlib_generate_messages_nodejs
[160.435s] [ 40%] Built target actionlib_generate_messages_py
[160.614s] [ 40%] Built target nav_msgs_generate_messages_lisp
[160.773s] [ 40%] Built target tf2_msgs_generate_messages_cpp
[160.954s] [ 40%] Built target dynamic_reconfigure_generate_messages_lisp
[161.124s] [ 40%] Built target jsk_hark_msgs_generate_messages_nodejs
[161.274s] [ 40%] Built target tf2_msgs_generate_messages_lisp
[161.427s] [ 40%] Built target nodelet_generate_messages_cpp
[161.595s] [ 40%] Built target sensor_msgs_generate_messages_lisp
[161.782s] [ 40%] Built target tf2_msgs_generate_messages_nodejs
[161.970s] [ 40%] Built target tf2_msgs_generate_messages_py
[162.161s] [ 40%] Built target people_msgs_generate_messages_cpp
[162.349s] [ 40%] Built target dynamic_reconfigure_generate_messages_nodejs
[162.539s] [ 40%] Built target visualization_msgs_generate_messages_lisp
[162.726s] [ 40%] Built target rosgraph_msgs_generate_messages_py
[162.879s] [ 40%] Built target visualization_msgs_generate_messages_nodejs
[163.058s] [ 40%] Built target std_srvs_generate_messages_eus
[163.215s] [ 40%] Built target jsk_rviz_plugins_gencfg
[163.372s] [ 40%] Built target bond_generate_messages_cpp
[163.548s] [ 40%] Built target jsk_rviz_plugins_generate_messages_cpp
[163.729s] [ 40%] Built target jsk_rviz_plugins_generate_messages_py
[163.887s] [ 40%] Built target pcl_ros_gencfg
[164.062s] [ 40%] Built target nodelet_generate_messages_py
[164.216s] [ 40%] Built target jsk_hark_msgs_generate_messages_lisp
[164.374s] [ 40%] Built target dynamic_reconfigure_generate_messages_cpp
[164.544s] [ 40%] Built target jsk_recognition_msgs_generate_messages_py
[164.716s] [ 40%] Built target pcl_msgs_generate_messages_cpp
[164.867s] [ 40%] Built target dynamic_reconfigure_gencfg
[165.019s] [ 40%] Built target nodelet_generate_messages_eus
[165.174s] [ 40%] Built target nodelet_generate_messages_nodejs
[165.334s] [ 40%] Built target map_msgs_generate_messages_eus
[165.505s] [ 40%] Built target jsk_footstep_msgs_generate_messages_nodejs
[165.595s] [ 40%] Built target bond_generate_messages_eus
[165.689s] [ 40%] Built target std_srvs_generate_messages_py
[165.768s] [ 40%] Built target bond_generate_messages_lisp
[165.853s] [ 40%] Built target bond_generate_messages_nodejs
[165.948s] [ 40%] Built target jsk_hark_msgs_generate_messages_py
[166.039s] [ 40%] Built target jsk_hark_msgs_generate_messages_eus
[166.123s] [ 40%] Built target actionlib_generate_messages_cpp
[166.201s] [ 40%] Built target tf_generate_messages_nodejs
[166.290s] [ 40%] Built target vector_map_server_generate_messages_nodejs
[166.365s] [ 40%] Built target vector_map_server_generate_messages_py
[166.449s] [ 40%] Built target vector_map_msgs_generate_messages_cpp
[166.552s] [ 40%] Built target vector_map_msgs_generate_messages_lisp
[166.599s] [ 40%] Built target vector_map_msgs_generate_messages_py
[166.792s] [ 60%] [32m[1mLinking CXX executable devel/lib/lidar_euclidean_cluster_detect/lidar_euclidean_cluster_detect[0m
[174.332s] [100%] Built target lidar_euclidean_cluster_detect
[174.491s] [36mInstall the project...[0m
[174.559s] -- Install configuration: "Release"
[174.560s] -- Installing: /home/capstone/autoware.ai/install/lidar_euclidean_cluster_detect/lib/pkgconfig/lidar_euclidean_cluster_detect.pc
[174.560s] -- Installing: /home/capstone/autoware.ai/install/lidar_euclidean_cluster_detect/share/lidar_euclidean_cluster_detect/cmake/lidar_euclidean_cluster_detectConfig.cmake
[174.561s] -- Installing: /home/capstone/autoware.ai/install/lidar_euclidean_cluster_detect/share/lidar_euclidean_cluster_detect/cmake/lidar_euclidean_cluster_detectConfig-version.cmake
[174.561s] -- Installing: /home/capstone/autoware.ai/install/lidar_euclidean_cluster_detect/share/lidar_euclidean_cluster_detect/package.xml
[174.561s] -- Installing: /home/capstone/autoware.ai/install/lidar_euclidean_cluster_detect/lib/libgpu_euclidean_clustering.so
[174.563s] -- Installing: /home/capstone/autoware.ai/install/lidar_euclidean_cluster_detect/include/lidar_euclidean_cluster_detect
[174.564s] -- Installing: /home/capstone/autoware.ai/install/lidar_euclidean_cluster_detect/include/lidar_euclidean_cluster_detect/gpu_euclidean_clustering.h
[174.564s] -- Installing: /home/capstone/autoware.ai/install/lidar_euclidean_cluster_detect/include/lidar_euclidean_cluster_detect/cluster.h
[174.564s] -- Installing: /home/capstone/autoware.ai/install/lidar_euclidean_cluster_detect/include/lidar_euclidean_cluster_detect/gencolors.cpp
[174.565s] -- Installing: /home/capstone/autoware.ai/install/lidar_euclidean_cluster_detect/lib/lidar_euclidean_cluster_detect/lidar_euclidean_cluster_detect
[174.567s] -- Set runtime path of "/home/capstone/autoware.ai/install/lidar_euclidean_cluster_detect/lib/lidar_euclidean_cluster_detect/lidar_euclidean_cluster_detect" to ""
[174.568s] -- Installing: /home/capstone/autoware.ai/install/lidar_euclidean_cluster_detect/share/lidar_euclidean_cluster_detect/launch
[174.569s] -- Installing: /home/capstone/autoware.ai/install/lidar_euclidean_cluster_detect/share/lidar_euclidean_cluster_detect/launch/euclidean_clustering_Exp.launch
[174.570s] -- Installing: /home/capstone/autoware.ai/install/lidar_euclidean_cluster_detect/share/lidar_euclidean_cluster_detect/launch/lidar_euclidean_cluster_detect_param.launch
[174.570s] -- Installing: /home/capstone/autoware.ai/install/lidar_euclidean_cluster_detect/share/lidar_euclidean_cluster_detect/launch/lidar_euclidean_cluster_detect.launch
[174.570s] -- Installing: /home/capstone/autoware.ai/install/lidar_euclidean_cluster_detect/share/lidar_euclidean_cluster_detect/config
[174.570s] -- Installing: /home/capstone/autoware.ai/install/lidar_euclidean_cluster_detect/share/lidar_euclidean_cluster_detect/config/params.yaml
