[0.609s] [  0%] Built target tf_generate_messages_lisp
[0.764s] [  0%] Built target jsk_recognition_msgs_generate_messages_eus
[0.909s] [  0%] Built target std_msgs_generate_messages_py
[1.055s] [  0%] Built target jsk_recognition_msgs_generate_messages_cpp
[1.198s] [  0%] Built target geometry_msgs_generate_messages_lisp
[1.356s] [  0%] Built target autoware_msgs_generate_messages_eus
[1.530s] [  0%] Built target std_msgs_generate_messages_nodejs
[1.677s] [  0%] Built target geometry_msgs_generate_messages_eus
[1.820s] [  0%] Built target std_msgs_generate_messages_cpp
[1.965s] [  0%] Built target jsk_footstep_msgs_generate_messages_py
[2.114s] [  0%] Built target geometry_msgs_generate_messages_py
[2.253s] [  0%] Built target tf2_msgs_generate_messages_eus
[2.419s] [  0%] Built target sensor_msgs_generate_messages_py
[2.604s] [  0%] Built target jsk_footstep_msgs_generate_messages_lisp
[2.748s] [  0%] Built target autoware_msgs_generate_messages_nodejs
[2.893s] [  0%] Built target actionlib_msgs_generate_messages_eus
[3.040s] [  0%] Built target tf_generate_messages_eus
[3.186s] [  0%] Built target autoware_msgs_generate_messages_py
[3.335s] [  0%] Built target rosgraph_msgs_generate_messages_lisp
[3.515s] [  0%] Built target rosgraph_msgs_generate_messages_py
[3.661s] [  0%] Built target sensor_msgs_generate_messages_lisp
[3.804s] [  0%] Built target sensor_msgs_generate_messages_eus
[3.950s] [  0%] Built target roscpp_generate_messages_cpp
[4.093s] [  0%] Built target autoware_msgs_generate_messages_lisp
[4.237s] [  0%] Built target sensor_msgs_generate_messages_cpp
[4.405s] [  0%] Built target pcl_msgs_generate_messages_cpp
[4.567s] [  0%] Built target jsk_recognition_msgs_generate_messages_py
[4.710s] [  0%] Built target std_msgs_generate_messages_lisp
[4.855s] [  0%] Built target autoware_msgs_generate_messages_cpp
[4.998s] [  0%] Built target jsk_footstep_msgs_generate_messages_eus
[5.144s] [  0%] Built target actionlib_generate_messages_lisp
[5.290s] [  0%] Built target _catkin_empty_exported_target
[5.474s] [  0%] Built target roscpp_generate_messages_lisp
[5.632s] [  0%] Built target geometry_msgs_generate_messages_nodejs
[5.775s] [  0%] Built target geometry_msgs_generate_messages_cpp
[5.923s] [  0%] Built target pcl_msgs_generate_messages_eus
[6.065s] [  0%] Built target pcl_msgs_generate_messages_nodejs
[6.209s] [  0%] Built target pcl_msgs_generate_messages_lisp
[6.384s] [  0%] Built target pcl_msgs_generate_messages_py
[6.547s] [  0%] Built target sensor_msgs_generate_messages_nodejs
[6.694s] [  0%] Built target jsk_footstep_msgs_generate_messages_nodejs
[6.841s] [  0%] Built target actionlib_msgs_generate_messages_cpp
[6.987s] [  0%] Built target tf_generate_messages_py
[7.129s] [  0%] Built target std_msgs_generate_messages_eus
[7.276s] [  0%] Built target actionlib_msgs_generate_messages_lisp
[7.470s] [  0%] Built target actionlib_msgs_generate_messages_nodejs
[7.616s] [  0%] Built target actionlib_msgs_generate_messages_py
[7.763s] [  0%] Built target rosgraph_msgs_generate_messages_nodejs
[7.909s] [  0%] Built target roscpp_generate_messages_eus
[8.060s] [  0%] Built target jsk_footstep_msgs_generate_messages_cpp
[8.204s] [  0%] Built target roscpp_generate_messages_nodejs
[8.375s] [  0%] Built target jsk_recognition_msgs_generate_messages_nodejs
[8.591s] [  0%] Built target roscpp_generate_messages_py
[8.740s] [  0%] Built target actionlib_generate_messages_eus
[8.888s] [  0%] Built target rosgraph_msgs_generate_messages_cpp
[9.036s] [  0%] Built target rosgraph_msgs_generate_messages_eus
[9.181s] [  0%] Built target tf_generate_messages_cpp
[9.332s] [  0%] Built target jsk_recognition_msgs_generate_messages_lisp
[9.519s] [  0%] Built target tf_generate_messages_nodejs
[9.662s] [  0%] Built target actionlib_generate_messages_cpp
[9.803s] [  0%] Built target actionlib_generate_messages_nodejs
[9.945s] [  0%] Built target actionlib_generate_messages_py
[10.089s] [  0%] Built target tf2_msgs_generate_messages_cpp
[10.236s] [  0%] Built target tf2_msgs_generate_messages_lisp
[10.407s] [  0%] Built target tf2_msgs_generate_messages_nodejs
[10.571s] [  0%] Built target tf2_msgs_generate_messages_py
[10.727s] [100%] Built target calibration_publisher
[12.121s] Built target tests
[13.397s] [  0%] Built target tf_generate_messages_lisp
[13.577s] [  0%] Built target jsk_recognition_msgs_generate_messages_eus
[13.721s] [  0%] Built target std_msgs_generate_messages_py
[13.865s] [  0%] Built target jsk_recognition_msgs_generate_messages_cpp
[14.011s] [  0%] Built target geometry_msgs_generate_messages_lisp
[14.156s] [  0%] Built target autoware_msgs_generate_messages_eus
[14.299s] [  0%] Built target std_msgs_generate_messages_nodejs
[14.481s] [  0%] Built target geometry_msgs_generate_messages_eus
[14.624s] [  0%] Built target std_msgs_generate_messages_cpp
[14.776s] [  0%] Built target jsk_footstep_msgs_generate_messages_py
[14.921s] [  0%] Built target geometry_msgs_generate_messages_py
[15.072s] [  0%] Built target tf2_msgs_generate_messages_eus
[15.217s] [  0%] Built target sensor_msgs_generate_messages_py
[15.389s] [  0%] Built target jsk_footstep_msgs_generate_messages_lisp
[15.586s] [  0%] Built target autoware_msgs_generate_messages_nodejs
[15.733s] [  0%] Built target actionlib_msgs_generate_messages_eus
[15.880s] [  0%] Built target tf_generate_messages_eus
[16.024s] [  0%] Built target autoware_msgs_generate_messages_py
[16.168s] [  0%] Built target rosgraph_msgs_generate_messages_lisp
[16.332s] [  0%] Built target rosgraph_msgs_generate_messages_py
[16.493s] [  0%] Built target sensor_msgs_generate_messages_lisp
[16.638s] [  0%] Built target sensor_msgs_generate_messages_eus
[16.807s] [  0%] Built target roscpp_generate_messages_cpp
[16.955s] [  0%] Built target autoware_msgs_generate_messages_lisp
[17.102s] [  0%] Built target sensor_msgs_generate_messages_cpp
[17.252s] [  0%] Built target pcl_msgs_generate_messages_cpp
[17.434s] [  0%] Built target jsk_recognition_msgs_generate_messages_py
[17.592s] [  0%] Built target std_msgs_generate_messages_lisp
[17.743s] [  0%] Built target autoware_msgs_generate_messages_cpp
[17.892s] [  0%] Built target jsk_footstep_msgs_generate_messages_eus
[18.035s] [  0%] Built target actionlib_generate_messages_lisp
[18.180s] [  0%] Built target _catkin_empty_exported_target
[18.338s] [  0%] Built target roscpp_generate_messages_lisp
[18.522s] [  0%] Built target geometry_msgs_generate_messages_nodejs
[18.667s] [  0%] Built target geometry_msgs_generate_messages_cpp
[18.816s] [  0%] Built target pcl_msgs_generate_messages_eus
[18.963s] [  0%] Built target pcl_msgs_generate_messages_nodejs
[19.108s] [  0%] Built target pcl_msgs_generate_messages_lisp
[19.252s] [  0%] Built target pcl_msgs_generate_messages_py
[19.418s] [  0%] Built target sensor_msgs_generate_messages_nodejs
[19.581s] [  0%] Built target jsk_footstep_msgs_generate_messages_nodejs
[19.724s] [  0%] Built target actionlib_msgs_generate_messages_cpp
[19.869s] [  0%] Built target tf_generate_messages_py
[20.012s] [  0%] Built target std_msgs_generate_messages_eus
[20.156s] [  0%] Built target actionlib_msgs_generate_messages_lisp
[20.303s] [  0%] Built target actionlib_msgs_generate_messages_nodejs
[20.501s] [  0%] Built target actionlib_msgs_generate_messages_py
[20.647s] [  0%] Built target rosgraph_msgs_generate_messages_nodejs
[20.791s] [  0%] Built target roscpp_generate_messages_eus
[20.940s] [  0%] Built target jsk_footstep_msgs_generate_messages_cpp
[21.092s] [  0%] Built target roscpp_generate_messages_nodejs
[21.235s] [  0%] Built target jsk_recognition_msgs_generate_messages_nodejs
[21.402s] [  0%] Built target roscpp_generate_messages_py
[21.573s] [  0%] Built target actionlib_generate_messages_eus
[21.716s] [  0%] Built target rosgraph_msgs_generate_messages_cpp
[21.862s] [  0%] Built target rosgraph_msgs_generate_messages_eus
[22.007s] [  0%] Built target tf_generate_messages_cpp
[22.151s] [  0%] Built target jsk_recognition_msgs_generate_messages_lisp
[22.297s] [  0%] Built target tf_generate_messages_nodejs
[22.514s] [  0%] Built target actionlib_generate_messages_cpp
[22.659s] [  0%] Built target actionlib_generate_messages_nodejs
[22.803s] [  0%] Built target actionlib_generate_messages_py
[22.961s] [  0%] Built target tf2_msgs_generate_messages_cpp
[23.109s] [  0%] Built target tf2_msgs_generate_messages_lisp
[23.251s] [  0%] Built target tf2_msgs_generate_messages_nodejs
[23.460s] [  0%] Built target tf2_msgs_generate_messages_py
[23.630s] [100%] Built target calibration_publisher
[23.742s] [36mInstall the project...[0m
[23.801s] -- Install configuration: "Release"
[23.801s] -- Up-to-date: /home/capstone/autoware.ai/install/calibration_publisher/lib/pkgconfig/calibration_publisher.pc
[23.802s] -- Up-to-date: /home/capstone/autoware.ai/install/calibration_publisher/share/calibration_publisher/cmake/calibration_publisherConfig.cmake
[23.802s] -- Up-to-date: /home/capstone/autoware.ai/install/calibration_publisher/share/calibration_publisher/cmake/calibration_publisherConfig-version.cmake
[23.802s] -- Up-to-date: /home/capstone/autoware.ai/install/calibration_publisher/share/calibration_publisher/package.xml
[23.802s] -- Up-to-date: /home/capstone/autoware.ai/install/calibration_publisher/lib/calibration_publisher/calibration_publisher
