Determining if the pthread_create exist failed with the following output:
Change Dir: /home/capstone/autoware.ai/build/map_tools/CMakeFiles/CMakeTmp

Run Build Command:"/usr/bin/make" "cmTC_fd06d/fast"
/usr/bin/make -f CMakeFiles/cmTC_fd06d.dir/build.make CMakeFiles/cmTC_fd06d.dir/build
make[1]: Entering directory '/home/capstone/autoware.ai/build/map_tools/CMakeFiles/CMakeTmp'
Building C object CMakeFiles/cmTC_fd06d.dir/CheckSymbolExists.c.o
/usr/bin/cc    -o CMakeFiles/cmTC_fd06d.dir/CheckSymbolExists.c.o   -c /home/capstone/autoware.ai/build/map_tools/CMakeFiles/CMakeTmp/CheckSymbolExists.c
Linking C executable cmTC_fd06d
/usr/bin/cmake -E cmake_link_script CMakeFiles/cmTC_fd06d.dir/link.txt --verbose=1
/usr/bin/cc      -rdynamic CMakeFiles/cmTC_fd06d.dir/CheckSymbolExists.c.o  -o cmTC_fd06d 
CMakeFiles/cmTC_fd06d.dir/CheckSymbolExists.c.o: In function `main':
CheckSymbolExists.c:(.text+0x1b): undefined reference to `pthread_create'
collect2: error: ld returned 1 exit status
CMakeFiles/cmTC_fd06d.dir/build.make:97: recipe for target 'cmTC_fd06d' failed
make[1]: *** [cmTC_fd06d] Error 1
make[1]: Leaving directory '/home/capstone/autoware.ai/build/map_tools/CMakeFiles/CMakeTmp'
Makefile:126: recipe for target 'cmTC_fd06d/fast' failed
make: *** [cmTC_fd06d/fast] Error 2

File /home/capstone/autoware.ai/build/map_tools/CMakeFiles/CMakeTmp/CheckSymbolExists.c:
/* */
#include <pthread.h>

int main(int argc, char** argv)
{
  (void)argv;
#ifndef pthread_create
  return ((int*)(&pthread_create))[argc];
#else
  (void)argc;
  return 0;
#endif
}

Determining if the function pthread_create exists in the pthreads failed with the following output:
Change Dir: /home/capstone/autoware.ai/build/map_tools/CMakeFiles/CMakeTmp

Run Build Command:"/usr/bin/make" "cmTC_35472/fast"
/usr/bin/make -f CMakeFiles/cmTC_35472.dir/build.make CMakeFiles/cmTC_35472.dir/build
make[1]: Entering directory '/home/capstone/autoware.ai/build/map_tools/CMakeFiles/CMakeTmp'
Building C object CMakeFiles/cmTC_35472.dir/CheckFunctionExists.c.o
/usr/bin/cc   -DCHECK_FUNCTION_EXISTS=pthread_create   -o CMakeFiles/cmTC_35472.dir/CheckFunctionExists.c.o   -c /usr/share/cmake-3.10/Modules/CheckFunctionExists.c
Linking C executable cmTC_35472
/usr/bin/cmake -E cmake_link_script CMakeFiles/cmTC_35472.dir/link.txt --verbose=1
/usr/bin/cc  -DCHECK_FUNCTION_EXISTS=pthread_create    -rdynamic CMakeFiles/cmTC_35472.dir/CheckFunctionExists.c.o  -o cmTC_35472 -lpthreads 
/usr/bin/ld: cannot find -lpthreads
collect2: error: ld returned 1 exit status
CMakeFiles/cmTC_35472.dir/build.make:97: recipe for target 'cmTC_35472' failed
make[1]: *** [cmTC_35472] Error 1
make[1]: Leaving directory '/home/capstone/autoware.ai/build/map_tools/CMakeFiles/CMakeTmp'
Makefile:126: recipe for target 'cmTC_35472/fast' failed
make: *** [cmTC_35472/fast] Error 2


