[1.195s] [  0%] Built target std_msgs_generate_messages_lisp
[1.342s] [  0%] Built target std_msgs_generate_messages_eus
[1.364s] [  0%] Built target std_msgs_generate_messages_nodejs
[1.416s] [  0%] Built target std_msgs_generate_messages_cpp
[1.486s] [  0%] Built target std_msgs_generate_messages_py
[1.619s] [  0%] Built target _tablet_socket_msgs_generate_messages_check_deps_mode_cmd
[1.620s] [  0%] Built target _tablet_socket_msgs_generate_messages_check_deps_mode_info
[1.621s] [  0%] Built target _tablet_socket_msgs_generate_messages_check_deps_route_cmd
[1.640s] [  0%] Built target _tablet_socket_msgs_generate_messages_check_deps_error_info
[1.681s] [  0%] Built target _tablet_socket_msgs_generate_messages_check_deps_Waypoint
[1.704s] [  0%] Built target _tablet_socket_msgs_generate_messages_check_deps_gear_cmd
[2.143s] [ 18%] Built target tablet_socket_msgs_generate_messages_cpp
[2.195s] [ 37%] Built target tablet_socket_msgs_generate_messages_lisp
[2.198s] [ 56%] Built target tablet_socket_msgs_generate_messages_nodejs
[2.212s] [ 78%] Built target tablet_socket_msgs_generate_messages_eus
[2.224s] [100%] Built target tablet_socket_msgs_generate_messages_py
[2.545s] [100%] Built target tablet_socket_msgs_generate_messages
[4.418s] Built target tests
[5.735s] [  0%] Built target std_msgs_generate_messages_nodejs
[5.739s] [  0%] Built target std_msgs_generate_messages_py
[5.756s] [  0%] Built target std_msgs_generate_messages_lisp
[5.758s] [  0%] Built target std_msgs_generate_messages_eus
[5.770s] [  0%] Built target std_msgs_generate_messages_cpp
[5.818s] [  0%] Built target _tablet_socket_msgs_generate_messages_check_deps_error_info
[5.880s] [  0%] Built target _tablet_socket_msgs_generate_messages_check_deps_route_cmd
[5.905s] [  0%] Built target _tablet_socket_msgs_generate_messages_check_deps_gear_cmd
[5.950s] [  0%] Built target _tablet_socket_msgs_generate_messages_check_deps_mode_info
[5.968s] [  0%] Built target _tablet_socket_msgs_generate_messages_check_deps_mode_cmd
[6.129s] [  0%] Built target _tablet_socket_msgs_generate_messages_check_deps_Waypoint
[6.326s] [ 18%] Built target tablet_socket_msgs_generate_messages_cpp
[6.373s] [ 37%] Built target tablet_socket_msgs_generate_messages_lisp
[6.381s] [ 59%] Built target tablet_socket_msgs_generate_messages_eus
[6.386s] [ 81%] Built target tablet_socket_msgs_generate_messages_py
[6.425s] [100%] Built target tablet_socket_msgs_generate_messages_nodejs
[6.583s] [100%] Built target tablet_socket_msgs_generate_messages
[6.720s] [36mInstall the project...[0m
[6.763s] -- Install configuration: "Release"
[6.765s] -- Up-to-date: /home/capstone/autoware.ai/install/tablet_socket_msgs/share/tablet_socket_msgs/msg/Waypoint.msg
[6.765s] -- Up-to-date: /home/capstone/autoware.ai/install/tablet_socket_msgs/share/tablet_socket_msgs/msg/error_info.msg
[6.765s] -- Up-to-date: /home/capstone/autoware.ai/install/tablet_socket_msgs/share/tablet_socket_msgs/msg/gear_cmd.msg
[6.766s] -- Up-to-date: /home/capstone/autoware.ai/install/tablet_socket_msgs/share/tablet_socket_msgs/msg/mode_cmd.msg
[6.766s] -- Up-to-date: /home/capstone/autoware.ai/install/tablet_socket_msgs/share/tablet_socket_msgs/msg/mode_info.msg
[6.766s] -- Up-to-date: /home/capstone/autoware.ai/install/tablet_socket_msgs/share/tablet_socket_msgs/msg/route_cmd.msg
[6.766s] -- Up-to-date: /home/capstone/autoware.ai/install/tablet_socket_msgs/share/tablet_socket_msgs/cmake/tablet_socket_msgs-msg-paths.cmake
[6.767s] -- Up-to-date: /home/capstone/autoware.ai/install/tablet_socket_msgs/include/tablet_socket_msgs
[6.767s] -- Up-to-date: /home/capstone/autoware.ai/install/tablet_socket_msgs/include/tablet_socket_msgs/gear_cmd.h
[6.767s] -- Up-to-date: /home/capstone/autoware.ai/install/tablet_socket_msgs/include/tablet_socket_msgs/route_cmd.h
[6.767s] -- Up-to-date: /home/capstone/autoware.ai/install/tablet_socket_msgs/include/tablet_socket_msgs/Waypoint.h
[6.768s] -- Up-to-date: /home/capstone/autoware.ai/install/tablet_socket_msgs/include/tablet_socket_msgs/mode_cmd.h
[6.768s] -- Up-to-date: /home/capstone/autoware.ai/install/tablet_socket_msgs/include/tablet_socket_msgs/mode_info.h
[6.768s] -- Up-to-date: /home/capstone/autoware.ai/install/tablet_socket_msgs/include/tablet_socket_msgs/error_info.h
[6.768s] -- Up-to-date: /home/capstone/autoware.ai/install/tablet_socket_msgs/share/roseus/ros/tablet_socket_msgs
[6.769s] -- Up-to-date: /home/capstone/autoware.ai/install/tablet_socket_msgs/share/roseus/ros/tablet_socket_msgs/manifest.l
[6.769s] -- Up-to-date: /home/capstone/autoware.ai/install/tablet_socket_msgs/share/roseus/ros/tablet_socket_msgs/msg
[6.769s] -- Up-to-date: /home/capstone/autoware.ai/install/tablet_socket_msgs/share/roseus/ros/tablet_socket_msgs/msg/Waypoint.l
[6.770s] -- Up-to-date: /home/capstone/autoware.ai/install/tablet_socket_msgs/share/roseus/ros/tablet_socket_msgs/msg/gear_cmd.l
[6.770s] -- Up-to-date: /home/capstone/autoware.ai/install/tablet_socket_msgs/share/roseus/ros/tablet_socket_msgs/msg/error_info.l
[6.770s] -- Up-to-date: /home/capstone/autoware.ai/install/tablet_socket_msgs/share/roseus/ros/tablet_socket_msgs/msg/mode_cmd.l
[6.771s] -- Up-to-date: /home/capstone/autoware.ai/install/tablet_socket_msgs/share/roseus/ros/tablet_socket_msgs/msg/route_cmd.l
[6.771s] -- Up-to-date: /home/capstone/autoware.ai/install/tablet_socket_msgs/share/roseus/ros/tablet_socket_msgs/msg/mode_info.l
[6.771s] -- Up-to-date: /home/capstone/autoware.ai/install/tablet_socket_msgs/share/common-lisp/ros/tablet_socket_msgs
[6.772s] -- Up-to-date: /home/capstone/autoware.ai/install/tablet_socket_msgs/share/common-lisp/ros/tablet_socket_msgs/msg
[6.773s] -- Up-to-date: /home/capstone/autoware.ai/install/tablet_socket_msgs/share/common-lisp/ros/tablet_socket_msgs/msg/gear_cmd.lisp
[6.773s] -- Up-to-date: /home/capstone/autoware.ai/install/tablet_socket_msgs/share/common-lisp/ros/tablet_socket_msgs/msg/_package_error_info.lisp
[6.773s] -- Up-to-date: /home/capstone/autoware.ai/install/tablet_socket_msgs/share/common-lisp/ros/tablet_socket_msgs/msg/_package_mode_info.lisp
[6.775s] -- Up-to-date: /home/capstone/autoware.ai/install/tablet_socket_msgs/share/common-lisp/ros/tablet_socket_msgs/msg/route_cmd.lisp
[6.776s] -- Up-to-date: /home/capstone/autoware.ai/install/tablet_socket_msgs/share/common-lisp/ros/tablet_socket_msgs/msg/Waypoint.lisp
[6.776s] -- Up-to-date: /home/capstone/autoware.ai/install/tablet_socket_msgs/share/common-lisp/ros/tablet_socket_msgs/msg/tablet_socket_msgs-msg.asd
[6.776s] -- Up-to-date: /home/capstone/autoware.ai/install/tablet_socket_msgs/share/common-lisp/ros/tablet_socket_msgs/msg/_package_mode_cmd.lisp
[6.777s] -- Up-to-date: /home/capstone/autoware.ai/install/tablet_socket_msgs/share/common-lisp/ros/tablet_socket_msgs/msg/error_info.lisp
[6.777s] -- Up-to-date: /home/capstone/autoware.ai/install/tablet_socket_msgs/share/common-lisp/ros/tablet_socket_msgs/msg/_package_route_cmd.lisp
[6.777s] -- Up-to-date: /home/capstone/autoware.ai/install/tablet_socket_msgs/share/common-lisp/ros/tablet_socket_msgs/msg/_package.lisp
[6.778s] -- Up-to-date: /home/capstone/autoware.ai/install/tablet_socket_msgs/share/common-lisp/ros/tablet_socket_msgs/msg/_package_gear_cmd.lisp
[6.778s] -- Up-to-date: /home/capstone/autoware.ai/install/tablet_socket_msgs/share/common-lisp/ros/tablet_socket_msgs/msg/_package_Waypoint.lisp
[6.780s] -- Up-to-date: /home/capstone/autoware.ai/install/tablet_socket_msgs/share/common-lisp/ros/tablet_socket_msgs/msg/mode_cmd.lisp
[6.781s] -- Up-to-date: /home/capstone/autoware.ai/install/tablet_socket_msgs/share/common-lisp/ros/tablet_socket_msgs/msg/mode_info.lisp
[6.781s] -- Up-to-date: /home/capstone/autoware.ai/install/tablet_socket_msgs/share/gennodejs/ros/tablet_socket_msgs
[6.782s] -- Up-to-date: /home/capstone/autoware.ai/install/tablet_socket_msgs/share/gennodejs/ros/tablet_socket_msgs/_index.js
[6.782s] -- Up-to-date: /home/capstone/autoware.ai/install/tablet_socket_msgs/share/gennodejs/ros/tablet_socket_msgs/msg
[6.782s] -- Up-to-date: /home/capstone/autoware.ai/install/tablet_socket_msgs/share/gennodejs/ros/tablet_socket_msgs/msg/Waypoint.js
[6.783s] -- Up-to-date: /home/capstone/autoware.ai/install/tablet_socket_msgs/share/gennodejs/ros/tablet_socket_msgs/msg/_index.js
[6.783s] -- Up-to-date: /home/capstone/autoware.ai/install/tablet_socket_msgs/share/gennodejs/ros/tablet_socket_msgs/msg/mode_cmd.js
[6.784s] -- Up-to-date: /home/capstone/autoware.ai/install/tablet_socket_msgs/share/gennodejs/ros/tablet_socket_msgs/msg/error_info.js
[6.784s] -- Up-to-date: /home/capstone/autoware.ai/install/tablet_socket_msgs/share/gennodejs/ros/tablet_socket_msgs/msg/gear_cmd.js
[6.784s] -- Up-to-date: /home/capstone/autoware.ai/install/tablet_socket_msgs/share/gennodejs/ros/tablet_socket_msgs/msg/mode_info.js
[6.784s] -- Up-to-date: /home/capstone/autoware.ai/install/tablet_socket_msgs/share/gennodejs/ros/tablet_socket_msgs/msg/route_cmd.js
[6.848s] Listing /home/capstone/autoware.ai/build/tablet_socket_msgs/devel/lib/python2.7/dist-packages/tablet_socket_msgs ...
[6.848s] Listing /home/capstone/autoware.ai/build/tablet_socket_msgs/devel/lib/python2.7/dist-packages/tablet_socket_msgs/msg ...
[6.848s] -- Up-to-date: /home/capstone/autoware.ai/install/tablet_socket_msgs/lib/python2.7/dist-packages/tablet_socket_msgs
[6.849s] -- Up-to-date: /home/capstone/autoware.ai/install/tablet_socket_msgs/lib/python2.7/dist-packages/tablet_socket_msgs/__init__.pyc
[6.849s] -- Up-to-date: /home/capstone/autoware.ai/install/tablet_socket_msgs/lib/python2.7/dist-packages/tablet_socket_msgs/__init__.py
[6.849s] -- Up-to-date: /home/capstone/autoware.ai/install/tablet_socket_msgs/lib/python2.7/dist-packages/tablet_socket_msgs/msg
[6.849s] -- Up-to-date: /home/capstone/autoware.ai/install/tablet_socket_msgs/lib/python2.7/dist-packages/tablet_socket_msgs/msg/_mode_cmd.pyc
[6.849s] -- Up-to-date: /home/capstone/autoware.ai/install/tablet_socket_msgs/lib/python2.7/dist-packages/tablet_socket_msgs/msg/_mode_info.pyc
[6.850s] -- Up-to-date: /home/capstone/autoware.ai/install/tablet_socket_msgs/lib/python2.7/dist-packages/tablet_socket_msgs/msg/_gear_cmd.pyc
[6.850s] -- Up-to-date: /home/capstone/autoware.ai/install/tablet_socket_msgs/lib/python2.7/dist-packages/tablet_socket_msgs/msg/_mode_cmd.py
[6.850s] -- Up-to-date: /home/capstone/autoware.ai/install/tablet_socket_msgs/lib/python2.7/dist-packages/tablet_socket_msgs/msg/_error_info.pyc
[6.850s] -- Up-to-date: /home/capstone/autoware.ai/install/tablet_socket_msgs/lib/python2.7/dist-packages/tablet_socket_msgs/msg/_error_info.py
[6.850s] -- Up-to-date: /home/capstone/autoware.ai/install/tablet_socket_msgs/lib/python2.7/dist-packages/tablet_socket_msgs/msg/_gear_cmd.py
[6.850s] -- Up-to-date: /home/capstone/autoware.ai/install/tablet_socket_msgs/lib/python2.7/dist-packages/tablet_socket_msgs/msg/_Waypoint.py
[6.850s] -- Up-to-date: /home/capstone/autoware.ai/install/tablet_socket_msgs/lib/python2.7/dist-packages/tablet_socket_msgs/msg/_mode_info.py
[6.851s] -- Up-to-date: /home/capstone/autoware.ai/install/tablet_socket_msgs/lib/python2.7/dist-packages/tablet_socket_msgs/msg/_route_cmd.py
[6.851s] -- Up-to-date: /home/capstone/autoware.ai/install/tablet_socket_msgs/lib/python2.7/dist-packages/tablet_socket_msgs/msg/__init__.pyc
[6.851s] -- Up-to-date: /home/capstone/autoware.ai/install/tablet_socket_msgs/lib/python2.7/dist-packages/tablet_socket_msgs/msg/_route_cmd.pyc
[6.851s] -- Up-to-date: /home/capstone/autoware.ai/install/tablet_socket_msgs/lib/python2.7/dist-packages/tablet_socket_msgs/msg/_Waypoint.pyc
[6.851s] -- Up-to-date: /home/capstone/autoware.ai/install/tablet_socket_msgs/lib/python2.7/dist-packages/tablet_socket_msgs/msg/__init__.py
[6.851s] -- Up-to-date: /home/capstone/autoware.ai/install/tablet_socket_msgs/lib/pkgconfig/tablet_socket_msgs.pc
[6.851s] -- Up-to-date: /home/capstone/autoware.ai/install/tablet_socket_msgs/share/tablet_socket_msgs/cmake/tablet_socket_msgs-msg-extras.cmake
[6.852s] -- Up-to-date: /home/capstone/autoware.ai/install/tablet_socket_msgs/share/tablet_socket_msgs/cmake/tablet_socket_msgsConfig.cmake
[6.852s] -- Up-to-date: /home/capstone/autoware.ai/install/tablet_socket_msgs/share/tablet_socket_msgs/cmake/tablet_socket_msgsConfig-version.cmake
[6.852s] -- Up-to-date: /home/capstone/autoware.ai/install/tablet_socket_msgs/share/tablet_socket_msgs/package.xml
