[0.482s] [  0%] Built target jsk_footstep_msgs_generate_messages_nodejs
[0.624s] [  0%] Built target geometry_msgs_generate_messages_py
[0.772s] [  0%] Built target sensor_msgs_generate_messages_py
[0.967s] [  0%] Built target jsk_footstep_msgs_generate_messages_lisp
[1.137s] [  0%] Built target autoware_msgs_generate_messages_nodejs
[1.284s] [  0%] Built target actionlib_msgs_generate_messages_eus
[1.440s] [  0%] Built target autoware_msgs_generate_messages_py
[1.587s] [  0%] Built target rosgraph_msgs_generate_messages_lisp
[1.731s] [  0%] Built target rosgraph_msgs_generate_messages_py
[1.888s] [  0%] Built target sensor_msgs_generate_messages_lisp
[2.084s] [  0%] Built target sensor_msgs_generate_messages_eus
[2.228s] [  0%] Built target roscpp_generate_messages_cpp
[2.371s] [  0%] Built target autoware_msgs_generate_messages_lisp
[2.522s] [  0%] Built target sensor_msgs_generate_messages_cpp
[2.667s] [  0%] Built target pcl_msgs_generate_messages_cpp
[2.810s] [  0%] Built target jsk_recognition_msgs_generate_messages_py
[3.024s] [  0%] Built target std_msgs_generate_messages_lisp
[3.169s] [  0%] Built target autoware_msgs_generate_messages_cpp
[3.306s] [  0%] Built target jsk_footstep_msgs_generate_messages_eus
[3.452s] [  0%] Built target _catkin_empty_exported_target
[3.602s] [  0%] Built target roscpp_generate_messages_lisp
[3.751s] [  0%] Built target geometry_msgs_generate_messages_nodejs
[3.944s] [  0%] Built target geometry_msgs_generate_messages_cpp
[4.141s] [  0%] Built target pcl_msgs_generate_messages_eus
[4.286s] [  0%] Built target pcl_msgs_generate_messages_nodejs
[4.431s] [  0%] Built target pcl_msgs_generate_messages_lisp
[4.576s] [  0%] Built target actionlib_msgs_generate_messages_cpp
[4.719s] [  0%] Built target std_msgs_generate_messages_eus
[4.879s] [  0%] Built target actionlib_msgs_generate_messages_lisp
[5.076s] [  0%] Built target actionlib_msgs_generate_messages_nodejs
[5.218s] [  0%] Built target actionlib_msgs_generate_messages_py
[5.360s] [  0%] Built target rosgraph_msgs_generate_messages_nodejs
[5.510s] [  0%] Built target roscpp_generate_messages_eus
[5.658s] [  0%] Built target jsk_footstep_msgs_generate_messages_cpp
[5.800s] [  0%] Built target roscpp_generate_messages_nodejs
[5.990s] [  0%] Built target jsk_recognition_msgs_generate_messages_nodejs
[6.135s] [  0%] Built target roscpp_generate_messages_py
[6.289s] [  0%] Built target rosgraph_msgs_generate_messages_cpp
[6.434s] [  0%] Built target pcl_msgs_generate_messages_py
[6.580s] [  0%] Built target rosgraph_msgs_generate_messages_eus
[6.725s] [  0%] Built target sensor_msgs_generate_messages_nodejs
[6.892s] [  0%] Built target jsk_footstep_msgs_generate_messages_py
[7.119s] [  0%] Built target std_msgs_generate_messages_cpp
[7.261s] [  0%] Built target geometry_msgs_generate_messages_eus
[7.408s] [  0%] Built target std_msgs_generate_messages_nodejs
[7.555s] [  0%] Built target autoware_msgs_generate_messages_eus
[7.690s] [  0%] Built target geometry_msgs_generate_messages_lisp
[7.840s] [  0%] Built target jsk_recognition_msgs_generate_messages_cpp
[8.050s] [  0%] Built target std_msgs_generate_messages_py
[8.196s] [  0%] Built target jsk_recognition_msgs_generate_messages_eus
[8.339s] [  0%] Built target jsk_recognition_msgs_generate_messages_lisp
[8.503s] [100%] Built target vision_lane_detect
[9.719s] Built target tests
[10.824s] [  0%] Built target jsk_footstep_msgs_generate_messages_nodejs
[11.035s] [  0%] Built target geometry_msgs_generate_messages_py
[11.195s] [  0%] Built target sensor_msgs_generate_messages_py
[11.342s] [  0%] Built target jsk_footstep_msgs_generate_messages_lisp
[11.490s] [  0%] Built target autoware_msgs_generate_messages_nodejs
[11.635s] [  0%] Built target actionlib_msgs_generate_messages_eus
[11.782s] [  0%] Built target autoware_msgs_generate_messages_py
[11.962s] [  0%] Built target rosgraph_msgs_generate_messages_lisp
[12.120s] [  0%] Built target rosgraph_msgs_generate_messages_py
[12.264s] [  0%] Built target sensor_msgs_generate_messages_lisp
[12.410s] [  0%] Built target sensor_msgs_generate_messages_eus
[12.556s] [  0%] Built target roscpp_generate_messages_cpp
[12.701s] [  0%] Built target autoware_msgs_generate_messages_lisp
[12.849s] [  0%] Built target sensor_msgs_generate_messages_cpp
[13.044s] [  0%] Built target pcl_msgs_generate_messages_cpp
[13.199s] [  0%] Built target jsk_recognition_msgs_generate_messages_py
[13.341s] [  0%] Built target std_msgs_generate_messages_lisp
[13.485s] [  0%] Built target autoware_msgs_generate_messages_cpp
[13.633s] [  0%] Built target jsk_footstep_msgs_generate_messages_eus
[13.777s] [  0%] Built target _catkin_empty_exported_target
[13.931s] [  0%] Built target roscpp_generate_messages_lisp
[14.113s] [  0%] Built target geometry_msgs_generate_messages_nodejs
[14.257s] [  0%] Built target geometry_msgs_generate_messages_cpp
[14.403s] [  0%] Built target pcl_msgs_generate_messages_eus
[14.548s] [  0%] Built target pcl_msgs_generate_messages_nodejs
[14.703s] [  0%] Built target pcl_msgs_generate_messages_lisp
[14.859s] [  0%] Built target actionlib_msgs_generate_messages_cpp
[15.031s] [  0%] Built target std_msgs_generate_messages_eus
[15.176s] [  0%] Built target actionlib_msgs_generate_messages_lisp
[15.317s] [  0%] Built target actionlib_msgs_generate_messages_nodejs
[15.464s] [  0%] Built target actionlib_msgs_generate_messages_py
[15.607s] [  0%] Built target rosgraph_msgs_generate_messages_nodejs
[15.753s] [  0%] Built target roscpp_generate_messages_eus
[15.927s] [  0%] Built target jsk_footstep_msgs_generate_messages_cpp
[16.108s] [  0%] Built target roscpp_generate_messages_nodejs
[16.254s] [  0%] Built target jsk_recognition_msgs_generate_messages_nodejs
[16.400s] [  0%] Built target roscpp_generate_messages_py
[16.549s] [  0%] Built target rosgraph_msgs_generate_messages_cpp
[16.695s] [  0%] Built target pcl_msgs_generate_messages_py
[16.843s] [  0%] Built target rosgraph_msgs_generate_messages_eus
[17.034s] [  0%] Built target sensor_msgs_generate_messages_nodejs
[17.181s] [  0%] Built target jsk_footstep_msgs_generate_messages_py
[17.323s] [  0%] Built target std_msgs_generate_messages_cpp
[17.469s] [  0%] Built target geometry_msgs_generate_messages_eus
[17.614s] [  0%] Built target std_msgs_generate_messages_nodejs
[17.759s] [  0%] Built target autoware_msgs_generate_messages_eus
[17.927s] [  0%] Built target geometry_msgs_generate_messages_lisp
[18.081s] [  0%] Built target jsk_recognition_msgs_generate_messages_cpp
[18.231s] [  0%] Built target std_msgs_generate_messages_py
[18.375s] [  0%] Built target jsk_recognition_msgs_generate_messages_eus
[18.521s] [  0%] Built target jsk_recognition_msgs_generate_messages_lisp
[18.680s] [100%] Built target vision_lane_detect
[18.817s] [36mInstall the project...[0m
[18.873s] -- Install configuration: "Release"
[18.874s] -- Up-to-date: /home/capstone/autoware.ai/install/vision_lane_detect/lib/pkgconfig/vision_lane_detect.pc
[18.874s] -- Up-to-date: /home/capstone/autoware.ai/install/vision_lane_detect/share/vision_lane_detect/cmake/vision_lane_detectConfig.cmake
[18.874s] -- Up-to-date: /home/capstone/autoware.ai/install/vision_lane_detect/share/vision_lane_detect/cmake/vision_lane_detectConfig-version.cmake
[18.874s] -- Up-to-date: /home/capstone/autoware.ai/install/vision_lane_detect/share/vision_lane_detect/package.xml
[18.874s] -- Up-to-date: /home/capstone/autoware.ai/install/vision_lane_detect/lib/vision_lane_detect/vision_lane_detect
