[1.413s] -- CUDA compilation status: 1.
[1.414s] -- Using CATKIN_DEVEL_PREFIX: /home/capstone/autoware.ai/build/decision_maker/devel
[1.415s] -- Using CMAKE_PREFIX_PATH: /home/capstone/autoware.ai/install/lanelet2_extension;/home/capstone/autoware.ai/install/lanelet2_validation;/home/capstone/autoware.ai/install/lanelet2_routing;/home/capstone/autoware.ai/install/lanelet2_projection;/home/capstone/autoware.ai/install/lanelet2_traffic_rules;/home/capstone/autoware.ai/install/lanelet2_maps;/home/capstone/autoware.ai/install/lanelet2_io;/home/capstone/autoware.ai/install/vector_map;/home/capstone/autoware.ai/install/state_machine_lib;/home/capstone/autoware.ai/install/lanelet2_core;/home/capstone/autoware.ai/install/amathutils_lib;/home/capstone/autoware.ai/install/vector_map_msgs;/home/capstone/autoware.ai/install/autoware_msgs;/home/capstone/autoware.ai/install/autoware_lanelet2_msgs;/home/capstone/autoware.ai/install/autoware_config_msgs;/home/capstone/autoware.ai/install/autoware_build_flags;/home/capstone/autoware.ai/install/ymc;/home/capstone/autoware.ai/install/xsens_driver;/home/capstone/autoware.ai/install/wf_simulator;/home/capstone/autoware.ai/install/lattice_planner;/home/capstone/autoware.ai/install/waypoint_planner;/home/capstone/autoware.ai/install/waypoint_maker;/home/capstone/autoware.ai/install/way_planner;/home/capstone/autoware.ai/install/vlg22c_cam;/home/capstone/autoware.ai/install/vision_ssd_detect;/home/capstone/autoware.ai/install/vision_segment_enet_detect;/home/capstone/autoware.ai/install/vision_lane_detect;/home/capstone/autoware.ai/install/vision_darknet_detect;/home/capstone/autoware.ai/install/vision_beyond_track;/home/capstone/autoware.ai/install/vel_pose_diff_checker;/home/capstone/autoware.ai/install/vehicle_socket;/home/capstone/autoware.ai/install/vehicle_sim_model;/home/capstone/autoware.ai/install/vehicle_model;/home/capstone/autoware.ai/install/vehicle_gazebo_simulation_launcher;/home/capstone/autoware.ai/install/vehicle_gazebo_simulation_interface;/home/capstone/autoware.ai/install/vehicle_engage_panel;/home/capstone/autoware.ai/install/vehicle_description;/home/capstone/autoware.ai/install/trafficlight_recognizer;/home/capstone/autoware.ai/install/op_utilities;/home/capstone/autoware.ai/install/op_simulation_package;/home/capstone/autoware.ai/install/op_local_planner;/home/capstone/autoware.ai/install/op_global_planner;/home/capstone/autoware.ai/install/lidar_kf_contour_track;/home/capstone/autoware.ai/install/op_ros_helpers;/home/capstone/autoware.ai/install/ff_waypoint_follower;/home/capstone/autoware.ai/install/dp_planner;/home/capstone/autoware.ai/install/op_simu;/home/capstone/autoware.ai/install/op_planner;/home/capstone/autoware.ai/install/op_utility;/home/capstone/autoware.ai/install/lidar_euclidean_cluster_detect;/home/capstone/autoware.ai/install/vector_map_server;/home/capstone/autoware.ai/install/road_occupancy_processor;/home/capstone/autoware.ai/install/costmap_generator;/home/capstone/autoware.ai/install/object_map;/home/capstone/autoware.ai/install/naive_motion_predict;/home/capstone/autoware.ai/install/lanelet_aisan_converter;/home/capstone/autoware.ai/install/map_file;/home/capstone/autoware.ai/install/libvectormap;/home/capstone/autoware.ai/install/lane_planner;/home/capstone/autoware.ai/install/imm_ukf_pda_track;/home/capstone/autoware.ai/install/decision_maker;/home/capstone/autoware.ai/install/vectacam;/home/capstone/autoware.ai/install/udon_socket;/home/capstone/autoware.ai/install/twist_generator;/home/capstone/autoware.ai/install/twist_gate;/home/capstone/autoware.ai/install/twist_filter;/home/capstone/autoware.ai/install/twist2odom;/home/capstone/autoware.ai/install/tablet_socket;/home/capstone/autoware.ai/install/runtime_manager;/home/capstone/autoware.ai/install/mqtt_socket;/home/capstone/autoware.ai/install/tablet_socket_msgs;/home/capstone/autoware.ai/install/sound_player;/home/capstone/autoware.ai/install/sick_lms5xx;/home/capstone/autoware.ai/install/sick_ldmrs_tools;/home/capstone/autoware.ai/install/sick_ldmrs_driver;/home/capstone/autoware.ai/install/sick_ldmrs_msgs;/home/capstone/autoware.ai/install/sick_ldmrs_description;/home/capstone/autoware.ai/install/points2image;/home/capstone/autoware.ai/install/rosinterface;/home/capstone/autoware.ai/install/rosbag_controller;/home/capstone/autoware.ai/install/pure_pursuit;/home/capstone/autoware.ai/install/points_preprocessor;/home/capstone/autoware.ai/install/mpc_follower;/home/capstone/autoware.ai/install/lidar_localizer;/home/capstone/autoware.ai/install/emergency_handler;/home/capstone/autoware.ai/install/autoware_health_checker;/home/capstone/autoware.ai/install/as;/home/capstone/autoware.ai/install/ros_observer;/home/capstone/autoware.ai/install/roi_object_filter;/home/capstone/autoware.ai/install/range_vision_fusion;/home/capstone/autoware.ai/install/pos_db;/home/capstone/autoware.ai/install/points_downsampler;/home/capstone/autoware.ai/install/pixel_cloud_fusion;/home/capstone/autoware.ai/install/pcl_omp_registration;/home/capstone/autoware.ai/install/pc2_downsampler;/home/capstone/autoware.ai/install/oculus_socket;/home/capstone/autoware.ai/install/obj_db;/home/capstone/autoware.ai/install/nmea_navsat;/home/capstone/autoware.ai/install/ndt_tku;/home/capstone/autoware.ai/install/ndt_gpu;/home/capstone/autoware.ai/install/ndt_cpu;/home/capstone/autoware.ai/install/multi_lidar_calibrator;/home/capstone/autoware.ai/install/mrt_cmake_modules;/home/capstone/autoware.ai/install/microstrain_driver;/home/capstone/autoware.ai/install/memsic_imu;/home/capstone/autoware.ai/install/marker_downsampler;/home/capstone/autoware.ai/install/map_tools;/home/capstone/autoware.ai/install/map_tf_generator;/home/capstone/autoware.ai/install/log_tools;/home/capstone/autoware.ai/install/lidar_shape_estimation;/home/capstone/autoware.ai/install/lidar_point_pillars;/home/capstone/autoware.ai/install/lidar_naive_l_shape_detect;/home/capstone/autoware.ai/install/lidar_fake_perception;/home/capstone/autoware.ai/install/lidar_apollo_cnn_seg_detect;/home/capstone/autoware.ai/install/libwaypoint_follower;/home/capstone/autoware.ai/install/lgsvl_simulator_bridge;/home/capstone/autoware.ai/install/lanelet2_examples;/home/capstone/autoware.ai/install/lanelet2_python;/home/capstone/autoware.ai/install/kvaser;/home/capstone/autoware.ai/install/kitti_launch;/home/capstone/autoware.ai/install/kitti_player;/home/capstone/autoware.ai/install/kitti_box_publisher;/home/capstone/autoware.ai/install/javad_navsat_driver;/home/capstone/autoware.ai/install/integrated_viewer;/home/capstone/autoware.ai/install/image_processor;/home/capstone/autoware.ai/install/hokuyo;/home/capstone/autoware.ai/install/graph_tools;/home/capstone/autoware.ai/install/gnss_localizer;/home/capstone/autoware.ai/install/gnss;/home/capstone/autoware.ai/install/glviewer;/home/capstone/autoware.ai/install/gazebo_world_description;/home/capstone/autoware.ai/install/gazebo_imu_description;/home/capstone/autoware.ai/install/gazebo_camera_description;/home/capstone/autoware.ai/install/garmin;/home/capstone/autoware.ai/install/freespace_planner;/home/capstone/autoware.ai/install/fastvirtualscan;/home/capstone/autoware.ai/install/ekf_localizer;/home/capstone/autoware.ai/install/ds4_msgs;/home/capstone/autoware.ai/install/ds4_driver;/home/capstone/autoware.ai/install/detected_objects_visualizer;/home/capstone/autoware.ai/install/decision_maker_panel;/home/capstone/autoware.ai/install/data_preprocessor;/home/capstone/autoware.ai/install/custom_msgs;/home/capstone/autoware.ai/install/carla_autoware_bridge;/home/capstone/autoware.ai/install/calibration_publisher;/home/capstone/autoware.ai/install/autoware_system_msgs;/home/capstone/autoware.ai/install/autoware_rviz_plugins;/home/capstone/autoware.ai/install/autoware_quickstart_examples;/home/capstone/autoware.ai/install/autoware_pointgrey_drivers;/home/capstone/autoware.ai/install/autoware_driveworks_interface;/home/capstone/autoware.ai/install/autoware_connector;/home/capstone/autoware.ai/install/autoware_camera_lidar_calibrator;/home/capstone/autoware.ai/install/astar_search;/home/capstone/autoware.ai/install/autoware_map_msgs;/home/capstone/autoware.ai/install/autoware_launcher_rviz;/home/capstone/autoware.ai/install/autoware_launcher;/home/capstone/autoware.ai/install/autoware_external_msgs;/home/capstone/autoware.ai/install/autoware_driveworks_gmsl_interface;/home/capstone/autoware.ai/install/autoware_can_msgs;/home/capstone/autoware.ai/install/autoware_bag_tools;/home/capstone/autoware.ai/install/adi_driver;/opt/carla-ros-bridge/melodic;/opt/ros/melodic
[1.432s] -- This workspace overlays: /home/capstone/autoware.ai/install/lanelet2_extension;/home/capstone/autoware.ai/install/lanelet2_validation;/home/capstone/autoware.ai/install/lanelet2_routing;/home/capstone/autoware.ai/install/lanelet2_projection;/home/capstone/autoware.ai/install/lanelet2_traffic_rules;/home/capstone/autoware.ai/install/lanelet2_maps;/home/capstone/autoware.ai/install/lanelet2_io;/home/capstone/autoware.ai/install/vector_map;/home/capstone/autoware.ai/install/state_machine_lib;/home/capstone/autoware.ai/install/lanelet2_core;/home/capstone/autoware.ai/install/amathutils_lib;/home/capstone/autoware.ai/install/vector_map_msgs;/home/capstone/autoware.ai/install/autoware_msgs;/home/capstone/autoware.ai/install/autoware_lanelet2_msgs;/home/capstone/autoware.ai/install/autoware_config_msgs;/home/capstone/autoware.ai/install/autoware_build_flags;/home/capstone/autoware.ai/install/ymc;/home/capstone/autoware.ai/install/xsens_driver;/home/capstone/autoware.ai/install/wf_simulator;/home/capstone/autoware.ai/install/lattice_planner;/home/capstone/autoware.ai/install/waypoint_planner;/home/capstone/autoware.ai/install/waypoint_maker;/home/capstone/autoware.ai/install/way_planner;/home/capstone/autoware.ai/install/vlg22c_cam;/home/capstone/autoware.ai/install/vision_ssd_detect;/home/capstone/autoware.ai/install/vision_segment_enet_detect;/home/capstone/autoware.ai/install/vision_lane_detect;/home/capstone/autoware.ai/install/vision_darknet_detect;/home/capstone/autoware.ai/install/vision_beyond_track;/home/capstone/autoware.ai/install/vel_pose_diff_checker;/home/capstone/autoware.ai/install/vehicle_socket;/home/capstone/autoware.ai/install/vehicle_sim_model;/home/capstone/autoware.ai/install/vehicle_model;/home/capstone/autoware.ai/install/vehicle_gazebo_simulation_launcher;/home/capstone/autoware.ai/install/vehicle_gazebo_simulation_interface;/home/capstone/autoware.ai/install/vehicle_engage_panel;/home/capstone/autoware.ai/install/vehicle_description;/home/capstone/autoware.ai/install/trafficlight_recognizer;/home/capstone/autoware.ai/install/op_utilities;/home/capstone/autoware.ai/install/op_simulation_package;/home/capstone/autoware.ai/install/op_local_planner;/home/capstone/autoware.ai/install/op_global_planner;/home/capstone/autoware.ai/install/lidar_kf_contour_track;/home/capstone/autoware.ai/install/op_ros_helpers;/home/capstone/autoware.ai/install/ff_waypoint_follower;/home/capstone/autoware.ai/install/dp_planner;/home/capstone/autoware.ai/install/op_simu;/home/capstone/autoware.ai/install/op_planner;/home/capstone/autoware.ai/install/op_utility;/home/capstone/autoware.ai/install/lidar_euclidean_cluster_detect;/home/capstone/autoware.ai/install/vector_map_server;/home/capstone/autoware.ai/install/road_occupancy_processor;/home/capstone/autoware.ai/install/costmap_generator;/home/capstone/autoware.ai/install/object_map;/home/capstone/autoware.ai/install/naive_motion_predict;/home/capstone/autoware.ai/install/lanelet_aisan_converter;/home/capstone/autoware.ai/install/map_file;/home/capstone/autoware.ai/install/libvectormap;/home/capstone/autoware.ai/install/lane_planner;/home/capstone/autoware.ai/install/imm_ukf_pda_track;/home/capstone/autoware.ai/install/decision_maker;/home/capstone/autoware.ai/install/vectacam;/home/capstone/autoware.ai/install/udon_socket;/home/capstone/autoware.ai/install/twist_generator;/home/capstone/autoware.ai/install/twist_gate;/home/capstone/autoware.ai/install/twist_filter;/home/capstone/autoware.ai/install/twist2odom;/home/capstone/autoware.ai/install/tablet_socket;/home/capstone/autoware.ai/install/runtime_manager;/home/capstone/autoware.ai/install/mqtt_socket;/home/capstone/autoware.ai/install/tablet_socket_msgs;/home/capstone/autoware.ai/install/sound_player;/home/capstone/autoware.ai/install/sick_lms5xx;/home/capstone/autoware.ai/install/sick_ldmrs_tools;/home/capstone/autoware.ai/install/sick_ldmrs_driver;/home/capstone/autoware.ai/install/sick_ldmrs_msgs;/home/capstone/autoware.ai/install/sick_ldmrs_description;/home/capstone/autoware.ai/install/points2image;/home/capstone/autoware.ai/install/rosinterface;/home/capstone/autoware.ai/install/rosbag_controller;/home/capstone/autoware.ai/install/pure_pursuit;/home/capstone/autoware.ai/install/points_preprocessor;/home/capstone/autoware.ai/install/mpc_follower;/home/capstone/autoware.ai/install/lidar_localizer;/home/capstone/autoware.ai/install/emergency_handler;/home/capstone/autoware.ai/install/autoware_health_checker;/home/capstone/autoware.ai/install/as;/home/capstone/autoware.ai/install/ros_observer;/home/capstone/autoware.ai/install/roi_object_filter;/home/capstone/autoware.ai/install/range_vision_fusion;/home/capstone/autoware.ai/install/pos_db;/home/capstone/autoware.ai/install/points_downsampler;/home/capstone/autoware.ai/install/pixel_cloud_fusion;/home/capstone/autoware.ai/install/pcl_omp_registration;/home/capstone/autoware.ai/install/pc2_downsampler;/home/capstone/autoware.ai/install/oculus_socket;/home/capstone/autoware.ai/install/obj_db;/home/capstone/autoware.ai/install/nmea_navsat;/home/capstone/autoware.ai/install/ndt_tku;/home/capstone/autoware.ai/install/ndt_gpu;/home/capstone/autoware.ai/install/ndt_cpu;/home/capstone/autoware.ai/install/multi_lidar_calibrator;/home/capstone/autoware.ai/install/mrt_cmake_modules;/home/capstone/autoware.ai/install/microstrain_driver;/home/capstone/autoware.ai/install/memsic_imu;/home/capstone/autoware.ai/install/marker_downsampler;/home/capstone/autoware.ai/install/map_tools;/home/capstone/autoware.ai/install/map_tf_generator;/home/capstone/autoware.ai/install/log_tools;/home/capstone/autoware.ai/install/lidar_shape_estimation;/home/capstone/autoware.ai/install/lidar_point_pillars;/home/capstone/autoware.ai/install/lidar_naive_l_shape_detect;/home/capstone/autoware.ai/install/lidar_fake_perception;/home/capstone/autoware.ai/install/lidar_apollo_cnn_seg_detect;/home/capstone/autoware.ai/install/libwaypoint_follower;/home/capstone/autoware.ai/install/lgsvl_simulator_bridge;/home/capstone/autoware.ai/install/lanelet2_examples;/home/capstone/autoware.ai/install/lanelet2_python;/home/capstone/autoware.ai/install/kvaser;/home/capstone/autoware.ai/install/kitti_launch;/home/capstone/autoware.ai/install/kitti_player;/home/capstone/autoware.ai/install/kitti_box_publisher;/home/capstone/autoware.ai/install/javad_navsat_driver;/home/capstone/autoware.ai/install/integrated_viewer;/home/capstone/autoware.ai/install/image_processor;/home/capstone/autoware.ai/install/hokuyo;/home/capstone/autoware.ai/install/graph_tools;/home/capstone/autoware.ai/install/gnss_localizer;/home/capstone/autoware.ai/install/gnss;/home/capstone/autoware.ai/install/glviewer;/home/capstone/autoware.ai/install/gazebo_world_description;/home/capstone/autoware.ai/install/gazebo_imu_description;/home/capstone/autoware.ai/install/gazebo_camera_description;/home/capstone/autoware.ai/install/garmin;/home/capstone/autoware.ai/install/freespace_planner;/home/capstone/autoware.ai/install/fastvirtualscan;/home/capstone/autoware.ai/install/ekf_localizer;/home/capstone/autoware.ai/install/ds4_msgs;/home/capstone/autoware.ai/install/ds4_driver;/home/capstone/autoware.ai/install/detected_objects_visualizer;/home/capstone/autoware.ai/install/decision_maker_panel;/home/capstone/autoware.ai/install/data_preprocessor;/home/capstone/autoware.ai/install/custom_msgs;/home/capstone/autoware.ai/install/carla_autoware_bridge;/home/capstone/autoware.ai/install/calibration_publisher;/home/capstone/autoware.ai/install/autoware_system_msgs;/home/capstone/autoware.ai/install/autoware_rviz_plugins;/home/capstone/autoware.ai/install/autoware_quickstart_examples;/home/capstone/autoware.ai/install/autoware_pointgrey_drivers;/home/capstone/autoware.ai/install/autoware_driveworks_interface;/home/capstone/autoware.ai/install/autoware_connector;/home/capstone/autoware.ai/install/autoware_camera_lidar_calibrator;/home/capstone/autoware.ai/install/astar_search;/home/capstone/autoware.ai/install/autoware_map_msgs;/home/capstone/autoware.ai/install/autoware_launcher_rviz;/home/capstone/autoware.ai/install/autoware_launcher;/home/capstone/autoware.ai/install/autoware_external_msgs;/home/capstone/autoware.ai/install/autoware_driveworks_gmsl_interface;/home/capstone/autoware.ai/install/autoware_can_msgs;/home/capstone/autoware.ai/install/autoware_bag_tools;/home/capstone/autoware.ai/install/adi_driver;/opt/carla-ros-bridge/melodic;/opt/ros/melodic
[1.520s] -- Found PythonInterp: /usr/bin/python2 (found suitable version "2.7.17", minimum required is "2") 
[1.521s] -- Using PYTHON_EXECUTABLE: /usr/bin/python2
[1.521s] -- Using Debian Python package layout
[1.522s] -- Using empy: /usr/bin/empy
[1.894s] -- Using CATKIN_ENABLE_TESTING: ON
[1.895s] -- Call enable_testing()
[1.897s] -- Using CATKIN_TEST_RESULTS_DIR: /home/capstone/autoware.ai/build/decision_maker/test_results
[2.032s] -- Found gtest sources under '/usr/src/googletest': gtests will be built
[2.032s] -- Found gmock sources under '/usr/src/googletest': gmock will be built
[2.118s] -- Found PythonInterp: /usr/bin/python2 (found version "2.7.17") 
[2.119s] -- Using Python nosetests: /usr/bin/nosetests-2.7
[2.293s] -- catkin 0.7.23
[2.294s] -- BUILD_SHARED_LIBS is on
[3.206s] -- Using these message generators: gencpp;geneus;genlisp;gennodejs;genpy
[8.229s] -- Configuring done
[9.051s] -- Generating done
[9.135s] -- Build files have been written to: /home/capstone/autoware.ai/build/decision_maker
[9.423s] [  0%] Built target map_msgs_generate_messages_cpp
[9.594s] [  0%] Built target nav_msgs_generate_messages_cpp
[9.813s] [  0%] Built target map_msgs_generate_messages_py
[9.990s] [  0%] Built target map_msgs_generate_messages_nodejs
[10.155s] [  0%] Built target map_msgs_generate_messages_lisp
[10.302s] [  0%] Built target rosgraph_msgs_generate_messages_eus
[10.451s] [  0%] Built target rosgraph_msgs_generate_messages_cpp
[10.682s] [  0%] Built target actionlib_generate_messages_eus
[10.853s] [  0%] Built target roscpp_generate_messages_nodejs
[11.000s] [  0%] Built target roscpp_generate_messages_eus
[11.149s] [  0%] Built target people_msgs_generate_messages_eus
[11.302s] [  0%] Built target tf_generate_messages_py
[11.455s] [  0%] Built target actionlib_msgs_generate_messages_nodejs
[11.666s] [  0%] Built target actionlib_msgs_generate_messages_lisp
[11.851s] [  0%] Built target tf_generate_messages_lisp
[12.000s] [  0%] Built target actionlib_msgs_generate_messages_cpp
[12.162s] [  0%] Built target vector_map_msgs_generate_messages_nodejs
[12.306s] [  0%] Built target roscpp_generate_messages_py
[12.449s] [  0%] Built target sensor_msgs_generate_messages_nodejs
[12.610s] [  0%] Built target pcl_msgs_generate_messages_py
[12.792s] [  0%] Built target pcl_msgs_generate_messages_lisp
[12.939s] [  0%] Built target pcl_msgs_generate_messages_nodejs
[13.088s] [  0%] Built target jsk_rviz_plugins_generate_messages_eus
[13.234s] [  0%] Built target pcl_msgs_generate_messages_eus
[13.379s] [  0%] Built target geometry_msgs_generate_messages_cpp
[13.529s] [  0%] Built target geometry_msgs_generate_messages_nodejs
[13.749s] [  0%] Built target dynamic_reconfigure_generate_messages_eus
[13.902s] [  0%] Built target jsk_recognition_utils_gencfg
[14.055s] [  0%] Built target jsk_rviz_plugins_generate_messages_lisp
[14.212s] [  0%] Built target _catkin_empty_exported_target
[14.358s] [  0%] Built target actionlib_generate_messages_lisp
[14.533s] [  0%] Built target jsk_footstep_msgs_generate_messages_eus
[14.731s] [  0%] Built target autoware_msgs_generate_messages_cpp
[14.872s] [  0%] Built target jsk_recognition_msgs_generate_messages_nodejs
[15.035s] [  0%] Built target std_msgs_generate_messages_lisp
[15.188s] [  0%] Built target autoware_config_msgs_generate_messages_nodejs
[15.329s] [  0%] Built target sensor_msgs_generate_messages_cpp
[15.474s] [  0%] Built target autoware_msgs_generate_messages_lisp
[15.666s] [  0%] Built target topic_tools_generate_messages_cpp
[15.844s] [  0%] Built target visualization_msgs_generate_messages_py
[15.989s] [  0%] Built target roscpp_generate_messages_cpp
[16.137s] [  0%] Built target tf_generate_messages_nodejs
[16.279s] [  0%] Built target topic_tools_generate_messages_py
[16.426s] [  0%] Built target autoware_config_msgs_generate_messages_py
[16.601s] [  0%] Built target nodelet_topic_tools_gencfg
[16.787s] [  0%] Built target rosgraph_msgs_generate_messages_lisp
[16.931s] [  0%] Built target visualization_msgs_generate_messages_cpp
[17.076s] [  0%] Built target tf_generate_messages_eus
[17.218s] [  0%] Built target actionlib_msgs_generate_messages_eus
[17.360s] [  0%] Built target dynamic_reconfigure_generate_messages_py
[17.508s] [  0%] Built target std_srvs_generate_messages_cpp
[17.717s] [  0%] Built target jsk_hark_msgs_generate_messages_cpp
[17.866s] [  0%] Built target autoware_msgs_generate_messages_nodejs
[18.026s] [  0%] Built target jsk_footstep_msgs_generate_messages_lisp
[18.182s] [  0%] Built target topic_tools_generate_messages_eus
[18.331s] [  0%] Built target sensor_msgs_generate_messages_py
[18.474s] [  0%] Built target tf2_msgs_generate_messages_eus
[18.662s] [  0%] Built target geometry_msgs_generate_messages_py
[18.854s] [  0%] Built target jsk_footstep_msgs_generate_messages_py
[18.998s] [  0%] Built target vector_map_msgs_generate_messages_eus
[19.144s] [  0%] Built target std_msgs_generate_messages_cpp
[19.288s] [  0%] Built target geometry_msgs_generate_messages_eus
[19.433s] [  0%] Built target std_msgs_generate_messages_nodejs
[19.628s] [  0%] Built target nodelet_generate_messages_lisp
[19.837s] [  0%] Built target autoware_msgs_generate_messages_eus
[19.994s] [  0%] Built target jsk_rviz_plugins_generate_messages_nodejs
[20.141s] [  0%] Built target geometry_msgs_generate_messages_lisp
[20.296s] [  0%] Built target jsk_recognition_msgs_generate_messages_cpp
[20.441s] [  0%] Built target jsk_recognition_msgs_generate_messages_eus
[20.628s] [  0%] Built target tf_generate_messages_cpp
[20.826s] [  0%] Built target jsk_footstep_msgs_generate_messages_cpp
[20.987s] [  0%] Built target actionlib_msgs_generate_messages_py
[21.143s] [  0%] Built target jsk_recognition_msgs_generate_messages_lisp
[21.292s] [  0%] Built target rosgraph_msgs_generate_messages_nodejs
[21.450s] [  0%] Built target actionlib_generate_messages_cpp
[21.656s] [  0%] Built target jsk_hark_msgs_generate_messages_eus
[21.850s] [  0%] Built target jsk_hark_msgs_generate_messages_py
[21.999s] [  0%] Built target std_srvs_generate_messages_py
[22.147s] [  0%] Built target actionlib_generate_messages_nodejs
[22.295s] [  0%] Built target actionlib_generate_messages_py
[22.436s] [  0%] Built target nav_msgs_generate_messages_lisp
[22.589s] [  0%] Built target tf2_msgs_generate_messages_cpp
[22.797s] [  0%] Built target dynamic_reconfigure_generate_messages_lisp
[22.938s] [  0%] Built target std_msgs_generate_messages_py
[23.081s] [  0%] Built target people_msgs_generate_messages_py
[23.224s] [  0%] Built target jsk_hark_msgs_generate_messages_nodejs
[23.372s] [  0%] Built target tf2_msgs_generate_messages_lisp
[23.538s] [  0%] Built target autoware_lanelet2_msgs_generate_messages_py
[23.714s] [  0%] Built target autoware_config_msgs_generate_messages_cpp
[23.866s] [  0%] Built target tf2_msgs_generate_messages_py
[24.010s] [  0%] Built target sensor_msgs_generate_messages_eus
[24.155s] [  0%] Built target autoware_config_msgs_generate_messages_eus
[24.297s] [  0%] Built target autoware_config_msgs_generate_messages_lisp
[24.440s] [  0%] Built target dynamic_reconfigure_generate_messages_cpp
[24.625s] [  0%] Built target jsk_recognition_msgs_generate_messages_py
[24.802s] [  0%] Built target pcl_msgs_generate_messages_cpp
[24.947s] [  0%] Built target dynamic_reconfigure_gencfg
[25.090s] [  0%] Built target bond_generate_messages_cpp
[25.230s] [  0%] Built target jsk_rviz_plugins_generate_messages_cpp
[25.372s] [  0%] Built target jsk_rviz_plugins_generate_messages_py
[25.531s] [  0%] Built target pcl_ros_gencfg
[25.759s] [  0%] Built target sensor_msgs_generate_messages_lisp
[25.900s] [  0%] Built target tf2_msgs_generate_messages_nodejs
[26.046s] [  0%] Built target nodelet_generate_messages_cpp
[26.194s] [  0%] Built target nodelet_generate_messages_eus
[26.336s] [  0%] Built target nodelet_generate_messages_nodejs
[26.480s] [  0%] Built target jsk_hark_msgs_generate_messages_lisp
[26.664s] [  0%] Built target nodelet_generate_messages_py
[26.828s] [  0%] Built target std_srvs_generate_messages_nodejs
[26.968s] [  0%] Built target map_msgs_generate_messages_eus
[27.117s] [  0%] Built target jsk_footstep_msgs_generate_messages_nodejs
[27.261s] [  0%] Built target bond_generate_messages_eus
[27.403s] [  0%] Built target bond_generate_messages_lisp
[27.567s] [  0%] Built target bond_generate_messages_nodejs
[27.769s] [  0%] Built target bond_generate_messages_py
[27.906s] [  0%] Built target jsk_rviz_plugins_gencfg
[28.051s] [  0%] Built target std_srvs_generate_messages_eus
[28.194s] [  0%] Built target std_msgs_generate_messages_eus
[28.336s] [  0%] Built target roscpp_generate_messages_lisp
[28.482s] [  0%] Built target std_srvs_generate_messages_lisp
[28.661s] [  0%] Built target topic_tools_generate_messages_lisp
[28.826s] [  0%] Built target topic_tools_generate_messages_nodejs
[28.971s] [  0%] Built target visualization_msgs_generate_messages_eus
[29.119s] [  0%] Built target dynamic_reconfigure_generate_messages_nodejs
[29.266s] [  0%] Built target people_msgs_generate_messages_cpp
[29.414s] [  0%] Built target visualization_msgs_generate_messages_lisp
[29.579s] [  0%] Built target people_msgs_generate_messages_lisp
[29.755s] [  0%] Built target rosgraph_msgs_generate_messages_py
[29.897s] [  0%] Built target visualization_msgs_generate_messages_nodejs
[30.044s] [  0%] Built target people_msgs_generate_messages_nodejs
[30.198s] [  0%] Built target autoware_msgs_generate_messages_py
[30.354s] [  0%] Built target nav_msgs_generate_messages_eus
[30.536s] [  0%] Built target nav_msgs_generate_messages_nodejs
[30.721s] [  0%] Built target nav_msgs_generate_messages_py
[30.861s] [  0%] Built target autoware_lanelet2_msgs_generate_messages_cpp
[31.001s] [  0%] Built target autoware_lanelet2_msgs_generate_messages_eus
[31.145s] [  0%] Built target autoware_lanelet2_msgs_generate_messages_lisp
[31.289s] [  0%] Built target autoware_lanelet2_msgs_generate_messages_nodejs
[31.433s] [  0%] Built target vector_map_msgs_generate_messages_cpp
[31.618s] [  0%] Built target vector_map_msgs_generate_messages_lisp
[31.787s] [  0%] Built target vector_map_msgs_generate_messages_py
[32.074s] [100%] Built target decision_maker_node
[34.493s] [ 11%] Built target gtest
[34.741s] [ 11%] Built target nav_msgs_generate_messages_cpp
[34.887s] [ 11%] Built target map_msgs_generate_messages_py
[35.035s] [ 11%] Built target map_msgs_generate_messages_nodejs
[35.181s] [ 11%] Built target map_msgs_generate_messages_lisp
[35.327s] [ 11%] Built target rosgraph_msgs_generate_messages_eus
[35.474s] [ 11%] Built target rosgraph_msgs_generate_messages_cpp
[35.653s] [ 11%] Built target actionlib_generate_messages_eus
[35.819s] [ 11%] Built target roscpp_generate_messages_nodejs
[35.966s] [ 11%] Built target roscpp_generate_messages_eus
[36.107s] [ 11%] Built target people_msgs_generate_messages_eus
[36.249s] [ 11%] Built target tf_generate_messages_py
[36.392s] [ 11%] Built target actionlib_msgs_generate_messages_nodejs
[36.541s] [ 11%] Built target actionlib_msgs_generate_messages_lisp
[36.725s] [ 11%] Built target tf_generate_messages_lisp
[36.883s] [ 11%] Built target actionlib_msgs_generate_messages_cpp
[37.028s] [ 11%] Built target vector_map_msgs_generate_messages_nodejs
[37.162s] [ 11%] Built target roscpp_generate_messages_py
[37.303s] [ 11%] Built target sensor_msgs_generate_messages_nodejs
[37.449s] [ 11%] Built target pcl_msgs_generate_messages_py
[37.638s] [ 11%] Built target pcl_msgs_generate_messages_lisp
[37.800s] [ 11%] Built target pcl_msgs_generate_messages_nodejs
[37.942s] [ 11%] Built target jsk_rviz_plugins_generate_messages_eus
[38.083s] [ 11%] Built target pcl_msgs_generate_messages_eus
[38.228s] [ 11%] Built target geometry_msgs_generate_messages_cpp
[38.366s] [ 11%] Built target geometry_msgs_generate_messages_nodejs
[38.509s] [ 11%] Built target dynamic_reconfigure_generate_messages_eus
[38.683s] [ 11%] Built target jsk_recognition_utils_gencfg
[38.896s] [ 11%] Built target jsk_rviz_plugins_generate_messages_lisp
[39.043s] [ 11%] Built target _catkin_empty_exported_target
[39.185s] [ 11%] Built target actionlib_generate_messages_lisp
[39.326s] [ 11%] Built target jsk_footstep_msgs_generate_messages_eus
[39.468s] [ 11%] Built target autoware_msgs_generate_messages_cpp
[39.657s] [ 11%] Built target jsk_recognition_msgs_generate_messages_nodejs
[39.786s] [ 11%] Built target std_msgs_generate_messages_lisp
[39.922s] [ 11%] Built target autoware_config_msgs_generate_messages_nodejs
[40.062s] [ 11%] Built target sensor_msgs_generate_messages_cpp
[40.212s] [ 11%] Built target autoware_msgs_generate_messages_lisp
[40.350s] [ 11%] Built target topic_tools_generate_messages_cpp
[40.492s] [ 11%] Built target visualization_msgs_generate_messages_py
[40.675s] [ 11%] Built target roscpp_generate_messages_cpp
[40.822s] [ 11%] Built target tf_generate_messages_nodejs
[40.965s] [ 11%] Built target topic_tools_generate_messages_py
[41.108s] [ 11%] Built target autoware_config_msgs_generate_messages_py
[41.245s] [ 11%] Built target nodelet_topic_tools_gencfg
[41.386s] [ 11%] Built target rosgraph_msgs_generate_messages_lisp
[41.530s] [ 11%] Built target visualization_msgs_generate_messages_cpp
[41.701s] [ 11%] Built target tf_generate_messages_eus
[41.872s] [ 11%] Built target actionlib_msgs_generate_messages_eus
[42.018s] [ 11%] Built target dynamic_reconfigure_generate_messages_py
[42.359s] [ 11%] Built target std_srvs_generate_messages_cpp
[42.361s] [ 11%] Built target jsk_hark_msgs_generate_messages_cpp
[42.410s] [ 11%] Built target autoware_msgs_generate_messages_nodejs
[42.538s] [ 11%] Built target jsk_footstep_msgs_generate_messages_lisp
[42.707s] [ 11%] Built target topic_tools_generate_messages_eus
[42.835s] [ 11%] Built target sensor_msgs_generate_messages_py
[42.971s] [ 11%] Built target tf2_msgs_generate_messages_eus
[43.095s] [ 11%] Built target geometry_msgs_generate_messages_py
[43.233s] [ 11%] Built target jsk_footstep_msgs_generate_messages_py
[43.368s] [ 11%] Built target vector_map_msgs_generate_messages_eus
[43.513s] [ 11%] Built target std_msgs_generate_messages_cpp
[43.715s] [ 11%] Built target geometry_msgs_generate_messages_eus
[43.803s] [ 11%] Built target std_msgs_generate_messages_nodejs
[43.940s] [ 11%] Built target nodelet_generate_messages_lisp
[44.071s] [ 11%] Built target autoware_msgs_generate_messages_eus
[44.211s] [ 11%] Built target jsk_rviz_plugins_generate_messages_nodejs
[44.351s] [ 11%] Built target geometry_msgs_generate_messages_lisp
[44.499s] [ 11%] Built target jsk_recognition_msgs_generate_messages_cpp
[44.671s] [ 11%] Built target jsk_recognition_msgs_generate_messages_eus
[44.827s] [ 11%] Built target tf_generate_messages_cpp
[44.972s] [ 11%] Built target jsk_footstep_msgs_generate_messages_cpp
[45.120s] [ 11%] Built target actionlib_msgs_generate_messages_py
[45.267s] [ 11%] Built target jsk_recognition_msgs_generate_messages_lisp
[45.409s] [ 11%] Built target rosgraph_msgs_generate_messages_nodejs
[45.576s] [ 11%] Built target actionlib_generate_messages_cpp
[45.802s] [ 11%] Built target jsk_hark_msgs_generate_messages_eus
[45.956s] [ 11%] Built target jsk_hark_msgs_generate_messages_py
[46.138s] [ 11%] Built target std_srvs_generate_messages_py
[46.286s] [ 11%] Built target actionlib_generate_messages_nodejs
[46.429s] [ 11%] Built target actionlib_generate_messages_py
[46.584s] [ 11%] Built target nav_msgs_generate_messages_lisp
[46.757s] [ 11%] Built target tf2_msgs_generate_messages_cpp
[46.903s] [ 11%] Built target dynamic_reconfigure_generate_messages_lisp
[47.043s] [ 11%] Built target std_msgs_generate_messages_py
[47.189s] [ 11%] Built target people_msgs_generate_messages_py
[47.329s] [ 11%] Built target jsk_hark_msgs_generate_messages_nodejs
[47.474s] [ 11%] Built target tf2_msgs_generate_messages_lisp
[47.633s] [ 11%] Built target autoware_lanelet2_msgs_generate_messages_py
[47.825s] [ 11%] Built target autoware_config_msgs_generate_messages_cpp
[47.970s] [ 11%] Built target tf2_msgs_generate_messages_py
[48.110s] [ 11%] Built target sensor_msgs_generate_messages_eus
[48.233s] [ 11%] Built target autoware_config_msgs_generate_messages_eus
[48.376s] [ 11%] Built target autoware_config_msgs_generate_messages_lisp
[48.524s] [ 11%] Built target dynamic_reconfigure_generate_messages_cpp
[48.750s] [ 11%] Built target jsk_recognition_msgs_generate_messages_py
[48.891s] [ 11%] Built target pcl_msgs_generate_messages_cpp
[49.032s] [ 11%] Built target dynamic_reconfigure_gencfg
[49.182s] [ 11%] Built target bond_generate_messages_cpp
[49.323s] [ 11%] Built target jsk_rviz_plugins_generate_messages_cpp
[49.464s] [ 11%] Built target jsk_rviz_plugins_generate_messages_py
[49.658s] [ 11%] Built target pcl_ros_gencfg
[49.807s] [ 11%] Built target sensor_msgs_generate_messages_lisp
[49.973s] [ 11%] Built target tf2_msgs_generate_messages_nodejs
[50.132s] [ 11%] Built target nodelet_generate_messages_cpp
[50.279s] [ 11%] Built target nodelet_generate_messages_eus
[50.424s] [ 11%] Built target nodelet_generate_messages_nodejs
[50.617s] [ 11%] Built target jsk_hark_msgs_generate_messages_lisp
[50.777s] [ 11%] Built target nodelet_generate_messages_py
[50.920s] [ 11%] Built target std_srvs_generate_messages_nodejs
[51.053s] [ 11%] Built target map_msgs_generate_messages_eus
[51.194s] [ 11%] Built target jsk_footstep_msgs_generate_messages_nodejs
[51.326s] [ 11%] Built target bond_generate_messages_eus
[51.463s] [ 11%] Built target bond_generate_messages_lisp
[51.624s] [ 11%] Built target bond_generate_messages_nodejs
[51.764s] [ 11%] Built target bond_generate_messages_py
[51.891s] [ 11%] Built target jsk_rviz_plugins_gencfg
[52.021s] [ 11%] Built target std_srvs_generate_messages_eus
[52.169s] [ 11%] Built target std_msgs_generate_messages_eus
[52.304s] [ 11%] Built target roscpp_generate_messages_lisp
[52.448s] [ 11%] Built target std_srvs_generate_messages_lisp
[52.620s] [ 11%] Built target topic_tools_generate_messages_lisp
[52.796s] [ 11%] Built target topic_tools_generate_messages_nodejs
[52.934s] [ 11%] Built target visualization_msgs_generate_messages_eus
[53.075s] [ 11%] Built target dynamic_reconfigure_generate_messages_nodejs
[53.223s] [ 11%] Built target people_msgs_generate_messages_cpp
[53.375s] [ 11%] Built target visualization_msgs_generate_messages_lisp
[53.528s] [ 11%] Built target people_msgs_generate_messages_lisp
[53.721s] [ 11%] Built target rosgraph_msgs_generate_messages_py
[53.859s] [ 11%] Built target visualization_msgs_generate_messages_nodejs
[54.000s] [ 11%] Built target people_msgs_generate_messages_nodejs
[54.137s] [ 11%] Built target autoware_msgs_generate_messages_py
[54.275s] [ 11%] Built target map_msgs_generate_messages_cpp
[54.413s] [ 11%] Built target nav_msgs_generate_messages_eus
[54.552s] [ 11%] Built target nav_msgs_generate_messages_nodejs
[54.721s] [ 11%] Built target nav_msgs_generate_messages_py
[54.867s] [ 11%] Built target autoware_lanelet2_msgs_generate_messages_cpp
[54.992s] [ 11%] Built target autoware_lanelet2_msgs_generate_messages_eus
[55.117s] [ 11%] Built target autoware_lanelet2_msgs_generate_messages_lisp
[55.245s] [ 11%] Built target autoware_lanelet2_msgs_generate_messages_nodejs
[55.375s] [ 11%] Built target vector_map_msgs_generate_messages_cpp
[55.502s] [ 11%] Built target vector_map_msgs_generate_messages_lisp
[55.686s] [ 11%] Built target vector_map_msgs_generate_messages_py
[55.959s] [100%] Built target test-decision_maker
[56.086s] [100%] Built target tests
[58.073s] [  0%] Built target map_msgs_generate_messages_cpp
[58.202s] [  0%] Built target nav_msgs_generate_messages_cpp
[58.321s] [  0%] Built target map_msgs_generate_messages_py
[58.453s] [  0%] Built target map_msgs_generate_messages_nodejs
[58.606s] [  0%] Built target map_msgs_generate_messages_lisp
[58.743s] [  0%] Built target rosgraph_msgs_generate_messages_eus
[58.859s] [  0%] Built target rosgraph_msgs_generate_messages_cpp
[58.963s] [  0%] Built target actionlib_generate_messages_eus
[59.079s] [  0%] Built target roscpp_generate_messages_nodejs
[59.190s] [  0%] Built target roscpp_generate_messages_eus
[59.301s] [  0%] Built target people_msgs_generate_messages_eus
[59.417s] [  0%] Built target tf_generate_messages_py
[59.537s] [  0%] Built target actionlib_msgs_generate_messages_nodejs
[59.709s] [  0%] Built target actionlib_msgs_generate_messages_lisp
[59.869s] [  0%] Built target tf_generate_messages_lisp
[59.990s] [  0%] Built target actionlib_msgs_generate_messages_cpp
[60.100s] [  0%] Built target vector_map_msgs_generate_messages_nodejs
[60.215s] [  0%] Built target roscpp_generate_messages_py
[60.320s] [  0%] Built target sensor_msgs_generate_messages_nodejs
[60.429s] [  0%] Built target pcl_msgs_generate_messages_py
[60.541s] [  0%] Built target pcl_msgs_generate_messages_lisp
[60.718s] [  0%] Built target pcl_msgs_generate_messages_nodejs
[60.821s] [  0%] Built target jsk_rviz_plugins_generate_messages_eus
[60.928s] [  0%] Built target pcl_msgs_generate_messages_eus
[61.033s] [  0%] Built target geometry_msgs_generate_messages_cpp
[61.141s] [  0%] Built target geometry_msgs_generate_messages_nodejs
[61.251s] [  0%] Built target dynamic_reconfigure_generate_messages_eus
[61.352s] [  0%] Built target jsk_recognition_utils_gencfg
[61.460s] [  0%] Built target jsk_rviz_plugins_generate_messages_lisp
[61.586s] [  0%] Built target _catkin_empty_exported_target
[61.740s] [  0%] Built target actionlib_generate_messages_lisp
[61.843s] [  0%] Built target jsk_footstep_msgs_generate_messages_eus
[61.933s] [  0%] Built target autoware_msgs_generate_messages_cpp
[62.040s] [  0%] Built target jsk_recognition_msgs_generate_messages_nodejs
[62.132s] [  0%] Built target std_msgs_generate_messages_lisp
[62.224s] [  0%] Built target autoware_config_msgs_generate_messages_nodejs
[62.320s] [  0%] Built target sensor_msgs_generate_messages_cpp
[62.414s] [  0%] Built target autoware_msgs_generate_messages_lisp
[62.512s] [  0%] Built target topic_tools_generate_messages_cpp
[62.652s] [  0%] Built target visualization_msgs_generate_messages_py
[62.784s] [  0%] Built target roscpp_generate_messages_cpp
[62.905s] [  0%] Built target tf_generate_messages_nodejs
[63.006s] [  0%] Built target topic_tools_generate_messages_py
[63.101s] [  0%] Built target autoware_config_msgs_generate_messages_py
[63.200s] [  0%] Built target nodelet_topic_tools_gencfg
[63.296s] [  0%] Built target rosgraph_msgs_generate_messages_lisp
[63.391s] [  0%] Built target visualization_msgs_generate_messages_cpp
[63.490s] [  0%] Built target tf_generate_messages_eus
[63.607s] [  0%] Built target actionlib_msgs_generate_messages_eus
[63.736s] [  0%] Built target dynamic_reconfigure_generate_messages_py
[63.830s] [  0%] Built target std_srvs_generate_messages_cpp
[63.915s] [  0%] Built target jsk_hark_msgs_generate_messages_cpp
[64.012s] [  0%] Built target autoware_msgs_generate_messages_nodejs
[64.102s] [  0%] Built target jsk_footstep_msgs_generate_messages_lisp
[64.202s] [  0%] Built target topic_tools_generate_messages_eus
[64.299s] [  0%] Built target sensor_msgs_generate_messages_py
[64.399s] [  0%] Built target tf2_msgs_generate_messages_eus
[64.494s] [  0%] Built target geometry_msgs_generate_messages_py
[64.646s] [  0%] Built target jsk_footstep_msgs_generate_messages_py
[64.811s] [  0%] Built target vector_map_msgs_generate_messages_eus
[64.932s] [  0%] Built target std_msgs_generate_messages_cpp
[65.035s] [  0%] Built target geometry_msgs_generate_messages_eus
[65.132s] [  0%] Built target std_msgs_generate_messages_nodejs
[65.234s] [  0%] Built target nodelet_generate_messages_lisp
[65.329s] [  0%] Built target autoware_msgs_generate_messages_eus
[65.425s] [  0%] Built target jsk_rviz_plugins_generate_messages_nodejs
[65.562s] [  0%] Built target geometry_msgs_generate_messages_lisp
[65.704s] [  0%] Built target jsk_recognition_msgs_generate_messages_cpp
[65.803s] [  0%] Built target jsk_recognition_msgs_generate_messages_eus
[65.899s] [  0%] Built target tf_generate_messages_cpp
[65.996s] [  0%] Built target jsk_footstep_msgs_generate_messages_cpp
[66.092s] [  0%] Built target actionlib_msgs_generate_messages_py
[66.205s] [  0%] Built target jsk_recognition_msgs_generate_messages_lisp
[66.307s] [  0%] Built target rosgraph_msgs_generate_messages_nodejs
[66.407s] [  0%] Built target actionlib_generate_messages_cpp
[66.514s] [  0%] Built target jsk_hark_msgs_generate_messages_eus
[66.653s] [  0%] Built target jsk_hark_msgs_generate_messages_py
[66.798s] [  0%] Built target std_srvs_generate_messages_py
[66.908s] [  0%] Built target actionlib_generate_messages_nodejs
[67.002s] [  0%] Built target actionlib_generate_messages_py
[67.097s] [  0%] Built target nav_msgs_generate_messages_lisp
[67.189s] [  0%] Built target tf2_msgs_generate_messages_cpp
[67.296s] [  0%] Built target dynamic_reconfigure_generate_messages_lisp
[67.402s] [  0%] Built target std_msgs_generate_messages_py
[67.512s] [  0%] Built target people_msgs_generate_messages_py
[67.664s] [  0%] Built target jsk_hark_msgs_generate_messages_nodejs
[67.800s] [  0%] Built target tf2_msgs_generate_messages_lisp
[67.901s] [  0%] Built target autoware_lanelet2_msgs_generate_messages_py
[67.999s] [  0%] Built target autoware_config_msgs_generate_messages_cpp
[68.098s] [  0%] Built target tf2_msgs_generate_messages_py
[68.194s] [  0%] Built target sensor_msgs_generate_messages_eus
[68.292s] [  0%] Built target autoware_config_msgs_generate_messages_eus
[68.405s] [  0%] Built target autoware_config_msgs_generate_messages_lisp
[68.501s] [  0%] Built target dynamic_reconfigure_generate_messages_cpp
[68.654s] [  0%] Built target jsk_recognition_msgs_generate_messages_py
[68.769s] [  0%] Built target pcl_msgs_generate_messages_cpp
[68.877s] [  0%] Built target dynamic_reconfigure_gencfg
[68.994s] [  0%] Built target bond_generate_messages_cpp
[69.101s] [  0%] Built target jsk_rviz_plugins_generate_messages_cpp
[69.197s] [  0%] Built target jsk_rviz_plugins_generate_messages_py
[69.283s] [  0%] Built target pcl_ros_gencfg
[69.372s] [  0%] Built target sensor_msgs_generate_messages_lisp
[69.455s] [  0%] Built target tf2_msgs_generate_messages_nodejs
[69.587s] [  0%] Built target nodelet_generate_messages_cpp
[69.735s] [  0%] Built target nodelet_generate_messages_eus
[69.857s] [  0%] Built target nodelet_generate_messages_nodejs
[69.966s] [  0%] Built target jsk_hark_msgs_generate_messages_lisp
[70.059s] [  0%] Built target nodelet_generate_messages_py
[70.145s] [  0%] Built target std_srvs_generate_messages_nodejs
[70.229s] [  0%] Built target map_msgs_generate_messages_eus
[70.316s] [  0%] Built target jsk_footstep_msgs_generate_messages_nodejs
[70.410s] [  0%] Built target bond_generate_messages_eus
[70.505s] [  0%] Built target bond_generate_messages_lisp
[70.649s] [  0%] Built target bond_generate_messages_nodejs
[70.765s] [  0%] Built target bond_generate_messages_py
[70.859s] [  0%] Built target jsk_rviz_plugins_gencfg
[70.960s] [  0%] Built target std_srvs_generate_messages_eus
[71.053s] [  0%] Built target std_msgs_generate_messages_eus
[71.180s] [  0%] Built target roscpp_generate_messages_lisp
[71.260s] [  0%] Built target std_srvs_generate_messages_lisp
[71.340s] [  0%] Built target topic_tools_generate_messages_lisp
[71.439s] [  0%] Built target topic_tools_generate_messages_nodejs
[71.542s] [  0%] Built target visualization_msgs_generate_messages_eus
[71.711s] [  0%] Built target dynamic_reconfigure_generate_messages_nodejs
[71.851s] [  0%] Built target people_msgs_generate_messages_cpp
[71.938s] [  0%] Built target visualization_msgs_generate_messages_lisp
[72.038s] [  0%] Built target people_msgs_generate_messages_lisp
[72.136s] [  0%] Built target rosgraph_msgs_generate_messages_py
[72.223s] [  0%] Built target visualization_msgs_generate_messages_nodejs
[72.314s] [  0%] Built target people_msgs_generate_messages_nodejs
[72.406s] [  0%] Built target autoware_msgs_generate_messages_py
[72.503s] [  0%] Built target nav_msgs_generate_messages_eus
[72.629s] [  0%] Built target nav_msgs_generate_messages_nodejs
[72.766s] [  0%] Built target nav_msgs_generate_messages_py
[72.883s] [  0%] Built target autoware_lanelet2_msgs_generate_messages_cpp
[72.974s] [  0%] Built target autoware_lanelet2_msgs_generate_messages_eus
[73.073s] [  0%] Built target autoware_lanelet2_msgs_generate_messages_lisp
[73.171s] [  0%] Built target autoware_lanelet2_msgs_generate_messages_nodejs
[73.261s] [  0%] Built target vector_map_msgs_generate_messages_cpp
[73.349s] [  0%] Built target vector_map_msgs_generate_messages_lisp
[73.436s] [  0%] Built target vector_map_msgs_generate_messages_py
[73.633s] [100%] Built target decision_maker_node
[73.775s] [36mInstall the project...[0m
[73.817s] -- Install configuration: "Release"
[73.817s] -- Installing: /home/capstone/autoware.ai/install/decision_maker/lib/pkgconfig/decision_maker.pc
[73.818s] -- Installing: /home/capstone/autoware.ai/install/decision_maker/share/decision_maker/cmake/decision_makerConfig.cmake
[73.818s] -- Up-to-date: /home/capstone/autoware.ai/install/decision_maker/share/decision_maker/cmake/decision_makerConfig-version.cmake
[73.818s] -- Up-to-date: /home/capstone/autoware.ai/install/decision_maker/share/decision_maker/package.xml
[73.820s] -- Up-to-date: /home/capstone/autoware.ai/install/decision_maker/lib/decision_maker/decision_maker_node
[73.820s] -- Up-to-date: /home/capstone/autoware.ai/install/decision_maker/share/decision_maker/launch
[73.821s] -- Up-to-date: /home/capstone/autoware.ai/install/decision_maker/share/decision_maker/launch/decision_maker.launch
[73.821s] -- Up-to-date: /home/capstone/autoware.ai/install/decision_maker/share/decision_maker/autoware_state_behavior.yaml
[73.822s] -- Up-to-date: /home/capstone/autoware.ai/install/decision_maker/share/decision_maker/autoware_state_motion.yaml
[73.822s] -- Up-to-date: /home/capstone/autoware.ai/install/decision_maker/share/decision_maker/autoware_state_mission.yaml
[73.822s] -- Up-to-date: /home/capstone/autoware.ai/install/decision_maker/share/decision_maker/autoware_state_vehicle.yaml
