Determining if the pthread_create exist failed with the following output:
Change Dir: /home/capstone/autoware.ai/build/gazebo_imu_description/CMakeFiles/CMakeTmp

Run Build Command:"/usr/bin/make" "cmTC_5cf6a/fast"
/usr/bin/make -f CMakeFiles/cmTC_5cf6a.dir/build.make CMakeFiles/cmTC_5cf6a.dir/build
make[1]: Entering directory '/home/capstone/autoware.ai/build/gazebo_imu_description/CMakeFiles/CMakeTmp'
Building C object CMakeFiles/cmTC_5cf6a.dir/CheckSymbolExists.c.o
/usr/bin/cc    -o CMakeFiles/cmTC_5cf6a.dir/CheckSymbolExists.c.o   -c /home/capstone/autoware.ai/build/gazebo_imu_description/CMakeFiles/CMakeTmp/CheckSymbolExists.c
Linking C executable cmTC_5cf6a
/usr/bin/cmake -E cmake_link_script CMakeFiles/cmTC_5cf6a.dir/link.txt --verbose=1
/usr/bin/cc      -rdynamic CMakeFiles/cmTC_5cf6a.dir/CheckSymbolExists.c.o  -o cmTC_5cf6a 
CMakeFiles/cmTC_5cf6a.dir/CheckSymbolExists.c.o: In function `main':
CheckSymbolExists.c:(.text+0x1b): undefined reference to `pthread_create'
collect2: error: ld returned 1 exit status
CMakeFiles/cmTC_5cf6a.dir/build.make:97: recipe for target 'cmTC_5cf6a' failed
make[1]: *** [cmTC_5cf6a] Error 1
make[1]: Leaving directory '/home/capstone/autoware.ai/build/gazebo_imu_description/CMakeFiles/CMakeTmp'
Makefile:126: recipe for target 'cmTC_5cf6a/fast' failed
make: *** [cmTC_5cf6a/fast] Error 2

File /home/capstone/autoware.ai/build/gazebo_imu_description/CMakeFiles/CMakeTmp/CheckSymbolExists.c:
/* */
#include <pthread.h>

int main(int argc, char** argv)
{
  (void)argv;
#ifndef pthread_create
  return ((int*)(&pthread_create))[argc];
#else
  (void)argc;
  return 0;
#endif
}

Determining if the function pthread_create exists in the pthreads failed with the following output:
Change Dir: /home/capstone/autoware.ai/build/gazebo_imu_description/CMakeFiles/CMakeTmp

Run Build Command:"/usr/bin/make" "cmTC_6759b/fast"
/usr/bin/make -f CMakeFiles/cmTC_6759b.dir/build.make CMakeFiles/cmTC_6759b.dir/build
make[1]: Entering directory '/home/capstone/autoware.ai/build/gazebo_imu_description/CMakeFiles/CMakeTmp'
Building C object CMakeFiles/cmTC_6759b.dir/CheckFunctionExists.c.o
/usr/bin/cc   -DCHECK_FUNCTION_EXISTS=pthread_create   -o CMakeFiles/cmTC_6759b.dir/CheckFunctionExists.c.o   -c /usr/share/cmake-3.10/Modules/CheckFunctionExists.c
Linking C executable cmTC_6759b
/usr/bin/cmake -E cmake_link_script CMakeFiles/cmTC_6759b.dir/link.txt --verbose=1
/usr/bin/cc  -DCHECK_FUNCTION_EXISTS=pthread_create    -rdynamic CMakeFiles/cmTC_6759b.dir/CheckFunctionExists.c.o  -o cmTC_6759b -lpthreads 
/usr/bin/ld: cannot find -lpthreads
collect2: error: ld returned 1 exit status
CMakeFiles/cmTC_6759b.dir/build.make:97: recipe for target 'cmTC_6759b' failed
make[1]: *** [cmTC_6759b] Error 1
make[1]: Leaving directory '/home/capstone/autoware.ai/build/gazebo_imu_description/CMakeFiles/CMakeTmp'
Makefile:126: recipe for target 'cmTC_6759b/fast' failed
make: *** [cmTC_6759b/fast] Error 2


