Determining if the pthread_create exist failed with the following output:
Change Dir: /home/capstone/autoware.ai/build/trafficlight_recognizer/CMakeFiles/CMakeTmp

Run Build Command:"/usr/bin/make" "cmTC_33fac/fast"
/usr/bin/make -f CMakeFiles/cmTC_33fac.dir/build.make CMakeFiles/cmTC_33fac.dir/build
make[1]: Entering directory '/home/capstone/autoware.ai/build/trafficlight_recognizer/CMakeFiles/CMakeTmp'
Building C object CMakeFiles/cmTC_33fac.dir/CheckSymbolExists.c.o
/usr/bin/cc    -o CMakeFiles/cmTC_33fac.dir/CheckSymbolExists.c.o   -c /home/capstone/autoware.ai/build/trafficlight_recognizer/CMakeFiles/CMakeTmp/CheckSymbolExists.c
Linking C executable cmTC_33fac
/usr/bin/cmake -E cmake_link_script CMakeFiles/cmTC_33fac.dir/link.txt --verbose=1
/usr/bin/cc      -rdynamic CMakeFiles/cmTC_33fac.dir/CheckSymbolExists.c.o  -o cmTC_33fac 
CMakeFiles/cmTC_33fac.dir/CheckSymbolExists.c.o: In function `main':
CheckSymbolExists.c:(.text+0x1b): undefined reference to `pthread_create'
collect2: error: ld returned 1 exit status
CMakeFiles/cmTC_33fac.dir/build.make:97: recipe for target 'cmTC_33fac' failed
make[1]: *** [cmTC_33fac] Error 1
make[1]: Leaving directory '/home/capstone/autoware.ai/build/trafficlight_recognizer/CMakeFiles/CMakeTmp'
Makefile:126: recipe for target 'cmTC_33fac/fast' failed
make: *** [cmTC_33fac/fast] Error 2

File /home/capstone/autoware.ai/build/trafficlight_recognizer/CMakeFiles/CMakeTmp/CheckSymbolExists.c:
/* */
#include <pthread.h>

int main(int argc, char** argv)
{
  (void)argv;
#ifndef pthread_create
  return ((int*)(&pthread_create))[argc];
#else
  (void)argc;
  return 0;
#endif
}

Determining if the function pthread_create exists in the pthreads failed with the following output:
Change Dir: /home/capstone/autoware.ai/build/trafficlight_recognizer/CMakeFiles/CMakeTmp

Run Build Command:"/usr/bin/make" "cmTC_df61d/fast"
/usr/bin/make -f CMakeFiles/cmTC_df61d.dir/build.make CMakeFiles/cmTC_df61d.dir/build
make[1]: Entering directory '/home/capstone/autoware.ai/build/trafficlight_recognizer/CMakeFiles/CMakeTmp'
Building C object CMakeFiles/cmTC_df61d.dir/CheckFunctionExists.c.o
/usr/bin/cc   -DCHECK_FUNCTION_EXISTS=pthread_create   -o CMakeFiles/cmTC_df61d.dir/CheckFunctionExists.c.o   -c /usr/share/cmake-3.10/Modules/CheckFunctionExists.c
Linking C executable cmTC_df61d
/usr/bin/cmake -E cmake_link_script CMakeFiles/cmTC_df61d.dir/link.txt --verbose=1
/usr/bin/cc  -DCHECK_FUNCTION_EXISTS=pthread_create    -rdynamic CMakeFiles/cmTC_df61d.dir/CheckFunctionExists.c.o  -o cmTC_df61d -lpthreads 
/usr/bin/ld: cannot find -lpthreads
collect2: error: ld returned 1 exit status
CMakeFiles/cmTC_df61d.dir/build.make:97: recipe for target 'cmTC_df61d' failed
make[1]: *** [cmTC_df61d] Error 1
make[1]: Leaving directory '/home/capstone/autoware.ai/build/trafficlight_recognizer/CMakeFiles/CMakeTmp'
Makefile:126: recipe for target 'cmTC_df61d/fast' failed
make: *** [cmTC_df61d/fast] Error 2


