Determining if the pthread_create exist failed with the following output:
Change Dir: /home/capstone/autoware.ai/build/lidar_apollo_cnn_seg_detect/CMakeFiles/CMakeTmp

Run Build Command:"/usr/bin/make" "cmTC_1747c/fast"
/usr/bin/make -f CMakeFiles/cmTC_1747c.dir/build.make CMakeFiles/cmTC_1747c.dir/build
make[1]: Entering directory '/home/capstone/autoware.ai/build/lidar_apollo_cnn_seg_detect/CMakeFiles/CMakeTmp'
Building C object CMakeFiles/cmTC_1747c.dir/CheckSymbolExists.c.o
/usr/bin/cc    -o CMakeFiles/cmTC_1747c.dir/CheckSymbolExists.c.o   -c /home/capstone/autoware.ai/build/lidar_apollo_cnn_seg_detect/CMakeFiles/CMakeTmp/CheckSymbolExists.c
Linking C executable cmTC_1747c
/usr/bin/cmake -E cmake_link_script CMakeFiles/cmTC_1747c.dir/link.txt --verbose=1
/usr/bin/cc      -rdynamic CMakeFiles/cmTC_1747c.dir/CheckSymbolExists.c.o  -o cmTC_1747c 
CMakeFiles/cmTC_1747c.dir/CheckSymbolExists.c.o: In function `main':
CheckSymbolExists.c:(.text+0x1b): undefined reference to `pthread_create'
collect2: error: ld returned 1 exit status
CMakeFiles/cmTC_1747c.dir/build.make:97: recipe for target 'cmTC_1747c' failed
make[1]: *** [cmTC_1747c] Error 1
make[1]: Leaving directory '/home/capstone/autoware.ai/build/lidar_apollo_cnn_seg_detect/CMakeFiles/CMakeTmp'
Makefile:126: recipe for target 'cmTC_1747c/fast' failed
make: *** [cmTC_1747c/fast] Error 2

File /home/capstone/autoware.ai/build/lidar_apollo_cnn_seg_detect/CMakeFiles/CMakeTmp/CheckSymbolExists.c:
/* */
#include <pthread.h>

int main(int argc, char** argv)
{
  (void)argv;
#ifndef pthread_create
  return ((int*)(&pthread_create))[argc];
#else
  (void)argc;
  return 0;
#endif
}

Determining if the function pthread_create exists in the pthreads failed with the following output:
Change Dir: /home/capstone/autoware.ai/build/lidar_apollo_cnn_seg_detect/CMakeFiles/CMakeTmp

Run Build Command:"/usr/bin/make" "cmTC_4d104/fast"
/usr/bin/make -f CMakeFiles/cmTC_4d104.dir/build.make CMakeFiles/cmTC_4d104.dir/build
make[1]: Entering directory '/home/capstone/autoware.ai/build/lidar_apollo_cnn_seg_detect/CMakeFiles/CMakeTmp'
Building C object CMakeFiles/cmTC_4d104.dir/CheckFunctionExists.c.o
/usr/bin/cc   -DCHECK_FUNCTION_EXISTS=pthread_create   -o CMakeFiles/cmTC_4d104.dir/CheckFunctionExists.c.o   -c /usr/share/cmake-3.10/Modules/CheckFunctionExists.c
Linking C executable cmTC_4d104
/usr/bin/cmake -E cmake_link_script CMakeFiles/cmTC_4d104.dir/link.txt --verbose=1
/usr/bin/cc  -DCHECK_FUNCTION_EXISTS=pthread_create    -rdynamic CMakeFiles/cmTC_4d104.dir/CheckFunctionExists.c.o  -o cmTC_4d104 -lpthreads 
/usr/bin/ld: cannot find -lpthreads
collect2: error: ld returned 1 exit status
CMakeFiles/cmTC_4d104.dir/build.make:97: recipe for target 'cmTC_4d104' failed
make[1]: *** [cmTC_4d104] Error 1
make[1]: Leaving directory '/home/capstone/autoware.ai/build/lidar_apollo_cnn_seg_detect/CMakeFiles/CMakeTmp'
Makefile:126: recipe for target 'cmTC_4d104/fast' failed
make: *** [cmTC_4d104/fast] Error 2


