Determining if the pthread_create exist failed with the following output:
Change Dir: /home/capstone/autoware.ai/build/sick_ldmrs_tools/CMakeFiles/CMakeTmp

Run Build Command:"/usr/bin/make" "cmTC_adb0a/fast"
/usr/bin/make -f CMakeFiles/cmTC_adb0a.dir/build.make CMakeFiles/cmTC_adb0a.dir/build
make[1]: Entering directory '/home/capstone/autoware.ai/build/sick_ldmrs_tools/CMakeFiles/CMakeTmp'
Building C object CMakeFiles/cmTC_adb0a.dir/CheckSymbolExists.c.o
/usr/bin/cc    -o CMakeFiles/cmTC_adb0a.dir/CheckSymbolExists.c.o   -c /home/capstone/autoware.ai/build/sick_ldmrs_tools/CMakeFiles/CMakeTmp/CheckSymbolExists.c
Linking C executable cmTC_adb0a
/usr/bin/cmake -E cmake_link_script CMakeFiles/cmTC_adb0a.dir/link.txt --verbose=1
/usr/bin/cc      -rdynamic CMakeFiles/cmTC_adb0a.dir/CheckSymbolExists.c.o  -o cmTC_adb0a 
CMakeFiles/cmTC_adb0a.dir/CheckSymbolExists.c.o: In function `main':
CheckSymbolExists.c:(.text+0x1b): undefined reference to `pthread_create'
collect2: error: ld returned 1 exit status
CMakeFiles/cmTC_adb0a.dir/build.make:97: recipe for target 'cmTC_adb0a' failed
make[1]: *** [cmTC_adb0a] Error 1
make[1]: Leaving directory '/home/capstone/autoware.ai/build/sick_ldmrs_tools/CMakeFiles/CMakeTmp'
Makefile:126: recipe for target 'cmTC_adb0a/fast' failed
make: *** [cmTC_adb0a/fast] Error 2

File /home/capstone/autoware.ai/build/sick_ldmrs_tools/CMakeFiles/CMakeTmp/CheckSymbolExists.c:
/* */
#include <pthread.h>

int main(int argc, char** argv)
{
  (void)argv;
#ifndef pthread_create
  return ((int*)(&pthread_create))[argc];
#else
  (void)argc;
  return 0;
#endif
}

Determining if the function pthread_create exists in the pthreads failed with the following output:
Change Dir: /home/capstone/autoware.ai/build/sick_ldmrs_tools/CMakeFiles/CMakeTmp

Run Build Command:"/usr/bin/make" "cmTC_00ba6/fast"
/usr/bin/make -f CMakeFiles/cmTC_00ba6.dir/build.make CMakeFiles/cmTC_00ba6.dir/build
make[1]: Entering directory '/home/capstone/autoware.ai/build/sick_ldmrs_tools/CMakeFiles/CMakeTmp'
Building C object CMakeFiles/cmTC_00ba6.dir/CheckFunctionExists.c.o
/usr/bin/cc   -DCHECK_FUNCTION_EXISTS=pthread_create   -o CMakeFiles/cmTC_00ba6.dir/CheckFunctionExists.c.o   -c /usr/share/cmake-3.10/Modules/CheckFunctionExists.c
Linking C executable cmTC_00ba6
/usr/bin/cmake -E cmake_link_script CMakeFiles/cmTC_00ba6.dir/link.txt --verbose=1
/usr/bin/cc  -DCHECK_FUNCTION_EXISTS=pthread_create    -rdynamic CMakeFiles/cmTC_00ba6.dir/CheckFunctionExists.c.o  -o cmTC_00ba6 -lpthreads 
/usr/bin/ld: cannot find -lpthreads
collect2: error: ld returned 1 exit status
CMakeFiles/cmTC_00ba6.dir/build.make:97: recipe for target 'cmTC_00ba6' failed
make[1]: *** [cmTC_00ba6] Error 1
make[1]: Leaving directory '/home/capstone/autoware.ai/build/sick_ldmrs_tools/CMakeFiles/CMakeTmp'
Makefile:126: recipe for target 'cmTC_00ba6/fast' failed
make: *** [cmTC_00ba6/fast] Error 2


