[0.366s] -- CUDA compilation status: 1.
[0.367s] -- Using CATKIN_DEVEL_PREFIX: /home/capstone/autoware.ai/build/gnss_localizer/devel
[0.368s] -- Using CMAKE_PREFIX_PATH: /home/capstone/autoware.ai/install/gnss;/home/capstone/autoware.ai/install/autoware_build_flags;/home/capstone/autoware.ai/install/ymc;/home/capstone/autoware.ai/install/xsens_driver;/home/capstone/autoware.ai/install/wf_simulator;/home/capstone/autoware.ai/install/lattice_planner;/home/capstone/autoware.ai/install/waypoint_planner;/home/capstone/autoware.ai/install/waypoint_maker;/home/capstone/autoware.ai/install/way_planner;/home/capstone/autoware.ai/install/vlg22c_cam;/home/capstone/autoware.ai/install/vision_ssd_detect;/home/capstone/autoware.ai/install/vision_segment_enet_detect;/home/capstone/autoware.ai/install/vision_lane_detect;/home/capstone/autoware.ai/install/vision_darknet_detect;/home/capstone/autoware.ai/install/vision_beyond_track;/home/capstone/autoware.ai/install/vel_pose_diff_checker;/home/capstone/autoware.ai/install/vehicle_socket;/home/capstone/autoware.ai/install/vehicle_sim_model;/home/capstone/autoware.ai/install/vehicle_model;/home/capstone/autoware.ai/install/vehicle_gazebo_simulation_launcher;/home/capstone/autoware.ai/install/vehicle_gazebo_simulation_interface;/home/capstone/autoware.ai/install/vehicle_engage_panel;/home/capstone/autoware.ai/install/vehicle_description;/home/capstone/autoware.ai/install/trafficlight_recognizer;/home/capstone/autoware.ai/install/op_utilities;/home/capstone/autoware.ai/install/op_simulation_package;/home/capstone/autoware.ai/install/op_local_planner;/home/capstone/autoware.ai/install/op_global_planner;/home/capstone/autoware.ai/install/lidar_kf_contour_track;/home/capstone/autoware.ai/install/op_ros_helpers;/home/capstone/autoware.ai/install/ff_waypoint_follower;/home/capstone/autoware.ai/install/dp_planner;/home/capstone/autoware.ai/install/op_simu;/home/capstone/autoware.ai/install/op_planner;/home/capstone/autoware.ai/install/op_utility;/home/capstone/autoware.ai/install/lidar_euclidean_cluster_detect;/home/capstone/autoware.ai/install/vector_map_server;/home/capstone/autoware.ai/install/road_occupancy_processor;/home/capstone/autoware.ai/install/costmap_generator;/home/capstone/autoware.ai/install/object_map;/home/capstone/autoware.ai/install/naive_motion_predict;/home/capstone/autoware.ai/install/lanelet_aisan_converter;/home/capstone/autoware.ai/install/map_file;/home/capstone/autoware.ai/install/libvectormap;/home/capstone/autoware.ai/install/lane_planner;/home/capstone/autoware.ai/install/imm_ukf_pda_track;/home/capstone/autoware.ai/install/decision_maker;/home/capstone/autoware.ai/install/vector_map;/home/capstone/autoware.ai/install/vector_map_msgs;/home/capstone/autoware.ai/install/vectacam;/home/capstone/autoware.ai/install/udon_socket;/home/capstone/autoware.ai/install/twist_generator;/home/capstone/autoware.ai/install/twist_gate;/home/capstone/autoware.ai/install/twist_filter;/home/capstone/autoware.ai/install/twist2odom;/home/capstone/autoware.ai/install/tablet_socket;/home/capstone/autoware.ai/install/runtime_manager;/home/capstone/autoware.ai/install/mqtt_socket;/home/capstone/autoware.ai/install/tablet_socket_msgs;/home/capstone/autoware.ai/install/state_machine_lib;/home/capstone/autoware.ai/install/sound_player;/home/capstone/autoware.ai/install/sick_lms5xx;/home/capstone/autoware.ai/install/sick_ldmrs_tools;/home/capstone/autoware.ai/install/sick_ldmrs_driver;/home/capstone/autoware.ai/install/sick_ldmrs_msgs;/home/capstone/autoware.ai/install/sick_ldmrs_description;/home/capstone/autoware.ai/install/points2image;/home/capstone/autoware.ai/install/rosinterface;/home/capstone/autoware.ai/install/rosbag_controller;/home/capstone/autoware.ai/install/pure_pursuit;/home/capstone/autoware.ai/install/points_preprocessor;/home/capstone/autoware.ai/install/mpc_follower;/home/capstone/autoware.ai/install/lidar_localizer;/home/capstone/autoware.ai/install/emergency_handler;/home/capstone/autoware.ai/install/autoware_health_checker;/home/capstone/autoware.ai/install/as;/home/capstone/autoware.ai/install/ros_observer;/home/capstone/autoware.ai/install/roi_object_filter;/home/capstone/autoware.ai/install/range_vision_fusion;/home/capstone/autoware.ai/install/pos_db;/home/capstone/autoware.ai/install/points_downsampler;/home/capstone/autoware.ai/install/pixel_cloud_fusion;/home/capstone/autoware.ai/install/pcl_omp_registration;/home/capstone/autoware.ai/install/pc2_downsampler;/home/capstone/autoware.ai/install/oculus_socket;/home/capstone/autoware.ai/install/obj_db;/home/capstone/autoware.ai/install/nmea_navsat;/home/capstone/autoware.ai/install/ndt_tku;/home/capstone/autoware.ai/install/ndt_gpu;/home/capstone/autoware.ai/install/ndt_cpu;/home/capstone/autoware.ai/install/multi_lidar_calibrator;/home/capstone/autoware.ai/install/mrt_cmake_modules;/home/capstone/autoware.ai/install/microstrain_driver;/home/capstone/autoware.ai/install/memsic_imu;/home/capstone/autoware.ai/install/marker_downsampler;/home/capstone/autoware.ai/install/map_tools;/home/capstone/autoware.ai/install/map_tf_generator;/home/capstone/autoware.ai/install/log_tools;/home/capstone/autoware.ai/install/lidar_shape_estimation;/home/capstone/autoware.ai/install/lidar_point_pillars;/home/capstone/autoware.ai/install/lidar_naive_l_shape_detect;/home/capstone/autoware.ai/install/lidar_fake_perception;/home/capstone/autoware.ai/install/lidar_apollo_cnn_seg_detect;/home/capstone/autoware.ai/install/libwaypoint_follower;/home/capstone/autoware.ai/install/lgsvl_simulator_bridge;/home/capstone/autoware.ai/install/lanelet2_extension;/home/capstone/autoware.ai/install/lanelet2_validation;/home/capstone/autoware.ai/install/lanelet2_examples;/home/capstone/autoware.ai/install/lanelet2_python;/home/capstone/autoware.ai/install/lanelet2_routing;/home/capstone/autoware.ai/install/lanelet2_traffic_rules;/home/capstone/autoware.ai/install/lanelet2_projection;/home/capstone/autoware.ai/install/lanelet2_maps;/home/capstone/autoware.ai/install/lanelet2_io;/home/capstone/autoware.ai/install/lanelet2_core;/home/capstone/autoware.ai/install/kvaser;/home/capstone/autoware.ai/install/kitti_launch;/home/capstone/autoware.ai/install/kitti_player;/home/capstone/autoware.ai/install/kitti_box_publisher;/home/capstone/autoware.ai/install/javad_navsat_driver;/home/capstone/autoware.ai/install/integrated_viewer;/home/capstone/autoware.ai/install/image_processor;/home/capstone/autoware.ai/install/hokuyo;/home/capstone/autoware.ai/install/graph_tools;/home/capstone/autoware.ai/install/gnss_localizer;/home/capstone/autoware.ai/install/glviewer;/home/capstone/autoware.ai/install/gazebo_world_description;/home/capstone/autoware.ai/install/gazebo_imu_description;/home/capstone/autoware.ai/install/gazebo_camera_description;/home/capstone/autoware.ai/install/garmin;/home/capstone/autoware.ai/install/freespace_planner;/home/capstone/autoware.ai/install/fastvirtualscan;/home/capstone/autoware.ai/install/ekf_localizer;/home/capstone/autoware.ai/install/ds4_msgs;/home/capstone/autoware.ai/install/ds4_driver;/home/capstone/autoware.ai/install/detected_objects_visualizer;/home/capstone/autoware.ai/install/decision_maker_panel;/home/capstone/autoware.ai/install/data_preprocessor;/home/capstone/autoware.ai/install/custom_msgs;/home/capstone/autoware.ai/install/carla_autoware_bridge;/home/capstone/autoware.ai/install/calibration_publisher;/home/capstone/autoware.ai/install/autoware_system_msgs;/home/capstone/autoware.ai/install/autoware_rviz_plugins;/home/capstone/autoware.ai/install/autoware_quickstart_examples;/home/capstone/autoware.ai/install/autoware_pointgrey_drivers;/home/capstone/autoware.ai/install/autoware_driveworks_interface;/home/capstone/autoware.ai/install/autoware_connector;/home/capstone/autoware.ai/install/autoware_camera_lidar_calibrator;/home/capstone/autoware.ai/install/astar_search;/home/capstone/autoware.ai/install/amathutils_lib;/home/capstone/autoware.ai/install/autoware_msgs;/home/capstone/autoware.ai/install/autoware_map_msgs;/home/capstone/autoware.ai/install/autoware_launcher_rviz;/home/capstone/autoware.ai/install/autoware_launcher;/home/capstone/autoware.ai/install/autoware_lanelet2_msgs;/home/capstone/autoware.ai/install/autoware_external_msgs;/home/capstone/autoware.ai/install/autoware_driveworks_gmsl_interface;/home/capstone/autoware.ai/install/autoware_config_msgs;/home/capstone/autoware.ai/install/autoware_can_msgs;/home/capstone/autoware.ai/install/autoware_bag_tools;/home/capstone/autoware.ai/install/adi_driver;/opt/carla-ros-bridge/melodic;/opt/ros/melodic
[0.385s] -- This workspace overlays: /home/capstone/autoware.ai/install/gnss;/home/capstone/autoware.ai/install/autoware_build_flags;/home/capstone/autoware.ai/install/ymc;/home/capstone/autoware.ai/install/xsens_driver;/home/capstone/autoware.ai/install/wf_simulator;/home/capstone/autoware.ai/install/lattice_planner;/home/capstone/autoware.ai/install/waypoint_planner;/home/capstone/autoware.ai/install/waypoint_maker;/home/capstone/autoware.ai/install/way_planner;/home/capstone/autoware.ai/install/vlg22c_cam;/home/capstone/autoware.ai/install/vision_ssd_detect;/home/capstone/autoware.ai/install/vision_segment_enet_detect;/home/capstone/autoware.ai/install/vision_lane_detect;/home/capstone/autoware.ai/install/vision_darknet_detect;/home/capstone/autoware.ai/install/vision_beyond_track;/home/capstone/autoware.ai/install/vel_pose_diff_checker;/home/capstone/autoware.ai/install/vehicle_socket;/home/capstone/autoware.ai/install/vehicle_sim_model;/home/capstone/autoware.ai/install/vehicle_model;/home/capstone/autoware.ai/install/vehicle_gazebo_simulation_launcher;/home/capstone/autoware.ai/install/vehicle_gazebo_simulation_interface;/home/capstone/autoware.ai/install/vehicle_engage_panel;/home/capstone/autoware.ai/install/vehicle_description;/home/capstone/autoware.ai/install/trafficlight_recognizer;/home/capstone/autoware.ai/install/op_utilities;/home/capstone/autoware.ai/install/op_simulation_package;/home/capstone/autoware.ai/install/op_local_planner;/home/capstone/autoware.ai/install/op_global_planner;/home/capstone/autoware.ai/install/lidar_kf_contour_track;/home/capstone/autoware.ai/install/op_ros_helpers;/home/capstone/autoware.ai/install/ff_waypoint_follower;/home/capstone/autoware.ai/install/dp_planner;/home/capstone/autoware.ai/install/op_simu;/home/capstone/autoware.ai/install/op_planner;/home/capstone/autoware.ai/install/op_utility;/home/capstone/autoware.ai/install/lidar_euclidean_cluster_detect;/home/capstone/autoware.ai/install/vector_map_server;/home/capstone/autoware.ai/install/road_occupancy_processor;/home/capstone/autoware.ai/install/costmap_generator;/home/capstone/autoware.ai/install/object_map;/home/capstone/autoware.ai/install/naive_motion_predict;/home/capstone/autoware.ai/install/lanelet_aisan_converter;/home/capstone/autoware.ai/install/map_file;/home/capstone/autoware.ai/install/libvectormap;/home/capstone/autoware.ai/install/lane_planner;/home/capstone/autoware.ai/install/imm_ukf_pda_track;/home/capstone/autoware.ai/install/decision_maker;/home/capstone/autoware.ai/install/vector_map;/home/capstone/autoware.ai/install/vector_map_msgs;/home/capstone/autoware.ai/install/vectacam;/home/capstone/autoware.ai/install/udon_socket;/home/capstone/autoware.ai/install/twist_generator;/home/capstone/autoware.ai/install/twist_gate;/home/capstone/autoware.ai/install/twist_filter;/home/capstone/autoware.ai/install/twist2odom;/home/capstone/autoware.ai/install/tablet_socket;/home/capstone/autoware.ai/install/runtime_manager;/home/capstone/autoware.ai/install/mqtt_socket;/home/capstone/autoware.ai/install/tablet_socket_msgs;/home/capstone/autoware.ai/install/state_machine_lib;/home/capstone/autoware.ai/install/sound_player;/home/capstone/autoware.ai/install/sick_lms5xx;/home/capstone/autoware.ai/install/sick_ldmrs_tools;/home/capstone/autoware.ai/install/sick_ldmrs_driver;/home/capstone/autoware.ai/install/sick_ldmrs_msgs;/home/capstone/autoware.ai/install/sick_ldmrs_description;/home/capstone/autoware.ai/install/points2image;/home/capstone/autoware.ai/install/rosinterface;/home/capstone/autoware.ai/install/rosbag_controller;/home/capstone/autoware.ai/install/pure_pursuit;/home/capstone/autoware.ai/install/points_preprocessor;/home/capstone/autoware.ai/install/mpc_follower;/home/capstone/autoware.ai/install/lidar_localizer;/home/capstone/autoware.ai/install/emergency_handler;/home/capstone/autoware.ai/install/autoware_health_checker;/home/capstone/autoware.ai/install/as;/home/capstone/autoware.ai/install/ros_observer;/home/capstone/autoware.ai/install/roi_object_filter;/home/capstone/autoware.ai/install/range_vision_fusion;/home/capstone/autoware.ai/install/pos_db;/home/capstone/autoware.ai/install/points_downsampler;/home/capstone/autoware.ai/install/pixel_cloud_fusion;/home/capstone/autoware.ai/install/pcl_omp_registration;/home/capstone/autoware.ai/install/pc2_downsampler;/home/capstone/autoware.ai/install/oculus_socket;/home/capstone/autoware.ai/install/obj_db;/home/capstone/autoware.ai/install/nmea_navsat;/home/capstone/autoware.ai/install/ndt_tku;/home/capstone/autoware.ai/install/ndt_gpu;/home/capstone/autoware.ai/install/ndt_cpu;/home/capstone/autoware.ai/install/multi_lidar_calibrator;/home/capstone/autoware.ai/install/mrt_cmake_modules;/home/capstone/autoware.ai/install/microstrain_driver;/home/capstone/autoware.ai/install/memsic_imu;/home/capstone/autoware.ai/install/marker_downsampler;/home/capstone/autoware.ai/install/map_tools;/home/capstone/autoware.ai/install/map_tf_generator;/home/capstone/autoware.ai/install/log_tools;/home/capstone/autoware.ai/install/lidar_shape_estimation;/home/capstone/autoware.ai/install/lidar_point_pillars;/home/capstone/autoware.ai/install/lidar_naive_l_shape_detect;/home/capstone/autoware.ai/install/lidar_fake_perception;/home/capstone/autoware.ai/install/lidar_apollo_cnn_seg_detect;/home/capstone/autoware.ai/install/libwaypoint_follower;/home/capstone/autoware.ai/install/lgsvl_simulator_bridge;/home/capstone/autoware.ai/install/lanelet2_extension;/home/capstone/autoware.ai/install/lanelet2_validation;/home/capstone/autoware.ai/install/lanelet2_examples;/home/capstone/autoware.ai/install/lanelet2_python;/home/capstone/autoware.ai/install/lanelet2_routing;/home/capstone/autoware.ai/install/lanelet2_traffic_rules;/home/capstone/autoware.ai/install/lanelet2_projection;/home/capstone/autoware.ai/install/lanelet2_maps;/home/capstone/autoware.ai/install/lanelet2_io;/home/capstone/autoware.ai/install/lanelet2_core;/home/capstone/autoware.ai/install/kvaser;/home/capstone/autoware.ai/install/kitti_launch;/home/capstone/autoware.ai/install/kitti_player;/home/capstone/autoware.ai/install/kitti_box_publisher;/home/capstone/autoware.ai/install/javad_navsat_driver;/home/capstone/autoware.ai/install/integrated_viewer;/home/capstone/autoware.ai/install/image_processor;/home/capstone/autoware.ai/install/hokuyo;/home/capstone/autoware.ai/install/graph_tools;/home/capstone/autoware.ai/install/gnss_localizer;/home/capstone/autoware.ai/install/glviewer;/home/capstone/autoware.ai/install/gazebo_world_description;/home/capstone/autoware.ai/install/gazebo_imu_description;/home/capstone/autoware.ai/install/gazebo_camera_description;/home/capstone/autoware.ai/install/garmin;/home/capstone/autoware.ai/install/freespace_planner;/home/capstone/autoware.ai/install/fastvirtualscan;/home/capstone/autoware.ai/install/ekf_localizer;/home/capstone/autoware.ai/install/ds4_msgs;/home/capstone/autoware.ai/install/ds4_driver;/home/capstone/autoware.ai/install/detected_objects_visualizer;/home/capstone/autoware.ai/install/decision_maker_panel;/home/capstone/autoware.ai/install/data_preprocessor;/home/capstone/autoware.ai/install/custom_msgs;/home/capstone/autoware.ai/install/carla_autoware_bridge;/home/capstone/autoware.ai/install/calibration_publisher;/home/capstone/autoware.ai/install/autoware_system_msgs;/home/capstone/autoware.ai/install/autoware_rviz_plugins;/home/capstone/autoware.ai/install/autoware_quickstart_examples;/home/capstone/autoware.ai/install/autoware_pointgrey_drivers;/home/capstone/autoware.ai/install/autoware_driveworks_interface;/home/capstone/autoware.ai/install/autoware_connector;/home/capstone/autoware.ai/install/autoware_camera_lidar_calibrator;/home/capstone/autoware.ai/install/astar_search;/home/capstone/autoware.ai/install/amathutils_lib;/home/capstone/autoware.ai/install/autoware_msgs;/home/capstone/autoware.ai/install/autoware_map_msgs;/home/capstone/autoware.ai/install/autoware_launcher_rviz;/home/capstone/autoware.ai/install/autoware_launcher;/home/capstone/autoware.ai/install/autoware_lanelet2_msgs;/home/capstone/autoware.ai/install/autoware_external_msgs;/home/capstone/autoware.ai/install/autoware_driveworks_gmsl_interface;/home/capstone/autoware.ai/install/autoware_config_msgs;/home/capstone/autoware.ai/install/autoware_can_msgs;/home/capstone/autoware.ai/install/autoware_bag_tools;/home/capstone/autoware.ai/install/adi_driver;/opt/carla-ros-bridge/melodic;/opt/ros/melodic
[0.531s] -- Found PythonInterp: /usr/bin/python2 (found suitable version "2.7.17", minimum required is "2") 
[0.532s] -- Using PYTHON_EXECUTABLE: /usr/bin/python2
[0.532s] -- Using Debian Python package layout
[0.533s] -- Using empy: /usr/bin/empy
[0.905s] -- Using CATKIN_ENABLE_TESTING: ON
[0.906s] -- Call enable_testing()
[0.911s] -- Using CATKIN_TEST_RESULTS_DIR: /home/capstone/autoware.ai/build/gnss_localizer/test_results
[1.043s] -- Found gtest sources under '/usr/src/googletest': gtests will be built
[1.043s] -- Found gmock sources under '/usr/src/googletest': gmock will be built
[1.119s] -- Found PythonInterp: /usr/bin/python2 (found version "2.7.17") 
[1.131s] -- Using Python nosetests: /usr/bin/nosetests-2.7
[1.306s] -- catkin 0.7.23
[1.306s] -- BUILD_SHARED_LIBS is on
[2.398s] -- Using these message generators: gencpp;geneus;genlisp;gennodejs;genpy
[3.532s] -- Configuring done
[3.805s] -- Generating done
[3.833s] -- Build files have been written to: /home/capstone/autoware.ai/build/gnss_localizer
[4.100s] [  0%] Built target tf2_msgs_generate_messages_nodejs
[4.262s] [  0%] Built target geometry_msgs_generate_messages_py
[4.409s] [  0%] Built target tf2_msgs_generate_messages_eus
[4.608s] [  0%] Built target sensor_msgs_generate_messages_py
[4.755s] [  0%] Built target std_msgs_generate_messages_py
[4.898s] [  0%] Built target std_msgs_generate_messages_nodejs
[5.043s] [  0%] Built target geometry_msgs_generate_messages_eus
[5.183s] [  0%] Built target roscpp_generate_messages_cpp
[5.328s] [  0%] Built target nmea_msgs_generate_messages_eus
[5.497s] [  0%] Built target roscpp_generate_messages_lisp
[5.677s] [  0%] Built target actionlib_generate_messages_lisp
[5.821s] [  0%] Built target rosgraph_msgs_generate_messages_py
[5.968s] [  0%] Built target geometry_msgs_generate_messages_cpp
[6.117s] [  0%] Built target tf2_msgs_generate_messages_py
[6.261s] [  0%] Built target geometry_msgs_generate_messages_nodejs
[6.419s] [  0%] Built target std_msgs_generate_messages_cpp
[6.634s] [  0%] Built target rosgraph_msgs_generate_messages_lisp
[6.782s] [  0%] Built target tf_generate_messages_eus
[6.921s] [  0%] Built target tf2_msgs_generate_messages_cpp
[7.070s] [  0%] Built target roscpp_generate_messages_nodejs
[7.215s] [  0%] Built target geometry_msgs_generate_messages_lisp
[7.361s] [  0%] Built target std_msgs_generate_messages_lisp
[7.534s] [  0%] Built target tf_generate_messages_lisp
[7.693s] [  0%] Built target tf_generate_messages_nodejs
[7.839s] [  0%] Built target sensor_msgs_generate_messages_cpp
[7.990s] [  0%] Built target sensor_msgs_generate_messages_eus
[8.135s] [  0%] Built target sensor_msgs_generate_messages_lisp
[8.281s] [  0%] Built target tf_generate_messages_cpp
[8.437s] [  0%] Built target nmea_msgs_generate_messages_cpp
[8.670s] [  0%] Built target sensor_msgs_generate_messages_nodejs
[8.850s] [  0%] Built target rosgraph_msgs_generate_messages_cpp
[9.000s] [  0%] Built target actionlib_generate_messages_eus
[9.153s] [  0%] Built target actionlib_msgs_generate_messages_cpp
[9.308s] [  0%] Built target actionlib_generate_messages_nodejs
[9.483s] [  0%] Built target actionlib_generate_messages_py
[9.676s] [  0%] Built target tf_generate_messages_py
[9.839s] [  0%] Built target std_msgs_generate_messages_eus
[9.990s] [  0%] Built target actionlib_msgs_generate_messages_nodejs
[10.140s] [  0%] Built target actionlib_msgs_generate_messages_lisp
[10.284s] [  0%] Built target tf2_msgs_generate_messages_lisp
[10.455s] [  0%] Built target rosgraph_msgs_generate_messages_eus
[10.658s] [  0%] Built target nmea_msgs_generate_messages_nodejs
[10.858s] [  0%] Built target nmea_msgs_generate_messages_py
[11.014s] [  0%] Built target nmea_msgs_generate_messages_lisp
[11.157s] [  0%] Built target roscpp_generate_messages_eus
[11.326s] [  0%] Built target roscpp_generate_messages_py
[11.540s] [  0%] Built target actionlib_msgs_generate_messages_eus
[11.714s] [  0%] Built target actionlib_msgs_generate_messages_py
[11.863s] [  0%] Built target actionlib_generate_messages_cpp
[12.009s] [  0%] Built target rosgraph_msgs_generate_messages_nodejs
[12.171s] [ 40%] Built target fix2tfpose
[12.343s] [100%] Built target nmea2tfpose
[13.908s] [ 50%] Built target gtest
[14.060s] [ 50%] Built target geometry_msgs_generate_messages_py
[14.197s] [ 50%] Built target tf2_msgs_generate_messages_eus
[14.339s] [ 50%] Built target sensor_msgs_generate_messages_py
[14.501s] [ 50%] Built target std_msgs_generate_messages_py
[14.673s] [ 50%] Built target std_msgs_generate_messages_nodejs
[14.819s] [ 50%] Built target geometry_msgs_generate_messages_eus
[14.986s] [ 50%] Built target roscpp_generate_messages_cpp
[15.136s] [ 50%] Built target nmea_msgs_generate_messages_eus
[15.280s] [ 50%] Built target roscpp_generate_messages_lisp
[15.449s] [ 50%] Built target actionlib_generate_messages_lisp
[15.657s] [ 50%] Built target rosgraph_msgs_generate_messages_py
[15.800s] [ 50%] Built target geometry_msgs_generate_messages_cpp
[15.946s] [ 50%] Built target tf2_msgs_generate_messages_py
[16.094s] [ 50%] Built target geometry_msgs_generate_messages_nodejs
[16.233s] [ 50%] Built target std_msgs_generate_messages_cpp
[16.377s] [ 50%] Built target rosgraph_msgs_generate_messages_lisp
[16.577s] [ 50%] Built target tf_generate_messages_eus
[16.725s] [ 50%] Built target tf2_msgs_generate_messages_cpp
[16.870s] [ 50%] Built target roscpp_generate_messages_nodejs
[17.014s] [ 50%] Built target geometry_msgs_generate_messages_lisp
[17.158s] [ 50%] Built target std_msgs_generate_messages_lisp
[17.309s] [ 50%] Built target tf_generate_messages_lisp
[17.486s] [ 50%] Built target tf_generate_messages_nodejs
[17.643s] [ 50%] Built target sensor_msgs_generate_messages_cpp
[17.792s] [ 50%] Built target sensor_msgs_generate_messages_eus
[17.935s] [ 50%] Built target sensor_msgs_generate_messages_lisp
[18.094s] [ 50%] Built target tf_generate_messages_cpp
[18.240s] [ 50%] Built target nmea_msgs_generate_messages_cpp
[18.389s] [ 50%] Built target sensor_msgs_generate_messages_nodejs
[18.600s] [ 50%] Built target rosgraph_msgs_generate_messages_cpp
[18.746s] [ 50%] Built target actionlib_generate_messages_eus
[18.896s] [ 50%] Built target actionlib_msgs_generate_messages_cpp
[19.046s] [ 50%] Built target actionlib_generate_messages_nodejs
[19.197s] [ 50%] Built target actionlib_generate_messages_py
[19.342s] [ 50%] Built target tf_generate_messages_py
[19.516s] [ 50%] Built target std_msgs_generate_messages_eus
[19.672s] [ 50%] Built target actionlib_msgs_generate_messages_nodejs
[19.830s] [ 50%] Built target actionlib_msgs_generate_messages_lisp
[19.975s] [ 50%] Built target tf2_msgs_generate_messages_lisp
[20.132s] [ 50%] Built target tf2_msgs_generate_messages_nodejs
[20.280s] [ 50%] Built target rosgraph_msgs_generate_messages_eus
[20.468s] [ 50%] Built target nmea_msgs_generate_messages_nodejs
[20.691s] [ 50%] Built target nmea_msgs_generate_messages_py
[20.833s] [ 50%] Built target nmea_msgs_generate_messages_lisp
[20.978s] [ 50%] Built target roscpp_generate_messages_eus
[21.131s] [ 50%] Built target roscpp_generate_messages_py
[21.295s] [ 50%] Built target actionlib_msgs_generate_messages_eus
[21.545s] [ 50%] Built target actionlib_msgs_generate_messages_py
[21.703s] [ 50%] Built target actionlib_generate_messages_cpp
[21.858s] [ 50%] Built target rosgraph_msgs_generate_messages_nodejs
[22.018s] [100%] Built target nmea_test
[22.167s] [100%] Built target tests
[23.455s] [  0%] Built target tf2_msgs_generate_messages_nodejs
[23.670s] [  0%] Built target geometry_msgs_generate_messages_py
[23.886s] [  0%] Built target tf2_msgs_generate_messages_eus
[24.044s] [  0%] Built target sensor_msgs_generate_messages_py
[24.191s] [  0%] Built target std_msgs_generate_messages_py
[24.338s] [  0%] Built target std_msgs_generate_messages_nodejs
[24.577s] [  0%] Built target geometry_msgs_generate_messages_eus
[24.729s] [  0%] Built target roscpp_generate_messages_cpp
[24.893s] [  0%] Built target nmea_msgs_generate_messages_eus
[25.064s] [  0%] Built target roscpp_generate_messages_lisp
[25.237s] [  0%] Built target actionlib_generate_messages_lisp
[25.427s] [  0%] Built target rosgraph_msgs_generate_messages_py
[25.687s] [  0%] Built target geometry_msgs_generate_messages_cpp
[25.828s] [  0%] Built target tf2_msgs_generate_messages_py
[25.973s] [  0%] Built target geometry_msgs_generate_messages_nodejs
[26.119s] [  0%] Built target std_msgs_generate_messages_cpp
[26.267s] [  0%] Built target rosgraph_msgs_generate_messages_lisp
[26.411s] [  0%] Built target tf_generate_messages_eus
[26.607s] [  0%] Built target tf2_msgs_generate_messages_cpp
[26.754s] [  0%] Built target roscpp_generate_messages_nodejs
[26.892s] [  0%] Built target geometry_msgs_generate_messages_lisp
[27.033s] [  0%] Built target std_msgs_generate_messages_lisp
[27.175s] [  0%] Built target tf_generate_messages_lisp
[27.316s] [  0%] Built target tf_generate_messages_nodejs
[27.535s] [  0%] Built target sensor_msgs_generate_messages_cpp
[27.721s] [  0%] Built target sensor_msgs_generate_messages_eus
[27.864s] [  0%] Built target sensor_msgs_generate_messages_lisp
[28.043s] [  0%] Built target tf_generate_messages_cpp
[28.195s] [  0%] Built target nmea_msgs_generate_messages_cpp
[28.348s] [  0%] Built target sensor_msgs_generate_messages_nodejs
[28.538s] [  0%] Built target rosgraph_msgs_generate_messages_cpp
[28.686s] [  0%] Built target actionlib_generate_messages_eus
[28.830s] [  0%] Built target actionlib_msgs_generate_messages_cpp
[28.975s] [  0%] Built target actionlib_generate_messages_nodejs
[29.117s] [  0%] Built target actionlib_generate_messages_py
[29.258s] [  0%] Built target tf_generate_messages_py
[29.401s] [  0%] Built target std_msgs_generate_messages_eus
[29.576s] [  0%] Built target actionlib_msgs_generate_messages_nodejs
[29.723s] [  0%] Built target actionlib_msgs_generate_messages_lisp
[29.868s] [  0%] Built target tf2_msgs_generate_messages_lisp
[30.010s] [  0%] Built target rosgraph_msgs_generate_messages_eus
[30.152s] [  0%] Built target nmea_msgs_generate_messages_nodejs
[30.303s] [  0%] Built target nmea_msgs_generate_messages_py
[30.462s] [  0%] Built target nmea_msgs_generate_messages_lisp
[30.607s] [  0%] Built target roscpp_generate_messages_eus
[30.761s] [  0%] Built target roscpp_generate_messages_py
[30.905s] [  0%] Built target actionlib_msgs_generate_messages_eus
[31.048s] [  0%] Built target actionlib_msgs_generate_messages_py
[31.193s] [  0%] Built target actionlib_generate_messages_cpp
[31.339s] [  0%] Built target rosgraph_msgs_generate_messages_nodejs
[31.563s] [ 40%] Built target fix2tfpose
[31.759s] [100%] Built target nmea2tfpose
[31.895s] [36mInstall the project...[0m
[31.951s] -- Install configuration: "Release"
[31.951s] -- Installing: /home/capstone/autoware.ai/install/gnss_localizer/lib/pkgconfig/gnss_localizer.pc
[31.952s] -- Installing: /home/capstone/autoware.ai/install/gnss_localizer/share/gnss_localizer/cmake/gnss_localizerConfig.cmake
[31.952s] -- Up-to-date: /home/capstone/autoware.ai/install/gnss_localizer/share/gnss_localizer/cmake/gnss_localizerConfig-version.cmake
[31.953s] -- Up-to-date: /home/capstone/autoware.ai/install/gnss_localizer/share/gnss_localizer/package.xml
[31.954s] -- Up-to-date: /home/capstone/autoware.ai/install/gnss_localizer/lib/gnss_localizer/nmea2tfpose
[31.955s] -- Up-to-date: /home/capstone/autoware.ai/install/gnss_localizer/lib/gnss_localizer/fix2tfpose
[31.956s] -- Up-to-date: /home/capstone/autoware.ai/install/gnss_localizer/share/gnss_localizer/launch
[31.957s] -- Up-to-date: /home/capstone/autoware.ai/install/gnss_localizer/share/gnss_localizer/launch/nmea2tfpose.launch
[31.957s] -- Up-to-date: /home/capstone/autoware.ai/install/gnss_localizer/share/gnss_localizer/launch/fix2tfpose.launch
