[0.883s] [ 40%] Built target gpu_euclidean_clustering
[1.034s] [ 40%] Built target map_msgs_generate_messages_nodejs
[1.287s] [ 40%] Built target map_msgs_generate_messages_lisp
[1.442s] [ 40%] Built target people_msgs_generate_messages_nodejs
[1.584s] [ 40%] Built target people_msgs_generate_messages_lisp
[1.727s] [ 40%] Built target people_msgs_generate_messages_eus
[1.869s] [ 40%] Built target grid_map_msgs_generate_messages_lisp
[2.013s] [ 40%] Built target people_msgs_generate_messages_py
[2.196s] [ 40%] Built target std_msgs_generate_messages_py
[2.353s] [ 40%] Built target autoware_msgs_generate_messages_lisp
[2.497s] [ 40%] Built target topic_tools_generate_messages_cpp
[2.647s] [ 40%] Built target visualization_msgs_generate_messages_py
[2.799s] [ 40%] Built target rosgraph_msgs_generate_messages_eus
[2.941s] [ 40%] Built target rosgraph_msgs_generate_messages_cpp
[3.115s] [ 40%] Built target actionlib_generate_messages_eus
[3.287s] [ 40%] Built target roscpp_generate_messages_nodejs
[3.438s] [ 40%] Built target roscpp_generate_messages_eus
[3.580s] [ 40%] Built target rosgraph_msgs_generate_messages_nodejs
[3.728s] [ 40%] Built target actionlib_msgs_generate_messages_nodejs
[3.873s] [ 40%] Built target actionlib_msgs_generate_messages_lisp
[4.019s] [ 40%] Built target tf_generate_messages_py
[4.242s] [ 40%] Built target actionlib_msgs_generate_messages_cpp
[4.391s] [ 40%] Built target vector_map_msgs_generate_messages_nodejs
[4.541s] [ 40%] Built target roscpp_generate_messages_py
[4.685s] [ 40%] Built target sensor_msgs_generate_messages_nodejs
[4.830s] [ 40%] Built target grid_map_msgs_generate_messages_eus
[4.978s] [ 40%] Built target grid_map_msgs_generate_messages_cpp
[5.144s] [ 40%] Built target pcl_msgs_generate_messages_py
[5.310s] [ 40%] Built target pcl_msgs_generate_messages_lisp
[5.457s] [ 40%] Built target pcl_msgs_generate_messages_nodejs
[5.606s] [ 40%] Built target jsk_rviz_plugins_generate_messages_eus
[5.751s] [ 40%] Built target pcl_msgs_generate_messages_eus
[5.899s] [ 40%] Built target geometry_msgs_generate_messages_cpp
[6.040s] [ 40%] Built target geometry_msgs_generate_messages_nodejs
[6.248s] [ 40%] Built target jsk_recognition_utils_gencfg
[6.394s] [ 40%] Built target dynamic_reconfigure_generate_messages_eus
[6.540s] [ 40%] Built target jsk_rviz_plugins_generate_messages_lisp
[6.683s] [ 40%] Built target _catkin_empty_exported_target
[6.824s] [ 40%] Built target actionlib_generate_messages_lisp
[6.968s] [ 40%] Built target jsk_footstep_msgs_generate_messages_eus
[7.151s] [ 40%] Built target autoware_msgs_generate_messages_cpp
[7.309s] [ 40%] Built target jsk_recognition_msgs_generate_messages_nodejs
[7.454s] [ 40%] Built target std_msgs_generate_messages_lisp
[7.599s] [ 40%] Built target sensor_msgs_generate_messages_cpp
[7.746s] [ 40%] Built target nav_msgs_generate_messages_nodejs
[7.889s] [ 40%] Built target roscpp_generate_messages_cpp
[8.035s] [ 40%] Built target sensor_msgs_generate_messages_eus
[8.247s] [ 40%] Built target nodelet_topic_tools_gencfg
[8.399s] [ 40%] Built target rosgraph_msgs_generate_messages_lisp
[8.541s] [ 40%] Built target map_msgs_generate_messages_cpp
[8.684s] [ 40%] Built target autoware_msgs_generate_messages_py
[8.826s] [ 40%] Built target visualization_msgs_generate_messages_cpp
[8.971s] [ 40%] Built target tf_generate_messages_eus
[9.144s] [ 40%] Built target actionlib_msgs_generate_messages_eus
[9.302s] [ 40%] Built target dynamic_reconfigure_generate_messages_py
[9.445s] [ 40%] Built target std_srvs_generate_messages_cpp
[9.587s] [ 40%] Built target jsk_hark_msgs_generate_messages_cpp
[9.737s] [ 40%] Built target autoware_msgs_generate_messages_nodejs
[9.884s] [ 40%] Built target jsk_footstep_msgs_generate_messages_lisp
[10.036s] [ 40%] Built target topic_tools_generate_messages_eus
[10.257s] [ 40%] Built target sensor_msgs_generate_messages_py
[10.405s] [ 40%] Built target tf2_msgs_generate_messages_eus
[10.548s] [ 40%] Built target geometry_msgs_generate_messages_py
[10.691s] [ 40%] Built target jsk_footstep_msgs_generate_messages_py
[10.838s] [ 40%] Built target vector_map_msgs_generate_messages_eus
[10.983s] [ 40%] Built target std_msgs_generate_messages_cpp
[11.158s] [ 40%] Built target geometry_msgs_generate_messages_eus
[11.329s] [ 40%] Built target std_msgs_generate_messages_nodejs
[11.473s] [ 40%] Built target nodelet_generate_messages_lisp
[11.617s] [ 40%] Built target autoware_msgs_generate_messages_eus
[11.764s] [ 40%] Built target jsk_rviz_plugins_generate_messages_nodejs
[11.910s] [ 40%] Built target geometry_msgs_generate_messages_lisp
[12.062s] [ 40%] Built target jsk_recognition_msgs_generate_messages_cpp
[12.248s] [ 40%] Built target jsk_recognition_msgs_generate_messages_eus
[12.391s] [ 40%] Built target grid_map_msgs_generate_messages_nodejs
[12.533s] [ 40%] Built target jsk_footstep_msgs_generate_messages_cpp
[12.673s] [ 40%] Built target actionlib_msgs_generate_messages_py
[12.818s] [ 40%] Built target jsk_recognition_msgs_generate_messages_lisp
[12.965s] [ 40%] Built target grid_map_msgs_generate_messages_py
[13.142s] [ 40%] Built target nav_msgs_generate_messages_cpp
[13.318s] [ 40%] Built target visualization_msgs_generate_messages_eus
[13.463s] [ 40%] Built target nav_msgs_generate_messages_eus
[13.606s] [ 40%] Built target nav_msgs_generate_messages_py
[13.747s] [ 40%] Built target tf_generate_messages_lisp
[13.893s] [ 40%] Built target std_msgs_generate_messages_eus
[14.053s] [ 40%] Built target roscpp_generate_messages_lisp
[14.245s] [ 40%] Built target std_srvs_generate_messages_lisp
[14.386s] [ 40%] Built target std_srvs_generate_messages_nodejs
[14.531s] [ 40%] Built target topic_tools_generate_messages_lisp
[14.677s] [ 40%] Built target topic_tools_generate_messages_nodejs
[14.826s] [ 40%] Built target tf_generate_messages_cpp
[14.984s] [ 40%] Built target topic_tools_generate_messages_py
[15.152s] [ 40%] Built target tf_generate_messages_nodejs
[15.326s] [ 40%] Built target actionlib_generate_messages_cpp
[15.470s] [ 40%] Built target jsk_hark_msgs_generate_messages_eus
[15.614s] [ 40%] Built target jsk_hark_msgs_generate_messages_py
[15.761s] [ 40%] Built target std_srvs_generate_messages_py
[15.905s] [ 40%] Built target actionlib_generate_messages_nodejs
[16.055s] [ 40%] Built target actionlib_generate_messages_py
[16.249s] [ 40%] Built target nav_msgs_generate_messages_lisp
[16.393s] [ 40%] Built target tf2_msgs_generate_messages_cpp
[16.557s] [ 40%] Built target dynamic_reconfigure_generate_messages_lisp
[16.700s] [ 40%] Built target jsk_hark_msgs_generate_messages_nodejs
[16.851s] [ 40%] Built target tf2_msgs_generate_messages_lisp
[16.997s] [ 40%] Built target nodelet_generate_messages_cpp
[17.204s] [ 40%] Built target sensor_msgs_generate_messages_lisp
[17.381s] [ 40%] Built target tf2_msgs_generate_messages_nodejs
[17.526s] [ 40%] Built target tf2_msgs_generate_messages_py
[17.679s] [ 40%] Built target people_msgs_generate_messages_cpp
[17.822s] [ 40%] Built target dynamic_reconfigure_generate_messages_nodejs
[17.971s] [ 40%] Built target visualization_msgs_generate_messages_lisp
[18.183s] [ 40%] Built target rosgraph_msgs_generate_messages_py
[18.339s] [ 40%] Built target visualization_msgs_generate_messages_nodejs
[18.486s] [ 40%] Built target std_srvs_generate_messages_eus
[18.633s] [ 40%] Built target jsk_rviz_plugins_gencfg
[18.783s] [ 40%] Built target bond_generate_messages_cpp
[18.928s] [ 40%] Built target jsk_rviz_plugins_generate_messages_cpp
[19.080s] [ 40%] Built target jsk_rviz_plugins_generate_messages_py
[19.250s] [ 40%] Built target pcl_ros_gencfg
[19.396s] [ 40%] Built target nodelet_generate_messages_py
[19.550s] [ 40%] Built target jsk_hark_msgs_generate_messages_lisp
[19.688s] [ 40%] Built target dynamic_reconfigure_generate_messages_cpp
[19.830s] [ 40%] Built target jsk_recognition_msgs_generate_messages_py
[19.982s] [ 40%] Built target pcl_msgs_generate_messages_cpp
[20.208s] [ 40%] Built target dynamic_reconfigure_gencfg
[20.353s] [ 40%] Built target nodelet_generate_messages_eus
[20.498s] [ 40%] Built target nodelet_generate_messages_nodejs
[20.640s] [ 40%] Built target map_msgs_generate_messages_eus
[20.783s] [ 40%] Built target jsk_footstep_msgs_generate_messages_nodejs
[20.929s] [ 40%] Built target bond_generate_messages_eus
[21.120s] [ 40%] Built target bond_generate_messages_lisp
[21.303s] [ 40%] Built target bond_generate_messages_nodejs
[21.449s] [ 40%] Built target map_msgs_generate_messages_py
[21.598s] [ 40%] Built target vector_map_server_generate_messages_cpp
[21.741s] [ 40%] Built target vector_map_server_generate_messages_eus
[21.887s] [ 40%] Built target vector_map_server_generate_messages_lisp
[22.034s] [ 40%] Built target vector_map_server_generate_messages_nodejs
[22.246s] [ 40%] Built target vector_map_server_generate_messages_py
[22.389s] [ 40%] Built target vector_map_msgs_generate_messages_cpp
[22.534s] [ 40%] Built target vector_map_msgs_generate_messages_lisp
[22.685s] [ 40%] Built target vector_map_msgs_generate_messages_py
[22.842s] [ 40%] Built target bond_generate_messages_py
[23.071s] [100%] Built target lidar_euclidean_cluster_detect
[25.045s] Built target tests
[27.018s] [ 40%] Built target gpu_euclidean_clustering
[27.258s] [ 40%] Built target map_msgs_generate_messages_nodejs
[27.403s] [ 40%] Built target map_msgs_generate_messages_lisp
[27.548s] [ 40%] Built target people_msgs_generate_messages_nodejs
[27.695s] [ 40%] Built target people_msgs_generate_messages_lisp
[27.840s] [ 40%] Built target people_msgs_generate_messages_eus
[27.982s] [ 40%] Built target grid_map_msgs_generate_messages_lisp
[28.162s] [ 40%] Built target people_msgs_generate_messages_py
[28.339s] [ 40%] Built target std_msgs_generate_messages_py
[28.492s] [ 40%] Built target autoware_msgs_generate_messages_lisp
[28.638s] [ 40%] Built target topic_tools_generate_messages_cpp
[28.786s] [ 40%] Built target visualization_msgs_generate_messages_py
[28.930s] [ 40%] Built target rosgraph_msgs_generate_messages_eus
[29.104s] [ 40%] Built target rosgraph_msgs_generate_messages_cpp
[29.273s] [ 40%] Built target actionlib_generate_messages_eus
[29.422s] [ 40%] Built target roscpp_generate_messages_nodejs
[29.566s] [ 40%] Built target roscpp_generate_messages_eus
[29.709s] [ 40%] Built target rosgraph_msgs_generate_messages_nodejs
[29.852s] [ 40%] Built target actionlib_msgs_generate_messages_nodejs
[29.998s] [ 40%] Built target actionlib_msgs_generate_messages_lisp
[30.213s] [ 40%] Built target tf_generate_messages_py
[30.358s] [ 40%] Built target actionlib_msgs_generate_messages_cpp
[30.504s] [ 40%] Built target vector_map_msgs_generate_messages_nodejs
[30.650s] [ 40%] Built target roscpp_generate_messages_py
[30.796s] [ 40%] Built target sensor_msgs_generate_messages_nodejs
[30.937s] [ 40%] Built target grid_map_msgs_generate_messages_eus
[31.086s] [ 40%] Built target grid_map_msgs_generate_messages_cpp
[31.270s] [ 40%] Built target pcl_msgs_generate_messages_py
[31.423s] [ 40%] Built target pcl_msgs_generate_messages_lisp
[31.568s] [ 40%] Built target pcl_msgs_generate_messages_nodejs
[31.713s] [ 40%] Built target jsk_rviz_plugins_generate_messages_eus
[31.865s] [ 40%] Built target pcl_msgs_generate_messages_eus
[32.005s] [ 40%] Built target geometry_msgs_generate_messages_cpp
[32.193s] [ 40%] Built target geometry_msgs_generate_messages_nodejs
[32.346s] [ 40%] Built target jsk_recognition_utils_gencfg
[32.498s] [ 40%] Built target dynamic_reconfigure_generate_messages_eus
[32.645s] [ 40%] Built target jsk_rviz_plugins_generate_messages_lisp
[32.791s] [ 40%] Built target _catkin_empty_exported_target
[32.940s] [ 40%] Built target actionlib_generate_messages_lisp
[33.117s] [ 40%] Built target jsk_footstep_msgs_generate_messages_eus
[33.280s] [ 40%] Built target autoware_msgs_generate_messages_cpp
[33.423s] [ 40%] Built target jsk_recognition_msgs_generate_messages_nodejs
[33.578s] [ 40%] Built target std_msgs_generate_messages_lisp
[33.731s] [ 40%] Built target sensor_msgs_generate_messages_cpp
[33.877s] [ 40%] Built target nav_msgs_generate_messages_nodejs
[34.027s] [ 40%] Built target roscpp_generate_messages_cpp
[34.235s] [ 40%] Built target sensor_msgs_generate_messages_eus
[34.379s] [ 40%] Built target nodelet_topic_tools_gencfg
[34.522s] [ 40%] Built target rosgraph_msgs_generate_messages_lisp
[34.661s] [ 40%] Built target map_msgs_generate_messages_cpp
[34.803s] [ 40%] Built target autoware_msgs_generate_messages_py
[34.946s] [ 40%] Built target visualization_msgs_generate_messages_cpp
[35.116s] [ 40%] Built target tf_generate_messages_eus
[35.309s] [ 40%] Built target actionlib_msgs_generate_messages_eus
[35.453s] [ 40%] Built target dynamic_reconfigure_generate_messages_py
[35.598s] [ 40%] Built target std_srvs_generate_messages_cpp
[35.744s] [ 40%] Built target jsk_hark_msgs_generate_messages_cpp
[35.886s] [ 40%] Built target autoware_msgs_generate_messages_nodejs
[36.043s] [ 40%] Built target jsk_footstep_msgs_generate_messages_lisp
[36.247s] [ 40%] Built target topic_tools_generate_messages_eus
[36.391s] [ 40%] Built target sensor_msgs_generate_messages_py
[36.534s] [ 40%] Built target tf2_msgs_generate_messages_eus
[36.676s] [ 40%] Built target geometry_msgs_generate_messages_py
[36.823s] [ 40%] Built target jsk_footstep_msgs_generate_messages_py
[36.967s] [ 40%] Built target vector_map_msgs_generate_messages_eus
[37.139s] [ 40%] Built target std_msgs_generate_messages_cpp
[37.302s] [ 40%] Built target geometry_msgs_generate_messages_eus
[37.452s] [ 40%] Built target std_msgs_generate_messages_nodejs
[37.598s] [ 40%] Built target nodelet_generate_messages_lisp
[37.743s] [ 40%] Built target autoware_msgs_generate_messages_eus
[37.892s] [ 40%] Built target jsk_rviz_plugins_generate_messages_nodejs
[38.051s] [ 40%] Built target geometry_msgs_generate_messages_lisp
[38.238s] [ 40%] Built target jsk_recognition_msgs_generate_messages_cpp
[38.384s] [ 40%] Built target jsk_recognition_msgs_generate_messages_eus
[38.527s] [ 40%] Built target grid_map_msgs_generate_messages_nodejs
[38.671s] [ 40%] Built target jsk_footstep_msgs_generate_messages_cpp
[38.816s] [ 40%] Built target actionlib_msgs_generate_messages_py
[38.962s] [ 40%] Built target jsk_recognition_msgs_generate_messages_lisp
[39.122s] [ 40%] Built target grid_map_msgs_generate_messages_py
[39.272s] [ 40%] Built target nav_msgs_generate_messages_cpp
[39.417s] [ 40%] Built target visualization_msgs_generate_messages_eus
[39.558s] [ 40%] Built target nav_msgs_generate_messages_eus
[39.704s] [ 40%] Built target nav_msgs_generate_messages_py
[39.853s] [ 40%] Built target tf_generate_messages_lisp
[40.003s] [ 40%] Built target std_msgs_generate_messages_eus
[40.215s] [ 40%] Built target roscpp_generate_messages_lisp
[40.360s] [ 40%] Built target std_srvs_generate_messages_lisp
[40.501s] [ 40%] Built target std_srvs_generate_messages_nodejs
[40.645s] [ 40%] Built target topic_tools_generate_messages_lisp
[40.789s] [ 40%] Built target topic_tools_generate_messages_nodejs
[40.934s] [ 40%] Built target tf_generate_messages_cpp
[41.104s] [ 40%] Built target topic_tools_generate_messages_py
[41.295s] [ 40%] Built target tf_generate_messages_nodejs
[41.445s] [ 40%] Built target actionlib_generate_messages_cpp
[41.590s] [ 40%] Built target jsk_hark_msgs_generate_messages_eus
[41.733s] [ 40%] Built target jsk_hark_msgs_generate_messages_py
[41.882s] [ 40%] Built target std_srvs_generate_messages_py
[42.038s] [ 40%] Built target actionlib_generate_messages_nodejs
[42.221s] [ 40%] Built target actionlib_generate_messages_py
[42.365s] [ 40%] Built target nav_msgs_generate_messages_lisp
[42.511s] [ 40%] Built target tf2_msgs_generate_messages_cpp
[42.657s] [ 40%] Built target dynamic_reconfigure_generate_messages_lisp
[42.799s] [ 40%] Built target jsk_hark_msgs_generate_messages_nodejs
[42.943s] [ 40%] Built target tf2_msgs_generate_messages_lisp
[43.123s] [ 40%] Built target nodelet_generate_messages_cpp
[43.291s] [ 40%] Built target sensor_msgs_generate_messages_lisp
[43.436s] [ 40%] Built target tf2_msgs_generate_messages_nodejs
[43.581s] [ 40%] Built target tf2_msgs_generate_messages_py
[43.723s] [ 40%] Built target people_msgs_generate_messages_cpp
[43.863s] [ 40%] Built target dynamic_reconfigure_generate_messages_nodejs
[44.007s] [ 40%] Built target visualization_msgs_generate_messages_lisp
[44.199s] [ 40%] Built target rosgraph_msgs_generate_messages_py
[44.355s] [ 40%] Built target visualization_msgs_generate_messages_nodejs
[44.499s] [ 40%] Built target std_srvs_generate_messages_eus
[44.642s] [ 40%] Built target jsk_rviz_plugins_gencfg
[44.784s] [ 40%] Built target bond_generate_messages_cpp
[44.931s] [ 40%] Built target jsk_rviz_plugins_generate_messages_cpp
[45.107s] [ 40%] Built target jsk_rviz_plugins_generate_messages_py
[45.290s] [ 40%] Built target pcl_ros_gencfg
[45.434s] [ 40%] Built target nodelet_generate_messages_py
[45.578s] [ 40%] Built target jsk_hark_msgs_generate_messages_lisp
[45.723s] [ 40%] Built target dynamic_reconfigure_generate_messages_cpp
[45.866s] [ 40%] Built target jsk_recognition_msgs_generate_messages_py
[46.009s] [ 40%] Built target pcl_msgs_generate_messages_cpp
[46.214s] [ 40%] Built target dynamic_reconfigure_gencfg
[46.359s] [ 40%] Built target nodelet_generate_messages_eus
[46.503s] [ 40%] Built target nodelet_generate_messages_nodejs
[46.647s] [ 40%] Built target map_msgs_generate_messages_eus
[46.789s] [ 40%] Built target jsk_footstep_msgs_generate_messages_nodejs
[46.932s] [ 40%] Built target bond_generate_messages_eus
[47.087s] [ 40%] Built target bond_generate_messages_lisp
[47.264s] [ 40%] Built target bond_generate_messages_nodejs
[47.412s] [ 40%] Built target map_msgs_generate_messages_py
[47.551s] [ 40%] Built target vector_map_server_generate_messages_cpp
[47.698s] [ 40%] Built target vector_map_server_generate_messages_eus
[47.841s] [ 40%] Built target vector_map_server_generate_messages_lisp
[47.987s] [ 40%] Built target vector_map_server_generate_messages_nodejs
[48.208s] [ 40%] Built target vector_map_server_generate_messages_py
[48.356s] [ 40%] Built target vector_map_msgs_generate_messages_cpp
[48.502s] [ 40%] Built target vector_map_msgs_generate_messages_lisp
[48.644s] [ 40%] Built target vector_map_msgs_generate_messages_py
[48.786s] [ 40%] Built target bond_generate_messages_py
[49.006s] [100%] Built target lidar_euclidean_cluster_detect
[49.175s] [36mInstall the project...[0m
[49.233s] -- Install configuration: "Release"
[49.233s] -- Up-to-date: /home/capstone/autoware.ai/install/lidar_euclidean_cluster_detect/lib/pkgconfig/lidar_euclidean_cluster_detect.pc
[49.233s] -- Up-to-date: /home/capstone/autoware.ai/install/lidar_euclidean_cluster_detect/share/lidar_euclidean_cluster_detect/cmake/lidar_euclidean_cluster_detectConfig.cmake
[49.234s] -- Up-to-date: /home/capstone/autoware.ai/install/lidar_euclidean_cluster_detect/share/lidar_euclidean_cluster_detect/cmake/lidar_euclidean_cluster_detectConfig-version.cmake
[49.234s] -- Up-to-date: /home/capstone/autoware.ai/install/lidar_euclidean_cluster_detect/share/lidar_euclidean_cluster_detect/package.xml
[49.234s] -- Up-to-date: /home/capstone/autoware.ai/install/lidar_euclidean_cluster_detect/lib/libgpu_euclidean_clustering.so
[49.234s] -- Up-to-date: /home/capstone/autoware.ai/install/lidar_euclidean_cluster_detect/include/lidar_euclidean_cluster_detect
[49.235s] -- Up-to-date: /home/capstone/autoware.ai/install/lidar_euclidean_cluster_detect/include/lidar_euclidean_cluster_detect/gpu_euclidean_clustering.h
[49.235s] -- Up-to-date: /home/capstone/autoware.ai/install/lidar_euclidean_cluster_detect/include/lidar_euclidean_cluster_detect/cluster.h
[49.235s] -- Up-to-date: /home/capstone/autoware.ai/install/lidar_euclidean_cluster_detect/include/lidar_euclidean_cluster_detect/gencolors.cpp
[49.235s] -- Up-to-date: /home/capstone/autoware.ai/install/lidar_euclidean_cluster_detect/lib/lidar_euclidean_cluster_detect/lidar_euclidean_cluster_detect
[49.236s] -- Up-to-date: /home/capstone/autoware.ai/install/lidar_euclidean_cluster_detect/share/lidar_euclidean_cluster_detect/launch
[49.236s] -- Up-to-date: /home/capstone/autoware.ai/install/lidar_euclidean_cluster_detect/share/lidar_euclidean_cluster_detect/launch/euclidean_clustering_Exp.launch
[49.236s] -- Up-to-date: /home/capstone/autoware.ai/install/lidar_euclidean_cluster_detect/share/lidar_euclidean_cluster_detect/launch/lidar_euclidean_cluster_detect_param.launch
[49.237s] -- Up-to-date: /home/capstone/autoware.ai/install/lidar_euclidean_cluster_detect/share/lidar_euclidean_cluster_detect/launch/lidar_euclidean_cluster_detect.launch
[49.237s] -- Up-to-date: /home/capstone/autoware.ai/install/lidar_euclidean_cluster_detect/share/lidar_euclidean_cluster_detect/config
[49.237s] -- Up-to-date: /home/capstone/autoware.ai/install/lidar_euclidean_cluster_detect/share/lidar_euclidean_cluster_detect/config/params.yaml
