[0.437s] -- The C compiler identification is GNU 7.5.0
[0.723s] -- The CXX compiler identification is GNU 7.5.0
[0.740s] -- Check for working C compiler: /usr/bin/cc
[1.165s] -- Check for working C compiler: /usr/bin/cc -- works
[1.166s] -- Detecting C compiler ABI info
[1.628s] -- Detecting C compiler ABI info - done
[1.653s] -- Detecting C compile features
[3.087s] -- Detecting C compile features - done
[3.094s] -- Check for working CXX compiler: /usr/bin/c++
[3.516s] -- Check for working CXX compiler: /usr/bin/c++ -- works
[3.517s] -- Detecting CXX compiler ABI info
[3.971s] -- Detecting CXX compiler ABI info - done
[4.010s] -- Detecting CXX compile features
[5.961s] -- Detecting CXX compile features - done
[5.983s] -- Using CATKIN_DEVEL_PREFIX: /home/capstone/autoware.ai/build/nmea_navsat/devel
[5.984s] -- Using CMAKE_PREFIX_PATH: /home/capstone/autoware.ai/install/wf_simulator;/home/capstone/autoware.ai/install/vision_ssd_detect;/home/capstone/autoware.ai/install/vision_segment_enet_detect;/home/capstone/autoware.ai/install/vision_lane_detect;/home/capstone/autoware.ai/install/vision_darknet_detect;/home/capstone/autoware.ai/install/vision_beyond_track;/home/capstone/autoware.ai/install/vel_pose_diff_checker;/home/capstone/autoware.ai/install/vehicle_socket;/home/capstone/autoware.ai/install/vehicle_sim_model;/home/capstone/autoware.ai/install/vehicle_model;/home/capstone/autoware.ai/install/vehicle_gazebo_simulation_launcher;/home/capstone/autoware.ai/install/vehicle_gazebo_simulation_interface;/home/capstone/autoware.ai/install/vehicle_engage_panel;/home/capstone/autoware.ai/install/vehicle_description;/home/capstone/autoware.ai/install/op_ros_helpers;/home/capstone/autoware.ai/install/op_simu;/home/capstone/autoware.ai/install/op_planner;/home/capstone/autoware.ai/install/op_utility;/home/capstone/autoware.ai/install/vector_map_server;/home/capstone/autoware.ai/install/object_map;/home/capstone/autoware.ai/install/lanelet_aisan_converter;/home/capstone/autoware.ai/install/map_file;/home/capstone/autoware.ai/install/libvectormap;/home/capstone/autoware.ai/install/vector_map;/home/capstone/autoware.ai/install/vector_map_msgs;/home/capstone/autoware.ai/install/twist_generator;/home/capstone/autoware.ai/install/twist2odom;/home/capstone/autoware.ai/install/runtime_manager;/home/capstone/autoware.ai/install/tablet_socket_msgs;/home/capstone/autoware.ai/install/sound_player;/home/capstone/autoware.ai/install/points2image;/home/capstone/autoware.ai/install/rosinterface;/home/capstone/autoware.ai/install/rosbag_controller;/home/capstone/autoware.ai/install/points_preprocessor;/home/capstone/autoware.ai/install/lidar_localizer;/home/capstone/autoware.ai/install/emergency_handler;/home/capstone/autoware.ai/install/autoware_health_checker;/home/capstone/autoware.ai/install/ros_observer;/home/capstone/autoware.ai/install/range_vision_fusion;/home/capstone/autoware.ai/install/pos_db;/home/capstone/autoware.ai/install/points_downsampler;/home/capstone/autoware.ai/install/pixel_cloud_fusion;/home/capstone/autoware.ai/install/pcl_omp_registration;/home/capstone/autoware.ai/install/pc2_downsampler;/home/capstone/autoware.ai/install/obj_db;/home/capstone/autoware.ai/install/nmea_navsat;/home/capstone/autoware.ai/install/ndt_tku;/home/capstone/autoware.ai/install/ndt_gpu;/home/capstone/autoware.ai/install/ndt_cpu;/home/capstone/autoware.ai/install/multi_lidar_calibrator;/home/capstone/autoware.ai/install/mrt_cmake_modules;/home/capstone/autoware.ai/install/marker_downsampler;/home/capstone/autoware.ai/install/map_tools;/home/capstone/autoware.ai/install/map_tf_generator;/home/capstone/autoware.ai/install/log_tools;/home/capstone/autoware.ai/install/libwaypoint_follower;/home/capstone/autoware.ai/install/lgsvl_simulator_bridge;/home/capstone/autoware.ai/install/lanelet2_extension;/home/capstone/autoware.ai/install/lanelet2_validation;/home/capstone/autoware.ai/install/lanelet2_examples;/home/capstone/autoware.ai/install/lanelet2_python;/home/capstone/autoware.ai/install/lanelet2_routing;/home/capstone/autoware.ai/install/lanelet2_traffic_rules;/home/capstone/autoware.ai/install/lanelet2_projection;/home/capstone/autoware.ai/install/lanelet2_maps;/home/capstone/autoware.ai/install/lanelet2_io;/home/capstone/autoware.ai/install/lanelet2_core;/home/capstone/autoware.ai/install/integrated_viewer;/home/capstone/autoware.ai/install/image_processor;/home/capstone/autoware.ai/install/graph_tools;/home/capstone/autoware.ai/install/gnss_localizer;/home/capstone/autoware.ai/install/gnss;/home/capstone/autoware.ai/install/glviewer;/home/capstone/autoware.ai/install/gazebo_world_description;/home/capstone/autoware.ai/install/gazebo_imu_description;/home/capstone/autoware.ai/install/gazebo_camera_description;/home/capstone/autoware.ai/install/fastvirtualscan;/home/capstone/autoware.ai/install/ekf_localizer;/home/capstone/autoware.ai/install/detected_objects_visualizer;/home/capstone/autoware.ai/install/decision_maker_panel;/home/capstone/autoware.ai/install/data_preprocessor;/home/capstone/autoware.ai/install/carla_autoware_bridge;/home/capstone/autoware.ai/install/calibration_publisher;/home/capstone/autoware.ai/install/autoware_system_msgs;/home/capstone/autoware.ai/install/autoware_rviz_plugins;/home/capstone/autoware.ai/install/autoware_quickstart_examples;/home/capstone/autoware.ai/install/autoware_pointgrey_drivers;/home/capstone/autoware.ai/install/autoware_driveworks_interface;/home/capstone/autoware.ai/install/autoware_connector;/home/capstone/autoware.ai/install/autoware_camera_lidar_calibrator;/home/capstone/autoware.ai/install/amathutils_lib;/home/capstone/autoware.ai/install/autoware_msgs;/home/capstone/autoware.ai/install/autoware_map_msgs;/home/capstone/autoware.ai/install/autoware_launcher_rviz;/home/capstone/autoware.ai/install/autoware_launcher;/home/capstone/autoware.ai/install/autoware_lanelet2_msgs;/home/capstone/autoware.ai/install/autoware_external_msgs;/home/capstone/autoware.ai/install/autoware_driveworks_gmsl_interface;/home/capstone/autoware.ai/install/autoware_config_msgs;/home/capstone/autoware.ai/install/autoware_can_msgs;/home/capstone/autoware.ai/install/autoware_build_flags;/home/capstone/autoware.ai/install/autoware_bag_tools;/opt/carla-ros-bridge/melodic;/opt/ros/melodic
[5.988s] -- This workspace overlays: /home/capstone/autoware.ai/install/vehicle_sim_model;/home/capstone/autoware.ai/install/vector_map_msgs;/home/capstone/autoware.ai/install/tablet_socket_msgs;/home/capstone/autoware.ai/install/rosinterface;/home/capstone/autoware.ai/install/ros_observer;/home/capstone/autoware.ai/install/pcl_omp_registration;/home/capstone/autoware.ai/install/ndt_tku;/home/capstone/autoware.ai/install/ndt_cpu;/home/capstone/autoware.ai/install/mrt_cmake_modules;/home/capstone/autoware.ai/install/graph_tools;/home/capstone/autoware.ai/install/gnss;/home/capstone/autoware.ai/install/gazebo_world_description;/home/capstone/autoware.ai/install/gazebo_imu_description;/home/capstone/autoware.ai/install/gazebo_camera_description;/home/capstone/autoware.ai/install/fastvirtualscan;/home/capstone/autoware.ai/install/autoware_system_msgs;/home/capstone/autoware.ai/install/autoware_quickstart_examples;/home/capstone/autoware.ai/install/autoware_msgs;/home/capstone/autoware.ai/install/autoware_launcher;/home/capstone/autoware.ai/install/autoware_lanelet2_msgs;/home/capstone/autoware.ai/install/autoware_external_msgs;/home/capstone/autoware.ai/install/autoware_config_msgs;/home/capstone/autoware.ai/install/autoware_can_msgs;/home/capstone/autoware.ai/install/autoware_build_flags;/home/capstone/autoware.ai/install/autoware_bag_tools;/opt/carla-ros-bridge/melodic;/opt/ros/melodic
[6.091s] -- Found PythonInterp: /usr/bin/python2 (found suitable version "2.7.17", minimum required is "2") 
[6.091s] -- Using PYTHON_EXECUTABLE: /usr/bin/python2
[6.092s] -- Using Debian Python package layout
[6.095s] -- Using empy: /usr/bin/empy
[6.462s] -- Using CATKIN_ENABLE_TESTING: ON
[6.463s] -- Call enable_testing()
[6.479s] -- Using CATKIN_TEST_RESULTS_DIR: /home/capstone/autoware.ai/build/nmea_navsat/test_results
[6.568s] -- Found gtest sources under '/usr/src/googletest': gtests will be built
[6.569s] -- Found gmock sources under '/usr/src/googletest': gmock will be built
[6.650s] -- Found PythonInterp: /usr/bin/python2 (found version "2.7.17") 
[6.654s] -- Looking for pthread.h
[7.140s] -- Looking for pthread.h - found
[7.142s] -- Looking for pthread_create
[7.623s] -- Looking for pthread_create - not found
[7.628s] -- Looking for pthread_create in pthreads
[8.059s] -- Looking for pthread_create in pthreads - not found
[8.060s] -- Looking for pthread_create in pthread
[8.445s] -- Looking for pthread_create in pthread - found
[8.448s] -- Found Threads: TRUE  
[8.460s] -- Using Python nosetests: /usr/bin/nosetests-2.7
[8.648s] -- catkin 0.7.23
[8.648s] -- BUILD_SHARED_LIBS is on
[10.091s] -- Configuring done
[10.152s] -- Generating done
[10.160s] -- Build files have been written to: /home/capstone/autoware.ai/build/nmea_navsat
[11.321s] [35m[1mScanning dependencies of target tests[0m
[11.413s] Built target tests
[12.343s] [36mInstall the project...[0m
[12.390s] -- Install configuration: "Release"
[12.390s] -- Installing: /home/capstone/autoware.ai/install/nmea_navsat/lib/pkgconfig/nmea_navsat.pc
[12.391s] -- Installing: /home/capstone/autoware.ai/install/nmea_navsat/share/nmea_navsat/cmake/nmea_navsatConfig.cmake
[12.392s] -- Installing: /home/capstone/autoware.ai/install/nmea_navsat/share/nmea_navsat/cmake/nmea_navsatConfig-version.cmake
[12.392s] -- Installing: /home/capstone/autoware.ai/install/nmea_navsat/share/nmea_navsat/package.xml
[12.393s] -- Installing: /home/capstone/autoware.ai/install/nmea_navsat/share/nmea_navsat/launch
[12.394s] -- Installing: /home/capstone/autoware.ai/install/nmea_navsat/share/nmea_navsat/launch/nmea_navsat.launch
[12.394s] -- Installing: /home/capstone/autoware.ai/install/nmea_navsat/share/nmea_navsat/launch/README.md
