[1.944s] [  0%] Built target rosgraph_msgs_generate_messages_eus
[2.094s] [  0%] Built target tf2_msgs_generate_messages_py
[2.236s] [  0%] Built target tf2_msgs_generate_messages_nodejs
[2.391s] [  0%] Built target tf2_msgs_generate_messages_lisp
[2.546s] [  0%] Built target tf2_msgs_generate_messages_cpp
[2.725s] [  0%] Built target actionlib_generate_messages_py
[2.889s] [  0%] Built target actionlib_generate_messages_nodejs
[3.032s] [  0%] Built target actionlib_generate_messages_cpp
[3.176s] [  0%] Built target rosgraph_msgs_generate_messages_py
[3.328s] [  0%] Built target rosgraph_msgs_generate_messages_nodejs
[3.480s] [  0%] Built target jsk_recognition_msgs_generate_messages_lisp
[3.638s] [  0%] Built target tf_generate_messages_cpp
[3.836s] [  0%] Built target jsk_recognition_msgs_generate_messages_eus
[3.989s] [  0%] Built target std_msgs_generate_messages_py
[4.139s] [  0%] Built target jsk_recognition_msgs_generate_messages_cpp
[4.292s] [  0%] Built target geometry_msgs_generate_messages_lisp
[4.435s] [  0%] Built target autoware_msgs_generate_messages_eus
[4.581s] [  0%] Built target std_msgs_generate_messages_nodejs
[4.796s] [  0%] Built target geometry_msgs_generate_messages_eus
[4.939s] [  0%] Built target std_msgs_generate_messages_cpp
[5.089s] [  0%] Built target jsk_footstep_msgs_generate_messages_py
[5.238s] [  0%] Built target geometry_msgs_generate_messages_py
[5.382s] [  0%] Built target vector_map_server_generate_messages_nodejs
[5.527s] [  0%] Built target tf2_msgs_generate_messages_eus
[5.702s] [  0%] Built target sensor_msgs_generate_messages_py
[5.873s] [  0%] Built target jsk_footstep_msgs_generate_messages_lisp
[6.021s] [  0%] Built target autoware_msgs_generate_messages_nodejs
[6.162s] [  0%] Built target actionlib_msgs_generate_messages_eus
[6.302s] [  0%] Built target tf_generate_messages_eus
[6.445s] [  0%] Built target autoware_msgs_generate_messages_py
[6.592s] [  0%] Built target rosgraph_msgs_generate_messages_lisp
[6.781s] [  0%] Built target vector_map_server_generate_messages_lisp
[6.925s] [  0%] Built target visualization_msgs_generate_messages_cpp
[7.072s] [  0%] Built target sensor_msgs_generate_messages_lisp
[7.216s] [  0%] Built target sensor_msgs_generate_messages_eus
[7.360s] [  0%] Built target roscpp_generate_messages_cpp
[7.511s] [  0%] Built target visualization_msgs_generate_messages_py
[7.659s] [  0%] Built target autoware_msgs_generate_messages_lisp
[7.841s] [  0%] Built target sensor_msgs_generate_messages_cpp
[7.987s] [  0%] Built target pcl_msgs_generate_messages_cpp
[8.132s] [  0%] Built target jsk_recognition_msgs_generate_messages_py
[8.275s] [  0%] Built target std_msgs_generate_messages_lisp
[8.423s] [  0%] Built target autoware_msgs_generate_messages_cpp
[8.569s] [  0%] Built target jsk_footstep_msgs_generate_messages_eus
[8.755s] [  0%] Built target actionlib_generate_messages_lisp
[8.910s] [  0%] Built target _catkin_empty_exported_target
[9.057s] [  0%] Built target roscpp_generate_messages_lisp
[9.199s] [  0%] Built target geometry_msgs_generate_messages_nodejs
[9.344s] [  0%] Built target geometry_msgs_generate_messages_cpp
[9.504s] [  0%] Built target pcl_msgs_generate_messages_eus
[9.648s] [  0%] Built target vector_map_msgs_generate_messages_lisp
[9.830s] [  0%] Built target pcl_msgs_generate_messages_nodejs
[9.977s] [  0%] Built target pcl_msgs_generate_messages_lisp
[10.119s] [  0%] Built target pcl_msgs_generate_messages_py
[10.271s] [  0%] Built target sensor_msgs_generate_messages_nodejs
[10.416s] [  0%] Built target jsk_footstep_msgs_generate_messages_nodejs
[10.563s] [  0%] Built target actionlib_msgs_generate_messages_cpp
[10.729s] [  0%] Built target actionlib_msgs_generate_messages_py
[10.898s] [  0%] Built target tf_generate_messages_lisp
[11.045s] [  0%] Built target tf_generate_messages_nodejs
[11.189s] [  0%] Built target std_msgs_generate_messages_eus
[11.332s] [  0%] Built target actionlib_msgs_generate_messages_lisp
[11.479s] [  0%] Built target actionlib_msgs_generate_messages_nodejs
[11.621s] [  0%] Built target tf_generate_messages_py
[11.790s] [  0%] Built target jsk_recognition_msgs_generate_messages_nodejs
[11.933s] [  0%] Built target roscpp_generate_messages_py
[12.077s] [  0%] Built target roscpp_generate_messages_eus
[12.220s] [  0%] Built target jsk_footstep_msgs_generate_messages_cpp
[12.365s] [  0%] Built target roscpp_generate_messages_nodejs
[12.514s] [  0%] Built target actionlib_generate_messages_eus
[12.694s] [  0%] Built target rosgraph_msgs_generate_messages_cpp
[12.876s] [  0%] Built target visualization_msgs_generate_messages_eus
[13.020s] [  0%] Built target visualization_msgs_generate_messages_lisp
[13.165s] [  0%] Built target visualization_msgs_generate_messages_nodejs
[13.309s] [  0%] Built target vector_map_msgs_generate_messages_cpp
[13.452s] [  0%] Built target vector_map_msgs_generate_messages_eus
[13.596s] [  0%] Built target vector_map_msgs_generate_messages_nodejs
[13.791s] [  0%] Built target vector_map_msgs_generate_messages_py
[13.934s] [  0%] Built target vector_map_server_generate_messages_cpp
[14.086s] [  0%] Built target vector_map_server_generate_messages_eus
[14.228s] [  0%] Built target vector_map_server_generate_messages_py
[14.394s] [100%] Built target ff_waypoint_follower
[15.965s] Built target tests
[17.317s] [  0%] Built target rosgraph_msgs_generate_messages_eus
[17.463s] [  0%] Built target tf2_msgs_generate_messages_py
[17.612s] [  0%] Built target tf2_msgs_generate_messages_nodejs
[17.812s] [  0%] Built target tf2_msgs_generate_messages_lisp
[17.959s] [  0%] Built target tf2_msgs_generate_messages_cpp
[18.106s] [  0%] Built target actionlib_generate_messages_py
[18.255s] [  0%] Built target actionlib_generate_messages_nodejs
[18.398s] [  0%] Built target actionlib_generate_messages_cpp
[18.542s] [  0%] Built target rosgraph_msgs_generate_messages_py
[18.711s] [  0%] Built target rosgraph_msgs_generate_messages_nodejs
[18.877s] [  0%] Built target jsk_recognition_msgs_generate_messages_lisp
[19.029s] [  0%] Built target tf_generate_messages_cpp
[19.172s] [  0%] Built target jsk_recognition_msgs_generate_messages_eus
[19.313s] [  0%] Built target std_msgs_generate_messages_py
[19.459s] [  0%] Built target jsk_recognition_msgs_generate_messages_cpp
[19.604s] [  0%] Built target geometry_msgs_generate_messages_lisp
[19.798s] [  0%] Built target autoware_msgs_generate_messages_eus
[19.940s] [  0%] Built target std_msgs_generate_messages_nodejs
[20.089s] [  0%] Built target geometry_msgs_generate_messages_eus
[20.235s] [  0%] Built target std_msgs_generate_messages_cpp
[20.376s] [  0%] Built target jsk_footstep_msgs_generate_messages_py
[20.519s] [  0%] Built target geometry_msgs_generate_messages_py
[20.686s] [  0%] Built target vector_map_server_generate_messages_nodejs
[20.853s] [  0%] Built target tf2_msgs_generate_messages_eus
[20.998s] [  0%] Built target sensor_msgs_generate_messages_py
[21.147s] [  0%] Built target jsk_footstep_msgs_generate_messages_lisp
[21.292s] [  0%] Built target autoware_msgs_generate_messages_nodejs
[21.435s] [  0%] Built target actionlib_msgs_generate_messages_eus
[21.580s] [  0%] Built target tf_generate_messages_eus
[21.753s] [  0%] Built target autoware_msgs_generate_messages_py
[21.904s] [  0%] Built target rosgraph_msgs_generate_messages_lisp
[22.048s] [  0%] Built target vector_map_server_generate_messages_lisp
[22.196s] [  0%] Built target visualization_msgs_generate_messages_cpp
[22.342s] [  0%] Built target sensor_msgs_generate_messages_lisp
[22.485s] [  0%] Built target sensor_msgs_generate_messages_eus
[22.643s] [  0%] Built target roscpp_generate_messages_cpp
[22.846s] [  0%] Built target visualization_msgs_generate_messages_py
[22.990s] [  0%] Built target autoware_msgs_generate_messages_lisp
[23.138s] [  0%] Built target sensor_msgs_generate_messages_cpp
[23.283s] [  0%] Built target pcl_msgs_generate_messages_cpp
[23.425s] [  0%] Built target jsk_recognition_msgs_generate_messages_py
[23.571s] [  0%] Built target std_msgs_generate_messages_lisp
[23.736s] [  0%] Built target autoware_msgs_generate_messages_cpp
[23.890s] [  0%] Built target jsk_footstep_msgs_generate_messages_eus
[24.039s] [  0%] Built target actionlib_generate_messages_lisp
[24.185s] [  0%] Built target _catkin_empty_exported_target
[24.326s] [  0%] Built target roscpp_generate_messages_lisp
[24.473s] [  0%] Built target geometry_msgs_generate_messages_nodejs
[24.619s] [  0%] Built target geometry_msgs_generate_messages_cpp
[24.810s] [  0%] Built target pcl_msgs_generate_messages_eus
[24.957s] [  0%] Built target vector_map_msgs_generate_messages_lisp
[25.104s] [  0%] Built target pcl_msgs_generate_messages_nodejs
[25.255s] [  0%] Built target pcl_msgs_generate_messages_lisp
[25.400s] [  0%] Built target pcl_msgs_generate_messages_py
[25.546s] [  0%] Built target sensor_msgs_generate_messages_nodejs
[25.734s] [  0%] Built target jsk_footstep_msgs_generate_messages_nodejs
[25.898s] [  0%] Built target actionlib_msgs_generate_messages_cpp
[26.043s] [  0%] Built target actionlib_msgs_generate_messages_py
[26.186s] [  0%] Built target tf_generate_messages_lisp
[26.336s] [  0%] Built target tf_generate_messages_nodejs
[26.480s] [  0%] Built target std_msgs_generate_messages_eus
[26.636s] [  0%] Built target actionlib_msgs_generate_messages_lisp
[26.863s] [  0%] Built target actionlib_msgs_generate_messages_nodejs
[27.009s] [  0%] Built target tf_generate_messages_py
[27.153s] [  0%] Built target jsk_recognition_msgs_generate_messages_nodejs
[27.297s] [  0%] Built target roscpp_generate_messages_py
[27.440s] [  0%] Built target roscpp_generate_messages_eus
[27.591s] [  0%] Built target jsk_footstep_msgs_generate_messages_cpp
[27.807s] [  0%] Built target roscpp_generate_messages_nodejs
[27.954s] [  0%] Built target actionlib_generate_messages_eus
[28.102s] [  0%] Built target rosgraph_msgs_generate_messages_cpp
[28.250s] [  0%] Built target visualization_msgs_generate_messages_eus
[28.396s] [  0%] Built target visualization_msgs_generate_messages_lisp
[28.544s] [  0%] Built target visualization_msgs_generate_messages_nodejs
[28.728s] [  0%] Built target vector_map_msgs_generate_messages_cpp
[28.893s] [  0%] Built target vector_map_msgs_generate_messages_eus
[29.035s] [  0%] Built target vector_map_msgs_generate_messages_nodejs
[29.177s] [  0%] Built target vector_map_msgs_generate_messages_py
[29.325s] [  0%] Built target vector_map_server_generate_messages_cpp
[29.470s] [  0%] Built target vector_map_server_generate_messages_eus
[29.625s] [  0%] Built target vector_map_server_generate_messages_py
[29.825s] [100%] Built target ff_waypoint_follower
[29.960s] [36mInstall the project...[0m
[30.017s] -- Install configuration: "Release"
[30.017s] -- Up-to-date: /home/capstone/autoware.ai/install/ff_waypoint_follower/lib/pkgconfig/ff_waypoint_follower.pc
[30.017s] -- Up-to-date: /home/capstone/autoware.ai/install/ff_waypoint_follower/share/ff_waypoint_follower/cmake/ff_waypoint_followerConfig.cmake
[30.018s] -- Up-to-date: /home/capstone/autoware.ai/install/ff_waypoint_follower/share/ff_waypoint_follower/cmake/ff_waypoint_followerConfig-version.cmake
[30.018s] -- Up-to-date: /home/capstone/autoware.ai/install/ff_waypoint_follower/share/ff_waypoint_follower/package.xml
[30.018s] -- Up-to-date: /home/capstone/autoware.ai/install/ff_waypoint_follower/lib/ff_waypoint_follower/ff_waypoint_follower
[30.019s] -- Up-to-date: /home/capstone/autoware.ai/install/ff_waypoint_follower/share/ff_waypoint_follower/launch
[30.019s] -- Up-to-date: /home/capstone/autoware.ai/install/ff_waypoint_follower/share/ff_waypoint_follower/launch/ffwaypointfollower_robot.launch
[30.019s] -- Up-to-date: /home/capstone/autoware.ai/install/ff_waypoint_follower/share/ff_waypoint_follower/launch/ffwaypointfollower_car.launch
[30.019s] -- Up-to-date: /home/capstone/autoware.ai/install/ff_waypoint_follower/share/ff_waypoint_follower/params
[30.020s] -- Up-to-date: /home/capstone/autoware.ai/install/ff_waypoint_follower/share/ff_waypoint_follower/params/config.yaml
