Determining if the pthread_create exist failed with the following output:
Change Dir: /home/capstone/autoware.ai/build/vehicle_engage_panel/CMakeFiles/CMakeTmp

Run Build Command:"/usr/bin/make" "cmTC_354b5/fast"
/usr/bin/make -f CMakeFiles/cmTC_354b5.dir/build.make CMakeFiles/cmTC_354b5.dir/build
make[1]: Entering directory '/home/capstone/autoware.ai/build/vehicle_engage_panel/CMakeFiles/CMakeTmp'
Building C object CMakeFiles/cmTC_354b5.dir/CheckSymbolExists.c.o
/usr/bin/cc    -o CMakeFiles/cmTC_354b5.dir/CheckSymbolExists.c.o   -c /home/capstone/autoware.ai/build/vehicle_engage_panel/CMakeFiles/CMakeTmp/CheckSymbolExists.c
Linking C executable cmTC_354b5
/usr/bin/cmake -E cmake_link_script CMakeFiles/cmTC_354b5.dir/link.txt --verbose=1
/usr/bin/cc      -rdynamic CMakeFiles/cmTC_354b5.dir/CheckSymbolExists.c.o  -o cmTC_354b5 
CMakeFiles/cmTC_354b5.dir/CheckSymbolExists.c.o: In function `main':
CheckSymbolExists.c:(.text+0x1b): undefined reference to `pthread_create'
collect2: error: ld returned 1 exit status
CMakeFiles/cmTC_354b5.dir/build.make:97: recipe for target 'cmTC_354b5' failed
make[1]: *** [cmTC_354b5] Error 1
make[1]: Leaving directory '/home/capstone/autoware.ai/build/vehicle_engage_panel/CMakeFiles/CMakeTmp'
Makefile:126: recipe for target 'cmTC_354b5/fast' failed
make: *** [cmTC_354b5/fast] Error 2

File /home/capstone/autoware.ai/build/vehicle_engage_panel/CMakeFiles/CMakeTmp/CheckSymbolExists.c:
/* */
#include <pthread.h>

int main(int argc, char** argv)
{
  (void)argv;
#ifndef pthread_create
  return ((int*)(&pthread_create))[argc];
#else
  (void)argc;
  return 0;
#endif
}

Determining if the function pthread_create exists in the pthreads failed with the following output:
Change Dir: /home/capstone/autoware.ai/build/vehicle_engage_panel/CMakeFiles/CMakeTmp

Run Build Command:"/usr/bin/make" "cmTC_cc0b7/fast"
/usr/bin/make -f CMakeFiles/cmTC_cc0b7.dir/build.make CMakeFiles/cmTC_cc0b7.dir/build
make[1]: Entering directory '/home/capstone/autoware.ai/build/vehicle_engage_panel/CMakeFiles/CMakeTmp'
Building C object CMakeFiles/cmTC_cc0b7.dir/CheckFunctionExists.c.o
/usr/bin/cc   -DCHECK_FUNCTION_EXISTS=pthread_create   -o CMakeFiles/cmTC_cc0b7.dir/CheckFunctionExists.c.o   -c /usr/share/cmake-3.10/Modules/CheckFunctionExists.c
Linking C executable cmTC_cc0b7
/usr/bin/cmake -E cmake_link_script CMakeFiles/cmTC_cc0b7.dir/link.txt --verbose=1
/usr/bin/cc  -DCHECK_FUNCTION_EXISTS=pthread_create    -rdynamic CMakeFiles/cmTC_cc0b7.dir/CheckFunctionExists.c.o  -o cmTC_cc0b7 -lpthreads 
/usr/bin/ld: cannot find -lpthreads
collect2: error: ld returned 1 exit status
CMakeFiles/cmTC_cc0b7.dir/build.make:97: recipe for target 'cmTC_cc0b7' failed
make[1]: *** [cmTC_cc0b7] Error 1
make[1]: Leaving directory '/home/capstone/autoware.ai/build/vehicle_engage_panel/CMakeFiles/CMakeTmp'
Makefile:126: recipe for target 'cmTC_cc0b7/fast' failed
make: *** [cmTC_cc0b7/fast] Error 2


