[0.759s] [  0%] Built target std_srvs_generate_messages_eus
[0.911s] [  0%] Built target actionlib_generate_messages_py
[1.060s] [  0%] Built target actionlib_generate_messages_nodejs
[1.211s] [  0%] Built target actionlib_generate_messages_cpp
[1.412s] [  0%] Built target tf_generate_messages_nodejs
[1.567s] [  0%] Built target tf_generate_messages_lisp
[1.711s] [  0%] Built target tf_generate_messages_cpp
[1.859s] [  0%] Built target topic_tools_generate_messages_nodejs
[2.006s] [  0%] Built target topic_tools_generate_messages_lisp
[2.151s] [  0%] Built target topic_tools_generate_messages_eus
[2.318s] [  0%] Built target pcl_msgs_generate_messages_py
[2.482s] [  0%] Built target sick_ldmrs_msgs_generate_messages_nodejs
[2.627s] [  0%] Built target sensor_msgs_generate_messages_cpp
[2.815s] [  0%] Built target pcl_msgs_generate_messages_cpp
[2.992s] [  0%] Built target std_msgs_generate_messages_py
[3.162s] [  0%] Built target geometry_msgs_generate_messages_eus
[3.332s] [  0%] Built target std_msgs_generate_messages_cpp
[3.507s] [  0%] Built target rosgraph_msgs_generate_messages_nodejs
[3.661s] [  0%] Built target std_msgs_generate_messages_nodejs
[3.812s] [  0%] Built target nodelet_generate_messages_lisp
[3.955s] [  0%] Built target actionlib_generate_messages_lisp
[4.107s] [  0%] Built target roscpp_generate_messages_lisp
[4.262s] [  0%] Built target std_msgs_generate_messages_lisp
[4.513s] [  0%] Built target actionlib_msgs_generate_messages_eus
[4.669s] [  0%] Built target dynamic_reconfigure_generate_messages_py
[4.819s] [  0%] Built target std_srvs_generate_messages_cpp
[4.963s] [  0%] Built target tf_generate_messages_eus
[5.116s] [  0%] Built target rosgraph_msgs_generate_messages_lisp
[5.269s] [  0%] Built target rosgraph_msgs_generate_messages_py
[5.485s] [  0%] Built target topic_tools_generate_messages_py
[5.633s] [  0%] Built target roscpp_generate_messages_cpp
[5.782s] [  0%] Built target pcl_msgs_generate_messages_lisp
[5.931s] [  0%] Built target pcl_msgs_generate_messages_nodejs
[6.078s] [  0%] Built target roscpp_generate_messages_py
[6.231s] [  0%] Built target sensor_msgs_generate_messages_nodejs
[6.450s] [  0%] Built target tf2_msgs_generate_messages_py
[6.603s] [  0%] Built target dynamic_reconfigure_generate_messages_nodejs
[6.763s] [  0%] Built target bond_generate_messages_cpp
[6.914s] [  0%] Built target bond_generate_messages_eus
[7.072s] [  0%] Built target visualization_msgs_generate_messages_cpp
[7.228s] [  0%] Built target nodelet_topic_tools_gencfg
[7.457s] [  0%] Built target sensor_msgs_generate_messages_eus
[7.638s] [  0%] Built target sensor_msgs_generate_messages_lisp
[7.793s] [  0%] Built target bond_generate_messages_lisp
[7.938s] [  0%] Built target pcl_msgs_generate_messages_eus
[8.107s] [  0%] Built target visualization_msgs_generate_messages_py
[8.287s] [  0%] Built target topic_tools_generate_messages_cpp
[8.492s] [  0%] Built target sick_ldmrs_msgs_generate_messages_eus
[8.636s] [  0%] Built target roscpp_generate_messages_eus
[8.782s] [  0%] Built target actionlib_msgs_generate_messages_nodejs
[8.925s] [  0%] Built target actionlib_msgs_generate_messages_lisp
[9.083s] [  0%] Built target tf_generate_messages_py
[9.253s] [  0%] Built target std_msgs_generate_messages_eus
[9.488s] [  0%] Built target roscpp_generate_messages_nodejs
[9.671s] [  0%] Built target actionlib_generate_messages_eus
[9.825s] [  0%] Built target rosgraph_msgs_generate_messages_cpp
[9.971s] [  0%] Built target std_srvs_generate_messages_py
[10.115s] [  0%] Built target rosgraph_msgs_generate_messages_eus
[10.264s] [  0%] Built target pcl_ros_gencfg
[10.501s] [  0%] Built target tf2_msgs_generate_messages_eus
[10.645s] [  0%] Built target sensor_msgs_generate_messages_py
[10.793s] [  0%] Built target geometry_msgs_generate_messages_py
[10.940s] [  0%] Built target geometry_msgs_generate_messages_cpp
[11.092s] [  0%] Built target geometry_msgs_generate_messages_lisp
[11.280s] [  0%] Built target dynamic_reconfigure_generate_messages_cpp
[11.495s] [  0%] Built target geometry_msgs_generate_messages_nodejs
[11.647s] [  0%] Built target dynamic_reconfigure_generate_messages_eus
[11.799s] [  0%] Built target dynamic_reconfigure_gencfg
[11.943s] [  0%] Built target nodelet_generate_messages_cpp
[12.089s] [  0%] Built target tf2_msgs_generate_messages_cpp
[12.245s] [  0%] Built target dynamic_reconfigure_generate_messages_lisp
[12.448s] [  0%] Built target std_srvs_generate_messages_lisp
[12.596s] [  0%] Built target nodelet_generate_messages_eus
[12.743s] [  0%] Built target nodelet_generate_messages_nodejs
[12.890s] [  0%] Built target bond_generate_messages_nodejs
[13.039s] [  0%] Built target std_srvs_generate_messages_nodejs
[13.196s] [  0%] Built target nodelet_generate_messages_py
[13.411s] [  0%] Built target bond_generate_messages_py
[13.621s] [  0%] Built target actionlib_msgs_generate_messages_cpp
[13.794s] [  0%] Built target actionlib_msgs_generate_messages_py
[13.950s] [  0%] Built target sick_ldmrs_msgs_generate_messages_cpp
[14.096s] [  0%] Built target tf2_msgs_generate_messages_lisp
[14.243s] [  0%] Built target tf2_msgs_generate_messages_nodejs
[14.481s] [  0%] Built target sick_ldmrs_msgs_generate_messages_lisp
[14.666s] [  0%] Built target sick_ldmrs_msgs_generate_messages_py
[14.815s] [  0%] Built target visualization_msgs_generate_messages_eus
[14.961s] [  0%] Built target visualization_msgs_generate_messages_lisp
[15.110s] [  0%] Built target visualization_msgs_generate_messages_nodejs
[15.330s] [ 12%] Built target sick_ldmrs_remove_background
[15.539s] [ 25%] Built target sick_ldmrs_make_organized
[15.816s] [ 37%] Built target sick_ldmrs_filter_first
[15.985s] [ 50%] Built target sick_ldmrs_object_marker
[16.171s] [ 62%] Built target sick_ldmrs_print_resolution
[16.382s] [ 75%] Built target sick_ldmrs_filter_layer
[16.585s] [ 87%] Built target sick_ldmrs_filter_last
[16.776s] [100%] Built target sick_ldmrs_all_layer_assembler
[18.642s] Built target tests
[20.363s] [  0%] Built target std_srvs_generate_messages_eus
[20.508s] [  0%] Built target actionlib_generate_messages_py
[20.650s] [  0%] Built target actionlib_generate_messages_nodejs
[20.798s] [  0%] Built target actionlib_generate_messages_cpp
[20.946s] [  0%] Built target tf_generate_messages_nodejs
[21.086s] [  0%] Built target tf_generate_messages_lisp
[21.229s] [  0%] Built target tf_generate_messages_cpp
[21.409s] [  0%] Built target topic_tools_generate_messages_nodejs
[21.580s] [  0%] Built target topic_tools_generate_messages_lisp
[21.721s] [  0%] Built target topic_tools_generate_messages_eus
[21.864s] [  0%] Built target pcl_msgs_generate_messages_py
[22.011s] [  0%] Built target sick_ldmrs_msgs_generate_messages_nodejs
[22.155s] [  0%] Built target sensor_msgs_generate_messages_cpp
[22.302s] [  0%] Built target pcl_msgs_generate_messages_cpp
[22.487s] [  0%] Built target std_msgs_generate_messages_py
[22.629s] [  0%] Built target geometry_msgs_generate_messages_eus
[22.778s] [  0%] Built target std_msgs_generate_messages_cpp
[22.922s] [  0%] Built target rosgraph_msgs_generate_messages_nodejs
[23.066s] [  0%] Built target std_msgs_generate_messages_nodejs
[23.216s] [  0%] Built target nodelet_generate_messages_lisp
[23.384s] [  0%] Built target actionlib_generate_messages_lisp
[23.535s] [  0%] Built target roscpp_generate_messages_lisp
[23.681s] [  0%] Built target std_msgs_generate_messages_lisp
[23.832s] [  0%] Built target actionlib_msgs_generate_messages_eus
[23.973s] [  0%] Built target dynamic_reconfigure_generate_messages_py
[24.118s] [  0%] Built target std_srvs_generate_messages_cpp
[24.264s] [  0%] Built target tf_generate_messages_eus
[24.438s] [  0%] Built target rosgraph_msgs_generate_messages_lisp
[24.583s] [  0%] Built target rosgraph_msgs_generate_messages_py
[24.735s] [  0%] Built target topic_tools_generate_messages_py
[24.882s] [  0%] Built target roscpp_generate_messages_cpp
[25.030s] [  0%] Built target pcl_msgs_generate_messages_lisp
[25.176s] [  0%] Built target pcl_msgs_generate_messages_nodejs
[25.342s] [  0%] Built target roscpp_generate_messages_py
[25.517s] [  0%] Built target sensor_msgs_generate_messages_nodejs
[25.660s] [  0%] Built target tf2_msgs_generate_messages_py
[25.813s] [  0%] Built target dynamic_reconfigure_generate_messages_nodejs
[25.954s] [  0%] Built target bond_generate_messages_cpp
[26.102s] [  0%] Built target bond_generate_messages_eus
[26.253s] [  0%] Built target visualization_msgs_generate_messages_cpp
[26.498s] [  0%] Built target nodelet_topic_tools_gencfg
[26.661s] [  0%] Built target sensor_msgs_generate_messages_eus
[26.803s] [  0%] Built target sensor_msgs_generate_messages_lisp
[26.949s] [  0%] Built target bond_generate_messages_lisp
[27.121s] [  0%] Built target pcl_msgs_generate_messages_eus
[27.267s] [  0%] Built target visualization_msgs_generate_messages_py
[27.506s] [  0%] Built target topic_tools_generate_messages_cpp
[27.666s] [  0%] Built target sick_ldmrs_msgs_generate_messages_eus
[27.825s] [  0%] Built target roscpp_generate_messages_eus
[27.964s] [  0%] Built target actionlib_msgs_generate_messages_nodejs
[28.107s] [  0%] Built target actionlib_msgs_generate_messages_lisp
[28.253s] [  0%] Built target tf_generate_messages_py
[28.431s] [  0%] Built target std_msgs_generate_messages_eus
[28.594s] [  0%] Built target roscpp_generate_messages_nodejs
[28.738s] [  0%] Built target actionlib_generate_messages_eus
[28.880s] [  0%] Built target rosgraph_msgs_generate_messages_cpp
[29.027s] [  0%] Built target std_srvs_generate_messages_py
[29.184s] [  0%] Built target rosgraph_msgs_generate_messages_eus
[29.380s] [  0%] Built target pcl_ros_gencfg
[29.575s] [  0%] Built target tf2_msgs_generate_messages_eus
[29.718s] [  0%] Built target sensor_msgs_generate_messages_py
[29.864s] [  0%] Built target geometry_msgs_generate_messages_py
[30.007s] [  0%] Built target geometry_msgs_generate_messages_cpp
[30.157s] [  0%] Built target geometry_msgs_generate_messages_lisp
[30.328s] [  0%] Built target dynamic_reconfigure_generate_messages_cpp
[30.512s] [  0%] Built target geometry_msgs_generate_messages_nodejs
[30.680s] [  0%] Built target dynamic_reconfigure_generate_messages_eus
[30.844s] [  0%] Built target dynamic_reconfigure_gencfg
[31.016s] [  0%] Built target nodelet_generate_messages_cpp
[31.177s] [  0%] Built target tf2_msgs_generate_messages_cpp
[31.360s] [  0%] Built target dynamic_reconfigure_generate_messages_lisp
[31.572s] [  0%] Built target std_srvs_generate_messages_lisp
[31.718s] [  0%] Built target nodelet_generate_messages_eus
[31.864s] [  0%] Built target nodelet_generate_messages_nodejs
[32.010s] [  0%] Built target bond_generate_messages_nodejs
[32.161s] [  0%] Built target std_srvs_generate_messages_nodejs
[32.357s] [  0%] Built target nodelet_generate_messages_py
[32.527s] [  0%] Built target bond_generate_messages_py
[32.671s] [  0%] Built target actionlib_msgs_generate_messages_cpp
[32.812s] [  0%] Built target actionlib_msgs_generate_messages_py
[32.954s] [  0%] Built target sick_ldmrs_msgs_generate_messages_cpp
[33.096s] [  0%] Built target tf2_msgs_generate_messages_lisp
[33.248s] [  0%] Built target tf2_msgs_generate_messages_nodejs
[33.442s] [  0%] Built target sick_ldmrs_msgs_generate_messages_lisp
[33.588s] [  0%] Built target sick_ldmrs_msgs_generate_messages_py
[33.730s] [  0%] Built target visualization_msgs_generate_messages_eus
[33.878s] [  0%] Built target visualization_msgs_generate_messages_lisp
[34.023s] [  0%] Built target visualization_msgs_generate_messages_nodejs
[34.216s] [ 12%] Built target sick_ldmrs_remove_background
[34.453s] [ 25%] Built target sick_ldmrs_make_organized
[34.664s] [ 37%] Built target sick_ldmrs_filter_first
[34.830s] [ 50%] Built target sick_ldmrs_object_marker
[35.015s] [ 62%] Built target sick_ldmrs_print_resolution
[35.197s] [ 75%] Built target sick_ldmrs_filter_layer
[35.427s] [ 87%] Built target sick_ldmrs_filter_last
[35.645s] [100%] Built target sick_ldmrs_all_layer_assembler
[35.794s] [36mInstall the project...[0m
[35.852s] -- Install configuration: "Release"
[35.854s] -- Up-to-date: /home/capstone/autoware.ai/install/sick_ldmrs_tools/lib/pkgconfig/sick_ldmrs_tools.pc
[35.854s] -- Up-to-date: /home/capstone/autoware.ai/install/sick_ldmrs_tools/share/sick_ldmrs_tools/cmake/sick_ldmrs_toolsConfig.cmake
[35.855s] -- Up-to-date: /home/capstone/autoware.ai/install/sick_ldmrs_tools/share/sick_ldmrs_tools/cmake/sick_ldmrs_toolsConfig-version.cmake
[35.855s] -- Up-to-date: /home/capstone/autoware.ai/install/sick_ldmrs_tools/share/sick_ldmrs_tools/package.xml
[35.857s] -- Up-to-date: /home/capstone/autoware.ai/install/sick_ldmrs_tools/lib/sick_ldmrs_tools/sick_ldmrs_object_marker
[35.858s] -- Up-to-date: /home/capstone/autoware.ai/install/sick_ldmrs_tools/lib/sick_ldmrs_tools/sick_ldmrs_filter_layer
[35.860s] -- Up-to-date: /home/capstone/autoware.ai/install/sick_ldmrs_tools/lib/sick_ldmrs_tools/sick_ldmrs_filter_first
[35.862s] -- Up-to-date: /home/capstone/autoware.ai/install/sick_ldmrs_tools/lib/sick_ldmrs_tools/sick_ldmrs_filter_last
[35.863s] -- Up-to-date: /home/capstone/autoware.ai/install/sick_ldmrs_tools/lib/sick_ldmrs_tools/sick_ldmrs_all_layer_assembler
[35.866s] -- Up-to-date: /home/capstone/autoware.ai/install/sick_ldmrs_tools/lib/sick_ldmrs_tools/sick_ldmrs_make_organized
[35.868s] -- Up-to-date: /home/capstone/autoware.ai/install/sick_ldmrs_tools/lib/sick_ldmrs_tools/sick_ldmrs_remove_background
[35.869s] -- Up-to-date: /home/capstone/autoware.ai/install/sick_ldmrs_tools/lib/sick_ldmrs_tools/sick_ldmrs_print_resolution
[35.870s] -- Up-to-date: /home/capstone/autoware.ai/install/sick_ldmrs_tools/share/sick_ldmrs_tools/config
[35.870s] -- Up-to-date: /home/capstone/autoware.ai/install/sick_ldmrs_tools/share/sick_ldmrs_tools/config/sick_ldmrs.rviz
[35.871s] -- Up-to-date: /home/capstone/autoware.ai/install/sick_ldmrs_tools/share/sick_ldmrs_tools/launch
[35.871s] -- Up-to-date: /home/capstone/autoware.ai/install/sick_ldmrs_tools/share/sick_ldmrs_tools/launch/sick_ldmrs_demo.launch
