[1.040s] -- The C compiler identification is GNU 7.5.0
[1.585s] -- The CXX compiler identification is GNU 7.5.0
[1.635s] -- Check for working C compiler: /usr/bin/cc
[2.364s] -- Check for working C compiler: /usr/bin/cc -- works
[2.366s] -- Detecting C compiler ABI info
[3.152s] -- Detecting C compiler ABI info - done
[3.199s] -- Detecting C compile features
[5.452s] -- Detecting C compile features - done
[5.460s] -- Check for working CXX compiler: /usr/bin/c++
[6.295s] -- Check for working CXX compiler: /usr/bin/c++ -- works
[6.297s] -- Detecting CXX compiler ABI info
[7.174s] -- Detecting CXX compiler ABI info - done
[7.213s] -- Detecting CXX compile features
[10.032s] -- Detecting CXX compile features - done
[10.040s] -- CUDA compilation status: 1.
[10.079s] -- Using CATKIN_DEVEL_PREFIX: /home/capstone/autoware.ai/build/mqtt_socket/devel
[10.080s] -- Using CMAKE_PREFIX_PATH: /home/capstone/autoware.ai/install/tablet_socket_msgs;/home/capstone/autoware.ai/install/autoware_msgs;/home/capstone/autoware.ai/install/autoware_can_msgs;/home/capstone/autoware.ai/install/autoware_build_flags;/home/capstone/autoware.ai/install/wf_simulator;/home/capstone/autoware.ai/install/vision_ssd_detect;/home/capstone/autoware.ai/install/vision_segment_enet_detect;/home/capstone/autoware.ai/install/vision_lane_detect;/home/capstone/autoware.ai/install/vision_darknet_detect;/home/capstone/autoware.ai/install/vision_beyond_track;/home/capstone/autoware.ai/install/vel_pose_diff_checker;/home/capstone/autoware.ai/install/vehicle_socket;/home/capstone/autoware.ai/install/vehicle_sim_model;/home/capstone/autoware.ai/install/vehicle_model;/home/capstone/autoware.ai/install/vehicle_gazebo_simulation_launcher;/home/capstone/autoware.ai/install/vehicle_gazebo_simulation_interface;/home/capstone/autoware.ai/install/vehicle_engage_panel;/home/capstone/autoware.ai/install/vehicle_description;/home/capstone/autoware.ai/install/op_ros_helpers;/home/capstone/autoware.ai/install/op_simu;/home/capstone/autoware.ai/install/op_planner;/home/capstone/autoware.ai/install/op_utility;/home/capstone/autoware.ai/install/vector_map_server;/home/capstone/autoware.ai/install/object_map;/home/capstone/autoware.ai/install/lanelet_aisan_converter;/home/capstone/autoware.ai/install/map_file;/home/capstone/autoware.ai/install/libvectormap;/home/capstone/autoware.ai/install/vector_map;/home/capstone/autoware.ai/install/vector_map_msgs;/home/capstone/autoware.ai/install/twist_generator;/home/capstone/autoware.ai/install/twist2odom;/home/capstone/autoware.ai/install/runtime_manager;/home/capstone/autoware.ai/install/sound_player;/home/capstone/autoware.ai/install/points2image;/home/capstone/autoware.ai/install/rosinterface;/home/capstone/autoware.ai/install/rosbag_controller;/home/capstone/autoware.ai/install/points_preprocessor;/home/capstone/autoware.ai/install/lidar_localizer;/home/capstone/autoware.ai/install/emergency_handler;/home/capstone/autoware.ai/install/autoware_health_checker;/home/capstone/autoware.ai/install/ros_observer;/home/capstone/autoware.ai/install/range_vision_fusion;/home/capstone/autoware.ai/install/pos_db;/home/capstone/autoware.ai/install/points_downsampler;/home/capstone/autoware.ai/install/pixel_cloud_fusion;/home/capstone/autoware.ai/install/pcl_omp_registration;/home/capstone/autoware.ai/install/pc2_downsampler;/home/capstone/autoware.ai/install/obj_db;/home/capstone/autoware.ai/install/nmea_navsat;/home/capstone/autoware.ai/install/ndt_tku;/home/capstone/autoware.ai/install/ndt_gpu;/home/capstone/autoware.ai/install/ndt_cpu;/home/capstone/autoware.ai/install/multi_lidar_calibrator;/home/capstone/autoware.ai/install/mrt_cmake_modules;/home/capstone/autoware.ai/install/marker_downsampler;/home/capstone/autoware.ai/install/map_tools;/home/capstone/autoware.ai/install/map_tf_generator;/home/capstone/autoware.ai/install/log_tools;/home/capstone/autoware.ai/install/libwaypoint_follower;/home/capstone/autoware.ai/install/lgsvl_simulator_bridge;/home/capstone/autoware.ai/install/lanelet2_extension;/home/capstone/autoware.ai/install/lanelet2_validation;/home/capstone/autoware.ai/install/lanelet2_examples;/home/capstone/autoware.ai/install/lanelet2_python;/home/capstone/autoware.ai/install/lanelet2_routing;/home/capstone/autoware.ai/install/lanelet2_traffic_rules;/home/capstone/autoware.ai/install/lanelet2_projection;/home/capstone/autoware.ai/install/lanelet2_maps;/home/capstone/autoware.ai/install/lanelet2_io;/home/capstone/autoware.ai/install/lanelet2_core;/home/capstone/autoware.ai/install/integrated_viewer;/home/capstone/autoware.ai/install/image_processor;/home/capstone/autoware.ai/install/graph_tools;/home/capstone/autoware.ai/install/gnss_localizer;/home/capstone/autoware.ai/install/gnss;/home/capstone/autoware.ai/install/glviewer;/home/capstone/autoware.ai/install/gazebo_world_description;/home/capstone/autoware.ai/install/gazebo_imu_description;/home/capstone/autoware.ai/install/gazebo_camera_description;/home/capstone/autoware.ai/install/fastvirtualscan;/home/capstone/autoware.ai/install/ekf_localizer;/home/capstone/autoware.ai/install/detected_objects_visualizer;/home/capstone/autoware.ai/install/decision_maker_panel;/home/capstone/autoware.ai/install/data_preprocessor;/home/capstone/autoware.ai/install/carla_autoware_bridge;/home/capstone/autoware.ai/install/calibration_publisher;/home/capstone/autoware.ai/install/autoware_system_msgs;/home/capstone/autoware.ai/install/autoware_rviz_plugins;/home/capstone/autoware.ai/install/autoware_quickstart_examples;/home/capstone/autoware.ai/install/autoware_pointgrey_drivers;/home/capstone/autoware.ai/install/autoware_driveworks_interface;/home/capstone/autoware.ai/install/autoware_connector;/home/capstone/autoware.ai/install/autoware_camera_lidar_calibrator;/home/capstone/autoware.ai/install/amathutils_lib;/home/capstone/autoware.ai/install/autoware_map_msgs;/home/capstone/autoware.ai/install/autoware_launcher_rviz;/home/capstone/autoware.ai/install/autoware_launcher;/home/capstone/autoware.ai/install/autoware_lanelet2_msgs;/home/capstone/autoware.ai/install/autoware_external_msgs;/home/capstone/autoware.ai/install/autoware_driveworks_gmsl_interface;/home/capstone/autoware.ai/install/autoware_config_msgs;/home/capstone/autoware.ai/install/autoware_bag_tools;/opt/carla-ros-bridge/melodic;/opt/ros/melodic
[10.087s] -- This workspace overlays: /home/capstone/autoware.ai/install/tablet_socket_msgs;/home/capstone/autoware.ai/install/autoware_msgs;/home/capstone/autoware.ai/install/autoware_can_msgs;/home/capstone/autoware.ai/install/autoware_build_flags;/home/capstone/autoware.ai/install/vehicle_sim_model;/home/capstone/autoware.ai/install/vehicle_gazebo_simulation_launcher;/home/capstone/autoware.ai/install/vehicle_description;/home/capstone/autoware.ai/install/op_utility;/home/capstone/autoware.ai/install/vector_map_server;/home/capstone/autoware.ai/install/libvectormap;/home/capstone/autoware.ai/install/vector_map;/home/capstone/autoware.ai/install/vector_map_msgs;/home/capstone/autoware.ai/install/twist2odom;/home/capstone/autoware.ai/install/sound_player;/home/capstone/autoware.ai/install/rosinterface;/home/capstone/autoware.ai/install/rosbag_controller;/home/capstone/autoware.ai/install/autoware_health_checker;/home/capstone/autoware.ai/install/ros_observer;/home/capstone/autoware.ai/install/pcl_omp_registration;/home/capstone/autoware.ai/install/pc2_downsampler;/home/capstone/autoware.ai/install/nmea_navsat;/home/capstone/autoware.ai/install/ndt_tku;/home/capstone/autoware.ai/install/ndt_gpu;/home/capstone/autoware.ai/install/ndt_cpu;/home/capstone/autoware.ai/install/mrt_cmake_modules;/home/capstone/autoware.ai/install/marker_downsampler;/home/capstone/autoware.ai/install/log_tools;/home/capstone/autoware.ai/install/lgsvl_simulator_bridge;/home/capstone/autoware.ai/install/image_processor;/home/capstone/autoware.ai/install/graph_tools;/home/capstone/autoware.ai/install/gnss;/home/capstone/autoware.ai/install/glviewer;/home/capstone/autoware.ai/install/gazebo_world_description;/home/capstone/autoware.ai/install/gazebo_imu_description;/home/capstone/autoware.ai/install/gazebo_camera_description;/home/capstone/autoware.ai/install/fastvirtualscan;/home/capstone/autoware.ai/install/detected_objects_visualizer;/home/capstone/autoware.ai/install/decision_maker_panel;/home/capstone/autoware.ai/install/data_preprocessor;/home/capstone/autoware.ai/install/carla_autoware_bridge;/home/capstone/autoware.ai/install/calibration_publisher;/home/capstone/autoware.ai/install/autoware_system_msgs;/home/capstone/autoware.ai/install/autoware_rviz_plugins;/home/capstone/autoware.ai/install/autoware_quickstart_examples;/home/capstone/autoware.ai/install/autoware_pointgrey_drivers;/home/capstone/autoware.ai/install/autoware_driveworks_interface;/home/capstone/autoware.ai/install/autoware_connector;/home/capstone/autoware.ai/install/autoware_camera_lidar_calibrator;/home/capstone/autoware.ai/install/amathutils_lib;/home/capstone/autoware.ai/install/autoware_map_msgs;/home/capstone/autoware.ai/install/autoware_launcher_rviz;/home/capstone/autoware.ai/install/autoware_launcher;/home/capstone/autoware.ai/install/autoware_lanelet2_msgs;/home/capstone/autoware.ai/install/autoware_external_msgs;/home/capstone/autoware.ai/install/autoware_driveworks_gmsl_interface;/home/capstone/autoware.ai/install/autoware_config_msgs;/home/capstone/autoware.ai/install/autoware_bag_tools;/opt/carla-ros-bridge/melodic;/opt/ros/melodic
[10.244s] -- Found PythonInterp: /usr/bin/python2 (found suitable version "2.7.17", minimum required is "2") 
[10.244s] -- Using PYTHON_EXECUTABLE: /usr/bin/python2
[10.247s] -- Using Debian Python package layout
[10.250s] -- Using empy: /usr/bin/empy
[10.766s] -- Using CATKIN_ENABLE_TESTING: ON
[10.767s] -- Call enable_testing()
[10.794s] -- Using CATKIN_TEST_RESULTS_DIR: /home/capstone/autoware.ai/build/mqtt_socket/test_results
[10.908s] -- Found gtest sources under '/usr/src/googletest': gtests will be built
[10.908s] -- Found gmock sources under '/usr/src/googletest': gmock will be built
[11.042s] -- Found PythonInterp: /usr/bin/python2 (found version "2.7.17") 
[11.044s] -- Looking for pthread.h
[11.807s] -- Looking for pthread.h - found
[11.812s] -- Looking for pthread_create
[12.329s] -- Looking for pthread_create - not found
[12.329s] -- Looking for pthread_create in pthreads
[12.931s] -- Looking for pthread_create in pthreads - not found
[12.932s] -- Looking for pthread_create in pthread
[13.669s] -- Looking for pthread_create in pthread - found
[13.671s] -- Found Threads: TRUE  
[13.687s] -- Using Python nosetests: /usr/bin/nosetests-2.7
[13.968s] -- catkin 0.7.23
[13.968s] -- BUILD_SHARED_LIBS is on
[15.938s] -- Using these message generators: gencpp;geneus;genlisp;gennodejs;genpy
[16.839s] -- Found MOSQUITTO: /usr/lib/x86_64-linux-gnu/libmosquitto.so  
[16.839s] -- libmosquitto include dir: /usr/include
[16.840s] -- libmosquitto: /usr/lib/x86_64-linux-gnu/libmosquitto.so
[17.705s] -- Configuring done
[18.002s] -- Generating done
[18.044s] -- Build files have been written to: /home/capstone/autoware.ai/build/mqtt_socket
[18.630s] [35m[1mScanning dependencies of target rosgraph_msgs_generate_messages_eus[0m
[18.766s] [  0%] Built target rosgraph_msgs_generate_messages_eus
[18.918s] [35m[1mScanning dependencies of target tablet_socket_msgs_generate_messages_lisp[0m
[19.060s] [  0%] Built target tablet_socket_msgs_generate_messages_lisp
[19.140s] [35m[1mScanning dependencies of target std_msgs_generate_messages_py[0m
[19.247s] [  0%] Built target std_msgs_generate_messages_py
[19.447s] [35m[1mScanning dependencies of target jsk_recognition_msgs_generate_messages_cpp[0m
[19.642s] [  0%] Built target jsk_recognition_msgs_generate_messages_cpp
[19.823s] [35m[1mScanning dependencies of target geometry_msgs_generate_messages_lisp[0m
[19.963s] [  0%] Built target geometry_msgs_generate_messages_lisp
[20.126s] [35m[1mScanning dependencies of target autoware_msgs_generate_messages_eus[0m
[20.311s] [  0%] Built target autoware_msgs_generate_messages_eus
[20.487s] [35m[1mScanning dependencies of target geometry_msgs_generate_messages_eus[0m
[20.643s] [  0%] Built target geometry_msgs_generate_messages_eus
[20.799s] [35m[1mScanning dependencies of target std_msgs_generate_messages_nodejs[0m
[20.965s] [  0%] Built target std_msgs_generate_messages_nodejs
[21.084s] [35m[1mScanning dependencies of target jsk_footstep_msgs_generate_messages_py[0m
[21.200s] [  0%] Built target jsk_footstep_msgs_generate_messages_py
[21.316s] [35m[1mScanning dependencies of target geometry_msgs_generate_messages_py[0m
[21.390s] [  0%] Built target geometry_msgs_generate_messages_py
[21.523s] [35m[1mScanning dependencies of target sensor_msgs_generate_messages_py[0m
[21.630s] [  0%] Built target sensor_msgs_generate_messages_py
[21.764s] [35m[1mScanning dependencies of target autoware_can_msgs_generate_messages_cpp[0m
[21.919s] [  0%] Built target autoware_can_msgs_generate_messages_cpp
[22.089s] [35m[1mScanning dependencies of target roscpp_generate_messages_lisp[0m
[22.195s] [  0%] Built target roscpp_generate_messages_lisp
[22.303s] [35m[1mScanning dependencies of target actionlib_msgs_generate_messages_eus[0m
[22.432s] [  0%] Built target actionlib_msgs_generate_messages_eus
[22.513s] [35m[1mScanning dependencies of target autoware_msgs_generate_messages_py[0m
[22.638s] [  0%] Built target autoware_msgs_generate_messages_py
[22.755s] [35m[1mScanning dependencies of target rosgraph_msgs_generate_messages_lisp[0m
[22.861s] [  0%] Built target rosgraph_msgs_generate_messages_lisp
[22.961s] [35m[1mScanning dependencies of target autoware_can_msgs_generate_messages_lisp[0m
[23.046s] [  0%] Built target autoware_can_msgs_generate_messages_lisp
[23.133s] [35m[1mScanning dependencies of target autoware_can_msgs_generate_messages_nodejs[0m
[23.219s] [  0%] Built target autoware_can_msgs_generate_messages_nodejs
[23.338s] [35m[1mScanning dependencies of target jsk_footstep_msgs_generate_messages_lisp[0m
[23.460s] [  0%] Built target jsk_footstep_msgs_generate_messages_lisp
[23.593s] [35m[1mScanning dependencies of target autoware_msgs_generate_messages_nodejs[0m
[23.670s] [  0%] Built target autoware_msgs_generate_messages_nodejs
[23.783s] [35m[1mScanning dependencies of target autoware_msgs_generate_messages_lisp[0m
[23.885s] [  0%] Built target autoware_msgs_generate_messages_lisp
[24.065s] [35m[1mScanning dependencies of target geometry_msgs_generate_messages_cpp[0m
[24.208s] [  0%] Built target geometry_msgs_generate_messages_cpp
[24.320s] [35m[1mScanning dependencies of target jsk_footstep_msgs_generate_messages_eus[0m
[24.445s] [  0%] Built target jsk_footstep_msgs_generate_messages_eus
[24.579s] [35m[1mScanning dependencies of target std_msgs_generate_messages_cpp[0m
[24.689s] [  0%] Built target std_msgs_generate_messages_cpp
[24.770s] [35m[1mScanning dependencies of target tablet_socket_msgs_generate_messages_cpp[0m
[24.904s] [  0%] Built target tablet_socket_msgs_generate_messages_cpp
[25.002s] [35m[1mScanning dependencies of target autoware_msgs_generate_messages_cpp[0m
[25.098s] [  0%] Built target autoware_msgs_generate_messages_cpp
[25.200s] [35m[1mScanning dependencies of target std_msgs_generate_messages_lisp[0m
[25.279s] [  0%] Built target std_msgs_generate_messages_lisp
[25.359s] [35m[1mScanning dependencies of target jsk_recognition_msgs_generate_messages_py[0m
[25.472s] [  0%] Built target jsk_recognition_msgs_generate_messages_py
[25.556s] [35m[1mScanning dependencies of target sensor_msgs_generate_messages_cpp[0m
[25.646s] [  0%] Built target sensor_msgs_generate_messages_cpp
[25.743s] [35m[1mScanning dependencies of target pcl_msgs_generate_messages_cpp[0m
[25.854s] [  0%] Built target pcl_msgs_generate_messages_cpp
[25.949s] [35m[1mScanning dependencies of target roscpp_generate_messages_cpp[0m
[26.047s] [  0%] Built target roscpp_generate_messages_cpp
[26.173s] [35m[1mScanning dependencies of target sensor_msgs_generate_messages_eus[0m
[26.282s] [  0%] Built target sensor_msgs_generate_messages_eus
[26.395s] [35m[1mScanning dependencies of target sensor_msgs_generate_messages_lisp[0m
[26.476s] [  0%] Built target sensor_msgs_generate_messages_lisp
[26.583s] [35m[1mScanning dependencies of target pcl_msgs_generate_messages_eus[0m
[26.672s] [  0%] Built target pcl_msgs_generate_messages_eus
[26.771s] [35m[1mScanning dependencies of target pcl_msgs_generate_messages_nodejs[0m
[26.864s] [  0%] Built target pcl_msgs_generate_messages_nodejs
[26.969s] [35m[1mScanning dependencies of target pcl_msgs_generate_messages_lisp[0m
[27.070s] [  0%] Built target pcl_msgs_generate_messages_lisp
[27.165s] [35m[1mScanning dependencies of target pcl_msgs_generate_messages_py[0m
[27.273s] [  0%] Built target pcl_msgs_generate_messages_py
[27.359s] [35m[1mScanning dependencies of target sensor_msgs_generate_messages_nodejs[0m
[27.445s] [  0%] Built target sensor_msgs_generate_messages_nodejs
[27.556s] [35m[1mScanning dependencies of target jsk_footstep_msgs_generate_messages_nodejs[0m
[27.676s] [  0%] Built target jsk_footstep_msgs_generate_messages_nodejs
[27.759s] [35m[1mScanning dependencies of target actionlib_msgs_generate_messages_cpp[0m
[27.859s] [  0%] Built target actionlib_msgs_generate_messages_cpp
[27.943s] [35m[1mScanning dependencies of target std_msgs_generate_messages_eus[0m
[28.074s] [  0%] Built target std_msgs_generate_messages_eus
[28.166s] [35m[1mScanning dependencies of target actionlib_msgs_generate_messages_lisp[0m
[28.294s] [  0%] Built target actionlib_msgs_generate_messages_lisp
[28.421s] [35m[1mScanning dependencies of target actionlib_msgs_generate_messages_nodejs[0m
[28.508s] [  0%] Built target actionlib_msgs_generate_messages_nodejs
[28.611s] [35m[1mScanning dependencies of target actionlib_msgs_generate_messages_py[0m
[28.770s] [  0%] Built target actionlib_msgs_generate_messages_py
[28.931s] [35m[1mScanning dependencies of target rosgraph_msgs_generate_messages_nodejs[0m
[29.054s] [  0%] Built target rosgraph_msgs_generate_messages_nodejs
[29.152s] [35m[1mScanning dependencies of target roscpp_generate_messages_eus[0m
[29.343s] [  0%] Built target roscpp_generate_messages_eus
[29.498s] [35m[1mScanning dependencies of target jsk_footstep_msgs_generate_messages_cpp[0m
[29.640s] [  0%] Built target jsk_footstep_msgs_generate_messages_cpp
[29.759s] [35m[1mScanning dependencies of target roscpp_generate_messages_nodejs[0m
[29.840s] [  0%] Built target roscpp_generate_messages_nodejs
[29.952s] [35m[1mScanning dependencies of target jsk_recognition_msgs_generate_messages_nodejs[0m
[30.039s] [  0%] Built target jsk_recognition_msgs_generate_messages_nodejs
[30.141s] [35m[1mScanning dependencies of target roscpp_generate_messages_py[0m
[30.219s] [  0%] Built target roscpp_generate_messages_py
[30.361s] [35m[1mScanning dependencies of target autoware_can_msgs_generate_messages_py[0m
[30.477s] [  0%] Built target autoware_can_msgs_generate_messages_py
[30.571s] [35m[1mScanning dependencies of target geometry_msgs_generate_messages_nodejs[0m
[30.702s] [  0%] Built target geometry_msgs_generate_messages_nodejs
[30.810s] [35m[1mScanning dependencies of target rosgraph_msgs_generate_messages_cpp[0m
[30.886s] [  0%] Built target rosgraph_msgs_generate_messages_cpp
[30.992s] [35m[1mScanning dependencies of target autoware_can_msgs_generate_messages_eus[0m
[31.107s] [  0%] Built target autoware_can_msgs_generate_messages_eus
[31.222s] [35m[1mScanning dependencies of target tablet_socket_msgs_generate_messages_eus[0m
[31.334s] [  0%] Built target tablet_socket_msgs_generate_messages_eus
[31.456s] [35m[1mScanning dependencies of target tablet_socket_msgs_generate_messages_nodejs[0m
[31.554s] [  0%] Built target tablet_socket_msgs_generate_messages_nodejs
[31.672s] [35m[1mScanning dependencies of target jsk_recognition_msgs_generate_messages_eus[0m
[31.766s] [  0%] Built target jsk_recognition_msgs_generate_messages_eus
[31.869s] [35m[1mScanning dependencies of target jsk_recognition_msgs_generate_messages_lisp[0m
[32.004s] [  0%] Built target jsk_recognition_msgs_generate_messages_lisp
[32.136s] [35m[1mScanning dependencies of target rosgraph_msgs_generate_messages_py[0m
[32.244s] [  0%] Built target rosgraph_msgs_generate_messages_py
[32.346s] [35m[1mScanning dependencies of target tablet_socket_msgs_generate_messages_py[0m
[32.457s] [  0%] Built target tablet_socket_msgs_generate_messages_py
[32.564s] [35m[1mScanning dependencies of target mqtt_receiver[0m
[33.158s] [ 25%] [32mBuilding CXX object CMakeFiles/mqtt_receiver.dir/nodes/mqtt_receiver/mqtt_receiver.cpp.o[0m
[36.512s] [01m[K/home/capstone/autoware.ai/src/autoware/utilities/mqtt_socket/nodes/mqtt_receiver/mqtt_receiver.cpp:[m[K In constructor ‘[01m[KMqttReceiver::MqttReceiver()[m[K’:
[36.513s] [01m[K/home/capstone/autoware.ai/src/autoware/utilities/mqtt_socket/nodes/mqtt_receiver/mqtt_receiver.cpp:84:7:[m[K [01;35m[Kwarning: [m[Kvariable ‘[01m[Kret[m[K’ set but not used [[01;35m[K-Wunused-but-set-variable[m[K]
[36.513s]    int [01;35m[Kret[m[K = mosquitto_loop(mqtt_client, -1, 1);
[36.513s]        [01;35m[K^~~[m[K
[36.514s] [01m[K/home/capstone/autoware.ai/src/autoware/utilities/mqtt_socket/nodes/mqtt_receiver/mqtt_receiver.cpp:[m[K In destructor ‘[01m[KMqttReceiver::~MqttReceiver()[m[K’:
[36.515s] [01m[K/home/capstone/autoware.ai/src/autoware/utilities/mqtt_socket/nodes/mqtt_receiver/mqtt_receiver.cpp:90:7:[m[K [01;35m[Kwarning: [m[Kunused variable ‘[01m[Kret[m[K’ [[01;35m[K-Wunused-variable[m[K]
[36.516s]    int [01;35m[Kret[m[K = mosquitto_loop_stop(mqtt_client, 1);
[36.516s]        [01;35m[K^~~[m[K
[36.516s] [01m[K/home/capstone/autoware.ai/src/autoware/utilities/mqtt_socket/nodes/mqtt_receiver/mqtt_receiver.cpp:[m[K At global scope:
[36.517s] [01m[K/home/capstone/autoware.ai/src/autoware/utilities/mqtt_socket/nodes/mqtt_receiver/mqtt_receiver.cpp:95:83:[m[K [01;35m[Kwarning: [m[Kcannot declare member function ‘[01m[Kstatic void MqttReceiver::on_connect(mosquitto*, void*, int)[m[K’ to have static linkage [[01;35m[K-fpermissive[m[K]
[36.517s]  eiver::on_connect(struct mosquitto *mosq, void *obj, int result[01;35m[K)[m[K
[36.517s]                                                                 [01;35m[K^[m[K
[36.518s] [01m[K/home/capstone/autoware.ai/src/autoware/utilities/mqtt_socket/nodes/mqtt_receiver/mqtt_receiver.cpp:101:82:[m[K [01;35m[Kwarning: [m[Kcannot declare member function ‘[01m[Kstatic void MqttReceiver::on_disconnect(mosquitto*, void*, int)[m[K’ to have static linkage [[01;35m[K-fpermissive[m[K]
[36.518s]  ceiver::on_disconnect(struct mosquitto *mosq, void *obj, int rc[01;35m[K)[m[K
[36.518s]                                                                 [01;35m[K^[m[K
[36.520s] [01m[K/home/capstone/autoware.ai/src/autoware/utilities/mqtt_socket/nodes/mqtt_receiver/mqtt_receiver.cpp:106:39:[m[K [01;35m[Kwarning: [m[Kcannot declare member function ‘[01m[Kstatic void MqttReceiver::load_config()[m[K’ to have static linkage [[01;35m[K-fpermissive[m[K]
[36.520s]  static void MqttReceiver::load_config([01;35m[K)[m[K
[36.520s]                                        [01;35m[K^[m[K
[36.525s] [01m[K/home/capstone/autoware.ai/src/autoware/utilities/mqtt_socket/nodes/mqtt_receiver/mqtt_receiver.cpp:133:112:[m[K [01;35m[Kwarning: [m[Kcannot declare member function ‘[01m[Kstatic void MqttReceiver::on_message(mosquitto*, void*, const mosquitto_message*)[m[K’ to have static linkage [[01;35m[K-fpermissive[m[K]
[36.526s]  uitto *mosq, void *obj, const struct mosquitto_message *message[01;35m[K)[m[K
[36.526s]                                                                 [01;35m[K^[m[K
[37.114s] [01m[K/home/capstone/autoware.ai/src/autoware/utilities/mqtt_socket/nodes/mqtt_receiver/mqtt_receiver.cpp:[m[K In static member function ‘[01m[Kstatic void MqttReceiver::on_message(mosquitto*, void*, const mosquitto_message*)[m[K’:
[37.115s] [01m[K/home/capstone/autoware.ai/src/autoware/utilities/mqtt_socket/nodes/mqtt_receiver/mqtt_receiver.cpp:149:36:[m[K [01;35m[Kwarning: [m[Kstatement will never be executed [[01;35m[K-Wswitch-unreachable[m[K]
[37.115s]          [01;35m[Kmsg.vehicle_cmd.lamp_cmd.l = 0[m[K;
[37.115s]          [01;35m[K~~~~~~~~~~~~~~~~~~~~~~~~~~~^~~[m[K
[37.153s] In file included from [01m[K/home/capstone/autoware.ai/src/autoware/utilities/mqtt_socket/nodes/mqtt_receiver/mqtt_receiver.cpp:41:0[m[K:
[37.153s] [01m[K/home/capstone/autoware.ai/src/autoware/utilities/mqtt_socket/include/mqtt_socket/mqtt_setting.hpp:[m[K At global scope:
[37.153s] [01m[K/home/capstone/autoware.ai/src/autoware/utilities/mqtt_socket/include/mqtt_socket/mqtt_setting.hpp:18:14:[m[K [01;35m[Kwarning: [m[K‘[01m[Kcaninfo_downsample[m[K’ defined but not used [[01;35m[K-Wunused-variable[m[K]
[37.153s]  static float [01;35m[Kcaninfo_downsample[m[K;
[37.154s]               [01;35m[K^~~~~~~~~~~~~~~~~~[m[K
[40.320s] [ 50%] [32m[1mLinking CXX executable devel/lib/mqtt_socket/mqtt_receiver[0m
[41.005s] [ 50%] Built target mqtt_receiver
[41.150s] [35m[1mScanning dependencies of target mqtt_sender[0m
[41.696s] [ 75%] [32mBuilding CXX object CMakeFiles/mqtt_sender.dir/nodes/mqtt_sender/mqtt_sender.cpp.o[0m
[45.474s] [01m[K/home/capstone/autoware.ai/src/autoware/utilities/mqtt_socket/nodes/mqtt_sender/mqtt_sender.cpp:143:37:[m[K [01;35m[Kwarning: [m[Kcannot declare member function ‘[01m[Kstatic void MqttSender::load_config()[m[K’ to have static linkage [[01;35m[K-fpermissive[m[K]
[45.475s]  static void MqttSender::load_config([01;35m[K)[m[K
[45.475s]                                      [01;35m[K^[m[K
[45.479s] [01m[K/home/capstone/autoware.ai/src/autoware/utilities/mqtt_socket/nodes/mqtt_sender/mqtt_sender.cpp:[m[K In member function ‘[01m[Kvoid MqttSender::targetVelocityArrayCallback(const Float64MultiArray&)[m[K’:
[45.480s] [01m[K/home/capstone/autoware.ai/src/autoware/utilities/mqtt_socket/nodes/mqtt_sender/mqtt_sender.cpp:176:20:[m[K [01;35m[Kwarning: [m[Kcomparison between signed and unsigned integer expressions [[01;35m[K-Wsign-compare[m[K]
[45.480s]    for(int i = 0; [01;35m[Ki < sizeof([m[Kmsg.data); i++) {
[45.480s]                   [01;35m[K~~^~~~~~~~~[m[K
[45.482s] [01m[K/home/capstone/autoware.ai/src/autoware/utilities/mqtt_socket/nodes/mqtt_sender/mqtt_sender.cpp:181:7:[m[K [01;35m[Kwarning: [m[Kunused variable ‘[01m[Kret[m[K’ [[01;35m[K-Wunused-variable[m[K]
[45.483s]    int [01;35m[Kret[m[K = mosquitto_publish(
[45.483s]        [01;35m[K^~~[m[K
[45.484s] [01m[K/home/capstone/autoware.ai/src/autoware/utilities/mqtt_socket/nodes/mqtt_sender/mqtt_sender.cpp:[m[K In member function ‘[01m[Kvoid MqttSender::twistCmdCallback(const TwistStamped&)[m[K’:
[45.485s] [01m[K/home/capstone/autoware.ai/src/autoware/utilities/mqtt_socket/nodes/mqtt_sender/mqtt_sender.cpp:201:7:[m[K [01;35m[Kwarning: [m[Kunused variable ‘[01m[Kret[m[K’ [[01;35m[K-Wunused-variable[m[K]
[45.485s]    int [01;35m[Kret[m[K = mosquitto_publish(
[45.485s]        [01;35m[K^~~[m[K
[45.487s] [01m[K/home/capstone/autoware.ai/src/autoware/utilities/mqtt_socket/nodes/mqtt_sender/mqtt_sender.cpp:[m[K In member function ‘[01m[Kvoid MqttSender::stateCallback(const String&)[m[K’:
[45.487s] [01m[K/home/capstone/autoware.ai/src/autoware/utilities/mqtt_socket/nodes/mqtt_sender/mqtt_sender.cpp:216:7:[m[K [01;35m[Kwarning: [m[Kunused variable ‘[01m[Kret[m[K’ [[01;35m[K-Wunused-variable[m[K]
[45.487s]    int [01;35m[Kret[m[K = mosquitto_publish(
[45.488s]        [01;35m[K^~~[m[K
[45.491s] [01m[K/home/capstone/autoware.ai/src/autoware/utilities/mqtt_socket/nodes/mqtt_sender/mqtt_sender.cpp:[m[K In member function ‘[01m[Kvoid MqttSender::currentPoseCallback(const PoseStamped&)[m[K’:
[45.492s] [01m[K/home/capstone/autoware.ai/src/autoware/utilities/mqtt_socket/nodes/mqtt_sender/mqtt_sender.cpp:240:7:[m[K [01;35m[Kwarning: [m[Kunused variable ‘[01m[Kret[m[K’ [[01;35m[K-Wunused-variable[m[K]
[45.492s]    int [01;35m[Kret[m[K = mosquitto_publish(
[45.492s]        [01;35m[K^~~[m[K
[45.494s] [01m[K/home/capstone/autoware.ai/src/autoware/utilities/mqtt_socket/nodes/mqtt_sender/mqtt_sender.cpp:[m[K In member function ‘[01m[Kvoid MqttSender::modeInfoCallback(const mode_info&)[m[K’:
[45.494s] [01m[K/home/capstone/autoware.ai/src/autoware/utilities/mqtt_socket/nodes/mqtt_sender/mqtt_sender.cpp:259:9:[m[K [01;35m[Kwarning: [m[Kunused variable ‘[01m[Kret[m[K’ [[01;35m[K-Wunused-variable[m[K]
[45.494s]      int [01;35m[Kret[m[K = mosquitto_publish(
[45.494s]          [01;35m[K^~~[m[K
[45.517s] [01m[K/home/capstone/autoware.ai/src/autoware/utilities/mqtt_socket/nodes/mqtt_sender/mqtt_sender.cpp:[m[K In member function ‘[01m[Kvoid MqttSender::canInfoCallback(const CANInfoConstPtr&)[m[K’:
[45.517s] [01m[K/home/capstone/autoware.ai/src/autoware/utilities/mqtt_socket/nodes/mqtt_sender/mqtt_sender.cpp:345:9:[m[K [01;35m[Kwarning: [m[Kunused variable ‘[01m[Kret[m[K’ [[01;35m[K-Wunused-variable[m[K]
[45.518s]      int [01;35m[Kret[m[K = mosquitto_publish(
[45.518s]          [01;35m[K^~~[m[K
[46.756s] In file included from [01m[K/home/capstone/autoware.ai/src/autoware/utilities/mqtt_socket/nodes/mqtt_sender/mqtt_sender.cpp:45:0[m[K:
[46.756s] [01m[K/home/capstone/autoware.ai/src/autoware/utilities/mqtt_socket/include/mqtt_socket/mqtt_setting.hpp:[m[K At global scope:
[46.756s] [01m[K/home/capstone/autoware.ai/src/autoware/utilities/mqtt_socket/include/mqtt_socket/mqtt_setting.hpp:15:14:[m[K [01;35m[Kwarning: [m[K‘[01m[Klinear_x_max_val[m[K’ defined but not used [[01;35m[K-Wunused-variable[m[K]
[46.757s]  static float [01;35m[Klinear_x_max_val[m[K;
[46.757s]               [01;35m[K^~~~~~~~~~~~~~~~[m[K
[46.757s] [01m[K/home/capstone/autoware.ai/src/autoware/utilities/mqtt_socket/include/mqtt_socket/mqtt_setting.hpp:14:14:[m[K [01;35m[Kwarning: [m[K‘[01m[Ksteer_max_val[m[K’ defined but not used [[01;35m[K-Wunused-variable[m[K]
[46.757s]  static float [01;35m[Ksteer_max_val[m[K;
[46.757s]               [01;35m[K^~~~~~~~~~~~~[m[K
[46.757s] [01m[K/home/capstone/autoware.ai/src/autoware/utilities/mqtt_socket/include/mqtt_socket/mqtt_setting.hpp:13:12:[m[K [01;35m[Kwarning: [m[K‘[01m[Kbrake_max_val[m[K’ defined but not used [[01;35m[K-Wunused-variable[m[K]
[46.758s]  static int [01;35m[Kbrake_max_val[m[K;
[46.758s]             [01;35m[K^~~~~~~~~~~~~[m[K
[46.758s] [01m[K/home/capstone/autoware.ai/src/autoware/utilities/mqtt_socket/include/mqtt_socket/mqtt_setting.hpp:12:12:[m[K [01;35m[Kwarning: [m[K‘[01m[Kaccel_max_val[m[K’ defined but not used [[01;35m[K-Wunused-variable[m[K]
[46.758s]  static int [01;35m[Kaccel_max_val[m[K;
[46.758s]             [01;35m[K^~~~~~~~~~~~~[m[K
[51.106s] [100%] [32m[1mLinking CXX executable devel/lib/mqtt_socket/mqtt_sender[0m
[51.620s] [100%] Built target mqtt_sender
[54.190s] [35m[1mScanning dependencies of target tests[0m
[54.309s] Built target tests
[56.960s] [  0%] Built target rosgraph_msgs_generate_messages_eus
[57.228s] [  0%] Built target tablet_socket_msgs_generate_messages_lisp
[57.449s] [  0%] Built target std_msgs_generate_messages_py
[57.713s] [  0%] Built target jsk_recognition_msgs_generate_messages_cpp
[57.938s] [  0%] Built target geometry_msgs_generate_messages_lisp
[58.174s] [  0%] Built target autoware_msgs_generate_messages_eus
[58.413s] [  0%] Built target geometry_msgs_generate_messages_eus
[58.713s] [  0%] Built target std_msgs_generate_messages_nodejs
[58.965s] [  0%] Built target jsk_footstep_msgs_generate_messages_py
[59.208s] [  0%] Built target geometry_msgs_generate_messages_py
[59.432s] [  0%] Built target sensor_msgs_generate_messages_py
[59.736s] [  0%] Built target autoware_can_msgs_generate_messages_cpp
[60.052s] [  0%] Built target roscpp_generate_messages_lisp
[60.359s] [  0%] Built target actionlib_msgs_generate_messages_eus
[60.585s] [  0%] Built target autoware_msgs_generate_messages_py
[60.810s] [  0%] Built target rosgraph_msgs_generate_messages_lisp
[61.055s] [  0%] Built target autoware_can_msgs_generate_messages_lisp
[61.278s] [  0%] Built target autoware_can_msgs_generate_messages_nodejs
[61.516s] [  0%] Built target jsk_footstep_msgs_generate_messages_lisp
[61.732s] [  0%] Built target autoware_msgs_generate_messages_nodejs
[61.924s] [  0%] Built target autoware_msgs_generate_messages_lisp
[62.160s] [  0%] Built target geometry_msgs_generate_messages_cpp
[62.301s] [  0%] Built target jsk_footstep_msgs_generate_messages_eus
[62.537s] [  0%] Built target std_msgs_generate_messages_cpp
[62.757s] [  0%] Built target tablet_socket_msgs_generate_messages_cpp
[62.966s] [  0%] Built target autoware_msgs_generate_messages_cpp
[63.166s] [  0%] Built target std_msgs_generate_messages_lisp
[63.384s] [  0%] Built target jsk_recognition_msgs_generate_messages_py
[63.610s] [  0%] Built target sensor_msgs_generate_messages_cpp
[63.837s] [  0%] Built target pcl_msgs_generate_messages_cpp
[64.097s] [  0%] Built target roscpp_generate_messages_cpp
[64.269s] [  0%] Built target sensor_msgs_generate_messages_eus
[64.471s] [  0%] Built target sensor_msgs_generate_messages_lisp
[64.715s] [  0%] Built target pcl_msgs_generate_messages_eus
[64.966s] [  0%] Built target pcl_msgs_generate_messages_nodejs
[65.288s] [  0%] Built target pcl_msgs_generate_messages_lisp
[65.604s] [  0%] Built target pcl_msgs_generate_messages_py
[65.851s] [  0%] Built target sensor_msgs_generate_messages_nodejs
[66.115s] [  0%] Built target jsk_footstep_msgs_generate_messages_nodejs
[66.410s] [  0%] Built target actionlib_msgs_generate_messages_cpp
[66.648s] [  0%] Built target std_msgs_generate_messages_eus
[66.895s] [  0%] Built target actionlib_msgs_generate_messages_lisp
[67.137s] [  0%] Built target actionlib_msgs_generate_messages_nodejs
[67.396s] [  0%] Built target actionlib_msgs_generate_messages_py
[67.667s] [  0%] Built target rosgraph_msgs_generate_messages_nodejs
[67.902s] [  0%] Built target roscpp_generate_messages_eus
[68.134s] [  0%] Built target jsk_footstep_msgs_generate_messages_cpp
[68.419s] [  0%] Built target roscpp_generate_messages_nodejs
[68.672s] [  0%] Built target jsk_recognition_msgs_generate_messages_nodejs
[68.969s] [  0%] Built target roscpp_generate_messages_py
[69.180s] [  0%] Built target autoware_can_msgs_generate_messages_py
[69.389s] [  0%] Built target geometry_msgs_generate_messages_nodejs
[69.569s] [  0%] Built target rosgraph_msgs_generate_messages_cpp
[69.788s] [  0%] Built target autoware_can_msgs_generate_messages_eus
[69.984s] [  0%] Built target tablet_socket_msgs_generate_messages_eus
[70.185s] [  0%] Built target tablet_socket_msgs_generate_messages_nodejs
[70.359s] [  0%] Built target jsk_recognition_msgs_generate_messages_eus
[70.562s] [  0%] Built target jsk_recognition_msgs_generate_messages_lisp
[70.746s] [  0%] Built target rosgraph_msgs_generate_messages_py
[70.920s] [  0%] Built target tablet_socket_msgs_generate_messages_py
[71.179s] [ 50%] Built target mqtt_receiver
[71.601s] [100%] Built target mqtt_sender
[71.770s] [36mInstall the project...[0m
[71.894s] -- Install configuration: "Release"
[71.895s] -- Installing: /home/capstone/autoware.ai/install/mqtt_socket/lib/pkgconfig/mqtt_socket.pc
[71.896s] -- Installing: /home/capstone/autoware.ai/install/mqtt_socket/share/mqtt_socket/cmake/mqtt_socketConfig.cmake
[71.896s] -- Installing: /home/capstone/autoware.ai/install/mqtt_socket/share/mqtt_socket/cmake/mqtt_socketConfig-version.cmake
[71.897s] -- Installing: /home/capstone/autoware.ai/install/mqtt_socket/share/mqtt_socket/package.xml
[71.898s] -- Installing: /home/capstone/autoware.ai/install/mqtt_socket/lib/mqtt_socket/mqtt_receiver
[71.900s] -- Set runtime path of "/home/capstone/autoware.ai/install/mqtt_socket/lib/mqtt_socket/mqtt_receiver" to ""
[71.900s] -- Installing: /home/capstone/autoware.ai/install/mqtt_socket/lib/mqtt_socket/mqtt_sender
[71.903s] -- Set runtime path of "/home/capstone/autoware.ai/install/mqtt_socket/lib/mqtt_socket/mqtt_sender" to ""
