[1.002s] [  0%] Built target rosgraph_msgs_generate_messages_eus
[1.145s] [  0%] Built target actionlib_generate_messages_py
[1.293s] [  0%] Built target actionlib_generate_messages_nodejs
[1.461s] [  0%] Built target actionlib_generate_messages_cpp
[1.613s] [  0%] Built target rosgraph_msgs_generate_messages_py
[1.756s] [  0%] Built target rosgraph_msgs_generate_messages_nodejs
[1.901s] [  0%] Built target jsk_recognition_msgs_generate_messages_lisp
[2.044s] [  0%] Built target tf_generate_messages_cpp
[2.187s] [  0%] Built target jsk_recognition_msgs_generate_messages_eus
[2.351s] [  0%] Built target std_msgs_generate_messages_py
[2.538s] [  0%] Built target jsk_recognition_msgs_generate_messages_cpp
[2.683s] [  0%] Built target autoware_system_msgs_generate_messages_py
[2.825s] [  0%] Built target geometry_msgs_generate_messages_lisp
[2.967s] [  0%] Built target autoware_msgs_generate_messages_eus
[3.112s] [  0%] Built target std_msgs_generate_messages_nodejs
[3.258s] [  0%] Built target geometry_msgs_generate_messages_eus
[3.421s] [  0%] Built target std_msgs_generate_messages_cpp
[3.570s] [  0%] Built target jsk_footstep_msgs_generate_messages_py
[3.715s] [  0%] Built target geometry_msgs_generate_messages_py
[3.860s] [  0%] Built target tf2_msgs_generate_messages_eus
[4.002s] [  0%] Built target sensor_msgs_generate_messages_py
[4.150s] [  0%] Built target jsk_footstep_msgs_generate_messages_lisp
[4.294s] [  0%] Built target autoware_msgs_generate_messages_nodejs
[4.495s] [  0%] Built target actionlib_msgs_generate_messages_eus
[4.636s] [  0%] Built target tf_generate_messages_eus
[4.784s] [  0%] Built target autoware_msgs_generate_messages_py
[4.928s] [  0%] Built target rosgraph_msgs_generate_messages_lisp
[5.076s] [  0%] Built target autoware_config_msgs_generate_messages_py
[5.217s] [  0%] Built target sensor_msgs_generate_messages_lisp
[5.411s] [  0%] Built target sensor_msgs_generate_messages_eus
[5.588s] [  0%] Built target roscpp_generate_messages_cpp
[5.735s] [  0%] Built target autoware_system_msgs_generate_messages_eus
[5.881s] [  0%] Built target autoware_msgs_generate_messages_lisp
[6.026s] [  0%] Built target sensor_msgs_generate_messages_cpp
[6.180s] [  0%] Built target pcl_msgs_generate_messages_cpp
[6.364s] [  0%] Built target autoware_config_msgs_generate_messages_nodejs
[6.535s] [  0%] Built target jsk_recognition_msgs_generate_messages_py
[6.689s] [  0%] Built target std_msgs_generate_messages_lisp
[6.833s] [  0%] Built target autoware_msgs_generate_messages_cpp
[6.980s] [  0%] Built target jsk_footstep_msgs_generate_messages_eus
[7.123s] [  0%] Built target actionlib_generate_messages_lisp
[7.273s] [  0%] Built target _catkin_empty_exported_target
[7.484s] [  0%] Built target roscpp_generate_messages_lisp
[7.628s] [  0%] Built target geometry_msgs_generate_messages_nodejs
[7.773s] [  0%] Built target geometry_msgs_generate_messages_cpp
[7.920s] [  0%] Built target pcl_msgs_generate_messages_eus
[8.068s] [  0%] Built target pcl_msgs_generate_messages_nodejs
[8.216s] [  0%] Built target pcl_msgs_generate_messages_lisp
[8.403s] [  0%] Built target pcl_msgs_generate_messages_py
[8.557s] [  0%] Built target sensor_msgs_generate_messages_nodejs
[8.702s] [  0%] Built target jsk_footstep_msgs_generate_messages_nodejs
[8.848s] [  0%] Built target actionlib_msgs_generate_messages_cpp
[8.989s] [  0%] Built target actionlib_msgs_generate_messages_py
[9.133s] [  0%] Built target tf_generate_messages_lisp
[9.303s] [  0%] Built target tf_generate_messages_nodejs
[9.500s] [  0%] Built target std_msgs_generate_messages_eus
[9.648s] [  0%] Built target actionlib_msgs_generate_messages_lisp
[9.798s] [  0%] Built target actionlib_msgs_generate_messages_nodejs
[9.940s] [  0%] Built target tf_generate_messages_py
[10.085s] [  0%] Built target jsk_recognition_msgs_generate_messages_nodejs
[10.234s] [  0%] Built target roscpp_generate_messages_py
[10.440s] [  0%] Built target roscpp_generate_messages_eus
[10.588s] [  0%] Built target jsk_footstep_msgs_generate_messages_cpp
[10.733s] [  0%] Built target roscpp_generate_messages_nodejs
[10.877s] [  0%] Built target actionlib_generate_messages_eus
[11.018s] [  0%] Built target rosgraph_msgs_generate_messages_cpp
[11.162s] [  0%] Built target tf2_msgs_generate_messages_cpp
[11.318s] [  0%] Built target tf2_msgs_generate_messages_lisp
[11.481s] [  0%] Built target tf2_msgs_generate_messages_nodejs
[11.628s] [  0%] Built target autoware_config_msgs_generate_messages_cpp
[11.776s] [  0%] Built target tf2_msgs_generate_messages_py
[11.919s] [  0%] Built target autoware_config_msgs_generate_messages_eus
[12.062s] [  0%] Built target autoware_config_msgs_generate_messages_lisp
[12.207s] [  0%] Built target autoware_system_msgs_generate_messages_cpp
[12.372s] [  0%] Built target autoware_system_msgs_generate_messages_lisp
[12.528s] [  0%] Built target autoware_system_msgs_generate_messages_nodejs
[12.693s] [100%] Built target pure_pursuit
[14.337s] [ 28%] Built target gtest
[14.516s] [ 28%] Built target actionlib_generate_messages_py
[14.660s] [ 28%] Built target actionlib_generate_messages_nodejs
[14.825s] [ 28%] Built target actionlib_generate_messages_cpp
[14.953s] [ 28%] Built target rosgraph_msgs_generate_messages_py
[15.098s] [ 28%] Built target rosgraph_msgs_generate_messages_nodejs
[15.242s] [ 28%] Built target jsk_recognition_msgs_generate_messages_lisp
[15.420s] [ 28%] Built target tf_generate_messages_cpp
[15.564s] [ 28%] Built target jsk_recognition_msgs_generate_messages_eus
[15.711s] [ 28%] Built target std_msgs_generate_messages_py
[15.856s] [ 28%] Built target jsk_recognition_msgs_generate_messages_cpp
[16.004s] [ 28%] Built target autoware_system_msgs_generate_messages_py
[16.150s] [ 28%] Built target geometry_msgs_generate_messages_lisp
[16.314s] [ 28%] Built target autoware_msgs_generate_messages_eus
[16.524s] [ 28%] Built target std_msgs_generate_messages_nodejs
[16.674s] [ 28%] Built target geometry_msgs_generate_messages_eus
[16.819s] [ 28%] Built target std_msgs_generate_messages_cpp
[16.969s] [ 28%] Built target jsk_footstep_msgs_generate_messages_py
[17.112s] [ 28%] Built target geometry_msgs_generate_messages_py
[17.259s] [ 28%] Built target tf2_msgs_generate_messages_eus
[17.475s] [ 28%] Built target sensor_msgs_generate_messages_py
[17.622s] [ 28%] Built target jsk_footstep_msgs_generate_messages_lisp
[17.762s] [ 28%] Built target autoware_msgs_generate_messages_nodejs
[17.899s] [ 28%] Built target actionlib_msgs_generate_messages_eus
[18.042s] [ 28%] Built target tf_generate_messages_eus
[18.184s] [ 28%] Built target autoware_msgs_generate_messages_py
[18.349s] [ 28%] Built target rosgraph_msgs_generate_messages_lisp
[18.531s] [ 28%] Built target autoware_config_msgs_generate_messages_py
[18.673s] [ 28%] Built target sensor_msgs_generate_messages_lisp
[18.818s] [ 28%] Built target sensor_msgs_generate_messages_eus
[18.964s] [ 28%] Built target roscpp_generate_messages_cpp
[19.113s] [ 28%] Built target autoware_system_msgs_generate_messages_eus
[19.260s] [ 28%] Built target autoware_msgs_generate_messages_lisp
[19.472s] [ 28%] Built target sensor_msgs_generate_messages_cpp
[19.616s] [ 28%] Built target pcl_msgs_generate_messages_cpp
[19.758s] [ 28%] Built target autoware_config_msgs_generate_messages_nodejs
[19.904s] [ 28%] Built target jsk_recognition_msgs_generate_messages_py
[20.048s] [ 28%] Built target std_msgs_generate_messages_lisp
[20.194s] [ 28%] Built target autoware_msgs_generate_messages_cpp
[20.382s] [ 28%] Built target jsk_footstep_msgs_generate_messages_eus
[20.539s] [ 28%] Built target actionlib_generate_messages_lisp
[20.685s] [ 28%] Built target _catkin_empty_exported_target
[20.826s] [ 28%] Built target roscpp_generate_messages_lisp
[20.969s] [ 28%] Built target geometry_msgs_generate_messages_nodejs
[21.113s] [ 28%] Built target geometry_msgs_generate_messages_cpp
[21.257s] [ 28%] Built target pcl_msgs_generate_messages_eus
[21.448s] [ 28%] Built target pcl_msgs_generate_messages_nodejs
[21.593s] [ 28%] Built target pcl_msgs_generate_messages_lisp
[21.739s] [ 28%] Built target pcl_msgs_generate_messages_py
[21.889s] [ 28%] Built target sensor_msgs_generate_messages_nodejs
[22.035s] [ 28%] Built target jsk_footstep_msgs_generate_messages_nodejs
[22.178s] [ 28%] Built target actionlib_msgs_generate_messages_cpp
[22.339s] [ 28%] Built target actionlib_msgs_generate_messages_py
[22.500s] [ 28%] Built target tf_generate_messages_lisp
[22.646s] [ 28%] Built target tf_generate_messages_nodejs
[22.788s] [ 28%] Built target std_msgs_generate_messages_eus
[22.929s] [ 28%] Built target actionlib_msgs_generate_messages_lisp
[23.073s] [ 28%] Built target actionlib_msgs_generate_messages_nodejs
[23.222s] [ 28%] Built target tf_generate_messages_py
[23.440s] [ 28%] Built target jsk_recognition_msgs_generate_messages_nodejs
[23.586s] [ 28%] Built target roscpp_generate_messages_py
[23.728s] [ 28%] Built target roscpp_generate_messages_eus
[23.869s] [ 28%] Built target jsk_footstep_msgs_generate_messages_cpp
[24.012s] [ 28%] Built target roscpp_generate_messages_nodejs
[24.154s] [ 28%] Built target actionlib_generate_messages_eus
[24.312s] [ 28%] Built target rosgraph_msgs_generate_messages_cpp
[24.508s] [ 28%] Built target rosgraph_msgs_generate_messages_eus
[24.659s] [ 28%] Built target tf2_msgs_generate_messages_cpp
[24.802s] [ 28%] Built target tf2_msgs_generate_messages_lisp
[24.946s] [ 28%] Built target tf2_msgs_generate_messages_nodejs
[25.094s] [ 28%] Built target autoware_config_msgs_generate_messages_cpp
[25.240s] [ 28%] Built target tf2_msgs_generate_messages_py
[25.442s] [ 28%] Built target autoware_config_msgs_generate_messages_eus
[25.584s] [ 28%] Built target autoware_config_msgs_generate_messages_lisp
[25.724s] [ 28%] Built target autoware_system_msgs_generate_messages_cpp
[25.866s] [ 28%] Built target autoware_system_msgs_generate_messages_lisp
[26.018s] [ 28%] Built target autoware_system_msgs_generate_messages_nodejs
[26.187s] [100%] Built target test-pure_pursuit
[26.388s] [100%] Built target tests
[27.884s] [  0%] Built target rosgraph_msgs_generate_messages_eus
[28.025s] [  0%] Built target actionlib_generate_messages_py
[28.177s] [  0%] Built target actionlib_generate_messages_nodejs
[28.386s] [  0%] Built target actionlib_generate_messages_cpp
[28.548s] [  0%] Built target rosgraph_msgs_generate_messages_py
[28.692s] [  0%] Built target rosgraph_msgs_generate_messages_nodejs
[28.834s] [  0%] Built target jsk_recognition_msgs_generate_messages_lisp
[28.979s] [  0%] Built target tf_generate_messages_cpp
[29.123s] [  0%] Built target jsk_recognition_msgs_generate_messages_eus
[29.282s] [  0%] Built target std_msgs_generate_messages_py
[29.484s] [  0%] Built target jsk_recognition_msgs_generate_messages_cpp
[29.632s] [  0%] Built target autoware_system_msgs_generate_messages_py
[29.777s] [  0%] Built target geometry_msgs_generate_messages_lisp
[29.920s] [  0%] Built target autoware_msgs_generate_messages_eus
[30.063s] [  0%] Built target std_msgs_generate_messages_nodejs
[30.207s] [  0%] Built target geometry_msgs_generate_messages_eus
[30.414s] [  0%] Built target std_msgs_generate_messages_cpp
[30.571s] [  0%] Built target jsk_footstep_msgs_generate_messages_py
[30.723s] [  0%] Built target geometry_msgs_generate_messages_py
[30.870s] [  0%] Built target tf2_msgs_generate_messages_eus
[31.014s] [  0%] Built target sensor_msgs_generate_messages_py
[31.158s] [  0%] Built target jsk_footstep_msgs_generate_messages_lisp
[31.310s] [  0%] Built target autoware_msgs_generate_messages_nodejs
[31.495s] [  0%] Built target actionlib_msgs_generate_messages_eus
[31.644s] [  0%] Built target tf_generate_messages_eus
[31.789s] [  0%] Built target autoware_msgs_generate_messages_py
[31.936s] [  0%] Built target rosgraph_msgs_generate_messages_lisp
[32.083s] [  0%] Built target autoware_config_msgs_generate_messages_py
[32.228s] [  0%] Built target sensor_msgs_generate_messages_lisp
[32.416s] [  0%] Built target sensor_msgs_generate_messages_eus
[32.568s] [  0%] Built target roscpp_generate_messages_cpp
[32.724s] [  0%] Built target autoware_system_msgs_generate_messages_eus
[32.866s] [  0%] Built target autoware_msgs_generate_messages_lisp
[33.012s] [  0%] Built target sensor_msgs_generate_messages_cpp
[33.154s] [  0%] Built target pcl_msgs_generate_messages_cpp
[33.316s] [  0%] Built target autoware_config_msgs_generate_messages_nodejs
[33.483s] [  0%] Built target jsk_recognition_msgs_generate_messages_py
[33.624s] [  0%] Built target std_msgs_generate_messages_lisp
[33.767s] [  0%] Built target autoware_msgs_generate_messages_cpp
[33.909s] [  0%] Built target jsk_footstep_msgs_generate_messages_eus
[34.058s] [  0%] Built target actionlib_generate_messages_lisp
[34.201s] [  0%] Built target _catkin_empty_exported_target
[34.382s] [  0%] Built target roscpp_generate_messages_lisp
[34.531s] [  0%] Built target geometry_msgs_generate_messages_nodejs
[34.673s] [  0%] Built target geometry_msgs_generate_messages_cpp
[34.818s] [  0%] Built target pcl_msgs_generate_messages_eus
[34.961s] [  0%] Built target pcl_msgs_generate_messages_nodejs
[35.106s] [  0%] Built target pcl_msgs_generate_messages_lisp
[35.250s] [  0%] Built target pcl_msgs_generate_messages_py
[35.464s] [  0%] Built target sensor_msgs_generate_messages_nodejs
[35.609s] [  0%] Built target jsk_footstep_msgs_generate_messages_nodejs
[35.755s] [  0%] Built target actionlib_msgs_generate_messages_cpp
[35.902s] [  0%] Built target actionlib_msgs_generate_messages_py
[36.047s] [  0%] Built target tf_generate_messages_lisp
[36.196s] [  0%] Built target tf_generate_messages_nodejs
[36.382s] [  0%] Built target std_msgs_generate_messages_eus
[36.543s] [  0%] Built target actionlib_msgs_generate_messages_lisp
[36.688s] [  0%] Built target actionlib_msgs_generate_messages_nodejs
[36.829s] [  0%] Built target tf_generate_messages_py
[36.979s] [  0%] Built target jsk_recognition_msgs_generate_messages_nodejs
[37.125s] [  0%] Built target roscpp_generate_messages_py
[37.272s] [  0%] Built target roscpp_generate_messages_eus
[37.452s] [  0%] Built target jsk_footstep_msgs_generate_messages_cpp
[37.596s] [  0%] Built target roscpp_generate_messages_nodejs
[37.739s] [  0%] Built target actionlib_generate_messages_eus
[37.881s] [  0%] Built target rosgraph_msgs_generate_messages_cpp
[38.030s] [  0%] Built target tf2_msgs_generate_messages_cpp
[38.176s] [  0%] Built target tf2_msgs_generate_messages_lisp
[38.341s] [  0%] Built target tf2_msgs_generate_messages_nodejs
[38.509s] [  0%] Built target autoware_config_msgs_generate_messages_cpp
[38.654s] [  0%] Built target tf2_msgs_generate_messages_py
[38.800s] [  0%] Built target autoware_config_msgs_generate_messages_eus
[38.943s] [  0%] Built target autoware_config_msgs_generate_messages_lisp
[39.087s] [  0%] Built target autoware_system_msgs_generate_messages_cpp
[39.230s] [  0%] Built target autoware_system_msgs_generate_messages_lisp
[39.431s] [  0%] Built target autoware_system_msgs_generate_messages_nodejs
[39.598s] [100%] Built target pure_pursuit
[39.738s] [36mInstall the project...[0m
[39.795s] -- Install configuration: "Release"
[39.795s] -- Up-to-date: /home/capstone/autoware.ai/install/pure_pursuit/lib/pkgconfig/pure_pursuit.pc
[39.796s] -- Up-to-date: /home/capstone/autoware.ai/install/pure_pursuit/share/pure_pursuit/cmake/pure_pursuitConfig.cmake
[39.796s] -- Up-to-date: /home/capstone/autoware.ai/install/pure_pursuit/share/pure_pursuit/cmake/pure_pursuitConfig-version.cmake
[39.796s] -- Up-to-date: /home/capstone/autoware.ai/install/pure_pursuit/share/pure_pursuit/package.xml
[39.796s] -- Up-to-date: /home/capstone/autoware.ai/install/pure_pursuit/lib/pure_pursuit/pure_pursuit
[39.797s] -- Up-to-date: /home/capstone/autoware.ai/install/pure_pursuit/share/pure_pursuit/launch
[39.797s] -- Up-to-date: /home/capstone/autoware.ai/install/pure_pursuit/share/pure_pursuit/launch/pure_pursuit.launch
