[0.978s] [  0%] Built target _catkin_empty_exported_target
[1.143s] [ 16%] Built target lanelet2_examples-02_regulatory_elements-exec
[1.312s] [ 33%] Built target lanelet2_examples-06_routing-exec
[1.476s] [ 50%] Built target lanelet2_examples-04_reading_and_writing-exec
[1.642s] [ 66%] Built target lanelet2_examples-05_traffic_rules-exec
[1.840s] [ 83%] Built target lanelet2_examples-03_lanelet_map-exec
[2.050s] [100%] Built target lanelet2_examples-01_dealing_with_lanelet_primitives-exec
[3.067s] Built target tests
[3.974s] [  0%] Built target _catkin_empty_exported_target
[4.136s] [ 16%] Built target lanelet2_examples-02_regulatory_elements-exec
[4.300s] [ 33%] Built target lanelet2_examples-06_routing-exec
[4.464s] [ 50%] Built target lanelet2_examples-04_reading_and_writing-exec
[4.637s] [ 66%] Built target lanelet2_examples-05_traffic_rules-exec
[4.819s] [ 83%] Built target lanelet2_examples-03_lanelet_map-exec
[5.054s] [100%] Built target lanelet2_examples-01_dealing_with_lanelet_primitives-exec
[5.186s] [36mInstall the project...[0m
[5.244s] -- Install configuration: "Release"
[5.244s] -- Up-to-date: /home/capstone/autoware.ai/install/lanelet2_examples/lib/pkgconfig/lanelet2_examples.pc
[5.245s] -- Up-to-date: /home/capstone/autoware.ai/install/lanelet2_examples/share/lanelet2_examples/cmake/lanelet2_examplesConfig.cmake
[5.245s] -- Up-to-date: /home/capstone/autoware.ai/install/lanelet2_examples/share/lanelet2_examples/cmake/lanelet2_examplesConfig-version.cmake
[5.245s] -- Up-to-date: /home/capstone/autoware.ai/install/lanelet2_examples/share/lanelet2_examples/package.xml
[5.248s] -- Up-to-date: /home/capstone/autoware.ai/install/lanelet2_examples/lib/lanelet2_examples/01_dealing_with_lanelet_primitives
[5.250s] -- Up-to-date: /home/capstone/autoware.ai/install/lanelet2_examples/lib/lanelet2_examples/02_regulatory_elements
[5.251s] -- Up-to-date: /home/capstone/autoware.ai/install/lanelet2_examples/lib/lanelet2_examples/03_lanelet_map
[5.253s] -- Up-to-date: /home/capstone/autoware.ai/install/lanelet2_examples/lib/lanelet2_examples/04_reading_and_writing
[5.254s] -- Up-to-date: /home/capstone/autoware.ai/install/lanelet2_examples/lib/lanelet2_examples/05_traffic_rules
[5.256s] -- Up-to-date: /home/capstone/autoware.ai/install/lanelet2_examples/lib/lanelet2_examples/06_routing
[5.256s] -- Up-to-date: /home/capstone/autoware.ai/install/lanelet2_examples/lib/lanelet2_examples/tutorial.py
