[0.210s] Invoking command in '/home/capstone/autoware.ai/build/sick_ldmrs_msgs': /usr/bin/cmake --build /home/capstone/autoware.ai/build/sick_ldmrs_msgs -- -j12 -l12
[0.661s] [  0%] Built target std_msgs_generate_messages_nodejs
[0.663s] [  0%] Built target geometry_msgs_generate_messages_py
[0.673s] [  0%] Built target geometry_msgs_generate_messages_nodejs
[0.677s] [  0%] Built target geometry_msgs_generate_messages_lisp
[0.682s] [  0%] Built target std_msgs_generate_messages_lisp
[0.685s] [  0%] Built target geometry_msgs_generate_messages_cpp
[0.690s] [  0%] Built target std_msgs_generate_messages_cpp
[0.698s] [  0%] Built target std_msgs_generate_messages_eus
[0.702s] [  0%] Built target std_msgs_generate_messages_py
[0.714s] [  0%] Built target geometry_msgs_generate_messages_eus
[0.760s] [  0%] Built target _sick_ldmrs_msgs_generate_messages_check_deps_ObjectArray
[0.769s] [  0%] Built target _sick_ldmrs_msgs_generate_messages_check_deps_Object
[0.952s] [ 16%] Built target sick_ldmrs_msgs_generate_messages_nodejs
[0.982s] [ 33%] Built target sick_ldmrs_msgs_generate_messages_cpp
[1.048s] [ 50%] Built target sick_ldmrs_msgs_generate_messages_lisp
[1.138s] [ 75%] Built target sick_ldmrs_msgs_generate_messages_py
[1.177s] [100%] Built target sick_ldmrs_msgs_generate_messages_eus
[1.590s] [100%] Built target sick_ldmrs_msgs_generate_messages
[1.723s] Invoked command in '/home/capstone/autoware.ai/build/sick_ldmrs_msgs' returned '0': /usr/bin/cmake --build /home/capstone/autoware.ai/build/sick_ldmrs_msgs -- -j12 -l12
[2.292s] Invoking command in '/home/capstone/autoware.ai/build/sick_ldmrs_msgs': /usr/bin/cmake --build /home/capstone/autoware.ai/build/sick_ldmrs_msgs --target tests -- -j12 -l12
[3.439s] Built target tests
[3.536s] Invoked command in '/home/capstone/autoware.ai/build/sick_ldmrs_msgs' returned '0': /usr/bin/cmake --build /home/capstone/autoware.ai/build/sick_ldmrs_msgs --target tests -- -j12 -l12
[5.129s] Invoking command in '/home/capstone/autoware.ai/build/sick_ldmrs_msgs': /usr/bin/cmake --build /home/capstone/autoware.ai/build/sick_ldmrs_msgs --target install -- -j12 -l12
[5.779s] [  0%] Built target geometry_msgs_generate_messages_py
[5.904s] [  0%] Built target std_msgs_generate_messages_py
[5.955s] [  0%] Built target std_msgs_generate_messages_eus
[6.179s] [  0%] Built target _sick_ldmrs_msgs_generate_messages_check_deps_Object
[6.199s] [  0%] Built target _sick_ldmrs_msgs_generate_messages_check_deps_ObjectArray
[6.256s] [  0%] Built target std_msgs_generate_messages_nodejs
[6.395s] [  0%] Built target geometry_msgs_generate_messages_nodejs
[6.529s] [  0%] Built target std_msgs_generate_messages_lisp
[6.597s] [  0%] Built target geometry_msgs_generate_messages_eus
[6.648s] [  0%] Built target geometry_msgs_generate_messages_cpp
[6.782s] [  0%] Built target geometry_msgs_generate_messages_lisp
[6.786s] [  0%] Built target std_msgs_generate_messages_cpp
[6.791s] [ 25%] Built target sick_ldmrs_msgs_generate_messages_py
[6.882s] [ 41%] Built target sick_ldmrs_msgs_generate_messages_nodejs
[6.981s] [ 66%] Built target sick_ldmrs_msgs_generate_messages_eus
[6.997s] [ 83%] Built target sick_ldmrs_msgs_generate_messages_lisp
[7.035s] [100%] Built target sick_ldmrs_msgs_generate_messages_cpp
[7.312s] [100%] Built target sick_ldmrs_msgs_generate_messages
[7.643s] [36mInstall the project...[0m
[7.701s] -- Install configuration: "Release"
[7.701s] -- Up-to-date: /home/capstone/autoware.ai/install/sick_ldmrs_msgs/share/sick_ldmrs_msgs/msg/Object.msg
[7.701s] -- Up-to-date: /home/capstone/autoware.ai/install/sick_ldmrs_msgs/share/sick_ldmrs_msgs/msg/ObjectArray.msg
[7.702s] -- Up-to-date: /home/capstone/autoware.ai/install/sick_ldmrs_msgs/share/sick_ldmrs_msgs/cmake/sick_ldmrs_msgs-msg-paths.cmake
[7.702s] -- Up-to-date: /home/capstone/autoware.ai/install/sick_ldmrs_msgs/include/sick_ldmrs_msgs
[7.702s] -- Up-to-date: /home/capstone/autoware.ai/install/sick_ldmrs_msgs/include/sick_ldmrs_msgs/Object.h
[7.702s] -- Up-to-date: /home/capstone/autoware.ai/install/sick_ldmrs_msgs/include/sick_ldmrs_msgs/ObjectArray.h
[7.702s] -- Up-to-date: /home/capstone/autoware.ai/install/sick_ldmrs_msgs/share/roseus/ros/sick_ldmrs_msgs
[7.703s] -- Up-to-date: /home/capstone/autoware.ai/install/sick_ldmrs_msgs/share/roseus/ros/sick_ldmrs_msgs/manifest.l
[7.703s] -- Up-to-date: /home/capstone/autoware.ai/install/sick_ldmrs_msgs/share/roseus/ros/sick_ldmrs_msgs/msg
[7.703s] -- Up-to-date: /home/capstone/autoware.ai/install/sick_ldmrs_msgs/share/roseus/ros/sick_ldmrs_msgs/msg/Object.l
[7.703s] -- Up-to-date: /home/capstone/autoware.ai/install/sick_ldmrs_msgs/share/roseus/ros/sick_ldmrs_msgs/msg/ObjectArray.l
[7.703s] -- Up-to-date: /home/capstone/autoware.ai/install/sick_ldmrs_msgs/share/common-lisp/ros/sick_ldmrs_msgs
[7.704s] -- Up-to-date: /home/capstone/autoware.ai/install/sick_ldmrs_msgs/share/common-lisp/ros/sick_ldmrs_msgs/msg
[7.704s] -- Up-to-date: /home/capstone/autoware.ai/install/sick_ldmrs_msgs/share/common-lisp/ros/sick_ldmrs_msgs/msg/_package_Object.lisp
[7.704s] -- Up-to-date: /home/capstone/autoware.ai/install/sick_ldmrs_msgs/share/common-lisp/ros/sick_ldmrs_msgs/msg/sick_ldmrs_msgs-msg.asd
[7.705s] -- Up-to-date: /home/capstone/autoware.ai/install/sick_ldmrs_msgs/share/common-lisp/ros/sick_ldmrs_msgs/msg/Object.lisp
[7.705s] -- Up-to-date: /home/capstone/autoware.ai/install/sick_ldmrs_msgs/share/common-lisp/ros/sick_ldmrs_msgs/msg/_package.lisp
[7.705s] -- Up-to-date: /home/capstone/autoware.ai/install/sick_ldmrs_msgs/share/common-lisp/ros/sick_ldmrs_msgs/msg/_package_ObjectArray.lisp
[7.706s] -- Up-to-date: /home/capstone/autoware.ai/install/sick_ldmrs_msgs/share/common-lisp/ros/sick_ldmrs_msgs/msg/ObjectArray.lisp
[7.706s] -- Up-to-date: /home/capstone/autoware.ai/install/sick_ldmrs_msgs/share/gennodejs/ros/sick_ldmrs_msgs
[7.706s] -- Up-to-date: /home/capstone/autoware.ai/install/sick_ldmrs_msgs/share/gennodejs/ros/sick_ldmrs_msgs/_index.js
[7.706s] -- Up-to-date: /home/capstone/autoware.ai/install/sick_ldmrs_msgs/share/gennodejs/ros/sick_ldmrs_msgs/msg
[7.707s] -- Up-to-date: /home/capstone/autoware.ai/install/sick_ldmrs_msgs/share/gennodejs/ros/sick_ldmrs_msgs/msg/Object.js
[7.707s] -- Up-to-date: /home/capstone/autoware.ai/install/sick_ldmrs_msgs/share/gennodejs/ros/sick_ldmrs_msgs/msg/_index.js
[7.707s] -- Up-to-date: /home/capstone/autoware.ai/install/sick_ldmrs_msgs/share/gennodejs/ros/sick_ldmrs_msgs/msg/ObjectArray.js
[7.793s] Listing /home/capstone/autoware.ai/build/sick_ldmrs_msgs/devel/lib/python2.7/dist-packages/sick_ldmrs_msgs ...
[7.793s] Listing /home/capstone/autoware.ai/build/sick_ldmrs_msgs/devel/lib/python2.7/dist-packages/sick_ldmrs_msgs/msg ...
[7.795s] -- Up-to-date: /home/capstone/autoware.ai/install/sick_ldmrs_msgs/lib/python2.7/dist-packages/sick_ldmrs_msgs
[7.796s] -- Up-to-date: /home/capstone/autoware.ai/install/sick_ldmrs_msgs/lib/python2.7/dist-packages/sick_ldmrs_msgs/__init__.pyc
[7.796s] -- Up-to-date: /home/capstone/autoware.ai/install/sick_ldmrs_msgs/lib/python2.7/dist-packages/sick_ldmrs_msgs/__init__.py
[7.798s] -- Up-to-date: /home/capstone/autoware.ai/install/sick_ldmrs_msgs/lib/python2.7/dist-packages/sick_ldmrs_msgs/msg
[7.798s] -- Up-to-date: /home/capstone/autoware.ai/install/sick_ldmrs_msgs/lib/python2.7/dist-packages/sick_ldmrs_msgs/msg/_ObjectArray.pyc
[7.798s] -- Up-to-date: /home/capstone/autoware.ai/install/sick_ldmrs_msgs/lib/python2.7/dist-packages/sick_ldmrs_msgs/msg/_Object.pyc
[7.799s] -- Up-to-date: /home/capstone/autoware.ai/install/sick_ldmrs_msgs/lib/python2.7/dist-packages/sick_ldmrs_msgs/msg/_ObjectArray.py
[7.799s] -- Up-to-date: /home/capstone/autoware.ai/install/sick_ldmrs_msgs/lib/python2.7/dist-packages/sick_ldmrs_msgs/msg/_Object.py
[7.799s] -- Up-to-date: /home/capstone/autoware.ai/install/sick_ldmrs_msgs/lib/python2.7/dist-packages/sick_ldmrs_msgs/msg/__init__.pyc
[7.799s] -- Up-to-date: /home/capstone/autoware.ai/install/sick_ldmrs_msgs/lib/python2.7/dist-packages/sick_ldmrs_msgs/msg/__init__.py
[7.800s] -- Up-to-date: /home/capstone/autoware.ai/install/sick_ldmrs_msgs/lib/pkgconfig/sick_ldmrs_msgs.pc
[7.800s] -- Up-to-date: /home/capstone/autoware.ai/install/sick_ldmrs_msgs/share/sick_ldmrs_msgs/cmake/sick_ldmrs_msgs-msg-extras.cmake
[7.800s] -- Up-to-date: /home/capstone/autoware.ai/install/sick_ldmrs_msgs/share/sick_ldmrs_msgs/cmake/sick_ldmrs_msgsConfig.cmake
[7.800s] -- Up-to-date: /home/capstone/autoware.ai/install/sick_ldmrs_msgs/share/sick_ldmrs_msgs/cmake/sick_ldmrs_msgsConfig-version.cmake
[7.800s] -- Up-to-date: /home/capstone/autoware.ai/install/sick_ldmrs_msgs/share/sick_ldmrs_msgs/package.xml
[7.800s] -- Up-to-date: /home/capstone/autoware.ai/install/sick_ldmrs_msgs/include/sick_ldmrs_msgs
[7.801s] -- Up-to-date: /home/capstone/autoware.ai/install/sick_ldmrs_msgs/include/sick_ldmrs_msgs/sick_ldmrs_point_type.h
[7.809s] Invoked command in '/home/capstone/autoware.ai/build/sick_ldmrs_msgs' returned '0': /usr/bin/cmake --build /home/capstone/autoware.ai/build/sick_ldmrs_msgs --target install -- -j12 -l12
