[0.562s] [  0%] Built target rosgraph_msgs_generate_messages_cpp
[0.710s] [  0%] Built target std_srvs_generate_messages_lisp
[0.862s] [  0%] Built target std_srvs_generate_messages_eus
[1.051s] [  0%] Built target bond_generate_messages_py
[1.197s] [  0%] Built target bond_generate_messages_nodejs
[1.338s] [  0%] Built target bond_generate_messages_lisp
[1.484s] [  0%] Built target bond_generate_messages_eus
[1.635s] [  0%] Built target std_srvs_generate_messages_nodejs
[1.786s] [  0%] Built target nodelet_generate_messages_py
[1.984s] [  0%] Built target nodelet_generate_messages_nodejs
[2.130s] [  0%] Built target nodelet_generate_messages_eus
[2.270s] [  0%] Built target nodelet_generate_messages_cpp
[2.413s] [  0%] Built target rosgraph_msgs_generate_messages_py
[2.558s] [  0%] Built target rosgraph_msgs_generate_messages_nodejs
[2.704s] [  0%] Built target std_srvs_generate_messages_py
[2.867s] [  0%] Built target rosgraph_msgs_generate_messages_eus
[3.035s] [  0%] Built target jsk_recognition_msgs_generate_messages_lisp
[3.182s] [  0%] Built target jsk_recognition_msgs_generate_messages_eus
[3.335s] [  0%] Built target std_msgs_generate_messages_py
[3.479s] [  0%] Built target jsk_recognition_msgs_generate_messages_cpp
[3.625s] [  0%] Built target geometry_msgs_generate_messages_lisp
[3.775s] [  0%] Built target autoware_msgs_generate_messages_eus
[4.001s] [  0%] Built target nodelet_generate_messages_lisp
[4.152s] [  0%] Built target std_msgs_generate_messages_nodejs
[4.302s] [  0%] Built target geometry_msgs_generate_messages_eus
[4.447s] [  0%] Built target std_msgs_generate_messages_cpp
[4.599s] [  0%] Built target jsk_footstep_msgs_generate_messages_py
[4.743s] [  0%] Built target geometry_msgs_generate_messages_py
[4.935s] [  0%] Built target tf2_msgs_generate_messages_eus
[5.079s] [  0%] Built target sensor_msgs_generate_messages_py
[5.223s] [  0%] Built target topic_tools_generate_messages_eus
[5.370s] [  0%] Built target jsk_footstep_msgs_generate_messages_lisp
[5.515s] [  0%] Built target autoware_msgs_generate_messages_nodejs
[5.661s] [  0%] Built target tf_generate_messages_eus
[5.815s] [  0%] Built target rosgraph_msgs_generate_messages_lisp
[6.004s] [  0%] Built target autoware_msgs_generate_messages_py
[6.150s] [  0%] Built target std_srvs_generate_messages_cpp
[6.294s] [  0%] Built target dynamic_reconfigure_generate_messages_py
[6.440s] [  0%] Built target actionlib_msgs_generate_messages_eus
[6.584s] [  0%] Built target nodelet_topic_tools_gencfg
[6.728s] [  0%] Built target sensor_msgs_generate_messages_lisp
[6.896s] [  0%] Built target sensor_msgs_generate_messages_eus
[7.050s] [  0%] Built target topic_tools_generate_messages_py
[7.194s] [  0%] Built target roscpp_generate_messages_cpp
[7.339s] [  0%] Built target topic_tools_generate_messages_cpp
[7.486s] [  0%] Built target autoware_msgs_generate_messages_lisp
[7.631s] [  0%] Built target sensor_msgs_generate_messages_cpp
[7.784s] [  0%] Built target pcl_msgs_generate_messages_cpp
[7.999s] [  0%] Built target tf2_msgs_generate_messages_py
[8.147s] [  0%] Built target bond_generate_messages_cpp
[8.294s] [  0%] Built target dynamic_reconfigure_generate_messages_nodejs
[8.440s] [  0%] Built target jsk_recognition_msgs_generate_messages_py
[8.587s] [  0%] Built target std_msgs_generate_messages_lisp
[8.730s] [  0%] Built target autoware_msgs_generate_messages_cpp
[8.939s] [  0%] Built target jsk_footstep_msgs_generate_messages_eus
[9.086s] [  0%] Built target actionlib_generate_messages_lisp
[9.231s] [  0%] Built target _catkin_empty_exported_target
[9.373s] [  0%] Built target roscpp_generate_messages_lisp
[9.517s] [  0%] Built target geometry_msgs_generate_messages_cpp
[9.666s] [  0%] Built target pcl_msgs_generate_messages_eus
[9.811s] [  0%] Built target pcl_msgs_generate_messages_nodejs
[10.002s] [  0%] Built target pcl_msgs_generate_messages_lisp
[10.150s] [  0%] Built target pcl_msgs_generate_messages_py
[10.293s] [  0%] Built target sensor_msgs_generate_messages_nodejs
[10.437s] [  0%] Built target jsk_footstep_msgs_generate_messages_nodejs
[10.586s] [  0%] Built target actionlib_msgs_generate_messages_cpp
[10.735s] [  0%] Built target tf_generate_messages_py
[10.924s] [  0%] Built target std_msgs_generate_messages_eus
[11.070s] [  0%] Built target actionlib_msgs_generate_messages_lisp
[11.235s] [  0%] Built target actionlib_msgs_generate_messages_nodejs
[11.376s] [  0%] Built target actionlib_msgs_generate_messages_py
[11.525s] [  0%] Built target pcl_ros_gencfg
[11.674s] [  0%] Built target dynamic_reconfigure_generate_messages_cpp
[11.836s] [  0%] Built target geometry_msgs_generate_messages_nodejs
[12.026s] [  0%] Built target dynamic_reconfigure_generate_messages_eus
[12.170s] [  0%] Built target dynamic_reconfigure_gencfg
[12.314s] [  0%] Built target tf2_msgs_generate_messages_cpp
[12.461s] [  0%] Built target dynamic_reconfigure_generate_messages_lisp
[12.608s] [  0%] Built target roscpp_generate_messages_eus
[12.752s] [  0%] Built target jsk_footstep_msgs_generate_messages_cpp
[12.960s] [  0%] Built target roscpp_generate_messages_nodejs
[13.113s] [  0%] Built target jsk_recognition_msgs_generate_messages_nodejs
[13.255s] [  0%] Built target roscpp_generate_messages_py
[13.400s] [  0%] Built target actionlib_generate_messages_eus
[13.551s] [  0%] Built target topic_tools_generate_messages_lisp
[13.693s] [  0%] Built target topic_tools_generate_messages_nodejs
[13.868s] [  0%] Built target tf_generate_messages_cpp
[14.045s] [  0%] Built target tf_generate_messages_lisp
[14.189s] [  0%] Built target tf_generate_messages_nodejs
[14.332s] [  0%] Built target actionlib_generate_messages_cpp
[14.480s] [  0%] Built target actionlib_generate_messages_nodejs
[14.622s] [  0%] Built target actionlib_generate_messages_py
[14.767s] [  0%] Built target tf2_msgs_generate_messages_lisp
[14.948s] [  0%] Built target tf2_msgs_generate_messages_nodejs
[15.135s] [100%] Built target lidar_fake_perception_node
[16.677s] Built target tests
[18.213s] [  0%] Built target rosgraph_msgs_generate_messages_cpp
[18.355s] [  0%] Built target std_srvs_generate_messages_lisp
[18.502s] [  0%] Built target std_srvs_generate_messages_eus
[18.645s] [  0%] Built target bond_generate_messages_py
[18.800s] [  0%] Built target bond_generate_messages_nodejs
[19.001s] [  0%] Built target bond_generate_messages_lisp
[19.150s] [  0%] Built target bond_generate_messages_eus
[19.304s] [  0%] Built target std_srvs_generate_messages_nodejs
[19.447s] [  0%] Built target nodelet_generate_messages_py
[19.597s] [  0%] Built target nodelet_generate_messages_nodejs
[19.744s] [  0%] Built target nodelet_generate_messages_eus
[19.968s] [  0%] Built target nodelet_generate_messages_cpp
[20.112s] [  0%] Built target rosgraph_msgs_generate_messages_py
[20.261s] [  0%] Built target rosgraph_msgs_generate_messages_nodejs
[20.404s] [  0%] Built target std_srvs_generate_messages_py
[20.544s] [  0%] Built target rosgraph_msgs_generate_messages_eus
[20.693s] [  0%] Built target jsk_recognition_msgs_generate_messages_lisp
[20.859s] [  0%] Built target jsk_recognition_msgs_generate_messages_eus
[21.022s] [  0%] Built target std_msgs_generate_messages_py
[21.165s] [  0%] Built target jsk_recognition_msgs_generate_messages_cpp
[21.306s] [  0%] Built target geometry_msgs_generate_messages_lisp
[21.449s] [  0%] Built target autoware_msgs_generate_messages_eus
[21.595s] [  0%] Built target nodelet_generate_messages_lisp
[21.753s] [  0%] Built target std_msgs_generate_messages_nodejs
[21.973s] [  0%] Built target geometry_msgs_generate_messages_eus
[22.118s] [  0%] Built target std_msgs_generate_messages_cpp
[22.272s] [  0%] Built target jsk_footstep_msgs_generate_messages_py
[22.431s] [  0%] Built target geometry_msgs_generate_messages_py
[22.579s] [  0%] Built target tf2_msgs_generate_messages_eus
[22.726s] [  0%] Built target sensor_msgs_generate_messages_py
[22.910s] [  0%] Built target topic_tools_generate_messages_eus
[23.061s] [  0%] Built target jsk_footstep_msgs_generate_messages_lisp
[23.207s] [  0%] Built target autoware_msgs_generate_messages_nodejs
[23.352s] [  0%] Built target tf_generate_messages_eus
[23.500s] [  0%] Built target rosgraph_msgs_generate_messages_lisp
[23.645s] [  0%] Built target autoware_msgs_generate_messages_py
[23.810s] [  0%] Built target std_srvs_generate_messages_cpp
[23.992s] [  0%] Built target dynamic_reconfigure_generate_messages_py
[24.135s] [  0%] Built target actionlib_msgs_generate_messages_eus
[24.277s] [  0%] Built target nodelet_topic_tools_gencfg
[24.423s] [  0%] Built target sensor_msgs_generate_messages_lisp
[24.567s] [  0%] Built target sensor_msgs_generate_messages_eus
[24.711s] [  0%] Built target topic_tools_generate_messages_py
[24.874s] [  0%] Built target roscpp_generate_messages_cpp
[25.028s] [  0%] Built target topic_tools_generate_messages_cpp
[25.170s] [  0%] Built target autoware_msgs_generate_messages_lisp
[25.316s] [  0%] Built target sensor_msgs_generate_messages_cpp
[25.460s] [  0%] Built target pcl_msgs_generate_messages_cpp
[25.608s] [  0%] Built target tf2_msgs_generate_messages_py
[25.753s] [  0%] Built target bond_generate_messages_cpp
[25.969s] [  0%] Built target dynamic_reconfigure_generate_messages_nodejs
[26.111s] [  0%] Built target jsk_recognition_msgs_generate_messages_py
[26.257s] [  0%] Built target std_msgs_generate_messages_lisp
[26.402s] [  0%] Built target autoware_msgs_generate_messages_cpp
[26.544s] [  0%] Built target jsk_footstep_msgs_generate_messages_eus
[26.688s] [  0%] Built target actionlib_generate_messages_lisp
[26.833s] [  0%] Built target _catkin_empty_exported_target
[27.014s] [  0%] Built target roscpp_generate_messages_lisp
[27.159s] [  0%] Built target geometry_msgs_generate_messages_cpp
[27.305s] [  0%] Built target pcl_msgs_generate_messages_eus
[27.453s] [  0%] Built target pcl_msgs_generate_messages_nodejs
[27.596s] [  0%] Built target pcl_msgs_generate_messages_lisp
[27.741s] [  0%] Built target pcl_msgs_generate_messages_py
[27.941s] [  0%] Built target sensor_msgs_generate_messages_nodejs
[28.089s] [  0%] Built target jsk_footstep_msgs_generate_messages_nodejs
[28.233s] [  0%] Built target actionlib_msgs_generate_messages_cpp
[28.376s] [  0%] Built target tf_generate_messages_py
[28.531s] [  0%] Built target std_msgs_generate_messages_eus
[28.673s] [  0%] Built target actionlib_msgs_generate_messages_lisp
[28.876s] [  0%] Built target actionlib_msgs_generate_messages_nodejs
[29.048s] [  0%] Built target actionlib_msgs_generate_messages_py
[29.196s] [  0%] Built target pcl_ros_gencfg
[29.343s] [  0%] Built target dynamic_reconfigure_generate_messages_cpp
[29.486s] [  0%] Built target geometry_msgs_generate_messages_nodejs
[29.634s] [  0%] Built target dynamic_reconfigure_generate_messages_eus
[29.786s] [  0%] Built target dynamic_reconfigure_gencfg
[29.951s] [  0%] Built target tf2_msgs_generate_messages_cpp
[30.097s] [  0%] Built target dynamic_reconfigure_generate_messages_lisp
[30.242s] [  0%] Built target roscpp_generate_messages_eus
[30.386s] [  0%] Built target jsk_footstep_msgs_generate_messages_cpp
[30.542s] [  0%] Built target roscpp_generate_messages_nodejs
[30.687s] [  0%] Built target jsk_recognition_msgs_generate_messages_nodejs
[30.851s] [  0%] Built target roscpp_generate_messages_py
[31.035s] [  0%] Built target actionlib_generate_messages_eus
[31.177s] [  0%] Built target topic_tools_generate_messages_lisp
[31.318s] [  0%] Built target topic_tools_generate_messages_nodejs
[31.467s] [  0%] Built target tf_generate_messages_cpp
[31.610s] [  0%] Built target tf_generate_messages_lisp
[31.752s] [  0%] Built target tf_generate_messages_nodejs
[31.945s] [  0%] Built target actionlib_generate_messages_cpp
[32.098s] [  0%] Built target actionlib_generate_messages_nodejs
[32.242s] [  0%] Built target actionlib_generate_messages_py
[32.387s] [  0%] Built target tf2_msgs_generate_messages_lisp
[32.537s] [  0%] Built target tf2_msgs_generate_messages_nodejs
[32.727s] [100%] Built target lidar_fake_perception_node
[32.919s] [36mInstall the project...[0m
[32.983s] -- Install configuration: "Release"
[32.984s] -- Up-to-date: /home/capstone/autoware.ai/install/lidar_fake_perception/lib/pkgconfig/lidar_fake_perception.pc
[32.984s] -- Up-to-date: /home/capstone/autoware.ai/install/lidar_fake_perception/share/lidar_fake_perception/cmake/lidar_fake_perceptionConfig.cmake
[32.984s] -- Up-to-date: /home/capstone/autoware.ai/install/lidar_fake_perception/share/lidar_fake_perception/cmake/lidar_fake_perceptionConfig-version.cmake
[32.984s] -- Up-to-date: /home/capstone/autoware.ai/install/lidar_fake_perception/share/lidar_fake_perception/package.xml
[32.985s] -- Up-to-date: /home/capstone/autoware.ai/install/lidar_fake_perception/lib/lidar_fake_perception/lidar_fake_perception_node
[32.985s] -- Up-to-date: /home/capstone/autoware.ai/install/lidar_fake_perception/share/lidar_fake_perception/launch
[32.986s] -- Up-to-date: /home/capstone/autoware.ai/install/lidar_fake_perception/share/lidar_fake_perception/launch/lidar_fake_perception.launch
