[1.931s] [  0%] Built target tf_generate_messages_lisp
[2.134s] [  0%] Built target rosgraph_msgs_generate_messages_py
[2.277s] [  0%] Built target rosgraph_msgs_generate_messages_nodejs
[2.420s] [  0%] Built target rosgraph_msgs_generate_messages_eus
[2.564s] [  0%] Built target actionlib_generate_messages_eus
[2.709s] [  0%] Built target rosgraph_msgs_generate_messages_cpp
[2.857s] [  0%] Built target roscpp_generate_messages_lisp
[3.012s] [  0%] Built target roscpp_generate_messages_eus
[3.211s] [  0%] Built target roscpp_generate_messages_cpp
[3.365s] [  0%] Built target tf_generate_messages_nodejs
[3.511s] [  0%] Built target jsk_recognition_msgs_generate_messages_lisp
[3.658s] [  0%] Built target tf_generate_messages_cpp
[3.802s] [  0%] Built target jsk_recognition_msgs_generate_messages_eus
[3.944s] [  0%] Built target std_msgs_generate_messages_py
[4.157s] [  0%] Built target jsk_recognition_msgs_generate_messages_cpp
[4.299s] [  0%] Built target geometry_msgs_generate_messages_lisp
[4.443s] [  0%] Built target autoware_msgs_generate_messages_eus
[4.589s] [  0%] Built target roscpp_generate_messages_py
[4.732s] [  0%] Built target jsk_recognition_msgs_generate_messages_nodejs
[4.878s] [  0%] Built target std_msgs_generate_messages_nodejs
[5.049s] [  0%] Built target geometry_msgs_generate_messages_eus
[5.224s] [  0%] Built target std_msgs_generate_messages_cpp
[5.378s] [  0%] Built target vector_map_msgs_generate_messages_nodejs
[5.526s] [  0%] Built target vector_map_server_generate_messages_cpp
[5.673s] [  0%] Built target jsk_footstep_msgs_generate_messages_py
[5.817s] [  0%] Built target geometry_msgs_generate_messages_py
[5.974s] [  0%] Built target roscpp_generate_messages_nodejs
[6.170s] [  0%] Built target jsk_footstep_msgs_generate_messages_cpp
[6.320s] [  0%] Built target jsk_footstep_msgs_generate_messages_lisp
[6.468s] [  0%] Built target autoware_msgs_generate_messages_nodejs
[6.615s] [  0%] Built target rosgraph_msgs_generate_messages_lisp
[6.761s] [  0%] Built target tf_generate_messages_eus
[6.909s] [  0%] Built target autoware_msgs_generate_messages_py
[7.082s] [  0%] Built target actionlib_msgs_generate_messages_eus
[7.265s] [  0%] Built target visualization_msgs_generate_messages_cpp
[7.413s] [  0%] Built target sensor_msgs_generate_messages_lisp
[7.559s] [  0%] Built target vector_map_server_generate_messages_lisp
[7.709s] [  0%] Built target sensor_msgs_generate_messages_eus
[7.856s] [  0%] Built target visualization_msgs_generate_messages_py
[8.050s] [  0%] Built target autoware_msgs_generate_messages_lisp
[8.219s] [  0%] Built target sensor_msgs_generate_messages_cpp
[8.367s] [  0%] Built target pcl_msgs_generate_messages_cpp
[8.512s] [  0%] Built target jsk_recognition_msgs_generate_messages_py
[8.657s] [  0%] Built target std_msgs_generate_messages_lisp
[8.804s] [  0%] Built target autoware_msgs_generate_messages_cpp
[8.950s] [  0%] Built target jsk_footstep_msgs_generate_messages_eus
[9.139s] [  0%] Built target actionlib_generate_messages_lisp
[9.285s] [  0%] Built target _catkin_empty_exported_target
[9.429s] [  0%] Built target geometry_msgs_generate_messages_nodejs
[9.571s] [  0%] Built target geometry_msgs_generate_messages_cpp
[9.717s] [  0%] Built target pcl_msgs_generate_messages_eus
[9.865s] [  0%] Built target pcl_msgs_generate_messages_py
[10.040s] [  0%] Built target sensor_msgs_generate_messages_nodejs
[10.216s] [  0%] Built target jsk_footstep_msgs_generate_messages_nodejs
[10.364s] [  0%] Built target actionlib_msgs_generate_messages_cpp
[10.507s] [  0%] Built target tf_generate_messages_py
[10.649s] [  0%] Built target std_msgs_generate_messages_eus
[10.793s] [  0%] Built target actionlib_msgs_generate_messages_lisp
[10.942s] [  0%] Built target actionlib_msgs_generate_messages_nodejs
[11.140s] [  0%] Built target actionlib_msgs_generate_messages_py
[11.281s] [  0%] Built target vector_map_msgs_generate_messages_cpp
[11.427s] [  0%] Built target vector_map_msgs_generate_messages_eus
[11.574s] [  0%] Built target vector_map_server_generate_messages_py
[11.721s] [  0%] Built target pcl_msgs_generate_messages_nodejs
[11.868s] [  0%] Built target pcl_msgs_generate_messages_lisp
[12.053s] [  0%] Built target vector_map_msgs_generate_messages_lisp
[12.216s] [  0%] Built target vector_map_msgs_generate_messages_py
[12.360s] [  0%] Built target vector_map_server_generate_messages_eus
[12.501s] [  0%] Built target tf2_msgs_generate_messages_eus
[12.641s] [  0%] Built target sensor_msgs_generate_messages_py
[12.785s] [  0%] Built target vector_map_server_generate_messages_nodejs
[12.932s] [  0%] Built target actionlib_generate_messages_cpp
[13.117s] [  0%] Built target actionlib_generate_messages_nodejs
[13.258s] [  0%] Built target actionlib_generate_messages_py
[13.395s] [  0%] Built target tf2_msgs_generate_messages_cpp
[13.537s] [  0%] Built target tf2_msgs_generate_messages_lisp
[13.684s] [  0%] Built target tf2_msgs_generate_messages_nodejs
[13.829s] [  0%] Built target tf2_msgs_generate_messages_py
[13.981s] [  0%] Built target visualization_msgs_generate_messages_eus
[14.165s] [  0%] Built target visualization_msgs_generate_messages_lisp
[14.307s] [  0%] Built target visualization_msgs_generate_messages_nodejs
[14.510s] [100%] Built target lidar_kf_contour_track
[16.019s] Built target tests
[17.472s] [  0%] Built target tf_generate_messages_lisp
[17.614s] [  0%] Built target rosgraph_msgs_generate_messages_py
[17.757s] [  0%] Built target rosgraph_msgs_generate_messages_nodejs
[17.906s] [  0%] Built target rosgraph_msgs_generate_messages_eus
[18.095s] [  0%] Built target actionlib_generate_messages_eus
[18.239s] [  0%] Built target rosgraph_msgs_generate_messages_cpp
[18.386s] [  0%] Built target roscpp_generate_messages_lisp
[18.528s] [  0%] Built target roscpp_generate_messages_eus
[18.673s] [  0%] Built target roscpp_generate_messages_cpp
[18.815s] [  0%] Built target tf_generate_messages_nodejs
[18.963s] [  0%] Built target jsk_recognition_msgs_generate_messages_lisp
[19.130s] [  0%] Built target tf_generate_messages_cpp
[19.290s] [  0%] Built target jsk_recognition_msgs_generate_messages_eus
[19.432s] [  0%] Built target std_msgs_generate_messages_py
[19.578s] [  0%] Built target jsk_recognition_msgs_generate_messages_cpp
[19.721s] [  0%] Built target geometry_msgs_generate_messages_lisp
[19.864s] [  0%] Built target autoware_msgs_generate_messages_eus
[20.012s] [  0%] Built target roscpp_generate_messages_py
[20.221s] [  0%] Built target jsk_recognition_msgs_generate_messages_nodejs
[20.364s] [  0%] Built target std_msgs_generate_messages_nodejs
[20.512s] [  0%] Built target geometry_msgs_generate_messages_eus
[20.653s] [  0%] Built target std_msgs_generate_messages_cpp
[20.796s] [  0%] Built target vector_map_msgs_generate_messages_nodejs
[20.942s] [  0%] Built target vector_map_server_generate_messages_cpp
[21.164s] [  0%] Built target jsk_footstep_msgs_generate_messages_py
[21.309s] [  0%] Built target geometry_msgs_generate_messages_py
[21.462s] [  0%] Built target roscpp_generate_messages_nodejs
[21.608s] [  0%] Built target jsk_footstep_msgs_generate_messages_cpp
[21.753s] [  0%] Built target jsk_footstep_msgs_generate_messages_lisp
[21.897s] [  0%] Built target autoware_msgs_generate_messages_nodejs
[22.061s] [  0%] Built target rosgraph_msgs_generate_messages_lisp
[22.252s] [  0%] Built target tf_generate_messages_eus
[22.394s] [  0%] Built target autoware_msgs_generate_messages_py
[22.549s] [  0%] Built target actionlib_msgs_generate_messages_eus
[22.691s] [  0%] Built target visualization_msgs_generate_messages_cpp
[22.834s] [  0%] Built target sensor_msgs_generate_messages_lisp
[23.006s] [  0%] Built target vector_map_server_generate_messages_lisp
[23.228s] [  0%] Built target sensor_msgs_generate_messages_eus
[23.374s] [  0%] Built target visualization_msgs_generate_messages_py
[23.520s] [  0%] Built target autoware_msgs_generate_messages_lisp
[23.667s] [  0%] Built target sensor_msgs_generate_messages_cpp
[23.811s] [  0%] Built target pcl_msgs_generate_messages_cpp
[23.958s] [  0%] Built target jsk_recognition_msgs_generate_messages_py
[24.169s] [  0%] Built target std_msgs_generate_messages_lisp
[24.313s] [  0%] Built target autoware_msgs_generate_messages_cpp
[24.459s] [  0%] Built target jsk_footstep_msgs_generate_messages_eus
[24.606s] [  0%] Built target actionlib_generate_messages_lisp
[24.759s] [  0%] Built target _catkin_empty_exported_target
[24.906s] [  0%] Built target geometry_msgs_generate_messages_nodejs
[25.105s] [  0%] Built target geometry_msgs_generate_messages_cpp
[25.263s] [  0%] Built target pcl_msgs_generate_messages_eus
[25.412s] [  0%] Built target pcl_msgs_generate_messages_py
[25.559s] [  0%] Built target sensor_msgs_generate_messages_nodejs
[25.703s] [  0%] Built target jsk_footstep_msgs_generate_messages_nodejs
[25.837s] [  0%] Built target actionlib_msgs_generate_messages_cpp
[25.976s] [  0%] Built target tf_generate_messages_py
[26.155s] [  0%] Built target std_msgs_generate_messages_eus
[26.300s] [  0%] Built target actionlib_msgs_generate_messages_lisp
[26.442s] [  0%] Built target actionlib_msgs_generate_messages_nodejs
[26.581s] [  0%] Built target actionlib_msgs_generate_messages_py
[26.718s] [  0%] Built target vector_map_msgs_generate_messages_cpp
[26.851s] [  0%] Built target vector_map_msgs_generate_messages_eus
[26.994s] [  0%] Built target vector_map_server_generate_messages_py
[27.172s] [  0%] Built target pcl_msgs_generate_messages_nodejs
[27.306s] [  0%] Built target pcl_msgs_generate_messages_lisp
[27.439s] [  0%] Built target vector_map_msgs_generate_messages_lisp
[27.574s] [  0%] Built target vector_map_msgs_generate_messages_py
[27.707s] [  0%] Built target vector_map_server_generate_messages_eus
[27.842s] [  0%] Built target tf2_msgs_generate_messages_eus
[27.974s] [  0%] Built target sensor_msgs_generate_messages_py
[28.168s] [  0%] Built target vector_map_server_generate_messages_nodejs
[28.312s] [  0%] Built target actionlib_generate_messages_cpp
[28.440s] [  0%] Built target actionlib_generate_messages_nodejs
[28.568s] [  0%] Built target actionlib_generate_messages_py
[28.696s] [  0%] Built target tf2_msgs_generate_messages_cpp
[28.826s] [  0%] Built target tf2_msgs_generate_messages_lisp
[28.963s] [  0%] Built target tf2_msgs_generate_messages_nodejs
[29.140s] [  0%] Built target tf2_msgs_generate_messages_py
[29.282s] [  0%] Built target visualization_msgs_generate_messages_eus
[29.413s] [  0%] Built target visualization_msgs_generate_messages_lisp
[29.547s] [  0%] Built target visualization_msgs_generate_messages_nodejs
[29.733s] [100%] Built target lidar_kf_contour_track
[29.837s] [36mInstall the project...[0m
[29.892s] -- Install configuration: "Release"
[29.892s] -- Up-to-date: /home/capstone/autoware.ai/install/lidar_kf_contour_track/lib/pkgconfig/lidar_kf_contour_track.pc
[29.892s] -- Up-to-date: /home/capstone/autoware.ai/install/lidar_kf_contour_track/share/lidar_kf_contour_track/cmake/lidar_kf_contour_trackConfig.cmake
[29.893s] -- Up-to-date: /home/capstone/autoware.ai/install/lidar_kf_contour_track/share/lidar_kf_contour_track/cmake/lidar_kf_contour_trackConfig-version.cmake
[29.893s] -- Up-to-date: /home/capstone/autoware.ai/install/lidar_kf_contour_track/share/lidar_kf_contour_track/package.xml
[29.893s] -- Up-to-date: /home/capstone/autoware.ai/install/lidar_kf_contour_track/lib/lidar_kf_contour_track/lidar_kf_contour_track
[29.893s] -- Up-to-date: /home/capstone/autoware.ai/install/lidar_kf_contour_track/share/lidar_kf_contour_track/launch
[29.894s] -- Up-to-date: /home/capstone/autoware.ai/install/lidar_kf_contour_track/share/lidar_kf_contour_track/launch/lidar_kf_contour_track.launch
