[0.417s] -- The C compiler identification is GNU 7.5.0
[0.633s] -- The CXX compiler identification is GNU 7.5.0
[0.651s] -- Check for working C compiler: /usr/bin/cc
[0.974s] -- Check for working C compiler: /usr/bin/cc -- works
[0.975s] -- Detecting C compiler ABI info
[1.329s] -- Detecting C compiler ABI info - done
[1.356s] -- Detecting C compile features
[2.596s] -- Detecting C compile features - done
[2.603s] -- Check for working CXX compiler: /usr/bin/c++
[2.953s] -- Check for working CXX compiler: /usr/bin/c++ -- works
[2.955s] -- Detecting CXX compiler ABI info
[3.419s] -- Detecting CXX compiler ABI info - done
[3.440s] -- Detecting CXX compile features
[5.121s] -- Detecting CXX compile features - done
[5.125s] -- CUDA compilation status: 1.
[5.134s] -- Using CATKIN_DEVEL_PREFIX: /home/capstone/autoware.ai/build/ndt_gpu/devel
[5.135s] -- Using CMAKE_PREFIX_PATH: /home/capstone/autoware.ai/install/autoware_build_flags;/home/capstone/autoware.ai/install/wf_simulator;/home/capstone/autoware.ai/install/vision_ssd_detect;/home/capstone/autoware.ai/install/vision_segment_enet_detect;/home/capstone/autoware.ai/install/vision_lane_detect;/home/capstone/autoware.ai/install/vision_darknet_detect;/home/capstone/autoware.ai/install/vision_beyond_track;/home/capstone/autoware.ai/install/vel_pose_diff_checker;/home/capstone/autoware.ai/install/vehicle_socket;/home/capstone/autoware.ai/install/vehicle_sim_model;/home/capstone/autoware.ai/install/vehicle_model;/home/capstone/autoware.ai/install/vehicle_gazebo_simulation_launcher;/home/capstone/autoware.ai/install/vehicle_gazebo_simulation_interface;/home/capstone/autoware.ai/install/vehicle_engage_panel;/home/capstone/autoware.ai/install/vehicle_description;/home/capstone/autoware.ai/install/op_ros_helpers;/home/capstone/autoware.ai/install/op_simu;/home/capstone/autoware.ai/install/op_planner;/home/capstone/autoware.ai/install/op_utility;/home/capstone/autoware.ai/install/vector_map_server;/home/capstone/autoware.ai/install/object_map;/home/capstone/autoware.ai/install/lanelet_aisan_converter;/home/capstone/autoware.ai/install/map_file;/home/capstone/autoware.ai/install/libvectormap;/home/capstone/autoware.ai/install/vector_map;/home/capstone/autoware.ai/install/vector_map_msgs;/home/capstone/autoware.ai/install/twist_generator;/home/capstone/autoware.ai/install/twist2odom;/home/capstone/autoware.ai/install/runtime_manager;/home/capstone/autoware.ai/install/tablet_socket_msgs;/home/capstone/autoware.ai/install/sound_player;/home/capstone/autoware.ai/install/points2image;/home/capstone/autoware.ai/install/rosinterface;/home/capstone/autoware.ai/install/rosbag_controller;/home/capstone/autoware.ai/install/points_preprocessor;/home/capstone/autoware.ai/install/lidar_localizer;/home/capstone/autoware.ai/install/emergency_handler;/home/capstone/autoware.ai/install/autoware_health_checker;/home/capstone/autoware.ai/install/ros_observer;/home/capstone/autoware.ai/install/range_vision_fusion;/home/capstone/autoware.ai/install/pos_db;/home/capstone/autoware.ai/install/points_downsampler;/home/capstone/autoware.ai/install/pixel_cloud_fusion;/home/capstone/autoware.ai/install/pcl_omp_registration;/home/capstone/autoware.ai/install/pc2_downsampler;/home/capstone/autoware.ai/install/obj_db;/home/capstone/autoware.ai/install/nmea_navsat;/home/capstone/autoware.ai/install/ndt_tku;/home/capstone/autoware.ai/install/ndt_gpu;/home/capstone/autoware.ai/install/ndt_cpu;/home/capstone/autoware.ai/install/multi_lidar_calibrator;/home/capstone/autoware.ai/install/mrt_cmake_modules;/home/capstone/autoware.ai/install/marker_downsampler;/home/capstone/autoware.ai/install/map_tools;/home/capstone/autoware.ai/install/map_tf_generator;/home/capstone/autoware.ai/install/log_tools;/home/capstone/autoware.ai/install/libwaypoint_follower;/home/capstone/autoware.ai/install/lgsvl_simulator_bridge;/home/capstone/autoware.ai/install/lanelet2_extension;/home/capstone/autoware.ai/install/lanelet2_validation;/home/capstone/autoware.ai/install/lanelet2_examples;/home/capstone/autoware.ai/install/lanelet2_python;/home/capstone/autoware.ai/install/lanelet2_routing;/home/capstone/autoware.ai/install/lanelet2_traffic_rules;/home/capstone/autoware.ai/install/lanelet2_projection;/home/capstone/autoware.ai/install/lanelet2_maps;/home/capstone/autoware.ai/install/lanelet2_io;/home/capstone/autoware.ai/install/lanelet2_core;/home/capstone/autoware.ai/install/integrated_viewer;/home/capstone/autoware.ai/install/image_processor;/home/capstone/autoware.ai/install/graph_tools;/home/capstone/autoware.ai/install/gnss_localizer;/home/capstone/autoware.ai/install/gnss;/home/capstone/autoware.ai/install/glviewer;/home/capstone/autoware.ai/install/gazebo_world_description;/home/capstone/autoware.ai/install/gazebo_imu_description;/home/capstone/autoware.ai/install/gazebo_camera_description;/home/capstone/autoware.ai/install/fastvirtualscan;/home/capstone/autoware.ai/install/ekf_localizer;/home/capstone/autoware.ai/install/detected_objects_visualizer;/home/capstone/autoware.ai/install/decision_maker_panel;/home/capstone/autoware.ai/install/data_preprocessor;/home/capstone/autoware.ai/install/carla_autoware_bridge;/home/capstone/autoware.ai/install/calibration_publisher;/home/capstone/autoware.ai/install/autoware_system_msgs;/home/capstone/autoware.ai/install/autoware_rviz_plugins;/home/capstone/autoware.ai/install/autoware_quickstart_examples;/home/capstone/autoware.ai/install/autoware_pointgrey_drivers;/home/capstone/autoware.ai/install/autoware_driveworks_interface;/home/capstone/autoware.ai/install/autoware_connector;/home/capstone/autoware.ai/install/autoware_camera_lidar_calibrator;/home/capstone/autoware.ai/install/amathutils_lib;/home/capstone/autoware.ai/install/autoware_msgs;/home/capstone/autoware.ai/install/autoware_map_msgs;/home/capstone/autoware.ai/install/autoware_launcher_rviz;/home/capstone/autoware.ai/install/autoware_launcher;/home/capstone/autoware.ai/install/autoware_lanelet2_msgs;/home/capstone/autoware.ai/install/autoware_external_msgs;/home/capstone/autoware.ai/install/autoware_driveworks_gmsl_interface;/home/capstone/autoware.ai/install/autoware_config_msgs;/home/capstone/autoware.ai/install/autoware_can_msgs;/home/capstone/autoware.ai/install/autoware_bag_tools;/opt/carla-ros-bridge/melodic;/opt/ros/melodic
[5.138s] -- This workspace overlays: /home/capstone/autoware.ai/install/autoware_build_flags;/home/capstone/autoware.ai/install/tablet_socket_msgs;/home/capstone/autoware.ai/install/mrt_cmake_modules;/home/capstone/autoware.ai/install/gnss;/home/capstone/autoware.ai/install/gazebo_imu_description;/home/capstone/autoware.ai/install/gazebo_camera_description;/home/capstone/autoware.ai/install/autoware_system_msgs;/home/capstone/autoware.ai/install/autoware_lanelet2_msgs;/home/capstone/autoware.ai/install/autoware_config_msgs;/home/capstone/autoware.ai/install/autoware_can_msgs;/opt/carla-ros-bridge/melodic;/opt/ros/melodic
[5.209s] -- Found PythonInterp: /usr/bin/python2 (found suitable version "2.7.17", minimum required is "2") 
[5.209s] -- Using PYTHON_EXECUTABLE: /usr/bin/python2
[5.209s] -- Using Debian Python package layout
[5.212s] -- Using empy: /usr/bin/empy
[5.575s] -- Using CATKIN_ENABLE_TESTING: ON
[5.576s] -- Call enable_testing()
[5.612s] -- Using CATKIN_TEST_RESULTS_DIR: /home/capstone/autoware.ai/build/ndt_gpu/test_results
[5.697s] -- Found gtest sources under '/usr/src/googletest': gtests will be built
[5.698s] -- Found gmock sources under '/usr/src/googletest': gmock will be built
[5.773s] -- Found PythonInterp: /usr/bin/python2 (found version "2.7.17") 
[5.776s] -- Looking for pthread.h
[6.125s] -- Looking for pthread.h - found
[6.126s] -- Looking for pthread_create
[6.537s] -- Looking for pthread_create - not found
[6.537s] -- Looking for pthread_create in pthreads
[6.894s] -- Looking for pthread_create in pthreads - not found
[6.895s] -- Looking for pthread_create in pthread
[7.351s] -- Looking for pthread_create in pthread - found
[7.352s] -- Found Threads: TRUE  
[7.365s] -- Using Python nosetests: /usr/bin/nosetests-2.7
[7.540s] -- catkin 0.7.23
[7.541s] -- BUILD_SHARED_LIBS is on
[8.176s] -- Checking for module 'eigen3'
[8.305s] --   Found eigen3, version 3.3.7
[8.838s] -- Found eigen: /usr/local/include/eigen3  
[9.424s] -- Boost version: 1.65.1
[9.424s] -- Found the following Boost libraries:
[9.425s] --   system
[9.425s] --   filesystem
[9.425s] --   thread
[9.425s] --   date_time
[9.425s] --   iostreams
[9.426s] --   serialization
[9.426s] --   chrono
[9.426s] --   atomic
[9.426s] --   regex
[9.433s] -- Checking for module 'libopenni'
[9.574s] --   Found libopenni, version 1.5.4.0
[9.954s] -- Found openni: /usr/lib/libOpenNI.so  
[9.956s] -- Checking for module 'libopenni2'
[10.122s] --   Found libopenni2, version 2.2.0.3
[10.544s] -- Found OpenNI2: /usr/lib/libOpenNI2.so  
[10.574s] -- Could NOT find ensenso (missing: ENSENSO_LIBRARY ENSENSO_INCLUDE_DIR) 
[10.591s] -- Could NOT find DAVIDSDK (missing: DAVIDSDK_LIBRARY DAVIDSDK_INCLUDE_DIR) 
[10.596s] -- Could NOT find DSSDK (missing: _DSSDK_LIBRARIES) 
[10.742s] -- The imported target "vtkRenderingPythonTkWidgets" references the file
[10.742s]    "/usr/lib/x86_64-linux-gnu/libvtkRenderingPythonTkWidgets.so"
[10.743s] but this file does not exist.  Possible reasons include:
[10.743s] * The file was deleted, renamed, or moved to another location.
[10.744s] * An install or uninstall procedure did not complete successfully.
[10.744s] * The installation package was faulty and contained
[10.745s]    "/usr/lib/cmake/vtk-6.3/VTKTargets.cmake"
[10.745s] but not all the files it references.
[10.745s] 
[10.747s] -- The imported target "vtk" references the file
[10.747s]    "/usr/bin/vtk"
[10.748s] but this file does not exist.  Possible reasons include:
[10.748s] * The file was deleted, renamed, or moved to another location.
[10.748s] * An install or uninstall procedure did not complete successfully.
[10.749s] * The installation package was faulty and contained
[10.749s]    "/usr/lib/cmake/vtk-6.3/VTKTargets.cmake"
[10.749s] but not all the files it references.
[10.750s] 
[10.950s] -- Found libusb-1.0: /usr/include  
[10.951s] -- Checking for module 'flann'
[11.087s] --   Found flann, version 1.9.1
[11.619s] -- Found Flann: /usr/lib/x86_64-linux-gnu/libflann_cpp_s.a  
[11.739s] -- Could NOT find ensenso (missing: ENSENSO_LIBRARY ENSENSO_INCLUDE_DIR) 
[11.755s] -- Could NOT find DAVIDSDK (missing: DAVIDSDK_LIBRARY DAVIDSDK_INCLUDE_DIR) 
[11.760s] -- Could NOT find DSSDK (missing: _DSSDK_LIBRARIES) 
[11.765s] -- Could NOT find RSSDK (missing: _RSSDK_LIBRARIES) 
[11.938s] -- Found qhull: /usr/lib/x86_64-linux-gnu/libqhull.so  
[12.017s] -- looking for PCL_COMMON
[12.020s] -- Found PCL_COMMON: /usr/lib/x86_64-linux-gnu/libpcl_common.so  
[12.021s] -- looking for PCL_OCTREE
[12.024s] -- Found PCL_OCTREE: /usr/lib/x86_64-linux-gnu/libpcl_octree.so  
[12.025s] -- looking for PCL_IO
[12.028s] -- Found PCL_IO: /usr/lib/x86_64-linux-gnu/libpcl_io.so  
[12.029s] -- looking for PCL_KDTREE
[12.032s] -- Found PCL_KDTREE: /usr/lib/x86_64-linux-gnu/libpcl_kdtree.so  
[12.033s] -- looking for PCL_SEARCH
[12.037s] -- Found PCL_SEARCH: /usr/lib/x86_64-linux-gnu/libpcl_search.so  
[12.038s] -- looking for PCL_SAMPLE_CONSENSUS
[12.041s] -- Found PCL_SAMPLE_CONSENSUS: /usr/lib/x86_64-linux-gnu/libpcl_sample_consensus.so  
[12.042s] -- looking for PCL_FILTERS
[12.046s] -- Found PCL_FILTERS: /usr/lib/x86_64-linux-gnu/libpcl_filters.so  
[12.047s] -- looking for PCL_2D
[12.049s] -- Found PCL_2D: /usr/include/pcl-1.8  
[12.050s] -- looking for PCL_GEOMETRY
[12.052s] -- Found PCL_GEOMETRY: /usr/include/pcl-1.8  
[12.053s] -- looking for PCL_FEATURES
[12.056s] -- Found PCL_FEATURES: /usr/lib/x86_64-linux-gnu/libpcl_features.so  
[12.057s] -- looking for PCL_ML
[12.060s] -- Found PCL_ML: /usr/lib/x86_64-linux-gnu/libpcl_ml.so  
[12.061s] -- looking for PCL_SEGMENTATION
[12.064s] -- Found PCL_SEGMENTATION: /usr/lib/x86_64-linux-gnu/libpcl_segmentation.so  
[12.066s] -- looking for PCL_VISUALIZATION
[12.069s] -- Found PCL_VISUALIZATION: /usr/lib/x86_64-linux-gnu/libpcl_visualization.so  
[12.071s] -- looking for PCL_SURFACE
[12.075s] -- Found PCL_SURFACE: /usr/lib/x86_64-linux-gnu/libpcl_surface.so  
[12.076s] -- looking for PCL_REGISTRATION
[12.081s] -- Found PCL_REGISTRATION: /usr/lib/x86_64-linux-gnu/libpcl_registration.so  
[12.083s] -- looking for PCL_KEYPOINTS
[12.087s] -- Found PCL_KEYPOINTS: /usr/lib/x86_64-linux-gnu/libpcl_keypoints.so  
[12.094s] -- looking for PCL_TRACKING
[12.094s] -- Found PCL_TRACKING: /usr/lib/x86_64-linux-gnu/libpcl_tracking.so  
[12.095s] -- looking for PCL_RECOGNITION
[12.097s] -- Found PCL_RECOGNITION: /usr/lib/x86_64-linux-gnu/libpcl_recognition.so  
[12.100s] -- looking for PCL_STEREO
[12.103s] -- Found PCL_STEREO: /usr/lib/x86_64-linux-gnu/libpcl_stereo.so  
[12.104s] -- looking for PCL_APPS
[12.107s] -- Found PCL_APPS: /usr/lib/x86_64-linux-gnu/libpcl_apps.so  
[12.113s] -- looking for PCL_IN_HAND_SCANNER
[12.115s] -- Found PCL_IN_HAND_SCANNER: /usr/include/pcl-1.8  
[12.115s] -- looking for PCL_MODELER
[12.116s] -- Found PCL_MODELER: /usr/include/pcl-1.8  
[12.117s] -- looking for PCL_POINT_CLOUD_EDITOR
[12.119s] -- Found PCL_POINT_CLOUD_EDITOR: /usr/include/pcl-1.8  
[12.119s] -- looking for PCL_OUTOFCORE
[12.123s] -- Found PCL_OUTOFCORE: /usr/lib/x86_64-linux-gnu/libpcl_outofcore.so  
[12.124s] -- looking for PCL_PEOPLE
[12.127s] -- Found PCL_PEOPLE: /usr/lib/x86_64-linux-gnu/libpcl_people.so  
[12.191s] -- Found PCL: /usr/lib/x86_64-linux-gnu/libboost_system.so;/usr/lib/x86_64-linux-gnu/libboost_filesystem.so;/usr/lib/x86_64-linux-gnu/libboost_thread.so;/usr/lib/x86_64-linux-gnu/libboost_date_time.so;/usr/lib/x86_64-linux-gnu/libboost_iostreams.so;/usr/lib/x86_64-linux-gnu/libboost_serialization.so;/usr/lib/x86_64-linux-gnu/libboost_chrono.so;/usr/lib/x86_64-linux-gnu/libboost_atomic.so;/usr/lib/x86_64-linux-gnu/libboost_regex.so;/usr/lib/x86_64-linux-gnu/libpthread.so;optimized;/usr/lib/x86_64-linux-gnu/libpcl_common.so;debug;/usr/lib/x86_64-linux-gnu/libpcl_common.so;optimized;/usr/lib/x86_64-linux-gnu/libpcl_octree.so;debug;/usr/lib/x86_64-linux-gnu/libpcl_octree.so;/usr/lib/libOpenNI.so;/usr/lib/libOpenNI2.so;vtkChartsCore;vtkCommonColor;vtkCommonDataModel;vtkCommonMath;vtkCommonCore;vtksys;vtkCommonMisc;vtkCommonSystem;vtkCommonTransforms;vtkInfovisCore;vtkFiltersExtraction;vtkCommonExecutionModel;vtkFiltersCore;vtkFiltersGeneral;vtkCommonComputationalGeometry;vtkFiltersStatistics;vtkImagingFourier;vtkImagingCore;vtkalglib;vtkRenderingContext2D;vtkRenderingCore;vtkFiltersGeometry;vtkFiltersSources;vtkRenderingFreeType;/usr/lib/x86_64-linux-gnu/libfreetype.so;/usr/lib/x86_64-linux-gnu/libz.so;vtkftgl;vtkDICOMParser;vtkDomainsChemistry;vtkIOXML;vtkIOGeometry;vtkIOCore;vtkIOXMLParser;/usr/lib/x86_64-linux-gnu/libexpat.so;vtkFiltersAMR;vtkParallelCore;vtkIOLegacy;vtkFiltersFlowPaths;vtkFiltersGeneric;vtkFiltersHybrid;vtkImagingSources;vtkFiltersHyperTree;vtkFiltersImaging;vtkImagingGeneral;vtkFiltersModeling;vtkFiltersParallel;vtkFiltersParallelFlowPaths;vtkParallelMPI;vtkFiltersParallelGeometry;vtkFiltersParallelImaging;vtkFiltersParallelMPI;vtkFiltersParallelStatistics;vtkFiltersProgrammable;vtkFiltersPython;/usr/lib/x86_64-linux-gnu/libpython2.7.so;vtkWrappingPythonCore;vtkWrappingTools;vtkFiltersReebGraph;vtkFiltersSMP;vtkFiltersSelection;vtkFiltersTexture;vtkFiltersVerdict;verdict;vtkGUISupportQt;vtkInteractionStyle;vtkRenderingOpenGL;vtkImagingHybrid;vtkIOImage;vtkmetaio;/usr/lib/x86_64-linux-gnu/libjpeg.so;/usr/lib/x86_64-linux-gnu/libpng.so;/usr/lib/x86_64-linux-gnu/libtiff.so;vtkGUISupportQtOpenGL;vtkGUISupportQtSQL;vtkIOSQL;sqlite3;vtkGUISupportQtWebkit;vtkViewsQt;vtkViewsInfovis;vtkInfovisLayout;vtkInfovisBoostGraphAlgorithms;vtkRenderingLabel;vtkViewsCore;vtkInteractionWidgets;vtkRenderingAnnotation;vtkImagingColor;vtkRenderingVolume;vtkGeovisCore;/usr/lib/x86_64-linux-gnu/libproj.so;vtkIOAMR;/usr/lib/x86_64-linux-gnu/hdf5/openmpi/libhdf5.so;/usr/lib/x86_64-linux-gnu/libsz.so;/usr/lib/x86_64-linux-gnu/libdl.so;/usr/lib/x86_64-linux-gnu/libm.so;/usr/lib/x86_64-linux-gnu/openmpi/lib/libmpi.so;vtkIOEnSight;vtkIOExodus;vtkexoIIc;/usr/lib/x86_64-linux-gnu/libnetcdf_c++.so;/usr/lib/x86_64-linux-gnu/libnetcdf.so;vtkIOExport;vtkRenderingGL2PS;vtkRenderingContextOpenGL;/usr/lib/x86_64-linux-gnu/libgl2ps.so;vtkIOFFMPEG;vtkIOMovie;/usr/lib/x86_64-linux-gnu/libtheoraenc.so;/usr/lib/x86_64-linux-gnu/libtheoradec.so;/usr/lib/x86_64-linux-gnu/libogg.so;vtkIOGDAL;vtkIOGeoJSON;vtkIOImport;vtkIOInfovis;/usr/lib/x86_64-linux-gnu/libxml2.so;vtkIOLSDyna;vtkIOMINC;vtkIOMPIImage;vtkIOMPIParallel;vtkIOParallel;vtkIONetCDF;/usr/lib/x86_64-linux-gnu/libjsoncpp.so;vtkIOMySQL;vtkIOODBC;vtkIOPLY;vtkIOParallelExodus;vtkIOParallelLSDyna;vtkIOParallelNetCDF;vtkIOParallelXML;vtkIOPostgreSQL;vtkIOVPIC;VPIC;vtkIOVideo;vtkIOXdmf2;vtkxdmf2;vtkImagingMath;vtkImagingMorphological;vtkImagingStatistics;vtkImagingStencil;vtkInteractionImage;vtkLocalExample;vtkParallelMPI4Py;vtkPythonInterpreter;vtkRenderingExternal;vtkRenderingFreeTypeFontConfig;vtkRenderingImage;vtkRenderingLIC;vtkRenderingLOD;vtkRenderingMatplotlib;vtkRenderingParallel;vtkRenderingParallelLIC;vtkRenderingQt;vtkRenderingVolumeAMR;vtkRenderingVolumeOpenGL;vtkTestingGenericBridge;vtkTestingIOSQL;vtkTestingRendering;vtkViewsContext2D;vtkViewsGeovis;vtkWrappingJava;optimized;/usr/lib/x86_64-linux-gnu/libpcl_io.so;debug;/usr/lib/x86_64-linux-gnu/libpcl_io.so;optimized;/usr/lib/x86_64-linux-gnu/libflann_cpp_s.a;debug;/usr/lib/x86_64-linux-gnu/libflann_cpp_s.a;optimized;/usr/lib/x86_64-linux-gnu/libpcl_kdtree.so;debug;/usr/lib/x86_64-linux-gnu/libpcl_kdtree.so;optimized;/usr/lib/x86_64-linux-gnu/libpcl_search.so;debug;/usr/lib/x86_64-linux-gnu/libpcl_search.so;optimized;/usr/lib/x86_64-linux-gnu/libpcl_sample_consensus.so;debug;/usr/lib/x86_64-linux-gnu/libpcl_sample_consensus.so;optimized;/usr/lib/x86_64-linux-gnu/libpcl_filters.so;debug;/usr/lib/x86_64-linux-gnu/libpcl_filters.so;optimized;/usr/lib/x86_64-linux-gnu/libpcl_features.so;debug;/usr/lib/x86_64-linux-gnu/libpcl_features.so;optimized;/usr/lib/x86_64-linux-gnu/libpcl_ml.so;debug;/usr/lib/x86_64-linux-gnu/libpcl_ml.so;optimized;/usr/lib/x86_64-linux-gnu/libpcl_segmentation.so;debug;/usr/lib/x86_64-linux-gnu/libpcl_segmentation.so;optimized;/usr/lib/x86_64-linux-gnu/libpcl_visualization.so;debug;/usr/lib/x86_64-linux-gnu/libpcl_visualization.so;optimized;/usr/lib/x86_64-linux-gnu/libqhull.so;debug;/usr/lib/x86_64-linux-gnu/libqhull.so;optimized;/usr/lib/x86_64-linux-gnu/libpcl_surface.so;debug;/usr/lib/x86_64-linux-gnu/libpcl_surface.so;optimized;/usr/lib/x86_64-linux-gnu/libpcl_registration.so;debug;/usr/lib/x86_64-linux-gnu/libpcl_registration.so;optimized;/usr/lib/x86_64-linux-gnu/libpcl_keypoints.so;debug;/usr/lib/x86_64-linux-gnu/libpcl_keypoints.so;optimized;/usr/lib/x86_64-linux-gnu/libpcl_tracking.so;debug;/usr/lib/x86_64-linux-gnu/libpcl_tracking.so;optimized;/usr/lib/x86_64-linux-gnu/libpcl_recognition.so;debug;/usr/lib/x86_64-linux-gnu/libpcl_recognition.so;optimized;/usr/lib/x86_64-linux-gnu/libpcl_stereo.so;debug;/usr/lib/x86_64-linux-gnu/libpcl_stereo.so;optimized;/usr/lib/x86_64-linux-gnu/libpcl_apps.so;debug;/usr/lib/x86_64-linux-gnu/libpcl_apps.so;optimized;/usr/lib/x86_64-linux-gnu/libpcl_outofcore.so;debug;/usr/lib/x86_64-linux-gnu/libpcl_outofcore.so;optimized;/usr/lib/x86_64-linux-gnu/libpcl_people.so;debug;/usr/lib/x86_64-linux-gnu/libpcl_people.so;/usr/lib/x86_64-linux-gnu/libboost_system.so;/usr/lib/x86_64-linux-gnu/libboost_filesystem.so;/usr/lib/x86_64-linux-gnu/libboost_thread.so;/usr/lib/x86_64-linux-gnu/libboost_date_time.so;/usr/lib/x86_64-linux-gnu/libboost_iostreams.so;/usr/lib/x86_64-linux-gnu/libboost_serialization.so;/usr/lib/x86_64-linux-gnu/libboost_chrono.so;/usr/lib/x86_64-linux-gnu/libboost_atomic.so;/usr/lib/x86_64-linux-gnu/libboost_regex.so;/usr/lib/x86_64-linux-gnu/libpthread.so;optimized;/usr/lib/x86_64-linux-gnu/libqhull.so;debug;/usr/lib/x86_64-linux-gnu/libqhull.so;/usr/lib/libOpenNI.so;/usr/lib/libOpenNI2.so;optimized;/usr/lib/x86_64-linux-gnu/libflann_cpp_s.a;debug;/usr/lib/x86_64-linux-gnu/libflann_cpp_s.a;vtkChartsCore;vtkCommonColor;vtkCommonDataModel;vtkCommonMath;vtkCommonCore;vtksys;vtkCommonMisc;vtkCommonSystem;vtkCommonTransforms;vtkInfovisCore;vtkFiltersExtraction;vtkCommonExecutionModel;vtkFiltersCore;vtkFiltersGeneral;vtkCommonComputationalGeometry;vtkFiltersStatistics;vtkImagingFourier;vtkImagingCore;vtkalglib;vtkRenderingContext2D;vtkRenderingCore;vtkFiltersGeometry;vtkFiltersSources;vtkRenderingFreeType;/usr/lib/x86_64-linux-gnu/libfreetype.so;/usr/lib/x86_64-linux-gnu/libz.so;vtkftgl;vtkDICOMParser;vtkDomainsChemistry;vtkIOXML;vtkIOGeometry;vtkIOCore;vtkIOXMLParser;/usr/lib/x86_64-linux-gnu/libexpat.so;vtkFiltersAMR;vtkParallelCore;vtkIOLegacy;vtkFiltersFlowPaths;vtkFiltersGeneric;vtkFiltersHybrid;vtkImagingSources;vtkFiltersHyperTree;vtkFiltersImaging;vtkImagingGeneral;vtkFiltersModeling;vtkFiltersParallel;vtkFiltersParallelFlowPaths;vtkParallelMPI;vtkFiltersParallelGeometry;vtkFiltersParallelImaging;vtkFiltersParallelMPI;vtkFiltersParallelStatistics;vtkFiltersProgrammable;vtkFiltersPython;/usr/lib/x86_64-linux-gnu/libpython2.7.so;vtkWrappingPythonCore;vtkWrappingTools;vtkFiltersReebGraph;vtkFiltersSMP;vtkFiltersSelection;vtkFiltersTexture;vtkFiltersVerdict;verdict;vtkGUISupportQt;vtkInteractionStyle;vtkRenderingOpenGL;vtkImagingHybrid;vtkIOImage;vtkmetaio;/usr/lib/x86_64-linux-gnu/libjpeg.so;/usr/lib/x86_64-linux-gnu/libpng.so;/usr/lib/x86_64-linux-gnu/libtiff.so;vtkGUISupportQtOpenGL;vtkGUISupportQtSQL;vtkIOSQL;sqlite3;vtkGUISupportQtWebkit;vtkViewsQt;vtkViewsInfovis;vtkInfovisLayout;vtkInfovisBoostGraphAlgorithms;vtkRenderingLabel;vtkViewsCore;vtkInteractionWidgets;vtkRenderingAnnotation;vtkImagingColor;vtkRenderingVolume;vtkGeovisCore;/usr/lib/x86_64-linux-gnu/libproj.so;vtkIOAMR;/usr/lib/x86_64-linux-gnu/hdf5/openmpi/libhdf5.so;/usr/lib/x86_64-linux-gnu/libsz.so;/usr/lib/x86_64-linux-gnu/libdl.so;/usr/lib/x86_64-linux-gnu/libm.so;/usr/lib/x86_64-linux-gnu/openmpi/lib/libmpi.so;vtkIOEnSight;vtkIOExodus;vtkexoIIc;/usr/lib/x86_64-linux-gnu/libnetcdf_c++.so;/usr/lib/x86_64-linux-gnu/libnetcdf.so;vtkIOExport;vtkRenderingGL2PS;vtkRenderingContextOpenGL;/usr/lib/x86_64-linux-gnu/libgl2ps.so;vtkIOFFMPEG;vtkIOMovie;/usr/lib/x86_64-linux-gnu/libtheoraenc.so;/usr/lib/x86_64-linux-gnu/libtheoradec.so;/usr/lib/x86_64-linux-gnu/libogg.so;vtkIOGDAL;vtkIOGeoJSON;vtkIOImport;vtkIOInfovis;/usr/lib/x86_64-linux-gnu/libxml2.so;vtkIOLSDyna;vtkIOMINC;vtkIOMPIImage;vtkIOMPIParallel;vtkIOParallel;vtkIONetCDF;/usr/lib/x86_64-linux-gnu/libjsoncpp.so;vtkIOMySQL;vtkIOODBC;vtkIOPLY;vtkIOParallelExodus;vtkIOParallelLSDyna;vtkIOParallelNetCDF;vtkIOParallelXML;vtkIOPostgreSQL;vtkIOVPIC;VPIC;vtkIOVideo;vtkIOXdmf2;vtkxdmf2;vtkImagingMath;vtkImagingMorphological;vtkImagingStatistics;vtkImagingStencil;vtkInteractionImage;vtkLocalExample;vtkParallelMPI4Py;vtkPythonInterpreter;vtkRenderingExternal;vtkRenderingFreeTypeFontConfig;vtkRenderingImage;vtkRenderingLIC;vtkRenderingLOD;vtkRenderingMatplotlib;vtkRenderingParallel;vtkRenderingParallelLIC;vtkRenderingQt;vtkRenderingVolumeAMR;vtkRenderingVolumeOpenGL;vtkTestingGenericBridge;vtkTestingIOSQL;vtkTestingRendering;vtkViewsContext2D;vtkViewsGeovis;vtkWrappingJava  
[12.244s] -- Found CUDA: /usr/local/cuda (found version "10.0") 
[13.292s] -- Configuring done
[13.571s] -- Generating done
[13.584s] -- Build files have been written to: /home/capstone/autoware.ai/build/ndt_gpu
[13.855s] [ 14%] [34m[1mBuilding NVCC (Device) object CMakeFiles/ndt_gpu.dir/src/ndt_gpu_generated_SymmetricEigenSolver.cu.o[0m
[16.773s] [ 28%] [34m[1mBuilding NVCC (Device) object CMakeFiles/ndt_gpu.dir/src/ndt_gpu_generated_VoxelGrid.cu.o[0m
[30.091s] [ 42%] [34m[1mBuilding NVCC (Device) object CMakeFiles/ndt_gpu.dir/src/ndt_gpu_generated_Registration.cu.o[0m
[52.022s] [ 57%] [34m[1mBuilding NVCC (Device) object CMakeFiles/ndt_gpu.dir/src/ndt_gpu_generated_NormalDistributionsTransform.cu.o[0m
[110.787s] [ 71%] [34m[1mBuilding NVCC (Device) object CMakeFiles/ndt_gpu.dir/src/ndt_gpu_generated_MatrixHost.cu.o[0m
[114.619s] [ 85%] [34m[1mBuilding NVCC (Device) object CMakeFiles/ndt_gpu.dir/src/ndt_gpu_generated_MatrixDevice.cu.o[0m
[117.198s] [35m[1mScanning dependencies of target ndt_gpu[0m
[117.288s] [100%] [32m[1mLinking CXX shared library devel/lib/libndt_gpu.so[0m
[118.571s] [100%] Built target ndt_gpu
[119.212s] -- CUDA compilation status: 1.
[119.213s] -- Using CATKIN_DEVEL_PREFIX: /home/capstone/autoware.ai/build/ndt_gpu/devel
[119.214s] -- Using CMAKE_PREFIX_PATH: /home/capstone/autoware.ai/install/autoware_build_flags;/home/capstone/autoware.ai/install/wf_simulator;/home/capstone/autoware.ai/install/vision_ssd_detect;/home/capstone/autoware.ai/install/vision_segment_enet_detect;/home/capstone/autoware.ai/install/vision_lane_detect;/home/capstone/autoware.ai/install/vision_darknet_detect;/home/capstone/autoware.ai/install/vision_beyond_track;/home/capstone/autoware.ai/install/vel_pose_diff_checker;/home/capstone/autoware.ai/install/vehicle_socket;/home/capstone/autoware.ai/install/vehicle_sim_model;/home/capstone/autoware.ai/install/vehicle_model;/home/capstone/autoware.ai/install/vehicle_gazebo_simulation_launcher;/home/capstone/autoware.ai/install/vehicle_gazebo_simulation_interface;/home/capstone/autoware.ai/install/vehicle_engage_panel;/home/capstone/autoware.ai/install/vehicle_description;/home/capstone/autoware.ai/install/op_ros_helpers;/home/capstone/autoware.ai/install/op_simu;/home/capstone/autoware.ai/install/op_planner;/home/capstone/autoware.ai/install/op_utility;/home/capstone/autoware.ai/install/vector_map_server;/home/capstone/autoware.ai/install/object_map;/home/capstone/autoware.ai/install/lanelet_aisan_converter;/home/capstone/autoware.ai/install/map_file;/home/capstone/autoware.ai/install/libvectormap;/home/capstone/autoware.ai/install/vector_map;/home/capstone/autoware.ai/install/vector_map_msgs;/home/capstone/autoware.ai/install/twist_generator;/home/capstone/autoware.ai/install/twist2odom;/home/capstone/autoware.ai/install/runtime_manager;/home/capstone/autoware.ai/install/tablet_socket_msgs;/home/capstone/autoware.ai/install/sound_player;/home/capstone/autoware.ai/install/points2image;/home/capstone/autoware.ai/install/rosinterface;/home/capstone/autoware.ai/install/rosbag_controller;/home/capstone/autoware.ai/install/points_preprocessor;/home/capstone/autoware.ai/install/lidar_localizer;/home/capstone/autoware.ai/install/emergency_handler;/home/capstone/autoware.ai/install/autoware_health_checker;/home/capstone/autoware.ai/install/ros_observer;/home/capstone/autoware.ai/install/range_vision_fusion;/home/capstone/autoware.ai/install/pos_db;/home/capstone/autoware.ai/install/points_downsampler;/home/capstone/autoware.ai/install/pixel_cloud_fusion;/home/capstone/autoware.ai/install/pcl_omp_registration;/home/capstone/autoware.ai/install/pc2_downsampler;/home/capstone/autoware.ai/install/obj_db;/home/capstone/autoware.ai/install/nmea_navsat;/home/capstone/autoware.ai/install/ndt_tku;/home/capstone/autoware.ai/install/ndt_gpu;/home/capstone/autoware.ai/install/ndt_cpu;/home/capstone/autoware.ai/install/multi_lidar_calibrator;/home/capstone/autoware.ai/install/mrt_cmake_modules;/home/capstone/autoware.ai/install/marker_downsampler;/home/capstone/autoware.ai/install/map_tools;/home/capstone/autoware.ai/install/map_tf_generator;/home/capstone/autoware.ai/install/log_tools;/home/capstone/autoware.ai/install/libwaypoint_follower;/home/capstone/autoware.ai/install/lgsvl_simulator_bridge;/home/capstone/autoware.ai/install/lanelet2_extension;/home/capstone/autoware.ai/install/lanelet2_validation;/home/capstone/autoware.ai/install/lanelet2_examples;/home/capstone/autoware.ai/install/lanelet2_python;/home/capstone/autoware.ai/install/lanelet2_routing;/home/capstone/autoware.ai/install/lanelet2_traffic_rules;/home/capstone/autoware.ai/install/lanelet2_projection;/home/capstone/autoware.ai/install/lanelet2_maps;/home/capstone/autoware.ai/install/lanelet2_io;/home/capstone/autoware.ai/install/lanelet2_core;/home/capstone/autoware.ai/install/integrated_viewer;/home/capstone/autoware.ai/install/image_processor;/home/capstone/autoware.ai/install/graph_tools;/home/capstone/autoware.ai/install/gnss_localizer;/home/capstone/autoware.ai/install/gnss;/home/capstone/autoware.ai/install/glviewer;/home/capstone/autoware.ai/install/gazebo_world_description;/home/capstone/autoware.ai/install/gazebo_imu_description;/home/capstone/autoware.ai/install/gazebo_camera_description;/home/capstone/autoware.ai/install/fastvirtualscan;/home/capstone/autoware.ai/install/ekf_localizer;/home/capstone/autoware.ai/install/detected_objects_visualizer;/home/capstone/autoware.ai/install/decision_maker_panel;/home/capstone/autoware.ai/install/data_preprocessor;/home/capstone/autoware.ai/install/carla_autoware_bridge;/home/capstone/autoware.ai/install/calibration_publisher;/home/capstone/autoware.ai/install/autoware_system_msgs;/home/capstone/autoware.ai/install/autoware_rviz_plugins;/home/capstone/autoware.ai/install/autoware_quickstart_examples;/home/capstone/autoware.ai/install/autoware_pointgrey_drivers;/home/capstone/autoware.ai/install/autoware_driveworks_interface;/home/capstone/autoware.ai/install/autoware_connector;/home/capstone/autoware.ai/install/autoware_camera_lidar_calibrator;/home/capstone/autoware.ai/install/amathutils_lib;/home/capstone/autoware.ai/install/autoware_msgs;/home/capstone/autoware.ai/install/autoware_map_msgs;/home/capstone/autoware.ai/install/autoware_launcher_rviz;/home/capstone/autoware.ai/install/autoware_launcher;/home/capstone/autoware.ai/install/autoware_lanelet2_msgs;/home/capstone/autoware.ai/install/autoware_external_msgs;/home/capstone/autoware.ai/install/autoware_driveworks_gmsl_interface;/home/capstone/autoware.ai/install/autoware_config_msgs;/home/capstone/autoware.ai/install/autoware_can_msgs;/home/capstone/autoware.ai/install/autoware_bag_tools;/opt/carla-ros-bridge/melodic;/opt/ros/melodic
[119.217s] -- This workspace overlays: /home/capstone/autoware.ai/install/autoware_build_flags;/home/capstone/autoware.ai/install/vehicle_sim_model;/home/capstone/autoware.ai/install/vector_map;/home/capstone/autoware.ai/install/vector_map_msgs;/home/capstone/autoware.ai/install/tablet_socket_msgs;/home/capstone/autoware.ai/install/rosinterface;/home/capstone/autoware.ai/install/ros_observer;/home/capstone/autoware.ai/install/pcl_omp_registration;/home/capstone/autoware.ai/install/nmea_navsat;/home/capstone/autoware.ai/install/ndt_tku;/home/capstone/autoware.ai/install/ndt_cpu;/home/capstone/autoware.ai/install/mrt_cmake_modules;/home/capstone/autoware.ai/install/marker_downsampler;/home/capstone/autoware.ai/install/graph_tools;/home/capstone/autoware.ai/install/gnss;/home/capstone/autoware.ai/install/gazebo_world_description;/home/capstone/autoware.ai/install/gazebo_imu_description;/home/capstone/autoware.ai/install/gazebo_camera_description;/home/capstone/autoware.ai/install/fastvirtualscan;/home/capstone/autoware.ai/install/autoware_system_msgs;/home/capstone/autoware.ai/install/autoware_quickstart_examples;/home/capstone/autoware.ai/install/autoware_msgs;/home/capstone/autoware.ai/install/autoware_launcher;/home/capstone/autoware.ai/install/autoware_lanelet2_msgs;/home/capstone/autoware.ai/install/autoware_external_msgs;/home/capstone/autoware.ai/install/autoware_config_msgs;/home/capstone/autoware.ai/install/autoware_can_msgs;/home/capstone/autoware.ai/install/autoware_bag_tools;/opt/carla-ros-bridge/melodic;/opt/ros/melodic
[119.291s] -- Found PythonInterp: /usr/bin/python2 (found suitable version "2.7.17", minimum required is "2") 
[119.292s] -- Using PYTHON_EXECUTABLE: /usr/bin/python2
[119.292s] -- Using Debian Python package layout
[119.293s] -- Using empy: /usr/bin/empy
[119.647s] -- Using CATKIN_ENABLE_TESTING: ON
[119.649s] -- Call enable_testing()
[119.651s] -- Using CATKIN_TEST_RESULTS_DIR: /home/capstone/autoware.ai/build/ndt_gpu/test_results
[119.755s] -- Found gtest sources under '/usr/src/googletest': gtests will be built
[119.755s] -- Found gmock sources under '/usr/src/googletest': gmock will be built
[119.845s] -- Found PythonInterp: /usr/bin/python2 (found version "2.7.17") 
[119.858s] -- Using Python nosetests: /usr/bin/nosetests-2.7
[120.053s] -- catkin 0.7.23
[120.053s] -- BUILD_SHARED_LIBS is on
[121.077s] -- Boost version: 1.65.1
[121.078s] -- Found the following Boost libraries:
[121.078s] --   system
[121.079s] --   filesystem
[121.079s] --   thread
[121.079s] --   date_time
[121.079s] --   iostreams
[121.079s] --   serialization
[121.079s] --   chrono
[121.080s] --   atomic
[121.080s] --   regex
[121.111s] -- Could NOT find ensenso (missing: ENSENSO_LIBRARY ENSENSO_INCLUDE_DIR) 
[121.128s] -- Could NOT find DAVIDSDK (missing: DAVIDSDK_LIBRARY DAVIDSDK_INCLUDE_DIR) 
[121.133s] -- Could NOT find DSSDK (missing: _DSSDK_LIBRARIES) 
[121.258s] -- The imported target "vtkRenderingPythonTkWidgets" references the file
[121.258s]    "/usr/lib/x86_64-linux-gnu/libvtkRenderingPythonTkWidgets.so"
[121.258s] but this file does not exist.  Possible reasons include:
[121.259s] * The file was deleted, renamed, or moved to another location.
[121.259s] * An install or uninstall procedure did not complete successfully.
[121.259s] * The installation package was faulty and contained
[121.259s]    "/usr/lib/cmake/vtk-6.3/VTKTargets.cmake"
[121.259s] but not all the files it references.
[121.260s] 
[121.260s] -- The imported target "vtk" references the file
[121.260s]    "/usr/bin/vtk"
[121.261s] but this file does not exist.  Possible reasons include:
[121.261s] * The file was deleted, renamed, or moved to another location.
[121.261s] * An install or uninstall procedure did not complete successfully.
[121.261s] * The installation package was faulty and contained
[121.261s]    "/usr/lib/cmake/vtk-6.3/VTKTargets.cmake"
[121.262s] but not all the files it references.
[121.262s] 
[121.539s] -- Could NOT find ensenso (missing: ENSENSO_LIBRARY ENSENSO_INCLUDE_DIR) 
[121.556s] -- Could NOT find DAVIDSDK (missing: DAVIDSDK_LIBRARY DAVIDSDK_INCLUDE_DIR) 
[121.561s] -- Could NOT find DSSDK (missing: _DSSDK_LIBRARIES) 
[121.567s] -- Could NOT find RSSDK (missing: _RSSDK_LIBRARIES) 
[121.725s] -- looking for PCL_COMMON
[121.726s] -- looking for PCL_OCTREE
[121.728s] -- looking for PCL_IO
[121.731s] -- looking for PCL_KDTREE
[121.734s] -- looking for PCL_SEARCH
[121.736s] -- looking for PCL_SAMPLE_CONSENSUS
[121.739s] -- looking for PCL_FILTERS
[121.742s] -- looking for PCL_2D
[121.744s] -- looking for PCL_GEOMETRY
[121.746s] -- looking for PCL_FEATURES
[121.750s] -- looking for PCL_ML
[121.752s] -- looking for PCL_SEGMENTATION
[121.756s] -- looking for PCL_VISUALIZATION
[121.759s] -- looking for PCL_SURFACE
[121.761s] -- looking for PCL_REGISTRATION
[121.765s] -- looking for PCL_KEYPOINTS
[121.768s] -- looking for PCL_TRACKING
[121.771s] -- looking for PCL_RECOGNITION
[121.775s] -- looking for PCL_STEREO
[121.778s] -- looking for PCL_APPS
[121.786s] -- looking for PCL_IN_HAND_SCANNER
[121.788s] -- looking for PCL_MODELER
[121.790s] -- looking for PCL_POINT_CLOUD_EDITOR
[121.792s] -- looking for PCL_OUTOFCORE
[121.795s] -- looking for PCL_PEOPLE
[123.024s] -- Configuring done
[123.384s] -- Generating done
[123.392s] -- Build files have been written to: /home/capstone/autoware.ai/build/ndt_gpu
[123.613s] [35m[1mScanning dependencies of target tests[0m
[123.689s] Built target tests
[124.755s] [ 14%] [32m[1mLinking CXX shared library devel/lib/libndt_gpu.so[0m
[126.058s] [100%] Built target ndt_gpu
[126.208s] [36mInstall the project...[0m
[126.252s] -- Install configuration: "Release"
[126.253s] -- Installing: /home/capstone/autoware.ai/install/ndt_gpu/lib/pkgconfig/ndt_gpu.pc
[126.253s] -- Installing: /home/capstone/autoware.ai/install/ndt_gpu/share/ndt_gpu/cmake/ndt_gpuConfig.cmake
[126.253s] -- Installing: /home/capstone/autoware.ai/install/ndt_gpu/share/ndt_gpu/cmake/ndt_gpuConfig-version.cmake
[126.254s] -- Installing: /home/capstone/autoware.ai/install/ndt_gpu/share/ndt_gpu/package.xml
[126.254s] -- Installing: /home/capstone/autoware.ai/install/ndt_gpu/include/ndt_gpu
[126.254s] -- Installing: /home/capstone/autoware.ai/install/ndt_gpu/include/ndt_gpu/Registration.h
[126.254s] -- Installing: /home/capstone/autoware.ai/install/ndt_gpu/include/ndt_gpu/Matrix.h
[126.254s] -- Installing: /home/capstone/autoware.ai/install/ndt_gpu/include/ndt_gpu/common.h
[126.255s] -- Installing: /home/capstone/autoware.ai/install/ndt_gpu/include/ndt_gpu/VoxelGrid.h
[126.256s] -- Installing: /home/capstone/autoware.ai/install/ndt_gpu/include/ndt_gpu/SymmetricEigenSolver.h
[126.257s] -- Installing: /home/capstone/autoware.ai/install/ndt_gpu/include/ndt_gpu/NormalDistributionsTransform.h
[126.258s] -- Installing: /home/capstone/autoware.ai/install/ndt_gpu/include/ndt_gpu/MatrixDevice.h
[126.259s] -- Installing: /home/capstone/autoware.ai/install/ndt_gpu/include/ndt_gpu/debug.h
[126.260s] -- Installing: /home/capstone/autoware.ai/install/ndt_gpu/include/ndt_gpu/MatrixHost.h
[126.261s] -- Installing: /home/capstone/autoware.ai/install/ndt_gpu/lib/libndt_gpu.so
[126.266s] -- Set runtime path of "/home/capstone/autoware.ai/install/ndt_gpu/lib/libndt_gpu.so" to ""
