[1.973s] -- The C compiler identification is GNU 7.5.0
[2.299s] -- The CXX compiler identification is GNU 7.5.0
[2.323s] -- Check for working C compiler: /usr/bin/cc
[3.212s] -- Check for working C compiler: /usr/bin/cc -- works
[3.214s] -- Detecting C compiler ABI info
[3.994s] -- Detecting C compiler ABI info - done
[4.016s] -- Detecting C compile features
[5.447s] -- Detecting C compile features - done
[5.456s] -- Check for working CXX compiler: /usr/bin/c++
[5.937s] -- Check for working CXX compiler: /usr/bin/c++ -- works
[5.939s] -- Detecting CXX compiler ABI info
[6.433s] -- Detecting CXX compiler ABI info - done
[6.453s] -- Detecting CXX compile features
[8.591s] -- Detecting CXX compile features - done
[8.614s] -- CUDA compilation status: 1.
[8.675s] -- Using CATKIN_DEVEL_PREFIX: /home/capstone/autoware.ai/build/op_ros_helpers/devel
[8.676s] -- Using CMAKE_PREFIX_PATH: /home/capstone/autoware.ai/install/map_file;/home/capstone/autoware.ai/install/op_simu;/home/capstone/autoware.ai/install/lanelet2_extension;/home/capstone/autoware.ai/install/op_planner;/home/capstone/autoware.ai/install/lanelet2_validation;/home/capstone/autoware.ai/install/op_utility;/home/capstone/autoware.ai/install/lanelet2_routing;/home/capstone/autoware.ai/install/lanelet2_projection;/home/capstone/autoware.ai/install/vector_map_server;/home/capstone/autoware.ai/install/libwaypoint_follower;/home/capstone/autoware.ai/install/lanelet2_traffic_rules;/home/capstone/autoware.ai/install/lanelet2_maps;/home/capstone/autoware.ai/install/lanelet2_io;/home/capstone/autoware.ai/install/vector_map;/home/capstone/autoware.ai/install/lanelet2_core;/home/capstone/autoware.ai/install/amathutils_lib;/home/capstone/autoware.ai/install/vector_map_msgs;/home/capstone/autoware.ai/install/autoware_msgs;/home/capstone/autoware.ai/install/autoware_lanelet2_msgs;/home/capstone/autoware.ai/install/autoware_build_flags;/home/capstone/autoware.ai/install/wf_simulator;/home/capstone/autoware.ai/install/vision_ssd_detect;/home/capstone/autoware.ai/install/vision_segment_enet_detect;/home/capstone/autoware.ai/install/vision_lane_detect;/home/capstone/autoware.ai/install/vision_darknet_detect;/home/capstone/autoware.ai/install/vision_beyond_track;/home/capstone/autoware.ai/install/vel_pose_diff_checker;/home/capstone/autoware.ai/install/vehicle_socket;/home/capstone/autoware.ai/install/vehicle_sim_model;/home/capstone/autoware.ai/install/vehicle_model;/home/capstone/autoware.ai/install/vehicle_gazebo_simulation_launcher;/home/capstone/autoware.ai/install/vehicle_gazebo_simulation_interface;/home/capstone/autoware.ai/install/vehicle_engage_panel;/home/capstone/autoware.ai/install/vehicle_description;/home/capstone/autoware.ai/install/op_ros_helpers;/home/capstone/autoware.ai/install/object_map;/home/capstone/autoware.ai/install/lanelet_aisan_converter;/home/capstone/autoware.ai/install/libvectormap;/home/capstone/autoware.ai/install/twist_generator;/home/capstone/autoware.ai/install/twist2odom;/home/capstone/autoware.ai/install/runtime_manager;/home/capstone/autoware.ai/install/tablet_socket_msgs;/home/capstone/autoware.ai/install/sound_player;/home/capstone/autoware.ai/install/points2image;/home/capstone/autoware.ai/install/rosinterface;/home/capstone/autoware.ai/install/rosbag_controller;/home/capstone/autoware.ai/install/points_preprocessor;/home/capstone/autoware.ai/install/lidar_localizer;/home/capstone/autoware.ai/install/emergency_handler;/home/capstone/autoware.ai/install/autoware_health_checker;/home/capstone/autoware.ai/install/ros_observer;/home/capstone/autoware.ai/install/range_vision_fusion;/home/capstone/autoware.ai/install/pos_db;/home/capstone/autoware.ai/install/points_downsampler;/home/capstone/autoware.ai/install/pixel_cloud_fusion;/home/capstone/autoware.ai/install/pcl_omp_registration;/home/capstone/autoware.ai/install/pc2_downsampler;/home/capstone/autoware.ai/install/obj_db;/home/capstone/autoware.ai/install/nmea_navsat;/home/capstone/autoware.ai/install/ndt_tku;/home/capstone/autoware.ai/install/ndt_gpu;/home/capstone/autoware.ai/install/ndt_cpu;/home/capstone/autoware.ai/install/multi_lidar_calibrator;/home/capstone/autoware.ai/install/mrt_cmake_modules;/home/capstone/autoware.ai/install/marker_downsampler;/home/capstone/autoware.ai/install/map_tools;/home/capstone/autoware.ai/install/map_tf_generator;/home/capstone/autoware.ai/install/log_tools;/home/capstone/autoware.ai/install/lgsvl_simulator_bridge;/home/capstone/autoware.ai/install/lanelet2_examples;/home/capstone/autoware.ai/install/lanelet2_python;/home/capstone/autoware.ai/install/integrated_viewer;/home/capstone/autoware.ai/install/image_processor;/home/capstone/autoware.ai/install/graph_tools;/home/capstone/autoware.ai/install/gnss_localizer;/home/capstone/autoware.ai/install/gnss;/home/capstone/autoware.ai/install/glviewer;/home/capstone/autoware.ai/install/gazebo_world_description;/home/capstone/autoware.ai/install/gazebo_imu_description;/home/capstone/autoware.ai/install/gazebo_camera_description;/home/capstone/autoware.ai/install/fastvirtualscan;/home/capstone/autoware.ai/install/ekf_localizer;/home/capstone/autoware.ai/install/detected_objects_visualizer;/home/capstone/autoware.ai/install/decision_maker_panel;/home/capstone/autoware.ai/install/data_preprocessor;/home/capstone/autoware.ai/install/carla_autoware_bridge;/home/capstone/autoware.ai/install/calibration_publisher;/home/capstone/autoware.ai/install/autoware_system_msgs;/home/capstone/autoware.ai/install/autoware_rviz_plugins;/home/capstone/autoware.ai/install/autoware_quickstart_examples;/home/capstone/autoware.ai/install/autoware_pointgrey_drivers;/home/capstone/autoware.ai/install/autoware_driveworks_interface;/home/capstone/autoware.ai/install/autoware_connector;/home/capstone/autoware.ai/install/autoware_camera_lidar_calibrator;/home/capstone/autoware.ai/install/autoware_map_msgs;/home/capstone/autoware.ai/install/autoware_launcher_rviz;/home/capstone/autoware.ai/install/autoware_launcher;/home/capstone/autoware.ai/install/autoware_external_msgs;/home/capstone/autoware.ai/install/autoware_driveworks_gmsl_interface;/home/capstone/autoware.ai/install/autoware_config_msgs;/home/capstone/autoware.ai/install/autoware_can_msgs;/home/capstone/autoware.ai/install/autoware_bag_tools;/opt/carla-ros-bridge/melodic;/opt/ros/melodic
[8.688s] -- This workspace overlays: /home/capstone/autoware.ai/install/map_file;/home/capstone/autoware.ai/install/op_simu;/home/capstone/autoware.ai/install/lanelet2_extension;/home/capstone/autoware.ai/install/op_planner;/home/capstone/autoware.ai/install/lanelet2_validation;/home/capstone/autoware.ai/install/op_utility;/home/capstone/autoware.ai/install/lanelet2_routing;/home/capstone/autoware.ai/install/lanelet2_projection;/home/capstone/autoware.ai/install/vector_map_server;/home/capstone/autoware.ai/install/libwaypoint_follower;/home/capstone/autoware.ai/install/lanelet2_traffic_rules;/home/capstone/autoware.ai/install/lanelet2_maps;/home/capstone/autoware.ai/install/lanelet2_io;/home/capstone/autoware.ai/install/vector_map;/home/capstone/autoware.ai/install/lanelet2_core;/home/capstone/autoware.ai/install/amathutils_lib;/home/capstone/autoware.ai/install/vector_map_msgs;/home/capstone/autoware.ai/install/autoware_msgs;/home/capstone/autoware.ai/install/autoware_lanelet2_msgs;/home/capstone/autoware.ai/install/autoware_build_flags;/home/capstone/autoware.ai/install/wf_simulator;/home/capstone/autoware.ai/install/vision_ssd_detect;/home/capstone/autoware.ai/install/vision_segment_enet_detect;/home/capstone/autoware.ai/install/vision_lane_detect;/home/capstone/autoware.ai/install/vision_darknet_detect;/home/capstone/autoware.ai/install/vision_beyond_track;/home/capstone/autoware.ai/install/vel_pose_diff_checker;/home/capstone/autoware.ai/install/vehicle_socket;/home/capstone/autoware.ai/install/vehicle_sim_model;/home/capstone/autoware.ai/install/vehicle_model;/home/capstone/autoware.ai/install/vehicle_gazebo_simulation_launcher;/home/capstone/autoware.ai/install/vehicle_gazebo_simulation_interface;/home/capstone/autoware.ai/install/vehicle_engage_panel;/home/capstone/autoware.ai/install/vehicle_description;/home/capstone/autoware.ai/install/libvectormap;/home/capstone/autoware.ai/install/twist_generator;/home/capstone/autoware.ai/install/twist2odom;/home/capstone/autoware.ai/install/runtime_manager;/home/capstone/autoware.ai/install/tablet_socket_msgs;/home/capstone/autoware.ai/install/sound_player;/home/capstone/autoware.ai/install/points2image;/home/capstone/autoware.ai/install/rosinterface;/home/capstone/autoware.ai/install/rosbag_controller;/home/capstone/autoware.ai/install/points_preprocessor;/home/capstone/autoware.ai/install/lidar_localizer;/home/capstone/autoware.ai/install/emergency_handler;/home/capstone/autoware.ai/install/autoware_health_checker;/home/capstone/autoware.ai/install/ros_observer;/home/capstone/autoware.ai/install/range_vision_fusion;/home/capstone/autoware.ai/install/pos_db;/home/capstone/autoware.ai/install/points_downsampler;/home/capstone/autoware.ai/install/pixel_cloud_fusion;/home/capstone/autoware.ai/install/pcl_omp_registration;/home/capstone/autoware.ai/install/pc2_downsampler;/home/capstone/autoware.ai/install/obj_db;/home/capstone/autoware.ai/install/nmea_navsat;/home/capstone/autoware.ai/install/ndt_tku;/home/capstone/autoware.ai/install/ndt_gpu;/home/capstone/autoware.ai/install/ndt_cpu;/home/capstone/autoware.ai/install/multi_lidar_calibrator;/home/capstone/autoware.ai/install/mrt_cmake_modules;/home/capstone/autoware.ai/install/marker_downsampler;/home/capstone/autoware.ai/install/map_tools;/home/capstone/autoware.ai/install/map_tf_generator;/home/capstone/autoware.ai/install/log_tools;/home/capstone/autoware.ai/install/lgsvl_simulator_bridge;/home/capstone/autoware.ai/install/lanelet2_examples;/home/capstone/autoware.ai/install/lanelet2_python;/home/capstone/autoware.ai/install/integrated_viewer;/home/capstone/autoware.ai/install/image_processor;/home/capstone/autoware.ai/install/graph_tools;/home/capstone/autoware.ai/install/gnss_localizer;/home/capstone/autoware.ai/install/gnss;/home/capstone/autoware.ai/install/glviewer;/home/capstone/autoware.ai/install/gazebo_world_description;/home/capstone/autoware.ai/install/gazebo_imu_description;/home/capstone/autoware.ai/install/gazebo_camera_description;/home/capstone/autoware.ai/install/fastvirtualscan;/home/capstone/autoware.ai/install/ekf_localizer;/home/capstone/autoware.ai/install/detected_objects_visualizer;/home/capstone/autoware.ai/install/decision_maker_panel;/home/capstone/autoware.ai/install/data_preprocessor;/home/capstone/autoware.ai/install/carla_autoware_bridge;/home/capstone/autoware.ai/install/calibration_publisher;/home/capstone/autoware.ai/install/autoware_system_msgs;/home/capstone/autoware.ai/install/autoware_rviz_plugins;/home/capstone/autoware.ai/install/autoware_quickstart_examples;/home/capstone/autoware.ai/install/autoware_pointgrey_drivers;/home/capstone/autoware.ai/install/autoware_driveworks_interface;/home/capstone/autoware.ai/install/autoware_connector;/home/capstone/autoware.ai/install/autoware_camera_lidar_calibrator;/home/capstone/autoware.ai/install/autoware_map_msgs;/home/capstone/autoware.ai/install/autoware_launcher_rviz;/home/capstone/autoware.ai/install/autoware_launcher;/home/capstone/autoware.ai/install/autoware_external_msgs;/home/capstone/autoware.ai/install/autoware_driveworks_gmsl_interface;/home/capstone/autoware.ai/install/autoware_config_msgs;/home/capstone/autoware.ai/install/autoware_can_msgs;/home/capstone/autoware.ai/install/autoware_bag_tools;/opt/carla-ros-bridge/melodic;/opt/ros/melodic
[8.794s] -- Found PythonInterp: /usr/bin/python2 (found suitable version "2.7.17", minimum required is "2") 
[8.795s] -- Using PYTHON_EXECUTABLE: /usr/bin/python2
[8.798s] -- Using Debian Python package layout
[8.798s] -- Using empy: /usr/bin/empy
[9.258s] -- Using CATKIN_ENABLE_TESTING: ON
[9.258s] -- Call enable_testing()
[9.277s] -- Using CATKIN_TEST_RESULTS_DIR: /home/capstone/autoware.ai/build/op_ros_helpers/test_results
[9.401s] -- Found gtest sources under '/usr/src/googletest': gtests will be built
[9.401s] -- Found gmock sources under '/usr/src/googletest': gmock will be built
[9.501s] -- Found PythonInterp: /usr/bin/python2 (found version "2.7.17") 
[9.504s] -- Looking for pthread.h
[9.982s] -- Looking for pthread.h - found
[9.983s] -- Looking for pthread_create
[10.512s] -- Looking for pthread_create - not found
[10.512s] -- Looking for pthread_create in pthreads
[10.986s] -- Looking for pthread_create in pthreads - not found
[10.987s] -- Looking for pthread_create in pthread
[11.424s] -- Looking for pthread_create in pthread - found
[11.427s] -- Found Threads: TRUE  
[11.441s] -- Using Python nosetests: /usr/bin/nosetests-2.7
[11.662s] -- catkin 0.7.23
[11.662s] -- BUILD_SHARED_LIBS is on
[13.556s] -- Using these message generators: gencpp;geneus;genlisp;gennodejs;genpy
[18.821s] -- Configuring done
[19.086s] -- Generating done
[19.158s] -- Build files have been written to: /home/capstone/autoware.ai/build/op_ros_helpers
[19.551s] [35m[1mScanning dependencies of target op_ros_helpers[0m
[19.856s] [ 33%] [32mBuilding CXX object CMakeFiles/op_ros_helpers.dir/src/PolygonGenerator.cpp.o[0m
[35.561s] [ 66%] [32mBuilding CXX object CMakeFiles/op_ros_helpers.dir/src/op_ROSHelpers.cpp.o[0m
[45.999s] [01m[K/home/capstone/autoware.ai/src/autoware/common/op_ros_helpers/src/op_ROSHelpers.cpp:[m[K In static member function ‘[01m[Kstatic void PlannerHNS::ROSHelpers::ConvertPredictedTrqajectoryMarkers(std::vector<std::vector<PlannerHNS::WayPoint> >&, visualization_msgs::MarkerArray&, visualization_msgs::MarkerArray&)[m[K’:
[45.999s] [01m[K/home/capstone/autoware.ai/src/autoware/common/op_ros_helpers/src/op_ROSHelpers.cpp:328:12:[m[K [01;35m[Kwarning: [m[Kunused variable ‘[01m[Kbasic_color[m[K’ [[01;35m[K-Wunused-variable[m[K]
[46.000s]      double [01;35m[Kbasic_color[m[K = 0.5;
[46.000s]             [01;35m[K^~~~~~~~~~~[m[K
[46.000s] [01m[K/home/capstone/autoware.ai/src/autoware/common/op_ros_helpers/src/op_ROSHelpers.cpp:330:10:[m[K [01;35m[Kwarning: [m[Kunused variable ‘[01m[KbCurrent[m[K’ [[01;35m[K-Wunused-variable[m[K]
[46.000s]      bool [01;35m[KbCurrent[m[K = false;
[46.000s]           [01;35m[K^~~~~~~~[m[K
[46.010s] [01m[K/home/capstone/autoware.ai/src/autoware/common/op_ros_helpers/src/op_ROSHelpers.cpp:[m[K In static member function ‘[01m[Kstatic void PlannerHNS::ROSHelpers::TrajectoriesToColoredMarkers(const std::vector<std::vector<PlannerHNS::WayPoint> >&, const std::vector<PlannerHNS::TrajectoryCost>&, const int&, visualization_msgs::MarkerArray&)[m[K’:
[46.011s] [01m[K/home/capstone/autoware.ai/src/autoware/common/op_ros_helpers/src/op_ROSHelpers.cpp:720:10:[m[K [01;35m[Kwarning: [m[Kcomparison between signed and unsigned integer expressions [[01;35m[K-Wsign-compare[m[K]
[46.011s]      if([01;35m[Ki == iClosest[m[K)
[46.011s]         [01;35m[K~~^~~~~~~~~~~[m[K
[56.907s] [100%] [32m[1mLinking CXX shared library devel/lib/libop_ros_helpers.so[0m
[58.012s] [100%] Built target op_ros_helpers
[60.419s] [35m[1mScanning dependencies of target tests[0m
[60.528s] Built target tests
[62.825s] [100%] Built target op_ros_helpers
[63.009s] [36mInstall the project...[0m
[63.086s] -- Install configuration: "Release"
[63.087s] -- Installing: /home/capstone/autoware.ai/install/op_ros_helpers/lib/pkgconfig/op_ros_helpers.pc
[63.088s] -- Installing: /home/capstone/autoware.ai/install/op_ros_helpers/share/op_ros_helpers/cmake/op_ros_helpersConfig.cmake
[63.088s] -- Installing: /home/capstone/autoware.ai/install/op_ros_helpers/share/op_ros_helpers/cmake/op_ros_helpersConfig-version.cmake
[63.089s] -- Installing: /home/capstone/autoware.ai/install/op_ros_helpers/share/op_ros_helpers/package.xml
[63.090s] -- Installing: /home/capstone/autoware.ai/install/op_ros_helpers/include/op_ros_helpers
[63.090s] -- Installing: /home/capstone/autoware.ai/install/op_ros_helpers/include/op_ros_helpers/PolygonGenerator.h
[63.091s] -- Installing: /home/capstone/autoware.ai/install/op_ros_helpers/include/op_ros_helpers/op_ROSHelpers.h
[63.092s] -- Installing: /home/capstone/autoware.ai/install/op_ros_helpers/lib/libop_ros_helpers.so
[63.106s] -- Set runtime path of "/home/capstone/autoware.ai/install/op_ros_helpers/lib/libop_ros_helpers.so" to ""
