[0.479s] -- The C compiler identification is GNU 7.5.0
[0.790s] -- The CXX compiler identification is GNU 7.5.0
[0.809s] -- Check for working C compiler: /usr/bin/cc
[1.315s] -- Check for working C compiler: /usr/bin/cc -- works
[1.316s] -- Detecting C compiler ABI info
[1.870s] -- Detecting C compiler ABI info - done
[1.916s] -- Detecting C compile features
[3.699s] -- Detecting C compile features - done
[3.706s] -- Check for working CXX compiler: /usr/bin/c++
[4.248s] -- Check for working CXX compiler: /usr/bin/c++ -- works
[4.250s] -- Detecting CXX compiler ABI info
[4.778s] -- Detecting CXX compiler ABI info - done
[4.826s] -- Detecting CXX compile features
[7.083s] -- Detecting CXX compile features - done
[7.108s] -- Using CATKIN_DEVEL_PREFIX: /home/capstone/autoware.ai/build/gazebo_imu_description/devel
[7.109s] -- Using CMAKE_PREFIX_PATH: /home/capstone/autoware.ai/install/wf_simulator;/home/capstone/autoware.ai/install/vision_ssd_detect;/home/capstone/autoware.ai/install/vision_segment_enet_detect;/home/capstone/autoware.ai/install/vision_lane_detect;/home/capstone/autoware.ai/install/vision_darknet_detect;/home/capstone/autoware.ai/install/vision_beyond_track;/home/capstone/autoware.ai/install/vel_pose_diff_checker;/home/capstone/autoware.ai/install/vehicle_socket;/home/capstone/autoware.ai/install/vehicle_sim_model;/home/capstone/autoware.ai/install/vehicle_model;/home/capstone/autoware.ai/install/vehicle_gazebo_simulation_launcher;/home/capstone/autoware.ai/install/vehicle_gazebo_simulation_interface;/home/capstone/autoware.ai/install/vehicle_engage_panel;/home/capstone/autoware.ai/install/vehicle_description;/home/capstone/autoware.ai/install/op_ros_helpers;/home/capstone/autoware.ai/install/op_simu;/home/capstone/autoware.ai/install/op_planner;/home/capstone/autoware.ai/install/op_utility;/home/capstone/autoware.ai/install/vector_map_server;/home/capstone/autoware.ai/install/object_map;/home/capstone/autoware.ai/install/lanelet_aisan_converter;/home/capstone/autoware.ai/install/map_file;/home/capstone/autoware.ai/install/libvectormap;/home/capstone/autoware.ai/install/vector_map;/home/capstone/autoware.ai/install/vector_map_msgs;/home/capstone/autoware.ai/install/twist_generator;/home/capstone/autoware.ai/install/twist2odom;/home/capstone/autoware.ai/install/runtime_manager;/home/capstone/autoware.ai/install/tablet_socket_msgs;/home/capstone/autoware.ai/install/sound_player;/home/capstone/autoware.ai/install/points2image;/home/capstone/autoware.ai/install/rosinterface;/home/capstone/autoware.ai/install/rosbag_controller;/home/capstone/autoware.ai/install/points_preprocessor;/home/capstone/autoware.ai/install/lidar_localizer;/home/capstone/autoware.ai/install/emergency_handler;/home/capstone/autoware.ai/install/autoware_health_checker;/home/capstone/autoware.ai/install/ros_observer;/home/capstone/autoware.ai/install/range_vision_fusion;/home/capstone/autoware.ai/install/pos_db;/home/capstone/autoware.ai/install/points_downsampler;/home/capstone/autoware.ai/install/pixel_cloud_fusion;/home/capstone/autoware.ai/install/pcl_omp_registration;/home/capstone/autoware.ai/install/pc2_downsampler;/home/capstone/autoware.ai/install/obj_db;/home/capstone/autoware.ai/install/nmea_navsat;/home/capstone/autoware.ai/install/ndt_tku;/home/capstone/autoware.ai/install/ndt_gpu;/home/capstone/autoware.ai/install/ndt_cpu;/home/capstone/autoware.ai/install/multi_lidar_calibrator;/home/capstone/autoware.ai/install/mrt_cmake_modules;/home/capstone/autoware.ai/install/marker_downsampler;/home/capstone/autoware.ai/install/map_tools;/home/capstone/autoware.ai/install/map_tf_generator;/home/capstone/autoware.ai/install/log_tools;/home/capstone/autoware.ai/install/libwaypoint_follower;/home/capstone/autoware.ai/install/lgsvl_simulator_bridge;/home/capstone/autoware.ai/install/lanelet2_extension;/home/capstone/autoware.ai/install/lanelet2_validation;/home/capstone/autoware.ai/install/lanelet2_examples;/home/capstone/autoware.ai/install/lanelet2_python;/home/capstone/autoware.ai/install/lanelet2_routing;/home/capstone/autoware.ai/install/lanelet2_traffic_rules;/home/capstone/autoware.ai/install/lanelet2_projection;/home/capstone/autoware.ai/install/lanelet2_maps;/home/capstone/autoware.ai/install/lanelet2_io;/home/capstone/autoware.ai/install/lanelet2_core;/home/capstone/autoware.ai/install/integrated_viewer;/home/capstone/autoware.ai/install/image_processor;/home/capstone/autoware.ai/install/graph_tools;/home/capstone/autoware.ai/install/gnss_localizer;/home/capstone/autoware.ai/install/gnss;/home/capstone/autoware.ai/install/glviewer;/home/capstone/autoware.ai/install/gazebo_world_description;/home/capstone/autoware.ai/install/gazebo_imu_description;/home/capstone/autoware.ai/install/gazebo_camera_description;/home/capstone/autoware.ai/install/fastvirtualscan;/home/capstone/autoware.ai/install/ekf_localizer;/home/capstone/autoware.ai/install/detected_objects_visualizer;/home/capstone/autoware.ai/install/decision_maker_panel;/home/capstone/autoware.ai/install/data_preprocessor;/home/capstone/autoware.ai/install/carla_autoware_bridge;/home/capstone/autoware.ai/install/calibration_publisher;/home/capstone/autoware.ai/install/autoware_system_msgs;/home/capstone/autoware.ai/install/autoware_rviz_plugins;/home/capstone/autoware.ai/install/autoware_quickstart_examples;/home/capstone/autoware.ai/install/autoware_pointgrey_drivers;/home/capstone/autoware.ai/install/autoware_driveworks_interface;/home/capstone/autoware.ai/install/autoware_connector;/home/capstone/autoware.ai/install/autoware_camera_lidar_calibrator;/home/capstone/autoware.ai/install/amathutils_lib;/home/capstone/autoware.ai/install/autoware_msgs;/home/capstone/autoware.ai/install/autoware_map_msgs;/home/capstone/autoware.ai/install/autoware_launcher_rviz;/home/capstone/autoware.ai/install/autoware_launcher;/home/capstone/autoware.ai/install/autoware_lanelet2_msgs;/home/capstone/autoware.ai/install/autoware_external_msgs;/home/capstone/autoware.ai/install/autoware_driveworks_gmsl_interface;/home/capstone/autoware.ai/install/autoware_config_msgs;/home/capstone/autoware.ai/install/autoware_can_msgs;/home/capstone/autoware.ai/install/autoware_build_flags;/home/capstone/autoware.ai/install/autoware_bag_tools;/opt/carla-ros-bridge/melodic;/opt/ros/melodic
[7.112s] -- This workspace overlays: /home/capstone/autoware.ai/install/tablet_socket_msgs;/home/capstone/autoware.ai/install/mrt_cmake_modules;/home/capstone/autoware.ai/install/autoware_system_msgs;/home/capstone/autoware.ai/install/autoware_lanelet2_msgs;/home/capstone/autoware.ai/install/autoware_can_msgs;/home/capstone/autoware.ai/install/autoware_build_flags;/opt/carla-ros-bridge/melodic;/opt/ros/melodic
[7.305s] -- Found PythonInterp: /usr/bin/python2 (found suitable version "2.7.17", minimum required is "2") 
[7.306s] -- Using PYTHON_EXECUTABLE: /usr/bin/python2
[7.307s] -- Using Debian Python package layout
[7.310s] -- Using empy: /usr/bin/empy
[7.804s] -- Using CATKIN_ENABLE_TESTING: ON
[7.809s] -- Call enable_testing()
[7.824s] -- Using CATKIN_TEST_RESULTS_DIR: /home/capstone/autoware.ai/build/gazebo_imu_description/test_results
[7.958s] -- Found gtest sources under '/usr/src/googletest': gtests will be built
[7.959s] -- Found gmock sources under '/usr/src/googletest': gmock will be built
[8.032s] -- Found PythonInterp: /usr/bin/python2 (found version "2.7.17") 
[8.034s] -- Looking for pthread.h
[8.520s] -- Looking for pthread.h - found
[8.522s] -- Looking for pthread_create
[9.054s] -- Looking for pthread_create - not found
[9.056s] -- Looking for pthread_create in pthreads
[9.619s] -- Looking for pthread_create in pthreads - not found
[9.620s] -- Looking for pthread_create in pthread
[10.070s] -- Looking for pthread_create in pthread - found
[10.070s] -- Found Threads: TRUE  
[10.085s] -- Using Python nosetests: /usr/bin/nosetests-2.7
[10.270s] -- catkin 0.7.23
[10.271s] -- BUILD_SHARED_LIBS is on
[11.477s] -- Configuring done
[11.527s] -- Generating done
[11.539s] -- Build files have been written to: /home/capstone/autoware.ai/build/gazebo_imu_description
[12.494s] [35m[1mScanning dependencies of target tests[0m
[12.564s] Built target tests
[13.336s] [36mInstall the project...[0m
[13.367s] -- Install configuration: "Release"
[13.368s] -- Installing: /home/capstone/autoware.ai/install/gazebo_imu_description/lib/pkgconfig/gazebo_imu_description.pc
[13.368s] -- Installing: /home/capstone/autoware.ai/install/gazebo_imu_description/share/gazebo_imu_description/cmake/gazebo_imu_descriptionConfig.cmake
[13.368s] -- Installing: /home/capstone/autoware.ai/install/gazebo_imu_description/share/gazebo_imu_description/cmake/gazebo_imu_descriptionConfig-version.cmake
[13.370s] -- Installing: /home/capstone/autoware.ai/install/gazebo_imu_description/share/gazebo_imu_description/package.xml
[13.370s] -- Installing: /home/capstone/autoware.ai/install/gazebo_imu_description/share/gazebo_imu_description/urdf
[13.371s] -- Installing: /home/capstone/autoware.ai/install/gazebo_imu_description/share/gazebo_imu_description/urdf/imu.xacro
