[0.493s] -- The C compiler identification is GNU 7.5.0
[0.701s] -- The CXX compiler identification is GNU 7.5.0
[0.720s] -- Check for working C compiler: /usr/bin/cc
[1.148s] -- Check for working C compiler: /usr/bin/cc -- works
[1.150s] -- Detecting C compiler ABI info
[1.518s] -- Detecting C compiler ABI info - done
[1.536s] -- Detecting C compile features
[2.682s] -- Detecting C compile features - done
[2.690s] -- Check for working CXX compiler: /usr/bin/c++
[3.102s] -- Check for working CXX compiler: /usr/bin/c++ -- works
[3.103s] -- Detecting CXX compiler ABI info
[3.526s] -- Detecting CXX compiler ABI info - done
[3.547s] -- Detecting CXX compile features
[5.420s] -- Detecting CXX compile features - done
[5.426s] -- CUDA compilation status: 1.
[5.454s] -- Using CATKIN_DEVEL_PREFIX: /home/capstone/autoware.ai/build/decision_maker_panel/devel
[5.455s] -- Using CMAKE_PREFIX_PATH: /home/capstone/autoware.ai/install/autoware_msgs;/home/capstone/autoware.ai/install/autoware_build_flags;/home/capstone/autoware.ai/install/wf_simulator;/home/capstone/autoware.ai/install/vision_ssd_detect;/home/capstone/autoware.ai/install/vision_segment_enet_detect;/home/capstone/autoware.ai/install/vision_lane_detect;/home/capstone/autoware.ai/install/vision_darknet_detect;/home/capstone/autoware.ai/install/vision_beyond_track;/home/capstone/autoware.ai/install/vel_pose_diff_checker;/home/capstone/autoware.ai/install/vehicle_socket;/home/capstone/autoware.ai/install/vehicle_sim_model;/home/capstone/autoware.ai/install/vehicle_model;/home/capstone/autoware.ai/install/vehicle_gazebo_simulation_launcher;/home/capstone/autoware.ai/install/vehicle_gazebo_simulation_interface;/home/capstone/autoware.ai/install/vehicle_engage_panel;/home/capstone/autoware.ai/install/vehicle_description;/home/capstone/autoware.ai/install/op_ros_helpers;/home/capstone/autoware.ai/install/op_simu;/home/capstone/autoware.ai/install/op_planner;/home/capstone/autoware.ai/install/op_utility;/home/capstone/autoware.ai/install/vector_map_server;/home/capstone/autoware.ai/install/object_map;/home/capstone/autoware.ai/install/lanelet_aisan_converter;/home/capstone/autoware.ai/install/map_file;/home/capstone/autoware.ai/install/libvectormap;/home/capstone/autoware.ai/install/vector_map;/home/capstone/autoware.ai/install/vector_map_msgs;/home/capstone/autoware.ai/install/twist_generator;/home/capstone/autoware.ai/install/twist2odom;/home/capstone/autoware.ai/install/runtime_manager;/home/capstone/autoware.ai/install/tablet_socket_msgs;/home/capstone/autoware.ai/install/sound_player;/home/capstone/autoware.ai/install/points2image;/home/capstone/autoware.ai/install/rosinterface;/home/capstone/autoware.ai/install/rosbag_controller;/home/capstone/autoware.ai/install/points_preprocessor;/home/capstone/autoware.ai/install/lidar_localizer;/home/capstone/autoware.ai/install/emergency_handler;/home/capstone/autoware.ai/install/autoware_health_checker;/home/capstone/autoware.ai/install/ros_observer;/home/capstone/autoware.ai/install/range_vision_fusion;/home/capstone/autoware.ai/install/pos_db;/home/capstone/autoware.ai/install/points_downsampler;/home/capstone/autoware.ai/install/pixel_cloud_fusion;/home/capstone/autoware.ai/install/pcl_omp_registration;/home/capstone/autoware.ai/install/pc2_downsampler;/home/capstone/autoware.ai/install/obj_db;/home/capstone/autoware.ai/install/nmea_navsat;/home/capstone/autoware.ai/install/ndt_tku;/home/capstone/autoware.ai/install/ndt_gpu;/home/capstone/autoware.ai/install/ndt_cpu;/home/capstone/autoware.ai/install/multi_lidar_calibrator;/home/capstone/autoware.ai/install/mrt_cmake_modules;/home/capstone/autoware.ai/install/marker_downsampler;/home/capstone/autoware.ai/install/map_tools;/home/capstone/autoware.ai/install/map_tf_generator;/home/capstone/autoware.ai/install/log_tools;/home/capstone/autoware.ai/install/libwaypoint_follower;/home/capstone/autoware.ai/install/lgsvl_simulator_bridge;/home/capstone/autoware.ai/install/lanelet2_extension;/home/capstone/autoware.ai/install/lanelet2_validation;/home/capstone/autoware.ai/install/lanelet2_examples;/home/capstone/autoware.ai/install/lanelet2_python;/home/capstone/autoware.ai/install/lanelet2_routing;/home/capstone/autoware.ai/install/lanelet2_traffic_rules;/home/capstone/autoware.ai/install/lanelet2_projection;/home/capstone/autoware.ai/install/lanelet2_maps;/home/capstone/autoware.ai/install/lanelet2_io;/home/capstone/autoware.ai/install/lanelet2_core;/home/capstone/autoware.ai/install/integrated_viewer;/home/capstone/autoware.ai/install/image_processor;/home/capstone/autoware.ai/install/graph_tools;/home/capstone/autoware.ai/install/gnss_localizer;/home/capstone/autoware.ai/install/gnss;/home/capstone/autoware.ai/install/glviewer;/home/capstone/autoware.ai/install/gazebo_world_description;/home/capstone/autoware.ai/install/gazebo_imu_description;/home/capstone/autoware.ai/install/gazebo_camera_description;/home/capstone/autoware.ai/install/fastvirtualscan;/home/capstone/autoware.ai/install/ekf_localizer;/home/capstone/autoware.ai/install/detected_objects_visualizer;/home/capstone/autoware.ai/install/decision_maker_panel;/home/capstone/autoware.ai/install/data_preprocessor;/home/capstone/autoware.ai/install/carla_autoware_bridge;/home/capstone/autoware.ai/install/calibration_publisher;/home/capstone/autoware.ai/install/autoware_system_msgs;/home/capstone/autoware.ai/install/autoware_rviz_plugins;/home/capstone/autoware.ai/install/autoware_quickstart_examples;/home/capstone/autoware.ai/install/autoware_pointgrey_drivers;/home/capstone/autoware.ai/install/autoware_driveworks_interface;/home/capstone/autoware.ai/install/autoware_connector;/home/capstone/autoware.ai/install/autoware_camera_lidar_calibrator;/home/capstone/autoware.ai/install/amathutils_lib;/home/capstone/autoware.ai/install/autoware_map_msgs;/home/capstone/autoware.ai/install/autoware_launcher_rviz;/home/capstone/autoware.ai/install/autoware_launcher;/home/capstone/autoware.ai/install/autoware_lanelet2_msgs;/home/capstone/autoware.ai/install/autoware_external_msgs;/home/capstone/autoware.ai/install/autoware_driveworks_gmsl_interface;/home/capstone/autoware.ai/install/autoware_config_msgs;/home/capstone/autoware.ai/install/autoware_can_msgs;/home/capstone/autoware.ai/install/autoware_bag_tools;/opt/carla-ros-bridge/melodic;/opt/ros/melodic
[5.461s] -- This workspace overlays: /home/capstone/autoware.ai/install/autoware_msgs;/home/capstone/autoware.ai/install/autoware_build_flags;/home/capstone/autoware.ai/install/vehicle_sim_model;/home/capstone/autoware.ai/install/vehicle_gazebo_simulation_launcher;/home/capstone/autoware.ai/install/vehicle_description;/home/capstone/autoware.ai/install/libvectormap;/home/capstone/autoware.ai/install/vector_map;/home/capstone/autoware.ai/install/vector_map_msgs;/home/capstone/autoware.ai/install/twist2odom;/home/capstone/autoware.ai/install/tablet_socket_msgs;/home/capstone/autoware.ai/install/sound_player;/home/capstone/autoware.ai/install/rosinterface;/home/capstone/autoware.ai/install/rosbag_controller;/home/capstone/autoware.ai/install/autoware_health_checker;/home/capstone/autoware.ai/install/ros_observer;/home/capstone/autoware.ai/install/pcl_omp_registration;/home/capstone/autoware.ai/install/pc2_downsampler;/home/capstone/autoware.ai/install/nmea_navsat;/home/capstone/autoware.ai/install/ndt_tku;/home/capstone/autoware.ai/install/ndt_gpu;/home/capstone/autoware.ai/install/ndt_cpu;/home/capstone/autoware.ai/install/mrt_cmake_modules;/home/capstone/autoware.ai/install/marker_downsampler;/home/capstone/autoware.ai/install/graph_tools;/home/capstone/autoware.ai/install/gnss;/home/capstone/autoware.ai/install/gazebo_world_description;/home/capstone/autoware.ai/install/gazebo_imu_description;/home/capstone/autoware.ai/install/gazebo_camera_description;/home/capstone/autoware.ai/install/fastvirtualscan;/home/capstone/autoware.ai/install/carla_autoware_bridge;/home/capstone/autoware.ai/install/autoware_system_msgs;/home/capstone/autoware.ai/install/autoware_quickstart_examples;/home/capstone/autoware.ai/install/autoware_pointgrey_drivers;/home/capstone/autoware.ai/install/autoware_driveworks_interface;/home/capstone/autoware.ai/install/amathutils_lib;/home/capstone/autoware.ai/install/autoware_map_msgs;/home/capstone/autoware.ai/install/autoware_launcher_rviz;/home/capstone/autoware.ai/install/autoware_launcher;/home/capstone/autoware.ai/install/autoware_lanelet2_msgs;/home/capstone/autoware.ai/install/autoware_external_msgs;/home/capstone/autoware.ai/install/autoware_driveworks_gmsl_interface;/home/capstone/autoware.ai/install/autoware_config_msgs;/home/capstone/autoware.ai/install/autoware_can_msgs;/home/capstone/autoware.ai/install/autoware_bag_tools;/opt/carla-ros-bridge/melodic;/opt/ros/melodic
[5.580s] -- Found PythonInterp: /usr/bin/python2 (found suitable version "2.7.17", minimum required is "2") 
[5.580s] -- Using PYTHON_EXECUTABLE: /usr/bin/python2
[5.580s] -- Using Debian Python package layout
[5.583s] -- Using empy: /usr/bin/empy
[6.129s] -- Using CATKIN_ENABLE_TESTING: ON
[6.131s] -- Call enable_testing()
[6.143s] -- Using CATKIN_TEST_RESULTS_DIR: /home/capstone/autoware.ai/build/decision_maker_panel/test_results
[6.254s] -- Found gtest sources under '/usr/src/googletest': gtests will be built
[6.254s] -- Found gmock sources under '/usr/src/googletest': gmock will be built
[6.369s] -- Found PythonInterp: /usr/bin/python2 (found version "2.7.17") 
[6.372s] -- Looking for pthread.h
[6.864s] -- Looking for pthread.h - found
[6.866s] -- Looking for pthread_create
[7.342s] -- Looking for pthread_create - not found
[7.343s] -- Looking for pthread_create in pthreads
[7.921s] -- Looking for pthread_create in pthreads - not found
[7.922s] -- Looking for pthread_create in pthread
[8.500s] -- Looking for pthread_create in pthread - found
[8.503s] -- Found Threads: TRUE  
[8.516s] -- Using Python nosetests: /usr/bin/nosetests-2.7
[8.736s] -- catkin 0.7.23
[8.736s] -- BUILD_SHARED_LIBS is on
[10.407s] -- Using these message generators: gencpp;geneus;genlisp;gennodejs;genpy
[11.799s] -- Using Qt5 based on the rviz_QT_VERSION: 5.9.5
[12.572s] -- Configuring done
[12.895s] -- Generating done
[12.993s] -- Build files have been written to: /home/capstone/autoware.ai/build/decision_maker_panel
[13.441s] [35m[1mScanning dependencies of target decision_maker_panel_autogen[0m
[13.569s] [ 25%] [34m[1mAutomatic MOC for target decision_maker_panel[0m
[13.833s] [ 25%] Built target decision_maker_panel_autogen
[13.954s] [35m[1mScanning dependencies of target decision_maker_panel[0m
[14.212s] [ 50%] [32mBuilding CXX object CMakeFiles/decision_maker_panel.dir/src/decision_maker_panel.cpp.o[0m
[23.399s] [ 75%] [32mBuilding CXX object CMakeFiles/decision_maker_panel.dir/decision_maker_panel_autogen/mocs_compilation.cpp.o[0m
[28.273s] [100%] [32m[1mLinking CXX shared library devel/lib/libdecision_maker_panel.so[0m
[29.312s] [100%] Built target decision_maker_panel
[32.196s] [35m[1mScanning dependencies of target tests[0m
[32.280s] Built target tests
[35.509s] [ 25%] [34m[1mAutomatic MOC for target decision_maker_panel[0m
[35.675s] [ 25%] Built target decision_maker_panel_autogen
[35.937s] [100%] Built target decision_maker_panel
[36.253s] [36mInstall the project...[0m
[36.364s] -- Install configuration: "Release"
[36.365s] -- Installing: /home/capstone/autoware.ai/install/decision_maker_panel/lib/pkgconfig/decision_maker_panel.pc
[36.366s] -- Installing: /home/capstone/autoware.ai/install/decision_maker_panel/share/decision_maker_panel/cmake/decision_maker_panelConfig.cmake
[36.367s] -- Installing: /home/capstone/autoware.ai/install/decision_maker_panel/share/decision_maker_panel/cmake/decision_maker_panelConfig-version.cmake
[36.368s] -- Installing: /home/capstone/autoware.ai/install/decision_maker_panel/share/decision_maker_panel/package.xml
[36.369s] -- Installing: /home/capstone/autoware.ai/install/decision_maker_panel/lib/libdecision_maker_panel.so
[36.384s] -- Set runtime path of "/home/capstone/autoware.ai/install/decision_maker_panel/lib/libdecision_maker_panel.so" to ""
[36.384s] -- Installing: /home/capstone/autoware.ai/install/decision_maker_panel/share/decision_maker_panel/plugin_description.xml
