[0.855s] [100%] Built target op_utility
[2.369s] [ 28%] Built target gtest
[2.567s] [ 28%] Built target visualization_msgs_generate_messages_nodejs
[2.706s] [ 28%] Built target visualization_msgs_generate_messages_lisp
[2.851s] [ 28%] Built target visualization_msgs_generate_messages_eus
[2.999s] [ 28%] Built target rosgraph_msgs_generate_messages_eus
[3.149s] [ 28%] Built target actionlib_generate_messages_eus
[3.298s] [ 28%] Built target rosgraph_msgs_generate_messages_cpp
[3.463s] [ 28%] Built target roscpp_generate_messages_lisp
[3.636s] [ 28%] Built target roscpp_generate_messages_eus
[3.778s] [ 28%] Built target roscpp_generate_messages_cpp
[3.923s] [ 28%] Built target autoware_msgs_generate_messages_nodejs
[4.071s] [ 28%] Built target roscpp_generate_messages_nodejs
[4.215s] [ 28%] Built target jsk_footstep_msgs_generate_messages_cpp
[4.360s] [ 28%] Built target jsk_footstep_msgs_generate_messages_lisp
[4.526s] [ 28%] Built target jsk_recognition_msgs_generate_messages_cpp
[4.681s] [ 28%] Built target geometry_msgs_generate_messages_py
[4.821s] [ 28%] Built target jsk_footstep_msgs_generate_messages_py
[4.965s] [ 28%] Built target geometry_msgs_generate_messages_nodejs
[5.112s] [ 28%] Built target geometry_msgs_generate_messages_cpp
[5.267s] [ 28%] Built target tf2_msgs_generate_messages_eus
[5.434s] [ 28%] Built target sensor_msgs_generate_messages_py
[5.610s] [ 28%] Built target vector_map_server_generate_messages_nodejs
[5.752s] [ 28%] Built target geometry_msgs_generate_messages_eus
[5.895s] [ 28%] Built target std_msgs_generate_messages_nodejs
[6.049s] [ 28%] Built target vector_map_server_generate_messages_eus
[6.202s] [ 28%] Built target vector_map_server_generate_messages_cpp
[6.347s] [ 28%] Built target vector_map_msgs_generate_messages_nodejs
[6.559s] [ 28%] Built target jsk_footstep_msgs_generate_messages_eus
[6.716s] [ 28%] Built target std_msgs_generate_messages_py
[6.862s] [ 28%] Built target jsk_recognition_msgs_generate_messages_eus
[7.007s] [ 28%] Built target vector_map_server_generate_messages_py
[7.150s] [ 28%] Built target vector_map_msgs_generate_messages_eus
[7.296s] [ 28%] Built target actionlib_generate_messages_lisp
[7.457s] [ 28%] Built target visualization_msgs_generate_messages_py
[7.644s] [ 28%] Built target autoware_msgs_generate_messages_lisp
[7.786s] [ 28%] Built target actionlib_msgs_generate_messages_eus
[7.932s] [ 28%] Built target vector_map_msgs_generate_messages_cpp
[8.074s] [ 28%] Built target std_msgs_generate_messages_cpp
[8.218s] [ 28%] Built target autoware_msgs_generate_messages_eus
[8.369s] [ 28%] Built target geometry_msgs_generate_messages_lisp
[8.572s] [ 28%] Built target jsk_recognition_msgs_generate_messages_lisp
[8.715s] [ 28%] Built target tf_generate_messages_cpp
[8.856s] [ 28%] Built target rosgraph_msgs_generate_messages_lisp
[9.003s] [ 28%] Built target tf_generate_messages_eus
[9.149s] [ 28%] Built target autoware_msgs_generate_messages_py
[9.297s] [ 28%] Built target vector_map_msgs_generate_messages_py
[9.451s] [ 28%] Built target roscpp_generate_messages_py
[9.651s] [ 28%] Built target jsk_recognition_msgs_generate_messages_nodejs
[9.796s] [ 28%] Built target autoware_msgs_generate_messages_cpp
[9.938s] [ 28%] Built target std_msgs_generate_messages_lisp
[10.081s] [ 28%] Built target jsk_recognition_msgs_generate_messages_py
[10.222s] [ 28%] Built target sensor_msgs_generate_messages_cpp
[10.369s] [ 28%] Built target pcl_msgs_generate_messages_cpp
[10.582s] [ 28%] Built target visualization_msgs_generate_messages_cpp
[10.771s] [ 28%] Built target sensor_msgs_generate_messages_lisp
[10.909s] [ 28%] Built target vector_map_server_generate_messages_lisp
[11.054s] [ 28%] Built target sensor_msgs_generate_messages_eus
[11.200s] [ 28%] Built target pcl_msgs_generate_messages_eus
[11.345s] [ 28%] Built target vector_map_msgs_generate_messages_lisp
[11.525s] [ 28%] Built target pcl_msgs_generate_messages_nodejs
[11.692s] [ 28%] Built target pcl_msgs_generate_messages_lisp
[11.836s] [ 28%] Built target pcl_msgs_generate_messages_py
[11.981s] [ 28%] Built target sensor_msgs_generate_messages_nodejs
[12.126s] [ 28%] Built target jsk_footstep_msgs_generate_messages_nodejs
[12.274s] [ 28%] Built target actionlib_msgs_generate_messages_cpp
[12.420s] [ 28%] Built target tf_generate_messages_py
[12.601s] [ 28%] Built target std_msgs_generate_messages_eus
[12.746s] [ 28%] Built target actionlib_msgs_generate_messages_lisp
[12.892s] [ 28%] Built target actionlib_msgs_generate_messages_nodejs
[13.037s] [ 28%] Built target actionlib_msgs_generate_messages_py
[13.181s] [ 28%] Built target tf_generate_messages_lisp
[13.326s] [ 28%] Built target tf_generate_messages_nodejs
[13.549s] [ 71%] Built target op_utility
[13.690s] [ 71%] Built target rosgraph_msgs_generate_messages_nodejs
[13.846s] [ 71%] Built target rosgraph_msgs_generate_messages_py
[13.990s] [ 71%] Built target actionlib_generate_messages_cpp
[14.134s] [ 71%] Built target actionlib_generate_messages_nodejs
[14.278s] [ 71%] Built target actionlib_generate_messages_py
[14.436s] [ 71%] Built target tf2_msgs_generate_messages_cpp
[14.625s] [ 71%] Built target tf2_msgs_generate_messages_lisp
[14.773s] [ 71%] Built target tf2_msgs_generate_messages_nodejs
[14.924s] [ 71%] Built target tf2_msgs_generate_messages_py
[15.082s] [100%] Built target test-op_utility
[15.226s] [100%] Built target tests
[16.744s] [100%] Built target op_utility
[16.880s] [36mInstall the project...[0m
[16.937s] -- Install configuration: "Release"
[16.938s] -- Up-to-date: /home/capstone/autoware.ai/install/op_utility/lib/pkgconfig/op_utility.pc
[16.938s] -- Up-to-date: /home/capstone/autoware.ai/install/op_utility/share/op_utility/cmake/op_utilityConfig.cmake
[16.938s] -- Up-to-date: /home/capstone/autoware.ai/install/op_utility/share/op_utility/cmake/op_utilityConfig-version.cmake
[16.938s] -- Up-to-date: /home/capstone/autoware.ai/install/op_utility/share/op_utility/package.xml
[16.939s] -- Up-to-date: /home/capstone/autoware.ai/install/op_utility/include/op_utility
[16.939s] -- Up-to-date: /home/capstone/autoware.ai/install/op_utility/include/op_utility/UtilityH.h
[16.939s] -- Up-to-date: /home/capstone/autoware.ai/install/op_utility/include/op_utility/DataRW.h
[16.939s] -- Up-to-date: /home/capstone/autoware.ai/install/op_utility/lib/libop_utility.so
