[0.358s] -- Using CATKIN_DEVEL_PREFIX: /home/capstone/autoware.ai/build/vehicle_gazebo_simulation_interface/devel
[0.359s] -- Using CMAKE_PREFIX_PATH: /home/capstone/autoware.ai/install/autoware_msgs;/home/capstone/autoware.ai/install/autoware_build_flags;/home/capstone/autoware.ai/install/ymc;/home/capstone/autoware.ai/install/xsens_driver;/home/capstone/autoware.ai/install/wf_simulator;/home/capstone/autoware.ai/install/lattice_planner;/home/capstone/autoware.ai/install/waypoint_planner;/home/capstone/autoware.ai/install/waypoint_maker;/home/capstone/autoware.ai/install/way_planner;/home/capstone/autoware.ai/install/vlg22c_cam;/home/capstone/autoware.ai/install/vision_ssd_detect;/home/capstone/autoware.ai/install/vision_segment_enet_detect;/home/capstone/autoware.ai/install/vision_lane_detect;/home/capstone/autoware.ai/install/vision_darknet_detect;/home/capstone/autoware.ai/install/vision_beyond_track;/home/capstone/autoware.ai/install/vel_pose_diff_checker;/home/capstone/autoware.ai/install/vehicle_socket;/home/capstone/autoware.ai/install/vehicle_sim_model;/home/capstone/autoware.ai/install/vehicle_model;/home/capstone/autoware.ai/install/vehicle_gazebo_simulation_launcher;/home/capstone/autoware.ai/install/vehicle_gazebo_simulation_interface;/home/capstone/autoware.ai/install/vehicle_engage_panel;/home/capstone/autoware.ai/install/vehicle_description;/home/capstone/autoware.ai/install/trafficlight_recognizer;/home/capstone/autoware.ai/install/op_utilities;/home/capstone/autoware.ai/install/op_simulation_package;/home/capstone/autoware.ai/install/op_local_planner;/home/capstone/autoware.ai/install/op_global_planner;/home/capstone/autoware.ai/install/lidar_kf_contour_track;/home/capstone/autoware.ai/install/op_ros_helpers;/home/capstone/autoware.ai/install/ff_waypoint_follower;/home/capstone/autoware.ai/install/dp_planner;/home/capstone/autoware.ai/install/op_simu;/home/capstone/autoware.ai/install/op_planner;/home/capstone/autoware.ai/install/op_utility;/home/capstone/autoware.ai/install/lidar_euclidean_cluster_detect;/home/capstone/autoware.ai/install/vector_map_server;/home/capstone/autoware.ai/install/road_occupancy_processor;/home/capstone/autoware.ai/install/costmap_generator;/home/capstone/autoware.ai/install/object_map;/home/capstone/autoware.ai/install/naive_motion_predict;/home/capstone/autoware.ai/install/lanelet_aisan_converter;/home/capstone/autoware.ai/install/map_file;/home/capstone/autoware.ai/install/libvectormap;/home/capstone/autoware.ai/install/lane_planner;/home/capstone/autoware.ai/install/imm_ukf_pda_track;/home/capstone/autoware.ai/install/decision_maker;/home/capstone/autoware.ai/install/vector_map;/home/capstone/autoware.ai/install/vector_map_msgs;/home/capstone/autoware.ai/install/vectacam;/home/capstone/autoware.ai/install/udon_socket;/home/capstone/autoware.ai/install/twist_generator;/home/capstone/autoware.ai/install/twist_gate;/home/capstone/autoware.ai/install/twist_filter;/home/capstone/autoware.ai/install/twist2odom;/home/capstone/autoware.ai/install/tablet_socket;/home/capstone/autoware.ai/install/runtime_manager;/home/capstone/autoware.ai/install/mqtt_socket;/home/capstone/autoware.ai/install/tablet_socket_msgs;/home/capstone/autoware.ai/install/state_machine_lib;/home/capstone/autoware.ai/install/sound_player;/home/capstone/autoware.ai/install/sick_lms5xx;/home/capstone/autoware.ai/install/sick_ldmrs_tools;/home/capstone/autoware.ai/install/sick_ldmrs_driver;/home/capstone/autoware.ai/install/sick_ldmrs_msgs;/home/capstone/autoware.ai/install/sick_ldmrs_description;/home/capstone/autoware.ai/install/points2image;/home/capstone/autoware.ai/install/rosinterface;/home/capstone/autoware.ai/install/rosbag_controller;/home/capstone/autoware.ai/install/pure_pursuit;/home/capstone/autoware.ai/install/points_preprocessor;/home/capstone/autoware.ai/install/mpc_follower;/home/capstone/autoware.ai/install/lidar_localizer;/home/capstone/autoware.ai/install/emergency_handler;/home/capstone/autoware.ai/install/autoware_health_checker;/home/capstone/autoware.ai/install/as;/home/capstone/autoware.ai/install/ros_observer;/home/capstone/autoware.ai/install/roi_object_filter;/home/capstone/autoware.ai/install/range_vision_fusion;/home/capstone/autoware.ai/install/pos_db;/home/capstone/autoware.ai/install/points_downsampler;/home/capstone/autoware.ai/install/pixel_cloud_fusion;/home/capstone/autoware.ai/install/pcl_omp_registration;/home/capstone/autoware.ai/install/pc2_downsampler;/home/capstone/autoware.ai/install/oculus_socket;/home/capstone/autoware.ai/install/obj_db;/home/capstone/autoware.ai/install/nmea_navsat;/home/capstone/autoware.ai/install/ndt_tku;/home/capstone/autoware.ai/install/ndt_gpu;/home/capstone/autoware.ai/install/ndt_cpu;/home/capstone/autoware.ai/install/multi_lidar_calibrator;/home/capstone/autoware.ai/install/mrt_cmake_modules;/home/capstone/autoware.ai/install/microstrain_driver;/home/capstone/autoware.ai/install/memsic_imu;/home/capstone/autoware.ai/install/marker_downsampler;/home/capstone/autoware.ai/install/map_tools;/home/capstone/autoware.ai/install/map_tf_generator;/home/capstone/autoware.ai/install/log_tools;/home/capstone/autoware.ai/install/lidar_shape_estimation;/home/capstone/autoware.ai/install/lidar_point_pillars;/home/capstone/autoware.ai/install/lidar_naive_l_shape_detect;/home/capstone/autoware.ai/install/lidar_fake_perception;/home/capstone/autoware.ai/install/lidar_apollo_cnn_seg_detect;/home/capstone/autoware.ai/install/libwaypoint_follower;/home/capstone/autoware.ai/install/lgsvl_simulator_bridge;/home/capstone/autoware.ai/install/lanelet2_extension;/home/capstone/autoware.ai/install/lanelet2_validation;/home/capstone/autoware.ai/install/lanelet2_examples;/home/capstone/autoware.ai/install/lanelet2_python;/home/capstone/autoware.ai/install/lanelet2_routing;/home/capstone/autoware.ai/install/lanelet2_traffic_rules;/home/capstone/autoware.ai/install/lanelet2_projection;/home/capstone/autoware.ai/install/lanelet2_maps;/home/capstone/autoware.ai/install/lanelet2_io;/home/capstone/autoware.ai/install/lanelet2_core;/home/capstone/autoware.ai/install/kvaser;/home/capstone/autoware.ai/install/kitti_launch;/home/capstone/autoware.ai/install/kitti_player;/home/capstone/autoware.ai/install/kitti_box_publisher;/home/capstone/autoware.ai/install/javad_navsat_driver;/home/capstone/autoware.ai/install/integrated_viewer;/home/capstone/autoware.ai/install/image_processor;/home/capstone/autoware.ai/install/hokuyo;/home/capstone/autoware.ai/install/graph_tools;/home/capstone/autoware.ai/install/gnss_localizer;/home/capstone/autoware.ai/install/gnss;/home/capstone/autoware.ai/install/glviewer;/home/capstone/autoware.ai/install/gazebo_world_description;/home/capstone/autoware.ai/install/gazebo_imu_description;/home/capstone/autoware.ai/install/gazebo_camera_description;/home/capstone/autoware.ai/install/garmin;/home/capstone/autoware.ai/install/freespace_planner;/home/capstone/autoware.ai/install/fastvirtualscan;/home/capstone/autoware.ai/install/ekf_localizer;/home/capstone/autoware.ai/install/ds4_msgs;/home/capstone/autoware.ai/install/ds4_driver;/home/capstone/autoware.ai/install/detected_objects_visualizer;/home/capstone/autoware.ai/install/decision_maker_panel;/home/capstone/autoware.ai/install/data_preprocessor;/home/capstone/autoware.ai/install/custom_msgs;/home/capstone/autoware.ai/install/carla_autoware_bridge;/home/capstone/autoware.ai/install/calibration_publisher;/home/capstone/autoware.ai/install/autoware_system_msgs;/home/capstone/autoware.ai/install/autoware_rviz_plugins;/home/capstone/autoware.ai/install/autoware_quickstart_examples;/home/capstone/autoware.ai/install/autoware_pointgrey_drivers;/home/capstone/autoware.ai/install/autoware_driveworks_interface;/home/capstone/autoware.ai/install/autoware_connector;/home/capstone/autoware.ai/install/autoware_camera_lidar_calibrator;/home/capstone/autoware.ai/install/astar_search;/home/capstone/autoware.ai/install/amathutils_lib;/home/capstone/autoware.ai/install/autoware_map_msgs;/home/capstone/autoware.ai/install/autoware_launcher_rviz;/home/capstone/autoware.ai/install/autoware_launcher;/home/capstone/autoware.ai/install/autoware_lanelet2_msgs;/home/capstone/autoware.ai/install/autoware_external_msgs;/home/capstone/autoware.ai/install/autoware_driveworks_gmsl_interface;/home/capstone/autoware.ai/install/autoware_config_msgs;/home/capstone/autoware.ai/install/autoware_can_msgs;/home/capstone/autoware.ai/install/autoware_bag_tools;/home/capstone/autoware.ai/install/adi_driver;/opt/carla-ros-bridge/melodic;/opt/ros/melodic
[0.376s] -- This workspace overlays: /home/capstone/autoware.ai/install/autoware_msgs;/home/capstone/autoware.ai/install/autoware_build_flags;/home/capstone/autoware.ai/install/ymc;/home/capstone/autoware.ai/install/xsens_driver;/home/capstone/autoware.ai/install/wf_simulator;/home/capstone/autoware.ai/install/lattice_planner;/home/capstone/autoware.ai/install/waypoint_planner;/home/capstone/autoware.ai/install/waypoint_maker;/home/capstone/autoware.ai/install/way_planner;/home/capstone/autoware.ai/install/vlg22c_cam;/home/capstone/autoware.ai/install/vision_ssd_detect;/home/capstone/autoware.ai/install/vision_segment_enet_detect;/home/capstone/autoware.ai/install/vision_lane_detect;/home/capstone/autoware.ai/install/vision_darknet_detect;/home/capstone/autoware.ai/install/vision_beyond_track;/home/capstone/autoware.ai/install/vel_pose_diff_checker;/home/capstone/autoware.ai/install/vehicle_socket;/home/capstone/autoware.ai/install/vehicle_sim_model;/home/capstone/autoware.ai/install/vehicle_model;/home/capstone/autoware.ai/install/vehicle_gazebo_simulation_launcher;/home/capstone/autoware.ai/install/vehicle_gazebo_simulation_interface;/home/capstone/autoware.ai/install/vehicle_engage_panel;/home/capstone/autoware.ai/install/vehicle_description;/home/capstone/autoware.ai/install/trafficlight_recognizer;/home/capstone/autoware.ai/install/op_utilities;/home/capstone/autoware.ai/install/op_simulation_package;/home/capstone/autoware.ai/install/op_local_planner;/home/capstone/autoware.ai/install/op_global_planner;/home/capstone/autoware.ai/install/lidar_kf_contour_track;/home/capstone/autoware.ai/install/op_ros_helpers;/home/capstone/autoware.ai/install/ff_waypoint_follower;/home/capstone/autoware.ai/install/dp_planner;/home/capstone/autoware.ai/install/op_simu;/home/capstone/autoware.ai/install/op_planner;/home/capstone/autoware.ai/install/op_utility;/home/capstone/autoware.ai/install/lidar_euclidean_cluster_detect;/home/capstone/autoware.ai/install/vector_map_server;/home/capstone/autoware.ai/install/road_occupancy_processor;/home/capstone/autoware.ai/install/costmap_generator;/home/capstone/autoware.ai/install/object_map;/home/capstone/autoware.ai/install/naive_motion_predict;/home/capstone/autoware.ai/install/lanelet_aisan_converter;/home/capstone/autoware.ai/install/map_file;/home/capstone/autoware.ai/install/libvectormap;/home/capstone/autoware.ai/install/lane_planner;/home/capstone/autoware.ai/install/imm_ukf_pda_track;/home/capstone/autoware.ai/install/decision_maker;/home/capstone/autoware.ai/install/vector_map;/home/capstone/autoware.ai/install/vector_map_msgs;/home/capstone/autoware.ai/install/vectacam;/home/capstone/autoware.ai/install/udon_socket;/home/capstone/autoware.ai/install/twist_generator;/home/capstone/autoware.ai/install/twist_gate;/home/capstone/autoware.ai/install/twist_filter;/home/capstone/autoware.ai/install/twist2odom;/home/capstone/autoware.ai/install/tablet_socket;/home/capstone/autoware.ai/install/runtime_manager;/home/capstone/autoware.ai/install/mqtt_socket;/home/capstone/autoware.ai/install/tablet_socket_msgs;/home/capstone/autoware.ai/install/state_machine_lib;/home/capstone/autoware.ai/install/sound_player;/home/capstone/autoware.ai/install/sick_lms5xx;/home/capstone/autoware.ai/install/sick_ldmrs_tools;/home/capstone/autoware.ai/install/sick_ldmrs_driver;/home/capstone/autoware.ai/install/sick_ldmrs_msgs;/home/capstone/autoware.ai/install/sick_ldmrs_description;/home/capstone/autoware.ai/install/points2image;/home/capstone/autoware.ai/install/rosinterface;/home/capstone/autoware.ai/install/rosbag_controller;/home/capstone/autoware.ai/install/pure_pursuit;/home/capstone/autoware.ai/install/points_preprocessor;/home/capstone/autoware.ai/install/mpc_follower;/home/capstone/autoware.ai/install/lidar_localizer;/home/capstone/autoware.ai/install/emergency_handler;/home/capstone/autoware.ai/install/autoware_health_checker;/home/capstone/autoware.ai/install/as;/home/capstone/autoware.ai/install/ros_observer;/home/capstone/autoware.ai/install/roi_object_filter;/home/capstone/autoware.ai/install/range_vision_fusion;/home/capstone/autoware.ai/install/pos_db;/home/capstone/autoware.ai/install/points_downsampler;/home/capstone/autoware.ai/install/pixel_cloud_fusion;/home/capstone/autoware.ai/install/pcl_omp_registration;/home/capstone/autoware.ai/install/pc2_downsampler;/home/capstone/autoware.ai/install/oculus_socket;/home/capstone/autoware.ai/install/obj_db;/home/capstone/autoware.ai/install/nmea_navsat;/home/capstone/autoware.ai/install/ndt_tku;/home/capstone/autoware.ai/install/ndt_gpu;/home/capstone/autoware.ai/install/ndt_cpu;/home/capstone/autoware.ai/install/multi_lidar_calibrator;/home/capstone/autoware.ai/install/mrt_cmake_modules;/home/capstone/autoware.ai/install/microstrain_driver;/home/capstone/autoware.ai/install/memsic_imu;/home/capstone/autoware.ai/install/marker_downsampler;/home/capstone/autoware.ai/install/map_tools;/home/capstone/autoware.ai/install/map_tf_generator;/home/capstone/autoware.ai/install/log_tools;/home/capstone/autoware.ai/install/lidar_shape_estimation;/home/capstone/autoware.ai/install/lidar_point_pillars;/home/capstone/autoware.ai/install/lidar_naive_l_shape_detect;/home/capstone/autoware.ai/install/lidar_fake_perception;/home/capstone/autoware.ai/install/lidar_apollo_cnn_seg_detect;/home/capstone/autoware.ai/install/libwaypoint_follower;/home/capstone/autoware.ai/install/lgsvl_simulator_bridge;/home/capstone/autoware.ai/install/lanelet2_extension;/home/capstone/autoware.ai/install/lanelet2_validation;/home/capstone/autoware.ai/install/lanelet2_examples;/home/capstone/autoware.ai/install/lanelet2_python;/home/capstone/autoware.ai/install/lanelet2_routing;/home/capstone/autoware.ai/install/lanelet2_traffic_rules;/home/capstone/autoware.ai/install/lanelet2_projection;/home/capstone/autoware.ai/install/lanelet2_maps;/home/capstone/autoware.ai/install/lanelet2_io;/home/capstone/autoware.ai/install/lanelet2_core;/home/capstone/autoware.ai/install/kvaser;/home/capstone/autoware.ai/install/kitti_launch;/home/capstone/autoware.ai/install/kitti_player;/home/capstone/autoware.ai/install/kitti_box_publisher;/home/capstone/autoware.ai/install/javad_navsat_driver;/home/capstone/autoware.ai/install/integrated_viewer;/home/capstone/autoware.ai/install/image_processor;/home/capstone/autoware.ai/install/hokuyo;/home/capstone/autoware.ai/install/graph_tools;/home/capstone/autoware.ai/install/gnss_localizer;/home/capstone/autoware.ai/install/gnss;/home/capstone/autoware.ai/install/glviewer;/home/capstone/autoware.ai/install/gazebo_world_description;/home/capstone/autoware.ai/install/gazebo_imu_description;/home/capstone/autoware.ai/install/gazebo_camera_description;/home/capstone/autoware.ai/install/garmin;/home/capstone/autoware.ai/install/freespace_planner;/home/capstone/autoware.ai/install/fastvirtualscan;/home/capstone/autoware.ai/install/ekf_localizer;/home/capstone/autoware.ai/install/ds4_msgs;/home/capstone/autoware.ai/install/ds4_driver;/home/capstone/autoware.ai/install/detected_objects_visualizer;/home/capstone/autoware.ai/install/decision_maker_panel;/home/capstone/autoware.ai/install/data_preprocessor;/home/capstone/autoware.ai/install/custom_msgs;/home/capstone/autoware.ai/install/carla_autoware_bridge;/home/capstone/autoware.ai/install/calibration_publisher;/home/capstone/autoware.ai/install/autoware_system_msgs;/home/capstone/autoware.ai/install/autoware_rviz_plugins;/home/capstone/autoware.ai/install/autoware_quickstart_examples;/home/capstone/autoware.ai/install/autoware_pointgrey_drivers;/home/capstone/autoware.ai/install/autoware_driveworks_interface;/home/capstone/autoware.ai/install/autoware_connector;/home/capstone/autoware.ai/install/autoware_camera_lidar_calibrator;/home/capstone/autoware.ai/install/astar_search;/home/capstone/autoware.ai/install/amathutils_lib;/home/capstone/autoware.ai/install/autoware_map_msgs;/home/capstone/autoware.ai/install/autoware_launcher_rviz;/home/capstone/autoware.ai/install/autoware_launcher;/home/capstone/autoware.ai/install/autoware_lanelet2_msgs;/home/capstone/autoware.ai/install/autoware_external_msgs;/home/capstone/autoware.ai/install/autoware_driveworks_gmsl_interface;/home/capstone/autoware.ai/install/autoware_config_msgs;/home/capstone/autoware.ai/install/autoware_can_msgs;/home/capstone/autoware.ai/install/autoware_bag_tools;/home/capstone/autoware.ai/install/adi_driver;/opt/carla-ros-bridge/melodic;/opt/ros/melodic
[0.467s] -- Found PythonInterp: /usr/bin/python2 (found suitable version "2.7.17", minimum required is "2") 
[0.471s] -- Using PYTHON_EXECUTABLE: /usr/bin/python2
[0.471s] -- Using Debian Python package layout
[0.471s] -- Using empy: /usr/bin/empy
[0.829s] -- Using CATKIN_ENABLE_TESTING: ON
[0.829s] -- Call enable_testing()
[0.832s] -- Using CATKIN_TEST_RESULTS_DIR: /home/capstone/autoware.ai/build/vehicle_gazebo_simulation_interface/test_results
[0.963s] -- Found gtest sources under '/usr/src/googletest': gtests will be built
[0.964s] -- Found gmock sources under '/usr/src/googletest': gmock will be built
[1.041s] -- Found PythonInterp: /usr/bin/python2 (found version "2.7.17") 
[1.053s] -- Using Python nosetests: /usr/bin/nosetests-2.7
[1.230s] -- catkin 0.7.23
[1.230s] -- BUILD_SHARED_LIBS is on
[1.980s] -- CUDA compilation status: 1.
[2.104s] -- Using these message generators: gencpp;geneus;genlisp;gennodejs;genpy
[3.414s] -- Configuring done
[3.723s] -- Generating done
[3.795s] -- Build files have been written to: /home/capstone/autoware.ai/build/vehicle_gazebo_simulation_interface
[4.030s] [  0%] Built target std_srvs_generate_messages_lisp
[4.174s] [  0%] Built target roscpp_generate_messages_cpp
[4.319s] [  0%] Built target rosgraph_msgs_generate_messages_eus
[4.467s] [  0%] Built target std_srvs_generate_messages_py
[4.612s] [  0%] Built target std_srvs_generate_messages_nodejs
[4.801s] [  0%] Built target jsk_recognition_msgs_generate_messages_lisp
[4.965s] [  0%] Built target jsk_recognition_msgs_generate_messages_eus
[5.108s] [  0%] Built target std_msgs_generate_messages_py
[5.256s] [  0%] Built target jsk_recognition_msgs_generate_messages_cpp
[5.400s] [  0%] Built target geometry_msgs_generate_messages_lisp
[5.560s] [  0%] Built target autoware_msgs_generate_messages_eus
[5.757s] [  0%] Built target std_msgs_generate_messages_nodejs
[5.941s] [  0%] Built target geometry_msgs_generate_messages_eus
[6.083s] [  0%] Built target std_msgs_generate_messages_cpp
[6.224s] [  0%] Built target gazebo_msgs_generate_messages_py
[6.368s] [  0%] Built target jsk_footstep_msgs_generate_messages_py
[6.516s] [  0%] Built target geometry_msgs_generate_messages_py
[6.659s] [  0%] Built target tf2_msgs_generate_messages_eus
[6.888s] [  0%] Built target sensor_msgs_generate_messages_py
[7.029s] [  0%] Built target roscpp_generate_messages_nodejs
[7.181s] [  0%] Built target jsk_footstep_msgs_generate_messages_cpp
[7.325s] [  0%] Built target jsk_footstep_msgs_generate_messages_lisp
[7.478s] [  0%] Built target autoware_msgs_generate_messages_nodejs
[7.621s] [  0%] Built target rosgraph_msgs_generate_messages_lisp
[7.810s] [  0%] Built target autoware_msgs_generate_messages_py
[7.958s] [  0%] Built target std_srvs_generate_messages_cpp
[8.104s] [  0%] Built target actionlib_msgs_generate_messages_eus
[8.252s] [  0%] Built target sensor_msgs_generate_messages_lisp
[8.402s] [  0%] Built target sensor_msgs_generate_messages_eus
[8.544s] [  0%] Built target autoware_msgs_generate_messages_lisp
[8.715s] [  0%] Built target sensor_msgs_generate_messages_cpp
[8.912s] [  0%] Built target pcl_msgs_generate_messages_cpp
[9.086s] [  0%] Built target jsk_recognition_msgs_generate_messages_py
[9.229s] [  0%] Built target std_msgs_generate_messages_lisp
[9.367s] [  0%] Built target autoware_msgs_generate_messages_cpp
[9.512s] [  0%] Built target jsk_footstep_msgs_generate_messages_eus
[9.656s] [  0%] Built target actionlib_generate_messages_lisp
[9.828s] [  0%] Built target _catkin_empty_exported_target
[9.970s] [  0%] Built target geometry_msgs_generate_messages_cpp
[10.113s] [  0%] Built target pcl_msgs_generate_messages_eus
[10.258s] [  0%] Built target pcl_msgs_generate_messages_nodejs
[10.406s] [  0%] Built target pcl_msgs_generate_messages_lisp
[10.559s] [  0%] Built target pcl_msgs_generate_messages_py
[10.767s] [  0%] Built target sensor_msgs_generate_messages_nodejs
[10.935s] [  0%] Built target jsk_footstep_msgs_generate_messages_nodejs
[11.089s] [  0%] Built target actionlib_msgs_generate_messages_cpp
[11.239s] [  0%] Built target std_msgs_generate_messages_eus
[11.388s] [  0%] Built target actionlib_msgs_generate_messages_lisp
[11.539s] [  0%] Built target actionlib_msgs_generate_messages_nodejs
[11.701s] [  0%] Built target trajectory_msgs_generate_messages_cpp
[11.884s] [  0%] Built target actionlib_msgs_generate_messages_py
[12.023s] [  0%] Built target gazebo_msgs_generate_messages_cpp
[12.164s] [  0%] Built target geometry_msgs_generate_messages_nodejs
[12.309s] [  0%] Built target gazebo_msgs_generate_messages_eus
[12.457s] [  0%] Built target tf2_msgs_generate_messages_py
[12.605s] [  0%] Built target gazebo_msgs_generate_messages_lisp
[12.827s] [  0%] Built target gazebo_msgs_generate_messages_nodejs
[12.979s] [  0%] Built target roscpp_generate_messages_py
[13.165s] [  0%] Built target jsk_recognition_msgs_generate_messages_nodejs
[13.313s] [  0%] Built target trajectory_msgs_generate_messages_eus
[13.464s] [  0%] Built target trajectory_msgs_generate_messages_nodejs
[13.607s] [  0%] Built target trajectory_msgs_generate_messages_lisp
[13.832s] [  0%] Built target actionlib_generate_messages_eus
[13.977s] [  0%] Built target rosgraph_msgs_generate_messages_cpp
[14.131s] [  0%] Built target trajectory_msgs_generate_messages_py
[14.277s] [  0%] Built target std_srvs_generate_messages_eus
[14.440s] [  0%] Built target roscpp_generate_messages_eus
[14.611s] [  0%] Built target roscpp_generate_messages_lisp
[14.878s] [  0%] Built target rosgraph_msgs_generate_messages_nodejs
[15.032s] [  0%] Built target rosgraph_msgs_generate_messages_py
[15.184s] [  0%] Built target tf2_msgs_generate_messages_cpp
[15.328s] [  0%] Built target tf2_msgs_generate_messages_lisp
[15.478s] [  0%] Built target tf2_msgs_generate_messages_nodejs
[15.622s] [  0%] Built target actionlib_generate_messages_cpp
[15.808s] [  0%] Built target actionlib_generate_messages_nodejs
[15.955s] [  0%] Built target actionlib_generate_messages_py
[16.123s] [ 50%] Built target vehicle_gazebo_info_publisher
[16.285s] [100%] Built target vehicle_gazebo_input_subscriber
[17.683s] Built target tests
[19.044s] [  0%] Built target std_srvs_generate_messages_lisp
[19.200s] [  0%] Built target roscpp_generate_messages_cpp
[19.343s] [  0%] Built target rosgraph_msgs_generate_messages_eus
[19.490s] [  0%] Built target std_srvs_generate_messages_py
[19.635s] [  0%] Built target std_srvs_generate_messages_nodejs
[19.823s] [  0%] Built target jsk_recognition_msgs_generate_messages_lisp
[19.974s] [  0%] Built target jsk_recognition_msgs_generate_messages_eus
[20.118s] [  0%] Built target std_msgs_generate_messages_py
[20.264s] [  0%] Built target jsk_recognition_msgs_generate_messages_cpp
[20.405s] [  0%] Built target geometry_msgs_generate_messages_lisp
[20.547s] [  0%] Built target autoware_msgs_generate_messages_eus
[20.703s] [  0%] Built target std_msgs_generate_messages_nodejs
[20.894s] [  0%] Built target geometry_msgs_generate_messages_eus
[21.036s] [  0%] Built target std_msgs_generate_messages_cpp
[21.176s] [  0%] Built target gazebo_msgs_generate_messages_py
[21.318s] [  0%] Built target jsk_footstep_msgs_generate_messages_py
[21.465s] [  0%] Built target geometry_msgs_generate_messages_py
[21.604s] [  0%] Built target tf2_msgs_generate_messages_eus
[21.799s] [  0%] Built target sensor_msgs_generate_messages_py
[21.951s] [  0%] Built target roscpp_generate_messages_nodejs
[22.096s] [  0%] Built target jsk_footstep_msgs_generate_messages_cpp
[22.245s] [  0%] Built target jsk_footstep_msgs_generate_messages_lisp
[22.386s] [  0%] Built target autoware_msgs_generate_messages_nodejs
[22.531s] [  0%] Built target rosgraph_msgs_generate_messages_lisp
[22.700s] [  0%] Built target autoware_msgs_generate_messages_py
[22.869s] [  0%] Built target std_srvs_generate_messages_cpp
[23.011s] [  0%] Built target actionlib_msgs_generate_messages_eus
[23.174s] [  0%] Built target sensor_msgs_generate_messages_lisp
[23.320s] [  0%] Built target sensor_msgs_generate_messages_eus
[23.459s] [  0%] Built target autoware_msgs_generate_messages_lisp
[23.602s] [  0%] Built target sensor_msgs_generate_messages_cpp
[23.799s] [  0%] Built target pcl_msgs_generate_messages_cpp
[23.945s] [  0%] Built target jsk_recognition_msgs_generate_messages_py
[24.094s] [  0%] Built target std_msgs_generate_messages_lisp
[24.234s] [  0%] Built target autoware_msgs_generate_messages_cpp
[24.380s] [  0%] Built target jsk_footstep_msgs_generate_messages_eus
[24.523s] [  0%] Built target actionlib_generate_messages_lisp
[24.673s] [  0%] Built target _catkin_empty_exported_target
[24.872s] [  0%] Built target geometry_msgs_generate_messages_cpp
[25.018s] [  0%] Built target pcl_msgs_generate_messages_eus
[25.180s] [  0%] Built target pcl_msgs_generate_messages_nodejs
[25.324s] [  0%] Built target pcl_msgs_generate_messages_lisp
[25.470s] [  0%] Built target pcl_msgs_generate_messages_py
[25.616s] [  0%] Built target sensor_msgs_generate_messages_nodejs
[25.830s] [  0%] Built target jsk_footstep_msgs_generate_messages_nodejs
[25.979s] [  0%] Built target actionlib_msgs_generate_messages_cpp
[26.127s] [  0%] Built target std_msgs_generate_messages_eus
[26.270s] [  0%] Built target actionlib_msgs_generate_messages_lisp
[26.422s] [  0%] Built target actionlib_msgs_generate_messages_nodejs
[26.571s] [  0%] Built target trajectory_msgs_generate_messages_cpp
[26.730s] [  0%] Built target actionlib_msgs_generate_messages_py
[26.921s] [  0%] Built target gazebo_msgs_generate_messages_cpp
[27.069s] [  0%] Built target geometry_msgs_generate_messages_nodejs
[27.213s] [  0%] Built target gazebo_msgs_generate_messages_eus
[27.364s] [  0%] Built target tf2_msgs_generate_messages_py
[27.507s] [  0%] Built target gazebo_msgs_generate_messages_lisp
[27.663s] [  0%] Built target gazebo_msgs_generate_messages_nodejs
[27.883s] [  0%] Built target roscpp_generate_messages_py
[28.037s] [  0%] Built target jsk_recognition_msgs_generate_messages_nodejs
[28.223s] [  0%] Built target trajectory_msgs_generate_messages_eus
[28.392s] [  0%] Built target trajectory_msgs_generate_messages_nodejs
[28.542s] [  0%] Built target trajectory_msgs_generate_messages_lisp
[28.703s] [  0%] Built target actionlib_generate_messages_eus
[28.875s] [  0%] Built target rosgraph_msgs_generate_messages_cpp
[29.039s] [  0%] Built target trajectory_msgs_generate_messages_py
[29.183s] [  0%] Built target std_srvs_generate_messages_eus
[29.326s] [  0%] Built target roscpp_generate_messages_eus
[29.471s] [  0%] Built target roscpp_generate_messages_lisp
[29.618s] [  0%] Built target rosgraph_msgs_generate_messages_nodejs
[29.826s] [  0%] Built target rosgraph_msgs_generate_messages_py
[29.968s] [  0%] Built target tf2_msgs_generate_messages_cpp
[30.111s] [  0%] Built target tf2_msgs_generate_messages_lisp
[30.257s] [  0%] Built target tf2_msgs_generate_messages_nodejs
[30.410s] [  0%] Built target actionlib_generate_messages_cpp
[30.555s] [  0%] Built target actionlib_generate_messages_nodejs
[30.744s] [  0%] Built target actionlib_generate_messages_py
[30.954s] [ 50%] Built target vehicle_gazebo_info_publisher
[31.116s] [100%] Built target vehicle_gazebo_input_subscriber
[31.252s] [36mInstall the project...[0m
[31.306s] -- Install configuration: "Release"
[31.306s] -- Installing: /home/capstone/autoware.ai/install/vehicle_gazebo_simulation_interface/lib/pkgconfig/vehicle_gazebo_simulation_interface.pc
[31.307s] -- Installing: /home/capstone/autoware.ai/install/vehicle_gazebo_simulation_interface/share/vehicle_gazebo_simulation_interface/cmake/vehicle_gazebo_simulation_interfaceConfig.cmake
[31.308s] -- Up-to-date: /home/capstone/autoware.ai/install/vehicle_gazebo_simulation_interface/share/vehicle_gazebo_simulation_interface/cmake/vehicle_gazebo_simulation_interfaceConfig-version.cmake
[31.308s] -- Up-to-date: /home/capstone/autoware.ai/install/vehicle_gazebo_simulation_interface/share/vehicle_gazebo_simulation_interface/package.xml
[31.311s] -- Up-to-date: /home/capstone/autoware.ai/install/vehicle_gazebo_simulation_interface/lib/vehicle_gazebo_simulation_interface/vehicle_gazebo_input_subscriber
[31.315s] -- Up-to-date: /home/capstone/autoware.ai/install/vehicle_gazebo_simulation_interface/lib/vehicle_gazebo_simulation_interface/vehicle_gazebo_info_publisher
