Determining if the pthread_create exist failed with the following output:
Change Dir: /home/capstone/autoware.ai/build/fastvirtualscan/CMakeFiles/CMakeTmp

Run Build Command:"/usr/bin/make" "cmTC_ab441/fast"
/usr/bin/make -f CMakeFiles/cmTC_ab441.dir/build.make CMakeFiles/cmTC_ab441.dir/build
make[1]: Entering directory '/home/capstone/autoware.ai/build/fastvirtualscan/CMakeFiles/CMakeTmp'
Building C object CMakeFiles/cmTC_ab441.dir/CheckSymbolExists.c.o
/usr/bin/cc    -o CMakeFiles/cmTC_ab441.dir/CheckSymbolExists.c.o   -c /home/capstone/autoware.ai/build/fastvirtualscan/CMakeFiles/CMakeTmp/CheckSymbolExists.c
Linking C executable cmTC_ab441
/usr/bin/cmake -E cmake_link_script CMakeFiles/cmTC_ab441.dir/link.txt --verbose=1
/usr/bin/cc      -rdynamic CMakeFiles/cmTC_ab441.dir/CheckSymbolExists.c.o  -o cmTC_ab441 
CMakeFiles/cmTC_ab441.dir/CheckSymbolExists.c.o: In function `main':
CheckSymbolExists.c:(.text+0x1b): undefined reference to `pthread_create'
collect2: error: ld returned 1 exit status
CMakeFiles/cmTC_ab441.dir/build.make:97: recipe for target 'cmTC_ab441' failed
make[1]: *** [cmTC_ab441] Error 1
make[1]: Leaving directory '/home/capstone/autoware.ai/build/fastvirtualscan/CMakeFiles/CMakeTmp'
Makefile:126: recipe for target 'cmTC_ab441/fast' failed
make: *** [cmTC_ab441/fast] Error 2

File /home/capstone/autoware.ai/build/fastvirtualscan/CMakeFiles/CMakeTmp/CheckSymbolExists.c:
/* */
#include <pthread.h>

int main(int argc, char** argv)
{
  (void)argv;
#ifndef pthread_create
  return ((int*)(&pthread_create))[argc];
#else
  (void)argc;
  return 0;
#endif
}

Determining if the function pthread_create exists in the pthreads failed with the following output:
Change Dir: /home/capstone/autoware.ai/build/fastvirtualscan/CMakeFiles/CMakeTmp

Run Build Command:"/usr/bin/make" "cmTC_bea73/fast"
/usr/bin/make -f CMakeFiles/cmTC_bea73.dir/build.make CMakeFiles/cmTC_bea73.dir/build
make[1]: Entering directory '/home/capstone/autoware.ai/build/fastvirtualscan/CMakeFiles/CMakeTmp'
Building C object CMakeFiles/cmTC_bea73.dir/CheckFunctionExists.c.o
/usr/bin/cc   -DCHECK_FUNCTION_EXISTS=pthread_create   -o CMakeFiles/cmTC_bea73.dir/CheckFunctionExists.c.o   -c /usr/share/cmake-3.10/Modules/CheckFunctionExists.c
Linking C executable cmTC_bea73
/usr/bin/cmake -E cmake_link_script CMakeFiles/cmTC_bea73.dir/link.txt --verbose=1
/usr/bin/cc  -DCHECK_FUNCTION_EXISTS=pthread_create    -rdynamic CMakeFiles/cmTC_bea73.dir/CheckFunctionExists.c.o  -o cmTC_bea73 -lpthreads 
/usr/bin/ld: cannot find -lpthreads
collect2: error: ld returned 1 exit status
CMakeFiles/cmTC_bea73.dir/build.make:97: recipe for target 'cmTC_bea73' failed
make[1]: *** [cmTC_bea73] Error 1
make[1]: Leaving directory '/home/capstone/autoware.ai/build/fastvirtualscan/CMakeFiles/CMakeTmp'
Makefile:126: recipe for target 'cmTC_bea73/fast' failed
make: *** [cmTC_bea73/fast] Error 2


