[0.616s] [  0%] Built target std_srvs_generate_messages_lisp
[0.760s] [  0%] Built target roscpp_generate_messages_cpp
[0.905s] [  0%] Built target rosgraph_msgs_generate_messages_eus
[1.056s] [  0%] Built target std_srvs_generate_messages_py
[1.201s] [  0%] Built target std_srvs_generate_messages_nodejs
[1.346s] [  0%] Built target jsk_recognition_msgs_generate_messages_lisp
[1.542s] [  0%] Built target jsk_recognition_msgs_generate_messages_eus
[1.711s] [  0%] Built target std_msgs_generate_messages_py
[1.855s] [  0%] Built target jsk_recognition_msgs_generate_messages_cpp
[2.001s] [  0%] Built target geometry_msgs_generate_messages_lisp
[2.149s] [  0%] Built target autoware_msgs_generate_messages_eus
[2.292s] [  0%] Built target std_msgs_generate_messages_nodejs
[2.436s] [  0%] Built target geometry_msgs_generate_messages_eus
[2.630s] [  0%] Built target std_msgs_generate_messages_cpp
[2.774s] [  0%] Built target gazebo_msgs_generate_messages_py
[2.918s] [  0%] Built target jsk_footstep_msgs_generate_messages_py
[3.064s] [  0%] Built target geometry_msgs_generate_messages_py
[3.205s] [  0%] Built target tf2_msgs_generate_messages_eus
[3.345s] [  0%] Built target sensor_msgs_generate_messages_py
[3.499s] [  0%] Built target roscpp_generate_messages_nodejs
[3.662s] [  0%] Built target jsk_footstep_msgs_generate_messages_cpp
[3.809s] [  0%] Built target jsk_footstep_msgs_generate_messages_lisp
[3.950s] [  0%] Built target autoware_msgs_generate_messages_nodejs
[4.098s] [  0%] Built target rosgraph_msgs_generate_messages_lisp
[4.242s] [  0%] Built target autoware_msgs_generate_messages_py
[4.383s] [  0%] Built target std_srvs_generate_messages_cpp
[4.595s] [  0%] Built target actionlib_msgs_generate_messages_eus
[4.746s] [  0%] Built target sensor_msgs_generate_messages_lisp
[4.891s] [  0%] Built target sensor_msgs_generate_messages_eus
[5.037s] [  0%] Built target autoware_msgs_generate_messages_lisp
[5.181s] [  0%] Built target sensor_msgs_generate_messages_cpp
[5.329s] [  0%] Built target pcl_msgs_generate_messages_cpp
[5.492s] [  0%] Built target jsk_recognition_msgs_generate_messages_py
[5.678s] [  0%] Built target std_msgs_generate_messages_lisp
[5.824s] [  0%] Built target autoware_msgs_generate_messages_cpp
[5.968s] [  0%] Built target jsk_footstep_msgs_generate_messages_eus
[6.111s] [  0%] Built target actionlib_generate_messages_lisp
[6.260s] [  0%] Built target _catkin_empty_exported_target
[6.410s] [  0%] Built target geometry_msgs_generate_messages_cpp
[6.572s] [  0%] Built target pcl_msgs_generate_messages_eus
[6.763s] [  0%] Built target pcl_msgs_generate_messages_nodejs
[6.907s] [  0%] Built target pcl_msgs_generate_messages_lisp
[7.048s] [  0%] Built target pcl_msgs_generate_messages_py
[7.195s] [  0%] Built target sensor_msgs_generate_messages_nodejs
[7.340s] [  0%] Built target jsk_footstep_msgs_generate_messages_nodejs
[7.501s] [  0%] Built target actionlib_msgs_generate_messages_cpp
[7.683s] [  0%] Built target std_msgs_generate_messages_eus
[7.837s] [  0%] Built target actionlib_msgs_generate_messages_lisp
[7.982s] [  0%] Built target actionlib_msgs_generate_messages_nodejs
[8.127s] [  0%] Built target trajectory_msgs_generate_messages_cpp
[8.265s] [  0%] Built target actionlib_msgs_generate_messages_py
[8.414s] [  0%] Built target gazebo_msgs_generate_messages_cpp
[8.599s] [  0%] Built target geometry_msgs_generate_messages_nodejs
[8.748s] [  0%] Built target gazebo_msgs_generate_messages_eus
[8.892s] [  0%] Built target tf2_msgs_generate_messages_py
[9.035s] [  0%] Built target gazebo_msgs_generate_messages_lisp
[9.185s] [  0%] Built target gazebo_msgs_generate_messages_nodejs
[9.327s] [  0%] Built target roscpp_generate_messages_py
[9.478s] [  0%] Built target jsk_recognition_msgs_generate_messages_nodejs
[9.674s] [  0%] Built target trajectory_msgs_generate_messages_eus
[9.817s] [  0%] Built target trajectory_msgs_generate_messages_nodejs
[9.962s] [  0%] Built target trajectory_msgs_generate_messages_lisp
[10.106s] [  0%] Built target actionlib_generate_messages_eus
[10.256s] [  0%] Built target rosgraph_msgs_generate_messages_cpp
[10.398s] [  0%] Built target trajectory_msgs_generate_messages_py
[10.576s] [  0%] Built target std_srvs_generate_messages_eus
[10.729s] [  0%] Built target roscpp_generate_messages_eus
[10.871s] [  0%] Built target roscpp_generate_messages_lisp
[11.019s] [  0%] Built target rosgraph_msgs_generate_messages_nodejs
[11.164s] [  0%] Built target rosgraph_msgs_generate_messages_py
[11.310s] [  0%] Built target tf2_msgs_generate_messages_cpp
[11.452s] [  0%] Built target tf2_msgs_generate_messages_lisp
[11.647s] [  0%] Built target tf2_msgs_generate_messages_nodejs
[11.795s] [  0%] Built target actionlib_generate_messages_cpp
[11.939s] [  0%] Built target actionlib_generate_messages_nodejs
[12.082s] [  0%] Built target actionlib_generate_messages_py
[12.243s] [ 50%] Built target vehicle_gazebo_info_publisher
[12.399s] [100%] Built target vehicle_gazebo_input_subscriber
[13.815s] Built target tests
[15.151s] [  0%] Built target std_srvs_generate_messages_lisp
[15.295s] [  0%] Built target roscpp_generate_messages_cpp
[15.442s] [  0%] Built target rosgraph_msgs_generate_messages_eus
[15.638s] [  0%] Built target std_srvs_generate_messages_py
[15.787s] [  0%] Built target std_srvs_generate_messages_nodejs
[15.933s] [  0%] Built target jsk_recognition_msgs_generate_messages_lisp
[16.080s] [  0%] Built target jsk_recognition_msgs_generate_messages_eus
[16.228s] [  0%] Built target std_msgs_generate_messages_py
[16.372s] [  0%] Built target jsk_recognition_msgs_generate_messages_cpp
[16.553s] [  0%] Built target geometry_msgs_generate_messages_lisp
[16.719s] [  0%] Built target autoware_msgs_generate_messages_eus
[16.860s] [  0%] Built target std_msgs_generate_messages_nodejs
[17.004s] [  0%] Built target geometry_msgs_generate_messages_eus
[17.149s] [  0%] Built target std_msgs_generate_messages_cpp
[17.293s] [  0%] Built target gazebo_msgs_generate_messages_py
[17.448s] [  0%] Built target jsk_footstep_msgs_generate_messages_py
[17.629s] [  0%] Built target geometry_msgs_generate_messages_py
[17.773s] [  0%] Built target tf2_msgs_generate_messages_eus
[17.917s] [  0%] Built target sensor_msgs_generate_messages_py
[18.066s] [  0%] Built target roscpp_generate_messages_nodejs
[18.210s] [  0%] Built target jsk_footstep_msgs_generate_messages_cpp
[18.354s] [  0%] Built target jsk_footstep_msgs_generate_messages_lisp
[18.537s] [  0%] Built target autoware_msgs_generate_messages_nodejs
[18.716s] [  0%] Built target rosgraph_msgs_generate_messages_lisp
[18.862s] [  0%] Built target autoware_msgs_generate_messages_py
[19.013s] [  0%] Built target std_srvs_generate_messages_cpp
[19.156s] [  0%] Built target actionlib_msgs_generate_messages_eus
[19.301s] [  0%] Built target sensor_msgs_generate_messages_lisp
[19.456s] [  0%] Built target sensor_msgs_generate_messages_eus
[19.645s] [  0%] Built target autoware_msgs_generate_messages_lisp
[19.790s] [  0%] Built target sensor_msgs_generate_messages_cpp
[19.935s] [  0%] Built target pcl_msgs_generate_messages_cpp
[20.079s] [  0%] Built target jsk_recognition_msgs_generate_messages_py
[20.227s] [  0%] Built target std_msgs_generate_messages_lisp
[20.368s] [  0%] Built target autoware_msgs_generate_messages_cpp
[20.534s] [  0%] Built target jsk_footstep_msgs_generate_messages_eus
[20.729s] [  0%] Built target actionlib_generate_messages_lisp
[20.871s] [  0%] Built target _catkin_empty_exported_target
[21.013s] [  0%] Built target geometry_msgs_generate_messages_cpp
[21.161s] [  0%] Built target pcl_msgs_generate_messages_eus
[21.309s] [  0%] Built target pcl_msgs_generate_messages_nodejs
[21.452s] [  0%] Built target pcl_msgs_generate_messages_lisp
[21.640s] [  0%] Built target pcl_msgs_generate_messages_py
[21.785s] [  0%] Built target sensor_msgs_generate_messages_nodejs
[21.927s] [  0%] Built target jsk_footstep_msgs_generate_messages_nodejs
[22.069s] [  0%] Built target actionlib_msgs_generate_messages_cpp
[22.223s] [  0%] Built target std_msgs_generate_messages_eus
[22.372s] [  0%] Built target actionlib_msgs_generate_messages_lisp
[22.557s] [  0%] Built target actionlib_msgs_generate_messages_nodejs
[22.715s] [  0%] Built target trajectory_msgs_generate_messages_cpp
[22.863s] [  0%] Built target actionlib_msgs_generate_messages_py
[23.007s] [  0%] Built target gazebo_msgs_generate_messages_cpp
[23.150s] [  0%] Built target geometry_msgs_generate_messages_nodejs
[23.300s] [  0%] Built target gazebo_msgs_generate_messages_eus
[23.455s] [  0%] Built target tf2_msgs_generate_messages_py
[23.649s] [  0%] Built target gazebo_msgs_generate_messages_lisp
[23.794s] [  0%] Built target gazebo_msgs_generate_messages_nodejs
[23.937s] [  0%] Built target roscpp_generate_messages_py
[24.080s] [  0%] Built target jsk_recognition_msgs_generate_messages_nodejs
[24.222s] [  0%] Built target trajectory_msgs_generate_messages_eus
[24.369s] [  0%] Built target trajectory_msgs_generate_messages_nodejs
[24.551s] [  0%] Built target trajectory_msgs_generate_messages_lisp
[24.715s] [  0%] Built target actionlib_generate_messages_eus
[24.862s] [  0%] Built target rosgraph_msgs_generate_messages_cpp
[25.007s] [  0%] Built target trajectory_msgs_generate_messages_py
[25.150s] [  0%] Built target std_srvs_generate_messages_eus
[25.274s] [  0%] Built target roscpp_generate_messages_eus
[25.432s] [  0%] Built target roscpp_generate_messages_lisp
[25.610s] [  0%] Built target rosgraph_msgs_generate_messages_nodejs
[25.758s] [  0%] Built target rosgraph_msgs_generate_messages_py
[25.905s] [  0%] Built target tf2_msgs_generate_messages_cpp
[26.054s] [  0%] Built target tf2_msgs_generate_messages_lisp
[26.206s] [  0%] Built target tf2_msgs_generate_messages_nodejs
[26.354s] [  0%] Built target actionlib_generate_messages_cpp
[26.520s] [  0%] Built target actionlib_generate_messages_nodejs
[26.704s] [  0%] Built target actionlib_generate_messages_py
[26.865s] [ 50%] Built target vehicle_gazebo_info_publisher
[27.018s] [100%] Built target vehicle_gazebo_input_subscriber
[27.154s] [36mInstall the project...[0m
[27.211s] -- Install configuration: "Release"
[27.211s] -- Up-to-date: /home/capstone/autoware.ai/install/vehicle_gazebo_simulation_interface/lib/pkgconfig/vehicle_gazebo_simulation_interface.pc
[27.212s] -- Up-to-date: /home/capstone/autoware.ai/install/vehicle_gazebo_simulation_interface/share/vehicle_gazebo_simulation_interface/cmake/vehicle_gazebo_simulation_interfaceConfig.cmake
[27.212s] -- Up-to-date: /home/capstone/autoware.ai/install/vehicle_gazebo_simulation_interface/share/vehicle_gazebo_simulation_interface/cmake/vehicle_gazebo_simulation_interfaceConfig-version.cmake
[27.212s] -- Up-to-date: /home/capstone/autoware.ai/install/vehicle_gazebo_simulation_interface/share/vehicle_gazebo_simulation_interface/package.xml
[27.213s] -- Up-to-date: /home/capstone/autoware.ai/install/vehicle_gazebo_simulation_interface/lib/vehicle_gazebo_simulation_interface/vehicle_gazebo_input_subscriber
[27.214s] -- Up-to-date: /home/capstone/autoware.ai/install/vehicle_gazebo_simulation_interface/lib/vehicle_gazebo_simulation_interface/vehicle_gazebo_info_publisher
