[0.102s] Invoking command in '/home/capstone/autoware.ai/build/gazebo_camera_description': /usr/bin/cmake /home/capstone/autoware.ai/src/autoware/simulation/gazebo_camera_description -DCMAKE_BUILD_TYPE=Release -DCATKIN_INSTALL_INTO_PREFIX_ROOT=0 -DCMAKE_INSTALL_PREFIX=/home/capstone/autoware.ai/install/gazebo_camera_description
[0.493s] -- The C compiler identification is GNU 7.5.0
[0.789s] -- The CXX compiler identification is GNU 7.5.0
[0.806s] -- Check for working C compiler: /usr/bin/cc
[1.397s] -- Check for working C compiler: /usr/bin/cc -- works
[1.398s] -- Detecting C compiler ABI info
[1.994s] -- Detecting C compiler ABI info - done
[2.033s] -- Detecting C compile features
[3.843s] -- Detecting C compile features - done
[3.850s] -- Check for working CXX compiler: /usr/bin/c++
[4.551s] -- Check for working CXX compiler: /usr/bin/c++ -- works
[4.552s] -- Detecting CXX compiler ABI info
[4.977s] -- Detecting CXX compiler ABI info - done
[5.008s] -- Detecting CXX compile features
[7.167s] -- Detecting CXX compile features - done
[7.187s] -- Using CATKIN_DEVEL_PREFIX: /home/capstone/autoware.ai/build/gazebo_camera_description/devel
[7.189s] -- Using CMAKE_PREFIX_PATH: /home/capstone/autoware.ai/install/wf_simulator;/home/capstone/autoware.ai/install/vision_ssd_detect;/home/capstone/autoware.ai/install/vision_segment_enet_detect;/home/capstone/autoware.ai/install/vision_lane_detect;/home/capstone/autoware.ai/install/vision_darknet_detect;/home/capstone/autoware.ai/install/vision_beyond_track;/home/capstone/autoware.ai/install/vel_pose_diff_checker;/home/capstone/autoware.ai/install/vehicle_socket;/home/capstone/autoware.ai/install/vehicle_sim_model;/home/capstone/autoware.ai/install/vehicle_model;/home/capstone/autoware.ai/install/vehicle_gazebo_simulation_launcher;/home/capstone/autoware.ai/install/vehicle_gazebo_simulation_interface;/home/capstone/autoware.ai/install/vehicle_engage_panel;/home/capstone/autoware.ai/install/vehicle_description;/home/capstone/autoware.ai/install/op_ros_helpers;/home/capstone/autoware.ai/install/op_simu;/home/capstone/autoware.ai/install/op_planner;/home/capstone/autoware.ai/install/op_utility;/home/capstone/autoware.ai/install/vector_map_server;/home/capstone/autoware.ai/install/object_map;/home/capstone/autoware.ai/install/lanelet_aisan_converter;/home/capstone/autoware.ai/install/map_file;/home/capstone/autoware.ai/install/libvectormap;/home/capstone/autoware.ai/install/vector_map;/home/capstone/autoware.ai/install/vector_map_msgs;/home/capstone/autoware.ai/install/twist_generator;/home/capstone/autoware.ai/install/twist2odom;/home/capstone/autoware.ai/install/runtime_manager;/home/capstone/autoware.ai/install/tablet_socket_msgs;/home/capstone/autoware.ai/install/sound_player;/home/capstone/autoware.ai/install/points2image;/home/capstone/autoware.ai/install/rosinterface;/home/capstone/autoware.ai/install/rosbag_controller;/home/capstone/autoware.ai/install/points_preprocessor;/home/capstone/autoware.ai/install/lidar_localizer;/home/capstone/autoware.ai/install/emergency_handler;/home/capstone/autoware.ai/install/autoware_health_checker;/home/capstone/autoware.ai/install/ros_observer;/home/capstone/autoware.ai/install/range_vision_fusion;/home/capstone/autoware.ai/install/pos_db;/home/capstone/autoware.ai/install/points_downsampler;/home/capstone/autoware.ai/install/pixel_cloud_fusion;/home/capstone/autoware.ai/install/pcl_omp_registration;/home/capstone/autoware.ai/install/pc2_downsampler;/home/capstone/autoware.ai/install/obj_db;/home/capstone/autoware.ai/install/nmea_navsat;/home/capstone/autoware.ai/install/ndt_tku;/home/capstone/autoware.ai/install/ndt_gpu;/home/capstone/autoware.ai/install/ndt_cpu;/home/capstone/autoware.ai/install/multi_lidar_calibrator;/home/capstone/autoware.ai/install/mrt_cmake_modules;/home/capstone/autoware.ai/install/marker_downsampler;/home/capstone/autoware.ai/install/map_tools;/home/capstone/autoware.ai/install/map_tf_generator;/home/capstone/autoware.ai/install/log_tools;/home/capstone/autoware.ai/install/libwaypoint_follower;/home/capstone/autoware.ai/install/lgsvl_simulator_bridge;/home/capstone/autoware.ai/install/lanelet2_extension;/home/capstone/autoware.ai/install/lanelet2_validation;/home/capstone/autoware.ai/install/lanelet2_examples;/home/capstone/autoware.ai/install/lanelet2_python;/home/capstone/autoware.ai/install/lanelet2_routing;/home/capstone/autoware.ai/install/lanelet2_traffic_rules;/home/capstone/autoware.ai/install/lanelet2_projection;/home/capstone/autoware.ai/install/lanelet2_maps;/home/capstone/autoware.ai/install/lanelet2_io;/home/capstone/autoware.ai/install/lanelet2_core;/home/capstone/autoware.ai/install/integrated_viewer;/home/capstone/autoware.ai/install/image_processor;/home/capstone/autoware.ai/install/graph_tools;/home/capstone/autoware.ai/install/gnss_localizer;/home/capstone/autoware.ai/install/gnss;/home/capstone/autoware.ai/install/glviewer;/home/capstone/autoware.ai/install/gazebo_world_description;/home/capstone/autoware.ai/install/gazebo_imu_description;/home/capstone/autoware.ai/install/gazebo_camera_description;/home/capstone/autoware.ai/install/fastvirtualscan;/home/capstone/autoware.ai/install/ekf_localizer;/home/capstone/autoware.ai/install/detected_objects_visualizer;/home/capstone/autoware.ai/install/decision_maker_panel;/home/capstone/autoware.ai/install/data_preprocessor;/home/capstone/autoware.ai/install/carla_autoware_bridge;/home/capstone/autoware.ai/install/calibration_publisher;/home/capstone/autoware.ai/install/autoware_system_msgs;/home/capstone/autoware.ai/install/autoware_rviz_plugins;/home/capstone/autoware.ai/install/autoware_quickstart_examples;/home/capstone/autoware.ai/install/autoware_pointgrey_drivers;/home/capstone/autoware.ai/install/autoware_driveworks_interface;/home/capstone/autoware.ai/install/autoware_connector;/home/capstone/autoware.ai/install/autoware_camera_lidar_calibrator;/home/capstone/autoware.ai/install/amathutils_lib;/home/capstone/autoware.ai/install/autoware_msgs;/home/capstone/autoware.ai/install/autoware_map_msgs;/home/capstone/autoware.ai/install/autoware_launcher_rviz;/home/capstone/autoware.ai/install/autoware_launcher;/home/capstone/autoware.ai/install/autoware_lanelet2_msgs;/home/capstone/autoware.ai/install/autoware_external_msgs;/home/capstone/autoware.ai/install/autoware_driveworks_gmsl_interface;/home/capstone/autoware.ai/install/autoware_config_msgs;/home/capstone/autoware.ai/install/autoware_can_msgs;/home/capstone/autoware.ai/install/autoware_build_flags;/home/capstone/autoware.ai/install/autoware_bag_tools;/opt/carla-ros-bridge/melodic;/opt/ros/melodic
[7.192s] -- This workspace overlays: /home/capstone/autoware.ai/install/tablet_socket_msgs;/home/capstone/autoware.ai/install/mrt_cmake_modules;/home/capstone/autoware.ai/install/autoware_system_msgs;/home/capstone/autoware.ai/install/autoware_lanelet2_msgs;/home/capstone/autoware.ai/install/autoware_can_msgs;/home/capstone/autoware.ai/install/autoware_build_flags;/opt/carla-ros-bridge/melodic;/opt/ros/melodic
[7.258s] -- Found PythonInterp: /usr/bin/python2 (found suitable version "2.7.17", minimum required is "2") 
[7.261s] -- Using PYTHON_EXECUTABLE: /usr/bin/python2
[7.261s] -- Using Debian Python package layout
[7.262s] -- Using empy: /usr/bin/empy
[7.877s] -- Using CATKIN_ENABLE_TESTING: ON
[7.877s] -- Call enable_testing()
[7.915s] -- Using CATKIN_TEST_RESULTS_DIR: /home/capstone/autoware.ai/build/gazebo_camera_description/test_results
[8.017s] -- Found gtest sources under '/usr/src/googletest': gtests will be built
[8.017s] -- Found gmock sources under '/usr/src/googletest': gmock will be built
[8.183s] -- Found PythonInterp: /usr/bin/python2 (found version "2.7.17") 
[8.188s] -- Looking for pthread.h
[8.694s] -- Looking for pthread.h - found
[8.694s] -- Looking for pthread_create
[9.180s] -- Looking for pthread_create - not found
[9.181s] -- Looking for pthread_create in pthreads
[9.640s] -- Looking for pthread_create in pthreads - not found
[9.641s] -- Looking for pthread_create in pthread
[10.080s] -- Looking for pthread_create in pthread - found
[10.084s] -- Found Threads: TRUE  
[10.098s] -- Using Python nosetests: /usr/bin/nosetests-2.7
[10.329s] -- catkin 0.7.23
[10.330s] -- BUILD_SHARED_LIBS is on
[11.574s] -- Configuring done
[11.621s] -- Generating done
[11.630s] -- Build files have been written to: /home/capstone/autoware.ai/build/gazebo_camera_description
[11.642s] Invoked command in '/home/capstone/autoware.ai/build/gazebo_camera_description' returned '0': /usr/bin/cmake /home/capstone/autoware.ai/src/autoware/simulation/gazebo_camera_description -DCMAKE_BUILD_TYPE=Release -DCATKIN_INSTALL_INTO_PREFIX_ROOT=0 -DCMAKE_INSTALL_PREFIX=/home/capstone/autoware.ai/install/gazebo_camera_description
[11.644s] Invoking command in '/home/capstone/autoware.ai/build/gazebo_camera_description': /usr/bin/cmake --build /home/capstone/autoware.ai/build/gazebo_camera_description -- -j12 -l12
[11.892s] Invoked command in '/home/capstone/autoware.ai/build/gazebo_camera_description' returned '0': /usr/bin/cmake --build /home/capstone/autoware.ai/build/gazebo_camera_description -- -j12 -l12
[12.299s] Invoking command in '/home/capstone/autoware.ai/build/gazebo_camera_description': /usr/bin/cmake --build /home/capstone/autoware.ai/build/gazebo_camera_description --target tests -- -j12 -l12
[12.573s] [35m[1mScanning dependencies of target tests[0m
[12.636s] Built target tests
[12.684s] Invoked command in '/home/capstone/autoware.ai/build/gazebo_camera_description' returned '0': /usr/bin/cmake --build /home/capstone/autoware.ai/build/gazebo_camera_description --target tests -- -j12 -l12
[13.133s] Invoking command in '/home/capstone/autoware.ai/build/gazebo_camera_description': /usr/bin/cmake --build /home/capstone/autoware.ai/build/gazebo_camera_description --target install -- -j12 -l12
[13.384s] [36mInstall the project...[0m
[13.421s] -- Install configuration: "Release"
[13.421s] -- Installing: /home/capstone/autoware.ai/install/gazebo_camera_description/lib/pkgconfig/gazebo_camera_description.pc
[13.421s] -- Installing: /home/capstone/autoware.ai/install/gazebo_camera_description/share/gazebo_camera_description/cmake/gazebo_camera_descriptionConfig.cmake
[13.422s] -- Installing: /home/capstone/autoware.ai/install/gazebo_camera_description/share/gazebo_camera_description/cmake/gazebo_camera_descriptionConfig-version.cmake
[13.422s] -- Installing: /home/capstone/autoware.ai/install/gazebo_camera_description/share/gazebo_camera_description/package.xml
[13.423s] -- Installing: /home/capstone/autoware.ai/install/gazebo_camera_description/share/gazebo_camera_description/urdf
[13.423s] -- Installing: /home/capstone/autoware.ai/install/gazebo_camera_description/share/gazebo_camera_description/urdf/monocular_camera.xacro
[13.447s] Invoked command in '/home/capstone/autoware.ai/build/gazebo_camera_description' returned '0': /usr/bin/cmake --build /home/capstone/autoware.ai/build/gazebo_camera_description --target install -- -j12 -l12
