Determining if the pthread_create exist failed with the following output:
Change Dir: /home/capstone/autoware.ai/build/graph_tools/CMakeFiles/CMakeTmp

Run Build Command:"/usr/bin/make" "cmTC_8ffbc/fast"
/usr/bin/make -f CMakeFiles/cmTC_8ffbc.dir/build.make CMakeFiles/cmTC_8ffbc.dir/build
make[1]: Entering directory '/home/capstone/autoware.ai/build/graph_tools/CMakeFiles/CMakeTmp'
Building C object CMakeFiles/cmTC_8ffbc.dir/CheckSymbolExists.c.o
/usr/bin/cc    -o CMakeFiles/cmTC_8ffbc.dir/CheckSymbolExists.c.o   -c /home/capstone/autoware.ai/build/graph_tools/CMakeFiles/CMakeTmp/CheckSymbolExists.c
Linking C executable cmTC_8ffbc
/usr/bin/cmake -E cmake_link_script CMakeFiles/cmTC_8ffbc.dir/link.txt --verbose=1
/usr/bin/cc      -rdynamic CMakeFiles/cmTC_8ffbc.dir/CheckSymbolExists.c.o  -o cmTC_8ffbc 
CMakeFiles/cmTC_8ffbc.dir/CheckSymbolExists.c.o: In function `main':
CheckSymbolExists.c:(.text+0x1b): undefined reference to `pthread_create'
collect2: error: ld returned 1 exit status
CMakeFiles/cmTC_8ffbc.dir/build.make:97: recipe for target 'cmTC_8ffbc' failed
make[1]: *** [cmTC_8ffbc] Error 1
make[1]: Leaving directory '/home/capstone/autoware.ai/build/graph_tools/CMakeFiles/CMakeTmp'
Makefile:126: recipe for target 'cmTC_8ffbc/fast' failed
make: *** [cmTC_8ffbc/fast] Error 2

File /home/capstone/autoware.ai/build/graph_tools/CMakeFiles/CMakeTmp/CheckSymbolExists.c:
/* */
#include <pthread.h>

int main(int argc, char** argv)
{
  (void)argv;
#ifndef pthread_create
  return ((int*)(&pthread_create))[argc];
#else
  (void)argc;
  return 0;
#endif
}

Determining if the function pthread_create exists in the pthreads failed with the following output:
Change Dir: /home/capstone/autoware.ai/build/graph_tools/CMakeFiles/CMakeTmp

Run Build Command:"/usr/bin/make" "cmTC_2ee76/fast"
/usr/bin/make -f CMakeFiles/cmTC_2ee76.dir/build.make CMakeFiles/cmTC_2ee76.dir/build
make[1]: Entering directory '/home/capstone/autoware.ai/build/graph_tools/CMakeFiles/CMakeTmp'
Building C object CMakeFiles/cmTC_2ee76.dir/CheckFunctionExists.c.o
/usr/bin/cc   -DCHECK_FUNCTION_EXISTS=pthread_create   -o CMakeFiles/cmTC_2ee76.dir/CheckFunctionExists.c.o   -c /usr/share/cmake-3.10/Modules/CheckFunctionExists.c
Linking C executable cmTC_2ee76
/usr/bin/cmake -E cmake_link_script CMakeFiles/cmTC_2ee76.dir/link.txt --verbose=1
/usr/bin/cc  -DCHECK_FUNCTION_EXISTS=pthread_create    -rdynamic CMakeFiles/cmTC_2ee76.dir/CheckFunctionExists.c.o  -o cmTC_2ee76 -lpthreads 
/usr/bin/ld: cannot find -lpthreads
collect2: error: ld returned 1 exit status
CMakeFiles/cmTC_2ee76.dir/build.make:97: recipe for target 'cmTC_2ee76' failed
make[1]: *** [cmTC_2ee76] Error 1
make[1]: Leaving directory '/home/capstone/autoware.ai/build/graph_tools/CMakeFiles/CMakeTmp'
Makefile:126: recipe for target 'cmTC_2ee76/fast' failed
make: *** [cmTC_2ee76/fast] Error 2


