[0.563s] [  0%] Built target tf_generate_messages_lisp
[0.737s] [  0%] Built target tf2_msgs_generate_messages_nodejs
[0.914s] [  0%] Built target tf2_msgs_generate_messages_lisp
[1.058s] [  0%] Built target tf2_msgs_generate_messages_cpp
[1.208s] [  0%] Built target actionlib_generate_messages_py
[1.356s] [  0%] Built target actionlib_generate_messages_nodejs
[1.502s] [  0%] Built target actionlib_generate_messages_cpp
[1.645s] [  0%] Built target tf_generate_messages_nodejs
[1.833s] [  0%] Built target jsk_recognition_msgs_generate_messages_lisp
[1.974s] [  0%] Built target tf_generate_messages_cpp
[2.118s] [  0%] Built target jsk_recognition_msgs_generate_messages_eus
[2.259s] [  0%] Built target std_msgs_generate_messages_py
[2.402s] [  0%] Built target jsk_recognition_msgs_generate_messages_cpp
[2.547s] [  0%] Built target geometry_msgs_generate_messages_lisp
[2.720s] [  0%] Built target autoware_msgs_generate_messages_eus
[2.897s] [  0%] Built target std_msgs_generate_messages_nodejs
[3.044s] [  0%] Built target geometry_msgs_generate_messages_eus
[3.188s] [  0%] Built target std_msgs_generate_messages_cpp
[3.333s] [  0%] Built target jsk_footstep_msgs_generate_messages_py
[3.475s] [  0%] Built target geometry_msgs_generate_messages_py
[3.620s] [  0%] Built target tf2_msgs_generate_messages_eus
[3.807s] [  0%] Built target sensor_msgs_generate_messages_py
[3.956s] [  0%] Built target jsk_footstep_msgs_generate_messages_lisp
[4.103s] [  0%] Built target autoware_msgs_generate_messages_nodejs
[4.248s] [  0%] Built target map_msgs_generate_messages_py
[4.396s] [  0%] Built target actionlib_msgs_generate_messages_eus
[4.540s] [  0%] Built target tf_generate_messages_eus
[4.685s] [  0%] Built target autoware_msgs_generate_messages_py
[4.867s] [  0%] Built target rosgraph_msgs_generate_messages_lisp
[5.014s] [  0%] Built target rosgraph_msgs_generate_messages_py
[5.155s] [  0%] Built target visualization_msgs_generate_messages_cpp
[5.304s] [  0%] Built target sensor_msgs_generate_messages_lisp
[5.452s] [  0%] Built target sensor_msgs_generate_messages_eus
[5.599s] [  0%] Built target roscpp_generate_messages_cpp
[5.756s] [  0%] Built target visualization_msgs_generate_messages_py
[5.918s] [  0%] Built target autoware_msgs_generate_messages_lisp
[6.062s] [  0%] Built target nav_msgs_generate_messages_nodejs
[6.212s] [  0%] Built target sensor_msgs_generate_messages_cpp
[6.361s] [  0%] Built target pcl_msgs_generate_messages_cpp
[6.508s] [  0%] Built target jsk_recognition_msgs_generate_messages_py
[6.669s] [  0%] Built target std_msgs_generate_messages_lisp
[6.874s] [  0%] Built target autoware_msgs_generate_messages_cpp
[7.021s] [  0%] Built target jsk_footstep_msgs_generate_messages_eus
[7.162s] [  0%] Built target actionlib_generate_messages_lisp
[7.306s] [  0%] Built target map_msgs_generate_messages_eus
[7.451s] [  0%] Built target _catkin_empty_exported_target
[7.596s] [  0%] Built target roscpp_generate_messages_lisp
[7.760s] [  0%] Built target geometry_msgs_generate_messages_nodejs
[7.922s] [  0%] Built target geometry_msgs_generate_messages_cpp
[8.071s] [  0%] Built target pcl_msgs_generate_messages_eus
[8.223s] [  0%] Built target pcl_msgs_generate_messages_nodejs
[8.372s] [  0%] Built target pcl_msgs_generate_messages_lisp
[8.515s] [  0%] Built target pcl_msgs_generate_messages_py
[8.664s] [  0%] Built target sensor_msgs_generate_messages_nodejs
[8.881s] [  0%] Built target jsk_footstep_msgs_generate_messages_nodejs
[9.031s] [  0%] Built target actionlib_msgs_generate_messages_cpp
[9.175s] [  0%] Built target tf_generate_messages_py
[9.321s] [  0%] Built target std_msgs_generate_messages_eus
[9.464s] [  0%] Built target actionlib_msgs_generate_messages_lisp
[9.612s] [  0%] Built target actionlib_msgs_generate_messages_nodejs
[9.824s] [  0%] Built target actionlib_msgs_generate_messages_py
[9.974s] [  0%] Built target rosgraph_msgs_generate_messages_nodejs
[10.119s] [  0%] Built target roscpp_generate_messages_eus
[10.262s] [  0%] Built target jsk_footstep_msgs_generate_messages_cpp
[10.408s] [  0%] Built target roscpp_generate_messages_nodejs
[10.553s] [  0%] Built target jsk_recognition_msgs_generate_messages_nodejs
[10.702s] [  0%] Built target roscpp_generate_messages_py
[10.894s] [  0%] Built target actionlib_generate_messages_eus
[11.041s] [  0%] Built target rosgraph_msgs_generate_messages_cpp
[11.189s] [  0%] Built target rosgraph_msgs_generate_messages_eus
[11.332s] [  0%] Built target nav_msgs_generate_messages_py
[11.477s] [  0%] Built target tf2_msgs_generate_messages_py
[11.620s] [  0%] Built target visualization_msgs_generate_messages_eus
[11.838s] [  0%] Built target nav_msgs_generate_messages_cpp
[11.983s] [  0%] Built target visualization_msgs_generate_messages_lisp
[12.128s] [  0%] Built target visualization_msgs_generate_messages_nodejs
[12.272s] [  0%] Built target map_msgs_generate_messages_cpp
[12.413s] [  0%] Built target map_msgs_generate_messages_lisp
[12.562s] [  0%] Built target map_msgs_generate_messages_nodejs
[12.720s] [  0%] Built target nav_msgs_generate_messages_eus
[12.879s] [  0%] Built target nav_msgs_generate_messages_lisp
[13.072s] [100%] Built target integrated_viewer
[14.731s] Built target tests
[16.382s] [  0%] Built target tf_generate_messages_lisp
[16.523s] [  0%] Built target tf2_msgs_generate_messages_nodejs
[16.676s] [  0%] Built target tf2_msgs_generate_messages_lisp
[16.871s] [  0%] Built target tf2_msgs_generate_messages_cpp
[17.026s] [  0%] Built target actionlib_generate_messages_py
[17.182s] [  0%] Built target actionlib_generate_messages_nodejs
[17.324s] [  0%] Built target actionlib_generate_messages_cpp
[17.467s] [  0%] Built target tf_generate_messages_nodejs
[17.614s] [  0%] Built target jsk_recognition_msgs_generate_messages_lisp
[17.786s] [  0%] Built target tf_generate_messages_cpp
[17.948s] [  0%] Built target jsk_recognition_msgs_generate_messages_eus
[18.095s] [  0%] Built target std_msgs_generate_messages_py
[18.248s] [  0%] Built target jsk_recognition_msgs_generate_messages_cpp
[18.391s] [  0%] Built target geometry_msgs_generate_messages_lisp
[18.539s] [  0%] Built target autoware_msgs_generate_messages_eus
[18.694s] [  0%] Built target std_msgs_generate_messages_nodejs
[18.876s] [  0%] Built target geometry_msgs_generate_messages_eus
[19.023s] [  0%] Built target std_msgs_generate_messages_cpp
[19.169s] [  0%] Built target jsk_footstep_msgs_generate_messages_py
[19.317s] [  0%] Built target geometry_msgs_generate_messages_py
[19.465s] [  0%] Built target tf2_msgs_generate_messages_eus
[19.610s] [  0%] Built target sensor_msgs_generate_messages_py
[19.830s] [  0%] Built target jsk_footstep_msgs_generate_messages_lisp
[19.977s] [  0%] Built target autoware_msgs_generate_messages_nodejs
[20.127s] [  0%] Built target map_msgs_generate_messages_py
[20.280s] [  0%] Built target actionlib_msgs_generate_messages_eus
[20.426s] [  0%] Built target tf_generate_messages_eus
[20.569s] [  0%] Built target autoware_msgs_generate_messages_py
[20.744s] [  0%] Built target rosgraph_msgs_generate_messages_lisp
[20.915s] [  0%] Built target rosgraph_msgs_generate_messages_py
[21.060s] [  0%] Built target visualization_msgs_generate_messages_cpp
[21.206s] [  0%] Built target sensor_msgs_generate_messages_lisp
[21.354s] [  0%] Built target sensor_msgs_generate_messages_eus
[21.505s] [  0%] Built target roscpp_generate_messages_cpp
[21.651s] [  0%] Built target visualization_msgs_generate_messages_py
[21.851s] [  0%] Built target autoware_msgs_generate_messages_lisp
[21.995s] [  0%] Built target nav_msgs_generate_messages_nodejs
[22.135s] [  0%] Built target sensor_msgs_generate_messages_cpp
[22.279s] [  0%] Built target pcl_msgs_generate_messages_cpp
[22.423s] [  0%] Built target jsk_recognition_msgs_generate_messages_py
[22.571s] [  0%] Built target std_msgs_generate_messages_lisp
[22.755s] [  0%] Built target autoware_msgs_generate_messages_cpp
[22.918s] [  0%] Built target jsk_footstep_msgs_generate_messages_eus
[23.059s] [  0%] Built target actionlib_generate_messages_lisp
[23.202s] [  0%] Built target map_msgs_generate_messages_eus
[23.339s] [  0%] Built target _catkin_empty_exported_target
[23.482s] [  0%] Built target roscpp_generate_messages_lisp
[23.623s] [  0%] Built target geometry_msgs_generate_messages_nodejs
[23.808s] [  0%] Built target geometry_msgs_generate_messages_cpp
[23.953s] [  0%] Built target pcl_msgs_generate_messages_eus
[24.096s] [  0%] Built target pcl_msgs_generate_messages_nodejs
[24.239s] [  0%] Built target pcl_msgs_generate_messages_lisp
[24.385s] [  0%] Built target pcl_msgs_generate_messages_py
[24.528s] [  0%] Built target sensor_msgs_generate_messages_nodejs
[24.688s] [  0%] Built target jsk_footstep_msgs_generate_messages_nodejs
[24.882s] [  0%] Built target actionlib_msgs_generate_messages_cpp
[25.026s] [  0%] Built target tf_generate_messages_py
[25.168s] [  0%] Built target std_msgs_generate_messages_eus
[25.310s] [  0%] Built target actionlib_msgs_generate_messages_lisp
[25.465s] [  0%] Built target actionlib_msgs_generate_messages_nodejs
[25.612s] [  0%] Built target actionlib_msgs_generate_messages_py
[25.776s] [  0%] Built target rosgraph_msgs_generate_messages_nodejs
[25.933s] [  0%] Built target roscpp_generate_messages_eus
[26.120s] [  0%] Built target jsk_footstep_msgs_generate_messages_cpp
[26.267s] [  0%] Built target roscpp_generate_messages_nodejs
[26.417s] [  0%] Built target jsk_recognition_msgs_generate_messages_nodejs
[26.559s] [  0%] Built target roscpp_generate_messages_py
[26.728s] [  0%] Built target actionlib_generate_messages_eus
[26.901s] [  0%] Built target rosgraph_msgs_generate_messages_cpp
[27.045s] [  0%] Built target rosgraph_msgs_generate_messages_eus
[27.193s] [  0%] Built target nav_msgs_generate_messages_py
[27.338s] [  0%] Built target tf2_msgs_generate_messages_py
[27.480s] [  0%] Built target visualization_msgs_generate_messages_eus
[27.628s] [  0%] Built target nav_msgs_generate_messages_cpp
[27.822s] [  0%] Built target visualization_msgs_generate_messages_lisp
[27.968s] [  0%] Built target visualization_msgs_generate_messages_nodejs
[28.114s] [  0%] Built target map_msgs_generate_messages_cpp
[28.263s] [  0%] Built target map_msgs_generate_messages_lisp
[28.407s] [  0%] Built target map_msgs_generate_messages_nodejs
[28.548s] [  0%] Built target nav_msgs_generate_messages_eus
[28.691s] [  0%] Built target nav_msgs_generate_messages_lisp
[28.924s] [100%] Built target integrated_viewer
[29.056s] [36mInstall the project...[0m
[29.113s] -- Install configuration: "Release"
[29.113s] -- Up-to-date: /home/capstone/autoware.ai/install/integrated_viewer/lib/pkgconfig/integrated_viewer.pc
[29.114s] -- Up-to-date: /home/capstone/autoware.ai/install/integrated_viewer/share/integrated_viewer/cmake/integrated_viewerConfig.cmake
[29.114s] -- Up-to-date: /home/capstone/autoware.ai/install/integrated_viewer/share/integrated_viewer/cmake/integrated_viewerConfig-version.cmake
[29.114s] -- Up-to-date: /home/capstone/autoware.ai/install/integrated_viewer/share/integrated_viewer/package.xml
[29.114s] -- Up-to-date: /home/capstone/autoware.ai/install/integrated_viewer/lib/libintegrated_viewer.so
[29.115s] -- Up-to-date: /home/capstone/autoware.ai/install/integrated_viewer/share/integrated_viewer/rviz_plugin_description.xml
[29.115s] -- Up-to-date: /home/capstone/autoware.ai/install/integrated_viewer/share/integrated_viewer/node/image_viewer_plugin/autoware_logo.png
[29.116s] -- Up-to-date: /home/capstone/autoware.ai/install/integrated_viewer/share/integrated_viewer/node/image_viewer_plugin/car.png
[29.116s] -- Up-to-date: /home/capstone/autoware.ai/install/integrated_viewer/share/integrated_viewer/node/image_viewer_plugin/pedestrian.png
