[0.637s] [  0%] Built target rosgraph_msgs_generate_messages_cpp
[0.788s] [  0%] Built target std_srvs_generate_messages_lisp
[0.931s] [  0%] Built target std_srvs_generate_messages_eus
[1.079s] [  0%] Built target bond_generate_messages_py
[1.260s] [  0%] Built target bond_generate_messages_nodejs
[1.406s] [  0%] Built target bond_generate_messages_lisp
[1.549s] [  0%] Built target bond_generate_messages_eus
[1.697s] [  0%] Built target std_srvs_generate_messages_nodejs
[1.843s] [  0%] Built target nodelet_generate_messages_py
[1.989s] [  0%] Built target nodelet_generate_messages_nodejs
[2.208s] [  0%] Built target nodelet_generate_messages_eus
[2.348s] [  0%] Built target nodelet_generate_messages_cpp
[2.495s] [  0%] Built target rosgraph_msgs_generate_messages_py
[2.646s] [  0%] Built target rosgraph_msgs_generate_messages_nodejs
[2.794s] [  0%] Built target std_srvs_generate_messages_py
[2.938s] [  0%] Built target rosgraph_msgs_generate_messages_eus
[3.158s] [  0%] Built target jsk_recognition_msgs_generate_messages_lisp
[3.307s] [  0%] Built target jsk_recognition_msgs_generate_messages_eus
[3.453s] [  0%] Built target std_msgs_generate_messages_py
[3.607s] [  0%] Built target jsk_recognition_msgs_generate_messages_cpp
[3.758s] [  0%] Built target geometry_msgs_generate_messages_lisp
[3.902s] [  0%] Built target autoware_msgs_generate_messages_eus
[4.063s] [  0%] Built target nodelet_generate_messages_lisp
[4.267s] [  0%] Built target std_msgs_generate_messages_nodejs
[4.408s] [  0%] Built target geometry_msgs_generate_messages_eus
[4.553s] [  0%] Built target std_msgs_generate_messages_cpp
[4.701s] [  0%] Built target jsk_footstep_msgs_generate_messages_py
[4.850s] [  0%] Built target geometry_msgs_generate_messages_py
[4.996s] [  0%] Built target tf2_msgs_generate_messages_eus
[5.187s] [  0%] Built target sensor_msgs_generate_messages_py
[5.330s] [  0%] Built target topic_tools_generate_messages_eus
[5.475s] [  0%] Built target jsk_footstep_msgs_generate_messages_lisp
[5.625s] [  0%] Built target autoware_msgs_generate_messages_nodejs
[5.770s] [  0%] Built target tf_generate_messages_eus
[5.915s] [  0%] Built target rosgraph_msgs_generate_messages_lisp
[6.099s] [  0%] Built target autoware_msgs_generate_messages_py
[6.261s] [  0%] Built target std_srvs_generate_messages_cpp
[6.404s] [  0%] Built target dynamic_reconfigure_generate_messages_py
[6.552s] [  0%] Built target actionlib_msgs_generate_messages_eus
[6.697s] [  0%] Built target nodelet_topic_tools_gencfg
[6.849s] [  0%] Built target sensor_msgs_generate_messages_lisp
[6.995s] [  0%] Built target sensor_msgs_generate_messages_eus
[7.205s] [  0%] Built target topic_tools_generate_messages_py
[7.349s] [  0%] Built target roscpp_generate_messages_cpp
[7.492s] [  0%] Built target topic_tools_generate_messages_cpp
[7.639s] [  0%] Built target autoware_msgs_generate_messages_lisp
[7.787s] [  0%] Built target sensor_msgs_generate_messages_cpp
[7.932s] [  0%] Built target pcl_msgs_generate_messages_cpp
[8.107s] [  0%] Built target tf2_msgs_generate_messages_py
[8.280s] [  0%] Built target bond_generate_messages_cpp
[8.426s] [  0%] Built target dynamic_reconfigure_generate_messages_nodejs
[8.569s] [  0%] Built target jsk_recognition_msgs_generate_messages_py
[8.718s] [  0%] Built target std_msgs_generate_messages_lisp
[8.864s] [  0%] Built target autoware_msgs_generate_messages_cpp
[9.011s] [  0%] Built target jsk_footstep_msgs_generate_messages_eus
[9.199s] [  0%] Built target actionlib_generate_messages_lisp
[9.347s] [  0%] Built target _catkin_empty_exported_target
[9.494s] [  0%] Built target roscpp_generate_messages_lisp
[9.635s] [  0%] Built target geometry_msgs_generate_messages_cpp
[9.781s] [  0%] Built target pcl_msgs_generate_messages_eus
[9.925s] [  0%] Built target pcl_msgs_generate_messages_nodejs
[10.096s] [  0%] Built target pcl_msgs_generate_messages_lisp
[10.284s] [  0%] Built target pcl_msgs_generate_messages_py
[10.427s] [  0%] Built target sensor_msgs_generate_messages_nodejs
[10.568s] [  0%] Built target jsk_footstep_msgs_generate_messages_nodejs
[10.715s] [  0%] Built target actionlib_msgs_generate_messages_cpp
[10.864s] [  0%] Built target tf_generate_messages_py
[11.008s] [  0%] Built target std_msgs_generate_messages_eus
[11.198s] [  0%] Built target actionlib_msgs_generate_messages_lisp
[11.341s] [  0%] Built target actionlib_msgs_generate_messages_nodejs
[11.482s] [  0%] Built target actionlib_msgs_generate_messages_py
[11.629s] [  0%] Built target pcl_ros_gencfg
[11.771s] [  0%] Built target dynamic_reconfigure_generate_messages_cpp
[11.916s] [  0%] Built target geometry_msgs_generate_messages_nodejs
[12.070s] [  0%] Built target dynamic_reconfigure_generate_messages_eus
[12.268s] [  0%] Built target dynamic_reconfigure_gencfg
[12.406s] [  0%] Built target tf2_msgs_generate_messages_cpp
[12.549s] [  0%] Built target dynamic_reconfigure_generate_messages_lisp
[12.696s] [  0%] Built target roscpp_generate_messages_eus
[12.841s] [  0%] Built target jsk_footstep_msgs_generate_messages_cpp
[12.991s] [  0%] Built target roscpp_generate_messages_nodejs
[13.187s] [  0%] Built target jsk_recognition_msgs_generate_messages_nodejs
[13.329s] [  0%] Built target roscpp_generate_messages_py
[13.471s] [  0%] Built target actionlib_generate_messages_eus
[13.614s] [  0%] Built target topic_tools_generate_messages_lisp
[13.763s] [  0%] Built target topic_tools_generate_messages_nodejs
[13.906s] [  0%] Built target tf_generate_messages_cpp
[14.065s] [  0%] Built target tf_generate_messages_lisp
[14.245s] [  0%] Built target tf_generate_messages_nodejs
[14.387s] [  0%] Built target actionlib_generate_messages_cpp
[14.532s] [  0%] Built target actionlib_generate_messages_nodejs
[14.677s] [  0%] Built target actionlib_generate_messages_py
[14.822s] [  0%] Built target tf2_msgs_generate_messages_lisp
[14.969s] [  0%] Built target tf2_msgs_generate_messages_nodejs
[15.209s] [100%] Built target lidar_shape_estimation
[17.003s] [ 25%] Built target gtest
[17.252s] [100%] Built target test-lidar_shape_estimation
[17.396s] [100%] Built target tests
[19.092s] [  0%] Built target rosgraph_msgs_generate_messages_cpp
[19.278s] [  0%] Built target std_srvs_generate_messages_lisp
[19.425s] [  0%] Built target std_srvs_generate_messages_eus
[19.570s] [  0%] Built target bond_generate_messages_py
[19.718s] [  0%] Built target bond_generate_messages_nodejs
[19.860s] [  0%] Built target bond_generate_messages_lisp
[20.010s] [  0%] Built target bond_generate_messages_eus
[20.208s] [  0%] Built target std_srvs_generate_messages_nodejs
[20.357s] [  0%] Built target nodelet_generate_messages_py
[20.506s] [  0%] Built target nodelet_generate_messages_nodejs
[20.651s] [  0%] Built target nodelet_generate_messages_eus
[20.794s] [  0%] Built target nodelet_generate_messages_cpp
[20.938s] [  0%] Built target rosgraph_msgs_generate_messages_py
[21.112s] [  0%] Built target rosgraph_msgs_generate_messages_nodejs
[21.285s] [  0%] Built target std_srvs_generate_messages_py
[21.431s] [  0%] Built target rosgraph_msgs_generate_messages_eus
[21.583s] [  0%] Built target jsk_recognition_msgs_generate_messages_lisp
[21.726s] [  0%] Built target jsk_recognition_msgs_generate_messages_eus
[21.868s] [  0%] Built target std_msgs_generate_messages_py
[22.010s] [  0%] Built target jsk_recognition_msgs_generate_messages_cpp
[22.187s] [  0%] Built target geometry_msgs_generate_messages_lisp
[22.331s] [  0%] Built target autoware_msgs_generate_messages_eus
[22.474s] [  0%] Built target nodelet_generate_messages_lisp
[22.619s] [  0%] Built target std_msgs_generate_messages_nodejs
[22.762s] [  0%] Built target geometry_msgs_generate_messages_eus
[22.912s] [  0%] Built target std_msgs_generate_messages_cpp
[23.067s] [  0%] Built target jsk_footstep_msgs_generate_messages_py
[23.285s] [  0%] Built target geometry_msgs_generate_messages_py
[23.427s] [  0%] Built target tf2_msgs_generate_messages_eus
[23.571s] [  0%] Built target sensor_msgs_generate_messages_py
[23.713s] [  0%] Built target topic_tools_generate_messages_eus
[23.860s] [  0%] Built target jsk_footstep_msgs_generate_messages_lisp
[24.005s] [  0%] Built target autoware_msgs_generate_messages_nodejs
[24.208s] [  0%] Built target tf_generate_messages_eus
[24.360s] [  0%] Built target rosgraph_msgs_generate_messages_lisp
[24.502s] [  0%] Built target autoware_msgs_generate_messages_py
[24.644s] [  0%] Built target std_srvs_generate_messages_cpp
[24.791s] [  0%] Built target dynamic_reconfigure_generate_messages_py
[24.935s] [  0%] Built target actionlib_msgs_generate_messages_eus
[25.098s] [  0%] Built target nodelet_topic_tools_gencfg
[25.285s] [  0%] Built target sensor_msgs_generate_messages_lisp
[25.429s] [  0%] Built target sensor_msgs_generate_messages_eus
[25.570s] [  0%] Built target topic_tools_generate_messages_py
[25.716s] [  0%] Built target roscpp_generate_messages_cpp
[25.861s] [  0%] Built target topic_tools_generate_messages_cpp
[26.011s] [  0%] Built target autoware_msgs_generate_messages_lisp
[26.171s] [  0%] Built target sensor_msgs_generate_messages_cpp
[26.326s] [  0%] Built target pcl_msgs_generate_messages_cpp
[26.478s] [  0%] Built target tf2_msgs_generate_messages_py
[26.623s] [  0%] Built target bond_generate_messages_cpp
[26.771s] [  0%] Built target dynamic_reconfigure_generate_messages_nodejs
[26.912s] [  0%] Built target jsk_recognition_msgs_generate_messages_py
[27.059s] [  0%] Built target std_msgs_generate_messages_lisp
[27.242s] [  0%] Built target autoware_msgs_generate_messages_cpp
[27.384s] [  0%] Built target jsk_footstep_msgs_generate_messages_eus
[27.529s] [  0%] Built target actionlib_generate_messages_lisp
[27.675s] [  0%] Built target _catkin_empty_exported_target
[27.819s] [  0%] Built target roscpp_generate_messages_lisp
[27.962s] [  0%] Built target geometry_msgs_generate_messages_cpp
[28.128s] [  0%] Built target pcl_msgs_generate_messages_eus
[28.290s] [  0%] Built target pcl_msgs_generate_messages_nodejs
[28.432s] [  0%] Built target pcl_msgs_generate_messages_lisp
[28.573s] [  0%] Built target pcl_msgs_generate_messages_py
[28.715s] [  0%] Built target sensor_msgs_generate_messages_nodejs
[28.862s] [  0%] Built target jsk_footstep_msgs_generate_messages_nodejs
[29.010s] [  0%] Built target actionlib_msgs_generate_messages_cpp
[29.209s] [  0%] Built target tf_generate_messages_py
[29.373s] [  0%] Built target std_msgs_generate_messages_eus
[29.526s] [  0%] Built target actionlib_msgs_generate_messages_lisp
[29.684s] [  0%] Built target actionlib_msgs_generate_messages_nodejs
[29.839s] [  0%] Built target actionlib_msgs_generate_messages_py
[29.995s] [  0%] Built target pcl_ros_gencfg
[30.188s] [  0%] Built target dynamic_reconfigure_generate_messages_cpp
[30.383s] [  0%] Built target geometry_msgs_generate_messages_nodejs
[30.538s] [  0%] Built target dynamic_reconfigure_generate_messages_eus
[30.681s] [  0%] Built target dynamic_reconfigure_gencfg
[30.830s] [  0%] Built target tf2_msgs_generate_messages_cpp
[30.982s] [  0%] Built target dynamic_reconfigure_generate_messages_lisp
[31.175s] [  0%] Built target roscpp_generate_messages_eus
[31.337s] [  0%] Built target jsk_footstep_msgs_generate_messages_cpp
[31.488s] [  0%] Built target roscpp_generate_messages_nodejs
[31.633s] [  0%] Built target jsk_recognition_msgs_generate_messages_nodejs
[31.781s] [  0%] Built target roscpp_generate_messages_py
[31.928s] [  0%] Built target actionlib_generate_messages_eus
[32.121s] [  0%] Built target topic_tools_generate_messages_lisp
[32.291s] [  0%] Built target topic_tools_generate_messages_nodejs
[32.437s] [  0%] Built target tf_generate_messages_cpp
[32.581s] [  0%] Built target tf_generate_messages_lisp
[32.725s] [  0%] Built target tf_generate_messages_nodejs
[32.870s] [  0%] Built target actionlib_generate_messages_cpp
[33.017s] [  0%] Built target actionlib_generate_messages_nodejs
[33.215s] [  0%] Built target actionlib_generate_messages_py
[33.363s] [  0%] Built target tf2_msgs_generate_messages_lisp
[33.509s] [  0%] Built target tf2_msgs_generate_messages_nodejs
[33.729s] [100%] Built target lidar_shape_estimation
[33.871s] [36mInstall the project...[0m
[33.927s] -- Install configuration: "Release"
[33.927s] -- Up-to-date: /home/capstone/autoware.ai/install/lidar_shape_estimation/lib/pkgconfig/lidar_shape_estimation.pc
[33.928s] -- Up-to-date: /home/capstone/autoware.ai/install/lidar_shape_estimation/share/lidar_shape_estimation/cmake/lidar_shape_estimationConfig.cmake
[33.928s] -- Up-to-date: /home/capstone/autoware.ai/install/lidar_shape_estimation/share/lidar_shape_estimation/cmake/lidar_shape_estimationConfig-version.cmake
[33.928s] -- Up-to-date: /home/capstone/autoware.ai/install/lidar_shape_estimation/share/lidar_shape_estimation/package.xml
[33.929s] -- Up-to-date: /home/capstone/autoware.ai/install/lidar_shape_estimation/lib/lidar_shape_estimation/lidar_shape_estimation
[33.930s] -- Up-to-date: /home/capstone/autoware.ai/install/lidar_shape_estimation/share/lidar_shape_estimation/launch
[33.930s] -- Up-to-date: /home/capstone/autoware.ai/install/lidar_shape_estimation/share/lidar_shape_estimation/launch/shape_estimation_tracking.launch
[33.930s] -- Up-to-date: /home/capstone/autoware.ai/install/lidar_shape_estimation/share/lidar_shape_estimation/launch/shape_estimation_fusion.launch
[33.930s] -- Up-to-date: /home/capstone/autoware.ai/install/lidar_shape_estimation/share/lidar_shape_estimation/launch/shape_estimation_clustering.launch
