[0.439s] -- CUDA compilation status: 1.
[0.440s] -- Using CATKIN_DEVEL_PREFIX: /home/capstone/autoware.ai/build/twist_generator/devel
[0.441s] -- Using CMAKE_PREFIX_PATH: /home/capstone/autoware.ai/install/amathutils_lib;/home/capstone/autoware.ai/install/autoware_msgs;/home/capstone/autoware.ai/install/autoware_build_flags;/home/capstone/autoware.ai/install/ymc;/home/capstone/autoware.ai/install/xsens_driver;/home/capstone/autoware.ai/install/wf_simulator;/home/capstone/autoware.ai/install/lattice_planner;/home/capstone/autoware.ai/install/waypoint_planner;/home/capstone/autoware.ai/install/waypoint_maker;/home/capstone/autoware.ai/install/way_planner;/home/capstone/autoware.ai/install/vlg22c_cam;/home/capstone/autoware.ai/install/vision_ssd_detect;/home/capstone/autoware.ai/install/vision_segment_enet_detect;/home/capstone/autoware.ai/install/vision_lane_detect;/home/capstone/autoware.ai/install/vision_darknet_detect;/home/capstone/autoware.ai/install/vision_beyond_track;/home/capstone/autoware.ai/install/vel_pose_diff_checker;/home/capstone/autoware.ai/install/vehicle_socket;/home/capstone/autoware.ai/install/vehicle_sim_model;/home/capstone/autoware.ai/install/vehicle_model;/home/capstone/autoware.ai/install/vehicle_gazebo_simulation_launcher;/home/capstone/autoware.ai/install/vehicle_gazebo_simulation_interface;/home/capstone/autoware.ai/install/vehicle_engage_panel;/home/capstone/autoware.ai/install/vehicle_description;/home/capstone/autoware.ai/install/trafficlight_recognizer;/home/capstone/autoware.ai/install/op_utilities;/home/capstone/autoware.ai/install/op_simulation_package;/home/capstone/autoware.ai/install/op_local_planner;/home/capstone/autoware.ai/install/op_global_planner;/home/capstone/autoware.ai/install/lidar_kf_contour_track;/home/capstone/autoware.ai/install/op_ros_helpers;/home/capstone/autoware.ai/install/ff_waypoint_follower;/home/capstone/autoware.ai/install/dp_planner;/home/capstone/autoware.ai/install/op_simu;/home/capstone/autoware.ai/install/op_planner;/home/capstone/autoware.ai/install/op_utility;/home/capstone/autoware.ai/install/lidar_euclidean_cluster_detect;/home/capstone/autoware.ai/install/vector_map_server;/home/capstone/autoware.ai/install/road_occupancy_processor;/home/capstone/autoware.ai/install/costmap_generator;/home/capstone/autoware.ai/install/object_map;/home/capstone/autoware.ai/install/naive_motion_predict;/home/capstone/autoware.ai/install/lanelet_aisan_converter;/home/capstone/autoware.ai/install/map_file;/home/capstone/autoware.ai/install/libvectormap;/home/capstone/autoware.ai/install/lane_planner;/home/capstone/autoware.ai/install/imm_ukf_pda_track;/home/capstone/autoware.ai/install/decision_maker;/home/capstone/autoware.ai/install/vector_map;/home/capstone/autoware.ai/install/vector_map_msgs;/home/capstone/autoware.ai/install/vectacam;/home/capstone/autoware.ai/install/udon_socket;/home/capstone/autoware.ai/install/twist_generator;/home/capstone/autoware.ai/install/twist_gate;/home/capstone/autoware.ai/install/twist_filter;/home/capstone/autoware.ai/install/twist2odom;/home/capstone/autoware.ai/install/tablet_socket;/home/capstone/autoware.ai/install/runtime_manager;/home/capstone/autoware.ai/install/mqtt_socket;/home/capstone/autoware.ai/install/tablet_socket_msgs;/home/capstone/autoware.ai/install/state_machine_lib;/home/capstone/autoware.ai/install/sound_player;/home/capstone/autoware.ai/install/sick_lms5xx;/home/capstone/autoware.ai/install/sick_ldmrs_tools;/home/capstone/autoware.ai/install/sick_ldmrs_driver;/home/capstone/autoware.ai/install/sick_ldmrs_msgs;/home/capstone/autoware.ai/install/sick_ldmrs_description;/home/capstone/autoware.ai/install/points2image;/home/capstone/autoware.ai/install/rosinterface;/home/capstone/autoware.ai/install/rosbag_controller;/home/capstone/autoware.ai/install/pure_pursuit;/home/capstone/autoware.ai/install/points_preprocessor;/home/capstone/autoware.ai/install/mpc_follower;/home/capstone/autoware.ai/install/lidar_localizer;/home/capstone/autoware.ai/install/emergency_handler;/home/capstone/autoware.ai/install/autoware_health_checker;/home/capstone/autoware.ai/install/as;/home/capstone/autoware.ai/install/ros_observer;/home/capstone/autoware.ai/install/roi_object_filter;/home/capstone/autoware.ai/install/range_vision_fusion;/home/capstone/autoware.ai/install/pos_db;/home/capstone/autoware.ai/install/points_downsampler;/home/capstone/autoware.ai/install/pixel_cloud_fusion;/home/capstone/autoware.ai/install/pcl_omp_registration;/home/capstone/autoware.ai/install/pc2_downsampler;/home/capstone/autoware.ai/install/oculus_socket;/home/capstone/autoware.ai/install/obj_db;/home/capstone/autoware.ai/install/nmea_navsat;/home/capstone/autoware.ai/install/ndt_tku;/home/capstone/autoware.ai/install/ndt_gpu;/home/capstone/autoware.ai/install/ndt_cpu;/home/capstone/autoware.ai/install/multi_lidar_calibrator;/home/capstone/autoware.ai/install/mrt_cmake_modules;/home/capstone/autoware.ai/install/microstrain_driver;/home/capstone/autoware.ai/install/memsic_imu;/home/capstone/autoware.ai/install/marker_downsampler;/home/capstone/autoware.ai/install/map_tools;/home/capstone/autoware.ai/install/map_tf_generator;/home/capstone/autoware.ai/install/log_tools;/home/capstone/autoware.ai/install/lidar_shape_estimation;/home/capstone/autoware.ai/install/lidar_point_pillars;/home/capstone/autoware.ai/install/lidar_naive_l_shape_detect;/home/capstone/autoware.ai/install/lidar_fake_perception;/home/capstone/autoware.ai/install/lidar_apollo_cnn_seg_detect;/home/capstone/autoware.ai/install/libwaypoint_follower;/home/capstone/autoware.ai/install/lgsvl_simulator_bridge;/home/capstone/autoware.ai/install/lanelet2_extension;/home/capstone/autoware.ai/install/lanelet2_validation;/home/capstone/autoware.ai/install/lanelet2_examples;/home/capstone/autoware.ai/install/lanelet2_python;/home/capstone/autoware.ai/install/lanelet2_routing;/home/capstone/autoware.ai/install/lanelet2_traffic_rules;/home/capstone/autoware.ai/install/lanelet2_projection;/home/capstone/autoware.ai/install/lanelet2_maps;/home/capstone/autoware.ai/install/lanelet2_io;/home/capstone/autoware.ai/install/lanelet2_core;/home/capstone/autoware.ai/install/kvaser;/home/capstone/autoware.ai/install/kitti_launch;/home/capstone/autoware.ai/install/kitti_player;/home/capstone/autoware.ai/install/kitti_box_publisher;/home/capstone/autoware.ai/install/javad_navsat_driver;/home/capstone/autoware.ai/install/integrated_viewer;/home/capstone/autoware.ai/install/image_processor;/home/capstone/autoware.ai/install/hokuyo;/home/capstone/autoware.ai/install/graph_tools;/home/capstone/autoware.ai/install/gnss_localizer;/home/capstone/autoware.ai/install/gnss;/home/capstone/autoware.ai/install/glviewer;/home/capstone/autoware.ai/install/gazebo_world_description;/home/capstone/autoware.ai/install/gazebo_imu_description;/home/capstone/autoware.ai/install/gazebo_camera_description;/home/capstone/autoware.ai/install/garmin;/home/capstone/autoware.ai/install/freespace_planner;/home/capstone/autoware.ai/install/fastvirtualscan;/home/capstone/autoware.ai/install/ekf_localizer;/home/capstone/autoware.ai/install/ds4_msgs;/home/capstone/autoware.ai/install/ds4_driver;/home/capstone/autoware.ai/install/detected_objects_visualizer;/home/capstone/autoware.ai/install/decision_maker_panel;/home/capstone/autoware.ai/install/data_preprocessor;/home/capstone/autoware.ai/install/custom_msgs;/home/capstone/autoware.ai/install/carla_autoware_bridge;/home/capstone/autoware.ai/install/calibration_publisher;/home/capstone/autoware.ai/install/autoware_system_msgs;/home/capstone/autoware.ai/install/autoware_rviz_plugins;/home/capstone/autoware.ai/install/autoware_quickstart_examples;/home/capstone/autoware.ai/install/autoware_pointgrey_drivers;/home/capstone/autoware.ai/install/autoware_driveworks_interface;/home/capstone/autoware.ai/install/autoware_connector;/home/capstone/autoware.ai/install/autoware_camera_lidar_calibrator;/home/capstone/autoware.ai/install/astar_search;/home/capstone/autoware.ai/install/autoware_map_msgs;/home/capstone/autoware.ai/install/autoware_launcher_rviz;/home/capstone/autoware.ai/install/autoware_launcher;/home/capstone/autoware.ai/install/autoware_lanelet2_msgs;/home/capstone/autoware.ai/install/autoware_external_msgs;/home/capstone/autoware.ai/install/autoware_driveworks_gmsl_interface;/home/capstone/autoware.ai/install/autoware_config_msgs;/home/capstone/autoware.ai/install/autoware_can_msgs;/home/capstone/autoware.ai/install/autoware_bag_tools;/home/capstone/autoware.ai/install/adi_driver;/opt/carla-ros-bridge/melodic;/opt/ros/melodic
[0.457s] -- This workspace overlays: /home/capstone/autoware.ai/install/amathutils_lib;/home/capstone/autoware.ai/install/autoware_msgs;/home/capstone/autoware.ai/install/autoware_build_flags;/home/capstone/autoware.ai/install/ymc;/home/capstone/autoware.ai/install/xsens_driver;/home/capstone/autoware.ai/install/wf_simulator;/home/capstone/autoware.ai/install/lattice_planner;/home/capstone/autoware.ai/install/waypoint_planner;/home/capstone/autoware.ai/install/waypoint_maker;/home/capstone/autoware.ai/install/way_planner;/home/capstone/autoware.ai/install/vlg22c_cam;/home/capstone/autoware.ai/install/vision_ssd_detect;/home/capstone/autoware.ai/install/vision_segment_enet_detect;/home/capstone/autoware.ai/install/vision_lane_detect;/home/capstone/autoware.ai/install/vision_darknet_detect;/home/capstone/autoware.ai/install/vision_beyond_track;/home/capstone/autoware.ai/install/vel_pose_diff_checker;/home/capstone/autoware.ai/install/vehicle_socket;/home/capstone/autoware.ai/install/vehicle_sim_model;/home/capstone/autoware.ai/install/vehicle_model;/home/capstone/autoware.ai/install/vehicle_gazebo_simulation_launcher;/home/capstone/autoware.ai/install/vehicle_gazebo_simulation_interface;/home/capstone/autoware.ai/install/vehicle_engage_panel;/home/capstone/autoware.ai/install/vehicle_description;/home/capstone/autoware.ai/install/trafficlight_recognizer;/home/capstone/autoware.ai/install/op_utilities;/home/capstone/autoware.ai/install/op_simulation_package;/home/capstone/autoware.ai/install/op_local_planner;/home/capstone/autoware.ai/install/op_global_planner;/home/capstone/autoware.ai/install/lidar_kf_contour_track;/home/capstone/autoware.ai/install/op_ros_helpers;/home/capstone/autoware.ai/install/ff_waypoint_follower;/home/capstone/autoware.ai/install/dp_planner;/home/capstone/autoware.ai/install/op_simu;/home/capstone/autoware.ai/install/op_planner;/home/capstone/autoware.ai/install/op_utility;/home/capstone/autoware.ai/install/lidar_euclidean_cluster_detect;/home/capstone/autoware.ai/install/vector_map_server;/home/capstone/autoware.ai/install/road_occupancy_processor;/home/capstone/autoware.ai/install/costmap_generator;/home/capstone/autoware.ai/install/object_map;/home/capstone/autoware.ai/install/naive_motion_predict;/home/capstone/autoware.ai/install/lanelet_aisan_converter;/home/capstone/autoware.ai/install/map_file;/home/capstone/autoware.ai/install/libvectormap;/home/capstone/autoware.ai/install/lane_planner;/home/capstone/autoware.ai/install/imm_ukf_pda_track;/home/capstone/autoware.ai/install/decision_maker;/home/capstone/autoware.ai/install/vector_map;/home/capstone/autoware.ai/install/vector_map_msgs;/home/capstone/autoware.ai/install/vectacam;/home/capstone/autoware.ai/install/udon_socket;/home/capstone/autoware.ai/install/twist_generator;/home/capstone/autoware.ai/install/twist_gate;/home/capstone/autoware.ai/install/twist_filter;/home/capstone/autoware.ai/install/twist2odom;/home/capstone/autoware.ai/install/tablet_socket;/home/capstone/autoware.ai/install/runtime_manager;/home/capstone/autoware.ai/install/mqtt_socket;/home/capstone/autoware.ai/install/tablet_socket_msgs;/home/capstone/autoware.ai/install/state_machine_lib;/home/capstone/autoware.ai/install/sound_player;/home/capstone/autoware.ai/install/sick_lms5xx;/home/capstone/autoware.ai/install/sick_ldmrs_tools;/home/capstone/autoware.ai/install/sick_ldmrs_driver;/home/capstone/autoware.ai/install/sick_ldmrs_msgs;/home/capstone/autoware.ai/install/sick_ldmrs_description;/home/capstone/autoware.ai/install/points2image;/home/capstone/autoware.ai/install/rosinterface;/home/capstone/autoware.ai/install/rosbag_controller;/home/capstone/autoware.ai/install/pure_pursuit;/home/capstone/autoware.ai/install/points_preprocessor;/home/capstone/autoware.ai/install/mpc_follower;/home/capstone/autoware.ai/install/lidar_localizer;/home/capstone/autoware.ai/install/emergency_handler;/home/capstone/autoware.ai/install/autoware_health_checker;/home/capstone/autoware.ai/install/as;/home/capstone/autoware.ai/install/ros_observer;/home/capstone/autoware.ai/install/roi_object_filter;/home/capstone/autoware.ai/install/range_vision_fusion;/home/capstone/autoware.ai/install/pos_db;/home/capstone/autoware.ai/install/points_downsampler;/home/capstone/autoware.ai/install/pixel_cloud_fusion;/home/capstone/autoware.ai/install/pcl_omp_registration;/home/capstone/autoware.ai/install/pc2_downsampler;/home/capstone/autoware.ai/install/oculus_socket;/home/capstone/autoware.ai/install/obj_db;/home/capstone/autoware.ai/install/nmea_navsat;/home/capstone/autoware.ai/install/ndt_tku;/home/capstone/autoware.ai/install/ndt_gpu;/home/capstone/autoware.ai/install/ndt_cpu;/home/capstone/autoware.ai/install/multi_lidar_calibrator;/home/capstone/autoware.ai/install/mrt_cmake_modules;/home/capstone/autoware.ai/install/microstrain_driver;/home/capstone/autoware.ai/install/memsic_imu;/home/capstone/autoware.ai/install/marker_downsampler;/home/capstone/autoware.ai/install/map_tools;/home/capstone/autoware.ai/install/map_tf_generator;/home/capstone/autoware.ai/install/log_tools;/home/capstone/autoware.ai/install/lidar_shape_estimation;/home/capstone/autoware.ai/install/lidar_point_pillars;/home/capstone/autoware.ai/install/lidar_naive_l_shape_detect;/home/capstone/autoware.ai/install/lidar_fake_perception;/home/capstone/autoware.ai/install/lidar_apollo_cnn_seg_detect;/home/capstone/autoware.ai/install/libwaypoint_follower;/home/capstone/autoware.ai/install/lgsvl_simulator_bridge;/home/capstone/autoware.ai/install/lanelet2_extension;/home/capstone/autoware.ai/install/lanelet2_validation;/home/capstone/autoware.ai/install/lanelet2_examples;/home/capstone/autoware.ai/install/lanelet2_python;/home/capstone/autoware.ai/install/lanelet2_routing;/home/capstone/autoware.ai/install/lanelet2_traffic_rules;/home/capstone/autoware.ai/install/lanelet2_projection;/home/capstone/autoware.ai/install/lanelet2_maps;/home/capstone/autoware.ai/install/lanelet2_io;/home/capstone/autoware.ai/install/lanelet2_core;/home/capstone/autoware.ai/install/kvaser;/home/capstone/autoware.ai/install/kitti_launch;/home/capstone/autoware.ai/install/kitti_player;/home/capstone/autoware.ai/install/kitti_box_publisher;/home/capstone/autoware.ai/install/javad_navsat_driver;/home/capstone/autoware.ai/install/integrated_viewer;/home/capstone/autoware.ai/install/image_processor;/home/capstone/autoware.ai/install/hokuyo;/home/capstone/autoware.ai/install/graph_tools;/home/capstone/autoware.ai/install/gnss_localizer;/home/capstone/autoware.ai/install/gnss;/home/capstone/autoware.ai/install/glviewer;/home/capstone/autoware.ai/install/gazebo_world_description;/home/capstone/autoware.ai/install/gazebo_imu_description;/home/capstone/autoware.ai/install/gazebo_camera_description;/home/capstone/autoware.ai/install/garmin;/home/capstone/autoware.ai/install/freespace_planner;/home/capstone/autoware.ai/install/fastvirtualscan;/home/capstone/autoware.ai/install/ekf_localizer;/home/capstone/autoware.ai/install/ds4_msgs;/home/capstone/autoware.ai/install/ds4_driver;/home/capstone/autoware.ai/install/detected_objects_visualizer;/home/capstone/autoware.ai/install/decision_maker_panel;/home/capstone/autoware.ai/install/data_preprocessor;/home/capstone/autoware.ai/install/custom_msgs;/home/capstone/autoware.ai/install/carla_autoware_bridge;/home/capstone/autoware.ai/install/calibration_publisher;/home/capstone/autoware.ai/install/autoware_system_msgs;/home/capstone/autoware.ai/install/autoware_rviz_plugins;/home/capstone/autoware.ai/install/autoware_quickstart_examples;/home/capstone/autoware.ai/install/autoware_pointgrey_drivers;/home/capstone/autoware.ai/install/autoware_driveworks_interface;/home/capstone/autoware.ai/install/autoware_connector;/home/capstone/autoware.ai/install/autoware_camera_lidar_calibrator;/home/capstone/autoware.ai/install/astar_search;/home/capstone/autoware.ai/install/autoware_map_msgs;/home/capstone/autoware.ai/install/autoware_launcher_rviz;/home/capstone/autoware.ai/install/autoware_launcher;/home/capstone/autoware.ai/install/autoware_lanelet2_msgs;/home/capstone/autoware.ai/install/autoware_external_msgs;/home/capstone/autoware.ai/install/autoware_driveworks_gmsl_interface;/home/capstone/autoware.ai/install/autoware_config_msgs;/home/capstone/autoware.ai/install/autoware_can_msgs;/home/capstone/autoware.ai/install/autoware_bag_tools;/home/capstone/autoware.ai/install/adi_driver;/opt/carla-ros-bridge/melodic;/opt/ros/melodic
[0.536s] -- Found PythonInterp: /usr/bin/python2 (found suitable version "2.7.17", minimum required is "2") 
[0.537s] -- Using PYTHON_EXECUTABLE: /usr/bin/python2
[0.537s] -- Using Debian Python package layout
[0.539s] -- Using empy: /usr/bin/empy
[0.876s] -- Using CATKIN_ENABLE_TESTING: ON
[0.877s] -- Call enable_testing()
[0.880s] -- Using CATKIN_TEST_RESULTS_DIR: /home/capstone/autoware.ai/build/twist_generator/test_results
[1.006s] -- Found gtest sources under '/usr/src/googletest': gtests will be built
[1.008s] -- Found gmock sources under '/usr/src/googletest': gmock will be built
[1.085s] -- Found PythonInterp: /usr/bin/python2 (found version "2.7.17") 
[1.096s] -- Using Python nosetests: /usr/bin/nosetests-2.7
[1.273s] -- catkin 0.7.23
[1.274s] -- BUILD_SHARED_LIBS is on
[2.161s] -- Using these message generators: gencpp;geneus;genlisp;gennodejs;genpy
[3.485s] -- Configuring done
[3.801s] -- Generating done
[3.847s] -- Build files have been written to: /home/capstone/autoware.ai/build/twist_generator
[4.095s] [  0%] Built target rosgraph_msgs_generate_messages_eus
[4.239s] [  0%] Built target tf_generate_messages_cpp
[4.386s] [  0%] Built target jsk_recognition_msgs_generate_messages_eus
[4.585s] [  0%] Built target std_msgs_generate_messages_py
[4.733s] [  0%] Built target jsk_recognition_msgs_generate_messages_cpp
[4.877s] [  0%] Built target geometry_msgs_generate_messages_lisp
[5.024s] [  0%] Built target autoware_msgs_generate_messages_eus
[5.167s] [  0%] Built target std_msgs_generate_messages_nodejs
[5.311s] [  0%] Built target geometry_msgs_generate_messages_eus
[5.498s] [  0%] Built target std_msgs_generate_messages_cpp
[5.685s] [  0%] Built target jsk_footstep_msgs_generate_messages_py
[5.827s] [  0%] Built target geometry_msgs_generate_messages_py
[5.980s] [  0%] Built target tf2_msgs_generate_messages_eus
[6.131s] [  0%] Built target sensor_msgs_generate_messages_py
[6.273s] [  0%] Built target jsk_footstep_msgs_generate_messages_lisp
[6.422s] [  0%] Built target autoware_msgs_generate_messages_nodejs
[6.604s] [  0%] Built target actionlib_msgs_generate_messages_eus
[6.748s] [  0%] Built target tf_generate_messages_eus
[6.892s] [  0%] Built target autoware_msgs_generate_messages_py
[7.035s] [  0%] Built target rosgraph_msgs_generate_messages_lisp
[7.180s] [  0%] Built target sensor_msgs_generate_messages_lisp
[7.325s] [  0%] Built target sensor_msgs_generate_messages_eus
[7.490s] [  0%] Built target roscpp_generate_messages_cpp
[7.695s] [  0%] Built target autoware_msgs_generate_messages_lisp
[7.838s] [  0%] Built target sensor_msgs_generate_messages_cpp
[7.988s] [  0%] Built target pcl_msgs_generate_messages_cpp
[8.144s] [  0%] Built target jsk_recognition_msgs_generate_messages_py
[8.309s] [  0%] Built target std_msgs_generate_messages_lisp
[8.506s] [  0%] Built target autoware_msgs_generate_messages_cpp
[8.687s] [  0%] Built target jsk_footstep_msgs_generate_messages_eus
[8.826s] [  0%] Built target actionlib_generate_messages_lisp
[8.974s] [  0%] Built target _catkin_empty_exported_target
[9.125s] [  0%] Built target roscpp_generate_messages_lisp
[9.271s] [  0%] Built target geometry_msgs_generate_messages_nodejs
[9.428s] [  0%] Built target geometry_msgs_generate_messages_cpp
[9.630s] [  0%] Built target pcl_msgs_generate_messages_eus
[9.770s] [  0%] Built target pcl_msgs_generate_messages_nodejs
[9.915s] [  0%] Built target pcl_msgs_generate_messages_lisp
[10.057s] [  0%] Built target pcl_msgs_generate_messages_py
[10.201s] [  0%] Built target sensor_msgs_generate_messages_nodejs
[10.344s] [  0%] Built target jsk_footstep_msgs_generate_messages_nodejs
[10.574s] [  0%] Built target actionlib_msgs_generate_messages_cpp
[10.717s] [  0%] Built target actionlib_msgs_generate_messages_py
[10.860s] [  0%] Built target tf_generate_messages_lisp
[11.012s] [  0%] Built target tf_generate_messages_nodejs
[11.156s] [  0%] Built target std_msgs_generate_messages_eus
[11.336s] [  0%] Built target actionlib_msgs_generate_messages_lisp
[11.513s] [  0%] Built target actionlib_msgs_generate_messages_nodejs
[11.676s] [  0%] Built target tf_generate_messages_py
[11.823s] [  0%] Built target jsk_recognition_msgs_generate_messages_nodejs
[11.974s] [  0%] Built target roscpp_generate_messages_py
[12.124s] [  0%] Built target roscpp_generate_messages_eus
[12.268s] [  0%] Built target jsk_footstep_msgs_generate_messages_cpp
[12.412s] [  0%] Built target roscpp_generate_messages_nodejs
[12.618s] [  0%] Built target actionlib_generate_messages_eus
[12.762s] [  0%] Built target rosgraph_msgs_generate_messages_cpp
[12.908s] [  0%] Built target jsk_recognition_msgs_generate_messages_lisp
[13.052s] [  0%] Built target rosgraph_msgs_generate_messages_nodejs
[13.197s] [  0%] Built target rosgraph_msgs_generate_messages_py
[13.346s] [  0%] Built target actionlib_generate_messages_cpp
[13.501s] [  0%] Built target actionlib_generate_messages_nodejs
[13.643s] [  0%] Built target actionlib_generate_messages_py
[13.794s] [  0%] Built target tf2_msgs_generate_messages_cpp
[13.946s] [  0%] Built target tf2_msgs_generate_messages_lisp
[14.090s] [  0%] Built target tf2_msgs_generate_messages_nodejs
[14.236s] [  0%] Built target tf2_msgs_generate_messages_py
[14.417s] [100%] Built target vehicle_status_converter
[15.910s] [ 40%] Built target gtest
[16.074s] [100%] Built target vehicle_status_converter-test
[16.223s] [100%] Built target tests
[17.651s] [  0%] Built target rosgraph_msgs_generate_messages_eus
[17.794s] [  0%] Built target tf_generate_messages_cpp
[17.943s] [  0%] Built target jsk_recognition_msgs_generate_messages_eus
[18.102s] [  0%] Built target std_msgs_generate_messages_py
[18.259s] [  0%] Built target jsk_recognition_msgs_generate_messages_cpp
[18.432s] [  0%] Built target geometry_msgs_generate_messages_lisp
[18.659s] [  0%] Built target autoware_msgs_generate_messages_eus
[18.802s] [  0%] Built target std_msgs_generate_messages_nodejs
[18.949s] [  0%] Built target geometry_msgs_generate_messages_eus
[19.099s] [  0%] Built target std_msgs_generate_messages_cpp
[19.275s] [  0%] Built target jsk_footstep_msgs_generate_messages_py
[19.442s] [  0%] Built target geometry_msgs_generate_messages_py
[19.626s] [  0%] Built target tf2_msgs_generate_messages_eus
[19.771s] [  0%] Built target sensor_msgs_generate_messages_py
[19.914s] [  0%] Built target jsk_footstep_msgs_generate_messages_lisp
[20.058s] [  0%] Built target autoware_msgs_generate_messages_nodejs
[20.208s] [  0%] Built target actionlib_msgs_generate_messages_eus
[20.362s] [  0%] Built target tf_generate_messages_eus
[20.549s] [  0%] Built target autoware_msgs_generate_messages_py
[20.698s] [  0%] Built target rosgraph_msgs_generate_messages_lisp
[20.841s] [  0%] Built target sensor_msgs_generate_messages_lisp
[20.990s] [  0%] Built target sensor_msgs_generate_messages_eus
[21.134s] [  0%] Built target roscpp_generate_messages_cpp
[21.283s] [  0%] Built target autoware_msgs_generate_messages_lisp
[21.422s] [  0%] Built target sensor_msgs_generate_messages_cpp
[21.604s] [  0%] Built target pcl_msgs_generate_messages_cpp
[21.744s] [  0%] Built target jsk_recognition_msgs_generate_messages_py
[21.891s] [  0%] Built target std_msgs_generate_messages_lisp
[22.041s] [  0%] Built target autoware_msgs_generate_messages_cpp
[22.186s] [  0%] Built target jsk_footstep_msgs_generate_messages_eus
[22.325s] [  0%] Built target actionlib_generate_messages_lisp
[22.487s] [  0%] Built target _catkin_empty_exported_target
[22.662s] [  0%] Built target roscpp_generate_messages_lisp
[22.808s] [  0%] Built target geometry_msgs_generate_messages_nodejs
[22.961s] [  0%] Built target geometry_msgs_generate_messages_cpp
[23.106s] [  0%] Built target pcl_msgs_generate_messages_eus
[23.250s] [  0%] Built target pcl_msgs_generate_messages_nodejs
[23.407s] [  0%] Built target pcl_msgs_generate_messages_lisp
[23.612s] [  0%] Built target pcl_msgs_generate_messages_py
[23.764s] [  0%] Built target sensor_msgs_generate_messages_nodejs
[23.910s] [  0%] Built target jsk_footstep_msgs_generate_messages_nodejs
[24.054s] [  0%] Built target actionlib_msgs_generate_messages_cpp
[24.199s] [  0%] Built target actionlib_msgs_generate_messages_py
[24.342s] [  0%] Built target tf_generate_messages_lisp
[24.513s] [  0%] Built target tf_generate_messages_nodejs
[24.701s] [  0%] Built target std_msgs_generate_messages_eus
[24.840s] [  0%] Built target actionlib_msgs_generate_messages_lisp
[24.990s] [  0%] Built target actionlib_msgs_generate_messages_nodejs
[25.134s] [  0%] Built target tf_generate_messages_py
[25.275s] [  0%] Built target jsk_recognition_msgs_generate_messages_nodejs
[25.427s] [  0%] Built target roscpp_generate_messages_py
[25.671s] [  0%] Built target roscpp_generate_messages_eus
[25.835s] [  0%] Built target jsk_footstep_msgs_generate_messages_cpp
[25.977s] [  0%] Built target roscpp_generate_messages_nodejs
[26.123s] [  0%] Built target actionlib_generate_messages_eus
[26.267s] [  0%] Built target rosgraph_msgs_generate_messages_cpp
[26.431s] [  0%] Built target jsk_recognition_msgs_generate_messages_lisp
[26.637s] [  0%] Built target rosgraph_msgs_generate_messages_nodejs
[26.782s] [  0%] Built target rosgraph_msgs_generate_messages_py
[26.927s] [  0%] Built target actionlib_generate_messages_cpp
[27.064s] [  0%] Built target actionlib_generate_messages_nodejs
[27.209s] [  0%] Built target actionlib_generate_messages_py
[27.356s] [  0%] Built target tf2_msgs_generate_messages_cpp
[27.552s] [  0%] Built target tf2_msgs_generate_messages_lisp
[27.742s] [  0%] Built target tf2_msgs_generate_messages_nodejs
[27.887s] [  0%] Built target tf2_msgs_generate_messages_py
[28.072s] [100%] Built target vehicle_status_converter
[28.210s] [36mInstall the project...[0m
[28.269s] -- Install configuration: "Release"
[28.270s] -- Installing: /home/capstone/autoware.ai/install/twist_generator/lib/pkgconfig/twist_generator.pc
[28.271s] -- Installing: /home/capstone/autoware.ai/install/twist_generator/share/twist_generator/cmake/twist_generatorConfig.cmake
[28.271s] -- Up-to-date: /home/capstone/autoware.ai/install/twist_generator/share/twist_generator/cmake/twist_generatorConfig-version.cmake
[28.271s] -- Up-to-date: /home/capstone/autoware.ai/install/twist_generator/share/twist_generator/package.xml
[28.273s] -- Up-to-date: /home/capstone/autoware.ai/install/twist_generator/lib/twist_generator/vehicle_status_converter
[28.273s] -- Up-to-date: /home/capstone/autoware.ai/install/twist_generator/share/twist_generator/launch
[28.274s] -- Up-to-date: /home/capstone/autoware.ai/install/twist_generator/share/twist_generator/launch/vehicle_status_converter.launch
[28.274s] -- Up-to-date: /home/capstone/autoware.ai/install/twist_generator/include/twist_generator
[28.274s] -- Up-to-date: /home/capstone/autoware.ai/install/twist_generator/include/twist_generator/vehicle_status_converter.hpp
