[0.439s] -- Using CATKIN_DEVEL_PREFIX: /home/capstone/autoware.ai/build/ekf_localizer/devel
[0.440s] -- Using CMAKE_PREFIX_PATH: /home/capstone/autoware.ai/install/amathutils_lib;/home/capstone/autoware.ai/install/autoware_msgs;/home/capstone/autoware.ai/install/autoware_build_flags;/home/capstone/autoware.ai/install/ymc;/home/capstone/autoware.ai/install/xsens_driver;/home/capstone/autoware.ai/install/wf_simulator;/home/capstone/autoware.ai/install/lattice_planner;/home/capstone/autoware.ai/install/waypoint_planner;/home/capstone/autoware.ai/install/waypoint_maker;/home/capstone/autoware.ai/install/way_planner;/home/capstone/autoware.ai/install/vlg22c_cam;/home/capstone/autoware.ai/install/vision_ssd_detect;/home/capstone/autoware.ai/install/vision_segment_enet_detect;/home/capstone/autoware.ai/install/vision_lane_detect;/home/capstone/autoware.ai/install/vision_darknet_detect;/home/capstone/autoware.ai/install/vision_beyond_track;/home/capstone/autoware.ai/install/vel_pose_diff_checker;/home/capstone/autoware.ai/install/vehicle_socket;/home/capstone/autoware.ai/install/vehicle_sim_model;/home/capstone/autoware.ai/install/vehicle_model;/home/capstone/autoware.ai/install/vehicle_gazebo_simulation_launcher;/home/capstone/autoware.ai/install/vehicle_gazebo_simulation_interface;/home/capstone/autoware.ai/install/vehicle_engage_panel;/home/capstone/autoware.ai/install/vehicle_description;/home/capstone/autoware.ai/install/trafficlight_recognizer;/home/capstone/autoware.ai/install/op_utilities;/home/capstone/autoware.ai/install/op_simulation_package;/home/capstone/autoware.ai/install/op_local_planner;/home/capstone/autoware.ai/install/op_global_planner;/home/capstone/autoware.ai/install/lidar_kf_contour_track;/home/capstone/autoware.ai/install/op_ros_helpers;/home/capstone/autoware.ai/install/ff_waypoint_follower;/home/capstone/autoware.ai/install/dp_planner;/home/capstone/autoware.ai/install/op_simu;/home/capstone/autoware.ai/install/op_planner;/home/capstone/autoware.ai/install/op_utility;/home/capstone/autoware.ai/install/lidar_euclidean_cluster_detect;/home/capstone/autoware.ai/install/vector_map_server;/home/capstone/autoware.ai/install/road_occupancy_processor;/home/capstone/autoware.ai/install/costmap_generator;/home/capstone/autoware.ai/install/object_map;/home/capstone/autoware.ai/install/naive_motion_predict;/home/capstone/autoware.ai/install/lanelet_aisan_converter;/home/capstone/autoware.ai/install/map_file;/home/capstone/autoware.ai/install/libvectormap;/home/capstone/autoware.ai/install/lane_planner;/home/capstone/autoware.ai/install/imm_ukf_pda_track;/home/capstone/autoware.ai/install/decision_maker;/home/capstone/autoware.ai/install/vector_map;/home/capstone/autoware.ai/install/vector_map_msgs;/home/capstone/autoware.ai/install/vectacam;/home/capstone/autoware.ai/install/udon_socket;/home/capstone/autoware.ai/install/twist_generator;/home/capstone/autoware.ai/install/twist_gate;/home/capstone/autoware.ai/install/twist_filter;/home/capstone/autoware.ai/install/twist2odom;/home/capstone/autoware.ai/install/tablet_socket;/home/capstone/autoware.ai/install/runtime_manager;/home/capstone/autoware.ai/install/mqtt_socket;/home/capstone/autoware.ai/install/tablet_socket_msgs;/home/capstone/autoware.ai/install/state_machine_lib;/home/capstone/autoware.ai/install/sound_player;/home/capstone/autoware.ai/install/sick_lms5xx;/home/capstone/autoware.ai/install/sick_ldmrs_tools;/home/capstone/autoware.ai/install/sick_ldmrs_driver;/home/capstone/autoware.ai/install/sick_ldmrs_msgs;/home/capstone/autoware.ai/install/sick_ldmrs_description;/home/capstone/autoware.ai/install/points2image;/home/capstone/autoware.ai/install/rosinterface;/home/capstone/autoware.ai/install/rosbag_controller;/home/capstone/autoware.ai/install/pure_pursuit;/home/capstone/autoware.ai/install/points_preprocessor;/home/capstone/autoware.ai/install/mpc_follower;/home/capstone/autoware.ai/install/lidar_localizer;/home/capstone/autoware.ai/install/emergency_handler;/home/capstone/autoware.ai/install/autoware_health_checker;/home/capstone/autoware.ai/install/as;/home/capstone/autoware.ai/install/ros_observer;/home/capstone/autoware.ai/install/roi_object_filter;/home/capstone/autoware.ai/install/range_vision_fusion;/home/capstone/autoware.ai/install/pos_db;/home/capstone/autoware.ai/install/points_downsampler;/home/capstone/autoware.ai/install/pixel_cloud_fusion;/home/capstone/autoware.ai/install/pcl_omp_registration;/home/capstone/autoware.ai/install/pc2_downsampler;/home/capstone/autoware.ai/install/oculus_socket;/home/capstone/autoware.ai/install/obj_db;/home/capstone/autoware.ai/install/nmea_navsat;/home/capstone/autoware.ai/install/ndt_tku;/home/capstone/autoware.ai/install/ndt_gpu;/home/capstone/autoware.ai/install/ndt_cpu;/home/capstone/autoware.ai/install/multi_lidar_calibrator;/home/capstone/autoware.ai/install/mrt_cmake_modules;/home/capstone/autoware.ai/install/microstrain_driver;/home/capstone/autoware.ai/install/memsic_imu;/home/capstone/autoware.ai/install/marker_downsampler;/home/capstone/autoware.ai/install/map_tools;/home/capstone/autoware.ai/install/map_tf_generator;/home/capstone/autoware.ai/install/log_tools;/home/capstone/autoware.ai/install/lidar_shape_estimation;/home/capstone/autoware.ai/install/lidar_point_pillars;/home/capstone/autoware.ai/install/lidar_naive_l_shape_detect;/home/capstone/autoware.ai/install/lidar_fake_perception;/home/capstone/autoware.ai/install/lidar_apollo_cnn_seg_detect;/home/capstone/autoware.ai/install/libwaypoint_follower;/home/capstone/autoware.ai/install/lgsvl_simulator_bridge;/home/capstone/autoware.ai/install/lanelet2_extension;/home/capstone/autoware.ai/install/lanelet2_validation;/home/capstone/autoware.ai/install/lanelet2_examples;/home/capstone/autoware.ai/install/lanelet2_python;/home/capstone/autoware.ai/install/lanelet2_routing;/home/capstone/autoware.ai/install/lanelet2_traffic_rules;/home/capstone/autoware.ai/install/lanelet2_projection;/home/capstone/autoware.ai/install/lanelet2_maps;/home/capstone/autoware.ai/install/lanelet2_io;/home/capstone/autoware.ai/install/lanelet2_core;/home/capstone/autoware.ai/install/kvaser;/home/capstone/autoware.ai/install/kitti_launch;/home/capstone/autoware.ai/install/kitti_player;/home/capstone/autoware.ai/install/kitti_box_publisher;/home/capstone/autoware.ai/install/javad_navsat_driver;/home/capstone/autoware.ai/install/integrated_viewer;/home/capstone/autoware.ai/install/image_processor;/home/capstone/autoware.ai/install/hokuyo;/home/capstone/autoware.ai/install/graph_tools;/home/capstone/autoware.ai/install/gnss_localizer;/home/capstone/autoware.ai/install/gnss;/home/capstone/autoware.ai/install/glviewer;/home/capstone/autoware.ai/install/gazebo_world_description;/home/capstone/autoware.ai/install/gazebo_imu_description;/home/capstone/autoware.ai/install/gazebo_camera_description;/home/capstone/autoware.ai/install/garmin;/home/capstone/autoware.ai/install/freespace_planner;/home/capstone/autoware.ai/install/fastvirtualscan;/home/capstone/autoware.ai/install/ekf_localizer;/home/capstone/autoware.ai/install/ds4_msgs;/home/capstone/autoware.ai/install/ds4_driver;/home/capstone/autoware.ai/install/detected_objects_visualizer;/home/capstone/autoware.ai/install/decision_maker_panel;/home/capstone/autoware.ai/install/data_preprocessor;/home/capstone/autoware.ai/install/custom_msgs;/home/capstone/autoware.ai/install/carla_autoware_bridge;/home/capstone/autoware.ai/install/calibration_publisher;/home/capstone/autoware.ai/install/autoware_system_msgs;/home/capstone/autoware.ai/install/autoware_rviz_plugins;/home/capstone/autoware.ai/install/autoware_quickstart_examples;/home/capstone/autoware.ai/install/autoware_pointgrey_drivers;/home/capstone/autoware.ai/install/autoware_driveworks_interface;/home/capstone/autoware.ai/install/autoware_connector;/home/capstone/autoware.ai/install/autoware_camera_lidar_calibrator;/home/capstone/autoware.ai/install/astar_search;/home/capstone/autoware.ai/install/autoware_map_msgs;/home/capstone/autoware.ai/install/autoware_launcher_rviz;/home/capstone/autoware.ai/install/autoware_launcher;/home/capstone/autoware.ai/install/autoware_lanelet2_msgs;/home/capstone/autoware.ai/install/autoware_external_msgs;/home/capstone/autoware.ai/install/autoware_driveworks_gmsl_interface;/home/capstone/autoware.ai/install/autoware_config_msgs;/home/capstone/autoware.ai/install/autoware_can_msgs;/home/capstone/autoware.ai/install/autoware_bag_tools;/home/capstone/autoware.ai/install/adi_driver;/opt/carla-ros-bridge/melodic;/opt/ros/melodic
[0.458s] -- This workspace overlays: /home/capstone/autoware.ai/install/amathutils_lib;/home/capstone/autoware.ai/install/autoware_msgs;/home/capstone/autoware.ai/install/autoware_build_flags;/home/capstone/autoware.ai/install/ymc;/home/capstone/autoware.ai/install/xsens_driver;/home/capstone/autoware.ai/install/wf_simulator;/home/capstone/autoware.ai/install/lattice_planner;/home/capstone/autoware.ai/install/waypoint_planner;/home/capstone/autoware.ai/install/waypoint_maker;/home/capstone/autoware.ai/install/way_planner;/home/capstone/autoware.ai/install/vlg22c_cam;/home/capstone/autoware.ai/install/vision_ssd_detect;/home/capstone/autoware.ai/install/vision_segment_enet_detect;/home/capstone/autoware.ai/install/vision_lane_detect;/home/capstone/autoware.ai/install/vision_darknet_detect;/home/capstone/autoware.ai/install/vision_beyond_track;/home/capstone/autoware.ai/install/vel_pose_diff_checker;/home/capstone/autoware.ai/install/vehicle_socket;/home/capstone/autoware.ai/install/vehicle_sim_model;/home/capstone/autoware.ai/install/vehicle_model;/home/capstone/autoware.ai/install/vehicle_gazebo_simulation_launcher;/home/capstone/autoware.ai/install/vehicle_gazebo_simulation_interface;/home/capstone/autoware.ai/install/vehicle_engage_panel;/home/capstone/autoware.ai/install/vehicle_description;/home/capstone/autoware.ai/install/trafficlight_recognizer;/home/capstone/autoware.ai/install/op_utilities;/home/capstone/autoware.ai/install/op_simulation_package;/home/capstone/autoware.ai/install/op_local_planner;/home/capstone/autoware.ai/install/op_global_planner;/home/capstone/autoware.ai/install/lidar_kf_contour_track;/home/capstone/autoware.ai/install/op_ros_helpers;/home/capstone/autoware.ai/install/ff_waypoint_follower;/home/capstone/autoware.ai/install/dp_planner;/home/capstone/autoware.ai/install/op_simu;/home/capstone/autoware.ai/install/op_planner;/home/capstone/autoware.ai/install/op_utility;/home/capstone/autoware.ai/install/lidar_euclidean_cluster_detect;/home/capstone/autoware.ai/install/vector_map_server;/home/capstone/autoware.ai/install/road_occupancy_processor;/home/capstone/autoware.ai/install/costmap_generator;/home/capstone/autoware.ai/install/object_map;/home/capstone/autoware.ai/install/naive_motion_predict;/home/capstone/autoware.ai/install/lanelet_aisan_converter;/home/capstone/autoware.ai/install/map_file;/home/capstone/autoware.ai/install/libvectormap;/home/capstone/autoware.ai/install/lane_planner;/home/capstone/autoware.ai/install/imm_ukf_pda_track;/home/capstone/autoware.ai/install/decision_maker;/home/capstone/autoware.ai/install/vector_map;/home/capstone/autoware.ai/install/vector_map_msgs;/home/capstone/autoware.ai/install/vectacam;/home/capstone/autoware.ai/install/udon_socket;/home/capstone/autoware.ai/install/twist_generator;/home/capstone/autoware.ai/install/twist_gate;/home/capstone/autoware.ai/install/twist_filter;/home/capstone/autoware.ai/install/twist2odom;/home/capstone/autoware.ai/install/tablet_socket;/home/capstone/autoware.ai/install/runtime_manager;/home/capstone/autoware.ai/install/mqtt_socket;/home/capstone/autoware.ai/install/tablet_socket_msgs;/home/capstone/autoware.ai/install/state_machine_lib;/home/capstone/autoware.ai/install/sound_player;/home/capstone/autoware.ai/install/sick_lms5xx;/home/capstone/autoware.ai/install/sick_ldmrs_tools;/home/capstone/autoware.ai/install/sick_ldmrs_driver;/home/capstone/autoware.ai/install/sick_ldmrs_msgs;/home/capstone/autoware.ai/install/sick_ldmrs_description;/home/capstone/autoware.ai/install/points2image;/home/capstone/autoware.ai/install/rosinterface;/home/capstone/autoware.ai/install/rosbag_controller;/home/capstone/autoware.ai/install/pure_pursuit;/home/capstone/autoware.ai/install/points_preprocessor;/home/capstone/autoware.ai/install/mpc_follower;/home/capstone/autoware.ai/install/lidar_localizer;/home/capstone/autoware.ai/install/emergency_handler;/home/capstone/autoware.ai/install/autoware_health_checker;/home/capstone/autoware.ai/install/as;/home/capstone/autoware.ai/install/ros_observer;/home/capstone/autoware.ai/install/roi_object_filter;/home/capstone/autoware.ai/install/range_vision_fusion;/home/capstone/autoware.ai/install/pos_db;/home/capstone/autoware.ai/install/points_downsampler;/home/capstone/autoware.ai/install/pixel_cloud_fusion;/home/capstone/autoware.ai/install/pcl_omp_registration;/home/capstone/autoware.ai/install/pc2_downsampler;/home/capstone/autoware.ai/install/oculus_socket;/home/capstone/autoware.ai/install/obj_db;/home/capstone/autoware.ai/install/nmea_navsat;/home/capstone/autoware.ai/install/ndt_tku;/home/capstone/autoware.ai/install/ndt_gpu;/home/capstone/autoware.ai/install/ndt_cpu;/home/capstone/autoware.ai/install/multi_lidar_calibrator;/home/capstone/autoware.ai/install/mrt_cmake_modules;/home/capstone/autoware.ai/install/microstrain_driver;/home/capstone/autoware.ai/install/memsic_imu;/home/capstone/autoware.ai/install/marker_downsampler;/home/capstone/autoware.ai/install/map_tools;/home/capstone/autoware.ai/install/map_tf_generator;/home/capstone/autoware.ai/install/log_tools;/home/capstone/autoware.ai/install/lidar_shape_estimation;/home/capstone/autoware.ai/install/lidar_point_pillars;/home/capstone/autoware.ai/install/lidar_naive_l_shape_detect;/home/capstone/autoware.ai/install/lidar_fake_perception;/home/capstone/autoware.ai/install/lidar_apollo_cnn_seg_detect;/home/capstone/autoware.ai/install/libwaypoint_follower;/home/capstone/autoware.ai/install/lgsvl_simulator_bridge;/home/capstone/autoware.ai/install/lanelet2_extension;/home/capstone/autoware.ai/install/lanelet2_validation;/home/capstone/autoware.ai/install/lanelet2_examples;/home/capstone/autoware.ai/install/lanelet2_python;/home/capstone/autoware.ai/install/lanelet2_routing;/home/capstone/autoware.ai/install/lanelet2_traffic_rules;/home/capstone/autoware.ai/install/lanelet2_projection;/home/capstone/autoware.ai/install/lanelet2_maps;/home/capstone/autoware.ai/install/lanelet2_io;/home/capstone/autoware.ai/install/lanelet2_core;/home/capstone/autoware.ai/install/kvaser;/home/capstone/autoware.ai/install/kitti_launch;/home/capstone/autoware.ai/install/kitti_player;/home/capstone/autoware.ai/install/kitti_box_publisher;/home/capstone/autoware.ai/install/javad_navsat_driver;/home/capstone/autoware.ai/install/integrated_viewer;/home/capstone/autoware.ai/install/image_processor;/home/capstone/autoware.ai/install/hokuyo;/home/capstone/autoware.ai/install/graph_tools;/home/capstone/autoware.ai/install/gnss_localizer;/home/capstone/autoware.ai/install/gnss;/home/capstone/autoware.ai/install/glviewer;/home/capstone/autoware.ai/install/gazebo_world_description;/home/capstone/autoware.ai/install/gazebo_imu_description;/home/capstone/autoware.ai/install/gazebo_camera_description;/home/capstone/autoware.ai/install/garmin;/home/capstone/autoware.ai/install/freespace_planner;/home/capstone/autoware.ai/install/fastvirtualscan;/home/capstone/autoware.ai/install/ekf_localizer;/home/capstone/autoware.ai/install/ds4_msgs;/home/capstone/autoware.ai/install/ds4_driver;/home/capstone/autoware.ai/install/detected_objects_visualizer;/home/capstone/autoware.ai/install/decision_maker_panel;/home/capstone/autoware.ai/install/data_preprocessor;/home/capstone/autoware.ai/install/custom_msgs;/home/capstone/autoware.ai/install/carla_autoware_bridge;/home/capstone/autoware.ai/install/calibration_publisher;/home/capstone/autoware.ai/install/autoware_system_msgs;/home/capstone/autoware.ai/install/autoware_rviz_plugins;/home/capstone/autoware.ai/install/autoware_quickstart_examples;/home/capstone/autoware.ai/install/autoware_pointgrey_drivers;/home/capstone/autoware.ai/install/autoware_driveworks_interface;/home/capstone/autoware.ai/install/autoware_connector;/home/capstone/autoware.ai/install/autoware_camera_lidar_calibrator;/home/capstone/autoware.ai/install/astar_search;/home/capstone/autoware.ai/install/autoware_map_msgs;/home/capstone/autoware.ai/install/autoware_launcher_rviz;/home/capstone/autoware.ai/install/autoware_launcher;/home/capstone/autoware.ai/install/autoware_lanelet2_msgs;/home/capstone/autoware.ai/install/autoware_external_msgs;/home/capstone/autoware.ai/install/autoware_driveworks_gmsl_interface;/home/capstone/autoware.ai/install/autoware_config_msgs;/home/capstone/autoware.ai/install/autoware_can_msgs;/home/capstone/autoware.ai/install/autoware_bag_tools;/home/capstone/autoware.ai/install/adi_driver;/opt/carla-ros-bridge/melodic;/opt/ros/melodic
[0.539s] -- Found PythonInterp: /usr/bin/python2 (found suitable version "2.7.17", minimum required is "2") 
[0.540s] -- Using PYTHON_EXECUTABLE: /usr/bin/python2
[0.540s] -- Using Debian Python package layout
[0.541s] -- Using empy: /usr/bin/empy
[0.918s] -- Using CATKIN_ENABLE_TESTING: ON
[0.918s] -- Call enable_testing()
[0.921s] -- Using CATKIN_TEST_RESULTS_DIR: /home/capstone/autoware.ai/build/ekf_localizer/test_results
[1.094s] -- Found gtest sources under '/usr/src/googletest': gtests will be built
[1.095s] -- Found gmock sources under '/usr/src/googletest': gmock will be built
[1.176s] -- Found PythonInterp: /usr/bin/python2 (found version "2.7.17") 
[1.188s] -- Using Python nosetests: /usr/bin/nosetests-2.7
[1.365s] -- catkin 0.7.23
[1.365s] -- BUILD_SHARED_LIBS is on
[2.258s] -- Using these message generators: gencpp;geneus;genlisp;gennodejs;genpy
[2.519s] -- CUDA compilation status: 1.
[3.611s] -- Configuring done
[4.052s] -- Generating done
[4.093s] -- Build files have been written to: /home/capstone/autoware.ai/build/ekf_localizer
[4.369s] [  0%] Built target rosgraph_msgs_generate_messages_eus
[4.566s] [  0%] Built target tf_generate_messages_cpp
[4.792s] [  0%] Built target jsk_recognition_msgs_generate_messages_eus
[4.979s] [  0%] Built target std_msgs_generate_messages_py
[5.134s] [  0%] Built target jsk_recognition_msgs_generate_messages_cpp
[5.282s] [  0%] Built target geometry_msgs_generate_messages_lisp
[5.428s] [  0%] Built target autoware_msgs_generate_messages_eus
[5.572s] [  0%] Built target std_msgs_generate_messages_nodejs
[5.770s] [  0%] Built target geometry_msgs_generate_messages_eus
[5.925s] [  0%] Built target std_msgs_generate_messages_cpp
[6.076s] [  0%] Built target jsk_footstep_msgs_generate_messages_py
[6.231s] [  0%] Built target geometry_msgs_generate_messages_py
[6.382s] [  0%] Built target tf2_msgs_generate_messages_eus
[6.530s] [  0%] Built target sensor_msgs_generate_messages_py
[6.681s] [  0%] Built target jsk_footstep_msgs_generate_messages_lisp
[6.884s] [  0%] Built target autoware_msgs_generate_messages_nodejs
[7.038s] [  0%] Built target actionlib_msgs_generate_messages_eus
[7.234s] [  0%] Built target tf_generate_messages_eus
[7.378s] [  0%] Built target autoware_msgs_generate_messages_py
[7.534s] [  0%] Built target rosgraph_msgs_generate_messages_lisp
[7.710s] [  0%] Built target sensor_msgs_generate_messages_lisp
[7.999s] [  0%] Built target sensor_msgs_generate_messages_eus
[8.146s] [  0%] Built target roscpp_generate_messages_cpp
[8.298s] [  0%] Built target autoware_msgs_generate_messages_lisp
[8.446s] [  0%] Built target sensor_msgs_generate_messages_cpp
[8.592s] [  0%] Built target pcl_msgs_generate_messages_cpp
[8.816s] [  0%] Built target jsk_recognition_msgs_generate_messages_py
[8.975s] [  0%] Built target std_msgs_generate_messages_lisp
[9.135s] [  0%] Built target autoware_msgs_generate_messages_cpp
[9.282s] [  0%] Built target jsk_footstep_msgs_generate_messages_eus
[9.431s] [  0%] Built target actionlib_generate_messages_lisp
[9.578s] [  0%] Built target _catkin_empty_exported_target
[9.755s] [  0%] Built target roscpp_generate_messages_lisp
[9.939s] [  0%] Built target geometry_msgs_generate_messages_nodejs
[10.083s] [  0%] Built target geometry_msgs_generate_messages_cpp
[10.232s] [  0%] Built target pcl_msgs_generate_messages_eus
[10.376s] [  0%] Built target pcl_msgs_generate_messages_nodejs
[10.537s] [  0%] Built target pcl_msgs_generate_messages_lisp
[10.718s] [  0%] Built target pcl_msgs_generate_messages_py
[10.962s] [  0%] Built target sensor_msgs_generate_messages_nodejs
[11.112s] [  0%] Built target jsk_footstep_msgs_generate_messages_nodejs
[11.297s] [  0%] Built target actionlib_msgs_generate_messages_cpp
[11.490s] [  0%] Built target actionlib_msgs_generate_messages_py
[11.644s] [  0%] Built target tf_generate_messages_lisp
[11.805s] [  0%] Built target tf_generate_messages_nodejs
[12.012s] [  0%] Built target std_msgs_generate_messages_eus
[12.209s] [  0%] Built target actionlib_msgs_generate_messages_lisp
[12.379s] [  0%] Built target actionlib_msgs_generate_messages_nodejs
[12.580s] [  0%] Built target tf_generate_messages_py
[12.785s] [  0%] Built target jsk_recognition_msgs_generate_messages_nodejs
[12.959s] [  0%] Built target roscpp_generate_messages_py
[13.105s] [  0%] Built target roscpp_generate_messages_eus
[13.252s] [  0%] Built target jsk_footstep_msgs_generate_messages_cpp
[13.403s] [  0%] Built target roscpp_generate_messages_nodejs
[13.550s] [  0%] Built target actionlib_generate_messages_eus
[13.704s] [  0%] Built target rosgraph_msgs_generate_messages_cpp
[13.882s] [  0%] Built target jsk_recognition_msgs_generate_messages_lisp
[14.047s] [  0%] Built target rosgraph_msgs_generate_messages_nodejs
[14.212s] [  0%] Built target rosgraph_msgs_generate_messages_py
[14.382s] [  0%] Built target actionlib_generate_messages_cpp
[14.535s] [  0%] Built target actionlib_generate_messages_nodejs
[14.706s] [  0%] Built target actionlib_generate_messages_py
[14.948s] [  0%] Built target tf2_msgs_generate_messages_cpp
[15.123s] [  0%] Built target tf2_msgs_generate_messages_lisp
[15.261s] [  0%] Built target tf2_msgs_generate_messages_nodejs
[15.414s] [  0%] Built target tf2_msgs_generate_messages_py
[15.600s] [100%] Built target ekf_localizer
[17.062s] [ 40%] Built target gtest
[17.226s] [100%] Built target ekf_localizer-test
[17.374s] [100%] Built target tests
[18.740s] [  0%] Built target rosgraph_msgs_generate_messages_eus
[18.922s] [  0%] Built target tf_generate_messages_cpp
[19.067s] [  0%] Built target jsk_recognition_msgs_generate_messages_eus
[19.210s] [  0%] Built target std_msgs_generate_messages_py
[19.353s] [  0%] Built target jsk_recognition_msgs_generate_messages_cpp
[19.498s] [  0%] Built target geometry_msgs_generate_messages_lisp
[19.643s] [  0%] Built target autoware_msgs_generate_messages_eus
[19.860s] [  0%] Built target std_msgs_generate_messages_nodejs
[20.000s] [  0%] Built target geometry_msgs_generate_messages_eus
[20.150s] [  0%] Built target std_msgs_generate_messages_cpp
[20.294s] [  0%] Built target jsk_footstep_msgs_generate_messages_py
[20.438s] [  0%] Built target geometry_msgs_generate_messages_py
[20.580s] [  0%] Built target tf2_msgs_generate_messages_eus
[20.772s] [  0%] Built target sensor_msgs_generate_messages_py
[20.943s] [  0%] Built target jsk_footstep_msgs_generate_messages_lisp
[21.088s] [  0%] Built target autoware_msgs_generate_messages_nodejs
[21.238s] [  0%] Built target actionlib_msgs_generate_messages_eus
[21.382s] [  0%] Built target tf_generate_messages_eus
[21.522s] [  0%] Built target autoware_msgs_generate_messages_py
[21.675s] [  0%] Built target rosgraph_msgs_generate_messages_lisp
[21.909s] [  0%] Built target sensor_msgs_generate_messages_lisp
[22.066s] [  0%] Built target sensor_msgs_generate_messages_eus
[22.216s] [  0%] Built target roscpp_generate_messages_cpp
[22.357s] [  0%] Built target autoware_msgs_generate_messages_lisp
[22.501s] [  0%] Built target sensor_msgs_generate_messages_cpp
[22.654s] [  0%] Built target pcl_msgs_generate_messages_cpp
[22.838s] [  0%] Built target jsk_recognition_msgs_generate_messages_py
[22.981s] [  0%] Built target std_msgs_generate_messages_lisp
[23.127s] [  0%] Built target autoware_msgs_generate_messages_cpp
[23.269s] [  0%] Built target jsk_footstep_msgs_generate_messages_eus
[23.413s] [  0%] Built target actionlib_generate_messages_lisp
[23.568s] [  0%] Built target _catkin_empty_exported_target
[23.740s] [  0%] Built target roscpp_generate_messages_lisp
[23.910s] [  0%] Built target geometry_msgs_generate_messages_nodejs
[24.054s] [  0%] Built target geometry_msgs_generate_messages_cpp
[24.204s] [  0%] Built target pcl_msgs_generate_messages_eus
[24.347s] [  0%] Built target pcl_msgs_generate_messages_nodejs
[24.493s] [  0%] Built target pcl_msgs_generate_messages_lisp
[24.647s] [  0%] Built target pcl_msgs_generate_messages_py
[24.859s] [  0%] Built target sensor_msgs_generate_messages_nodejs
[25.001s] [  0%] Built target jsk_footstep_msgs_generate_messages_nodejs
[25.150s] [  0%] Built target actionlib_msgs_generate_messages_cpp
[25.292s] [  0%] Built target actionlib_msgs_generate_messages_py
[25.444s] [  0%] Built target tf_generate_messages_lisp
[25.583s] [  0%] Built target tf_generate_messages_nodejs
[25.802s] [  0%] Built target std_msgs_generate_messages_eus
[25.944s] [  0%] Built target actionlib_msgs_generate_messages_lisp
[26.090s] [  0%] Built target actionlib_msgs_generate_messages_nodejs
[26.237s] [  0%] Built target tf_generate_messages_py
[26.378s] [  0%] Built target jsk_recognition_msgs_generate_messages_nodejs
[26.524s] [  0%] Built target roscpp_generate_messages_py
[26.677s] [  0%] Built target roscpp_generate_messages_eus
[26.859s] [  0%] Built target jsk_footstep_msgs_generate_messages_cpp
[27.004s] [  0%] Built target roscpp_generate_messages_nodejs
[27.145s] [  0%] Built target actionlib_generate_messages_eus
[27.299s] [  0%] Built target rosgraph_msgs_generate_messages_cpp
[27.442s] [  0%] Built target jsk_recognition_msgs_generate_messages_lisp
[27.598s] [  0%] Built target rosgraph_msgs_generate_messages_nodejs
[27.767s] [  0%] Built target rosgraph_msgs_generate_messages_py
[27.963s] [  0%] Built target actionlib_generate_messages_cpp
[28.106s] [  0%] Built target actionlib_generate_messages_nodejs
[28.252s] [  0%] Built target actionlib_generate_messages_py
[28.398s] [  0%] Built target tf2_msgs_generate_messages_cpp
[28.542s] [  0%] Built target tf2_msgs_generate_messages_lisp
[28.718s] [  0%] Built target tf2_msgs_generate_messages_nodejs
[28.892s] [  0%] Built target tf2_msgs_generate_messages_py
[29.065s] [100%] Built target ekf_localizer
[29.220s] [36mInstall the project...[0m
[29.281s] -- Install configuration: "Release"
[29.281s] -- Installing: /home/capstone/autoware.ai/install/ekf_localizer/lib/pkgconfig/ekf_localizer.pc
[29.282s] -- Installing: /home/capstone/autoware.ai/install/ekf_localizer/share/ekf_localizer/cmake/ekf_localizerConfig.cmake
[29.282s] -- Up-to-date: /home/capstone/autoware.ai/install/ekf_localizer/share/ekf_localizer/cmake/ekf_localizerConfig-version.cmake
[29.282s] -- Up-to-date: /home/capstone/autoware.ai/install/ekf_localizer/share/ekf_localizer/package.xml
[29.284s] -- Up-to-date: /home/capstone/autoware.ai/install/ekf_localizer/lib/ekf_localizer/ekf_localizer
[29.285s] -- Up-to-date: /home/capstone/autoware.ai/install/ekf_localizer/include/ekf_localizer
[29.285s] -- Up-to-date: /home/capstone/autoware.ai/install/ekf_localizer/include/ekf_localizer/ekf_localizer.h
[29.285s] -- Up-to-date: /home/capstone/autoware.ai/install/ekf_localizer/share/ekf_localizer/launch
[29.286s] -- Up-to-date: /home/capstone/autoware.ai/install/ekf_localizer/share/ekf_localizer/launch/ekf_localizer.launch
