[0.070s] Invoking command in '/home/capstone/autoware.ai/build/autoware_lanelet2_msgs': /usr/bin/cmake /home/capstone/autoware.ai/src/autoware/messages/autoware_lanelet2_msgs -DCMAKE_BUILD_TYPE=Release -DCATKIN_INSTALL_INTO_PREFIX_ROOT=0 -DCMAKE_INSTALL_PREFIX=/home/capstone/autoware.ai/install/autoware_lanelet2_msgs
[0.261s] -- The C compiler identification is GNU 7.5.0
[0.451s] -- The CXX compiler identification is GNU 7.5.0
[0.465s] -- Check for working C compiler: /usr/bin/cc
[0.759s] -- Check for working C compiler: /usr/bin/cc -- works
[0.760s] -- Detecting C compiler ABI info
[1.035s] -- Detecting C compiler ABI info - done
[1.055s] -- Detecting C compile features
[1.922s] -- Detecting C compile features - done
[1.927s] -- Check for working CXX compiler: /usr/bin/c++
[2.269s] -- Check for working CXX compiler: /usr/bin/c++ -- works
[2.271s] -- Detecting CXX compiler ABI info
[2.602s] -- Detecting CXX compiler ABI info - done
[2.628s] -- Detecting CXX compile features
[4.077s] -- Detecting CXX compile features - done
[4.082s] -- Using CATKIN_DEVEL_PREFIX: /home/capstone/autoware.ai/build/autoware_lanelet2_msgs/devel
[4.083s] -- Using CMAKE_PREFIX_PATH: /home/capstone/autoware.ai/install/wf_simulator;/home/capstone/autoware.ai/install/vision_ssd_detect;/home/capstone/autoware.ai/install/vision_segment_enet_detect;/home/capstone/autoware.ai/install/vision_lane_detect;/home/capstone/autoware.ai/install/vision_darknet_detect;/home/capstone/autoware.ai/install/vision_beyond_track;/home/capstone/autoware.ai/install/vel_pose_diff_checker;/home/capstone/autoware.ai/install/vehicle_socket;/home/capstone/autoware.ai/install/vehicle_sim_model;/home/capstone/autoware.ai/install/vehicle_model;/home/capstone/autoware.ai/install/vehicle_gazebo_simulation_launcher;/home/capstone/autoware.ai/install/vehicle_gazebo_simulation_interface;/home/capstone/autoware.ai/install/vehicle_engage_panel;/home/capstone/autoware.ai/install/vehicle_description;/home/capstone/autoware.ai/install/op_ros_helpers;/home/capstone/autoware.ai/install/op_simu;/home/capstone/autoware.ai/install/op_planner;/home/capstone/autoware.ai/install/op_utility;/home/capstone/autoware.ai/install/vector_map_server;/home/capstone/autoware.ai/install/object_map;/home/capstone/autoware.ai/install/lanelet_aisan_converter;/home/capstone/autoware.ai/install/map_file;/home/capstone/autoware.ai/install/libvectormap;/home/capstone/autoware.ai/install/vector_map;/home/capstone/autoware.ai/install/vector_map_msgs;/home/capstone/autoware.ai/install/twist_generator;/home/capstone/autoware.ai/install/twist2odom;/home/capstone/autoware.ai/install/runtime_manager;/home/capstone/autoware.ai/install/tablet_socket_msgs;/home/capstone/autoware.ai/install/sound_player;/home/capstone/autoware.ai/install/points2image;/home/capstone/autoware.ai/install/rosinterface;/home/capstone/autoware.ai/install/rosbag_controller;/home/capstone/autoware.ai/install/points_preprocessor;/home/capstone/autoware.ai/install/lidar_localizer;/home/capstone/autoware.ai/install/emergency_handler;/home/capstone/autoware.ai/install/autoware_health_checker;/home/capstone/autoware.ai/install/ros_observer;/home/capstone/autoware.ai/install/range_vision_fusion;/home/capstone/autoware.ai/install/pos_db;/home/capstone/autoware.ai/install/points_downsampler;/home/capstone/autoware.ai/install/pixel_cloud_fusion;/home/capstone/autoware.ai/install/pcl_omp_registration;/home/capstone/autoware.ai/install/pc2_downsampler;/home/capstone/autoware.ai/install/obj_db;/home/capstone/autoware.ai/install/nmea_navsat;/home/capstone/autoware.ai/install/ndt_tku;/home/capstone/autoware.ai/install/ndt_gpu;/home/capstone/autoware.ai/install/ndt_cpu;/home/capstone/autoware.ai/install/multi_lidar_calibrator;/home/capstone/autoware.ai/install/mrt_cmake_modules;/home/capstone/autoware.ai/install/marker_downsampler;/home/capstone/autoware.ai/install/map_tools;/home/capstone/autoware.ai/install/map_tf_generator;/home/capstone/autoware.ai/install/log_tools;/home/capstone/autoware.ai/install/libwaypoint_follower;/home/capstone/autoware.ai/install/lgsvl_simulator_bridge;/home/capstone/autoware.ai/install/lanelet2_extension;/home/capstone/autoware.ai/install/lanelet2_validation;/home/capstone/autoware.ai/install/lanelet2_examples;/home/capstone/autoware.ai/install/lanelet2_python;/home/capstone/autoware.ai/install/lanelet2_routing;/home/capstone/autoware.ai/install/lanelet2_traffic_rules;/home/capstone/autoware.ai/install/lanelet2_projection;/home/capstone/autoware.ai/install/lanelet2_maps;/home/capstone/autoware.ai/install/lanelet2_io;/home/capstone/autoware.ai/install/lanelet2_core;/home/capstone/autoware.ai/install/integrated_viewer;/home/capstone/autoware.ai/install/image_processor;/home/capstone/autoware.ai/install/graph_tools;/home/capstone/autoware.ai/install/gnss_localizer;/home/capstone/autoware.ai/install/gnss;/home/capstone/autoware.ai/install/glviewer;/home/capstone/autoware.ai/install/gazebo_world_description;/home/capstone/autoware.ai/install/gazebo_imu_description;/home/capstone/autoware.ai/install/gazebo_camera_description;/home/capstone/autoware.ai/install/fastvirtualscan;/home/capstone/autoware.ai/install/ekf_localizer;/home/capstone/autoware.ai/install/detected_objects_visualizer;/home/capstone/autoware.ai/install/decision_maker_panel;/home/capstone/autoware.ai/install/data_preprocessor;/home/capstone/autoware.ai/install/carla_autoware_bridge;/home/capstone/autoware.ai/install/calibration_publisher;/home/capstone/autoware.ai/install/autoware_system_msgs;/home/capstone/autoware.ai/install/autoware_rviz_plugins;/home/capstone/autoware.ai/install/autoware_quickstart_examples;/home/capstone/autoware.ai/install/autoware_pointgrey_drivers;/home/capstone/autoware.ai/install/autoware_driveworks_interface;/home/capstone/autoware.ai/install/autoware_connector;/home/capstone/autoware.ai/install/autoware_camera_lidar_calibrator;/home/capstone/autoware.ai/install/amathutils_lib;/home/capstone/autoware.ai/install/autoware_msgs;/home/capstone/autoware.ai/install/autoware_map_msgs;/home/capstone/autoware.ai/install/autoware_launcher_rviz;/home/capstone/autoware.ai/install/autoware_launcher;/home/capstone/autoware.ai/install/autoware_lanelet2_msgs;/home/capstone/autoware.ai/install/autoware_external_msgs;/home/capstone/autoware.ai/install/autoware_driveworks_gmsl_interface;/home/capstone/autoware.ai/install/autoware_config_msgs;/home/capstone/autoware.ai/install/autoware_can_msgs;/home/capstone/autoware.ai/install/autoware_build_flags;/home/capstone/autoware.ai/install/autoware_bag_tools;/opt/carla-ros-bridge/melodic;/opt/ros/melodic
[4.085s] -- This workspace overlays: /opt/carla-ros-bridge/melodic;/opt/ros/melodic
[4.140s] -- Found PythonInterp: /usr/bin/python2 (found suitable version "2.7.17", minimum required is "2") 
[4.140s] -- Using PYTHON_EXECUTABLE: /usr/bin/python2
[4.141s] -- Using Debian Python package layout
[4.144s] -- Using empy: /usr/bin/empy
[4.470s] -- Using CATKIN_ENABLE_TESTING: ON
[4.470s] -- Call enable_testing()
[4.481s] -- Using CATKIN_TEST_RESULTS_DIR: /home/capstone/autoware.ai/build/autoware_lanelet2_msgs/test_results
[4.548s] -- Found gtest sources under '/usr/src/googletest': gtests will be built
[4.549s] -- Found gmock sources under '/usr/src/googletest': gmock will be built
[4.602s] -- Found PythonInterp: /usr/bin/python2 (found version "2.7.17") 
[4.604s] -- Looking for pthread.h
[4.935s] -- Looking for pthread.h - found
[4.936s] -- Looking for pthread_create
[5.224s] -- Looking for pthread_create - not found
[5.224s] -- Looking for pthread_create in pthreads
[5.493s] -- Looking for pthread_create in pthreads - not found
[5.493s] -- Looking for pthread_create in pthread
[5.798s] -- Looking for pthread_create in pthread - found
[5.800s] -- Found Threads: TRUE  
[5.810s] -- Using Python nosetests: /usr/bin/nosetests-2.7
[5.916s] -- catkin 0.7.23
[5.917s] -- BUILD_SHARED_LIBS is on
[6.348s] -- Using these message generators: gencpp;geneus;genlisp;gennodejs;genpy
[6.940s] -- autoware_lanelet2_msgs: 1 messages, 0 services
[7.335s] -- Configuring done
[7.398s] -- Generating done
[7.412s] -- Build files have been written to: /home/capstone/autoware.ai/build/autoware_lanelet2_msgs
[7.419s] Invoked command in '/home/capstone/autoware.ai/build/autoware_lanelet2_msgs' returned '0': /usr/bin/cmake /home/capstone/autoware.ai/src/autoware/messages/autoware_lanelet2_msgs -DCMAKE_BUILD_TYPE=Release -DCATKIN_INSTALL_INTO_PREFIX_ROOT=0 -DCMAKE_INSTALL_PREFIX=/home/capstone/autoware.ai/install/autoware_lanelet2_msgs
[7.431s] Invoking command in '/home/capstone/autoware.ai/build/autoware_lanelet2_msgs': /usr/bin/cmake --build /home/capstone/autoware.ai/build/autoware_lanelet2_msgs -- -j12 -l12
[7.623s] [35m[1mScanning dependencies of target std_msgs_generate_messages_nodejs[0m
[7.645s] [35m[1mScanning dependencies of target std_msgs_generate_messages_py[0m
[7.652s] [35m[1mScanning dependencies of target std_msgs_generate_messages_lisp[0m
[7.663s] [35m[1mScanning dependencies of target std_msgs_generate_messages_cpp[0m
[7.664s] [35m[1mScanning dependencies of target _autoware_lanelet2_msgs_generate_messages_check_deps_MapBin[0m
[7.671s] [35m[1mScanning dependencies of target std_msgs_generate_messages_eus[0m
[7.736s] [  0%] Built target std_msgs_generate_messages_py
[7.739s] [  0%] Built target std_msgs_generate_messages_lisp
[7.741s] [  0%] Built target std_msgs_generate_messages_cpp
[7.758s] [  0%] Built target std_msgs_generate_messages_nodejs
[7.776s] [  0%] Built target std_msgs_generate_messages_eus
[7.900s] [  0%] Built target _autoware_lanelet2_msgs_generate_messages_check_deps_MapBin
[8.083s] [35m[1mScanning dependencies of target autoware_lanelet2_msgs_generate_messages_eus[0m
[8.148s] [35m[1mScanning dependencies of target autoware_lanelet2_msgs_generate_messages_py[0m
[8.174s] [35m[1mScanning dependencies of target autoware_lanelet2_msgs_generate_messages_lisp[0m
[8.181s] [35m[1mScanning dependencies of target autoware_lanelet2_msgs_generate_messages_cpp[0m
[8.199s] [ 14%] [34m[1mGenerating EusLisp code from autoware_lanelet2_msgs/MapBin.msg[0m
[8.272s] [ 28%] [34m[1mGenerating EusLisp manifest code for autoware_lanelet2_msgs[0m
[8.273s] [35m[1mScanning dependencies of target autoware_lanelet2_msgs_generate_messages_nodejs[0m
[8.412s] [ 57%] [34m[1mGenerating Python from MSG autoware_lanelet2_msgs/MapBin[0m
[8.413s] [ 57%] [34m[1mGenerating C++ code from autoware_lanelet2_msgs/MapBin.msg[0m
[8.466s] [ 71%] [34m[1mGenerating Javascript code from autoware_lanelet2_msgs/MapBin.msg[0m
[8.526s] [ 85%] [34m[1mGenerating Lisp code from autoware_lanelet2_msgs/MapBin.msg[0m
[8.940s] [ 85%] Built target autoware_lanelet2_msgs_generate_messages_lisp
[9.171s] [ 85%] Built target autoware_lanelet2_msgs_generate_messages_nodejs
[9.406s] [100%] [34m[1mGenerating Python msg __init__.py for autoware_lanelet2_msgs[0m
[10.211s] [100%] Built target autoware_lanelet2_msgs_generate_messages_cpp
[10.611s] [100%] Built target autoware_lanelet2_msgs_generate_messages_py
[12.936s] [100%] Built target autoware_lanelet2_msgs_generate_messages_eus
[13.255s] [35m[1mScanning dependencies of target autoware_lanelet2_msgs_generate_messages[0m
[13.657s] [100%] Built target autoware_lanelet2_msgs_generate_messages
[13.760s] Invoked command in '/home/capstone/autoware.ai/build/autoware_lanelet2_msgs' returned '0': /usr/bin/cmake --build /home/capstone/autoware.ai/build/autoware_lanelet2_msgs -- -j12 -l12
[16.371s] Invoking command in '/home/capstone/autoware.ai/build/autoware_lanelet2_msgs': /usr/bin/cmake --build /home/capstone/autoware.ai/build/autoware_lanelet2_msgs --target tests -- -j12 -l12
[17.054s] [35m[1mScanning dependencies of target tests[0m
[17.235s] Built target tests
[17.313s] Invoked command in '/home/capstone/autoware.ai/build/autoware_lanelet2_msgs' returned '0': /usr/bin/cmake --build /home/capstone/autoware.ai/build/autoware_lanelet2_msgs --target tests -- -j12 -l12
[19.155s] Invoking command in '/home/capstone/autoware.ai/build/autoware_lanelet2_msgs': /usr/bin/cmake --build /home/capstone/autoware.ai/build/autoware_lanelet2_msgs --target install -- -j12 -l12
[19.988s] [  0%] Built target _autoware_lanelet2_msgs_generate_messages_check_deps_MapBin
[20.261s] [  0%] Built target std_msgs_generate_messages_nodejs
[20.598s] [  0%] Built target std_msgs_generate_messages_cpp
[20.922s] [ 14%] Built target autoware_lanelet2_msgs_generate_messages_nodejs
[21.256s] [ 28%] Built target autoware_lanelet2_msgs_generate_messages_cpp
[21.489s] [ 28%] Built target std_msgs_generate_messages_eus
[21.799s] [ 28%] Built target std_msgs_generate_messages_py
[22.073s] [ 57%] Built target autoware_lanelet2_msgs_generate_messages_eus
[22.290s] [ 85%] Built target autoware_lanelet2_msgs_generate_messages_py
[22.508s] [ 85%] Built target std_msgs_generate_messages_lisp
[22.707s] [100%] Built target autoware_lanelet2_msgs_generate_messages_lisp
[22.925s] [100%] Built target autoware_lanelet2_msgs_generate_messages
[23.054s] [36mInstall the project...[0m
[23.093s] -- Install configuration: "Release"
[23.094s] -- Installing: /home/capstone/autoware.ai/install/autoware_lanelet2_msgs/share/autoware_lanelet2_msgs/msg/MapBin.msg
[23.095s] -- Installing: /home/capstone/autoware.ai/install/autoware_lanelet2_msgs/share/autoware_lanelet2_msgs/cmake/autoware_lanelet2_msgs-msg-paths.cmake
[23.096s] -- Installing: /home/capstone/autoware.ai/install/autoware_lanelet2_msgs/include/autoware_lanelet2_msgs
[23.097s] -- Installing: /home/capstone/autoware.ai/install/autoware_lanelet2_msgs/include/autoware_lanelet2_msgs/MapBin.h
[23.098s] -- Installing: /home/capstone/autoware.ai/install/autoware_lanelet2_msgs/share/roseus/ros/autoware_lanelet2_msgs
[23.099s] -- Installing: /home/capstone/autoware.ai/install/autoware_lanelet2_msgs/share/roseus/ros/autoware_lanelet2_msgs/manifest.l
[23.100s] -- Installing: /home/capstone/autoware.ai/install/autoware_lanelet2_msgs/share/roseus/ros/autoware_lanelet2_msgs/msg
[23.100s] -- Installing: /home/capstone/autoware.ai/install/autoware_lanelet2_msgs/share/roseus/ros/autoware_lanelet2_msgs/msg/MapBin.l
[23.102s] -- Installing: /home/capstone/autoware.ai/install/autoware_lanelet2_msgs/share/common-lisp/ros/autoware_lanelet2_msgs
[23.102s] -- Installing: /home/capstone/autoware.ai/install/autoware_lanelet2_msgs/share/common-lisp/ros/autoware_lanelet2_msgs/msg
[23.103s] -- Installing: /home/capstone/autoware.ai/install/autoware_lanelet2_msgs/share/common-lisp/ros/autoware_lanelet2_msgs/msg/MapBin.lisp
[23.104s] -- Installing: /home/capstone/autoware.ai/install/autoware_lanelet2_msgs/share/common-lisp/ros/autoware_lanelet2_msgs/msg/_package_MapBin.lisp
[23.106s] -- Installing: /home/capstone/autoware.ai/install/autoware_lanelet2_msgs/share/common-lisp/ros/autoware_lanelet2_msgs/msg/_package.lisp
[23.107s] -- Installing: /home/capstone/autoware.ai/install/autoware_lanelet2_msgs/share/common-lisp/ros/autoware_lanelet2_msgs/msg/autoware_lanelet2_msgs-msg.asd
[23.108s] -- Installing: /home/capstone/autoware.ai/install/autoware_lanelet2_msgs/share/gennodejs/ros/autoware_lanelet2_msgs
[23.109s] -- Installing: /home/capstone/autoware.ai/install/autoware_lanelet2_msgs/share/gennodejs/ros/autoware_lanelet2_msgs/_index.js
[23.110s] -- Installing: /home/capstone/autoware.ai/install/autoware_lanelet2_msgs/share/gennodejs/ros/autoware_lanelet2_msgs/msg
[23.110s] -- Installing: /home/capstone/autoware.ai/install/autoware_lanelet2_msgs/share/gennodejs/ros/autoware_lanelet2_msgs/msg/_index.js
[23.110s] -- Installing: /home/capstone/autoware.ai/install/autoware_lanelet2_msgs/share/gennodejs/ros/autoware_lanelet2_msgs/msg/MapBin.js
[23.218s] Listing /home/capstone/autoware.ai/build/autoware_lanelet2_msgs/devel/lib/python2.7/dist-packages/autoware_lanelet2_msgs ...
[23.219s] Compiling /home/capstone/autoware.ai/build/autoware_lanelet2_msgs/devel/lib/python2.7/dist-packages/autoware_lanelet2_msgs/__init__.py ...
[23.219s] Listing /home/capstone/autoware.ai/build/autoware_lanelet2_msgs/devel/lib/python2.7/dist-packages/autoware_lanelet2_msgs/msg ...
[23.219s] Compiling /home/capstone/autoware.ai/build/autoware_lanelet2_msgs/devel/lib/python2.7/dist-packages/autoware_lanelet2_msgs/msg/_MapBin.py ...
[23.219s] Compiling /home/capstone/autoware.ai/build/autoware_lanelet2_msgs/devel/lib/python2.7/dist-packages/autoware_lanelet2_msgs/msg/__init__.py ...
[23.235s] -- Installing: /home/capstone/autoware.ai/install/autoware_lanelet2_msgs/lib/python2.7/dist-packages/autoware_lanelet2_msgs
[23.235s] -- Installing: /home/capstone/autoware.ai/install/autoware_lanelet2_msgs/lib/python2.7/dist-packages/autoware_lanelet2_msgs/__init__.pyc
[23.236s] -- Installing: /home/capstone/autoware.ai/install/autoware_lanelet2_msgs/lib/python2.7/dist-packages/autoware_lanelet2_msgs/__init__.py
[23.236s] -- Installing: /home/capstone/autoware.ai/install/autoware_lanelet2_msgs/lib/python2.7/dist-packages/autoware_lanelet2_msgs/msg
[23.236s] -- Installing: /home/capstone/autoware.ai/install/autoware_lanelet2_msgs/lib/python2.7/dist-packages/autoware_lanelet2_msgs/msg/_MapBin.py
[23.236s] -- Installing: /home/capstone/autoware.ai/install/autoware_lanelet2_msgs/lib/python2.7/dist-packages/autoware_lanelet2_msgs/msg/_MapBin.pyc
[23.237s] -- Installing: /home/capstone/autoware.ai/install/autoware_lanelet2_msgs/lib/python2.7/dist-packages/autoware_lanelet2_msgs/msg/__init__.pyc
[23.237s] -- Installing: /home/capstone/autoware.ai/install/autoware_lanelet2_msgs/lib/python2.7/dist-packages/autoware_lanelet2_msgs/msg/__init__.py
[23.237s] -- Installing: /home/capstone/autoware.ai/install/autoware_lanelet2_msgs/lib/pkgconfig/autoware_lanelet2_msgs.pc
[23.237s] -- Installing: /home/capstone/autoware.ai/install/autoware_lanelet2_msgs/share/autoware_lanelet2_msgs/cmake/autoware_lanelet2_msgs-msg-extras.cmake
[23.237s] -- Installing: /home/capstone/autoware.ai/install/autoware_lanelet2_msgs/share/autoware_lanelet2_msgs/cmake/autoware_lanelet2_msgsConfig.cmake
[23.237s] -- Installing: /home/capstone/autoware.ai/install/autoware_lanelet2_msgs/share/autoware_lanelet2_msgs/cmake/autoware_lanelet2_msgsConfig-version.cmake
[23.238s] -- Installing: /home/capstone/autoware.ai/install/autoware_lanelet2_msgs/share/autoware_lanelet2_msgs/package.xml
[23.256s] Invoked command in '/home/capstone/autoware.ai/build/autoware_lanelet2_msgs' returned '0': /usr/bin/cmake --build /home/capstone/autoware.ai/build/autoware_lanelet2_msgs --target install -- -j12 -l12
