[0.386s] -- CUDA compilation status: 1.
[0.387s] -- Using CATKIN_DEVEL_PREFIX: /home/capstone/autoware.ai/build/autoware_camera_lidar_calibrator/devel
[0.388s] -- Using CMAKE_PREFIX_PATH: /home/capstone/autoware.ai/install/autoware_msgs;/home/capstone/autoware.ai/install/autoware_build_flags;/home/capstone/autoware.ai/install/ymc;/home/capstone/autoware.ai/install/xsens_driver;/home/capstone/autoware.ai/install/wf_simulator;/home/capstone/autoware.ai/install/lattice_planner;/home/capstone/autoware.ai/install/waypoint_planner;/home/capstone/autoware.ai/install/waypoint_maker;/home/capstone/autoware.ai/install/way_planner;/home/capstone/autoware.ai/install/vlg22c_cam;/home/capstone/autoware.ai/install/vision_ssd_detect;/home/capstone/autoware.ai/install/vision_segment_enet_detect;/home/capstone/autoware.ai/install/vision_lane_detect;/home/capstone/autoware.ai/install/vision_darknet_detect;/home/capstone/autoware.ai/install/vision_beyond_track;/home/capstone/autoware.ai/install/vel_pose_diff_checker;/home/capstone/autoware.ai/install/vehicle_socket;/home/capstone/autoware.ai/install/vehicle_sim_model;/home/capstone/autoware.ai/install/vehicle_model;/home/capstone/autoware.ai/install/vehicle_gazebo_simulation_launcher;/home/capstone/autoware.ai/install/vehicle_gazebo_simulation_interface;/home/capstone/autoware.ai/install/vehicle_engage_panel;/home/capstone/autoware.ai/install/vehicle_description;/home/capstone/autoware.ai/install/trafficlight_recognizer;/home/capstone/autoware.ai/install/op_utilities;/home/capstone/autoware.ai/install/op_simulation_package;/home/capstone/autoware.ai/install/op_local_planner;/home/capstone/autoware.ai/install/op_global_planner;/home/capstone/autoware.ai/install/lidar_kf_contour_track;/home/capstone/autoware.ai/install/op_ros_helpers;/home/capstone/autoware.ai/install/ff_waypoint_follower;/home/capstone/autoware.ai/install/dp_planner;/home/capstone/autoware.ai/install/op_simu;/home/capstone/autoware.ai/install/op_planner;/home/capstone/autoware.ai/install/op_utility;/home/capstone/autoware.ai/install/lidar_euclidean_cluster_detect;/home/capstone/autoware.ai/install/vector_map_server;/home/capstone/autoware.ai/install/road_occupancy_processor;/home/capstone/autoware.ai/install/costmap_generator;/home/capstone/autoware.ai/install/object_map;/home/capstone/autoware.ai/install/naive_motion_predict;/home/capstone/autoware.ai/install/lanelet_aisan_converter;/home/capstone/autoware.ai/install/map_file;/home/capstone/autoware.ai/install/libvectormap;/home/capstone/autoware.ai/install/lane_planner;/home/capstone/autoware.ai/install/imm_ukf_pda_track;/home/capstone/autoware.ai/install/decision_maker;/home/capstone/autoware.ai/install/vector_map;/home/capstone/autoware.ai/install/vector_map_msgs;/home/capstone/autoware.ai/install/vectacam;/home/capstone/autoware.ai/install/udon_socket;/home/capstone/autoware.ai/install/twist_generator;/home/capstone/autoware.ai/install/twist_gate;/home/capstone/autoware.ai/install/twist_filter;/home/capstone/autoware.ai/install/twist2odom;/home/capstone/autoware.ai/install/tablet_socket;/home/capstone/autoware.ai/install/runtime_manager;/home/capstone/autoware.ai/install/mqtt_socket;/home/capstone/autoware.ai/install/tablet_socket_msgs;/home/capstone/autoware.ai/install/state_machine_lib;/home/capstone/autoware.ai/install/sound_player;/home/capstone/autoware.ai/install/sick_lms5xx;/home/capstone/autoware.ai/install/sick_ldmrs_tools;/home/capstone/autoware.ai/install/sick_ldmrs_driver;/home/capstone/autoware.ai/install/sick_ldmrs_msgs;/home/capstone/autoware.ai/install/sick_ldmrs_description;/home/capstone/autoware.ai/install/points2image;/home/capstone/autoware.ai/install/rosinterface;/home/capstone/autoware.ai/install/rosbag_controller;/home/capstone/autoware.ai/install/pure_pursuit;/home/capstone/autoware.ai/install/points_preprocessor;/home/capstone/autoware.ai/install/mpc_follower;/home/capstone/autoware.ai/install/lidar_localizer;/home/capstone/autoware.ai/install/emergency_handler;/home/capstone/autoware.ai/install/autoware_health_checker;/home/capstone/autoware.ai/install/as;/home/capstone/autoware.ai/install/ros_observer;/home/capstone/autoware.ai/install/roi_object_filter;/home/capstone/autoware.ai/install/range_vision_fusion;/home/capstone/autoware.ai/install/pos_db;/home/capstone/autoware.ai/install/points_downsampler;/home/capstone/autoware.ai/install/pixel_cloud_fusion;/home/capstone/autoware.ai/install/pcl_omp_registration;/home/capstone/autoware.ai/install/pc2_downsampler;/home/capstone/autoware.ai/install/oculus_socket;/home/capstone/autoware.ai/install/obj_db;/home/capstone/autoware.ai/install/nmea_navsat;/home/capstone/autoware.ai/install/ndt_tku;/home/capstone/autoware.ai/install/ndt_gpu;/home/capstone/autoware.ai/install/ndt_cpu;/home/capstone/autoware.ai/install/multi_lidar_calibrator;/home/capstone/autoware.ai/install/mrt_cmake_modules;/home/capstone/autoware.ai/install/microstrain_driver;/home/capstone/autoware.ai/install/memsic_imu;/home/capstone/autoware.ai/install/marker_downsampler;/home/capstone/autoware.ai/install/map_tools;/home/capstone/autoware.ai/install/map_tf_generator;/home/capstone/autoware.ai/install/log_tools;/home/capstone/autoware.ai/install/lidar_shape_estimation;/home/capstone/autoware.ai/install/lidar_point_pillars;/home/capstone/autoware.ai/install/lidar_naive_l_shape_detect;/home/capstone/autoware.ai/install/lidar_fake_perception;/home/capstone/autoware.ai/install/lidar_apollo_cnn_seg_detect;/home/capstone/autoware.ai/install/libwaypoint_follower;/home/capstone/autoware.ai/install/lgsvl_simulator_bridge;/home/capstone/autoware.ai/install/lanelet2_extension;/home/capstone/autoware.ai/install/lanelet2_validation;/home/capstone/autoware.ai/install/lanelet2_examples;/home/capstone/autoware.ai/install/lanelet2_python;/home/capstone/autoware.ai/install/lanelet2_routing;/home/capstone/autoware.ai/install/lanelet2_traffic_rules;/home/capstone/autoware.ai/install/lanelet2_projection;/home/capstone/autoware.ai/install/lanelet2_maps;/home/capstone/autoware.ai/install/lanelet2_io;/home/capstone/autoware.ai/install/lanelet2_core;/home/capstone/autoware.ai/install/kvaser;/home/capstone/autoware.ai/install/kitti_launch;/home/capstone/autoware.ai/install/kitti_player;/home/capstone/autoware.ai/install/kitti_box_publisher;/home/capstone/autoware.ai/install/javad_navsat_driver;/home/capstone/autoware.ai/install/integrated_viewer;/home/capstone/autoware.ai/install/image_processor;/home/capstone/autoware.ai/install/hokuyo;/home/capstone/autoware.ai/install/graph_tools;/home/capstone/autoware.ai/install/gnss_localizer;/home/capstone/autoware.ai/install/gnss;/home/capstone/autoware.ai/install/glviewer;/home/capstone/autoware.ai/install/gazebo_world_description;/home/capstone/autoware.ai/install/gazebo_imu_description;/home/capstone/autoware.ai/install/gazebo_camera_description;/home/capstone/autoware.ai/install/garmin;/home/capstone/autoware.ai/install/freespace_planner;/home/capstone/autoware.ai/install/fastvirtualscan;/home/capstone/autoware.ai/install/ekf_localizer;/home/capstone/autoware.ai/install/ds4_msgs;/home/capstone/autoware.ai/install/ds4_driver;/home/capstone/autoware.ai/install/detected_objects_visualizer;/home/capstone/autoware.ai/install/decision_maker_panel;/home/capstone/autoware.ai/install/data_preprocessor;/home/capstone/autoware.ai/install/custom_msgs;/home/capstone/autoware.ai/install/carla_autoware_bridge;/home/capstone/autoware.ai/install/calibration_publisher;/home/capstone/autoware.ai/install/autoware_system_msgs;/home/capstone/autoware.ai/install/autoware_rviz_plugins;/home/capstone/autoware.ai/install/autoware_quickstart_examples;/home/capstone/autoware.ai/install/autoware_pointgrey_drivers;/home/capstone/autoware.ai/install/autoware_driveworks_interface;/home/capstone/autoware.ai/install/autoware_connector;/home/capstone/autoware.ai/install/autoware_camera_lidar_calibrator;/home/capstone/autoware.ai/install/astar_search;/home/capstone/autoware.ai/install/amathutils_lib;/home/capstone/autoware.ai/install/autoware_map_msgs;/home/capstone/autoware.ai/install/autoware_launcher_rviz;/home/capstone/autoware.ai/install/autoware_launcher;/home/capstone/autoware.ai/install/autoware_lanelet2_msgs;/home/capstone/autoware.ai/install/autoware_external_msgs;/home/capstone/autoware.ai/install/autoware_driveworks_gmsl_interface;/home/capstone/autoware.ai/install/autoware_config_msgs;/home/capstone/autoware.ai/install/autoware_can_msgs;/home/capstone/autoware.ai/install/autoware_bag_tools;/home/capstone/autoware.ai/install/adi_driver;/opt/carla-ros-bridge/melodic;/opt/ros/melodic
[0.404s] -- This workspace overlays: /home/capstone/autoware.ai/install/autoware_msgs;/home/capstone/autoware.ai/install/autoware_build_flags;/home/capstone/autoware.ai/install/ymc;/home/capstone/autoware.ai/install/xsens_driver;/home/capstone/autoware.ai/install/wf_simulator;/home/capstone/autoware.ai/install/lattice_planner;/home/capstone/autoware.ai/install/waypoint_planner;/home/capstone/autoware.ai/install/waypoint_maker;/home/capstone/autoware.ai/install/way_planner;/home/capstone/autoware.ai/install/vlg22c_cam;/home/capstone/autoware.ai/install/vision_ssd_detect;/home/capstone/autoware.ai/install/vision_segment_enet_detect;/home/capstone/autoware.ai/install/vision_lane_detect;/home/capstone/autoware.ai/install/vision_darknet_detect;/home/capstone/autoware.ai/install/vision_beyond_track;/home/capstone/autoware.ai/install/vel_pose_diff_checker;/home/capstone/autoware.ai/install/vehicle_socket;/home/capstone/autoware.ai/install/vehicle_sim_model;/home/capstone/autoware.ai/install/vehicle_model;/home/capstone/autoware.ai/install/vehicle_gazebo_simulation_launcher;/home/capstone/autoware.ai/install/vehicle_gazebo_simulation_interface;/home/capstone/autoware.ai/install/vehicle_engage_panel;/home/capstone/autoware.ai/install/vehicle_description;/home/capstone/autoware.ai/install/trafficlight_recognizer;/home/capstone/autoware.ai/install/op_utilities;/home/capstone/autoware.ai/install/op_simulation_package;/home/capstone/autoware.ai/install/op_local_planner;/home/capstone/autoware.ai/install/op_global_planner;/home/capstone/autoware.ai/install/lidar_kf_contour_track;/home/capstone/autoware.ai/install/op_ros_helpers;/home/capstone/autoware.ai/install/ff_waypoint_follower;/home/capstone/autoware.ai/install/dp_planner;/home/capstone/autoware.ai/install/op_simu;/home/capstone/autoware.ai/install/op_planner;/home/capstone/autoware.ai/install/op_utility;/home/capstone/autoware.ai/install/lidar_euclidean_cluster_detect;/home/capstone/autoware.ai/install/vector_map_server;/home/capstone/autoware.ai/install/road_occupancy_processor;/home/capstone/autoware.ai/install/costmap_generator;/home/capstone/autoware.ai/install/object_map;/home/capstone/autoware.ai/install/naive_motion_predict;/home/capstone/autoware.ai/install/lanelet_aisan_converter;/home/capstone/autoware.ai/install/map_file;/home/capstone/autoware.ai/install/libvectormap;/home/capstone/autoware.ai/install/lane_planner;/home/capstone/autoware.ai/install/imm_ukf_pda_track;/home/capstone/autoware.ai/install/decision_maker;/home/capstone/autoware.ai/install/vector_map;/home/capstone/autoware.ai/install/vector_map_msgs;/home/capstone/autoware.ai/install/vectacam;/home/capstone/autoware.ai/install/udon_socket;/home/capstone/autoware.ai/install/twist_generator;/home/capstone/autoware.ai/install/twist_gate;/home/capstone/autoware.ai/install/twist_filter;/home/capstone/autoware.ai/install/twist2odom;/home/capstone/autoware.ai/install/tablet_socket;/home/capstone/autoware.ai/install/runtime_manager;/home/capstone/autoware.ai/install/mqtt_socket;/home/capstone/autoware.ai/install/tablet_socket_msgs;/home/capstone/autoware.ai/install/state_machine_lib;/home/capstone/autoware.ai/install/sound_player;/home/capstone/autoware.ai/install/sick_lms5xx;/home/capstone/autoware.ai/install/sick_ldmrs_tools;/home/capstone/autoware.ai/install/sick_ldmrs_driver;/home/capstone/autoware.ai/install/sick_ldmrs_msgs;/home/capstone/autoware.ai/install/sick_ldmrs_description;/home/capstone/autoware.ai/install/points2image;/home/capstone/autoware.ai/install/rosinterface;/home/capstone/autoware.ai/install/rosbag_controller;/home/capstone/autoware.ai/install/pure_pursuit;/home/capstone/autoware.ai/install/points_preprocessor;/home/capstone/autoware.ai/install/mpc_follower;/home/capstone/autoware.ai/install/lidar_localizer;/home/capstone/autoware.ai/install/emergency_handler;/home/capstone/autoware.ai/install/autoware_health_checker;/home/capstone/autoware.ai/install/as;/home/capstone/autoware.ai/install/ros_observer;/home/capstone/autoware.ai/install/roi_object_filter;/home/capstone/autoware.ai/install/range_vision_fusion;/home/capstone/autoware.ai/install/pos_db;/home/capstone/autoware.ai/install/points_downsampler;/home/capstone/autoware.ai/install/pixel_cloud_fusion;/home/capstone/autoware.ai/install/pcl_omp_registration;/home/capstone/autoware.ai/install/pc2_downsampler;/home/capstone/autoware.ai/install/oculus_socket;/home/capstone/autoware.ai/install/obj_db;/home/capstone/autoware.ai/install/nmea_navsat;/home/capstone/autoware.ai/install/ndt_tku;/home/capstone/autoware.ai/install/ndt_gpu;/home/capstone/autoware.ai/install/ndt_cpu;/home/capstone/autoware.ai/install/multi_lidar_calibrator;/home/capstone/autoware.ai/install/mrt_cmake_modules;/home/capstone/autoware.ai/install/microstrain_driver;/home/capstone/autoware.ai/install/memsic_imu;/home/capstone/autoware.ai/install/marker_downsampler;/home/capstone/autoware.ai/install/map_tools;/home/capstone/autoware.ai/install/map_tf_generator;/home/capstone/autoware.ai/install/log_tools;/home/capstone/autoware.ai/install/lidar_shape_estimation;/home/capstone/autoware.ai/install/lidar_point_pillars;/home/capstone/autoware.ai/install/lidar_naive_l_shape_detect;/home/capstone/autoware.ai/install/lidar_fake_perception;/home/capstone/autoware.ai/install/lidar_apollo_cnn_seg_detect;/home/capstone/autoware.ai/install/libwaypoint_follower;/home/capstone/autoware.ai/install/lgsvl_simulator_bridge;/home/capstone/autoware.ai/install/lanelet2_extension;/home/capstone/autoware.ai/install/lanelet2_validation;/home/capstone/autoware.ai/install/lanelet2_examples;/home/capstone/autoware.ai/install/lanelet2_python;/home/capstone/autoware.ai/install/lanelet2_routing;/home/capstone/autoware.ai/install/lanelet2_traffic_rules;/home/capstone/autoware.ai/install/lanelet2_projection;/home/capstone/autoware.ai/install/lanelet2_maps;/home/capstone/autoware.ai/install/lanelet2_io;/home/capstone/autoware.ai/install/lanelet2_core;/home/capstone/autoware.ai/install/kvaser;/home/capstone/autoware.ai/install/kitti_launch;/home/capstone/autoware.ai/install/kitti_player;/home/capstone/autoware.ai/install/kitti_box_publisher;/home/capstone/autoware.ai/install/javad_navsat_driver;/home/capstone/autoware.ai/install/integrated_viewer;/home/capstone/autoware.ai/install/image_processor;/home/capstone/autoware.ai/install/hokuyo;/home/capstone/autoware.ai/install/graph_tools;/home/capstone/autoware.ai/install/gnss_localizer;/home/capstone/autoware.ai/install/gnss;/home/capstone/autoware.ai/install/glviewer;/home/capstone/autoware.ai/install/gazebo_world_description;/home/capstone/autoware.ai/install/gazebo_imu_description;/home/capstone/autoware.ai/install/gazebo_camera_description;/home/capstone/autoware.ai/install/garmin;/home/capstone/autoware.ai/install/freespace_planner;/home/capstone/autoware.ai/install/fastvirtualscan;/home/capstone/autoware.ai/install/ekf_localizer;/home/capstone/autoware.ai/install/ds4_msgs;/home/capstone/autoware.ai/install/ds4_driver;/home/capstone/autoware.ai/install/detected_objects_visualizer;/home/capstone/autoware.ai/install/decision_maker_panel;/home/capstone/autoware.ai/install/data_preprocessor;/home/capstone/autoware.ai/install/custom_msgs;/home/capstone/autoware.ai/install/carla_autoware_bridge;/home/capstone/autoware.ai/install/calibration_publisher;/home/capstone/autoware.ai/install/autoware_system_msgs;/home/capstone/autoware.ai/install/autoware_rviz_plugins;/home/capstone/autoware.ai/install/autoware_quickstart_examples;/home/capstone/autoware.ai/install/autoware_pointgrey_drivers;/home/capstone/autoware.ai/install/autoware_driveworks_interface;/home/capstone/autoware.ai/install/autoware_connector;/home/capstone/autoware.ai/install/autoware_camera_lidar_calibrator;/home/capstone/autoware.ai/install/astar_search;/home/capstone/autoware.ai/install/amathutils_lib;/home/capstone/autoware.ai/install/autoware_map_msgs;/home/capstone/autoware.ai/install/autoware_launcher_rviz;/home/capstone/autoware.ai/install/autoware_launcher;/home/capstone/autoware.ai/install/autoware_lanelet2_msgs;/home/capstone/autoware.ai/install/autoware_external_msgs;/home/capstone/autoware.ai/install/autoware_driveworks_gmsl_interface;/home/capstone/autoware.ai/install/autoware_config_msgs;/home/capstone/autoware.ai/install/autoware_can_msgs;/home/capstone/autoware.ai/install/autoware_bag_tools;/home/capstone/autoware.ai/install/adi_driver;/opt/carla-ros-bridge/melodic;/opt/ros/melodic
[0.483s] -- Found PythonInterp: /usr/bin/python2 (found suitable version "2.7.17", minimum required is "2") 
[0.483s] -- Using PYTHON_EXECUTABLE: /usr/bin/python2
[0.483s] -- Using Debian Python package layout
[0.484s] -- Using empy: /usr/bin/empy
[0.828s] -- Using CATKIN_ENABLE_TESTING: ON
[0.828s] -- Call enable_testing()
[0.831s] -- Using CATKIN_TEST_RESULTS_DIR: /home/capstone/autoware.ai/build/autoware_camera_lidar_calibrator/test_results
[0.962s] -- Found gtest sources under '/usr/src/googletest': gtests will be built
[0.963s] -- Found gmock sources under '/usr/src/googletest': gmock will be built
[1.037s] -- Found PythonInterp: /usr/bin/python2 (found version "2.7.17") 
[1.050s] -- Using Python nosetests: /usr/bin/nosetests-2.7
[1.233s] -- catkin 0.7.23
[1.233s] -- BUILD_SHARED_LIBS is on
[2.165s] -- Using these message generators: gencpp;geneus;genlisp;gennodejs;genpy
[4.952s] -- Boost version: 1.65.1
[4.953s] -- Found the following Boost libraries:
[4.953s] --   system
[4.953s] --   filesystem
[4.954s] --   thread
[4.954s] --   date_time
[4.955s] --   iostreams
[4.955s] --   serialization
[4.955s] --   chrono
[4.955s] --   atomic
[4.955s] --   regex
[4.997s] -- Could NOT find ensenso (missing: ENSENSO_LIBRARY ENSENSO_INCLUDE_DIR) 
[5.019s] -- Could NOT find DAVIDSDK (missing: DAVIDSDK_LIBRARY DAVIDSDK_INCLUDE_DIR) 
[5.026s] -- Could NOT find DSSDK (missing: _DSSDK_LIBRARIES) 
[5.161s] -- The imported target "vtkRenderingPythonTkWidgets" references the file
[5.161s]    "/usr/lib/x86_64-linux-gnu/libvtkRenderingPythonTkWidgets.so"
[5.162s] but this file does not exist.  Possible reasons include:
[5.162s] * The file was deleted, renamed, or moved to another location.
[5.162s] * An install or uninstall procedure did not complete successfully.
[5.162s] * The installation package was faulty and contained
[5.162s]    "/usr/lib/cmake/vtk-6.3/VTKTargets.cmake"
[5.163s] but not all the files it references.
[5.163s] 
[5.163s] -- The imported target "vtk" references the file
[5.163s]    "/usr/bin/vtk"
[5.164s] but this file does not exist.  Possible reasons include:
[5.164s] * The file was deleted, renamed, or moved to another location.
[5.164s] * An install or uninstall procedure did not complete successfully.
[5.164s] * The installation package was faulty and contained
[5.164s]    "/usr/lib/cmake/vtk-6.3/VTKTargets.cmake"
[5.164s] but not all the files it references.
[5.165s] 
[5.422s] -- Could NOT find ensenso (missing: ENSENSO_LIBRARY ENSENSO_INCLUDE_DIR) 
[5.443s] -- Could NOT find DAVIDSDK (missing: DAVIDSDK_LIBRARY DAVIDSDK_INCLUDE_DIR) 
[5.450s] -- Could NOT find DSSDK (missing: _DSSDK_LIBRARIES) 
[5.456s] -- Could NOT find RSSDK (missing: _RSSDK_LIBRARIES) 
[5.614s] -- looking for PCL_COMMON
[5.615s] -- looking for PCL_OCTREE
[5.617s] -- looking for PCL_IO
[5.619s] -- looking for PCL_KDTREE
[5.621s] -- looking for PCL_SEARCH
[5.623s] -- looking for PCL_SAMPLE_CONSENSUS
[5.624s] -- looking for PCL_FILTERS
[5.627s] -- looking for PCL_2D
[5.629s] -- looking for PCL_GEOMETRY
[5.630s] -- looking for PCL_FEATURES
[5.633s] -- looking for PCL_ML
[5.634s] -- looking for PCL_SEGMENTATION
[5.637s] -- looking for PCL_VISUALIZATION
[5.640s] -- looking for PCL_SURFACE
[5.642s] -- looking for PCL_REGISTRATION
[5.645s] -- looking for PCL_KEYPOINTS
[5.647s] -- looking for PCL_TRACKING
[5.649s] -- looking for PCL_RECOGNITION
[5.653s] -- looking for PCL_STEREO
[5.654s] -- looking for PCL_APPS
[5.662s] -- looking for PCL_IN_HAND_SCANNER
[5.663s] -- looking for PCL_MODELER
[5.664s] -- looking for PCL_POINT_CLOUD_EDITOR
[5.666s] -- looking for PCL_OUTOFCORE
[5.668s] -- looking for PCL_PEOPLE
[7.281s] -- Configuring done
[7.902s] -- Generating done
[7.964s] -- Build files have been written to: /home/capstone/autoware.ai/build/autoware_camera_lidar_calibrator
[8.242s] [  0%] Built target dynamic_reconfigure_generate_messages_eus
[8.389s] [  0%] Built target std_srvs_generate_messages_lisp
[8.535s] [  0%] Built target std_srvs_generate_messages_eus
[8.686s] [  0%] Built target bond_generate_messages_py
[8.859s] [  0%] Built target bond_generate_messages_nodejs
[9.039s] [  0%] Built target bond_generate_messages_lisp
[9.183s] [  0%] Built target bond_generate_messages_eus
[9.327s] [  0%] Built target std_srvs_generate_messages_nodejs
[9.477s] [  0%] Built target nodelet_generate_messages_py
[9.624s] [  0%] Built target nodelet_generate_messages_nodejs
[9.790s] [  0%] Built target nodelet_generate_messages_eus
[9.998s] [  0%] Built target nodelet_generate_messages_cpp
[10.153s] [  0%] Built target dynamic_reconfigure_gencfg
[10.297s] [  0%] Built target tf2_msgs_generate_messages_py
[10.440s] [  0%] Built target bond_generate_messages_cpp
[10.591s] [  0%] Built target dynamic_reconfigure_generate_messages_nodejs
[10.737s] [  0%] Built target tf2_msgs_generate_messages_cpp
[10.956s] [  0%] Built target dynamic_reconfigure_generate_messages_lisp
[11.101s] [  0%] Built target jsk_recognition_msgs_generate_messages_lisp
[11.248s] [  0%] Built target jsk_recognition_msgs_generate_messages_eus
[11.397s] [  0%] Built target std_msgs_generate_messages_py
[11.551s] [  0%] Built target jsk_recognition_msgs_generate_messages_cpp
[11.700s] [  0%] Built target geometry_msgs_generate_messages_lisp
[11.887s] [  0%] Built target autoware_msgs_generate_messages_eus
[12.054s] [  0%] Built target nodelet_generate_messages_lisp
[12.233s] [  0%] Built target std_msgs_generate_messages_nodejs
[12.376s] [  0%] Built target geometry_msgs_generate_messages_eus
[12.525s] [  0%] Built target std_msgs_generate_messages_cpp
[12.671s] [  0%] Built target jsk_footstep_msgs_generate_messages_py
[12.851s] [  0%] Built target geometry_msgs_generate_messages_py
[13.035s] [  0%] Built target tf2_msgs_generate_messages_eus
[13.200s] [  0%] Built target sensor_msgs_generate_messages_py
[13.342s] [  0%] Built target topic_tools_generate_messages_eus
[13.495s] [  0%] Built target jsk_footstep_msgs_generate_messages_lisp
[13.646s] [  0%] Built target autoware_msgs_generate_messages_nodejs
[13.825s] [  0%] Built target std_srvs_generate_messages_cpp
[13.986s] [  0%] Built target dynamic_reconfigure_generate_messages_py
[14.134s] [  0%] Built target actionlib_msgs_generate_messages_eus
[14.296s] [  0%] Built target tf_generate_messages_eus
[14.444s] [  0%] Built target autoware_msgs_generate_messages_py
[14.587s] [  0%] Built target rosgraph_msgs_generate_messages_lisp
[14.739s] [  0%] Built target rosgraph_msgs_generate_messages_py
[14.991s] [  0%] Built target nodelet_topic_tools_gencfg
[15.139s] [  0%] Built target sensor_msgs_generate_messages_lisp
[15.286s] [  0%] Built target sensor_msgs_generate_messages_eus
[15.432s] [  0%] Built target topic_tools_generate_messages_py
[15.576s] [  0%] Built target roscpp_generate_messages_cpp
[15.723s] [  0%] Built target topic_tools_generate_messages_cpp
[15.931s] [  0%] Built target autoware_msgs_generate_messages_lisp
[16.076s] [  0%] Built target sensor_msgs_generate_messages_cpp
[16.225s] [  0%] Built target pcl_msgs_generate_messages_cpp
[16.377s] [  0%] Built target jsk_recognition_msgs_generate_messages_py
[16.519s] [  0%] Built target std_msgs_generate_messages_lisp
[16.660s] [  0%] Built target autoware_msgs_generate_messages_cpp
[16.838s] [  0%] Built target jsk_footstep_msgs_generate_messages_eus
[17.009s] [  0%] Built target actionlib_generate_messages_lisp
[17.153s] [  0%] Built target _catkin_empty_exported_target
[17.305s] [  0%] Built target roscpp_generate_messages_lisp
[17.451s] [  0%] Built target geometry_msgs_generate_messages_cpp
[17.593s] [  0%] Built target pcl_msgs_generate_messages_eus
[17.738s] [  0%] Built target pcl_msgs_generate_messages_nodejs
[17.925s] [  0%] Built target pcl_msgs_generate_messages_lisp
[18.075s] [  0%] Built target pcl_msgs_generate_messages_py
[18.221s] [  0%] Built target sensor_msgs_generate_messages_nodejs
[18.371s] [  0%] Built target jsk_footstep_msgs_generate_messages_nodejs
[18.521s] [  0%] Built target actionlib_msgs_generate_messages_cpp
[18.668s] [  0%] Built target tf_generate_messages_py
[18.832s] [  0%] Built target std_msgs_generate_messages_eus
[18.999s] [  0%] Built target actionlib_msgs_generate_messages_lisp
[19.142s] [  0%] Built target actionlib_msgs_generate_messages_nodejs
[19.285s] [  0%] Built target actionlib_msgs_generate_messages_py
[19.426s] [  0%] Built target rosgraph_msgs_generate_messages_nodejs
[19.570s] [  0%] Built target roscpp_generate_messages_eus
[19.712s] [  0%] Built target jsk_footstep_msgs_generate_messages_cpp
[19.911s] [  0%] Built target roscpp_generate_messages_nodejs
[20.070s] [  0%] Built target jsk_recognition_msgs_generate_messages_nodejs
[20.216s] [  0%] Built target roscpp_generate_messages_py
[20.359s] [  0%] Built target actionlib_generate_messages_eus
[20.500s] [  0%] Built target rosgraph_msgs_generate_messages_cpp
[20.651s] [  0%] Built target std_srvs_generate_messages_py
[20.840s] [  0%] Built target rosgraph_msgs_generate_messages_eus
[21.012s] [  0%] Built target pcl_ros_gencfg
[21.165s] [  0%] Built target dynamic_reconfigure_generate_messages_cpp
[21.312s] [  0%] Built target geometry_msgs_generate_messages_nodejs
[21.457s] [  0%] Built target topic_tools_generate_messages_lisp
[21.608s] [  0%] Built target topic_tools_generate_messages_nodejs
[21.782s] [  0%] Built target tf_generate_messages_cpp
[21.963s] [  0%] Built target tf_generate_messages_lisp
[22.111s] [  0%] Built target tf_generate_messages_nodejs
[22.268s] [  0%] Built target actionlib_generate_messages_cpp
[22.412s] [  0%] Built target actionlib_generate_messages_nodejs
[22.564s] [  0%] Built target actionlib_generate_messages_py
[22.711s] [  0%] Built target tf2_msgs_generate_messages_lisp
[22.874s] [  0%] Built target tf2_msgs_generate_messages_nodejs
[23.096s] [100%] Built target autoware_camera_lidar_calibration_node
[24.781s] Built target tests
[26.570s] [  0%] Built target dynamic_reconfigure_generate_messages_eus
[26.718s] [  0%] Built target std_srvs_generate_messages_lisp
[26.880s] [  0%] Built target std_srvs_generate_messages_eus
[27.050s] [  0%] Built target bond_generate_messages_py
[27.194s] [  0%] Built target bond_generate_messages_nodejs
[27.339s] [  0%] Built target bond_generate_messages_lisp
[27.482s] [  0%] Built target bond_generate_messages_eus
[27.631s] [  0%] Built target std_srvs_generate_messages_nodejs
[27.789s] [  0%] Built target nodelet_generate_messages_py
[28.004s] [  0%] Built target nodelet_generate_messages_nodejs
[28.147s] [  0%] Built target nodelet_generate_messages_eus
[28.289s] [  0%] Built target nodelet_generate_messages_cpp
[28.433s] [  0%] Built target dynamic_reconfigure_gencfg
[28.576s] [  0%] Built target tf2_msgs_generate_messages_py
[28.726s] [  0%] Built target bond_generate_messages_cpp
[28.909s] [  0%] Built target dynamic_reconfigure_generate_messages_nodejs
[29.076s] [  0%] Built target tf2_msgs_generate_messages_cpp
[29.234s] [  0%] Built target dynamic_reconfigure_generate_messages_lisp
[29.397s] [  0%] Built target jsk_recognition_msgs_generate_messages_lisp
[29.543s] [  0%] Built target jsk_recognition_msgs_generate_messages_eus
[29.687s] [  0%] Built target std_msgs_generate_messages_py
[29.867s] [  0%] Built target jsk_recognition_msgs_generate_messages_cpp
[30.016s] [  0%] Built target geometry_msgs_generate_messages_lisp
[30.165s] [  0%] Built target autoware_msgs_generate_messages_eus
[30.310s] [  0%] Built target nodelet_generate_messages_lisp
[30.454s] [  0%] Built target std_msgs_generate_messages_nodejs
[30.603s] [  0%] Built target geometry_msgs_generate_messages_eus
[30.746s] [  0%] Built target std_msgs_generate_messages_cpp
[30.958s] [  0%] Built target jsk_footstep_msgs_generate_messages_py
[31.099s] [  0%] Built target geometry_msgs_generate_messages_py
[31.242s] [  0%] Built target tf2_msgs_generate_messages_eus
[31.384s] [  0%] Built target sensor_msgs_generate_messages_py
[31.527s] [  0%] Built target topic_tools_generate_messages_eus
[31.673s] [  0%] Built target jsk_footstep_msgs_generate_messages_lisp
[31.895s] [  0%] Built target autoware_msgs_generate_messages_nodejs
[32.095s] [  0%] Built target std_srvs_generate_messages_cpp
[32.243s] [  0%] Built target dynamic_reconfigure_generate_messages_py
[32.387s] [  0%] Built target actionlib_msgs_generate_messages_eus
[32.532s] [  0%] Built target tf_generate_messages_eus
[32.676s] [  0%] Built target autoware_msgs_generate_messages_py
[32.863s] [  0%] Built target rosgraph_msgs_generate_messages_lisp
[33.059s] [  0%] Built target rosgraph_msgs_generate_messages_py
[33.205s] [  0%] Built target nodelet_topic_tools_gencfg
[33.347s] [  0%] Built target sensor_msgs_generate_messages_lisp
[33.486s] [  0%] Built target sensor_msgs_generate_messages_eus
[33.631s] [  0%] Built target topic_tools_generate_messages_py
[33.800s] [  0%] Built target roscpp_generate_messages_cpp
[34.011s] [  0%] Built target topic_tools_generate_messages_cpp
[34.158s] [  0%] Built target autoware_msgs_generate_messages_lisp
[34.305s] [  0%] Built target sensor_msgs_generate_messages_cpp
[34.457s] [  0%] Built target pcl_msgs_generate_messages_cpp
[34.609s] [  0%] Built target jsk_recognition_msgs_generate_messages_py
[34.762s] [  0%] Built target std_msgs_generate_messages_lisp
[34.981s] [  0%] Built target autoware_msgs_generate_messages_cpp
[35.129s] [  0%] Built target jsk_footstep_msgs_generate_messages_eus
[35.270s] [  0%] Built target actionlib_generate_messages_lisp
[35.417s] [  0%] Built target _catkin_empty_exported_target
[35.560s] [  0%] Built target roscpp_generate_messages_lisp
[35.704s] [  0%] Built target geometry_msgs_generate_messages_cpp
[35.964s] [  0%] Built target pcl_msgs_generate_messages_eus
[36.162s] [  0%] Built target pcl_msgs_generate_messages_nodejs
[36.314s] [  0%] Built target pcl_msgs_generate_messages_lisp
[36.459s] [  0%] Built target pcl_msgs_generate_messages_py
[36.611s] [  0%] Built target sensor_msgs_generate_messages_nodejs
[36.765s] [  0%] Built target jsk_footstep_msgs_generate_messages_nodejs
[36.958s] [  0%] Built target actionlib_msgs_generate_messages_cpp
[37.107s] [  0%] Built target tf_generate_messages_py
[37.256s] [  0%] Built target std_msgs_generate_messages_eus
[37.411s] [  0%] Built target actionlib_msgs_generate_messages_lisp
[37.555s] [  0%] Built target actionlib_msgs_generate_messages_nodejs
[37.695s] [  0%] Built target actionlib_msgs_generate_messages_py
[37.860s] [  0%] Built target rosgraph_msgs_generate_messages_nodejs
[38.049s] [  0%] Built target roscpp_generate_messages_eus
[38.200s] [  0%] Built target jsk_footstep_msgs_generate_messages_cpp
[38.356s] [  0%] Built target roscpp_generate_messages_nodejs
[38.512s] [  0%] Built target jsk_recognition_msgs_generate_messages_nodejs
[38.666s] [  0%] Built target roscpp_generate_messages_py
[38.827s] [  0%] Built target actionlib_generate_messages_eus
[39.036s] [  0%] Built target rosgraph_msgs_generate_messages_cpp
[39.184s] [  0%] Built target std_srvs_generate_messages_py
[39.329s] [  0%] Built target rosgraph_msgs_generate_messages_eus
[39.472s] [  0%] Built target pcl_ros_gencfg
[39.617s] [  0%] Built target dynamic_reconfigure_generate_messages_cpp
[39.805s] [  0%] Built target geometry_msgs_generate_messages_nodejs
[40.013s] [  0%] Built target topic_tools_generate_messages_lisp
[40.167s] [  0%] Built target topic_tools_generate_messages_nodejs
[40.334s] [  0%] Built target tf_generate_messages_cpp
[40.477s] [  0%] Built target tf_generate_messages_lisp
[40.619s] [  0%] Built target tf_generate_messages_nodejs
[40.770s] [  0%] Built target actionlib_generate_messages_cpp
[40.946s] [  0%] Built target actionlib_generate_messages_nodejs
[41.099s] [  0%] Built target actionlib_generate_messages_py
[41.242s] [  0%] Built target tf2_msgs_generate_messages_lisp
[41.388s] [  0%] Built target tf2_msgs_generate_messages_nodejs
[41.581s] [100%] Built target autoware_camera_lidar_calibration_node
[41.730s] [36mInstall the project...[0m
[41.810s] -- Install configuration: "Release"
[41.814s] -- Installing: /home/capstone/autoware.ai/install/autoware_camera_lidar_calibrator/lib/pkgconfig/autoware_camera_lidar_calibrator.pc
[41.817s] -- Installing: /home/capstone/autoware.ai/install/autoware_camera_lidar_calibrator/share/autoware_camera_lidar_calibrator/cmake/autoware_camera_lidar_calibratorConfig.cmake
[41.818s] -- Up-to-date: /home/capstone/autoware.ai/install/autoware_camera_lidar_calibrator/share/autoware_camera_lidar_calibrator/cmake/autoware_camera_lidar_calibratorConfig-version.cmake
[41.818s] -- Up-to-date: /home/capstone/autoware.ai/install/autoware_camera_lidar_calibrator/share/autoware_camera_lidar_calibrator/package.xml
[41.831s] + cd /home/capstone/autoware.ai/src/autoware/utilities/autoware_camera_lidar_calibrator
[41.831s] + mkdir -p /home/capstone/autoware.ai/install/autoware_camera_lidar_calibrator/lib/python2.7/dist-packages
[41.849s] + /usr/bin/env PYTHONPATH=/home/capstone/autoware.ai/install/autoware_camera_lidar_calibrator/lib/python2.7/dist-packages:/home/capstone/autoware.ai/build/autoware_camera_lidar_calibrator/lib/python2.7/dist-packages:/home/capstone/autoware.ai/install/autoware_msgs/lib/python2.7/dist-packages:/home/capstone/autoware.ai/install/vector_map_server/lib/python2.7/dist-packages:/home/capstone/autoware.ai/install/vector_map_msgs/lib/python2.7/dist-packages:/home/capstone/autoware.ai/install/tablet_socket_msgs/lib/python2.7/dist-packages:/home/capstone/autoware.ai/install/sick_ldmrs_driver/lib/python2.7/dist-packages:/home/capstone/autoware.ai/install/sick_ldmrs_msgs/lib/python2.7/dist-packages:/home/capstone/autoware.ai/install/points_downsampler/lib/python2.7/dist-packages:/home/capstone/autoware.ai/install/mrt_cmake_modules/lib/python2.7/dist-packages:/home/capstone/autoware.ai/install/lgsvl_simulator_bridge/lib/python2.7/dist-packages:/home/capstone/autoware.ai/install/lanelet2_python/lib/python2.7/dist-packages:/home/capstone/autoware.ai/install/kitti_player/lib/python2.7/dist-packages:/home/capstone/autoware.ai/install/javad_navsat_driver/lib/python2.7/dist-packages:/home/capstone/autoware.ai/install/ds4_msgs/lib/python2.7/dist-packages:/home/capstone/autoware.ai/install/custom_msgs/lib/python2.7/dist-packages:/home/capstone/autoware.ai/install/carla_autoware_bridge/lib/python2.7/dist-packages:/home/capstone/autoware.ai/install/autoware_system_msgs/lib/python2.7/dist-packages:/home/capstone/autoware.ai/install/autoware_camera_lidar_calibrator/lib/python2.7/dist-packages:/home/capstone/autoware.ai/install/autoware_map_msgs/lib/python2.7/dist-packages:/home/capstone/autoware.ai/install/autoware_launcher/lib/python2.7/dist-packages:/home/capstone/autoware.ai/install/autoware_lanelet2_msgs/lib/python2.7/dist-packages:/home/capstone/autoware.ai/install/autoware_config_msgs/lib/python2.7/dist-packages:/home/capstone/autoware.ai/install/autoware_can_msgs/lib/python2.7/dist-packages:/opt/carla-ros-bridge/melodic/lib/python2.7/dist-packages:/opt/ros/melodic/lib/python2.7/dist-packages CATKIN_BINARY_DIR=/home/capstone/autoware.ai/build/autoware_camera_lidar_calibrator /usr/bin/python2 /home/capstone/autoware.ai/src/autoware/utilities/autoware_camera_lidar_calibrator/setup.py build --build-base /home/capstone/autoware.ai/build/autoware_camera_lidar_calibrator install --root=/ --install-layout=deb --prefix=/home/capstone/autoware.ai/install/autoware_camera_lidar_calibrator --install-scripts=/home/capstone/autoware.ai/install/autoware_camera_lidar_calibrator/bin
[42.053s] running build
[42.053s] running build_py
[42.056s] running install
[42.057s] running install_lib
[42.060s] running install_egg_info
[42.061s] Removing /home/capstone/autoware.ai/install/autoware_camera_lidar_calibrator/lib/python2.7/dist-packages/autoware_camera_lidar_calibrator-1.12.0.egg-info
[42.062s] Writing /home/capstone/autoware.ai/install/autoware_camera_lidar_calibrator/lib/python2.7/dist-packages/autoware_camera_lidar_calibrator-1.12.0.egg-info
[42.070s] -- Installing: /home/capstone/autoware.ai/install/autoware_camera_lidar_calibrator/lib/autoware_camera_lidar_calibrator/cameracalibrator.py
[42.072s] -- Installing: /home/capstone/autoware.ai/install/autoware_camera_lidar_calibrator/lib/autoware_camera_lidar_calibrator/cameracheck.py
[42.073s] -- Installing: /home/capstone/autoware.ai/install/autoware_camera_lidar_calibrator/lib/autoware_camera_lidar_calibrator/tarfile_calibration.py
[42.080s] -- Up-to-date: /home/capstone/autoware.ai/install/autoware_camera_lidar_calibrator/lib/autoware_camera_lidar_calibrator/autoware_camera_lidar_calibration_node
[42.081s] -- Up-to-date: /home/capstone/autoware.ai/install/autoware_camera_lidar_calibrator/share/autoware_camera_lidar_calibrator/launch
[42.082s] -- Up-to-date: /home/capstone/autoware.ai/install/autoware_camera_lidar_calibrator/share/autoware_camera_lidar_calibrator/launch/camera_lidar_calibration.launch
[42.082s] -- Up-to-date: /home/capstone/autoware.ai/install/autoware_camera_lidar_calibrator/share/autoware_camera_lidar_calibrator/docs
[42.083s] -- Up-to-date: /home/capstone/autoware.ai/install/autoware_camera_lidar_calibrator/share/autoware_camera_lidar_calibrator/docs/camera_lidar_calibration.jpg
[42.083s] -- Up-to-date: /home/capstone/autoware.ai/install/autoware_camera_lidar_calibrator/share/autoware_camera_lidar_calibrator/docs/camera_calibration.jpg
[42.083s] -- Up-to-date: /home/capstone/autoware.ai/install/autoware_camera_lidar_calibrator/share/autoware_camera_lidar_calibrator/docs/autoware_logo.jpg
