[0.578s] -- The C compiler identification is GNU 7.5.0
[0.832s] -- The CXX compiler identification is GNU 7.5.0
[0.848s] -- Check for working C compiler: /usr/bin/cc
[1.332s] -- Check for working C compiler: /usr/bin/cc -- works
[1.333s] -- Detecting C compiler ABI info
[1.921s] -- Detecting C compiler ABI info - done
[1.934s] -- Detecting C compile features
[3.495s] -- Detecting C compile features - done
[3.514s] -- Check for working CXX compiler: /usr/bin/c++
[4.184s] -- Check for working CXX compiler: /usr/bin/c++ -- works
[4.186s] -- Detecting CXX compiler ABI info
[4.758s] -- Detecting CXX compiler ABI info - done
[4.782s] -- Detecting CXX compile features
[7.167s] -- Detecting CXX compile features - done
[7.174s] -- CUDA compilation status: 1.
[7.220s] -- Using CATKIN_DEVEL_PREFIX: /home/capstone/autoware.ai/build/road_occupancy_processor/devel
[7.221s] -- Using CMAKE_PREFIX_PATH: /home/capstone/autoware.ai/install/vector_map;/home/capstone/autoware.ai/install/vector_map_msgs;/home/capstone/autoware.ai/install/autoware_build_flags;/home/capstone/autoware.ai/install/wf_simulator;/home/capstone/autoware.ai/install/vision_ssd_detect;/home/capstone/autoware.ai/install/vision_segment_enet_detect;/home/capstone/autoware.ai/install/vision_lane_detect;/home/capstone/autoware.ai/install/vision_darknet_detect;/home/capstone/autoware.ai/install/vision_beyond_track;/home/capstone/autoware.ai/install/vel_pose_diff_checker;/home/capstone/autoware.ai/install/vehicle_socket;/home/capstone/autoware.ai/install/vehicle_sim_model;/home/capstone/autoware.ai/install/vehicle_model;/home/capstone/autoware.ai/install/vehicle_gazebo_simulation_launcher;/home/capstone/autoware.ai/install/vehicle_gazebo_simulation_interface;/home/capstone/autoware.ai/install/vehicle_engage_panel;/home/capstone/autoware.ai/install/vehicle_description;/home/capstone/autoware.ai/install/op_ros_helpers;/home/capstone/autoware.ai/install/op_simu;/home/capstone/autoware.ai/install/op_planner;/home/capstone/autoware.ai/install/op_utility;/home/capstone/autoware.ai/install/vector_map_server;/home/capstone/autoware.ai/install/object_map;/home/capstone/autoware.ai/install/lanelet_aisan_converter;/home/capstone/autoware.ai/install/map_file;/home/capstone/autoware.ai/install/libvectormap;/home/capstone/autoware.ai/install/twist_generator;/home/capstone/autoware.ai/install/twist2odom;/home/capstone/autoware.ai/install/runtime_manager;/home/capstone/autoware.ai/install/tablet_socket_msgs;/home/capstone/autoware.ai/install/sound_player;/home/capstone/autoware.ai/install/points2image;/home/capstone/autoware.ai/install/rosinterface;/home/capstone/autoware.ai/install/rosbag_controller;/home/capstone/autoware.ai/install/points_preprocessor;/home/capstone/autoware.ai/install/lidar_localizer;/home/capstone/autoware.ai/install/emergency_handler;/home/capstone/autoware.ai/install/autoware_health_checker;/home/capstone/autoware.ai/install/ros_observer;/home/capstone/autoware.ai/install/range_vision_fusion;/home/capstone/autoware.ai/install/pos_db;/home/capstone/autoware.ai/install/points_downsampler;/home/capstone/autoware.ai/install/pixel_cloud_fusion;/home/capstone/autoware.ai/install/pcl_omp_registration;/home/capstone/autoware.ai/install/pc2_downsampler;/home/capstone/autoware.ai/install/obj_db;/home/capstone/autoware.ai/install/nmea_navsat;/home/capstone/autoware.ai/install/ndt_tku;/home/capstone/autoware.ai/install/ndt_gpu;/home/capstone/autoware.ai/install/ndt_cpu;/home/capstone/autoware.ai/install/multi_lidar_calibrator;/home/capstone/autoware.ai/install/mrt_cmake_modules;/home/capstone/autoware.ai/install/marker_downsampler;/home/capstone/autoware.ai/install/map_tools;/home/capstone/autoware.ai/install/map_tf_generator;/home/capstone/autoware.ai/install/log_tools;/home/capstone/autoware.ai/install/libwaypoint_follower;/home/capstone/autoware.ai/install/lgsvl_simulator_bridge;/home/capstone/autoware.ai/install/lanelet2_extension;/home/capstone/autoware.ai/install/lanelet2_validation;/home/capstone/autoware.ai/install/lanelet2_examples;/home/capstone/autoware.ai/install/lanelet2_python;/home/capstone/autoware.ai/install/lanelet2_routing;/home/capstone/autoware.ai/install/lanelet2_traffic_rules;/home/capstone/autoware.ai/install/lanelet2_projection;/home/capstone/autoware.ai/install/lanelet2_maps;/home/capstone/autoware.ai/install/lanelet2_io;/home/capstone/autoware.ai/install/lanelet2_core;/home/capstone/autoware.ai/install/integrated_viewer;/home/capstone/autoware.ai/install/image_processor;/home/capstone/autoware.ai/install/graph_tools;/home/capstone/autoware.ai/install/gnss_localizer;/home/capstone/autoware.ai/install/gnss;/home/capstone/autoware.ai/install/glviewer;/home/capstone/autoware.ai/install/gazebo_world_description;/home/capstone/autoware.ai/install/gazebo_imu_description;/home/capstone/autoware.ai/install/gazebo_camera_description;/home/capstone/autoware.ai/install/fastvirtualscan;/home/capstone/autoware.ai/install/ekf_localizer;/home/capstone/autoware.ai/install/detected_objects_visualizer;/home/capstone/autoware.ai/install/decision_maker_panel;/home/capstone/autoware.ai/install/data_preprocessor;/home/capstone/autoware.ai/install/carla_autoware_bridge;/home/capstone/autoware.ai/install/calibration_publisher;/home/capstone/autoware.ai/install/autoware_system_msgs;/home/capstone/autoware.ai/install/autoware_rviz_plugins;/home/capstone/autoware.ai/install/autoware_quickstart_examples;/home/capstone/autoware.ai/install/autoware_pointgrey_drivers;/home/capstone/autoware.ai/install/autoware_driveworks_interface;/home/capstone/autoware.ai/install/autoware_connector;/home/capstone/autoware.ai/install/autoware_camera_lidar_calibrator;/home/capstone/autoware.ai/install/amathutils_lib;/home/capstone/autoware.ai/install/autoware_msgs;/home/capstone/autoware.ai/install/autoware_map_msgs;/home/capstone/autoware.ai/install/autoware_launcher_rviz;/home/capstone/autoware.ai/install/autoware_launcher;/home/capstone/autoware.ai/install/autoware_lanelet2_msgs;/home/capstone/autoware.ai/install/autoware_external_msgs;/home/capstone/autoware.ai/install/autoware_driveworks_gmsl_interface;/home/capstone/autoware.ai/install/autoware_config_msgs;/home/capstone/autoware.ai/install/autoware_can_msgs;/home/capstone/autoware.ai/install/autoware_bag_tools;/opt/carla-ros-bridge/melodic;/opt/ros/melodic
[7.229s] -- This workspace overlays: /home/capstone/autoware.ai/install/vector_map;/home/capstone/autoware.ai/install/vector_map_msgs;/home/capstone/autoware.ai/install/autoware_build_flags;/home/capstone/autoware.ai/install/vision_ssd_detect;/home/capstone/autoware.ai/install/vision_segment_enet_detect;/home/capstone/autoware.ai/install/vision_lane_detect;/home/capstone/autoware.ai/install/vehicle_socket;/home/capstone/autoware.ai/install/vehicle_sim_model;/home/capstone/autoware.ai/install/vehicle_model;/home/capstone/autoware.ai/install/vehicle_gazebo_simulation_launcher;/home/capstone/autoware.ai/install/vehicle_gazebo_simulation_interface;/home/capstone/autoware.ai/install/vehicle_engage_panel;/home/capstone/autoware.ai/install/vehicle_description;/home/capstone/autoware.ai/install/op_simu;/home/capstone/autoware.ai/install/op_planner;/home/capstone/autoware.ai/install/op_utility;/home/capstone/autoware.ai/install/vector_map_server;/home/capstone/autoware.ai/install/libvectormap;/home/capstone/autoware.ai/install/twist2odom;/home/capstone/autoware.ai/install/runtime_manager;/home/capstone/autoware.ai/install/tablet_socket_msgs;/home/capstone/autoware.ai/install/sound_player;/home/capstone/autoware.ai/install/rosinterface;/home/capstone/autoware.ai/install/rosbag_controller;/home/capstone/autoware.ai/install/autoware_health_checker;/home/capstone/autoware.ai/install/ros_observer;/home/capstone/autoware.ai/install/range_vision_fusion;/home/capstone/autoware.ai/install/pos_db;/home/capstone/autoware.ai/install/points_downsampler;/home/capstone/autoware.ai/install/pixel_cloud_fusion;/home/capstone/autoware.ai/install/pcl_omp_registration;/home/capstone/autoware.ai/install/pc2_downsampler;/home/capstone/autoware.ai/install/obj_db;/home/capstone/autoware.ai/install/nmea_navsat;/home/capstone/autoware.ai/install/ndt_tku;/home/capstone/autoware.ai/install/ndt_gpu;/home/capstone/autoware.ai/install/ndt_cpu;/home/capstone/autoware.ai/install/multi_lidar_calibrator;/home/capstone/autoware.ai/install/mrt_cmake_modules;/home/capstone/autoware.ai/install/marker_downsampler;/home/capstone/autoware.ai/install/map_tools;/home/capstone/autoware.ai/install/map_tf_generator;/home/capstone/autoware.ai/install/log_tools;/home/capstone/autoware.ai/install/libwaypoint_follower;/home/capstone/autoware.ai/install/lgsvl_simulator_bridge;/home/capstone/autoware.ai/install/lanelet2_traffic_rules;/home/capstone/autoware.ai/install/lanelet2_projection;/home/capstone/autoware.ai/install/lanelet2_maps;/home/capstone/autoware.ai/install/lanelet2_io;/home/capstone/autoware.ai/install/lanelet2_core;/home/capstone/autoware.ai/install/integrated_viewer;/home/capstone/autoware.ai/install/image_processor;/home/capstone/autoware.ai/install/graph_tools;/home/capstone/autoware.ai/install/gnss_localizer;/home/capstone/autoware.ai/install/gnss;/home/capstone/autoware.ai/install/glviewer;/home/capstone/autoware.ai/install/gazebo_world_description;/home/capstone/autoware.ai/install/gazebo_imu_description;/home/capstone/autoware.ai/install/gazebo_camera_description;/home/capstone/autoware.ai/install/fastvirtualscan;/home/capstone/autoware.ai/install/detected_objects_visualizer;/home/capstone/autoware.ai/install/decision_maker_panel;/home/capstone/autoware.ai/install/data_preprocessor;/home/capstone/autoware.ai/install/carla_autoware_bridge;/home/capstone/autoware.ai/install/calibration_publisher;/home/capstone/autoware.ai/install/autoware_system_msgs;/home/capstone/autoware.ai/install/autoware_rviz_plugins;/home/capstone/autoware.ai/install/autoware_quickstart_examples;/home/capstone/autoware.ai/install/autoware_pointgrey_drivers;/home/capstone/autoware.ai/install/autoware_driveworks_interface;/home/capstone/autoware.ai/install/autoware_connector;/home/capstone/autoware.ai/install/autoware_camera_lidar_calibrator;/home/capstone/autoware.ai/install/amathutils_lib;/home/capstone/autoware.ai/install/autoware_msgs;/home/capstone/autoware.ai/install/autoware_map_msgs;/home/capstone/autoware.ai/install/autoware_launcher_rviz;/home/capstone/autoware.ai/install/autoware_launcher;/home/capstone/autoware.ai/install/autoware_lanelet2_msgs;/home/capstone/autoware.ai/install/autoware_external_msgs;/home/capstone/autoware.ai/install/autoware_driveworks_gmsl_interface;/home/capstone/autoware.ai/install/autoware_config_msgs;/home/capstone/autoware.ai/install/autoware_can_msgs;/home/capstone/autoware.ai/install/autoware_bag_tools;/opt/carla-ros-bridge/melodic;/opt/ros/melodic
[7.328s] -- Found PythonInterp: /usr/bin/python2 (found suitable version "2.7.17", minimum required is "2") 
[7.329s] -- Using PYTHON_EXECUTABLE: /usr/bin/python2
[7.329s] -- Using Debian Python package layout
[7.335s] -- Using empy: /usr/bin/empy
[7.821s] -- Using CATKIN_ENABLE_TESTING: ON
[7.823s] -- Call enable_testing()
[7.842s] -- Using CATKIN_TEST_RESULTS_DIR: /home/capstone/autoware.ai/build/road_occupancy_processor/test_results
[7.973s] -- Found gtest sources under '/usr/src/googletest': gtests will be built
[7.974s] -- Found gmock sources under '/usr/src/googletest': gmock will be built
[8.090s] -- Found PythonInterp: /usr/bin/python2 (found version "2.7.17") 
[8.094s] -- Looking for pthread.h
[8.708s] -- Looking for pthread.h - found
[8.710s] -- Looking for pthread_create
[9.253s] -- Looking for pthread_create - not found
[9.254s] -- Looking for pthread_create in pthreads
[9.799s] -- Looking for pthread_create in pthreads - not found
[9.800s] -- Looking for pthread_create in pthread
[10.326s] -- Looking for pthread_create in pthread - found
[10.328s] -- Found Threads: TRUE  
[10.339s] -- Using Python nosetests: /usr/bin/nosetests-2.7
[10.571s] -- catkin 0.7.23
[10.571s] -- BUILD_SHARED_LIBS is on
[13.125s] -- Using these message generators: gencpp;geneus;genlisp;gennodejs;genpy
[17.124s] -- Found OpenCV: /usr (found version "3.2.0") 
[17.193s] -- Checking for module 'eigen3'
[17.390s] --   Found eigen3, version 3.3.7
[18.122s] -- Found eigen: /usr/local/include/eigen3  
[18.780s] -- Boost version: 1.65.1
[18.781s] -- Found the following Boost libraries:
[18.781s] --   system
[18.781s] --   filesystem
[18.782s] --   thread
[18.782s] --   date_time
[18.782s] --   iostreams
[18.783s] --   serialization
[18.783s] --   chrono
[18.783s] --   atomic
[18.783s] --   regex
[18.790s] -- Checking for module 'libopenni'
[19.010s] --   Found libopenni, version 1.5.4.0
[19.612s] -- Found openni: /usr/lib/libOpenNI.so  
[19.614s] -- Checking for module 'libopenni2'
[19.836s] --   Found libopenni2, version 2.2.0.3
[20.427s] -- Found OpenNI2: /usr/lib/libOpenNI2.so  
[20.462s] -- Could NOT find ensenso (missing: ENSENSO_LIBRARY ENSENSO_INCLUDE_DIR) 
[20.479s] -- Could NOT find DAVIDSDK (missing: DAVIDSDK_LIBRARY DAVIDSDK_INCLUDE_DIR) 
[20.486s] -- Could NOT find DSSDK (missing: _DSSDK_LIBRARIES) 
[20.638s] -- The imported target "vtkRenderingPythonTkWidgets" references the file
[20.638s]    "/usr/lib/x86_64-linux-gnu/libvtkRenderingPythonTkWidgets.so"
[20.638s] but this file does not exist.  Possible reasons include:
[20.638s] * The file was deleted, renamed, or moved to another location.
[20.639s] * An install or uninstall procedure did not complete successfully.
[20.639s] * The installation package was faulty and contained
[20.639s]    "/usr/lib/cmake/vtk-6.3/VTKTargets.cmake"
[20.639s] but not all the files it references.
[20.639s] 
[20.640s] -- The imported target "vtk" references the file
[20.640s]    "/usr/bin/vtk"
[20.640s] but this file does not exist.  Possible reasons include:
[20.640s] * The file was deleted, renamed, or moved to another location.
[20.640s] * An install or uninstall procedure did not complete successfully.
[20.640s] * The installation package was faulty and contained
[20.641s]    "/usr/lib/cmake/vtk-6.3/VTKTargets.cmake"
[20.641s] but not all the files it references.
[20.641s] 
[20.895s] -- Found libusb-1.0: /usr/include  
[20.897s] -- Checking for module 'flann'
[21.104s] --   Found flann, version 1.9.1
[21.672s] -- Found Flann: /usr/lib/x86_64-linux-gnu/libflann_cpp_s.a  
[21.806s] -- Could NOT find ensenso (missing: ENSENSO_LIBRARY ENSENSO_INCLUDE_DIR) 
[21.826s] -- Could NOT find DAVIDSDK (missing: DAVIDSDK_LIBRARY DAVIDSDK_INCLUDE_DIR) 
[21.831s] -- Could NOT find DSSDK (missing: _DSSDK_LIBRARIES) 
[21.836s] -- Could NOT find RSSDK (missing: _RSSDK_LIBRARIES) 
[21.980s] -- Found qhull: /usr/lib/x86_64-linux-gnu/libqhull.so  
[22.061s] -- looking for PCL_COMMON
[22.065s] -- Found PCL_COMMON: /usr/lib/x86_64-linux-gnu/libpcl_common.so  
[22.066s] -- looking for PCL_OCTREE
[22.069s] -- Found PCL_OCTREE: /usr/lib/x86_64-linux-gnu/libpcl_octree.so  
[22.071s] -- looking for PCL_IO
[22.074s] -- Found PCL_IO: /usr/lib/x86_64-linux-gnu/libpcl_io.so  
[22.075s] -- looking for PCL_KDTREE
[22.078s] -- Found PCL_KDTREE: /usr/lib/x86_64-linux-gnu/libpcl_kdtree.so  
[22.079s] -- looking for PCL_SEARCH
[22.082s] -- Found PCL_SEARCH: /usr/lib/x86_64-linux-gnu/libpcl_search.so  
[22.083s] -- looking for PCL_SAMPLE_CONSENSUS
[22.086s] -- Found PCL_SAMPLE_CONSENSUS: /usr/lib/x86_64-linux-gnu/libpcl_sample_consensus.so  
[22.087s] -- looking for PCL_FILTERS
[22.091s] -- Found PCL_FILTERS: /usr/lib/x86_64-linux-gnu/libpcl_filters.so  
[22.092s] -- looking for PCL_2D
[22.094s] -- Found PCL_2D: /usr/include/pcl-1.8  
[22.095s] -- looking for PCL_GEOMETRY
[22.097s] -- Found PCL_GEOMETRY: /usr/include/pcl-1.8  
[22.098s] -- looking for PCL_FEATURES
[22.101s] -- Found PCL_FEATURES: /usr/lib/x86_64-linux-gnu/libpcl_features.so  
[22.103s] -- looking for PCL_ML
[22.107s] -- Found PCL_ML: /usr/lib/x86_64-linux-gnu/libpcl_ml.so  
[22.108s] -- looking for PCL_SEGMENTATION
[22.112s] -- Found PCL_SEGMENTATION: /usr/lib/x86_64-linux-gnu/libpcl_segmentation.so  
[22.114s] -- looking for PCL_VISUALIZATION
[22.117s] -- Found PCL_VISUALIZATION: /usr/lib/x86_64-linux-gnu/libpcl_visualization.so  
[22.119s] -- looking for PCL_SURFACE
[22.123s] -- Found PCL_SURFACE: /usr/lib/x86_64-linux-gnu/libpcl_surface.so  
[22.124s] -- looking for PCL_REGISTRATION
[22.129s] -- Found PCL_REGISTRATION: /usr/lib/x86_64-linux-gnu/libpcl_registration.so  
[22.130s] -- looking for PCL_KEYPOINTS
[22.135s] -- Found PCL_KEYPOINTS: /usr/lib/x86_64-linux-gnu/libpcl_keypoints.so  
[22.136s] -- looking for PCL_TRACKING
[22.141s] -- Found PCL_TRACKING: /usr/lib/x86_64-linux-gnu/libpcl_tracking.so  
[22.142s] -- looking for PCL_RECOGNITION
[22.146s] -- Found PCL_RECOGNITION: /usr/lib/x86_64-linux-gnu/libpcl_recognition.so  
[22.149s] -- looking for PCL_STEREO
[22.152s] -- Found PCL_STEREO: /usr/lib/x86_64-linux-gnu/libpcl_stereo.so  
[22.153s] -- looking for PCL_APPS
[22.156s] -- Found PCL_APPS: /usr/lib/x86_64-linux-gnu/libpcl_apps.so  
[22.161s] -- looking for PCL_IN_HAND_SCANNER
[22.163s] -- Found PCL_IN_HAND_SCANNER: /usr/include/pcl-1.8  
[22.164s] -- looking for PCL_MODELER
[22.165s] -- Found PCL_MODELER: /usr/include/pcl-1.8  
[22.165s] -- looking for PCL_POINT_CLOUD_EDITOR
[22.167s] -- Found PCL_POINT_CLOUD_EDITOR: /usr/include/pcl-1.8  
[22.168s] -- looking for PCL_OUTOFCORE
[22.171s] -- Found PCL_OUTOFCORE: /usr/lib/x86_64-linux-gnu/libpcl_outofcore.so  
[22.172s] -- looking for PCL_PEOPLE
[22.176s] -- Found PCL_PEOPLE: /usr/lib/x86_64-linux-gnu/libpcl_people.so  
[22.256s] -- Found PCL: /usr/lib/x86_64-linux-gnu/libboost_system.so;/usr/lib/x86_64-linux-gnu/libboost_filesystem.so;/usr/lib/x86_64-linux-gnu/libboost_thread.so;/usr/lib/x86_64-linux-gnu/libboost_date_time.so;/usr/lib/x86_64-linux-gnu/libboost_iostreams.so;/usr/lib/x86_64-linux-gnu/libboost_serialization.so;/usr/lib/x86_64-linux-gnu/libboost_chrono.so;/usr/lib/x86_64-linux-gnu/libboost_atomic.so;/usr/lib/x86_64-linux-gnu/libboost_regex.so;/usr/lib/x86_64-linux-gnu/libpthread.so;optimized;/usr/lib/x86_64-linux-gnu/libpcl_common.so;debug;/usr/lib/x86_64-linux-gnu/libpcl_common.so;optimized;/usr/lib/x86_64-linux-gnu/libpcl_octree.so;debug;/usr/lib/x86_64-linux-gnu/libpcl_octree.so;/usr/lib/libOpenNI.so;/usr/lib/libOpenNI2.so;vtkChartsCore;vtkCommonColor;vtkCommonDataModel;vtkCommonMath;vtkCommonCore;vtksys;vtkCommonMisc;vtkCommonSystem;vtkCommonTransforms;vtkInfovisCore;vtkFiltersExtraction;vtkCommonExecutionModel;vtkFiltersCore;vtkFiltersGeneral;vtkCommonComputationalGeometry;vtkFiltersStatistics;vtkImagingFourier;vtkImagingCore;vtkalglib;vtkRenderingContext2D;vtkRenderingCore;vtkFiltersGeometry;vtkFiltersSources;vtkRenderingFreeType;/usr/lib/x86_64-linux-gnu/libfreetype.so;/usr/lib/x86_64-linux-gnu/libz.so;vtkftgl;vtkDICOMParser;vtkDomainsChemistry;vtkIOXML;vtkIOGeometry;vtkIOCore;vtkIOXMLParser;/usr/lib/x86_64-linux-gnu/libexpat.so;vtkFiltersAMR;vtkParallelCore;vtkIOLegacy;vtkFiltersFlowPaths;vtkFiltersGeneric;vtkFiltersHybrid;vtkImagingSources;vtkFiltersHyperTree;vtkFiltersImaging;vtkImagingGeneral;vtkFiltersModeling;vtkFiltersParallel;vtkFiltersParallelFlowPaths;vtkParallelMPI;vtkFiltersParallelGeometry;vtkFiltersParallelImaging;vtkFiltersParallelMPI;vtkFiltersParallelStatistics;vtkFiltersProgrammable;vtkFiltersPython;/usr/lib/x86_64-linux-gnu/libpython2.7.so;vtkWrappingPythonCore;vtkWrappingTools;vtkFiltersReebGraph;vtkFiltersSMP;vtkFiltersSelection;vtkFiltersTexture;vtkFiltersVerdict;verdict;vtkGUISupportQt;vtkInteractionStyle;vtkRenderingOpenGL;vtkImagingHybrid;vtkIOImage;vtkmetaio;/usr/lib/x86_64-linux-gnu/libjpeg.so;/usr/lib/x86_64-linux-gnu/libpng.so;/usr/lib/x86_64-linux-gnu/libtiff.so;vtkGUISupportQtOpenGL;vtkGUISupportQtSQL;vtkIOSQL;sqlite3;vtkGUISupportQtWebkit;vtkViewsQt;vtkViewsInfovis;vtkInfovisLayout;vtkInfovisBoostGraphAlgorithms;vtkRenderingLabel;vtkViewsCore;vtkInteractionWidgets;vtkRenderingAnnotation;vtkImagingColor;vtkRenderingVolume;vtkGeovisCore;/usr/lib/x86_64-linux-gnu/libproj.so;vtkIOAMR;/usr/lib/x86_64-linux-gnu/hdf5/openmpi/libhdf5.so;/usr/lib/x86_64-linux-gnu/libsz.so;/usr/lib/x86_64-linux-gnu/libdl.so;/usr/lib/x86_64-linux-gnu/libm.so;/usr/lib/x86_64-linux-gnu/openmpi/lib/libmpi.so;vtkIOEnSight;vtkIOExodus;vtkexoIIc;/usr/lib/x86_64-linux-gnu/libnetcdf_c++.so;/usr/lib/x86_64-linux-gnu/libnetcdf.so;vtkIOExport;vtkRenderingGL2PS;vtkRenderingContextOpenGL;/usr/lib/x86_64-linux-gnu/libgl2ps.so;vtkIOFFMPEG;vtkIOMovie;/usr/lib/x86_64-linux-gnu/libtheoraenc.so;/usr/lib/x86_64-linux-gnu/libtheoradec.so;/usr/lib/x86_64-linux-gnu/libogg.so;vtkIOGDAL;vtkIOGeoJSON;vtkIOImport;vtkIOInfovis;/usr/lib/x86_64-linux-gnu/libxml2.so;vtkIOLSDyna;vtkIOMINC;vtkIOMPIImage;vtkIOMPIParallel;vtkIOParallel;vtkIONetCDF;/usr/lib/x86_64-linux-gnu/libjsoncpp.so;vtkIOMySQL;vtkIOODBC;vtkIOPLY;vtkIOParallelExodus;vtkIOParallelLSDyna;vtkIOParallelNetCDF;vtkIOParallelXML;vtkIOPostgreSQL;vtkIOVPIC;VPIC;vtkIOVideo;vtkIOXdmf2;vtkxdmf2;vtkImagingMath;vtkImagingMorphological;vtkImagingStatistics;vtkImagingStencil;vtkInteractionImage;vtkLocalExample;vtkParallelMPI4Py;vtkPythonInterpreter;vtkRenderingExternal;vtkRenderingFreeTypeFontConfig;vtkRenderingImage;vtkRenderingLIC;vtkRenderingLOD;vtkRenderingMatplotlib;vtkRenderingParallel;vtkRenderingParallelLIC;vtkRenderingQt;vtkRenderingVolumeAMR;vtkRenderingVolumeOpenGL;vtkTestingGenericBridge;vtkTestingIOSQL;vtkTestingRendering;vtkViewsContext2D;vtkViewsGeovis;vtkWrappingJava;optimized;/usr/lib/x86_64-linux-gnu/libpcl_io.so;debug;/usr/lib/x86_64-linux-gnu/libpcl_io.so;optimized;/usr/lib/x86_64-linux-gnu/libflann_cpp_s.a;debug;/usr/lib/x86_64-linux-gnu/libflann_cpp_s.a;optimized;/usr/lib/x86_64-linux-gnu/libpcl_kdtree.so;debug;/usr/lib/x86_64-linux-gnu/libpcl_kdtree.so;optimized;/usr/lib/x86_64-linux-gnu/libpcl_search.so;debug;/usr/lib/x86_64-linux-gnu/libpcl_search.so;optimized;/usr/lib/x86_64-linux-gnu/libpcl_sample_consensus.so;debug;/usr/lib/x86_64-linux-gnu/libpcl_sample_consensus.so;optimized;/usr/lib/x86_64-linux-gnu/libpcl_filters.so;debug;/usr/lib/x86_64-linux-gnu/libpcl_filters.so;optimized;/usr/lib/x86_64-linux-gnu/libpcl_features.so;debug;/usr/lib/x86_64-linux-gnu/libpcl_features.so;optimized;/usr/lib/x86_64-linux-gnu/libpcl_ml.so;debug;/usr/lib/x86_64-linux-gnu/libpcl_ml.so;optimized;/usr/lib/x86_64-linux-gnu/libpcl_segmentation.so;debug;/usr/lib/x86_64-linux-gnu/libpcl_segmentation.so;optimized;/usr/lib/x86_64-linux-gnu/libpcl_visualization.so;debug;/usr/lib/x86_64-linux-gnu/libpcl_visualization.so;optimized;/usr/lib/x86_64-linux-gnu/libqhull.so;debug;/usr/lib/x86_64-linux-gnu/libqhull.so;optimized;/usr/lib/x86_64-linux-gnu/libpcl_surface.so;debug;/usr/lib/x86_64-linux-gnu/libpcl_surface.so;optimized;/usr/lib/x86_64-linux-gnu/libpcl_registration.so;debug;/usr/lib/x86_64-linux-gnu/libpcl_registration.so;optimized;/usr/lib/x86_64-linux-gnu/libpcl_keypoints.so;debug;/usr/lib/x86_64-linux-gnu/libpcl_keypoints.so;optimized;/usr/lib/x86_64-linux-gnu/libpcl_tracking.so;debug;/usr/lib/x86_64-linux-gnu/libpcl_tracking.so;optimized;/usr/lib/x86_64-linux-gnu/libpcl_recognition.so;debug;/usr/lib/x86_64-linux-gnu/libpcl_recognition.so;optimized;/usr/lib/x86_64-linux-gnu/libpcl_stereo.so;debug;/usr/lib/x86_64-linux-gnu/libpcl_stereo.so;optimized;/usr/lib/x86_64-linux-gnu/libpcl_apps.so;debug;/usr/lib/x86_64-linux-gnu/libpcl_apps.so;optimized;/usr/lib/x86_64-linux-gnu/libpcl_outofcore.so;debug;/usr/lib/x86_64-linux-gnu/libpcl_outofcore.so;optimized;/usr/lib/x86_64-linux-gnu/libpcl_people.so;debug;/usr/lib/x86_64-linux-gnu/libpcl_people.so;/usr/lib/x86_64-linux-gnu/libboost_system.so;/usr/lib/x86_64-linux-gnu/libboost_filesystem.so;/usr/lib/x86_64-linux-gnu/libboost_thread.so;/usr/lib/x86_64-linux-gnu/libboost_date_time.so;/usr/lib/x86_64-linux-gnu/libboost_iostreams.so;/usr/lib/x86_64-linux-gnu/libboost_serialization.so;/usr/lib/x86_64-linux-gnu/libboost_chrono.so;/usr/lib/x86_64-linux-gnu/libboost_atomic.so;/usr/lib/x86_64-linux-gnu/libboost_regex.so;/usr/lib/x86_64-linux-gnu/libpthread.so;optimized;/usr/lib/x86_64-linux-gnu/libqhull.so;debug;/usr/lib/x86_64-linux-gnu/libqhull.so;/usr/lib/libOpenNI.so;/usr/lib/libOpenNI2.so;optimized;/usr/lib/x86_64-linux-gnu/libflann_cpp_s.a;debug;/usr/lib/x86_64-linux-gnu/libflann_cpp_s.a;vtkChartsCore;vtkCommonColor;vtkCommonDataModel;vtkCommonMath;vtkCommonCore;vtksys;vtkCommonMisc;vtkCommonSystem;vtkCommonTransforms;vtkInfovisCore;vtkFiltersExtraction;vtkCommonExecutionModel;vtkFiltersCore;vtkFiltersGeneral;vtkCommonComputationalGeometry;vtkFiltersStatistics;vtkImagingFourier;vtkImagingCore;vtkalglib;vtkRenderingContext2D;vtkRenderingCore;vtkFiltersGeometry;vtkFiltersSources;vtkRenderingFreeType;/usr/lib/x86_64-linux-gnu/libfreetype.so;/usr/lib/x86_64-linux-gnu/libz.so;vtkftgl;vtkDICOMParser;vtkDomainsChemistry;vtkIOXML;vtkIOGeometry;vtkIOCore;vtkIOXMLParser;/usr/lib/x86_64-linux-gnu/libexpat.so;vtkFiltersAMR;vtkParallelCore;vtkIOLegacy;vtkFiltersFlowPaths;vtkFiltersGeneric;vtkFiltersHybrid;vtkImagingSources;vtkFiltersHyperTree;vtkFiltersImaging;vtkImagingGeneral;vtkFiltersModeling;vtkFiltersParallel;vtkFiltersParallelFlowPaths;vtkParallelMPI;vtkFiltersParallelGeometry;vtkFiltersParallelImaging;vtkFiltersParallelMPI;vtkFiltersParallelStatistics;vtkFiltersProgrammable;vtkFiltersPython;/usr/lib/x86_64-linux-gnu/libpython2.7.so;vtkWrappingPythonCore;vtkWrappingTools;vtkFiltersReebGraph;vtkFiltersSMP;vtkFiltersSelection;vtkFiltersTexture;vtkFiltersVerdict;verdict;vtkGUISupportQt;vtkInteractionStyle;vtkRenderingOpenGL;vtkImagingHybrid;vtkIOImage;vtkmetaio;/usr/lib/x86_64-linux-gnu/libjpeg.so;/usr/lib/x86_64-linux-gnu/libpng.so;/usr/lib/x86_64-linux-gnu/libtiff.so;vtkGUISupportQtOpenGL;vtkGUISupportQtSQL;vtkIOSQL;sqlite3;vtkGUISupportQtWebkit;vtkViewsQt;vtkViewsInfovis;vtkInfovisLayout;vtkInfovisBoostGraphAlgorithms;vtkRenderingLabel;vtkViewsCore;vtkInteractionWidgets;vtkRenderingAnnotation;vtkImagingColor;vtkRenderingVolume;vtkGeovisCore;/usr/lib/x86_64-linux-gnu/libproj.so;vtkIOAMR;/usr/lib/x86_64-linux-gnu/hdf5/openmpi/libhdf5.so;/usr/lib/x86_64-linux-gnu/libsz.so;/usr/lib/x86_64-linux-gnu/libdl.so;/usr/lib/x86_64-linux-gnu/libm.so;/usr/lib/x86_64-linux-gnu/openmpi/lib/libmpi.so;vtkIOEnSight;vtkIOExodus;vtkexoIIc;/usr/lib/x86_64-linux-gnu/libnetcdf_c++.so;/usr/lib/x86_64-linux-gnu/libnetcdf.so;vtkIOExport;vtkRenderingGL2PS;vtkRenderingContextOpenGL;/usr/lib/x86_64-linux-gnu/libgl2ps.so;vtkIOFFMPEG;vtkIOMovie;/usr/lib/x86_64-linux-gnu/libtheoraenc.so;/usr/lib/x86_64-linux-gnu/libtheoradec.so;/usr/lib/x86_64-linux-gnu/libogg.so;vtkIOGDAL;vtkIOGeoJSON;vtkIOImport;vtkIOInfovis;/usr/lib/x86_64-linux-gnu/libxml2.so;vtkIOLSDyna;vtkIOMINC;vtkIOMPIImage;vtkIOMPIParallel;vtkIOParallel;vtkIONetCDF;/usr/lib/x86_64-linux-gnu/libjsoncpp.so;vtkIOMySQL;vtkIOODBC;vtkIOPLY;vtkIOParallelExodus;vtkIOParallelLSDyna;vtkIOParallelNetCDF;vtkIOParallelXML;vtkIOPostgreSQL;vtkIOVPIC;VPIC;vtkIOVideo;vtkIOXdmf2;vtkxdmf2;vtkImagingMath;vtkImagingMorphological;vtkImagingStatistics;vtkImagingStencil;vtkInteractionImage;vtkLocalExample;vtkParallelMPI4Py;vtkPythonInterpreter;vtkRenderingExternal;vtkRenderingFreeTypeFontConfig;vtkRenderingImage;vtkRenderingLIC;vtkRenderingLOD;vtkRenderingMatplotlib;vtkRenderingParallel;vtkRenderingParallelLIC;vtkRenderingQt;vtkRenderingVolumeAMR;vtkRenderingVolumeOpenGL;vtkTestingGenericBridge;vtkTestingIOSQL;vtkTestingRendering;vtkViewsContext2D;vtkViewsGeovis;vtkWrappingJava  
[24.619s] -- Found OpenMP_C: -fopenmp (found version "4.5") 
[25.271s] -- Found OpenMP_CXX: -fopenmp (found version "4.5") 
[25.273s] -- Found OpenMP: TRUE (found version "4.5")  
[26.035s] -- Configuring done
[26.758s] -- Generating done
[26.825s] -- Build files have been written to: /home/capstone/autoware.ai/build/road_occupancy_processor
[27.422s] [35m[1mScanning dependencies of target tf_generate_messages_nodejs[0m
[27.539s] [  0%] Built target tf_generate_messages_nodejs
[27.645s] [35m[1mScanning dependencies of target dynamic_reconfigure_generate_messages_cpp[0m
[27.775s] [  0%] Built target dynamic_reconfigure_generate_messages_cpp
[27.927s] [35m[1mScanning dependencies of target pcl_ros_gencfg[0m
[28.110s] [  0%] Built target pcl_ros_gencfg
[28.277s] [35m[1mScanning dependencies of target pcl_msgs_generate_messages_py[0m
[28.442s] [  0%] Built target pcl_msgs_generate_messages_py
[28.578s] [35m[1mScanning dependencies of target vector_map_msgs_generate_messages_lisp[0m
[28.732s] [  0%] Built target vector_map_msgs_generate_messages_lisp
[28.908s] [35m[1mScanning dependencies of target pcl_msgs_generate_messages_nodejs[0m
[29.079s] [  0%] Built target pcl_msgs_generate_messages_nodejs
[29.206s] [35m[1mScanning dependencies of target pcl_msgs_generate_messages_lisp[0m
[29.329s] [  0%] Built target pcl_msgs_generate_messages_lisp
[29.430s] [35m[1mScanning dependencies of target pcl_msgs_generate_messages_eus[0m
[29.560s] [  0%] Built target pcl_msgs_generate_messages_eus
[29.680s] [35m[1mScanning dependencies of target pcl_msgs_generate_messages_cpp[0m
[29.817s] [  0%] Built target pcl_msgs_generate_messages_cpp
[29.917s] [35m[1mScanning dependencies of target visualization_msgs_generate_messages_nodejs[0m
[30.065s] [  0%] Built target visualization_msgs_generate_messages_nodejs
[30.198s] [35m[1mScanning dependencies of target visualization_msgs_generate_messages_lisp[0m
[30.305s] [  0%] Built target visualization_msgs_generate_messages_lisp
[30.420s] [35m[1mScanning dependencies of target bond_generate_messages_cpp[0m
[30.537s] [  0%] Built target bond_generate_messages_cpp
[30.689s] [35m[1mScanning dependencies of target dynamic_reconfigure_generate_messages_nodejs[0m
[30.855s] [  0%] Built target dynamic_reconfigure_generate_messages_nodejs
[30.984s] [35m[1mScanning dependencies of target tf2_msgs_generate_messages_py[0m
[31.110s] [  0%] Built target tf2_msgs_generate_messages_py
[31.246s] [35m[1mScanning dependencies of target tf2_msgs_generate_messages_nodejs[0m
[31.372s] [  0%] Built target tf2_msgs_generate_messages_nodejs
[31.476s] [35m[1mScanning dependencies of target tf2_msgs_generate_messages_lisp[0m
[31.617s] [  0%] Built target tf2_msgs_generate_messages_lisp
[31.763s] [35m[1mScanning dependencies of target dynamic_reconfigure_generate_messages_lisp[0m
[31.902s] [  0%] Built target dynamic_reconfigure_generate_messages_lisp
[32.044s] [35m[1mScanning dependencies of target tf2_msgs_generate_messages_cpp[0m
[32.220s] [  0%] Built target tf2_msgs_generate_messages_cpp
[32.315s] [35m[1mScanning dependencies of target actionlib_generate_messages_py[0m
[32.436s] [  0%] Built target actionlib_generate_messages_py
[32.550s] [35m[1mScanning dependencies of target actionlib_generate_messages_nodejs[0m
[32.687s] [  0%] Built target actionlib_generate_messages_nodejs
[32.840s] [35m[1mScanning dependencies of target actionlib_generate_messages_cpp[0m
[32.994s] [  0%] Built target actionlib_generate_messages_cpp
[33.125s] [35m[1mScanning dependencies of target rosgraph_msgs_generate_messages_nodejs[0m
[33.268s] [  0%] Built target rosgraph_msgs_generate_messages_nodejs
[33.411s] [35m[1mScanning dependencies of target actionlib_msgs_generate_messages_py[0m
[33.553s] [  0%] Built target actionlib_msgs_generate_messages_py
[33.703s] [35m[1mScanning dependencies of target dynamic_reconfigure_generate_messages_py[0m
[33.828s] [  0%] Built target dynamic_reconfigure_generate_messages_py
[33.977s] [35m[1mScanning dependencies of target actionlib_msgs_generate_messages_eus[0m
[34.124s] [  0%] Built target actionlib_msgs_generate_messages_eus
[34.275s] [35m[1mScanning dependencies of target visualization_msgs_generate_messages_eus[0m
[34.421s] [  0%] Built target visualization_msgs_generate_messages_eus
[34.543s] [35m[1mScanning dependencies of target nav_msgs_generate_messages_cpp[0m
[34.697s] [  0%] Built target nav_msgs_generate_messages_cpp
[34.834s] [35m[1mScanning dependencies of target roscpp_generate_messages_eus[0m
[34.939s] [  0%] Built target roscpp_generate_messages_eus
[35.064s] [35m[1mScanning dependencies of target topic_tools_generate_messages_nodejs[0m
[35.217s] [  0%] Built target topic_tools_generate_messages_nodejs
[35.388s] [35m[1mScanning dependencies of target nodelet_generate_messages_lisp[0m
[35.539s] [  0%] Built target nodelet_generate_messages_lisp
[35.676s] [35m[1mScanning dependencies of target std_msgs_generate_messages_nodejs[0m
[35.823s] [  0%] Built target std_msgs_generate_messages_nodejs
[35.979s] [35m[1mScanning dependencies of target geometry_msgs_generate_messages_eus[0m
[36.097s] [  0%] Built target geometry_msgs_generate_messages_eus
[36.240s] [35m[1mScanning dependencies of target std_msgs_generate_messages_cpp[0m
[36.363s] [  0%] Built target std_msgs_generate_messages_cpp
[36.515s] [35m[1mScanning dependencies of target rosgraph_msgs_generate_messages_lisp[0m
[36.676s] [  0%] Built target rosgraph_msgs_generate_messages_lisp
[36.840s] [35m[1mScanning dependencies of target tf_generate_messages_eus[0m
[36.975s] [  0%] Built target tf_generate_messages_eus
[37.132s] [35m[1mScanning dependencies of target actionlib_generate_messages_eus[0m
[37.243s] [  0%] Built target actionlib_generate_messages_eus
[37.396s] [35m[1mScanning dependencies of target rosgraph_msgs_generate_messages_cpp[0m
[37.530s] [  0%] Built target rosgraph_msgs_generate_messages_cpp
[37.714s] [35m[1mScanning dependencies of target rosgraph_msgs_generate_messages_eus[0m
[37.803s] [  0%] Built target rosgraph_msgs_generate_messages_eus
[37.953s] [35m[1mScanning dependencies of target std_srvs_generate_messages_py[0m
[38.100s] [  0%] Built target std_srvs_generate_messages_py
[38.262s] [35m[1mScanning dependencies of target roscpp_generate_messages_nodejs[0m
[38.415s] [  0%] Built target roscpp_generate_messages_nodejs
[38.568s] [35m[1mScanning dependencies of target geometry_msgs_generate_messages_lisp[0m
[38.699s] [  0%] Built target geometry_msgs_generate_messages_lisp
[38.808s] [35m[1mScanning dependencies of target tf_generate_messages_cpp[0m
[38.950s] [  0%] Built target tf_generate_messages_cpp
[39.070s] [35m[1mScanning dependencies of target actionlib_generate_messages_lisp[0m
[39.178s] [  0%] Built target actionlib_generate_messages_lisp
[39.288s] [35m[1mScanning dependencies of target roscpp_generate_messages_lisp[0m
[39.424s] [  0%] Built target roscpp_generate_messages_lisp
[39.555s] [35m[1mScanning dependencies of target geometry_msgs_generate_messages_py[0m
[39.663s] [  0%] Built target geometry_msgs_generate_messages_py
[39.776s] [35m[1mScanning dependencies of target tf2_msgs_generate_messages_eus[0m
[39.907s] [  0%] Built target tf2_msgs_generate_messages_eus
[40.034s] [35m[1mScanning dependencies of target sensor_msgs_generate_messages_py[0m
[40.149s] [  0%] Built target sensor_msgs_generate_messages_py
[40.268s] [35m[1mScanning dependencies of target sensor_msgs_generate_messages_nodejs[0m
[40.371s] [  0%] Built target sensor_msgs_generate_messages_nodejs
[40.464s] [35m[1mScanning dependencies of target nodelet_topic_tools_gencfg[0m
[40.621s] [  0%] Built target nodelet_topic_tools_gencfg
[40.734s] [35m[1mScanning dependencies of target visualization_msgs_generate_messages_cpp[0m
[40.840s] [  0%] Built target visualization_msgs_generate_messages_cpp
[41.003s] [35m[1mScanning dependencies of target sensor_msgs_generate_messages_eus[0m
[41.117s] [  0%] Built target sensor_msgs_generate_messages_eus
[41.229s] [35m[1mScanning dependencies of target sensor_msgs_generate_messages_lisp[0m
[41.339s] [  0%] Built target sensor_msgs_generate_messages_lisp
[41.465s] [35m[1mScanning dependencies of target std_msgs_generate_messages_lisp[0m
[41.586s] [  0%] Built target std_msgs_generate_messages_lisp
[41.706s] [35m[1mScanning dependencies of target std_srvs_generate_messages_cpp[0m
[41.845s] [  0%] Built target std_srvs_generate_messages_cpp
[41.943s] [35m[1mScanning dependencies of target nodelet_generate_messages_py[0m
[42.091s] [  0%] Built target nodelet_generate_messages_py
[42.224s] [35m[1mScanning dependencies of target std_srvs_generate_messages_nodejs[0m
[42.369s] [  0%] Built target std_srvs_generate_messages_nodejs
[42.484s] [35m[1mScanning dependencies of target rosgraph_msgs_generate_messages_py[0m
[42.592s] [  0%] Built target rosgraph_msgs_generate_messages_py
[42.709s] [35m[1mScanning dependencies of target nav_msgs_generate_messages_nodejs[0m
[42.817s] [  0%] Built target nav_msgs_generate_messages_nodejs
[42.939s] [35m[1mScanning dependencies of target sensor_msgs_generate_messages_cpp[0m
[43.047s] [  0%] Built target sensor_msgs_generate_messages_cpp
[43.164s] [35m[1mScanning dependencies of target roscpp_generate_messages_py[0m
[43.275s] [  0%] Built target roscpp_generate_messages_py
[43.428s] [35m[1mScanning dependencies of target roscpp_generate_messages_cpp[0m
[43.560s] [  0%] Built target roscpp_generate_messages_cpp
[43.671s] [35m[1mScanning dependencies of target topic_tools_generate_messages_py[0m
[43.782s] [  0%] Built target topic_tools_generate_messages_py
[43.892s] [35m[1mScanning dependencies of target dynamic_reconfigure_generate_messages_eus[0m
[44.015s] [  0%] Built target dynamic_reconfigure_generate_messages_eus
[44.133s] [35m[1mScanning dependencies of target geometry_msgs_generate_messages_nodejs[0m
[44.242s] [  0%] Built target geometry_msgs_generate_messages_nodejs
[44.344s] [35m[1mScanning dependencies of target geometry_msgs_generate_messages_cpp[0m
[44.476s] [  0%] Built target geometry_msgs_generate_messages_cpp
[44.653s] [35m[1mScanning dependencies of target topic_tools_generate_messages_eus[0m
[44.784s] [  0%] Built target topic_tools_generate_messages_eus
[44.910s] [35m[1mScanning dependencies of target nav_msgs_generate_messages_py[0m
[45.064s] [  0%] Built target nav_msgs_generate_messages_py
[45.203s] [35m[1mScanning dependencies of target tf_generate_messages_lisp[0m
[45.300s] [  0%] Built target tf_generate_messages_lisp
[45.398s] [35m[1mScanning dependencies of target nodelet_generate_messages_cpp[0m
[45.506s] [  0%] Built target nodelet_generate_messages_cpp
[45.621s] [35m[1mScanning dependencies of target grid_map_msgs_generate_messages_eus[0m
[45.740s] [  0%] Built target grid_map_msgs_generate_messages_eus
[45.897s] [35m[1mScanning dependencies of target std_msgs_generate_messages_py[0m
[46.006s] [  0%] Built target std_msgs_generate_messages_py
[46.163s] [35m[1mScanning dependencies of target grid_map_msgs_generate_messages_lisp[0m
[46.275s] [  0%] Built target grid_map_msgs_generate_messages_lisp
[46.417s] [35m[1mScanning dependencies of target grid_map_msgs_generate_messages_nodejs[0m
[46.569s] [  0%] Built target grid_map_msgs_generate_messages_nodejs
[46.712s] [35m[1mScanning dependencies of target grid_map_msgs_generate_messages_py[0m
[46.882s] [  0%] Built target grid_map_msgs_generate_messages_py
[47.021s] [35m[1mScanning dependencies of target vector_map_msgs_generate_messages_eus[0m
[47.218s] [  0%] Built target vector_map_msgs_generate_messages_eus
[47.377s] [35m[1mScanning dependencies of target nav_msgs_generate_messages_eus[0m
[47.489s] [  0%] Built target nav_msgs_generate_messages_eus
[47.616s] [35m[1mScanning dependencies of target tf_generate_messages_py[0m
[47.758s] [  0%] Built target tf_generate_messages_py
[47.898s] [35m[1mScanning dependencies of target std_msgs_generate_messages_eus[0m
[48.029s] [  0%] Built target std_msgs_generate_messages_eus
[48.156s] [35m[1mScanning dependencies of target actionlib_msgs_generate_messages_nodejs[0m
[48.325s] [  0%] Built target actionlib_msgs_generate_messages_nodejs
[48.461s] [35m[1mScanning dependencies of target actionlib_msgs_generate_messages_lisp[0m
[48.566s] [  0%] Built target actionlib_msgs_generate_messages_lisp
[48.702s] [35m[1mScanning dependencies of target nav_msgs_generate_messages_lisp[0m
[48.827s] [  0%] Built target nav_msgs_generate_messages_lisp
[48.984s] [35m[1mScanning dependencies of target topic_tools_generate_messages_lisp[0m
[49.124s] [  0%] Built target topic_tools_generate_messages_lisp
[49.298s] [35m[1mScanning dependencies of target actionlib_msgs_generate_messages_cpp[0m
[49.484s] [  0%] Built target actionlib_msgs_generate_messages_cpp
[49.628s] [35m[1mScanning dependencies of target std_srvs_generate_messages_eus[0m
[49.745s] [  0%] Built target std_srvs_generate_messages_eus
[49.873s] [35m[1mScanning dependencies of target std_srvs_generate_messages_lisp[0m
[50.011s] [  0%] Built target std_srvs_generate_messages_lisp
[50.145s] [35m[1mScanning dependencies of target visualization_msgs_generate_messages_py[0m
[50.301s] [  0%] Built target visualization_msgs_generate_messages_py
[50.439s] [35m[1mScanning dependencies of target grid_map_msgs_generate_messages_cpp[0m
[50.553s] [  0%] Built target grid_map_msgs_generate_messages_cpp
[50.677s] [35m[1mScanning dependencies of target topic_tools_generate_messages_cpp[0m
[50.776s] [  0%] Built target topic_tools_generate_messages_cpp
[50.901s] [35m[1mScanning dependencies of target dynamic_reconfigure_gencfg[0m
[51.029s] [  0%] Built target dynamic_reconfigure_gencfg
[51.134s] [35m[1mScanning dependencies of target nodelet_generate_messages_eus[0m
[51.277s] [  0%] Built target nodelet_generate_messages_eus
[51.385s] [35m[1mScanning dependencies of target nodelet_generate_messages_nodejs[0m
[51.499s] [  0%] Built target nodelet_generate_messages_nodejs
[51.600s] [35m[1mScanning dependencies of target bond_generate_messages_eus[0m
[51.688s] [  0%] Built target bond_generate_messages_eus
[51.799s] [35m[1mScanning dependencies of target bond_generate_messages_lisp[0m
[51.909s] [  0%] Built target bond_generate_messages_lisp
[52.021s] [35m[1mScanning dependencies of target bond_generate_messages_nodejs[0m
[52.163s] [  0%] Built target bond_generate_messages_nodejs
[52.283s] [35m[1mScanning dependencies of target bond_generate_messages_py[0m
[52.394s] [  0%] Built target bond_generate_messages_py
[52.498s] [35m[1mScanning dependencies of target vector_map_msgs_generate_messages_cpp[0m
[52.624s] [  0%] Built target vector_map_msgs_generate_messages_cpp
[52.765s] [35m[1mScanning dependencies of target vector_map_msgs_generate_messages_nodejs[0m
[52.891s] [  0%] Built target vector_map_msgs_generate_messages_nodejs
[53.016s] [35m[1mScanning dependencies of target vector_map_msgs_generate_messages_py[0m
[53.171s] [  0%] Built target vector_map_msgs_generate_messages_py
[53.280s] [35m[1mScanning dependencies of target road_occupancy_processor_lib[0m
[53.661s] [ 25%] [32mBuilding CXX object CMakeFiles/road_occupancy_processor_lib.dir/src/road_occupancy_processor.cpp.o[0m
[96.762s] [ 50%] [32m[1mLinking CXX shared library devel/lib/libroad_occupancy_processor_lib.so[0m
[100.250s] [ 50%] Built target road_occupancy_processor_lib
[100.402s] [35m[1mScanning dependencies of target road_occupancy_processor[0m
[100.845s] [ 75%] [32mBuilding CXX object CMakeFiles/road_occupancy_processor.dir/src/road_occupancy_processor_node.cpp.o[0m
[128.907s] [100%] [32m[1mLinking CXX executable devel/lib/road_occupancy_processor/road_occupancy_processor[0m
[132.730s] [100%] Built target road_occupancy_processor
[137.324s] [35m[1mScanning dependencies of target tests[0m
[137.475s] Built target tests
[141.710s] [  0%] Built target tf_generate_messages_nodejs
[142.060s] [  0%] Built target dynamic_reconfigure_generate_messages_cpp
[142.387s] [  0%] Built target pcl_ros_gencfg
[142.697s] [  0%] Built target pcl_msgs_generate_messages_py
[143.046s] [  0%] Built target vector_map_msgs_generate_messages_lisp
[143.338s] [  0%] Built target pcl_msgs_generate_messages_nodejs
[143.667s] [  0%] Built target pcl_msgs_generate_messages_lisp
[143.997s] [  0%] Built target pcl_msgs_generate_messages_eus
[144.274s] [  0%] Built target pcl_msgs_generate_messages_cpp
[144.571s] [  0%] Built target visualization_msgs_generate_messages_nodejs
[144.935s] [  0%] Built target visualization_msgs_generate_messages_lisp
[145.338s] [  0%] Built target bond_generate_messages_cpp
[145.736s] [  0%] Built target dynamic_reconfigure_generate_messages_nodejs
[146.109s] [  0%] Built target tf2_msgs_generate_messages_py
[146.394s] [  0%] Built target tf2_msgs_generate_messages_nodejs
[146.720s] [  0%] Built target tf2_msgs_generate_messages_lisp
[147.081s] [  0%] Built target dynamic_reconfigure_generate_messages_lisp
[147.343s] [  0%] Built target tf2_msgs_generate_messages_cpp
[147.683s] [  0%] Built target actionlib_generate_messages_py
[147.890s] [  0%] Built target actionlib_generate_messages_nodejs
[148.098s] [  0%] Built target actionlib_generate_messages_cpp
[148.343s] [  0%] Built target rosgraph_msgs_generate_messages_nodejs
[148.661s] [  0%] Built target actionlib_msgs_generate_messages_py
[149.023s] [  0%] Built target dynamic_reconfigure_generate_messages_py
[149.293s] [  0%] Built target actionlib_msgs_generate_messages_eus
[149.516s] [  0%] Built target visualization_msgs_generate_messages_eus
[149.785s] [  0%] Built target nav_msgs_generate_messages_cpp
[150.071s] [  0%] Built target roscpp_generate_messages_eus
[150.391s] [  0%] Built target topic_tools_generate_messages_nodejs
[150.656s] [  0%] Built target nodelet_generate_messages_lisp
[150.968s] [  0%] Built target std_msgs_generate_messages_nodejs
[151.275s] [  0%] Built target geometry_msgs_generate_messages_eus
[151.627s] [  0%] Built target std_msgs_generate_messages_cpp
[151.931s] [  0%] Built target rosgraph_msgs_generate_messages_lisp
[152.287s] [  0%] Built target tf_generate_messages_eus
[152.623s] [  0%] Built target actionlib_generate_messages_eus
[152.924s] [  0%] Built target rosgraph_msgs_generate_messages_cpp
[153.222s] [  0%] Built target rosgraph_msgs_generate_messages_eus
[153.590s] [  0%] Built target std_srvs_generate_messages_py
[154.005s] [  0%] Built target roscpp_generate_messages_nodejs
[154.351s] [  0%] Built target geometry_msgs_generate_messages_lisp
[154.685s] [  0%] Built target tf_generate_messages_cpp
[155.046s] [  0%] Built target actionlib_generate_messages_lisp
[155.401s] [  0%] Built target roscpp_generate_messages_lisp
[155.758s] [  0%] Built target geometry_msgs_generate_messages_py
[156.119s] [  0%] Built target tf2_msgs_generate_messages_eus
[156.482s] [  0%] Built target sensor_msgs_generate_messages_py
[156.871s] [  0%] Built target sensor_msgs_generate_messages_nodejs
[157.285s] [  0%] Built target nodelet_topic_tools_gencfg
[157.567s] [  0%] Built target visualization_msgs_generate_messages_cpp
[157.863s] [  0%] Built target sensor_msgs_generate_messages_eus
[158.260s] [  0%] Built target sensor_msgs_generate_messages_lisp
[158.567s] [  0%] Built target std_msgs_generate_messages_lisp
[158.929s] [  0%] Built target std_srvs_generate_messages_cpp
[159.271s] [  0%] Built target nodelet_generate_messages_py
[159.608s] [  0%] Built target std_srvs_generate_messages_nodejs
[159.938s] [  0%] Built target rosgraph_msgs_generate_messages_py
[160.207s] [  0%] Built target nav_msgs_generate_messages_nodejs
[160.407s] [  0%] Built target sensor_msgs_generate_messages_cpp
[160.627s] [  0%] Built target roscpp_generate_messages_py
[161.018s] [  0%] Built target roscpp_generate_messages_cpp
[161.295s] [  0%] Built target topic_tools_generate_messages_py
[161.571s] [  0%] Built target dynamic_reconfigure_generate_messages_eus
[162.002s] [  0%] Built target geometry_msgs_generate_messages_nodejs
[162.313s] [  0%] Built target geometry_msgs_generate_messages_cpp
[162.616s] [  0%] Built target topic_tools_generate_messages_eus
[162.907s] [  0%] Built target nav_msgs_generate_messages_py
[163.179s] [  0%] Built target tf_generate_messages_lisp
[163.450s] [  0%] Built target nodelet_generate_messages_cpp
[163.776s] [  0%] Built target grid_map_msgs_generate_messages_eus
[164.042s] [  0%] Built target std_msgs_generate_messages_py
[164.374s] [  0%] Built target grid_map_msgs_generate_messages_lisp
[164.724s] [  0%] Built target grid_map_msgs_generate_messages_nodejs
[165.089s] [  0%] Built target grid_map_msgs_generate_messages_py
[165.389s] [  0%] Built target vector_map_msgs_generate_messages_eus
[165.724s] [  0%] Built target nav_msgs_generate_messages_eus
[165.999s] [  0%] Built target tf_generate_messages_py
[166.339s] [  0%] Built target std_msgs_generate_messages_eus
[166.738s] [  0%] Built target actionlib_msgs_generate_messages_nodejs
[167.054s] [  0%] Built target actionlib_msgs_generate_messages_lisp
[167.417s] [  0%] Built target nav_msgs_generate_messages_lisp
[167.729s] [  0%] Built target topic_tools_generate_messages_lisp
[168.079s] [  0%] Built target actionlib_msgs_generate_messages_cpp
[168.398s] [  0%] Built target std_srvs_generate_messages_eus
[168.827s] [  0%] Built target std_srvs_generate_messages_lisp
[169.127s] [  0%] Built target visualization_msgs_generate_messages_py
[169.512s] [  0%] Built target grid_map_msgs_generate_messages_cpp
[169.816s] [  0%] Built target topic_tools_generate_messages_cpp
[170.102s] [  0%] Built target dynamic_reconfigure_gencfg
[170.420s] [  0%] Built target nodelet_generate_messages_eus
[170.758s] [  0%] Built target nodelet_generate_messages_nodejs
[171.071s] [  0%] Built target bond_generate_messages_eus
[171.337s] [  0%] Built target bond_generate_messages_lisp
[171.566s] [  0%] Built target bond_generate_messages_nodejs
[171.826s] [  0%] Built target bond_generate_messages_py
[172.060s] [  0%] Built target vector_map_msgs_generate_messages_cpp
[172.269s] [  0%] Built target vector_map_msgs_generate_messages_nodejs
[172.515s] [  0%] Built target vector_map_msgs_generate_messages_py
[172.798s] [ 50%] Built target road_occupancy_processor_lib
[173.091s] [100%] Built target road_occupancy_processor
[173.274s] [36mInstall the project...[0m
[173.353s] -- Install configuration: "Release"
[173.354s] -- Installing: /home/capstone/autoware.ai/install/road_occupancy_processor/lib/pkgconfig/road_occupancy_processor.pc
[173.355s] -- Installing: /home/capstone/autoware.ai/install/road_occupancy_processor/share/road_occupancy_processor/cmake/road_occupancy_processorConfig.cmake
[173.357s] -- Installing: /home/capstone/autoware.ai/install/road_occupancy_processor/share/road_occupancy_processor/cmake/road_occupancy_processorConfig-version.cmake
[173.358s] -- Installing: /home/capstone/autoware.ai/install/road_occupancy_processor/share/road_occupancy_processor/package.xml
[173.359s] -- Installing: /home/capstone/autoware.ai/install/road_occupancy_processor/lib/road_occupancy_processor/road_occupancy_processor
[173.381s] -- Set runtime path of "/home/capstone/autoware.ai/install/road_occupancy_processor/lib/road_occupancy_processor/road_occupancy_processor" to ""
[173.382s] -- Installing: /home/capstone/autoware.ai/install/road_occupancy_processor/lib/libroad_occupancy_processor_lib.so
[173.414s] -- Set runtime path of "/home/capstone/autoware.ai/install/road_occupancy_processor/lib/libroad_occupancy_processor_lib.so" to ""
[173.415s] -- Installing: /home/capstone/autoware.ai/install/road_occupancy_processor/include/road_occupancy_processor
[173.415s] -- Installing: /home/capstone/autoware.ai/install/road_occupancy_processor/include/road_occupancy_processor/road_occupancy_processor.h
[173.417s] -- Installing: /home/capstone/autoware.ai/install/road_occupancy_processor/share/road_occupancy_processor/launch
[173.417s] -- Installing: /home/capstone/autoware.ai/install/road_occupancy_processor/share/road_occupancy_processor/launch/road_occupancy_processor.launch
