[0.561s] -- The C compiler identification is GNU 7.5.0
[0.870s] -- The CXX compiler identification is GNU 7.5.0
[0.886s] -- Check for working C compiler: /usr/bin/cc
[1.466s] -- Check for working C compiler: /usr/bin/cc -- works
[1.473s] -- Detecting C compiler ABI info
[2.080s] -- Detecting C compiler ABI info - done
[2.104s] -- Detecting C compile features
[4.099s] -- Detecting C compile features - done
[4.118s] -- Check for working CXX compiler: /usr/bin/c++
[4.817s] -- Check for working CXX compiler: /usr/bin/c++ -- works
[4.818s] -- Detecting CXX compiler ABI info
[5.635s] -- Detecting CXX compiler ABI info - done
[5.659s] -- Detecting CXX compile features
[8.429s] -- Detecting CXX compile features - done
[8.433s] -- CUDA compilation status: 1.
[8.459s] -- Using CATKIN_DEVEL_PREFIX: /home/capstone/autoware.ai/build/hokuyo/devel
[8.460s] -- Using CMAKE_PREFIX_PATH: /home/capstone/autoware.ai/install/autoware_build_flags;/home/capstone/autoware.ai/install/wf_simulator;/home/capstone/autoware.ai/install/vision_ssd_detect;/home/capstone/autoware.ai/install/vision_segment_enet_detect;/home/capstone/autoware.ai/install/vision_lane_detect;/home/capstone/autoware.ai/install/vision_darknet_detect;/home/capstone/autoware.ai/install/vision_beyond_track;/home/capstone/autoware.ai/install/vel_pose_diff_checker;/home/capstone/autoware.ai/install/vehicle_socket;/home/capstone/autoware.ai/install/vehicle_sim_model;/home/capstone/autoware.ai/install/vehicle_model;/home/capstone/autoware.ai/install/vehicle_gazebo_simulation_launcher;/home/capstone/autoware.ai/install/vehicle_gazebo_simulation_interface;/home/capstone/autoware.ai/install/vehicle_engage_panel;/home/capstone/autoware.ai/install/vehicle_description;/home/capstone/autoware.ai/install/op_ros_helpers;/home/capstone/autoware.ai/install/op_simu;/home/capstone/autoware.ai/install/op_planner;/home/capstone/autoware.ai/install/op_utility;/home/capstone/autoware.ai/install/vector_map_server;/home/capstone/autoware.ai/install/object_map;/home/capstone/autoware.ai/install/lanelet_aisan_converter;/home/capstone/autoware.ai/install/map_file;/home/capstone/autoware.ai/install/libvectormap;/home/capstone/autoware.ai/install/vector_map;/home/capstone/autoware.ai/install/vector_map_msgs;/home/capstone/autoware.ai/install/twist_generator;/home/capstone/autoware.ai/install/twist2odom;/home/capstone/autoware.ai/install/runtime_manager;/home/capstone/autoware.ai/install/tablet_socket_msgs;/home/capstone/autoware.ai/install/sound_player;/home/capstone/autoware.ai/install/points2image;/home/capstone/autoware.ai/install/rosinterface;/home/capstone/autoware.ai/install/rosbag_controller;/home/capstone/autoware.ai/install/points_preprocessor;/home/capstone/autoware.ai/install/lidar_localizer;/home/capstone/autoware.ai/install/emergency_handler;/home/capstone/autoware.ai/install/autoware_health_checker;/home/capstone/autoware.ai/install/ros_observer;/home/capstone/autoware.ai/install/range_vision_fusion;/home/capstone/autoware.ai/install/pos_db;/home/capstone/autoware.ai/install/points_downsampler;/home/capstone/autoware.ai/install/pixel_cloud_fusion;/home/capstone/autoware.ai/install/pcl_omp_registration;/home/capstone/autoware.ai/install/pc2_downsampler;/home/capstone/autoware.ai/install/obj_db;/home/capstone/autoware.ai/install/nmea_navsat;/home/capstone/autoware.ai/install/ndt_tku;/home/capstone/autoware.ai/install/ndt_gpu;/home/capstone/autoware.ai/install/ndt_cpu;/home/capstone/autoware.ai/install/multi_lidar_calibrator;/home/capstone/autoware.ai/install/mrt_cmake_modules;/home/capstone/autoware.ai/install/marker_downsampler;/home/capstone/autoware.ai/install/map_tools;/home/capstone/autoware.ai/install/map_tf_generator;/home/capstone/autoware.ai/install/log_tools;/home/capstone/autoware.ai/install/libwaypoint_follower;/home/capstone/autoware.ai/install/lgsvl_simulator_bridge;/home/capstone/autoware.ai/install/lanelet2_extension;/home/capstone/autoware.ai/install/lanelet2_validation;/home/capstone/autoware.ai/install/lanelet2_examples;/home/capstone/autoware.ai/install/lanelet2_python;/home/capstone/autoware.ai/install/lanelet2_routing;/home/capstone/autoware.ai/install/lanelet2_traffic_rules;/home/capstone/autoware.ai/install/lanelet2_projection;/home/capstone/autoware.ai/install/lanelet2_maps;/home/capstone/autoware.ai/install/lanelet2_io;/home/capstone/autoware.ai/install/lanelet2_core;/home/capstone/autoware.ai/install/integrated_viewer;/home/capstone/autoware.ai/install/image_processor;/home/capstone/autoware.ai/install/graph_tools;/home/capstone/autoware.ai/install/gnss_localizer;/home/capstone/autoware.ai/install/gnss;/home/capstone/autoware.ai/install/glviewer;/home/capstone/autoware.ai/install/gazebo_world_description;/home/capstone/autoware.ai/install/gazebo_imu_description;/home/capstone/autoware.ai/install/gazebo_camera_description;/home/capstone/autoware.ai/install/fastvirtualscan;/home/capstone/autoware.ai/install/ekf_localizer;/home/capstone/autoware.ai/install/detected_objects_visualizer;/home/capstone/autoware.ai/install/decision_maker_panel;/home/capstone/autoware.ai/install/data_preprocessor;/home/capstone/autoware.ai/install/carla_autoware_bridge;/home/capstone/autoware.ai/install/calibration_publisher;/home/capstone/autoware.ai/install/autoware_system_msgs;/home/capstone/autoware.ai/install/autoware_rviz_plugins;/home/capstone/autoware.ai/install/autoware_quickstart_examples;/home/capstone/autoware.ai/install/autoware_pointgrey_drivers;/home/capstone/autoware.ai/install/autoware_driveworks_interface;/home/capstone/autoware.ai/install/autoware_connector;/home/capstone/autoware.ai/install/autoware_camera_lidar_calibrator;/home/capstone/autoware.ai/install/amathutils_lib;/home/capstone/autoware.ai/install/autoware_msgs;/home/capstone/autoware.ai/install/autoware_map_msgs;/home/capstone/autoware.ai/install/autoware_launcher_rviz;/home/capstone/autoware.ai/install/autoware_launcher;/home/capstone/autoware.ai/install/autoware_lanelet2_msgs;/home/capstone/autoware.ai/install/autoware_external_msgs;/home/capstone/autoware.ai/install/autoware_driveworks_gmsl_interface;/home/capstone/autoware.ai/install/autoware_config_msgs;/home/capstone/autoware.ai/install/autoware_can_msgs;/home/capstone/autoware.ai/install/autoware_bag_tools;/opt/carla-ros-bridge/melodic;/opt/ros/melodic
[8.466s] -- This workspace overlays: /home/capstone/autoware.ai/install/autoware_build_flags;/home/capstone/autoware.ai/install/vehicle_sim_model;/home/capstone/autoware.ai/install/vehicle_gazebo_simulation_launcher;/home/capstone/autoware.ai/install/vehicle_description;/home/capstone/autoware.ai/install/vector_map_server;/home/capstone/autoware.ai/install/libvectormap;/home/capstone/autoware.ai/install/vector_map;/home/capstone/autoware.ai/install/vector_map_msgs;/home/capstone/autoware.ai/install/twist2odom;/home/capstone/autoware.ai/install/tablet_socket_msgs;/home/capstone/autoware.ai/install/sound_player;/home/capstone/autoware.ai/install/rosinterface;/home/capstone/autoware.ai/install/rosbag_controller;/home/capstone/autoware.ai/install/autoware_health_checker;/home/capstone/autoware.ai/install/ros_observer;/home/capstone/autoware.ai/install/pcl_omp_registration;/home/capstone/autoware.ai/install/pc2_downsampler;/home/capstone/autoware.ai/install/nmea_navsat;/home/capstone/autoware.ai/install/ndt_tku;/home/capstone/autoware.ai/install/ndt_gpu;/home/capstone/autoware.ai/install/ndt_cpu;/home/capstone/autoware.ai/install/mrt_cmake_modules;/home/capstone/autoware.ai/install/marker_downsampler;/home/capstone/autoware.ai/install/graph_tools;/home/capstone/autoware.ai/install/gnss;/home/capstone/autoware.ai/install/gazebo_world_description;/home/capstone/autoware.ai/install/gazebo_imu_description;/home/capstone/autoware.ai/install/gazebo_camera_description;/home/capstone/autoware.ai/install/fastvirtualscan;/home/capstone/autoware.ai/install/decision_maker_panel;/home/capstone/autoware.ai/install/carla_autoware_bridge;/home/capstone/autoware.ai/install/calibration_publisher;/home/capstone/autoware.ai/install/autoware_system_msgs;/home/capstone/autoware.ai/install/autoware_rviz_plugins;/home/capstone/autoware.ai/install/autoware_quickstart_examples;/home/capstone/autoware.ai/install/autoware_pointgrey_drivers;/home/capstone/autoware.ai/install/autoware_driveworks_interface;/home/capstone/autoware.ai/install/autoware_connector;/home/capstone/autoware.ai/install/autoware_camera_lidar_calibrator;/home/capstone/autoware.ai/install/amathutils_lib;/home/capstone/autoware.ai/install/autoware_msgs;/home/capstone/autoware.ai/install/autoware_map_msgs;/home/capstone/autoware.ai/install/autoware_launcher_rviz;/home/capstone/autoware.ai/install/autoware_launcher;/home/capstone/autoware.ai/install/autoware_lanelet2_msgs;/home/capstone/autoware.ai/install/autoware_external_msgs;/home/capstone/autoware.ai/install/autoware_driveworks_gmsl_interface;/home/capstone/autoware.ai/install/autoware_config_msgs;/home/capstone/autoware.ai/install/autoware_can_msgs;/home/capstone/autoware.ai/install/autoware_bag_tools;/opt/carla-ros-bridge/melodic;/opt/ros/melodic
[8.572s] -- Found PythonInterp: /usr/bin/python2 (found suitable version "2.7.17", minimum required is "2") 
[8.575s] -- Using PYTHON_EXECUTABLE: /usr/bin/python2
[8.576s] -- Using Debian Python package layout
[8.576s] -- Using empy: /usr/bin/empy
[8.997s] -- Using CATKIN_ENABLE_TESTING: ON
[8.997s] -- Call enable_testing()
[9.026s] -- Using CATKIN_TEST_RESULTS_DIR: /home/capstone/autoware.ai/build/hokuyo/test_results
[9.130s] -- Found gtest sources under '/usr/src/googletest': gtests will be built
[9.131s] -- Found gmock sources under '/usr/src/googletest': gmock will be built
[9.238s] -- Found PythonInterp: /usr/bin/python2 (found version "2.7.17") 
[9.240s] -- Looking for pthread.h
[9.809s] -- Looking for pthread.h - found
[9.810s] -- Looking for pthread_create
[10.486s] -- Looking for pthread_create - not found
[10.490s] -- Looking for pthread_create in pthreads
[11.092s] -- Looking for pthread_create in pthreads - not found
[11.092s] -- Looking for pthread_create in pthread
[11.615s] -- Looking for pthread_create in pthread - found
[11.615s] -- Found Threads: TRUE  
[11.624s] -- Using Python nosetests: /usr/bin/nosetests-2.7
[11.834s] -- catkin 0.7.23
[11.834s] -- BUILD_SHARED_LIBS is on
[14.312s] -- Boost version: 1.65.1
[14.312s] -- Found the following Boost libraries:
[14.312s] --   system
[14.312s] --   serialization
[15.032s] -- Configuring done
[15.152s] -- Generating done
[15.175s] -- Build files have been written to: /home/capstone/autoware.ai/build/hokuyo
[15.539s] [35m[1mScanning dependencies of target hokuyo_3d[0m
[15.710s] [ 50%] [32mBuilding CXX object CMakeFiles/hokuyo_3d.dir/nodes/hokuyo_3d/hokuyo_3d.cpp.o[0m
[29.511s] [100%] [32m[1mLinking CXX executable devel/lib/hokuyo/hokuyo_3d[0m
[30.129s] [100%] Built target hokuyo_3d
[31.999s] [35m[1mScanning dependencies of target tests[0m
[32.105s] Built target tests
[33.659s] [100%] Built target hokuyo_3d
[33.802s] [36mInstall the project...[0m
[33.873s] -- Install configuration: "Release"
[33.874s] -- Installing: /home/capstone/autoware.ai/install/hokuyo/lib/pkgconfig/hokuyo.pc
[33.874s] -- Installing: /home/capstone/autoware.ai/install/hokuyo/share/hokuyo/cmake/hokuyoConfig.cmake
[33.875s] -- Installing: /home/capstone/autoware.ai/install/hokuyo/share/hokuyo/cmake/hokuyoConfig-version.cmake
[33.875s] -- Installing: /home/capstone/autoware.ai/install/hokuyo/share/hokuyo/package.xml
[33.875s] -- Installing: /home/capstone/autoware.ai/install/hokuyo/lib/hokuyo/hokuyo_3d
[33.876s] -- Set runtime path of "/home/capstone/autoware.ai/install/hokuyo/lib/hokuyo/hokuyo_3d" to ""
[33.878s] -- Installing: /home/capstone/autoware.ai/install/hokuyo/share/hokuyo/launch
[33.878s] -- Installing: /home/capstone/autoware.ai/install/hokuyo/share/hokuyo/launch/top_urg.launch
[33.878s] -- Installing: /home/capstone/autoware.ai/install/hokuyo/share/hokuyo/launch/hokuyo_3d.launch
