[0.249s] Invoking command in '/home/capstone/autoware.ai/build/autoware_msgs': /usr/bin/cmake --build /home/capstone/autoware.ai/build/autoware_msgs -- -j12 -l12
[1.574s] [  0%] Built target _autoware_msgs_generate_messages_check_deps_ExtractedPosition
[1.840s] [  0%] Built target _autoware_msgs_generate_messages_check_deps_AdjustXY
[1.853s] [  0%] Built target _autoware_msgs_generate_messages_check_deps_LaneArray
[1.917s] [  0%] Built target _autoware_msgs_generate_messages_check_deps_VscanTrackedArray
[1.996s] [  0%] Built target _autoware_msgs_generate_messages_check_deps_TrafficLight
[1.999s] [  0%] Built target _autoware_msgs_generate_messages_check_deps_ValueSet
[2.035s] [  0%] Built target _autoware_msgs_generate_messages_check_deps_VscanTracked
[2.361s] [  0%] Built target _autoware_msgs_generate_messages_check_deps_RecognizeLightState
[2.362s] [  0%] Built target _autoware_msgs_generate_messages_check_deps_DTLane
[2.376s] [  0%] Built target _autoware_msgs_generate_messages_check_deps_StateCmd
[2.397s] [  0%] Built target _autoware_msgs_generate_messages_check_deps_CloudCluster
[2.484s] [  0%] Built target jsk_recognition_msgs_generate_messages_nodejs
[2.573s] [  0%] Built target _autoware_msgs_generate_messages_check_deps_SyncTimeDiff
[2.577s] [  0%] Built target _autoware_msgs_generate_messages_check_deps_WaypointState
[2.874s] [  0%] Built target _autoware_msgs_generate_messages_check_deps_ImageRect
[2.953s] [  0%] Built target _autoware_msgs_generate_messages_check_deps_ImageObj
[2.998s] [  0%] Built target _autoware_msgs_generate_messages_check_deps_ImageLaneObjects
[3.061s] [  0%] Built target geometry_msgs_generate_messages_nodejs
[3.092s] [  0%] Built target _autoware_msgs_generate_messages_check_deps_TunedResult
[3.209s] [  0%] Built target _autoware_msgs_generate_messages_check_deps_ColorSet
[3.307s] [  0%] Built target _autoware_msgs_generate_messages_check_deps_DetectedObject
[3.370s] [  0%] Built target _autoware_msgs_generate_messages_check_deps_State
[3.383s] [  0%] Built target _autoware_msgs_generate_messages_check_deps_ControlCommand
[3.401s] [  0%] Built target _autoware_msgs_generate_messages_check_deps_TrafficLightResult
[3.486s] [  0%] Built target _autoware_msgs_generate_messages_check_deps_AccelCmd
[3.510s] [  0%] Built target sensor_msgs_generate_messages_nodejs
[3.711s] [  0%] Built target _autoware_msgs_generate_messages_check_deps_Centroids
[3.736s] [  0%] Built target _autoware_msgs_generate_messages_check_deps_LampCmd
[3.805s] [  0%] Built target _autoware_msgs_generate_messages_check_deps_TrafficLightResultArray
[3.830s] [  0%] Built target std_msgs_generate_messages_nodejs
[3.845s] [  0%] Built target _autoware_msgs_generate_messages_check_deps_ObjPose
[3.858s] [  0%] Built target _autoware_msgs_generate_messages_check_deps_CloudClusterArray
[3.899s] [  0%] Built target _autoware_msgs_generate_messages_check_deps_Gear
[4.075s] [  0%] Built target _autoware_msgs_generate_messages_check_deps_ProjectionMatrix
[4.149s] [  0%] Built target _autoware_msgs_generate_messages_check_deps_SyncTimeMonitor
[4.208s] [  0%] Built target _autoware_msgs_generate_messages_check_deps_GeometricRectangle
[4.216s] [  0%] Built target _autoware_msgs_generate_messages_check_deps_ScanImage
[4.271s] [  0%] Built target _autoware_msgs_generate_messages_check_deps_ImageObjTracked
[4.515s] [  0%] Built target _autoware_msgs_generate_messages_check_deps_ICPStat
[4.547s] [  0%] Built target _autoware_msgs_generate_messages_check_deps_ImageObjects
[4.552s] [  0%] Built target _autoware_msgs_generate_messages_check_deps_IndicatorCmd
[4.594s] [  0%] Built target _autoware_msgs_generate_messages_check_deps_Signals
[4.604s] [  0%] Built target _autoware_msgs_generate_messages_check_deps_ImageRectRanged
[4.611s] [  0%] Built target _autoware_msgs_generate_messages_check_deps_Lane
[4.666s] [  0%] Built target _autoware_msgs_generate_messages_check_deps_NDTStat
[4.778s] [  0%] Built target _autoware_msgs_generate_messages_check_deps_ControlCommandStamped
[4.810s] [  0%] Built target _autoware_msgs_generate_messages_check_deps_ObjLabel
[4.822s] [  0%] Built target _autoware_msgs_generate_messages_check_deps_SteerCmd
[4.842s] [  0%] Built target _autoware_msgs_generate_messages_check_deps_DetectedObjectArray
[4.993s] [  0%] Built target _autoware_msgs_generate_messages_check_deps_PointsImage
[4.993s] [  0%] Built target _autoware_msgs_generate_messages_check_deps_VehicleCmd
[5.088s] [  0%] Built target jsk_recognition_msgs_generate_messages_eus
[5.114s] [  0%] Built target sensor_msgs_generate_messages_eus
[5.124s] [  0%] Built target std_msgs_generate_messages_eus
[5.198s] [  0%] Built target geometry_msgs_generate_messages_eus
[5.286s] [  0%] Built target _autoware_msgs_generate_messages_check_deps_RemoteCmd
[5.295s] [  0%] Built target _autoware_msgs_generate_messages_check_deps_BrakeCmd
[5.337s] [  0%] Built target _autoware_msgs_generate_messages_check_deps_VehicleLocation
[5.339s] [  0%] Built target _autoware_msgs_generate_messages_check_deps_Waypoint
[5.359s] [  0%] Built target _autoware_msgs_generate_messages_check_deps_ImageObjRanged
[5.374s] [  0%] Built target sensor_msgs_generate_messages_cpp
[5.402s] [  0%] Built target _autoware_msgs_generate_messages_check_deps_VehicleStatus
[5.420s] [  0%] Built target jsk_recognition_msgs_generate_messages_cpp
[5.463s] [  0%] Built target geometry_msgs_generate_messages_cpp
[5.552s] [  0%] Built target geometry_msgs_generate_messages_py
[5.611s] [  0%] Built target std_msgs_generate_messages_py
[5.620s] [  0%] Built target jsk_recognition_msgs_generate_messages_py
[5.631s] [  0%] Built target geometry_msgs_generate_messages_lisp
[5.658s] [  0%] Built target std_msgs_generate_messages_cpp
[5.673s] [  0%] Built target sensor_msgs_generate_messages_lisp
[5.685s] [  0%] Built target jsk_recognition_msgs_generate_messages_lisp
[5.704s] [  1%] Built target sensor_msgs_generate_messages_py
[5.704s] [ 19%] Built target autoware_msgs_generate_messages_nodejs
[5.714s] [ 19%] Built target std_msgs_generate_messages_lisp
[5.759s] [ 40%] Built target autoware_msgs_generate_messages_eus
[5.924s] [ 59%] Built target autoware_msgs_generate_messages_cpp
[5.986s] [ 79%] Built target autoware_msgs_generate_messages_lisp
[6.017s] [100%] Built target autoware_msgs_generate_messages_py
[6.194s] [100%] Built target autoware_msgs_generate_messages
[6.267s] Invoked command in '/home/capstone/autoware.ai/build/autoware_msgs' returned '0': /usr/bin/cmake --build /home/capstone/autoware.ai/build/autoware_msgs -- -j12 -l12
[8.562s] Invoking command in '/home/capstone/autoware.ai/build/autoware_msgs': /usr/bin/cmake --build /home/capstone/autoware.ai/build/autoware_msgs --target tests -- -j12 -l12
[9.535s] Built target tests
[9.659s] Invoked command in '/home/capstone/autoware.ai/build/autoware_msgs' returned '0': /usr/bin/cmake --build /home/capstone/autoware.ai/build/autoware_msgs --target tests -- -j12 -l12
[13.256s] Invoking command in '/home/capstone/autoware.ai/build/autoware_msgs': /usr/bin/cmake --build /home/capstone/autoware.ai/build/autoware_msgs --target install -- -j12 -l12
[14.821s] [  0%] Built target _autoware_msgs_generate_messages_check_deps_SyncTimeDiff
[14.957s] [  0%] Built target _autoware_msgs_generate_messages_check_deps_TrafficLight
[15.014s] [  0%] Built target _autoware_msgs_generate_messages_check_deps_LaneArray
[15.134s] [  0%] Built target _autoware_msgs_generate_messages_check_deps_StateCmd
[15.153s] [  0%] Built target _autoware_msgs_generate_messages_check_deps_VscanTracked
[15.182s] [  0%] Built target _autoware_msgs_generate_messages_check_deps_VscanTrackedArray
[15.198s] [  0%] Built target _autoware_msgs_generate_messages_check_deps_DTLane
[15.256s] [  0%] Built target _autoware_msgs_generate_messages_check_deps_RecognizeLightState
[15.284s] [  0%] Built target _autoware_msgs_generate_messages_check_deps_AdjustXY
[15.340s] [  0%] Built target _autoware_msgs_generate_messages_check_deps_ValueSet
[15.501s] [  0%] Built target _autoware_msgs_generate_messages_check_deps_CloudCluster
[15.660s] [  0%] Built target jsk_recognition_msgs_generate_messages_nodejs
[15.769s] [  0%] Built target _autoware_msgs_generate_messages_check_deps_ExtractedPosition
[16.016s] [  0%] Built target _autoware_msgs_generate_messages_check_deps_WaypointState
[16.117s] [  0%] Built target _autoware_msgs_generate_messages_check_deps_DetectedObject
[16.426s] [  0%] Built target _autoware_msgs_generate_messages_check_deps_ImageLaneObjects
[16.440s] [  0%] Built target geometry_msgs_generate_messages_nodejs
[16.593s] [  0%] Built target _autoware_msgs_generate_messages_check_deps_ImageObj
[16.615s] [  0%] Built target _autoware_msgs_generate_messages_check_deps_State
[16.623s] [  0%] Built target _autoware_msgs_generate_messages_check_deps_ImageRect
[16.633s] [  0%] Built target _autoware_msgs_generate_messages_check_deps_ColorSet
[16.635s] [  0%] Built target _autoware_msgs_generate_messages_check_deps_ControlCommand
[16.723s] [  0%] Built target _autoware_msgs_generate_messages_check_deps_TrafficLightResult
[16.745s] [  0%] Built target _autoware_msgs_generate_messages_check_deps_TrafficLightResultArray
[16.869s] [  0%] Built target _autoware_msgs_generate_messages_check_deps_TunedResult
[17.039s] [  0%] Built target sensor_msgs_generate_messages_nodejs
[17.088s] [  0%] Built target std_msgs_generate_messages_nodejs
[17.363s] [  0%] Built target _autoware_msgs_generate_messages_check_deps_Centroids
[17.390s] [  0%] Built target _autoware_msgs_generate_messages_check_deps_ScanImage
[17.477s] [  0%] Built target _autoware_msgs_generate_messages_check_deps_AccelCmd
[17.570s] [  0%] Built target _autoware_msgs_generate_messages_check_deps_Gear
[17.633s] [  0%] Built target _autoware_msgs_generate_messages_check_deps_ImageObjTracked
[17.792s] [  0%] Built target _autoware_msgs_generate_messages_check_deps_ObjPose
[17.803s] [  0%] Built target _autoware_msgs_generate_messages_check_deps_CloudClusterArray
[17.826s] [  0%] Built target _autoware_msgs_generate_messages_check_deps_LampCmd
[17.959s] [  0%] Built target _autoware_msgs_generate_messages_check_deps_SyncTimeMonitor
[17.961s] [  0%] Built target _autoware_msgs_generate_messages_check_deps_ProjectionMatrix
[18.479s] [  0%] Built target _autoware_msgs_generate_messages_check_deps_GeometricRectangle
[18.541s] [  0%] Built target _autoware_msgs_generate_messages_check_deps_ICPStat
[18.582s] [  0%] Built target _autoware_msgs_generate_messages_check_deps_Signals
[18.591s] [  0%] Built target _autoware_msgs_generate_messages_check_deps_ImageRectRanged
[18.636s] [  0%] Built target _autoware_msgs_generate_messages_check_deps_Lane
[18.893s] [  0%] Built target _autoware_msgs_generate_messages_check_deps_IndicatorCmd
[19.039s] [  0%] Built target _autoware_msgs_generate_messages_check_deps_NDTStat
[19.077s] [  0%] Built target _autoware_msgs_generate_messages_check_deps_ImageObjects
[19.080s] [  0%] Built target _autoware_msgs_generate_messages_check_deps_SteerCmd
[19.174s] [  0%] Built target _autoware_msgs_generate_messages_check_deps_ObjLabel
[19.265s] [  0%] Built target _autoware_msgs_generate_messages_check_deps_PointsImage
[19.377s] [  0%] Built target _autoware_msgs_generate_messages_check_deps_ControlCommandStamped
[19.449s] [  0%] Built target _autoware_msgs_generate_messages_check_deps_VehicleLocation
[19.476s] [  0%] Built target jsk_recognition_msgs_generate_messages_eus
[19.479s] [  0%] Built target _autoware_msgs_generate_messages_check_deps_BrakeCmd
[19.537s] [  0%] Built target _autoware_msgs_generate_messages_check_deps_Waypoint
[19.553s] [  0%] Built target _autoware_msgs_generate_messages_check_deps_DetectedObjectArray
[19.589s] [  0%] Built target _autoware_msgs_generate_messages_check_deps_VehicleCmd
[19.590s] [  0%] Built target sensor_msgs_generate_messages_eus
[19.607s] [  0%] Built target _autoware_msgs_generate_messages_check_deps_ImageObjRanged
[19.612s] [  0%] Built target std_msgs_generate_messages_eus
[19.721s] [  0%] Built target geometry_msgs_generate_messages_eus
[19.790s] [  0%] Built target _autoware_msgs_generate_messages_check_deps_RemoteCmd
[19.791s] [  0%] Built target sensor_msgs_generate_messages_cpp
[19.795s] [  0%] Built target std_msgs_generate_messages_cpp
[19.796s] [  0%] Built target geometry_msgs_generate_messages_cpp
[19.803s] [  0%] Built target jsk_recognition_msgs_generate_messages_cpp
[19.848s] [  0%] Built target geometry_msgs_generate_messages_py
[19.861s] [  0%] Built target std_msgs_generate_messages_py
[19.887s] [  0%] Built target jsk_recognition_msgs_generate_messages_lisp
[19.891s] [  0%] Built target _autoware_msgs_generate_messages_check_deps_VehicleStatus
[19.900s] [  0%] Built target sensor_msgs_generate_messages_py
[19.913s] [  0%] Built target jsk_recognition_msgs_generate_messages_py
[19.942s] [  0%] Built target geometry_msgs_generate_messages_lisp
[19.961s] [  0%] Built target sensor_msgs_generate_messages_lisp
[19.985s] [  0%] Built target std_msgs_generate_messages_lisp
[20.069s] [ 18%] Built target autoware_msgs_generate_messages_cpp
[20.084s] [ 39%] Built target autoware_msgs_generate_messages_eus
[20.089s] [ 59%] Built target autoware_msgs_generate_messages_nodejs
[20.137s] [ 80%] Built target autoware_msgs_generate_messages_py
[20.219s] [100%] Built target autoware_msgs_generate_messages_lisp
[20.452s] [100%] Built target autoware_msgs_generate_messages
[20.651s] [36mInstall the project...[0m
[20.709s] -- Install configuration: "Release"
[20.709s] -- Up-to-date: /home/capstone/autoware.ai/install/autoware_msgs/share/autoware_msgs/msg/AccelCmd.msg
[20.710s] -- Up-to-date: /home/capstone/autoware.ai/install/autoware_msgs/share/autoware_msgs/msg/AdjustXY.msg
[20.710s] -- Up-to-date: /home/capstone/autoware.ai/install/autoware_msgs/share/autoware_msgs/msg/BrakeCmd.msg
[20.710s] -- Up-to-date: /home/capstone/autoware.ai/install/autoware_msgs/share/autoware_msgs/msg/Centroids.msg
[20.711s] -- Up-to-date: /home/capstone/autoware.ai/install/autoware_msgs/share/autoware_msgs/msg/CloudCluster.msg
[20.711s] -- Up-to-date: /home/capstone/autoware.ai/install/autoware_msgs/share/autoware_msgs/msg/CloudClusterArray.msg
[20.711s] -- Up-to-date: /home/capstone/autoware.ai/install/autoware_msgs/share/autoware_msgs/msg/ColorSet.msg
[20.711s] -- Up-to-date: /home/capstone/autoware.ai/install/autoware_msgs/share/autoware_msgs/msg/ControlCommand.msg
[20.712s] -- Up-to-date: /home/capstone/autoware.ai/install/autoware_msgs/share/autoware_msgs/msg/ControlCommandStamped.msg
[20.712s] -- Up-to-date: /home/capstone/autoware.ai/install/autoware_msgs/share/autoware_msgs/msg/DTLane.msg
[20.712s] -- Up-to-date: /home/capstone/autoware.ai/install/autoware_msgs/share/autoware_msgs/msg/DetectedObject.msg
[20.713s] -- Up-to-date: /home/capstone/autoware.ai/install/autoware_msgs/share/autoware_msgs/msg/DetectedObjectArray.msg
[20.713s] -- Up-to-date: /home/capstone/autoware.ai/install/autoware_msgs/share/autoware_msgs/msg/ExtractedPosition.msg
[20.713s] -- Up-to-date: /home/capstone/autoware.ai/install/autoware_msgs/share/autoware_msgs/msg/Gear.msg
[20.713s] -- Up-to-date: /home/capstone/autoware.ai/install/autoware_msgs/share/autoware_msgs/msg/GeometricRectangle.msg
[20.713s] -- Up-to-date: /home/capstone/autoware.ai/install/autoware_msgs/share/autoware_msgs/msg/ICPStat.msg
[20.714s] -- Up-to-date: /home/capstone/autoware.ai/install/autoware_msgs/share/autoware_msgs/msg/ImageLaneObjects.msg
[20.714s] -- Up-to-date: /home/capstone/autoware.ai/install/autoware_msgs/share/autoware_msgs/msg/ImageObj.msg
[20.714s] -- Up-to-date: /home/capstone/autoware.ai/install/autoware_msgs/share/autoware_msgs/msg/ImageObjRanged.msg
[20.714s] -- Up-to-date: /home/capstone/autoware.ai/install/autoware_msgs/share/autoware_msgs/msg/ImageObjTracked.msg
[20.714s] -- Up-to-date: /home/capstone/autoware.ai/install/autoware_msgs/share/autoware_msgs/msg/ImageObjects.msg
[20.714s] -- Up-to-date: /home/capstone/autoware.ai/install/autoware_msgs/share/autoware_msgs/msg/ImageRect.msg
[20.715s] -- Up-to-date: /home/capstone/autoware.ai/install/autoware_msgs/share/autoware_msgs/msg/ImageRectRanged.msg
[20.715s] -- Up-to-date: /home/capstone/autoware.ai/install/autoware_msgs/share/autoware_msgs/msg/IndicatorCmd.msg
[20.715s] -- Up-to-date: /home/capstone/autoware.ai/install/autoware_msgs/share/autoware_msgs/msg/LampCmd.msg
[20.715s] -- Up-to-date: /home/capstone/autoware.ai/install/autoware_msgs/share/autoware_msgs/msg/Lane.msg
[20.715s] -- Up-to-date: /home/capstone/autoware.ai/install/autoware_msgs/share/autoware_msgs/msg/LaneArray.msg
[20.715s] -- Up-to-date: /home/capstone/autoware.ai/install/autoware_msgs/share/autoware_msgs/msg/NDTStat.msg
[20.716s] -- Up-to-date: /home/capstone/autoware.ai/install/autoware_msgs/share/autoware_msgs/msg/ObjLabel.msg
[20.716s] -- Up-to-date: /home/capstone/autoware.ai/install/autoware_msgs/share/autoware_msgs/msg/ObjPose.msg
[20.716s] -- Up-to-date: /home/capstone/autoware.ai/install/autoware_msgs/share/autoware_msgs/msg/PointsImage.msg
[20.716s] -- Up-to-date: /home/capstone/autoware.ai/install/autoware_msgs/share/autoware_msgs/msg/ProjectionMatrix.msg
[20.717s] -- Up-to-date: /home/capstone/autoware.ai/install/autoware_msgs/share/autoware_msgs/msg/RemoteCmd.msg
[20.717s] -- Up-to-date: /home/capstone/autoware.ai/install/autoware_msgs/share/autoware_msgs/msg/ScanImage.msg
[20.717s] -- Up-to-date: /home/capstone/autoware.ai/install/autoware_msgs/share/autoware_msgs/msg/Signals.msg
[20.717s] -- Up-to-date: /home/capstone/autoware.ai/install/autoware_msgs/share/autoware_msgs/msg/State.msg
[20.718s] -- Up-to-date: /home/capstone/autoware.ai/install/autoware_msgs/share/autoware_msgs/msg/StateCmd.msg
[20.718s] -- Up-to-date: /home/capstone/autoware.ai/install/autoware_msgs/share/autoware_msgs/msg/SteerCmd.msg
[20.719s] -- Up-to-date: /home/capstone/autoware.ai/install/autoware_msgs/share/autoware_msgs/msg/SyncTimeDiff.msg
[20.719s] -- Up-to-date: /home/capstone/autoware.ai/install/autoware_msgs/share/autoware_msgs/msg/SyncTimeMonitor.msg
[20.719s] -- Up-to-date: /home/capstone/autoware.ai/install/autoware_msgs/share/autoware_msgs/msg/TrafficLight.msg
[20.720s] -- Up-to-date: /home/capstone/autoware.ai/install/autoware_msgs/share/autoware_msgs/msg/TrafficLightResult.msg
[20.720s] -- Up-to-date: /home/capstone/autoware.ai/install/autoware_msgs/share/autoware_msgs/msg/TrafficLightResultArray.msg
[20.720s] -- Up-to-date: /home/capstone/autoware.ai/install/autoware_msgs/share/autoware_msgs/msg/TunedResult.msg
[20.721s] -- Up-to-date: /home/capstone/autoware.ai/install/autoware_msgs/share/autoware_msgs/msg/ValueSet.msg
[20.722s] -- Up-to-date: /home/capstone/autoware.ai/install/autoware_msgs/share/autoware_msgs/msg/VehicleCmd.msg
[20.722s] -- Up-to-date: /home/capstone/autoware.ai/install/autoware_msgs/share/autoware_msgs/msg/VehicleLocation.msg
[20.722s] -- Up-to-date: /home/capstone/autoware.ai/install/autoware_msgs/share/autoware_msgs/msg/VehicleStatus.msg
[20.722s] -- Up-to-date: /home/capstone/autoware.ai/install/autoware_msgs/share/autoware_msgs/msg/VscanTracked.msg
[20.723s] -- Up-to-date: /home/capstone/autoware.ai/install/autoware_msgs/share/autoware_msgs/msg/VscanTrackedArray.msg
[20.723s] -- Up-to-date: /home/capstone/autoware.ai/install/autoware_msgs/share/autoware_msgs/msg/Waypoint.msg
[20.723s] -- Up-to-date: /home/capstone/autoware.ai/install/autoware_msgs/share/autoware_msgs/msg/WaypointState.msg
[20.723s] -- Up-to-date: /home/capstone/autoware.ai/install/autoware_msgs/share/autoware_msgs/srv/RecognizeLightState.srv
[20.723s] -- Up-to-date: /home/capstone/autoware.ai/install/autoware_msgs/share/autoware_msgs/cmake/autoware_msgs-msg-paths.cmake
[20.723s] -- Up-to-date: /home/capstone/autoware.ai/install/autoware_msgs/include/autoware_msgs
[20.724s] -- Up-to-date: /home/capstone/autoware.ai/install/autoware_msgs/include/autoware_msgs/VehicleLocation.h
[20.724s] -- Up-to-date: /home/capstone/autoware.ai/install/autoware_msgs/include/autoware_msgs/TrafficLight.h
[20.724s] -- Up-to-date: /home/capstone/autoware.ai/install/autoware_msgs/include/autoware_msgs/AdjustXY.h
[20.725s] -- Up-to-date: /home/capstone/autoware.ai/install/autoware_msgs/include/autoware_msgs/ImageRectRanged.h
[20.725s] -- Up-to-date: /home/capstone/autoware.ai/install/autoware_msgs/include/autoware_msgs/TrafficLightResult.h
[20.725s] -- Up-to-date: /home/capstone/autoware.ai/install/autoware_msgs/include/autoware_msgs/PointsImage.h
[20.726s] -- Up-to-date: /home/capstone/autoware.ai/install/autoware_msgs/include/autoware_msgs/WaypointState.h
[20.726s] -- Up-to-date: /home/capstone/autoware.ai/install/autoware_msgs/include/autoware_msgs/ObjLabel.h
[20.726s] -- Up-to-date: /home/capstone/autoware.ai/install/autoware_msgs/include/autoware_msgs/ColorSet.h
[20.726s] -- Up-to-date: /home/capstone/autoware.ai/install/autoware_msgs/include/autoware_msgs/ObjPose.h
[20.727s] -- Up-to-date: /home/capstone/autoware.ai/install/autoware_msgs/include/autoware_msgs/DTLane.h
[20.727s] -- Up-to-date: /home/capstone/autoware.ai/install/autoware_msgs/include/autoware_msgs/DetectedObject.h
[20.727s] -- Up-to-date: /home/capstone/autoware.ai/install/autoware_msgs/include/autoware_msgs/TrafficLightResultArray.h
[20.728s] -- Up-to-date: /home/capstone/autoware.ai/install/autoware_msgs/include/autoware_msgs/VscanTrackedArray.h
[20.728s] -- Up-to-date: /home/capstone/autoware.ai/install/autoware_msgs/include/autoware_msgs/SteerCmd.h
[20.728s] -- Up-to-date: /home/capstone/autoware.ai/install/autoware_msgs/include/autoware_msgs/StateCmd.h
[20.729s] -- Up-to-date: /home/capstone/autoware.ai/install/autoware_msgs/include/autoware_msgs/VehicleCmd.h
[20.729s] -- Up-to-date: /home/capstone/autoware.ai/install/autoware_msgs/include/autoware_msgs/Gear.h
[20.729s] -- Up-to-date: /home/capstone/autoware.ai/install/autoware_msgs/include/autoware_msgs/TunedResult.h
[20.730s] -- Up-to-date: /home/capstone/autoware.ai/install/autoware_msgs/include/autoware_msgs/ImageRect.h
[20.733s] -- Up-to-date: /home/capstone/autoware.ai/install/autoware_msgs/include/autoware_msgs/IndicatorCmd.h
[20.733s] -- Up-to-date: /home/capstone/autoware.ai/install/autoware_msgs/include/autoware_msgs/Waypoint.h
[20.733s] -- Up-to-date: /home/capstone/autoware.ai/install/autoware_msgs/include/autoware_msgs/Centroids.h
[20.734s] -- Up-to-date: /home/capstone/autoware.ai/install/autoware_msgs/include/autoware_msgs/BrakeCmd.h
[20.734s] -- Up-to-date: /home/capstone/autoware.ai/install/autoware_msgs/include/autoware_msgs/ImageObjRanged.h
[20.734s] -- Up-to-date: /home/capstone/autoware.ai/install/autoware_msgs/include/autoware_msgs/VehicleStatus.h
[20.734s] -- Up-to-date: /home/capstone/autoware.ai/install/autoware_msgs/include/autoware_msgs/ScanImage.h
[20.734s] -- Up-to-date: /home/capstone/autoware.ai/install/autoware_msgs/include/autoware_msgs/SyncTimeMonitor.h
[20.734s] -- Up-to-date: /home/capstone/autoware.ai/install/autoware_msgs/include/autoware_msgs/AccelCmd.h
[20.734s] -- Up-to-date: /home/capstone/autoware.ai/install/autoware_msgs/include/autoware_msgs/DetectedObjectArray.h
[20.735s] -- Up-to-date: /home/capstone/autoware.ai/install/autoware_msgs/include/autoware_msgs/CloudCluster.h
[20.735s] -- Up-to-date: /home/capstone/autoware.ai/install/autoware_msgs/include/autoware_msgs/State.h
[20.735s] -- Up-to-date: /home/capstone/autoware.ai/install/autoware_msgs/include/autoware_msgs/GeometricRectangle.h
[20.735s] -- Up-to-date: /home/capstone/autoware.ai/install/autoware_msgs/include/autoware_msgs/ImageObjTracked.h
[20.735s] -- Up-to-date: /home/capstone/autoware.ai/install/autoware_msgs/include/autoware_msgs/ControlCommand.h
[20.736s] -- Up-to-date: /home/capstone/autoware.ai/install/autoware_msgs/include/autoware_msgs/RecognizeLightState.h
[20.736s] -- Up-to-date: /home/capstone/autoware.ai/install/autoware_msgs/include/autoware_msgs/Lane.h
[20.737s] -- Up-to-date: /home/capstone/autoware.ai/install/autoware_msgs/include/autoware_msgs/ImageObj.h
[20.737s] -- Up-to-date: /home/capstone/autoware.ai/install/autoware_msgs/include/autoware_msgs/ProjectionMatrix.h
[20.737s] -- Up-to-date: /home/capstone/autoware.ai/install/autoware_msgs/include/autoware_msgs/CloudClusterArray.h
[20.737s] -- Up-to-date: /home/capstone/autoware.ai/install/autoware_msgs/include/autoware_msgs/ExtractedPosition.h
[20.739s] -- Up-to-date: /home/capstone/autoware.ai/install/autoware_msgs/include/autoware_msgs/LampCmd.h
[20.739s] -- Up-to-date: /home/capstone/autoware.ai/install/autoware_msgs/include/autoware_msgs/NDTStat.h
[20.739s] -- Up-to-date: /home/capstone/autoware.ai/install/autoware_msgs/include/autoware_msgs/ControlCommandStamped.h
[20.739s] -- Up-to-date: /home/capstone/autoware.ai/install/autoware_msgs/include/autoware_msgs/RecognizeLightStateResponse.h
[20.740s] -- Up-to-date: /home/capstone/autoware.ai/install/autoware_msgs/include/autoware_msgs/ICPStat.h
[20.741s] -- Up-to-date: /home/capstone/autoware.ai/install/autoware_msgs/include/autoware_msgs/ValueSet.h
[20.741s] -- Up-to-date: /home/capstone/autoware.ai/install/autoware_msgs/include/autoware_msgs/Signals.h
[20.741s] -- Up-to-date: /home/capstone/autoware.ai/install/autoware_msgs/include/autoware_msgs/RecognizeLightStateRequest.h
[20.741s] -- Up-to-date: /home/capstone/autoware.ai/install/autoware_msgs/include/autoware_msgs/ImageLaneObjects.h
[20.741s] -- Up-to-date: /home/capstone/autoware.ai/install/autoware_msgs/include/autoware_msgs/LaneArray.h
[20.741s] -- Up-to-date: /home/capstone/autoware.ai/install/autoware_msgs/include/autoware_msgs/RemoteCmd.h
[20.741s] -- Up-to-date: /home/capstone/autoware.ai/install/autoware_msgs/include/autoware_msgs/VscanTracked.h
[20.742s] -- Up-to-date: /home/capstone/autoware.ai/install/autoware_msgs/include/autoware_msgs/SyncTimeDiff.h
[20.742s] -- Up-to-date: /home/capstone/autoware.ai/install/autoware_msgs/include/autoware_msgs/ImageObjects.h
[20.742s] -- Up-to-date: /home/capstone/autoware.ai/install/autoware_msgs/share/roseus/ros/autoware_msgs
[20.742s] -- Up-to-date: /home/capstone/autoware.ai/install/autoware_msgs/share/roseus/ros/autoware_msgs/srv
[20.742s] -- Up-to-date: /home/capstone/autoware.ai/install/autoware_msgs/share/roseus/ros/autoware_msgs/srv/RecognizeLightState.l
[20.742s] -- Up-to-date: /home/capstone/autoware.ai/install/autoware_msgs/share/roseus/ros/autoware_msgs/manifest.l
[20.743s] -- Up-to-date: /home/capstone/autoware.ai/install/autoware_msgs/share/roseus/ros/autoware_msgs/msg
[20.743s] -- Up-to-date: /home/capstone/autoware.ai/install/autoware_msgs/share/roseus/ros/autoware_msgs/msg/TunedResult.l
[20.743s] -- Up-to-date: /home/capstone/autoware.ai/install/autoware_msgs/share/roseus/ros/autoware_msgs/msg/ImageObjTracked.l
[20.743s] -- Up-to-date: /home/capstone/autoware.ai/install/autoware_msgs/share/roseus/ros/autoware_msgs/msg/TrafficLightResultArray.l
[20.743s] -- Up-to-date: /home/capstone/autoware.ai/install/autoware_msgs/share/roseus/ros/autoware_msgs/msg/RemoteCmd.l
[20.743s] -- Up-to-date: /home/capstone/autoware.ai/install/autoware_msgs/share/roseus/ros/autoware_msgs/msg/ControlCommandStamped.l
[20.743s] -- Up-to-date: /home/capstone/autoware.ai/install/autoware_msgs/share/roseus/ros/autoware_msgs/msg/ImageRectRanged.l
[20.744s] -- Up-to-date: /home/capstone/autoware.ai/install/autoware_msgs/share/roseus/ros/autoware_msgs/msg/SyncTimeMonitor.l
[20.744s] -- Up-to-date: /home/capstone/autoware.ai/install/autoware_msgs/share/roseus/ros/autoware_msgs/msg/TrafficLightResult.l
[20.744s] -- Up-to-date: /home/capstone/autoware.ai/install/autoware_msgs/share/roseus/ros/autoware_msgs/msg/ExtractedPosition.l
[20.744s] -- Up-to-date: /home/capstone/autoware.ai/install/autoware_msgs/share/roseus/ros/autoware_msgs/msg/ImageObjRanged.l
[20.744s] -- Up-to-date: /home/capstone/autoware.ai/install/autoware_msgs/share/roseus/ros/autoware_msgs/msg/AccelCmd.l
[20.744s] -- Up-to-date: /home/capstone/autoware.ai/install/autoware_msgs/share/roseus/ros/autoware_msgs/msg/Waypoint.l
[20.751s] -- Up-to-date: /home/capstone/autoware.ai/install/autoware_msgs/share/roseus/ros/autoware_msgs/msg/StateCmd.l
[20.751s] -- Up-to-date: /home/capstone/autoware.ai/install/autoware_msgs/share/roseus/ros/autoware_msgs/msg/ValueSet.l
[20.751s] -- Up-to-date: /home/capstone/autoware.ai/install/autoware_msgs/share/roseus/ros/autoware_msgs/msg/DetectedObject.l
[20.751s] -- Up-to-date: /home/capstone/autoware.ai/install/autoware_msgs/share/roseus/ros/autoware_msgs/msg/VscanTrackedArray.l
[20.758s] -- Up-to-date: /home/capstone/autoware.ai/install/autoware_msgs/share/roseus/ros/autoware_msgs/msg/IndicatorCmd.l
[20.758s] -- Up-to-date: /home/capstone/autoware.ai/install/autoware_msgs/share/roseus/ros/autoware_msgs/msg/ScanImage.l
[20.758s] -- Up-to-date: /home/capstone/autoware.ai/install/autoware_msgs/share/roseus/ros/autoware_msgs/msg/LaneArray.l
[20.762s] -- Up-to-date: /home/capstone/autoware.ai/install/autoware_msgs/share/roseus/ros/autoware_msgs/msg/State.l
[20.762s] -- Up-to-date: /home/capstone/autoware.ai/install/autoware_msgs/share/roseus/ros/autoware_msgs/msg/ColorSet.l
[20.763s] -- Up-to-date: /home/capstone/autoware.ai/install/autoware_msgs/share/roseus/ros/autoware_msgs/msg/Gear.l
[20.763s] -- Up-to-date: /home/capstone/autoware.ai/install/autoware_msgs/share/roseus/ros/autoware_msgs/msg/Signals.l
[20.763s] -- Up-to-date: /home/capstone/autoware.ai/install/autoware_msgs/share/roseus/ros/autoware_msgs/msg/TrafficLight.l
[20.763s] -- Up-to-date: /home/capstone/autoware.ai/install/autoware_msgs/share/roseus/ros/autoware_msgs/msg/ObjPose.l
[20.763s] -- Up-to-date: /home/capstone/autoware.ai/install/autoware_msgs/share/roseus/ros/autoware_msgs/msg/ObjLabel.l
[20.763s] -- Up-to-date: /home/capstone/autoware.ai/install/autoware_msgs/share/roseus/ros/autoware_msgs/msg/ImageLaneObjects.l
[20.764s] -- Up-to-date: /home/capstone/autoware.ai/install/autoware_msgs/share/roseus/ros/autoware_msgs/msg/SteerCmd.l
[20.764s] -- Up-to-date: /home/capstone/autoware.ai/install/autoware_msgs/share/roseus/ros/autoware_msgs/msg/ICPStat.l
[20.764s] -- Up-to-date: /home/capstone/autoware.ai/install/autoware_msgs/share/roseus/ros/autoware_msgs/msg/DetectedObjectArray.l
[20.764s] -- Up-to-date: /home/capstone/autoware.ai/install/autoware_msgs/share/roseus/ros/autoware_msgs/msg/CloudClusterArray.l
[20.764s] -- Up-to-date: /home/capstone/autoware.ai/install/autoware_msgs/share/roseus/ros/autoware_msgs/msg/WaypointState.l
[20.764s] -- Up-to-date: /home/capstone/autoware.ai/install/autoware_msgs/share/roseus/ros/autoware_msgs/msg/Lane.l
[20.765s] -- Up-to-date: /home/capstone/autoware.ai/install/autoware_msgs/share/roseus/ros/autoware_msgs/msg/PointsImage.l
[20.765s] -- Up-to-date: /home/capstone/autoware.ai/install/autoware_msgs/share/roseus/ros/autoware_msgs/msg/ProjectionMatrix.l
[20.765s] -- Up-to-date: /home/capstone/autoware.ai/install/autoware_msgs/share/roseus/ros/autoware_msgs/msg/DTLane.l
[20.765s] -- Up-to-date: /home/capstone/autoware.ai/install/autoware_msgs/share/roseus/ros/autoware_msgs/msg/CloudCluster.l
[20.765s] -- Up-to-date: /home/capstone/autoware.ai/install/autoware_msgs/share/roseus/ros/autoware_msgs/msg/VehicleStatus.l
[20.765s] -- Up-to-date: /home/capstone/autoware.ai/install/autoware_msgs/share/roseus/ros/autoware_msgs/msg/VehicleLocation.l
[20.766s] -- Up-to-date: /home/capstone/autoware.ai/install/autoware_msgs/share/roseus/ros/autoware_msgs/msg/SyncTimeDiff.l
[20.766s] -- Up-to-date: /home/capstone/autoware.ai/install/autoware_msgs/share/roseus/ros/autoware_msgs/msg/NDTStat.l
[20.766s] -- Up-to-date: /home/capstone/autoware.ai/install/autoware_msgs/share/roseus/ros/autoware_msgs/msg/ImageRect.l
[20.766s] -- Up-to-date: /home/capstone/autoware.ai/install/autoware_msgs/share/roseus/ros/autoware_msgs/msg/VscanTracked.l
[20.766s] -- Up-to-date: /home/capstone/autoware.ai/install/autoware_msgs/share/roseus/ros/autoware_msgs/msg/AdjustXY.l
[20.766s] -- Up-to-date: /home/capstone/autoware.ai/install/autoware_msgs/share/roseus/ros/autoware_msgs/msg/Centroids.l
[20.767s] -- Up-to-date: /home/capstone/autoware.ai/install/autoware_msgs/share/roseus/ros/autoware_msgs/msg/VehicleCmd.l
[20.767s] -- Up-to-date: /home/capstone/autoware.ai/install/autoware_msgs/share/roseus/ros/autoware_msgs/msg/ImageObjects.l
[20.767s] -- Up-to-date: /home/capstone/autoware.ai/install/autoware_msgs/share/roseus/ros/autoware_msgs/msg/LampCmd.l
[20.767s] -- Up-to-date: /home/capstone/autoware.ai/install/autoware_msgs/share/roseus/ros/autoware_msgs/msg/ImageObj.l
[20.767s] -- Up-to-date: /home/capstone/autoware.ai/install/autoware_msgs/share/roseus/ros/autoware_msgs/msg/GeometricRectangle.l
[20.767s] -- Up-to-date: /home/capstone/autoware.ai/install/autoware_msgs/share/roseus/ros/autoware_msgs/msg/ControlCommand.l
[20.767s] -- Up-to-date: /home/capstone/autoware.ai/install/autoware_msgs/share/roseus/ros/autoware_msgs/msg/BrakeCmd.l
[20.768s] -- Up-to-date: /home/capstone/autoware.ai/install/autoware_msgs/share/common-lisp/ros/autoware_msgs
[20.768s] -- Up-to-date: /home/capstone/autoware.ai/install/autoware_msgs/share/common-lisp/ros/autoware_msgs/srv
[20.768s] -- Up-to-date: /home/capstone/autoware.ai/install/autoware_msgs/share/common-lisp/ros/autoware_msgs/srv/RecognizeLightState.lisp
[20.768s] -- Up-to-date: /home/capstone/autoware.ai/install/autoware_msgs/share/common-lisp/ros/autoware_msgs/srv/_package.lisp
[20.768s] -- Up-to-date: /home/capstone/autoware.ai/install/autoware_msgs/share/common-lisp/ros/autoware_msgs/srv/autoware_msgs-srv.asd
[20.768s] -- Up-to-date: /home/capstone/autoware.ai/install/autoware_msgs/share/common-lisp/ros/autoware_msgs/srv/_package_RecognizeLightState.lisp
[20.769s] -- Up-to-date: /home/capstone/autoware.ai/install/autoware_msgs/share/common-lisp/ros/autoware_msgs/msg
[20.769s] -- Up-to-date: /home/capstone/autoware.ai/install/autoware_msgs/share/common-lisp/ros/autoware_msgs/msg/_package_ScanImage.lisp
[20.769s] -- Up-to-date: /home/capstone/autoware.ai/install/autoware_msgs/share/common-lisp/ros/autoware_msgs/msg/WaypointState.lisp
[20.769s] -- Up-to-date: /home/capstone/autoware.ai/install/autoware_msgs/share/common-lisp/ros/autoware_msgs/msg/ControlCommand.lisp
[20.769s] -- Up-to-date: /home/capstone/autoware.ai/install/autoware_msgs/share/common-lisp/ros/autoware_msgs/msg/_package_ImageObjTracked.lisp
[20.769s] -- Up-to-date: /home/capstone/autoware.ai/install/autoware_msgs/share/common-lisp/ros/autoware_msgs/msg/_package_DTLane.lisp
[20.770s] -- Up-to-date: /home/capstone/autoware.ai/install/autoware_msgs/share/common-lisp/ros/autoware_msgs/msg/_package_AdjustXY.lisp
[20.770s] -- Up-to-date: /home/capstone/autoware.ai/install/autoware_msgs/share/common-lisp/ros/autoware_msgs/msg/_package_Gear.lisp
[20.770s] -- Up-to-date: /home/capstone/autoware.ai/install/autoware_msgs/share/common-lisp/ros/autoware_msgs/msg/LampCmd.lisp
[20.770s] -- Up-to-date: /home/capstone/autoware.ai/install/autoware_msgs/share/common-lisp/ros/autoware_msgs/msg/CloudCluster.lisp
[20.770s] -- Up-to-date: /home/capstone/autoware.ai/install/autoware_msgs/share/common-lisp/ros/autoware_msgs/msg/SyncTimeMonitor.lisp
[20.771s] -- Up-to-date: /home/capstone/autoware.ai/install/autoware_msgs/share/common-lisp/ros/autoware_msgs/msg/TrafficLightResult.lisp
[20.771s] -- Up-to-date: /home/capstone/autoware.ai/install/autoware_msgs/share/common-lisp/ros/autoware_msgs/msg/StateCmd.lisp
[20.771s] -- Up-to-date: /home/capstone/autoware.ai/install/autoware_msgs/share/common-lisp/ros/autoware_msgs/msg/Centroids.lisp
[20.771s] -- Up-to-date: /home/capstone/autoware.ai/install/autoware_msgs/share/common-lisp/ros/autoware_msgs/msg/ScanImage.lisp
[20.771s] -- Up-to-date: /home/capstone/autoware.ai/install/autoware_msgs/share/common-lisp/ros/autoware_msgs/msg/_package_CloudClusterArray.lisp
[20.772s] -- Up-to-date: /home/capstone/autoware.ai/install/autoware_msgs/share/common-lisp/ros/autoware_msgs/msg/_package_VscanTracked.lisp
[20.772s] -- Up-to-date: /home/capstone/autoware.ai/install/autoware_msgs/share/common-lisp/ros/autoware_msgs/msg/Lane.lisp
[20.772s] -- Up-to-date: /home/capstone/autoware.ai/install/autoware_msgs/share/common-lisp/ros/autoware_msgs/msg/autoware_msgs-msg.asd
[20.772s] -- Up-to-date: /home/capstone/autoware.ai/install/autoware_msgs/share/common-lisp/ros/autoware_msgs/msg/Waypoint.lisp
[20.772s] -- Up-to-date: /home/capstone/autoware.ai/install/autoware_msgs/share/common-lisp/ros/autoware_msgs/msg/ImageRect.lisp
[20.773s] -- Up-to-date: /home/capstone/autoware.ai/install/autoware_msgs/share/common-lisp/ros/autoware_msgs/msg/_package_TunedResult.lisp
[20.773s] -- Up-to-date: /home/capstone/autoware.ai/install/autoware_msgs/share/common-lisp/ros/autoware_msgs/msg/_package_CloudCluster.lisp
[20.773s] -- Up-to-date: /home/capstone/autoware.ai/install/autoware_msgs/share/common-lisp/ros/autoware_msgs/msg/_package_AccelCmd.lisp
[20.773s] -- Up-to-date: /home/capstone/autoware.ai/install/autoware_msgs/share/common-lisp/ros/autoware_msgs/msg/_package_ControlCommandStamped.lisp
[20.774s] -- Up-to-date: /home/capstone/autoware.ai/install/autoware_msgs/share/common-lisp/ros/autoware_msgs/msg/DetectedObjectArray.lisp
[20.774s] -- Up-to-date: /home/capstone/autoware.ai/install/autoware_msgs/share/common-lisp/ros/autoware_msgs/msg/_package_ExtractedPosition.lisp
[20.774s] -- Up-to-date: /home/capstone/autoware.ai/install/autoware_msgs/share/common-lisp/ros/autoware_msgs/msg/_package_ImageLaneObjects.lisp
[20.774s] -- Up-to-date: /home/capstone/autoware.ai/install/autoware_msgs/share/common-lisp/ros/autoware_msgs/msg/Signals.lisp
[20.774s] -- Up-to-date: /home/capstone/autoware.ai/install/autoware_msgs/share/common-lisp/ros/autoware_msgs/msg/_package_GeometricRectangle.lisp
[20.775s] -- Up-to-date: /home/capstone/autoware.ai/install/autoware_msgs/share/common-lisp/ros/autoware_msgs/msg/ImageLaneObjects.lisp
[20.775s] -- Up-to-date: /home/capstone/autoware.ai/install/autoware_msgs/share/common-lisp/ros/autoware_msgs/msg/_package_IndicatorCmd.lisp
[20.775s] -- Up-to-date: /home/capstone/autoware.ai/install/autoware_msgs/share/common-lisp/ros/autoware_msgs/msg/ControlCommandStamped.lisp
[20.775s] -- Up-to-date: /home/capstone/autoware.ai/install/autoware_msgs/share/common-lisp/ros/autoware_msgs/msg/VehicleStatus.lisp
[20.775s] -- Up-to-date: /home/capstone/autoware.ai/install/autoware_msgs/share/common-lisp/ros/autoware_msgs/msg/_package_ImageRectRanged.lisp
[20.776s] -- Up-to-date: /home/capstone/autoware.ai/install/autoware_msgs/share/common-lisp/ros/autoware_msgs/msg/_package_LampCmd.lisp
[20.776s] -- Up-to-date: /home/capstone/autoware.ai/install/autoware_msgs/share/common-lisp/ros/autoware_msgs/msg/VscanTrackedArray.lisp
[20.776s] -- Up-to-date: /home/capstone/autoware.ai/install/autoware_msgs/share/common-lisp/ros/autoware_msgs/msg/_package_DetectedObject.lisp
[20.776s] -- Up-to-date: /home/capstone/autoware.ai/install/autoware_msgs/share/common-lisp/ros/autoware_msgs/msg/TunedResult.lisp
[20.776s] -- Up-to-date: /home/capstone/autoware.ai/install/autoware_msgs/share/common-lisp/ros/autoware_msgs/msg/ImageRectRanged.lisp
[20.777s] -- Up-to-date: /home/capstone/autoware.ai/install/autoware_msgs/share/common-lisp/ros/autoware_msgs/msg/_package_RemoteCmd.lisp
[20.777s] -- Up-to-date: /home/capstone/autoware.ai/install/autoware_msgs/share/common-lisp/ros/autoware_msgs/msg/NDTStat.lisp
[20.777s] -- Up-to-date: /home/capstone/autoware.ai/install/autoware_msgs/share/common-lisp/ros/autoware_msgs/msg/ExtractedPosition.lisp
[20.777s] -- Up-to-date: /home/capstone/autoware.ai/install/autoware_msgs/share/common-lisp/ros/autoware_msgs/msg/_package_ColorSet.lisp
[20.777s] -- Up-to-date: /home/capstone/autoware.ai/install/autoware_msgs/share/common-lisp/ros/autoware_msgs/msg/_package_DetectedObjectArray.lisp
[20.778s] -- Up-to-date: /home/capstone/autoware.ai/install/autoware_msgs/share/common-lisp/ros/autoware_msgs/msg/_package_SyncTimeDiff.lisp
[20.778s] -- Up-to-date: /home/capstone/autoware.ai/install/autoware_msgs/share/common-lisp/ros/autoware_msgs/msg/_package.lisp
[20.779s] -- Up-to-date: /home/capstone/autoware.ai/install/autoware_msgs/share/common-lisp/ros/autoware_msgs/msg/_package_TrafficLightResultArray.lisp
[20.779s] -- Up-to-date: /home/capstone/autoware.ai/install/autoware_msgs/share/common-lisp/ros/autoware_msgs/msg/_package_ImageObj.lisp
[20.780s] -- Up-to-date: /home/capstone/autoware.ai/install/autoware_msgs/share/common-lisp/ros/autoware_msgs/msg/BrakeCmd.lisp
[20.780s] -- Up-to-date: /home/capstone/autoware.ai/install/autoware_msgs/share/common-lisp/ros/autoware_msgs/msg/_package_NDTStat.lisp
[20.785s] -- Up-to-date: /home/capstone/autoware.ai/install/autoware_msgs/share/common-lisp/ros/autoware_msgs/msg/_package_ImageRect.lisp
[20.786s] -- Up-to-date: /home/capstone/autoware.ai/install/autoware_msgs/share/common-lisp/ros/autoware_msgs/msg/ProjectionMatrix.lisp
[20.786s] -- Up-to-date: /home/capstone/autoware.ai/install/autoware_msgs/share/common-lisp/ros/autoware_msgs/msg/_package_ObjLabel.lisp
[20.786s] -- Up-to-date: /home/capstone/autoware.ai/install/autoware_msgs/share/common-lisp/ros/autoware_msgs/msg/_package_WaypointState.lisp
[20.786s] -- Up-to-date: /home/capstone/autoware.ai/install/autoware_msgs/share/common-lisp/ros/autoware_msgs/msg/AdjustXY.lisp
[20.786s] -- Up-to-date: /home/capstone/autoware.ai/install/autoware_msgs/share/common-lisp/ros/autoware_msgs/msg/_package_ImageObjRanged.lisp
[20.787s] -- Up-to-date: /home/capstone/autoware.ai/install/autoware_msgs/share/common-lisp/ros/autoware_msgs/msg/AccelCmd.lisp
[20.787s] -- Up-to-date: /home/capstone/autoware.ai/install/autoware_msgs/share/common-lisp/ros/autoware_msgs/msg/_package_Signals.lisp
[20.787s] -- Up-to-date: /home/capstone/autoware.ai/install/autoware_msgs/share/common-lisp/ros/autoware_msgs/msg/ImageObjTracked.lisp
[20.787s] -- Up-to-date: /home/capstone/autoware.ai/install/autoware_msgs/share/common-lisp/ros/autoware_msgs/msg/TrafficLight.lisp
[20.787s] -- Up-to-date: /home/capstone/autoware.ai/install/autoware_msgs/share/common-lisp/ros/autoware_msgs/msg/RemoteCmd.lisp
[20.787s] -- Up-to-date: /home/capstone/autoware.ai/install/autoware_msgs/share/common-lisp/ros/autoware_msgs/msg/Gear.lisp
[20.788s] -- Up-to-date: /home/capstone/autoware.ai/install/autoware_msgs/share/common-lisp/ros/autoware_msgs/msg/TrafficLightResultArray.lisp
[20.788s] -- Up-to-date: /home/capstone/autoware.ai/install/autoware_msgs/share/common-lisp/ros/autoware_msgs/msg/_package_Centroids.lisp
[20.788s] -- Up-to-date: /home/capstone/autoware.ai/install/autoware_msgs/share/common-lisp/ros/autoware_msgs/msg/SteerCmd.lisp
[20.788s] -- Up-to-date: /home/capstone/autoware.ai/install/autoware_msgs/share/common-lisp/ros/autoware_msgs/msg/DTLane.lisp
[20.788s] -- Up-to-date: /home/capstone/autoware.ai/install/autoware_msgs/share/common-lisp/ros/autoware_msgs/msg/_package_ObjPose.lisp
[20.788s] -- Up-to-date: /home/capstone/autoware.ai/install/autoware_msgs/share/common-lisp/ros/autoware_msgs/msg/_package_SteerCmd.lisp
[20.788s] -- Up-to-date: /home/capstone/autoware.ai/install/autoware_msgs/share/common-lisp/ros/autoware_msgs/msg/_package_Lane.lisp
[20.789s] -- Up-to-date: /home/capstone/autoware.ai/install/autoware_msgs/share/common-lisp/ros/autoware_msgs/msg/CloudClusterArray.lisp
[20.789s] -- Up-to-date: /home/capstone/autoware.ai/install/autoware_msgs/share/common-lisp/ros/autoware_msgs/msg/IndicatorCmd.lisp
[20.789s] -- Up-to-date: /home/capstone/autoware.ai/install/autoware_msgs/share/common-lisp/ros/autoware_msgs/msg/_package_ProjectionMatrix.lisp
[20.789s] -- Up-to-date: /home/capstone/autoware.ai/install/autoware_msgs/share/common-lisp/ros/autoware_msgs/msg/_package_ControlCommand.lisp
[20.789s] -- Up-to-date: /home/capstone/autoware.ai/install/autoware_msgs/share/common-lisp/ros/autoware_msgs/msg/_package_ICPStat.lisp
[20.789s] -- Up-to-date: /home/capstone/autoware.ai/install/autoware_msgs/share/common-lisp/ros/autoware_msgs/msg/State.lisp
[20.790s] -- Up-to-date: /home/capstone/autoware.ai/install/autoware_msgs/share/common-lisp/ros/autoware_msgs/msg/GeometricRectangle.lisp
[20.790s] -- Up-to-date: /home/capstone/autoware.ai/install/autoware_msgs/share/common-lisp/ros/autoware_msgs/msg/_package_PointsImage.lisp
[20.790s] -- Up-to-date: /home/capstone/autoware.ai/install/autoware_msgs/share/common-lisp/ros/autoware_msgs/msg/VehicleCmd.lisp
[20.790s] -- Up-to-date: /home/capstone/autoware.ai/install/autoware_msgs/share/common-lisp/ros/autoware_msgs/msg/_package_SyncTimeMonitor.lisp
[20.790s] -- Up-to-date: /home/capstone/autoware.ai/install/autoware_msgs/share/common-lisp/ros/autoware_msgs/msg/ImageObjRanged.lisp
[20.790s] -- Up-to-date: /home/capstone/autoware.ai/install/autoware_msgs/share/common-lisp/ros/autoware_msgs/msg/_package_ImageObjects.lisp
[20.791s] -- Up-to-date: /home/capstone/autoware.ai/install/autoware_msgs/share/common-lisp/ros/autoware_msgs/msg/_package_VehicleStatus.lisp
[20.791s] -- Up-to-date: /home/capstone/autoware.ai/install/autoware_msgs/share/common-lisp/ros/autoware_msgs/msg/ObjPose.lisp
[20.791s] -- Up-to-date: /home/capstone/autoware.ai/install/autoware_msgs/share/common-lisp/ros/autoware_msgs/msg/ObjLabel.lisp
[20.791s] -- Up-to-date: /home/capstone/autoware.ai/install/autoware_msgs/share/common-lisp/ros/autoware_msgs/msg/_package_TrafficLightResult.lisp
[20.792s] -- Up-to-date: /home/capstone/autoware.ai/install/autoware_msgs/share/common-lisp/ros/autoware_msgs/msg/ImageObj.lisp
[20.792s] -- Up-to-date: /home/capstone/autoware.ai/install/autoware_msgs/share/common-lisp/ros/autoware_msgs/msg/ValueSet.lisp
[20.792s] -- Up-to-date: /home/capstone/autoware.ai/install/autoware_msgs/share/common-lisp/ros/autoware_msgs/msg/VscanTracked.lisp
[20.793s] -- Up-to-date: /home/capstone/autoware.ai/install/autoware_msgs/share/common-lisp/ros/autoware_msgs/msg/_package_ValueSet.lisp
[20.793s] -- Up-to-date: /home/capstone/autoware.ai/install/autoware_msgs/share/common-lisp/ros/autoware_msgs/msg/SyncTimeDiff.lisp
[20.793s] -- Up-to-date: /home/capstone/autoware.ai/install/autoware_msgs/share/common-lisp/ros/autoware_msgs/msg/_package_Waypoint.lisp
[20.793s] -- Up-to-date: /home/capstone/autoware.ai/install/autoware_msgs/share/common-lisp/ros/autoware_msgs/msg/PointsImage.lisp
[20.793s] -- Up-to-date: /home/capstone/autoware.ai/install/autoware_msgs/share/common-lisp/ros/autoware_msgs/msg/_package_VehicleCmd.lisp
[20.793s] -- Up-to-date: /home/capstone/autoware.ai/install/autoware_msgs/share/common-lisp/ros/autoware_msgs/msg/_package_TrafficLight.lisp
[20.794s] -- Up-to-date: /home/capstone/autoware.ai/install/autoware_msgs/share/common-lisp/ros/autoware_msgs/msg/_package_State.lisp
[20.794s] -- Up-to-date: /home/capstone/autoware.ai/install/autoware_msgs/share/common-lisp/ros/autoware_msgs/msg/VehicleLocation.lisp
[20.794s] -- Up-to-date: /home/capstone/autoware.ai/install/autoware_msgs/share/common-lisp/ros/autoware_msgs/msg/DetectedObject.lisp
[20.794s] -- Up-to-date: /home/capstone/autoware.ai/install/autoware_msgs/share/common-lisp/ros/autoware_msgs/msg/_package_VscanTrackedArray.lisp
[20.794s] -- Up-to-date: /home/capstone/autoware.ai/install/autoware_msgs/share/common-lisp/ros/autoware_msgs/msg/_package_BrakeCmd.lisp
[20.794s] -- Up-to-date: /home/capstone/autoware.ai/install/autoware_msgs/share/common-lisp/ros/autoware_msgs/msg/ColorSet.lisp
[20.794s] -- Up-to-date: /home/capstone/autoware.ai/install/autoware_msgs/share/common-lisp/ros/autoware_msgs/msg/_package_LaneArray.lisp
[20.795s] -- Up-to-date: /home/capstone/autoware.ai/install/autoware_msgs/share/common-lisp/ros/autoware_msgs/msg/ICPStat.lisp
[20.797s] -- Up-to-date: /home/capstone/autoware.ai/install/autoware_msgs/share/common-lisp/ros/autoware_msgs/msg/_package_StateCmd.lisp
[20.797s] -- Up-to-date: /home/capstone/autoware.ai/install/autoware_msgs/share/common-lisp/ros/autoware_msgs/msg/ImageObjects.lisp
[20.798s] -- Up-to-date: /home/capstone/autoware.ai/install/autoware_msgs/share/common-lisp/ros/autoware_msgs/msg/_package_VehicleLocation.lisp
[20.798s] -- Up-to-date: /home/capstone/autoware.ai/install/autoware_msgs/share/common-lisp/ros/autoware_msgs/msg/LaneArray.lisp
[20.798s] -- Up-to-date: /home/capstone/autoware.ai/install/autoware_msgs/share/gennodejs/ros/autoware_msgs
[20.801s] -- Up-to-date: /home/capstone/autoware.ai/install/autoware_msgs/share/gennodejs/ros/autoware_msgs/_index.js
[20.801s] -- Up-to-date: /home/capstone/autoware.ai/install/autoware_msgs/share/gennodejs/ros/autoware_msgs/srv
[20.801s] -- Up-to-date: /home/capstone/autoware.ai/install/autoware_msgs/share/gennodejs/ros/autoware_msgs/srv/_index.js
[20.801s] -- Up-to-date: /home/capstone/autoware.ai/install/autoware_msgs/share/gennodejs/ros/autoware_msgs/srv/RecognizeLightState.js
[20.801s] -- Up-to-date: /home/capstone/autoware.ai/install/autoware_msgs/share/gennodejs/ros/autoware_msgs/msg
[20.801s] -- Up-to-date: /home/capstone/autoware.ai/install/autoware_msgs/share/gennodejs/ros/autoware_msgs/msg/DetectedObjectArray.js
[20.802s] -- Up-to-date: /home/capstone/autoware.ai/install/autoware_msgs/share/gennodejs/ros/autoware_msgs/msg/CloudCluster.js
[20.802s] -- Up-to-date: /home/capstone/autoware.ai/install/autoware_msgs/share/gennodejs/ros/autoware_msgs/msg/WaypointState.js
[20.802s] -- Up-to-date: /home/capstone/autoware.ai/install/autoware_msgs/share/gennodejs/ros/autoware_msgs/msg/GeometricRectangle.js
[20.802s] -- Up-to-date: /home/capstone/autoware.ai/install/autoware_msgs/share/gennodejs/ros/autoware_msgs/msg/TrafficLightResultArray.js
[20.802s] -- Up-to-date: /home/capstone/autoware.ai/install/autoware_msgs/share/gennodejs/ros/autoware_msgs/msg/AccelCmd.js
[20.802s] -- Up-to-date: /home/capstone/autoware.ai/install/autoware_msgs/share/gennodejs/ros/autoware_msgs/msg/StateCmd.js
[20.803s] -- Up-to-date: /home/capstone/autoware.ai/install/autoware_msgs/share/gennodejs/ros/autoware_msgs/msg/VehicleLocation.js
[20.803s] -- Up-to-date: /home/capstone/autoware.ai/install/autoware_msgs/share/gennodejs/ros/autoware_msgs/msg/ColorSet.js
[20.803s] -- Up-to-date: /home/capstone/autoware.ai/install/autoware_msgs/share/gennodejs/ros/autoware_msgs/msg/ImageObj.js
[20.803s] -- Up-to-date: /home/capstone/autoware.ai/install/autoware_msgs/share/gennodejs/ros/autoware_msgs/msg/Waypoint.js
[20.803s] -- Up-to-date: /home/capstone/autoware.ai/install/autoware_msgs/share/gennodejs/ros/autoware_msgs/msg/LaneArray.js
[20.803s] -- Up-to-date: /home/capstone/autoware.ai/install/autoware_msgs/share/gennodejs/ros/autoware_msgs/msg/_index.js
[20.803s] -- Up-to-date: /home/capstone/autoware.ai/install/autoware_msgs/share/gennodejs/ros/autoware_msgs/msg/LampCmd.js
[20.804s] -- Up-to-date: /home/capstone/autoware.ai/install/autoware_msgs/share/gennodejs/ros/autoware_msgs/msg/Lane.js
[20.804s] -- Up-to-date: /home/capstone/autoware.ai/install/autoware_msgs/share/gennodejs/ros/autoware_msgs/msg/VscanTracked.js
[20.813s] -- Up-to-date: /home/capstone/autoware.ai/install/autoware_msgs/share/gennodejs/ros/autoware_msgs/msg/DetectedObject.js
[20.813s] -- Up-to-date: /home/capstone/autoware.ai/install/autoware_msgs/share/gennodejs/ros/autoware_msgs/msg/ControlCommandStamped.js
[20.813s] -- Up-to-date: /home/capstone/autoware.ai/install/autoware_msgs/share/gennodejs/ros/autoware_msgs/msg/ImageObjTracked.js
[20.813s] -- Up-to-date: /home/capstone/autoware.ai/install/autoware_msgs/share/gennodejs/ros/autoware_msgs/msg/CloudClusterArray.js
[20.813s] -- Up-to-date: /home/capstone/autoware.ai/install/autoware_msgs/share/gennodejs/ros/autoware_msgs/msg/ImageObjects.js
[20.814s] -- Up-to-date: /home/capstone/autoware.ai/install/autoware_msgs/share/gennodejs/ros/autoware_msgs/msg/SyncTimeDiff.js
[20.814s] -- Up-to-date: /home/capstone/autoware.ai/install/autoware_msgs/share/gennodejs/ros/autoware_msgs/msg/VehicleStatus.js
[20.814s] -- Up-to-date: /home/capstone/autoware.ai/install/autoware_msgs/share/gennodejs/ros/autoware_msgs/msg/ExtractedPosition.js
[20.814s] -- Up-to-date: /home/capstone/autoware.ai/install/autoware_msgs/share/gennodejs/ros/autoware_msgs/msg/TrafficLightResult.js
[20.814s] -- Up-to-date: /home/capstone/autoware.ai/install/autoware_msgs/share/gennodejs/ros/autoware_msgs/msg/ProjectionMatrix.js
[20.815s] -- Up-to-date: /home/capstone/autoware.ai/install/autoware_msgs/share/gennodejs/ros/autoware_msgs/msg/BrakeCmd.js
[20.815s] -- Up-to-date: /home/capstone/autoware.ai/install/autoware_msgs/share/gennodejs/ros/autoware_msgs/msg/ObjLabel.js
[20.815s] -- Up-to-date: /home/capstone/autoware.ai/install/autoware_msgs/share/gennodejs/ros/autoware_msgs/msg/ICPStat.js
[20.815s] -- Up-to-date: /home/capstone/autoware.ai/install/autoware_msgs/share/gennodejs/ros/autoware_msgs/msg/ValueSet.js
[20.815s] -- Up-to-date: /home/capstone/autoware.ai/install/autoware_msgs/share/gennodejs/ros/autoware_msgs/msg/SteerCmd.js
[20.815s] -- Up-to-date: /home/capstone/autoware.ai/install/autoware_msgs/share/gennodejs/ros/autoware_msgs/msg/PointsImage.js
[20.816s] -- Up-to-date: /home/capstone/autoware.ai/install/autoware_msgs/share/gennodejs/ros/autoware_msgs/msg/ObjPose.js
[20.816s] -- Up-to-date: /home/capstone/autoware.ai/install/autoware_msgs/share/gennodejs/ros/autoware_msgs/msg/IndicatorCmd.js
[20.816s] -- Up-to-date: /home/capstone/autoware.ai/install/autoware_msgs/share/gennodejs/ros/autoware_msgs/msg/RemoteCmd.js
[20.816s] -- Up-to-date: /home/capstone/autoware.ai/install/autoware_msgs/share/gennodejs/ros/autoware_msgs/msg/SyncTimeMonitor.js
[20.816s] -- Up-to-date: /home/capstone/autoware.ai/install/autoware_msgs/share/gennodejs/ros/autoware_msgs/msg/TunedResult.js
[20.816s] -- Up-to-date: /home/capstone/autoware.ai/install/autoware_msgs/share/gennodejs/ros/autoware_msgs/msg/Centroids.js
[20.816s] -- Up-to-date: /home/capstone/autoware.ai/install/autoware_msgs/share/gennodejs/ros/autoware_msgs/msg/DTLane.js
[20.817s] -- Up-to-date: /home/capstone/autoware.ai/install/autoware_msgs/share/gennodejs/ros/autoware_msgs/msg/ImageRect.js
[20.817s] -- Up-to-date: /home/capstone/autoware.ai/install/autoware_msgs/share/gennodejs/ros/autoware_msgs/msg/Gear.js
[20.817s] -- Up-to-date: /home/capstone/autoware.ai/install/autoware_msgs/share/gennodejs/ros/autoware_msgs/msg/Signals.js
[20.817s] -- Up-to-date: /home/capstone/autoware.ai/install/autoware_msgs/share/gennodejs/ros/autoware_msgs/msg/NDTStat.js
[20.817s] -- Up-to-date: /home/capstone/autoware.ai/install/autoware_msgs/share/gennodejs/ros/autoware_msgs/msg/ImageLaneObjects.js
[20.817s] -- Up-to-date: /home/capstone/autoware.ai/install/autoware_msgs/share/gennodejs/ros/autoware_msgs/msg/TrafficLight.js
[20.818s] -- Up-to-date: /home/capstone/autoware.ai/install/autoware_msgs/share/gennodejs/ros/autoware_msgs/msg/VehicleCmd.js
[20.818s] -- Up-to-date: /home/capstone/autoware.ai/install/autoware_msgs/share/gennodejs/ros/autoware_msgs/msg/ImageObjRanged.js
[20.818s] -- Up-to-date: /home/capstone/autoware.ai/install/autoware_msgs/share/gennodejs/ros/autoware_msgs/msg/ControlCommand.js
[20.818s] -- Up-to-date: /home/capstone/autoware.ai/install/autoware_msgs/share/gennodejs/ros/autoware_msgs/msg/ImageRectRanged.js
[20.818s] -- Up-to-date: /home/capstone/autoware.ai/install/autoware_msgs/share/gennodejs/ros/autoware_msgs/msg/State.js
[20.818s] -- Up-to-date: /home/capstone/autoware.ai/install/autoware_msgs/share/gennodejs/ros/autoware_msgs/msg/VscanTrackedArray.js
[20.819s] -- Up-to-date: /home/capstone/autoware.ai/install/autoware_msgs/share/gennodejs/ros/autoware_msgs/msg/ScanImage.js
[20.819s] -- Up-to-date: /home/capstone/autoware.ai/install/autoware_msgs/share/gennodejs/ros/autoware_msgs/msg/AdjustXY.js
[20.884s] Listing /home/capstone/autoware.ai/build/autoware_msgs/devel/lib/python2.7/dist-packages/autoware_msgs ...
[20.884s] Listing /home/capstone/autoware.ai/build/autoware_msgs/devel/lib/python2.7/dist-packages/autoware_msgs/msg ...
[20.884s] Listing /home/capstone/autoware.ai/build/autoware_msgs/devel/lib/python2.7/dist-packages/autoware_msgs/srv ...
[20.887s] -- Up-to-date: /home/capstone/autoware.ai/install/autoware_msgs/lib/python2.7/dist-packages/autoware_msgs
[20.887s] -- Up-to-date: /home/capstone/autoware.ai/install/autoware_msgs/lib/python2.7/dist-packages/autoware_msgs/srv
[20.887s] -- Up-to-date: /home/capstone/autoware.ai/install/autoware_msgs/lib/python2.7/dist-packages/autoware_msgs/srv/_RecognizeLightState.py
[20.887s] -- Up-to-date: /home/capstone/autoware.ai/install/autoware_msgs/lib/python2.7/dist-packages/autoware_msgs/srv/_RecognizeLightState.pyc
[20.888s] -- Up-to-date: /home/capstone/autoware.ai/install/autoware_msgs/lib/python2.7/dist-packages/autoware_msgs/srv/__init__.pyc
[20.888s] -- Up-to-date: /home/capstone/autoware.ai/install/autoware_msgs/lib/python2.7/dist-packages/autoware_msgs/srv/__init__.py
[20.888s] -- Up-to-date: /home/capstone/autoware.ai/install/autoware_msgs/lib/python2.7/dist-packages/autoware_msgs/__init__.pyc
[20.888s] -- Up-to-date: /home/capstone/autoware.ai/install/autoware_msgs/lib/python2.7/dist-packages/autoware_msgs/__init__.py
[20.888s] -- Up-to-date: /home/capstone/autoware.ai/install/autoware_msgs/lib/python2.7/dist-packages/autoware_msgs/msg
[20.889s] -- Up-to-date: /home/capstone/autoware.ai/install/autoware_msgs/lib/python2.7/dist-packages/autoware_msgs/msg/_ControlCommand.py
[20.889s] -- Up-to-date: /home/capstone/autoware.ai/install/autoware_msgs/lib/python2.7/dist-packages/autoware_msgs/msg/_ControlCommand.pyc
[20.889s] -- Up-to-date: /home/capstone/autoware.ai/install/autoware_msgs/lib/python2.7/dist-packages/autoware_msgs/msg/_SteerCmd.pyc
[20.890s] -- Up-to-date: /home/capstone/autoware.ai/install/autoware_msgs/lib/python2.7/dist-packages/autoware_msgs/msg/_ICPStat.pyc
[20.890s] -- Up-to-date: /home/capstone/autoware.ai/install/autoware_msgs/lib/python2.7/dist-packages/autoware_msgs/msg/_ColorSet.py
[20.890s] -- Up-to-date: /home/capstone/autoware.ai/install/autoware_msgs/lib/python2.7/dist-packages/autoware_msgs/msg/_Lane.py
[20.890s] -- Up-to-date: /home/capstone/autoware.ai/install/autoware_msgs/lib/python2.7/dist-packages/autoware_msgs/msg/_VehicleCmd.pyc
[20.890s] -- Up-to-date: /home/capstone/autoware.ai/install/autoware_msgs/lib/python2.7/dist-packages/autoware_msgs/msg/_ImageRectRanged.py
[20.890s] -- Up-to-date: /home/capstone/autoware.ai/install/autoware_msgs/lib/python2.7/dist-packages/autoware_msgs/msg/_RemoteCmd.py
[20.891s] -- Up-to-date: /home/capstone/autoware.ai/install/autoware_msgs/lib/python2.7/dist-packages/autoware_msgs/msg/_LaneArray.pyc
[20.891s] -- Up-to-date: /home/capstone/autoware.ai/install/autoware_msgs/lib/python2.7/dist-packages/autoware_msgs/msg/_CloudCluster.py
[20.891s] -- Up-to-date: /home/capstone/autoware.ai/install/autoware_msgs/lib/python2.7/dist-packages/autoware_msgs/msg/_ValueSet.pyc
[20.891s] -- Up-to-date: /home/capstone/autoware.ai/install/autoware_msgs/lib/python2.7/dist-packages/autoware_msgs/msg/_ImageObjRanged.py
[20.891s] -- Up-to-date: /home/capstone/autoware.ai/install/autoware_msgs/lib/python2.7/dist-packages/autoware_msgs/msg/_VehicleLocation.pyc
[20.892s] -- Up-to-date: /home/capstone/autoware.ai/install/autoware_msgs/lib/python2.7/dist-packages/autoware_msgs/msg/_DTLane.pyc
[20.892s] -- Up-to-date: /home/capstone/autoware.ai/install/autoware_msgs/lib/python2.7/dist-packages/autoware_msgs/msg/_WaypointState.pyc
[20.892s] -- Up-to-date: /home/capstone/autoware.ai/install/autoware_msgs/lib/python2.7/dist-packages/autoware_msgs/msg/_Lane.pyc
[20.893s] -- Up-to-date: /home/capstone/autoware.ai/install/autoware_msgs/lib/python2.7/dist-packages/autoware_msgs/msg/_ImageObjRanged.pyc
[20.893s] -- Up-to-date: /home/capstone/autoware.ai/install/autoware_msgs/lib/python2.7/dist-packages/autoware_msgs/msg/_ImageRect.pyc
[20.893s] -- Up-to-date: /home/capstone/autoware.ai/install/autoware_msgs/lib/python2.7/dist-packages/autoware_msgs/msg/_AccelCmd.py
[20.894s] -- Up-to-date: /home/capstone/autoware.ai/install/autoware_msgs/lib/python2.7/dist-packages/autoware_msgs/msg/_CloudClusterArray.py
[20.894s] -- Up-to-date: /home/capstone/autoware.ai/install/autoware_msgs/lib/python2.7/dist-packages/autoware_msgs/msg/_ProjectionMatrix.py
[20.894s] -- Up-to-date: /home/capstone/autoware.ai/install/autoware_msgs/lib/python2.7/dist-packages/autoware_msgs/msg/_ObjPose.py
[20.894s] -- Up-to-date: /home/capstone/autoware.ai/install/autoware_msgs/lib/python2.7/dist-packages/autoware_msgs/msg/_LampCmd.pyc
[20.894s] -- Up-to-date: /home/capstone/autoware.ai/install/autoware_msgs/lib/python2.7/dist-packages/autoware_msgs/msg/_SyncTimeMonitor.pyc
[20.895s] -- Up-to-date: /home/capstone/autoware.ai/install/autoware_msgs/lib/python2.7/dist-packages/autoware_msgs/msg/_GeometricRectangle.py
[20.895s] -- Up-to-date: /home/capstone/autoware.ai/install/autoware_msgs/lib/python2.7/dist-packages/autoware_msgs/msg/_ControlCommandStamped.py
[20.895s] -- Up-to-date: /home/capstone/autoware.ai/install/autoware_msgs/lib/python2.7/dist-packages/autoware_msgs/msg/_DTLane.py
[20.895s] -- Up-to-date: /home/capstone/autoware.ai/install/autoware_msgs/lib/python2.7/dist-packages/autoware_msgs/msg/_TrafficLightResultArray.py
[20.895s] -- Up-to-date: /home/capstone/autoware.ai/install/autoware_msgs/lib/python2.7/dist-packages/autoware_msgs/msg/_ScanImage.py
[20.895s] -- Up-to-date: /home/capstone/autoware.ai/install/autoware_msgs/lib/python2.7/dist-packages/autoware_msgs/msg/_TunedResult.py
[20.895s] -- Up-to-date: /home/capstone/autoware.ai/install/autoware_msgs/lib/python2.7/dist-packages/autoware_msgs/msg/_ImageObjects.pyc
[20.896s] -- Up-to-date: /home/capstone/autoware.ai/install/autoware_msgs/lib/python2.7/dist-packages/autoware_msgs/msg/_VehicleStatus.py
[20.896s] -- Up-to-date: /home/capstone/autoware.ai/install/autoware_msgs/lib/python2.7/dist-packages/autoware_msgs/msg/_TrafficLightResult.pyc
[20.896s] -- Up-to-date: /home/capstone/autoware.ai/install/autoware_msgs/lib/python2.7/dist-packages/autoware_msgs/msg/_PointsImage.py
[20.896s] -- Up-to-date: /home/capstone/autoware.ai/install/autoware_msgs/lib/python2.7/dist-packages/autoware_msgs/msg/_ImageRectRanged.pyc
[20.896s] -- Up-to-date: /home/capstone/autoware.ai/install/autoware_msgs/lib/python2.7/dist-packages/autoware_msgs/msg/_BrakeCmd.py
[20.896s] -- Up-to-date: /home/capstone/autoware.ai/install/autoware_msgs/lib/python2.7/dist-packages/autoware_msgs/msg/_LampCmd.py
[20.896s] -- Up-to-date: /home/capstone/autoware.ai/install/autoware_msgs/lib/python2.7/dist-packages/autoware_msgs/msg/_CloudCluster.pyc
[20.897s] -- Up-to-date: /home/capstone/autoware.ai/install/autoware_msgs/lib/python2.7/dist-packages/autoware_msgs/msg/_AccelCmd.pyc
[20.897s] -- Up-to-date: /home/capstone/autoware.ai/install/autoware_msgs/lib/python2.7/dist-packages/autoware_msgs/msg/_TrafficLight.pyc
[20.897s] -- Up-to-date: /home/capstone/autoware.ai/install/autoware_msgs/lib/python2.7/dist-packages/autoware_msgs/msg/_NDTStat.pyc
[20.897s] -- Up-to-date: /home/capstone/autoware.ai/install/autoware_msgs/lib/python2.7/dist-packages/autoware_msgs/msg/_TrafficLightResult.py
[20.897s] -- Up-to-date: /home/capstone/autoware.ai/install/autoware_msgs/lib/python2.7/dist-packages/autoware_msgs/msg/_NDTStat.py
[20.898s] -- Up-to-date: /home/capstone/autoware.ai/install/autoware_msgs/lib/python2.7/dist-packages/autoware_msgs/msg/_SteerCmd.py
[20.898s] -- Up-to-date: /home/capstone/autoware.ai/install/autoware_msgs/lib/python2.7/dist-packages/autoware_msgs/msg/_AdjustXY.pyc
[20.898s] -- Up-to-date: /home/capstone/autoware.ai/install/autoware_msgs/lib/python2.7/dist-packages/autoware_msgs/msg/_SyncTimeDiff.pyc
[20.898s] -- Up-to-date: /home/capstone/autoware.ai/install/autoware_msgs/lib/python2.7/dist-packages/autoware_msgs/msg/_Signals.pyc
[20.898s] -- Up-to-date: /home/capstone/autoware.ai/install/autoware_msgs/lib/python2.7/dist-packages/autoware_msgs/msg/_SyncTimeDiff.py
[20.898s] -- Up-to-date: /home/capstone/autoware.ai/install/autoware_msgs/lib/python2.7/dist-packages/autoware_msgs/msg/_VscanTrackedArray.pyc
[20.899s] -- Up-to-date: /home/capstone/autoware.ai/install/autoware_msgs/lib/python2.7/dist-packages/autoware_msgs/msg/_RemoteCmd.pyc
[20.907s] -- Up-to-date: /home/capstone/autoware.ai/install/autoware_msgs/lib/python2.7/dist-packages/autoware_msgs/msg/_TrafficLight.py
[20.907s] -- Up-to-date: /home/capstone/autoware.ai/install/autoware_msgs/lib/python2.7/dist-packages/autoware_msgs/msg/_VscanTracked.py
[20.908s] -- Up-to-date: /home/capstone/autoware.ai/install/autoware_msgs/lib/python2.7/dist-packages/autoware_msgs/msg/_PointsImage.pyc
[20.908s] -- Up-to-date: /home/capstone/autoware.ai/install/autoware_msgs/lib/python2.7/dist-packages/autoware_msgs/msg/_Centroids.pyc
[20.909s] -- Up-to-date: /home/capstone/autoware.ai/install/autoware_msgs/lib/python2.7/dist-packages/autoware_msgs/msg/_ObjLabel.pyc
[20.909s] -- Up-to-date: /home/capstone/autoware.ai/install/autoware_msgs/lib/python2.7/dist-packages/autoware_msgs/msg/_ValueSet.py
[20.910s] -- Up-to-date: /home/capstone/autoware.ai/install/autoware_msgs/lib/python2.7/dist-packages/autoware_msgs/msg/_TunedResult.pyc
[20.910s] -- Up-to-date: /home/capstone/autoware.ai/install/autoware_msgs/lib/python2.7/dist-packages/autoware_msgs/msg/_VscanTrackedArray.py
[20.911s] -- Up-to-date: /home/capstone/autoware.ai/install/autoware_msgs/lib/python2.7/dist-packages/autoware_msgs/msg/_ImageRect.py
[20.911s] -- Up-to-date: /home/capstone/autoware.ai/install/autoware_msgs/lib/python2.7/dist-packages/autoware_msgs/msg/_Waypoint.py
[20.911s] -- Up-to-date: /home/capstone/autoware.ai/install/autoware_msgs/lib/python2.7/dist-packages/autoware_msgs/msg/_GeometricRectangle.pyc
[20.912s] -- Up-to-date: /home/capstone/autoware.ai/install/autoware_msgs/lib/python2.7/dist-packages/autoware_msgs/msg/_ImageObjTracked.pyc
[20.912s] -- Up-to-date: /home/capstone/autoware.ai/install/autoware_msgs/lib/python2.7/dist-packages/autoware_msgs/msg/_State.pyc
[20.913s] -- Up-to-date: /home/capstone/autoware.ai/install/autoware_msgs/lib/python2.7/dist-packages/autoware_msgs/msg/_SyncTimeMonitor.py
[20.915s] -- Up-to-date: /home/capstone/autoware.ai/install/autoware_msgs/lib/python2.7/dist-packages/autoware_msgs/msg/_ObjPose.pyc
[20.915s] -- Up-to-date: /home/capstone/autoware.ai/install/autoware_msgs/lib/python2.7/dist-packages/autoware_msgs/msg/_DetectedObjectArray.pyc
[20.915s] -- Up-to-date: /home/capstone/autoware.ai/install/autoware_msgs/lib/python2.7/dist-packages/autoware_msgs/msg/_ObjLabel.py
[20.915s] -- Up-to-date: /home/capstone/autoware.ai/install/autoware_msgs/lib/python2.7/dist-packages/autoware_msgs/msg/_VehicleCmd.py
[20.916s] -- Up-to-date: /home/capstone/autoware.ai/install/autoware_msgs/lib/python2.7/dist-packages/autoware_msgs/msg/_ImageObj.pyc
[20.916s] -- Up-to-date: /home/capstone/autoware.ai/install/autoware_msgs/lib/python2.7/dist-packages/autoware_msgs/msg/_VscanTracked.pyc
[20.916s] -- Up-to-date: /home/capstone/autoware.ai/install/autoware_msgs/lib/python2.7/dist-packages/autoware_msgs/msg/_IndicatorCmd.py
[20.917s] -- Up-to-date: /home/capstone/autoware.ai/install/autoware_msgs/lib/python2.7/dist-packages/autoware_msgs/msg/_IndicatorCmd.pyc
[20.917s] -- Up-to-date: /home/capstone/autoware.ai/install/autoware_msgs/lib/python2.7/dist-packages/autoware_msgs/msg/_DetectedObject.py
[20.918s] -- Up-to-date: /home/capstone/autoware.ai/install/autoware_msgs/lib/python2.7/dist-packages/autoware_msgs/msg/_CloudClusterArray.pyc
[20.919s] -- Up-to-date: /home/capstone/autoware.ai/install/autoware_msgs/lib/python2.7/dist-packages/autoware_msgs/msg/_ScanImage.pyc
[20.920s] -- Up-to-date: /home/capstone/autoware.ai/install/autoware_msgs/lib/python2.7/dist-packages/autoware_msgs/msg/_ICPStat.py
[20.921s] -- Up-to-date: /home/capstone/autoware.ai/install/autoware_msgs/lib/python2.7/dist-packages/autoware_msgs/msg/_StateCmd.pyc
[20.921s] -- Up-to-date: /home/capstone/autoware.ai/install/autoware_msgs/lib/python2.7/dist-packages/autoware_msgs/msg/_ColorSet.pyc
[20.921s] -- Up-to-date: /home/capstone/autoware.ai/install/autoware_msgs/lib/python2.7/dist-packages/autoware_msgs/msg/_BrakeCmd.pyc
[20.922s] -- Up-to-date: /home/capstone/autoware.ai/install/autoware_msgs/lib/python2.7/dist-packages/autoware_msgs/msg/_Gear.py
[20.922s] -- Up-to-date: /home/capstone/autoware.ai/install/autoware_msgs/lib/python2.7/dist-packages/autoware_msgs/msg/_ImageObj.py
[20.922s] -- Up-to-date: /home/capstone/autoware.ai/install/autoware_msgs/lib/python2.7/dist-packages/autoware_msgs/msg/_LaneArray.py
[20.923s] -- Up-to-date: /home/capstone/autoware.ai/install/autoware_msgs/lib/python2.7/dist-packages/autoware_msgs/msg/_WaypointState.py
[20.923s] -- Up-to-date: /home/capstone/autoware.ai/install/autoware_msgs/lib/python2.7/dist-packages/autoware_msgs/msg/_AdjustXY.py
[20.923s] -- Up-to-date: /home/capstone/autoware.ai/install/autoware_msgs/lib/python2.7/dist-packages/autoware_msgs/msg/_State.py
[20.924s] -- Up-to-date: /home/capstone/autoware.ai/install/autoware_msgs/lib/python2.7/dist-packages/autoware_msgs/msg/_ControlCommandStamped.pyc
[20.924s] -- Up-to-date: /home/capstone/autoware.ai/install/autoware_msgs/lib/python2.7/dist-packages/autoware_msgs/msg/_StateCmd.py
[20.925s] -- Up-to-date: /home/capstone/autoware.ai/install/autoware_msgs/lib/python2.7/dist-packages/autoware_msgs/msg/_ImageLaneObjects.pyc
[20.925s] -- Up-to-date: /home/capstone/autoware.ai/install/autoware_msgs/lib/python2.7/dist-packages/autoware_msgs/msg/_Gear.pyc
[20.925s] -- Up-to-date: /home/capstone/autoware.ai/install/autoware_msgs/lib/python2.7/dist-packages/autoware_msgs/msg/_Centroids.py
[20.925s] -- Up-to-date: /home/capstone/autoware.ai/install/autoware_msgs/lib/python2.7/dist-packages/autoware_msgs/msg/_DetectedObject.pyc
[20.925s] -- Up-to-date: /home/capstone/autoware.ai/install/autoware_msgs/lib/python2.7/dist-packages/autoware_msgs/msg/_TrafficLightResultArray.pyc
[20.925s] -- Up-to-date: /home/capstone/autoware.ai/install/autoware_msgs/lib/python2.7/dist-packages/autoware_msgs/msg/_ImageLaneObjects.py
[20.926s] -- Up-to-date: /home/capstone/autoware.ai/install/autoware_msgs/lib/python2.7/dist-packages/autoware_msgs/msg/_Signals.py
[20.926s] -- Up-to-date: /home/capstone/autoware.ai/install/autoware_msgs/lib/python2.7/dist-packages/autoware_msgs/msg/_ExtractedPosition.pyc
[20.926s] -- Up-to-date: /home/capstone/autoware.ai/install/autoware_msgs/lib/python2.7/dist-packages/autoware_msgs/msg/_ProjectionMatrix.pyc
[20.926s] -- Up-to-date: /home/capstone/autoware.ai/install/autoware_msgs/lib/python2.7/dist-packages/autoware_msgs/msg/__init__.pyc
[20.926s] -- Up-to-date: /home/capstone/autoware.ai/install/autoware_msgs/lib/python2.7/dist-packages/autoware_msgs/msg/_VehicleStatus.pyc
[20.926s] -- Up-to-date: /home/capstone/autoware.ai/install/autoware_msgs/lib/python2.7/dist-packages/autoware_msgs/msg/_DetectedObjectArray.py
[20.926s] -- Up-to-date: /home/capstone/autoware.ai/install/autoware_msgs/lib/python2.7/dist-packages/autoware_msgs/msg/_VehicleLocation.py
[20.927s] -- Up-to-date: /home/capstone/autoware.ai/install/autoware_msgs/lib/python2.7/dist-packages/autoware_msgs/msg/_Waypoint.pyc
[20.927s] -- Up-to-date: /home/capstone/autoware.ai/install/autoware_msgs/lib/python2.7/dist-packages/autoware_msgs/msg/_ImageObjects.py
[20.927s] -- Up-to-date: /home/capstone/autoware.ai/install/autoware_msgs/lib/python2.7/dist-packages/autoware_msgs/msg/_ExtractedPosition.py
[20.927s] -- Up-to-date: /home/capstone/autoware.ai/install/autoware_msgs/lib/python2.7/dist-packages/autoware_msgs/msg/__init__.py
[20.927s] -- Up-to-date: /home/capstone/autoware.ai/install/autoware_msgs/lib/python2.7/dist-packages/autoware_msgs/msg/_ImageObjTracked.py
[20.927s] -- Up-to-date: /home/capstone/autoware.ai/install/autoware_msgs/lib/pkgconfig/autoware_msgs.pc
[20.928s] -- Up-to-date: /home/capstone/autoware.ai/install/autoware_msgs/share/autoware_msgs/cmake/autoware_msgs-msg-extras.cmake
[20.928s] -- Up-to-date: /home/capstone/autoware.ai/install/autoware_msgs/share/autoware_msgs/cmake/autoware_msgsConfig.cmake
[20.928s] -- Up-to-date: /home/capstone/autoware.ai/install/autoware_msgs/share/autoware_msgs/cmake/autoware_msgsConfig-version.cmake
[20.928s] -- Up-to-date: /home/capstone/autoware.ai/install/autoware_msgs/share/autoware_msgs/package.xml
[20.929s] Invoked command in '/home/capstone/autoware.ai/build/autoware_msgs' returned '0': /usr/bin/cmake --build /home/capstone/autoware.ai/build/autoware_msgs --target install -- -j12 -l12
