[1.908s] -- CUDA compilation status: 1.
[1.910s] -- Using CATKIN_DEVEL_PREFIX: /home/capstone/autoware.ai/build/op_local_planner/devel
[1.910s] -- Using CMAKE_PREFIX_PATH: /home/capstone/autoware.ai/install/op_ros_helpers;/home/capstone/autoware.ai/install/map_file;/home/capstone/autoware.ai/install/op_simu;/home/capstone/autoware.ai/install/lanelet2_extension;/home/capstone/autoware.ai/install/op_planner;/home/capstone/autoware.ai/install/lanelet2_validation;/home/capstone/autoware.ai/install/op_utility;/home/capstone/autoware.ai/install/lanelet2_routing;/home/capstone/autoware.ai/install/lanelet2_projection;/home/capstone/autoware.ai/install/vector_map_server;/home/capstone/autoware.ai/install/libwaypoint_follower;/home/capstone/autoware.ai/install/lanelet2_traffic_rules;/home/capstone/autoware.ai/install/lanelet2_maps;/home/capstone/autoware.ai/install/lanelet2_io;/home/capstone/autoware.ai/install/vector_map;/home/capstone/autoware.ai/install/lanelet2_core;/home/capstone/autoware.ai/install/amathutils_lib;/home/capstone/autoware.ai/install/vector_map_msgs;/home/capstone/autoware.ai/install/autoware_msgs;/home/capstone/autoware.ai/install/autoware_lanelet2_msgs;/home/capstone/autoware.ai/install/autoware_can_msgs;/home/capstone/autoware.ai/install/autoware_build_flags;/home/capstone/autoware.ai/install/ymc;/home/capstone/autoware.ai/install/xsens_driver;/home/capstone/autoware.ai/install/wf_simulator;/home/capstone/autoware.ai/install/lattice_planner;/home/capstone/autoware.ai/install/waypoint_planner;/home/capstone/autoware.ai/install/waypoint_maker;/home/capstone/autoware.ai/install/way_planner;/home/capstone/autoware.ai/install/vlg22c_cam;/home/capstone/autoware.ai/install/vision_ssd_detect;/home/capstone/autoware.ai/install/vision_segment_enet_detect;/home/capstone/autoware.ai/install/vision_lane_detect;/home/capstone/autoware.ai/install/vision_darknet_detect;/home/capstone/autoware.ai/install/vision_beyond_track;/home/capstone/autoware.ai/install/vel_pose_diff_checker;/home/capstone/autoware.ai/install/vehicle_socket;/home/capstone/autoware.ai/install/vehicle_sim_model;/home/capstone/autoware.ai/install/vehicle_model;/home/capstone/autoware.ai/install/vehicle_gazebo_simulation_launcher;/home/capstone/autoware.ai/install/vehicle_gazebo_simulation_interface;/home/capstone/autoware.ai/install/vehicle_engage_panel;/home/capstone/autoware.ai/install/vehicle_description;/home/capstone/autoware.ai/install/trafficlight_recognizer;/home/capstone/autoware.ai/install/op_utilities;/home/capstone/autoware.ai/install/op_simulation_package;/home/capstone/autoware.ai/install/op_local_planner;/home/capstone/autoware.ai/install/op_global_planner;/home/capstone/autoware.ai/install/lidar_kf_contour_track;/home/capstone/autoware.ai/install/ff_waypoint_follower;/home/capstone/autoware.ai/install/dp_planner;/home/capstone/autoware.ai/install/lidar_euclidean_cluster_detect;/home/capstone/autoware.ai/install/road_occupancy_processor;/home/capstone/autoware.ai/install/costmap_generator;/home/capstone/autoware.ai/install/object_map;/home/capstone/autoware.ai/install/naive_motion_predict;/home/capstone/autoware.ai/install/lanelet_aisan_converter;/home/capstone/autoware.ai/install/libvectormap;/home/capstone/autoware.ai/install/lane_planner;/home/capstone/autoware.ai/install/imm_ukf_pda_track;/home/capstone/autoware.ai/install/decision_maker;/home/capstone/autoware.ai/install/vectacam;/home/capstone/autoware.ai/install/udon_socket;/home/capstone/autoware.ai/install/twist_generator;/home/capstone/autoware.ai/install/twist_gate;/home/capstone/autoware.ai/install/twist_filter;/home/capstone/autoware.ai/install/twist2odom;/home/capstone/autoware.ai/install/tablet_socket;/home/capstone/autoware.ai/install/runtime_manager;/home/capstone/autoware.ai/install/mqtt_socket;/home/capstone/autoware.ai/install/tablet_socket_msgs;/home/capstone/autoware.ai/install/state_machine_lib;/home/capstone/autoware.ai/install/sound_player;/home/capstone/autoware.ai/install/sick_lms5xx;/home/capstone/autoware.ai/install/sick_ldmrs_tools;/home/capstone/autoware.ai/install/sick_ldmrs_driver;/home/capstone/autoware.ai/install/sick_ldmrs_msgs;/home/capstone/autoware.ai/install/sick_ldmrs_description;/home/capstone/autoware.ai/install/points2image;/home/capstone/autoware.ai/install/rosinterface;/home/capstone/autoware.ai/install/rosbag_controller;/home/capstone/autoware.ai/install/pure_pursuit;/home/capstone/autoware.ai/install/points_preprocessor;/home/capstone/autoware.ai/install/mpc_follower;/home/capstone/autoware.ai/install/lidar_localizer;/home/capstone/autoware.ai/install/emergency_handler;/home/capstone/autoware.ai/install/autoware_health_checker;/home/capstone/autoware.ai/install/as;/home/capstone/autoware.ai/install/ros_observer;/home/capstone/autoware.ai/install/roi_object_filter;/home/capstone/autoware.ai/install/range_vision_fusion;/home/capstone/autoware.ai/install/pos_db;/home/capstone/autoware.ai/install/points_downsampler;/home/capstone/autoware.ai/install/pixel_cloud_fusion;/home/capstone/autoware.ai/install/pcl_omp_registration;/home/capstone/autoware.ai/install/pc2_downsampler;/home/capstone/autoware.ai/install/oculus_socket;/home/capstone/autoware.ai/install/obj_db;/home/capstone/autoware.ai/install/nmea_navsat;/home/capstone/autoware.ai/install/ndt_tku;/home/capstone/autoware.ai/install/ndt_gpu;/home/capstone/autoware.ai/install/ndt_cpu;/home/capstone/autoware.ai/install/multi_lidar_calibrator;/home/capstone/autoware.ai/install/mrt_cmake_modules;/home/capstone/autoware.ai/install/microstrain_driver;/home/capstone/autoware.ai/install/memsic_imu;/home/capstone/autoware.ai/install/marker_downsampler;/home/capstone/autoware.ai/install/map_tools;/home/capstone/autoware.ai/install/map_tf_generator;/home/capstone/autoware.ai/install/log_tools;/home/capstone/autoware.ai/install/lidar_shape_estimation;/home/capstone/autoware.ai/install/lidar_point_pillars;/home/capstone/autoware.ai/install/lidar_naive_l_shape_detect;/home/capstone/autoware.ai/install/lidar_fake_perception;/home/capstone/autoware.ai/install/lidar_apollo_cnn_seg_detect;/home/capstone/autoware.ai/install/lgsvl_simulator_bridge;/home/capstone/autoware.ai/install/lanelet2_examples;/home/capstone/autoware.ai/install/lanelet2_python;/home/capstone/autoware.ai/install/kvaser;/home/capstone/autoware.ai/install/kitti_launch;/home/capstone/autoware.ai/install/kitti_player;/home/capstone/autoware.ai/install/kitti_box_publisher;/home/capstone/autoware.ai/install/javad_navsat_driver;/home/capstone/autoware.ai/install/integrated_viewer;/home/capstone/autoware.ai/install/image_processor;/home/capstone/autoware.ai/install/hokuyo;/home/capstone/autoware.ai/install/graph_tools;/home/capstone/autoware.ai/install/gnss_localizer;/home/capstone/autoware.ai/install/gnss;/home/capstone/autoware.ai/install/glviewer;/home/capstone/autoware.ai/install/gazebo_world_description;/home/capstone/autoware.ai/install/gazebo_imu_description;/home/capstone/autoware.ai/install/gazebo_camera_description;/home/capstone/autoware.ai/install/garmin;/home/capstone/autoware.ai/install/freespace_planner;/home/capstone/autoware.ai/install/fastvirtualscan;/home/capstone/autoware.ai/install/ekf_localizer;/home/capstone/autoware.ai/install/ds4_msgs;/home/capstone/autoware.ai/install/ds4_driver;/home/capstone/autoware.ai/install/detected_objects_visualizer;/home/capstone/autoware.ai/install/decision_maker_panel;/home/capstone/autoware.ai/install/data_preprocessor;/home/capstone/autoware.ai/install/custom_msgs;/home/capstone/autoware.ai/install/carla_autoware_bridge;/home/capstone/autoware.ai/install/calibration_publisher;/home/capstone/autoware.ai/install/autoware_system_msgs;/home/capstone/autoware.ai/install/autoware_rviz_plugins;/home/capstone/autoware.ai/install/autoware_quickstart_examples;/home/capstone/autoware.ai/install/autoware_pointgrey_drivers;/home/capstone/autoware.ai/install/autoware_driveworks_interface;/home/capstone/autoware.ai/install/autoware_connector;/home/capstone/autoware.ai/install/autoware_camera_lidar_calibrator;/home/capstone/autoware.ai/install/astar_search;/home/capstone/autoware.ai/install/autoware_map_msgs;/home/capstone/autoware.ai/install/autoware_launcher_rviz;/home/capstone/autoware.ai/install/autoware_launcher;/home/capstone/autoware.ai/install/autoware_external_msgs;/home/capstone/autoware.ai/install/autoware_driveworks_gmsl_interface;/home/capstone/autoware.ai/install/autoware_config_msgs;/home/capstone/autoware.ai/install/autoware_bag_tools;/home/capstone/autoware.ai/install/adi_driver;/opt/carla-ros-bridge/melodic;/opt/ros/melodic
[1.927s] -- This workspace overlays: /home/capstone/autoware.ai/install/op_ros_helpers;/home/capstone/autoware.ai/install/map_file;/home/capstone/autoware.ai/install/op_simu;/home/capstone/autoware.ai/install/lanelet2_extension;/home/capstone/autoware.ai/install/op_planner;/home/capstone/autoware.ai/install/lanelet2_validation;/home/capstone/autoware.ai/install/op_utility;/home/capstone/autoware.ai/install/lanelet2_routing;/home/capstone/autoware.ai/install/lanelet2_projection;/home/capstone/autoware.ai/install/vector_map_server;/home/capstone/autoware.ai/install/libwaypoint_follower;/home/capstone/autoware.ai/install/lanelet2_traffic_rules;/home/capstone/autoware.ai/install/lanelet2_maps;/home/capstone/autoware.ai/install/lanelet2_io;/home/capstone/autoware.ai/install/vector_map;/home/capstone/autoware.ai/install/lanelet2_core;/home/capstone/autoware.ai/install/amathutils_lib;/home/capstone/autoware.ai/install/vector_map_msgs;/home/capstone/autoware.ai/install/autoware_msgs;/home/capstone/autoware.ai/install/autoware_lanelet2_msgs;/home/capstone/autoware.ai/install/autoware_can_msgs;/home/capstone/autoware.ai/install/autoware_build_flags;/home/capstone/autoware.ai/install/ymc;/home/capstone/autoware.ai/install/xsens_driver;/home/capstone/autoware.ai/install/wf_simulator;/home/capstone/autoware.ai/install/lattice_planner;/home/capstone/autoware.ai/install/waypoint_planner;/home/capstone/autoware.ai/install/waypoint_maker;/home/capstone/autoware.ai/install/way_planner;/home/capstone/autoware.ai/install/vlg22c_cam;/home/capstone/autoware.ai/install/vision_ssd_detect;/home/capstone/autoware.ai/install/vision_segment_enet_detect;/home/capstone/autoware.ai/install/vision_lane_detect;/home/capstone/autoware.ai/install/vision_darknet_detect;/home/capstone/autoware.ai/install/vision_beyond_track;/home/capstone/autoware.ai/install/vel_pose_diff_checker;/home/capstone/autoware.ai/install/vehicle_socket;/home/capstone/autoware.ai/install/vehicle_sim_model;/home/capstone/autoware.ai/install/vehicle_model;/home/capstone/autoware.ai/install/vehicle_gazebo_simulation_launcher;/home/capstone/autoware.ai/install/vehicle_gazebo_simulation_interface;/home/capstone/autoware.ai/install/vehicle_engage_panel;/home/capstone/autoware.ai/install/vehicle_description;/home/capstone/autoware.ai/install/trafficlight_recognizer;/home/capstone/autoware.ai/install/op_utilities;/home/capstone/autoware.ai/install/op_simulation_package;/home/capstone/autoware.ai/install/op_local_planner;/home/capstone/autoware.ai/install/op_global_planner;/home/capstone/autoware.ai/install/lidar_kf_contour_track;/home/capstone/autoware.ai/install/ff_waypoint_follower;/home/capstone/autoware.ai/install/dp_planner;/home/capstone/autoware.ai/install/lidar_euclidean_cluster_detect;/home/capstone/autoware.ai/install/road_occupancy_processor;/home/capstone/autoware.ai/install/costmap_generator;/home/capstone/autoware.ai/install/object_map;/home/capstone/autoware.ai/install/naive_motion_predict;/home/capstone/autoware.ai/install/lanelet_aisan_converter;/home/capstone/autoware.ai/install/libvectormap;/home/capstone/autoware.ai/install/lane_planner;/home/capstone/autoware.ai/install/imm_ukf_pda_track;/home/capstone/autoware.ai/install/decision_maker;/home/capstone/autoware.ai/install/vectacam;/home/capstone/autoware.ai/install/udon_socket;/home/capstone/autoware.ai/install/twist_generator;/home/capstone/autoware.ai/install/twist_gate;/home/capstone/autoware.ai/install/twist_filter;/home/capstone/autoware.ai/install/twist2odom;/home/capstone/autoware.ai/install/tablet_socket;/home/capstone/autoware.ai/install/runtime_manager;/home/capstone/autoware.ai/install/mqtt_socket;/home/capstone/autoware.ai/install/tablet_socket_msgs;/home/capstone/autoware.ai/install/state_machine_lib;/home/capstone/autoware.ai/install/sound_player;/home/capstone/autoware.ai/install/sick_lms5xx;/home/capstone/autoware.ai/install/sick_ldmrs_tools;/home/capstone/autoware.ai/install/sick_ldmrs_driver;/home/capstone/autoware.ai/install/sick_ldmrs_msgs;/home/capstone/autoware.ai/install/sick_ldmrs_description;/home/capstone/autoware.ai/install/points2image;/home/capstone/autoware.ai/install/rosinterface;/home/capstone/autoware.ai/install/rosbag_controller;/home/capstone/autoware.ai/install/pure_pursuit;/home/capstone/autoware.ai/install/points_preprocessor;/home/capstone/autoware.ai/install/mpc_follower;/home/capstone/autoware.ai/install/lidar_localizer;/home/capstone/autoware.ai/install/emergency_handler;/home/capstone/autoware.ai/install/autoware_health_checker;/home/capstone/autoware.ai/install/as;/home/capstone/autoware.ai/install/ros_observer;/home/capstone/autoware.ai/install/roi_object_filter;/home/capstone/autoware.ai/install/range_vision_fusion;/home/capstone/autoware.ai/install/pos_db;/home/capstone/autoware.ai/install/points_downsampler;/home/capstone/autoware.ai/install/pixel_cloud_fusion;/home/capstone/autoware.ai/install/pcl_omp_registration;/home/capstone/autoware.ai/install/pc2_downsampler;/home/capstone/autoware.ai/install/oculus_socket;/home/capstone/autoware.ai/install/obj_db;/home/capstone/autoware.ai/install/nmea_navsat;/home/capstone/autoware.ai/install/ndt_tku;/home/capstone/autoware.ai/install/ndt_gpu;/home/capstone/autoware.ai/install/ndt_cpu;/home/capstone/autoware.ai/install/multi_lidar_calibrator;/home/capstone/autoware.ai/install/mrt_cmake_modules;/home/capstone/autoware.ai/install/microstrain_driver;/home/capstone/autoware.ai/install/memsic_imu;/home/capstone/autoware.ai/install/marker_downsampler;/home/capstone/autoware.ai/install/map_tools;/home/capstone/autoware.ai/install/map_tf_generator;/home/capstone/autoware.ai/install/log_tools;/home/capstone/autoware.ai/install/lidar_shape_estimation;/home/capstone/autoware.ai/install/lidar_point_pillars;/home/capstone/autoware.ai/install/lidar_naive_l_shape_detect;/home/capstone/autoware.ai/install/lidar_fake_perception;/home/capstone/autoware.ai/install/lidar_apollo_cnn_seg_detect;/home/capstone/autoware.ai/install/lgsvl_simulator_bridge;/home/capstone/autoware.ai/install/lanelet2_examples;/home/capstone/autoware.ai/install/lanelet2_python;/home/capstone/autoware.ai/install/kvaser;/home/capstone/autoware.ai/install/kitti_launch;/home/capstone/autoware.ai/install/kitti_player;/home/capstone/autoware.ai/install/kitti_box_publisher;/home/capstone/autoware.ai/install/javad_navsat_driver;/home/capstone/autoware.ai/install/integrated_viewer;/home/capstone/autoware.ai/install/image_processor;/home/capstone/autoware.ai/install/hokuyo;/home/capstone/autoware.ai/install/graph_tools;/home/capstone/autoware.ai/install/gnss_localizer;/home/capstone/autoware.ai/install/gnss;/home/capstone/autoware.ai/install/glviewer;/home/capstone/autoware.ai/install/gazebo_world_description;/home/capstone/autoware.ai/install/gazebo_imu_description;/home/capstone/autoware.ai/install/gazebo_camera_description;/home/capstone/autoware.ai/install/garmin;/home/capstone/autoware.ai/install/freespace_planner;/home/capstone/autoware.ai/install/fastvirtualscan;/home/capstone/autoware.ai/install/ekf_localizer;/home/capstone/autoware.ai/install/ds4_msgs;/home/capstone/autoware.ai/install/ds4_driver;/home/capstone/autoware.ai/install/detected_objects_visualizer;/home/capstone/autoware.ai/install/decision_maker_panel;/home/capstone/autoware.ai/install/data_preprocessor;/home/capstone/autoware.ai/install/custom_msgs;/home/capstone/autoware.ai/install/carla_autoware_bridge;/home/capstone/autoware.ai/install/calibration_publisher;/home/capstone/autoware.ai/install/autoware_system_msgs;/home/capstone/autoware.ai/install/autoware_rviz_plugins;/home/capstone/autoware.ai/install/autoware_quickstart_examples;/home/capstone/autoware.ai/install/autoware_pointgrey_drivers;/home/capstone/autoware.ai/install/autoware_driveworks_interface;/home/capstone/autoware.ai/install/autoware_connector;/home/capstone/autoware.ai/install/autoware_camera_lidar_calibrator;/home/capstone/autoware.ai/install/astar_search;/home/capstone/autoware.ai/install/autoware_map_msgs;/home/capstone/autoware.ai/install/autoware_launcher_rviz;/home/capstone/autoware.ai/install/autoware_launcher;/home/capstone/autoware.ai/install/autoware_external_msgs;/home/capstone/autoware.ai/install/autoware_driveworks_gmsl_interface;/home/capstone/autoware.ai/install/autoware_config_msgs;/home/capstone/autoware.ai/install/autoware_bag_tools;/home/capstone/autoware.ai/install/adi_driver;/opt/carla-ros-bridge/melodic;/opt/ros/melodic
[2.010s] -- Found PythonInterp: /usr/bin/python2 (found suitable version "2.7.17", minimum required is "2") 
[2.010s] -- Using PYTHON_EXECUTABLE: /usr/bin/python2
[2.011s] -- Using Debian Python package layout
[2.011s] -- Using empy: /usr/bin/empy
[2.341s] -- Using CATKIN_ENABLE_TESTING: ON
[2.342s] -- Call enable_testing()
[2.752s] -- Using CATKIN_TEST_RESULTS_DIR: /home/capstone/autoware.ai/build/op_local_planner/test_results
[3.078s] -- Found gtest sources under '/usr/src/googletest': gtests will be built
[3.079s] -- Found gmock sources under '/usr/src/googletest': gmock will be built
[3.154s] -- Found PythonInterp: /usr/bin/python2 (found version "2.7.17") 
[3.166s] -- Using Python nosetests: /usr/bin/nosetests-2.7
[3.336s] -- catkin 0.7.23
[3.336s] -- BUILD_SHARED_LIBS is on
[5.443s] -- Using these message generators: gencpp;geneus;genlisp;gennodejs;genpy
[9.031s] -- Configuring done
[10.097s] -- Generating done
[10.169s] -- Build files have been written to: /home/capstone/autoware.ai/build/op_local_planner
[10.450s] [ 21%] Built target op_behavior_selector
[10.592s] [ 21%] Built target actionlib_msgs_generate_messages_cpp
[10.752s] [ 21%] Built target autoware_msgs_generate_messages_cpp
[11.014s] [ 21%] Built target jsk_footstep_msgs_generate_messages_eus
[11.154s] [ 21%] Built target pcl_msgs_generate_messages_py
[11.292s] [ 21%] Built target pcl_msgs_generate_messages_lisp
[11.469s] [ 21%] Built target pcl_msgs_generate_messages_nodejs
[11.618s] [ 21%] Built target vector_map_msgs_generate_messages_lisp
[11.794s] [ 21%] Built target pcl_msgs_generate_messages_eus
[12.107s] [ 21%] Built target autoware_msgs_generate_messages_py
[12.245s] [ 21%] Built target rosgraph_msgs_generate_messages_lisp
[12.387s] [ 21%] Built target std_srvs_generate_messages_cpp
[12.531s] [ 21%] Built target autoware_can_msgs_generate_messages_nodejs
[12.672s] [ 21%] Built target autoware_can_msgs_generate_messages_lisp
[12.850s] [ 21%] Built target actionlib_msgs_generate_messages_eus
[12.997s] [ 21%] Built target dynamic_reconfigure_generate_messages_py
[13.135s] [ 21%] Built target autoware_can_msgs_generate_messages_cpp
[13.272s] [ 21%] Built target autoware_can_msgs_generate_messages_py
[13.435s] [ 21%] Built target geometry_msgs_generate_messages_nodejs
[13.587s] [ 21%] Built target dynamic_reconfigure_generate_messages_eus
[13.731s] [ 21%] Built target actionlib_generate_messages_lisp
[13.914s] [ 21%] Built target autoware_can_msgs_generate_messages_eus
[14.061s] [ 21%] Built target std_msgs_generate_messages_lisp
[14.197s] [ 21%] Built target jsk_recognition_msgs_generate_messages_nodejs
[14.329s] [ 21%] Built target sensor_msgs_generate_messages_nodejs
[14.468s] [ 21%] Built target vector_map_msgs_generate_messages_nodejs
[14.601s] [ 21%] Built target roscpp_generate_messages_py
[14.753s] [ 21%] Built target sensor_msgs_generate_messages_cpp
[14.937s] [ 21%] Built target geometry_msgs_generate_messages_cpp
[15.070s] [ 21%] Built target std_msgs_generate_messages_nodejs
[15.204s] [ 21%] Built target nodelet_generate_messages_lisp
[15.323s] [ 21%] Built target geometry_msgs_generate_messages_eus
[15.448s] [ 21%] Built target jsk_footstep_msgs_generate_messages_lisp
[15.566s] [ 21%] Built target topic_tools_generate_messages_eus
[15.675s] [ 21%] Built target sensor_msgs_generate_messages_py
[15.832s] [ 21%] Built target tf2_msgs_generate_messages_eus
[15.977s] [ 21%] Built target autoware_msgs_generate_messages_nodejs
[16.148s] [ 42%] Built target op_trajectory_evaluator
[16.275s] [ 42%] Built target geometry_msgs_generate_messages_py
[16.404s] [ 42%] Built target jsk_footstep_msgs_generate_messages_py
[16.539s] [ 42%] Built target sensor_msgs_generate_messages_eus
[16.670s] [ 42%] Built target tf_generate_messages_eus
[16.809s] [ 42%] Built target visualization_msgs_generate_messages_cpp
[16.941s] [ 42%] Built target vector_map_server_generate_messages_lisp
[17.080s] [ 42%] Built target nodelet_topic_tools_gencfg
[17.193s] [ 42%] Built target autoware_msgs_generate_messages_eus
[17.311s] [ 42%] Built target geometry_msgs_generate_messages_lisp
[17.436s] [ 42%] Built target jsk_recognition_msgs_generate_messages_cpp
[17.538s] [ 42%] Built target std_msgs_generate_messages_py
[17.645s] [ 42%] Built target jsk_recognition_msgs_generate_messages_eus
[17.784s] [ 42%] Built target jsk_footstep_msgs_generate_messages_cpp
[17.926s] [ 42%] Built target actionlib_msgs_generate_messages_py
[18.042s] [ 42%] Built target jsk_recognition_msgs_generate_messages_lisp
[18.288s] [ 42%] Built target roscpp_generate_messages_cpp
[18.434s] [ 42%] Built target tf_generate_messages_nodejs
[18.559s] [ 42%] Built target topic_tools_generate_messages_py
[18.692s] [ 42%] Built target rosgraph_msgs_generate_messages_cpp
[18.867s] [ 42%] Built target actionlib_generate_messages_eus
[18.985s] [ 42%] Built target rosgraph_msgs_generate_messages_eus
[19.099s] [ 42%] Built target rosgraph_msgs_generate_messages_nodejs
[19.216s] [ 42%] Built target actionlib_generate_messages_cpp
[19.347s] [ 42%] Built target std_srvs_generate_messages_py
[19.470s] [ 42%] Built target actionlib_generate_messages_nodejs
[19.626s] [ 64%] Built target op_trajectory_generator
[19.736s] [ 64%] Built target actionlib_generate_messages_py
[19.902s] [ 64%] Built target tf2_msgs_generate_messages_cpp
[20.027s] [ 64%] Built target dynamic_reconfigure_generate_messages_lisp
[20.140s] [ 64%] Built target tf2_msgs_generate_messages_lisp
[20.249s] [ 64%] Built target tf2_msgs_generate_messages_py
[20.363s] [ 64%] Built target dynamic_reconfigure_generate_messages_nodejs
[20.467s] [ 64%] Built target bond_generate_messages_cpp
[20.572s] [ 64%] Built target visualization_msgs_generate_messages_eus
[20.684s] [ 64%] Built target visualization_msgs_generate_messages_lisp
[20.851s] [ 64%] Built target rosgraph_msgs_generate_messages_py
[20.996s] [ 64%] Built target visualization_msgs_generate_messages_nodejs
[21.108s] [ 64%] Built target vector_map_msgs_generate_messages_cpp
[21.210s] [ 64%] Built target std_msgs_generate_messages_cpp
[21.323s] [ 64%] Built target vector_map_msgs_generate_messages_eus
[21.423s] [ 64%] Built target vector_map_msgs_generate_messages_py
[21.525s] [ 64%] Built target vector_map_server_generate_messages_cpp
[21.628s] [ 64%] Built target vector_map_server_generate_messages_eus
[21.734s] [ 64%] Built target vector_map_server_generate_messages_py
[21.915s] [ 64%] Built target pcl_ros_gencfg
[22.029s] [ 64%] Built target dynamic_reconfigure_generate_messages_cpp
[22.128s] [ 64%] Built target jsk_recognition_msgs_generate_messages_py
[22.231s] [ 64%] Built target pcl_msgs_generate_messages_cpp
[22.340s] [ 64%] Built target dynamic_reconfigure_gencfg
[22.447s] [ 64%] Built target sensor_msgs_generate_messages_lisp
[22.545s] [ 64%] Built target tf2_msgs_generate_messages_nodejs
[22.636s] [ 64%] Built target nodelet_generate_messages_cpp
[22.740s] [ 64%] Built target nodelet_generate_messages_eus
[22.888s] [ 64%] Built target nodelet_generate_messages_nodejs
[23.044s] [ 64%] Built target nodelet_generate_messages_py
[23.134s] [ 64%] Built target std_srvs_generate_messages_nodejs
[23.230s] [ 64%] Built target jsk_footstep_msgs_generate_messages_nodejs
[23.331s] [ 64%] Built target bond_generate_messages_eus
[23.423s] [ 64%] Built target bond_generate_messages_lisp
[23.518s] [ 64%] Built target bond_generate_messages_nodejs
[23.617s] [ 64%] Built target bond_generate_messages_py
[23.741s] [ 64%] Built target std_srvs_generate_messages_eus
[23.891s] [ 64%] Built target std_msgs_generate_messages_eus
[24.027s] [ 64%] Built target roscpp_generate_messages_lisp
[24.125s] [ 64%] Built target std_srvs_generate_messages_lisp
[24.219s] [ 64%] Built target topic_tools_generate_messages_nodejs
[24.329s] [ 64%] Built target topic_tools_generate_messages_lisp
[24.429s] [ 64%] Built target tf_generate_messages_cpp
[24.547s] [ 85%] Built target op_motion_predictor
[24.648s] [ 85%] Built target topic_tools_generate_messages_cpp
[24.776s] [ 85%] Built target visualization_msgs_generate_messages_py
[24.920s] [ 85%] Built target autoware_msgs_generate_messages_lisp
[25.013s] [ 85%] Built target tf_generate_messages_lisp
[25.106s] [ 85%] Built target actionlib_msgs_generate_messages_lisp
[25.210s] [ 85%] Built target actionlib_msgs_generate_messages_nodejs
[25.309s] [ 85%] Built target tf_generate_messages_py
[25.407s] [ 85%] Built target roscpp_generate_messages_eus
[25.503s] [ 85%] Built target roscpp_generate_messages_nodejs
[25.609s] [ 85%] Built target vector_map_server_generate_messages_nodejs
[25.737s] [100%] Built target op_common_params
[27.130s] Built target tests
[28.408s] [ 21%] Built target op_behavior_selector
[28.506s] [ 21%] Built target actionlib_msgs_generate_messages_cpp
[28.604s] [ 21%] Built target autoware_msgs_generate_messages_cpp
[28.725s] [ 21%] Built target jsk_footstep_msgs_generate_messages_eus
[28.906s] [ 21%] Built target pcl_msgs_generate_messages_py
[29.026s] [ 21%] Built target pcl_msgs_generate_messages_lisp
[29.133s] [ 21%] Built target pcl_msgs_generate_messages_nodejs
[29.231s] [ 21%] Built target vector_map_msgs_generate_messages_lisp
[29.336s] [ 21%] Built target pcl_msgs_generate_messages_eus
[29.429s] [ 21%] Built target autoware_msgs_generate_messages_py
[29.517s] [ 21%] Built target rosgraph_msgs_generate_messages_lisp
[29.614s] [ 21%] Built target std_srvs_generate_messages_cpp
[29.719s] [ 21%] Built target autoware_can_msgs_generate_messages_nodejs
[29.873s] [ 21%] Built target autoware_can_msgs_generate_messages_lisp
[30.003s] [ 21%] Built target actionlib_msgs_generate_messages_eus
[30.107s] [ 21%] Built target dynamic_reconfigure_generate_messages_py
[30.189s] [ 21%] Built target autoware_can_msgs_generate_messages_cpp
[30.273s] [ 21%] Built target autoware_can_msgs_generate_messages_py
[30.366s] [ 21%] Built target geometry_msgs_generate_messages_nodejs
[30.449s] [ 21%] Built target dynamic_reconfigure_generate_messages_eus
[30.534s] [ 21%] Built target actionlib_generate_messages_lisp
[30.625s] [ 21%] Built target autoware_can_msgs_generate_messages_eus
[30.718s] [ 21%] Built target std_msgs_generate_messages_lisp
[30.867s] [ 21%] Built target jsk_recognition_msgs_generate_messages_nodejs
[30.958s] [ 21%] Built target sensor_msgs_generate_messages_nodejs
[31.106s] [ 21%] Built target vector_map_msgs_generate_messages_nodejs
[31.190s] [ 21%] Built target roscpp_generate_messages_py
[31.273s] [ 21%] Built target sensor_msgs_generate_messages_cpp
[31.366s] [ 21%] Built target geometry_msgs_generate_messages_cpp
[31.457s] [ 21%] Built target std_msgs_generate_messages_nodejs
[31.549s] [ 21%] Built target nodelet_generate_messages_lisp
[31.643s] [ 21%] Built target geometry_msgs_generate_messages_eus
[31.775s] [ 21%] Built target jsk_footstep_msgs_generate_messages_lisp
[31.933s] [ 21%] Built target topic_tools_generate_messages_eus
[32.055s] [ 21%] Built target sensor_msgs_generate_messages_py
[32.149s] [ 21%] Built target tf2_msgs_generate_messages_eus
[32.236s] [ 21%] Built target autoware_msgs_generate_messages_nodejs
[32.360s] [ 42%] Built target op_trajectory_evaluator
[32.453s] [ 42%] Built target geometry_msgs_generate_messages_py
[32.544s] [ 42%] Built target jsk_footstep_msgs_generate_messages_py
[32.639s] [ 42%] Built target sensor_msgs_generate_messages_eus
[32.747s] [ 42%] Built target tf_generate_messages_eus
[32.890s] [ 42%] Built target visualization_msgs_generate_messages_cpp
[33.014s] [ 42%] Built target vector_map_server_generate_messages_lisp
[33.101s] [ 42%] Built target nodelet_topic_tools_gencfg
[33.196s] [ 42%] Built target autoware_msgs_generate_messages_eus
[33.288s] [ 42%] Built target geometry_msgs_generate_messages_lisp
[33.387s] [ 42%] Built target jsk_recognition_msgs_generate_messages_cpp
[33.475s] [ 42%] Built target std_msgs_generate_messages_py
[33.570s] [ 42%] Built target jsk_recognition_msgs_generate_messages_eus
[33.657s] [ 42%] Built target jsk_footstep_msgs_generate_messages_cpp
[33.781s] [ 42%] Built target actionlib_msgs_generate_messages_py
[33.929s] [ 42%] Built target jsk_recognition_msgs_generate_messages_lisp
[34.035s] [ 42%] Built target roscpp_generate_messages_cpp
[34.139s] [ 42%] Built target tf_generate_messages_nodejs
[34.227s] [ 42%] Built target topic_tools_generate_messages_py
[34.315s] [ 42%] Built target rosgraph_msgs_generate_messages_cpp
[34.393s] [ 42%] Built target actionlib_generate_messages_eus
[34.480s] [ 42%] Built target rosgraph_msgs_generate_messages_eus
[34.574s] [ 42%] Built target rosgraph_msgs_generate_messages_nodejs
[34.667s] [ 42%] Built target actionlib_generate_messages_cpp
[34.760s] [ 42%] Built target std_srvs_generate_messages_py
[34.923s] [ 42%] Built target actionlib_generate_messages_nodejs
[35.057s] [ 64%] Built target op_trajectory_generator
[35.144s] [ 64%] Built target actionlib_generate_messages_py
[35.235s] [ 64%] Built target tf2_msgs_generate_messages_cpp
[35.319s] [ 64%] Built target dynamic_reconfigure_generate_messages_lisp
[35.413s] [ 64%] Built target tf2_msgs_generate_messages_lisp
[35.491s] [ 64%] Built target tf2_msgs_generate_messages_py
[35.589s] [ 64%] Built target dynamic_reconfigure_generate_messages_nodejs
[35.675s] [ 64%] Built target bond_generate_messages_cpp
[35.770s] [ 64%] Built target visualization_msgs_generate_messages_eus
[35.920s] [ 64%] Built target visualization_msgs_generate_messages_lisp
[36.062s] [ 64%] Built target rosgraph_msgs_generate_messages_py
[36.149s] [ 64%] Built target visualization_msgs_generate_messages_nodejs
[36.241s] [ 64%] Built target vector_map_msgs_generate_messages_cpp
[36.318s] [ 64%] Built target std_msgs_generate_messages_cpp
[36.399s] [ 64%] Built target vector_map_msgs_generate_messages_eus
[36.476s] [ 64%] Built target vector_map_msgs_generate_messages_py
[36.563s] [ 64%] Built target vector_map_server_generate_messages_cpp
[36.620s] [ 64%] Built target vector_map_server_generate_messages_eus
[36.676s] [ 64%] Built target topic_tools_generate_messages_cpp
[36.740s] [ 64%] Built target vector_map_server_generate_messages_py
[36.814s] [ 64%] Built target pcl_ros_gencfg
[36.906s] [ 64%] Built target dynamic_reconfigure_generate_messages_cpp
[36.958s] [ 64%] Built target jsk_recognition_msgs_generate_messages_py
[37.019s] [ 64%] Built target pcl_msgs_generate_messages_cpp
[37.079s] [ 64%] Built target dynamic_reconfigure_gencfg
[37.124s] [ 64%] Built target sensor_msgs_generate_messages_lisp
[37.197s] [ 64%] Built target tf2_msgs_generate_messages_nodejs
[37.225s] [ 64%] Built target nodelet_generate_messages_cpp
[37.300s] [ 64%] Built target nodelet_generate_messages_eus
[37.316s] [ 64%] Built target nodelet_generate_messages_nodejs
[37.395s] [ 64%] Built target nodelet_generate_messages_py
[37.411s] [ 64%] Built target std_srvs_generate_messages_nodejs
[37.479s] [ 64%] Built target jsk_footstep_msgs_generate_messages_nodejs
[37.512s] [ 64%] Built target bond_generate_messages_eus
[37.574s] [ 64%] Built target bond_generate_messages_lisp
[37.610s] [ 64%] Built target bond_generate_messages_nodejs
[37.656s] [ 64%] Built target bond_generate_messages_py
[37.687s] [ 64%] Built target std_srvs_generate_messages_eus
[37.776s] [ 64%] Built target std_msgs_generate_messages_eus
[37.833s] [ 64%] Built target roscpp_generate_messages_lisp
[37.894s] [ 64%] Built target std_srvs_generate_messages_lisp
[37.977s] [ 64%] Built target topic_tools_generate_messages_nodejs
[38.028s] [ 64%] Built target topic_tools_generate_messages_lisp
[38.112s] [ 64%] Built target tf_generate_messages_cpp
[38.151s] [ 85%] Built target op_motion_predictor
[38.193s] [ 85%] Built target visualization_msgs_generate_messages_py
[38.236s] [ 85%] Built target autoware_msgs_generate_messages_lisp
[38.282s] [ 85%] Built target tf_generate_messages_lisp
[38.322s] [ 85%] Built target actionlib_msgs_generate_messages_lisp
[38.359s] [ 85%] Built target actionlib_msgs_generate_messages_nodejs
[38.398s] [ 85%] Built target tf_generate_messages_py
[38.451s] [ 85%] Built target roscpp_generate_messages_eus
[38.484s] [ 85%] Built target roscpp_generate_messages_nodejs
[38.536s] [ 85%] Built target vector_map_server_generate_messages_nodejs
[38.617s] [100%] Built target op_common_params
[38.686s] [36mInstall the project...[0m
[38.717s] -- Install configuration: "Release"
[38.717s] -- Installing: /home/capstone/autoware.ai/install/op_local_planner/lib/pkgconfig/op_local_planner.pc
[38.717s] -- Installing: /home/capstone/autoware.ai/install/op_local_planner/share/op_local_planner/cmake/op_local_plannerConfig.cmake
[38.718s] -- Up-to-date: /home/capstone/autoware.ai/install/op_local_planner/share/op_local_planner/cmake/op_local_plannerConfig-version.cmake
[38.718s] -- Up-to-date: /home/capstone/autoware.ai/install/op_local_planner/share/op_local_planner/package.xml
[38.719s] -- Up-to-date: /home/capstone/autoware.ai/install/op_local_planner/lib/op_local_planner/op_common_params
[38.720s] -- Up-to-date: /home/capstone/autoware.ai/install/op_local_planner/lib/op_local_planner/op_trajectory_generator
[38.721s] -- Up-to-date: /home/capstone/autoware.ai/install/op_local_planner/lib/op_local_planner/op_trajectory_evaluator
[38.722s] -- Up-to-date: /home/capstone/autoware.ai/install/op_local_planner/lib/op_local_planner/op_behavior_selector
[38.723s] -- Up-to-date: /home/capstone/autoware.ai/install/op_local_planner/lib/op_local_planner/op_motion_predictor
[38.724s] -- Up-to-date: /home/capstone/autoware.ai/install/op_local_planner/share/op_local_planner/launch
[38.724s] -- Up-to-date: /home/capstone/autoware.ai/install/op_local_planner/share/op_local_planner/launch/op_motion_predictor.launch
[38.724s] -- Up-to-date: /home/capstone/autoware.ai/install/op_local_planner/share/op_local_planner/launch/op_behavior_selector.launch
[38.724s] -- Up-to-date: /home/capstone/autoware.ai/install/op_local_planner/share/op_local_planner/launch/op_trajectory_generator.launch
[38.724s] -- Up-to-date: /home/capstone/autoware.ai/install/op_local_planner/share/op_local_planner/launch/op_common_params.launch
[38.725s] -- Up-to-date: /home/capstone/autoware.ai/install/op_local_planner/share/op_local_planner/launch/op_trajectory_evaluator.launch
