[0.913s] -- The C compiler identification is GNU 7.5.0
[1.269s] -- The CXX compiler identification is GNU 7.5.0
[1.297s] -- Check for working C compiler: /usr/bin/cc
[2.192s] -- Check for working C compiler: /usr/bin/cc -- works
[2.194s] -- Detecting C compiler ABI info
[2.932s] -- Detecting C compiler ABI info - done
[2.953s] -- Detecting C compile features
[5.146s] -- Detecting C compile features - done
[5.159s] -- Check for working CXX compiler: /usr/bin/c++
[5.885s] -- Check for working CXX compiler: /usr/bin/c++ -- works
[5.886s] -- Detecting CXX compiler ABI info
[6.555s] -- Detecting CXX compiler ABI info - done
[6.579s] -- Detecting CXX compile features
[9.161s] -- Detecting CXX compile features - done
[9.174s] -- MRT_ARCH not set and X86 target detected (x86_64)
[9.174s] -- Setting -march to sandybridge
[11.260s] -- Found OpenMP_C: -fopenmp (found version "4.5") 
[11.807s] -- Found OpenMP_CXX: -fopenmp (found version "4.5") 
[11.809s] -- Found OpenMP: TRUE (found version "4.5")  
[11.831s] -- Performing Test FLAG_AVAILABLE
[12.503s] -- Performing Test FLAG_AVAILABLE - Success
[12.510s] -- Using CATKIN_DEVEL_PREFIX: /home/capstone/autoware.ai/build/lanelet2_core/devel
[12.511s] -- Using CMAKE_PREFIX_PATH: /home/capstone/autoware.ai/install/mrt_cmake_modules;/home/capstone/autoware.ai/install/wf_simulator;/home/capstone/autoware.ai/install/vision_ssd_detect;/home/capstone/autoware.ai/install/vision_segment_enet_detect;/home/capstone/autoware.ai/install/vision_lane_detect;/home/capstone/autoware.ai/install/vision_darknet_detect;/home/capstone/autoware.ai/install/vision_beyond_track;/home/capstone/autoware.ai/install/vel_pose_diff_checker;/home/capstone/autoware.ai/install/vehicle_socket;/home/capstone/autoware.ai/install/vehicle_sim_model;/home/capstone/autoware.ai/install/vehicle_model;/home/capstone/autoware.ai/install/vehicle_gazebo_simulation_launcher;/home/capstone/autoware.ai/install/vehicle_gazebo_simulation_interface;/home/capstone/autoware.ai/install/vehicle_engage_panel;/home/capstone/autoware.ai/install/vehicle_description;/home/capstone/autoware.ai/install/op_ros_helpers;/home/capstone/autoware.ai/install/op_simu;/home/capstone/autoware.ai/install/op_planner;/home/capstone/autoware.ai/install/op_utility;/home/capstone/autoware.ai/install/vector_map_server;/home/capstone/autoware.ai/install/object_map;/home/capstone/autoware.ai/install/lanelet_aisan_converter;/home/capstone/autoware.ai/install/map_file;/home/capstone/autoware.ai/install/libvectormap;/home/capstone/autoware.ai/install/vector_map;/home/capstone/autoware.ai/install/vector_map_msgs;/home/capstone/autoware.ai/install/twist_generator;/home/capstone/autoware.ai/install/twist2odom;/home/capstone/autoware.ai/install/runtime_manager;/home/capstone/autoware.ai/install/tablet_socket_msgs;/home/capstone/autoware.ai/install/sound_player;/home/capstone/autoware.ai/install/points2image;/home/capstone/autoware.ai/install/rosinterface;/home/capstone/autoware.ai/install/rosbag_controller;/home/capstone/autoware.ai/install/points_preprocessor;/home/capstone/autoware.ai/install/lidar_localizer;/home/capstone/autoware.ai/install/emergency_handler;/home/capstone/autoware.ai/install/autoware_health_checker;/home/capstone/autoware.ai/install/ros_observer;/home/capstone/autoware.ai/install/range_vision_fusion;/home/capstone/autoware.ai/install/pos_db;/home/capstone/autoware.ai/install/points_downsampler;/home/capstone/autoware.ai/install/pixel_cloud_fusion;/home/capstone/autoware.ai/install/pcl_omp_registration;/home/capstone/autoware.ai/install/pc2_downsampler;/home/capstone/autoware.ai/install/obj_db;/home/capstone/autoware.ai/install/nmea_navsat;/home/capstone/autoware.ai/install/ndt_tku;/home/capstone/autoware.ai/install/ndt_gpu;/home/capstone/autoware.ai/install/ndt_cpu;/home/capstone/autoware.ai/install/multi_lidar_calibrator;/home/capstone/autoware.ai/install/marker_downsampler;/home/capstone/autoware.ai/install/map_tools;/home/capstone/autoware.ai/install/map_tf_generator;/home/capstone/autoware.ai/install/log_tools;/home/capstone/autoware.ai/install/libwaypoint_follower;/home/capstone/autoware.ai/install/lgsvl_simulator_bridge;/home/capstone/autoware.ai/install/lanelet2_extension;/home/capstone/autoware.ai/install/lanelet2_validation;/home/capstone/autoware.ai/install/lanelet2_examples;/home/capstone/autoware.ai/install/lanelet2_python;/home/capstone/autoware.ai/install/lanelet2_routing;/home/capstone/autoware.ai/install/lanelet2_traffic_rules;/home/capstone/autoware.ai/install/lanelet2_projection;/home/capstone/autoware.ai/install/lanelet2_maps;/home/capstone/autoware.ai/install/lanelet2_io;/home/capstone/autoware.ai/install/lanelet2_core;/home/capstone/autoware.ai/install/integrated_viewer;/home/capstone/autoware.ai/install/image_processor;/home/capstone/autoware.ai/install/graph_tools;/home/capstone/autoware.ai/install/gnss_localizer;/home/capstone/autoware.ai/install/gnss;/home/capstone/autoware.ai/install/glviewer;/home/capstone/autoware.ai/install/gazebo_world_description;/home/capstone/autoware.ai/install/gazebo_imu_description;/home/capstone/autoware.ai/install/gazebo_camera_description;/home/capstone/autoware.ai/install/fastvirtualscan;/home/capstone/autoware.ai/install/ekf_localizer;/home/capstone/autoware.ai/install/detected_objects_visualizer;/home/capstone/autoware.ai/install/decision_maker_panel;/home/capstone/autoware.ai/install/data_preprocessor;/home/capstone/autoware.ai/install/carla_autoware_bridge;/home/capstone/autoware.ai/install/calibration_publisher;/home/capstone/autoware.ai/install/autoware_system_msgs;/home/capstone/autoware.ai/install/autoware_rviz_plugins;/home/capstone/autoware.ai/install/autoware_quickstart_examples;/home/capstone/autoware.ai/install/autoware_pointgrey_drivers;/home/capstone/autoware.ai/install/autoware_driveworks_interface;/home/capstone/autoware.ai/install/autoware_connector;/home/capstone/autoware.ai/install/autoware_camera_lidar_calibrator;/home/capstone/autoware.ai/install/amathutils_lib;/home/capstone/autoware.ai/install/autoware_msgs;/home/capstone/autoware.ai/install/autoware_map_msgs;/home/capstone/autoware.ai/install/autoware_launcher_rviz;/home/capstone/autoware.ai/install/autoware_launcher;/home/capstone/autoware.ai/install/autoware_lanelet2_msgs;/home/capstone/autoware.ai/install/autoware_external_msgs;/home/capstone/autoware.ai/install/autoware_driveworks_gmsl_interface;/home/capstone/autoware.ai/install/autoware_config_msgs;/home/capstone/autoware.ai/install/autoware_can_msgs;/home/capstone/autoware.ai/install/autoware_build_flags;/home/capstone/autoware.ai/install/autoware_bag_tools;/opt/carla-ros-bridge/melodic;/opt/ros/melodic
[12.518s] -- This workspace overlays: /home/capstone/autoware.ai/install/mrt_cmake_modules;/home/capstone/autoware.ai/install/tablet_socket_msgs;/home/capstone/autoware.ai/install/autoware_system_msgs;/home/capstone/autoware.ai/install/autoware_lanelet2_msgs;/home/capstone/autoware.ai/install/autoware_can_msgs;/home/capstone/autoware.ai/install/autoware_build_flags;/opt/carla-ros-bridge/melodic;/opt/ros/melodic
[12.597s] -- Found PythonInterp: /usr/bin/python2 (found suitable version "2.7.17", minimum required is "2") 
[12.597s] -- Using PYTHON_EXECUTABLE: /usr/bin/python2
[12.597s] -- Using Debian Python package layout
[12.600s] -- Using empy: /usr/bin/empy
[13.125s] -- Using CATKIN_ENABLE_TESTING: ON
[13.126s] -- Call enable_testing()
[13.150s] -- Using CATKIN_TEST_RESULTS_DIR: /home/capstone/autoware.ai/build/lanelet2_core/test_results
[13.223s] -- Found gtest sources under '/usr/src/googletest': gtests will be built
[13.223s] -- Found gmock sources under '/usr/src/googletest': gmock will be built
[13.285s] -- Found PythonInterp: /usr/bin/python2 (found version "2.7.17") 
[13.288s] -- Looking for pthread.h
[13.841s] -- Looking for pthread.h - found
[13.842s] -- Looking for pthread_create
[14.434s] -- Looking for pthread_create - found
[14.437s] -- Found Threads: TRUE  
[14.454s] -- Using Python nosetests: /usr/bin/nosetests-2.7
[14.624s] -- catkin 0.7.23
[14.625s] -- BUILD_SHARED_LIBS is on
[16.904s] -- Boost version: 1.65.1
[16.904s] -- Found the following Boost libraries:
[16.904s] --   wserialization
[16.905s] --   thread
[16.905s] --   random
[16.905s] --   serialization
[16.905s] --   log_setup
[16.905s] --   prg_exec_monitor
[16.906s] --   wave
[16.906s] --   system
[16.906s] --   signals
[16.906s] --   chrono
[16.907s] --   filesystem
[16.907s] --   locale
[16.907s] --   timer
[16.907s] --   date_time
[16.908s] --   regex
[16.908s] --   graph
[16.908s] --   program_options
[16.908s] --   unit_test_framework
[16.908s] --   log
[16.908s] --   atomic
[17.702s] -- Adding library "lanelet2_core" with source src/Attribute.cpp;src/BasicRegulatoryElements.cpp;src/Lanelet.cpp;src/LaneletMap.cpp;src/LaneletSequence.cpp;src/LineStringGeometry.cpp;src/RegulatoryElement.cpp;src/RegulatoryElementGeometry.cpp
[17.702s] -- Marking targets "lanelet2_core" of package "lanelet2_core" for installation
[17.710s] -- Marking HEADER FILES in "include" folder of package "lanelet2_core" for installation
[17.710s] -- Marking SHARED CONTENT FOLDER "res" of package "lanelet2_core" for installation
[17.710s] -- Marking SHARED CONTENT FOLDER "doc" of package "lanelet2_core" for installation
[17.711s] -- Adding gtest unittest "lanelet2_core-test_area-test" with working dir /home/capstone/autoware.ai/src/vendor/lanelet2/lanelet2_core/test
[17.711s] -- Adding gtest unittest "lanelet2_core-test_attribute-test" with working dir /home/capstone/autoware.ai/src/vendor/lanelet2/lanelet2_core/test
[17.714s] -- Adding gtest unittest "lanelet2_core-test_lanelet-test" with working dir /home/capstone/autoware.ai/src/vendor/lanelet2/lanelet2_core/test
[17.715s] -- Adding gtest unittest "lanelet2_core-test_lanelet_map-test" with working dir /home/capstone/autoware.ai/src/vendor/lanelet2/lanelet2_core/test
[17.718s] -- Adding gtest unittest "lanelet2_core-test_lanelet_map_geometry-test" with working dir /home/capstone/autoware.ai/src/vendor/lanelet2/lanelet2_core/test
[17.721s] -- Adding gtest unittest "lanelet2_core-test_lanelet_or_area-test" with working dir /home/capstone/autoware.ai/src/vendor/lanelet2/lanelet2_core/test
[17.724s] -- Adding gtest unittest "lanelet2_core-test_lanelet_sequence-test" with working dir /home/capstone/autoware.ai/src/vendor/lanelet2/lanelet2_core/test
[17.728s] -- Adding gtest unittest "lanelet2_core-test_linestring-test" with working dir /home/capstone/autoware.ai/src/vendor/lanelet2/lanelet2_core/test
[17.732s] -- Adding gtest unittest "lanelet2_core-test_point-test" with working dir /home/capstone/autoware.ai/src/vendor/lanelet2/lanelet2_core/test
[17.734s] -- Adding gtest unittest "lanelet2_core-test_polygon-test" with working dir /home/capstone/autoware.ai/src/vendor/lanelet2/lanelet2_core/test
[17.737s] -- Adding gtest unittest "lanelet2_core-test_regulatory_element-test" with working dir /home/capstone/autoware.ai/src/vendor/lanelet2/lanelet2_core/test
[17.767s] -- Adding nosetests in folder test
[17.793s] -- Configuring done
[18.143s] -- Generating done
[18.179s] -- Build files have been written to: /home/capstone/autoware.ai/build/lanelet2_core
[18.538s] [35m[1mScanning dependencies of target _catkin_empty_exported_target[0m
[18.609s] [  0%] Built target _catkin_empty_exported_target
[18.685s] [35m[1mScanning dependencies of target lanelet2_core[0m
[18.957s] [ 11%] [32mBuilding CXX object CMakeFiles/lanelet2_core.dir/src/Attribute.cpp.o[0m
[28.682s] [ 22%] [32mBuilding CXX object CMakeFiles/lanelet2_core.dir/src/RegulatoryElementGeometry.cpp.o[0m
[42.428s] [ 33%] [32mBuilding CXX object CMakeFiles/lanelet2_core.dir/src/RegulatoryElement.cpp.o[0m
[52.606s] [ 44%] [32mBuilding CXX object CMakeFiles/lanelet2_core.dir/src/LineStringGeometry.cpp.o[0m
[65.938s] [ 55%] [32mBuilding CXX object CMakeFiles/lanelet2_core.dir/src/LaneletSequence.cpp.o[0m
[72.843s] [ 66%] [32mBuilding CXX object CMakeFiles/lanelet2_core.dir/src/LaneletMap.cpp.o[0m
[123.756s] [ 77%] [32mBuilding CXX object CMakeFiles/lanelet2_core.dir/src/Lanelet.cpp.o[0m
[139.018s] [ 88%] [32mBuilding CXX object CMakeFiles/lanelet2_core.dir/src/BasicRegulatoryElements.cpp.o[0m
[151.240s] [100%] [32m[1mLinking CXX shared library devel/lib/liblanelet2_core.so[0m
[151.610s] [100%] Built target lanelet2_core
[154.035s] [35m[1mScanning dependencies of target gtest[0m
[154.150s] [  2%] [32mBuilding CXX object gtest/googlemock/gtest/CMakeFiles/gtest.dir/src/gtest-all.cc.o[0m
[164.412s] [  5%] [32m[1mLinking CXX shared library libgtest.so[0m
[164.624s] [  5%] Built target gtest
[164.765s] [  5%] Built target _catkin_empty_exported_target
[164.836s] [35m[1mScanning dependencies of target gtest_main[0m
[164.957s] [  8%] [32mBuilding CXX object gtest/googlemock/gtest/CMakeFiles/gtest_main.dir/src/gtest_main.cc.o[0m
[166.280s] [ 11%] [32m[1mLinking CXX shared library libgtest_main.so[0m
[166.510s] [ 11%] Built target gtest_main
[166.698s] [ 37%] Built target lanelet2_core
[166.782s] [35m[1mScanning dependencies of target lanelet2_core-test_lanelet-test[0m
[166.959s] [ 40%] [32mBuilding CXX object CMakeFiles/lanelet2_core-test_lanelet-test.dir/test/test_lanelet.cpp.o[0m
[190.954s] [ 42%] [32m[1mLinking CXX executable devel/lib/lanelet2_core/lanelet2_core-test_lanelet-test[0m
[191.218s] [ 42%] Built target lanelet2_core-test_lanelet-test
[191.320s] [35m[1mScanning dependencies of target lanelet2_core-test_lanelet_sequence-test[0m
[191.483s] [ 45%] [32mBuilding CXX object CMakeFiles/lanelet2_core-test_lanelet_sequence-test.dir/test/test_lanelet_sequence.cpp.o[0m
[206.640s] [ 48%] [32m[1mLinking CXX executable devel/lib/lanelet2_core/lanelet2_core-test_lanelet_sequence-test[0m
[206.874s] [ 48%] Built target lanelet2_core-test_lanelet_sequence-test
[207.024s] [35m[1mScanning dependencies of target lanelet2_core-test_linestring-test[0m
[207.308s] [ 51%] [32mBuilding CXX object CMakeFiles/lanelet2_core-test_linestring-test.dir/test/test_linestring.cpp.o[0m
[252.206s] [ 54%] [32m[1mLinking CXX executable devel/lib/lanelet2_core/lanelet2_core-test_linestring-test[0m
[252.543s] [ 54%] Built target lanelet2_core-test_linestring-test
[252.634s] [35m[1mScanning dependencies of target lanelet2_core-test_polygon-test[0m
[252.891s] [ 57%] [32mBuilding CXX object CMakeFiles/lanelet2_core-test_polygon-test.dir/test/test_polygon.cpp.o[0m
[277.883s] [ 60%] [32m[1mLinking CXX executable devel/lib/lanelet2_core/lanelet2_core-test_polygon-test[0m
[278.149s] [ 60%] Built target lanelet2_core-test_polygon-test
[278.283s] [35m[1mScanning dependencies of target lanelet2_core-test_regulatory_element-test[0m
[278.482s] [ 62%] [32mBuilding CXX object CMakeFiles/lanelet2_core-test_regulatory_element-test.dir/test/test_regulatory_element.cpp.o[0m
[292.494s] [ 65%] [32m[1mLinking CXX executable devel/lib/lanelet2_core/lanelet2_core-test_regulatory_element-test[0m
[292.852s] [ 65%] Built target lanelet2_core-test_regulatory_element-test
[292.950s] [35m[1mScanning dependencies of target lanelet2_core-test_point-test[0m
[293.142s] [ 68%] [32mBuilding CXX object CMakeFiles/lanelet2_core-test_point-test.dir/test/test_point.cpp.o[0m
[303.493s] [ 71%] [32m[1mLinking CXX executable devel/lib/lanelet2_core/lanelet2_core-test_point-test[0m
[303.797s] [ 71%] Built target lanelet2_core-test_point-test
[303.938s] [35m[1mScanning dependencies of target lanelet2_core-test_lanelet_map-test[0m
[304.161s] [ 74%] [32mBuilding CXX object CMakeFiles/lanelet2_core-test_lanelet_map-test.dir/test/test_lanelet_map.cpp.o[0m
[321.998s] [ 77%] [32m[1mLinking CXX executable devel/lib/lanelet2_core/lanelet2_core-test_lanelet_map-test[0m
[322.450s] [ 77%] Built target lanelet2_core-test_lanelet_map-test
[322.573s] [35m[1mScanning dependencies of target lanelet2_core-test_lanelet_or_area-test[0m
[322.779s] [ 80%] [32mBuilding CXX object CMakeFiles/lanelet2_core-test_lanelet_or_area-test.dir/test/test_lanelet_or_area.cpp.o[0m
[332.649s] [ 82%] [32m[1mLinking CXX executable devel/lib/lanelet2_core/lanelet2_core-test_lanelet_or_area-test[0m
[332.927s] [ 82%] Built target lanelet2_core-test_lanelet_or_area-test
[333.034s] [35m[1mScanning dependencies of target lanelet2_core-test_area-test[0m
[333.243s] [ 85%] [32mBuilding CXX object CMakeFiles/lanelet2_core-test_area-test.dir/test/test_area.cpp.o[0m
[357.318s] [ 88%] [32m[1mLinking CXX executable devel/lib/lanelet2_core/lanelet2_core-test_area-test[0m
[357.631s] [ 88%] Built target lanelet2_core-test_area-test
[357.769s] [35m[1mScanning dependencies of target lanelet2_core-test_attribute-test[0m
[357.908s] [ 91%] [32mBuilding CXX object CMakeFiles/lanelet2_core-test_attribute-test.dir/test/test_attribute.cpp.o[0m
[363.325s] [ 94%] [32m[1mLinking CXX executable devel/lib/lanelet2_core/lanelet2_core-test_attribute-test[0m
[363.627s] [ 94%] Built target lanelet2_core-test_attribute-test
[363.748s] [35m[1mScanning dependencies of target lanelet2_core-test_lanelet_map_geometry-test[0m
[363.948s] [ 97%] [32mBuilding CXX object CMakeFiles/lanelet2_core-test_lanelet_map_geometry-test.dir/test/test_lanelet_map_geometry.cpp.o[0m
[399.937s] [100%] [32m[1mLinking CXX executable devel/lib/lanelet2_core/lanelet2_core-test_lanelet_map_geometry-test[0m
[400.321s] [100%] Built target lanelet2_core-test_lanelet_map_geometry-test
[400.466s] [35m[1mScanning dependencies of target tests[0m
[400.587s] [100%] Built target tests
[404.118s] [  0%] Built target _catkin_empty_exported_target
[404.399s] [100%] Built target lanelet2_core
[404.612s] [36mInstall the project...[0m
[404.699s] -- Install configuration: "Release"
[404.700s] -- Installing: /home/capstone/autoware.ai/install/lanelet2_core/lib/pkgconfig/lanelet2_core.pc
[404.700s] -- Installing: /home/capstone/autoware.ai/install/lanelet2_core/share/lanelet2_core/cmake/lanelet2_coreConfig.cmake
[404.700s] -- Installing: /home/capstone/autoware.ai/install/lanelet2_core/share/lanelet2_core/cmake/lanelet2_coreConfig-version.cmake
[404.702s] -- Installing: /home/capstone/autoware.ai/install/lanelet2_core/share/lanelet2_core/package.xml
[404.702s] -- Installing: /home/capstone/autoware.ai/install/lanelet2_core/lib/liblanelet2_core.so
[404.717s] -- Installing: /home/capstone/autoware.ai/install/lanelet2_core/include/lanelet2_core
[404.717s] -- Installing: /home/capstone/autoware.ai/install/lanelet2_core/include/lanelet2_core/Exceptions.h
[404.718s] -- Installing: /home/capstone/autoware.ai/install/lanelet2_core/include/lanelet2_core/Attribute.h
[404.718s] -- Installing: /home/capstone/autoware.ai/install/lanelet2_core/include/lanelet2_core/utility
[404.719s] -- Installing: /home/capstone/autoware.ai/install/lanelet2_core/include/lanelet2_core/utility/TransformIterator.h
[404.719s] -- Installing: /home/capstone/autoware.ai/install/lanelet2_core/include/lanelet2_core/utility/CompoundIterator.h
[404.720s] -- Installing: /home/capstone/autoware.ai/install/lanelet2_core/include/lanelet2_core/utility/HybridMap.h
[404.722s] -- Installing: /home/capstone/autoware.ai/install/lanelet2_core/include/lanelet2_core/utility/ReverseAndForwardIterator.h
[404.723s] -- Installing: /home/capstone/autoware.ai/install/lanelet2_core/include/lanelet2_core/utility/Optional.h
[404.723s] -- Installing: /home/capstone/autoware.ai/install/lanelet2_core/include/lanelet2_core/utility/Utilities.h
[404.724s] -- Installing: /home/capstone/autoware.ai/install/lanelet2_core/include/lanelet2_core/utility/Units.h
[404.725s] -- Installing: /home/capstone/autoware.ai/install/lanelet2_core/include/lanelet2_core/geometry
[404.725s] -- Installing: /home/capstone/autoware.ai/install/lanelet2_core/include/lanelet2_core/geometry/Point.h
[404.726s] -- Installing: /home/capstone/autoware.ai/install/lanelet2_core/include/lanelet2_core/geometry/Lanelet.h
[404.727s] -- Installing: /home/capstone/autoware.ai/install/lanelet2_core/include/lanelet2_core/geometry/Polygon.h
[404.728s] -- Installing: /home/capstone/autoware.ai/install/lanelet2_core/include/lanelet2_core/geometry/BoundingBox.h
[404.730s] -- Installing: /home/capstone/autoware.ai/install/lanelet2_core/include/lanelet2_core/geometry/GeometryHelper.h
[404.735s] -- Installing: /home/capstone/autoware.ai/install/lanelet2_core/include/lanelet2_core/geometry/RegulatoryElement.h
[404.735s] -- Installing: /home/capstone/autoware.ai/install/lanelet2_core/include/lanelet2_core/geometry/impl
[404.735s] -- Installing: /home/capstone/autoware.ai/install/lanelet2_core/include/lanelet2_core/geometry/impl/Lanelet.h
[404.736s] -- Installing: /home/capstone/autoware.ai/install/lanelet2_core/include/lanelet2_core/geometry/impl/Polygon.h
[404.736s] -- Installing: /home/capstone/autoware.ai/install/lanelet2_core/include/lanelet2_core/geometry/impl/LineString.h
[404.737s] -- Installing: /home/capstone/autoware.ai/install/lanelet2_core/include/lanelet2_core/geometry/impl/LaneletMap.h
[404.737s] -- Installing: /home/capstone/autoware.ai/install/lanelet2_core/include/lanelet2_core/geometry/impl/Area.h
[404.737s] -- Installing: /home/capstone/autoware.ai/install/lanelet2_core/include/lanelet2_core/geometry/LineString.h
[404.738s] -- Installing: /home/capstone/autoware.ai/install/lanelet2_core/include/lanelet2_core/geometry/LaneletMap.h
[404.738s] -- Installing: /home/capstone/autoware.ai/install/lanelet2_core/include/lanelet2_core/geometry/Area.h
[404.740s] -- Installing: /home/capstone/autoware.ai/install/lanelet2_core/include/lanelet2_core/primitives
[404.759s] -- Installing: /home/capstone/autoware.ai/install/lanelet2_core/include/lanelet2_core/primitives/LaneletOrArea.h
[404.761s] -- Installing: /home/capstone/autoware.ai/install/lanelet2_core/include/lanelet2_core/primitives/Point.h
[404.763s] -- Installing: /home/capstone/autoware.ai/install/lanelet2_core/include/lanelet2_core/primitives/Lanelet.h
[404.764s] -- Installing: /home/capstone/autoware.ai/install/lanelet2_core/include/lanelet2_core/primitives/CompoundPolygon.h
[404.765s] -- Installing: /home/capstone/autoware.ai/install/lanelet2_core/include/lanelet2_core/primitives/Polygon.h
[404.766s] -- Installing: /home/capstone/autoware.ai/install/lanelet2_core/include/lanelet2_core/primitives/CompoundLineString.h
[404.775s] -- Installing: /home/capstone/autoware.ai/install/lanelet2_core/include/lanelet2_core/primitives/LineStringOrPolygon.h
[404.776s] -- Installing: /home/capstone/autoware.ai/install/lanelet2_core/include/lanelet2_core/primitives/BoundingBox.h
[404.776s] -- Installing: /home/capstone/autoware.ai/install/lanelet2_core/include/lanelet2_core/primitives/GPSPoint.h
[404.777s] -- Installing: /home/capstone/autoware.ai/install/lanelet2_core/include/lanelet2_core/primitives/RegulatoryElement.h
[404.779s] -- Installing: /home/capstone/autoware.ai/install/lanelet2_core/include/lanelet2_core/primitives/BasicRegulatoryElements.h
[404.779s] -- Installing: /home/capstone/autoware.ai/install/lanelet2_core/include/lanelet2_core/primitives/LineString.h
[404.780s] -- Installing: /home/capstone/autoware.ai/install/lanelet2_core/include/lanelet2_core/primitives/Primitive.h
[404.781s] -- Installing: /home/capstone/autoware.ai/install/lanelet2_core/include/lanelet2_core/primitives/Area.h
[404.782s] -- Installing: /home/capstone/autoware.ai/install/lanelet2_core/include/lanelet2_core/primitives/Traits.h
[404.782s] -- Installing: /home/capstone/autoware.ai/install/lanelet2_core/include/lanelet2_core/primitives/LaneletSequence.h
[404.783s] -- Installing: /home/capstone/autoware.ai/install/lanelet2_core/include/lanelet2_core/LaneletMap.h
[404.784s] -- Installing: /home/capstone/autoware.ai/install/lanelet2_core/include/lanelet2_core/Forward.h
[404.785s] -- Installing: /home/capstone/autoware.ai/install/lanelet2_core/share/lanelet2_core/res
[404.786s] -- Installing: /home/capstone/autoware.ai/install/lanelet2_core/share/lanelet2_core/res/lanelet_gdb.py
[404.786s] -- Installing: /home/capstone/autoware.ai/install/lanelet2_core/share/lanelet2_core/res/qtcreator_debugging_helpers.py
[404.786s] -- Installing: /home/capstone/autoware.ai/install/lanelet2_core/share/lanelet2_core/doc
[404.787s] -- Installing: /home/capstone/autoware.ai/install/lanelet2_core/share/lanelet2_core/doc/images
[404.788s] -- Installing: /home/capstone/autoware.ai/install/lanelet2_core/share/lanelet2_core/doc/images/architecture.png
[404.789s] -- Installing: /home/capstone/autoware.ai/install/lanelet2_core/share/lanelet2_core/doc/images/linestring.png
[404.789s] -- Installing: /home/capstone/autoware.ai/install/lanelet2_core/share/lanelet2_core/doc/images/lanelet.png
[404.790s] -- Installing: /home/capstone/autoware.ai/install/lanelet2_core/share/lanelet2_core/doc/images/lanelet2_example_image.png
[404.791s] -- Installing: /home/capstone/autoware.ai/install/lanelet2_core/share/lanelet2_core/doc/images/area.png
[404.792s] -- Installing: /home/capstone/autoware.ai/install/lanelet2_core/share/lanelet2_core/doc/images/regulatory_element.png
[404.792s] -- Installing: /home/capstone/autoware.ai/install/lanelet2_core/share/lanelet2_core/doc/images/max_hose_problem_small.png
[404.793s] -- Installing: /home/capstone/autoware.ai/install/lanelet2_core/share/lanelet2_core/doc/RegulatoryElementTagging.md
[404.794s] -- Installing: /home/capstone/autoware.ai/install/lanelet2_core/share/lanelet2_core/doc/LaneletPrimitives.md
[404.795s] -- Installing: /home/capstone/autoware.ai/install/lanelet2_core/share/lanelet2_core/doc/Lanelet1Compability.md
[404.795s] -- Installing: /home/capstone/autoware.ai/install/lanelet2_core/share/lanelet2_core/doc/LaneletAndAreaTagging.md
[404.796s] -- Installing: /home/capstone/autoware.ai/install/lanelet2_core/share/lanelet2_core/doc/Architecture.md
[404.797s] -- Installing: /home/capstone/autoware.ai/install/lanelet2_core/share/lanelet2_core/doc/LinestringTagging.md
[404.797s] -- Installing: /home/capstone/autoware.ai/install/lanelet2_core/share/lanelet2_core/doc/GeometryPrimer.md
