[0.926s] [  0%] Built target tf_generate_messages_py
[0.949s] [  0%] Built target map_msgs_generate_messages_lisp
[0.960s] [  0%] Built target nav_msgs_generate_messages_cpp
[0.965s] [  0%] Built target nav_msgs_generate_messages_py
[0.985s] [  0%] Built target map_msgs_generate_messages_nodejs
[1.015s] [  0%] Built target map_msgs_generate_messages_py
[1.019s] [  0%] Built target actionlib_msgs_generate_messages_lisp
[1.028s] [  0%] Built target actionlib_msgs_generate_messages_nodejs
[1.043s] [  0%] Built target nav_msgs_generate_messages_eus
[1.047s] [  0%] Built target map_msgs_generate_messages_eus
[1.069s] [  0%] Built target nav_msgs_generate_messages_nodejs
[1.136s] [  0%] Built target actionlib_msgs_generate_messages_cpp
[1.149s] [  0%] Built target geometry_msgs_generate_messages_nodejs
[1.208s] [  0%] Built target geometry_msgs_generate_messages_cpp
[1.323s] [  0%] Built target roscpp_generate_messages_cpp
[1.326s] [  0%] Built target jsk_footstep_msgs_generate_messages_eus
[1.353s] [  0%] Built target dynamic_reconfigure_generate_messages_eus
[1.354s] [  0%] Built target jsk_hark_msgs_generate_messages_eus
[1.357s] [  0%] Built target autoware_system_msgs_generate_messages_py
[1.385s] [  0%] Built target geometry_msgs_generate_messages_py
[1.418s] [  0%] Built target actionlib_generate_messages_cpp
[1.443s] [  0%] Built target jsk_hark_msgs_generate_messages_py
[1.459s] [  0%] Built target jsk_footstep_msgs_generate_messages_py
[1.522s] [  0%] Built target jsk_hark_msgs_generate_messages_cpp
[1.556s] [  0%] Built target jsk_recognition_msgs_generate_messages_cpp
[1.573s] [  0%] Built target geometry_msgs_generate_messages_lisp
[1.625s] [  0%] Built target diagnostic_msgs_generate_messages_cpp
[1.658s] [  0%] Built target actionlib_generate_messages_eus
[1.670s] [  0%] Built target jsk_recognition_utils_gencfg
[1.670s] [  0%] Built target jsk_rviz_plugins_generate_messages_nodejs
[1.700s] [  0%] Built target jsk_rviz_plugins_generate_messages_lisp
[1.707s] [  0%] Built target rosgraph_msgs_generate_messages_cpp
[1.833s] [  0%] Built target jsk_footstep_msgs_generate_messages_lisp
[1.878s] [  0%] Built target autoware_system_msgs_generate_messages_cpp
[1.886s] [  0%] Built target rosgraph_msgs_generate_messages_eus
[1.899s] [  0%] Built target roscpp_generate_messages_nodejs
[1.914s] [  0%] Built target topic_tools_generate_messages_eus
[1.924s] [  0%] Built target std_srvs_generate_messages_eus
[1.932s] [  0%] Built target diagnostic_msgs_generate_messages_lisp
[1.954s] [  0%] Built target jsk_rviz_plugins_gencfg
[1.987s] [  0%] Built target jsk_rviz_plugins_generate_messages_py
[2.062s] [  0%] Built target autoware_system_msgs_generate_messages_eus
[2.109s] [  0%] Built target pcl_ros_gencfg
[2.142s] [  0%] Built target actionlib_generate_messages_py
[2.148s] [  0%] Built target rosgraph_msgs_generate_messages_lisp
[2.172s] [  0%] Built target visualization_msgs_generate_messages_py
[2.183s] [  0%] Built target dynamic_reconfigure_generate_messages_py
[2.186s] [  0%] Built target topic_tools_generate_messages_cpp
[2.189s] [  0%] Built target actionlib_msgs_generate_messages_eus
[2.230s] [  0%] Built target diagnostic_msgs_generate_messages_nodejs
[2.231s] [  0%] Built target sensor_msgs_generate_messages_cpp
[2.273s] [  0%] Built target std_srvs_generate_messages_cpp
[2.274s] [  0%] Built target geometry_msgs_generate_messages_eus
[2.281s] [  0%] Built target std_msgs_generate_messages_nodejs
[2.444s] [  0%] Built target rosgraph_msgs_generate_messages_nodejs
[2.534s] [  0%] Built target jsk_rviz_plugins_generate_messages_eus
[2.558s] [  0%] Built target pcl_msgs_generate_messages_lisp
[2.563s] [  0%] Built target actionlib_generate_messages_lisp
[2.574s] [  0%] Built target nodelet_generate_messages_lisp
[2.664s] [  0%] Built target pcl_msgs_generate_messages_nodejs
[2.665s] [  0%] Built target roscpp_generate_messages_lisp
[2.673s] [  0%] Built target autoware_system_msgs_generate_messages_nodejs
[2.746s] [  0%] Built target diagnostic_msgs_generate_messages_eus
[2.822s] [  0%] Built target jsk_recognition_msgs_generate_messages_eus
[2.826s] [  0%] Built target std_srvs_generate_messages_lisp
[2.862s] [  0%] Built target std_msgs_generate_messages_eus
[2.984s] [  0%] Built target roscpp_generate_messages_py
[3.005s] [  0%] Built target sensor_msgs_generate_messages_nodejs
[3.034s] [  0%] Built target roscpp_generate_messages_eus
[3.074s] [  0%] Built target std_msgs_generate_messages_lisp
[3.077s] [  0%] Built target jsk_recognition_msgs_generate_messages_nodejs
[3.093s] [  0%] Built target autoware_system_msgs_generate_messages_lisp
[3.098s] [  0%] Built target std_msgs_generate_messages_cpp
[3.138s] [  0%] Built target actionlib_msgs_generate_messages_py
[3.139s] [  0%] Built target people_msgs_generate_messages_eus
[3.224s] [  0%] Built target jsk_recognition_msgs_generate_messages_lisp
[3.237s] [  0%] Built target sensor_msgs_generate_messages_eus
[3.267s] [  0%] Built target jsk_footstep_msgs_generate_messages_cpp
[3.372s] [  0%] Built target visualization_msgs_generate_messages_cpp
[3.431s] [  0%] Built target nodelet_topic_tools_gencfg
[3.451s] [  0%] Built target sensor_msgs_generate_messages_py
[3.468s] [  0%] Built target pcl_msgs_generate_messages_py
[3.507s] [  0%] Built target tf_generate_messages_eus
[3.507s] [  0%] Built target pcl_msgs_generate_messages_eus
[3.507s] [  0%] Built target tf2_msgs_generate_messages_eus
[3.544s] [  0%] Built target diagnostic_msgs_generate_messages_py
[3.621s] [  0%] Built target nav_msgs_generate_messages_lisp
[3.647s] [  0%] Built target dynamic_reconfigure_generate_messages_cpp
[3.696s] [  0%] Built target dynamic_reconfigure_generate_messages_lisp
[3.809s] [  0%] Built target tf2_msgs_generate_messages_cpp
[3.822s] [  0%] Built target std_msgs_generate_messages_py
[3.823s] [  0%] Built target people_msgs_generate_messages_py
[3.894s] [  0%] Built target bond_generate_messages_cpp
[3.919s] [  0%] Built target jsk_rviz_plugins_generate_messages_cpp
[3.937s] [  0%] Built target jsk_recognition_msgs_generate_messages_py
[3.946s] [  0%] Built target tf2_msgs_generate_messages_py
[4.008s] [  0%] Built target dynamic_reconfigure_gencfg
[4.010s] [  0%] Built target pcl_msgs_generate_messages_cpp
[4.029s] [  0%] Built target jsk_hark_msgs_generate_messages_lisp
[4.122s] [  0%] Built target nodelet_generate_messages_eus
[4.126s] [  0%] Built target std_srvs_generate_messages_nodejs
[4.203s] [  0%] Built target nodelet_generate_messages_nodejs
[4.237s] [  0%] Built target bond_generate_messages_lisp
[4.243s] [  0%] Built target nodelet_generate_messages_py
[4.268s] [  0%] Built target bond_generate_messages_nodejs
[4.270s] [  0%] Built target bond_generate_messages_py
[4.339s] [  0%] Built target topic_tools_generate_messages_nodejs
[4.426s] [  0%] Built target tf_generate_messages_cpp
[4.542s] [  0%] Built target topic_tools_generate_messages_lisp
[4.577s] [  0%] Built target topic_tools_generate_messages_py
[4.594s] [  0%] Built target tf_generate_messages_lisp
[4.672s] [  0%] Built target tf_generate_messages_nodejs
[4.692s] [  0%] Built target std_srvs_generate_messages_py
[4.771s] [  0%] Built target actionlib_generate_messages_nodejs
[4.810s] [  0%] Built target nodelet_generate_messages_cpp
[4.914s] [  0%] Built target sensor_msgs_generate_messages_lisp
[4.961s] [  0%] Built target jsk_hark_msgs_generate_messages_nodejs
[4.986s] [  0%] Built target tf2_msgs_generate_messages_lisp
[5.249s] [  0%] Built target tf2_msgs_generate_messages_nodejs
[5.313s] [  0%] Built target people_msgs_generate_messages_cpp
[5.345s] [  0%] Built target dynamic_reconfigure_generate_messages_nodejs
[5.365s] [  0%] Built target visualization_msgs_generate_messages_eus
[5.414s] [  0%] Built target visualization_msgs_generate_messages_lisp
[5.589s] [  0%] Built target people_msgs_generate_messages_nodejs
[5.590s] [  0%] Built target rosgraph_msgs_generate_messages_py
[5.609s] [  0%] Built target people_msgs_generate_messages_lisp
[5.754s] [  0%] Built target visualization_msgs_generate_messages_nodejs
[5.759s] [  0%] Built target map_msgs_generate_messages_cpp
[5.849s] [  0%] Built target bond_generate_messages_eus
[5.866s] [  0%] Built target jsk_footstep_msgs_generate_messages_nodejs
[6.566s] [ 20%] Built target health_analyzer
[6.802s] [ 33%] Built target system_status_subscriber
[6.876s] [ 73%] Built target health_checker
[7.397s] [100%] Built target health_aggregator
[14.330s] [ 22%] Built target gtest
[14.785s] [100%] Built target test-autoware_health_checker
[15.106s] [100%] Built target tests
[19.302s] [  0%] Built target map_msgs_generate_messages_eus
[19.349s] [  0%] Built target nav_msgs_generate_messages_py
[19.729s] [  0%] Built target actionlib_msgs_generate_messages_cpp
[19.753s] [  0%] Built target geometry_msgs_generate_messages_nodejs
[19.922s] [  0%] Built target dynamic_reconfigure_generate_messages_eus
[20.044s] [  0%] Built target autoware_system_msgs_generate_messages_py
[20.198s] [  0%] Built target geometry_msgs_generate_messages_cpp
[20.334s] [  0%] Built target jsk_footstep_msgs_generate_messages_eus
[20.626s] [  0%] Built target roscpp_generate_messages_cpp
[20.634s] [  0%] Built target jsk_hark_msgs_generate_messages_eus
[20.844s] [  0%] Built target actionlib_generate_messages_cpp
[20.988s] [  0%] Built target jsk_recognition_msgs_generate_messages_cpp
[21.143s] [  0%] Built target jsk_footstep_msgs_generate_messages_py
[21.297s] [  0%] Built target geometry_msgs_generate_messages_py
[21.468s] [  0%] Built target jsk_hark_msgs_generate_messages_cpp
[21.627s] [  0%] Built target geometry_msgs_generate_messages_lisp
[21.824s] [  0%] Built target jsk_rviz_plugins_generate_messages_nodejs
[21.968s] [  0%] Built target jsk_recognition_utils_gencfg
[22.112s] [  0%] Built target diagnostic_msgs_generate_messages_cpp
[22.253s] [  0%] Built target jsk_rviz_plugins_generate_messages_lisp
[22.405s] [  0%] Built target rosgraph_msgs_generate_messages_eus
[22.549s] [  0%] Built target rosgraph_msgs_generate_messages_cpp
[22.755s] [  0%] Built target actionlib_generate_messages_eus
[22.898s] [  0%] Built target roscpp_generate_messages_nodejs
[23.046s] [  0%] Built target jsk_footstep_msgs_generate_messages_lisp
[23.190s] [  0%] Built target topic_tools_generate_messages_eus
[23.333s] [  0%] Built target autoware_system_msgs_generate_messages_cpp
[23.485s] [  0%] Built target jsk_rviz_plugins_gencfg
[23.657s] [  0%] Built target std_srvs_generate_messages_eus
[23.823s] [  0%] Built target diagnostic_msgs_generate_messages_lisp
[23.974s] [  0%] Built target actionlib_generate_messages_py
[24.118s] [  0%] Built target jsk_rviz_plugins_generate_messages_py
[24.260s] [  0%] Built target pcl_ros_gencfg
[24.406s] [  0%] Built target autoware_system_msgs_generate_messages_eus
[24.550s] [  0%] Built target topic_tools_generate_messages_cpp
[24.764s] [  0%] Built target visualization_msgs_generate_messages_py
[24.914s] [  0%] Built target actionlib_msgs_generate_messages_eus
[25.067s] [  0%] Built target dynamic_reconfigure_generate_messages_py
[25.214s] [  0%] Built target rosgraph_msgs_generate_messages_lisp
[25.356s] [  0%] Built target diagnostic_msgs_generate_messages_nodejs
[25.502s] [  0%] Built target std_srvs_generate_messages_cpp
[25.712s] [  0%] Built target geometry_msgs_generate_messages_eus
[25.857s] [  0%] Built target sensor_msgs_generate_messages_cpp
[26.000s] [  0%] Built target std_msgs_generate_messages_nodejs
[26.153s] [  0%] Built target nodelet_generate_messages_lisp
[26.297s] [  0%] Built target rosgraph_msgs_generate_messages_nodejs
[26.441s] [  0%] Built target actionlib_generate_messages_lisp
[26.592s] [  0%] Built target jsk_recognition_msgs_generate_messages_eus
[26.773s] [  0%] Built target jsk_rviz_plugins_generate_messages_eus
[26.918s] [  0%] Built target pcl_msgs_generate_messages_lisp
[27.060s] [  0%] Built target pcl_msgs_generate_messages_nodejs
[27.203s] [  0%] Built target autoware_system_msgs_generate_messages_nodejs
[27.354s] [  0%] Built target std_msgs_generate_messages_eus
[27.496s] [  0%] Built target roscpp_generate_messages_lisp
[27.659s] [  0%] Built target std_srvs_generate_messages_lisp
[27.810s] [  0%] Built target diagnostic_msgs_generate_messages_eus
[27.953s] [  0%] Built target autoware_system_msgs_generate_messages_lisp
[28.101s] [  0%] Built target roscpp_generate_messages_eus
[28.244s] [  0%] Built target people_msgs_generate_messages_eus
[28.388s] [  0%] Built target sensor_msgs_generate_messages_nodejs
[28.534s] [  0%] Built target roscpp_generate_messages_py
[28.727s] [  0%] Built target std_msgs_generate_messages_lisp
[28.870s] [  0%] Built target jsk_recognition_msgs_generate_messages_nodejs
[29.017s] [  0%] Built target std_msgs_generate_messages_cpp
[29.175s] [  0%] Built target jsk_footstep_msgs_generate_messages_cpp
[29.319s] [  0%] Built target actionlib_msgs_generate_messages_py
[29.462s] [  0%] Built target jsk_recognition_msgs_generate_messages_lisp
[29.638s] [  0%] Built target sensor_msgs_generate_messages_eus
[29.807s] [  0%] Built target nodelet_topic_tools_gencfg
[29.953s] [  0%] Built target tf_generate_messages_eus
[30.102s] [  0%] Built target visualization_msgs_generate_messages_cpp
[30.248s] [  0%] Built target sensor_msgs_generate_messages_py
[30.409s] [  0%] Built target tf2_msgs_generate_messages_eus
[30.563s] [  0%] Built target pcl_msgs_generate_messages_eus
[30.768s] [  0%] Built target pcl_msgs_generate_messages_py
[30.918s] [  0%] Built target diagnostic_msgs_generate_messages_py
[31.065s] [  0%] Built target dynamic_reconfigure_generate_messages_cpp
[31.207s] [  0%] Built target dynamic_reconfigure_generate_messages_lisp
[31.352s] [  0%] Built target nav_msgs_generate_messages_lisp
[31.495s] [  0%] Built target tf2_msgs_generate_messages_cpp
[31.674s] [  0%] Built target std_msgs_generate_messages_py
[31.824s] [  0%] Built target people_msgs_generate_messages_py
[31.968s] [  0%] Built target jsk_rviz_plugins_generate_messages_cpp
[32.119s] [  0%] Built target bond_generate_messages_cpp
[32.271s] [  0%] Built target tf2_msgs_generate_messages_py
[32.420s] [  0%] Built target jsk_recognition_msgs_generate_messages_py
[32.578s] [  0%] Built target pcl_msgs_generate_messages_cpp
[32.767s] [  0%] Built target dynamic_reconfigure_gencfg
[32.919s] [  0%] Built target nodelet_generate_messages_eus
[33.066s] [  0%] Built target nodelet_generate_messages_nodejs
[33.210s] [  0%] Built target jsk_hark_msgs_generate_messages_lisp
[33.358s] [  0%] Built target nodelet_generate_messages_py
[33.503s] [  0%] Built target std_srvs_generate_messages_nodejs
[33.667s] [  0%] Built target bond_generate_messages_lisp
[33.823s] [  0%] Built target bond_generate_messages_nodejs
[33.969s] [  0%] Built target bond_generate_messages_py
[34.116s] [  0%] Built target topic_tools_generate_messages_lisp
[34.259s] [  0%] Built target topic_tools_generate_messages_nodejs
[34.400s] [  0%] Built target tf_generate_messages_cpp
[34.558s] [  0%] Built target tf_generate_messages_lisp
[34.766s] [  0%] Built target topic_tools_generate_messages_py
[34.913s] [  0%] Built target tf_generate_messages_nodejs
[35.051s] [  0%] Built target std_srvs_generate_messages_py
[35.195s] [  0%] Built target actionlib_generate_messages_nodejs
[35.338s] [  0%] Built target jsk_hark_msgs_generate_messages_nodejs
[35.479s] [  0%] Built target tf2_msgs_generate_messages_lisp
[35.662s] [  0%] Built target sensor_msgs_generate_messages_lisp
[35.869s] [  0%] Built target nodelet_generate_messages_cpp
[36.019s] [  0%] Built target tf2_msgs_generate_messages_nodejs
[36.170s] [  0%] Built target visualization_msgs_generate_messages_eus
[36.312s] [  0%] Built target dynamic_reconfigure_generate_messages_nodejs
[36.454s] [  0%] Built target people_msgs_generate_messages_cpp
[36.632s] [  0%] Built target visualization_msgs_generate_messages_lisp
[36.802s] [  0%] Built target people_msgs_generate_messages_lisp
[36.975s] [  0%] Built target rosgraph_msgs_generate_messages_py
[37.121s] [  0%] Built target visualization_msgs_generate_messages_nodejs
[37.266s] [  0%] Built target people_msgs_generate_messages_nodejs
[37.411s] [  0%] Built target map_msgs_generate_messages_cpp
[37.572s] [  0%] Built target jsk_footstep_msgs_generate_messages_nodejs
[37.815s] [  0%] Built target bond_generate_messages_eus
[37.970s] [  0%] Built target jsk_hark_msgs_generate_messages_py
[38.118s] [  0%] Built target tf_generate_messages_py
[38.267s] [  0%] Built target actionlib_msgs_generate_messages_lisp
[38.412s] [  0%] Built target actionlib_msgs_generate_messages_nodejs
[38.563s] [  0%] Built target map_msgs_generate_messages_lisp
[38.750s] [  0%] Built target map_msgs_generate_messages_nodejs
[38.894s] [  0%] Built target map_msgs_generate_messages_py
[39.037s] [  0%] Built target nav_msgs_generate_messages_cpp
[39.180s] [  0%] Built target nav_msgs_generate_messages_eus
[39.328s] [  0%] Built target nav_msgs_generate_messages_nodejs
[39.493s] [ 20%] Built target health_analyzer
[39.697s] [ 33%] Built target system_status_subscriber
[39.886s] [ 73%] Built target health_checker
[40.057s] [100%] Built target health_aggregator
[40.205s] [36mInstall the project...[0m
[40.263s] -- Install configuration: "Release"
[40.263s] -- Up-to-date: /home/capstone/autoware.ai/install/autoware_health_checker/lib/pkgconfig/autoware_health_checker.pc
[40.264s] -- Up-to-date: /home/capstone/autoware.ai/install/autoware_health_checker/share/autoware_health_checker/cmake/autoware_health_checkerConfig.cmake
[40.264s] -- Up-to-date: /home/capstone/autoware.ai/install/autoware_health_checker/share/autoware_health_checker/cmake/autoware_health_checkerConfig-version.cmake
[40.264s] -- Up-to-date: /home/capstone/autoware.ai/install/autoware_health_checker/share/autoware_health_checker/package.xml
[40.264s] -- Up-to-date: /home/capstone/autoware.ai/install/autoware_health_checker/lib/autoware_health_checker/health_aggregator
[40.265s] -- Up-to-date: /home/capstone/autoware.ai/install/autoware_health_checker/lib/autoware_health_checker/health_analyzer
[40.265s] -- Up-to-date: /home/capstone/autoware.ai/install/autoware_health_checker/include/autoware_health_checker
[40.266s] -- Up-to-date: /home/capstone/autoware.ai/install/autoware_health_checker/include/autoware_health_checker/constants.h
[40.266s] -- Up-to-date: /home/capstone/autoware.ai/install/autoware_health_checker/include/autoware_health_checker/health_aggregator
[40.266s] -- Up-to-date: /home/capstone/autoware.ai/install/autoware_health_checker/include/autoware_health_checker/health_aggregator/status_monitor.h
[40.266s] -- Up-to-date: /home/capstone/autoware.ai/install/autoware_health_checker/include/autoware_health_checker/health_aggregator/health_aggregator.h
[40.267s] -- Up-to-date: /home/capstone/autoware.ai/install/autoware_health_checker/include/autoware_health_checker/health_analyzer
[40.267s] -- Up-to-date: /home/capstone/autoware.ai/install/autoware_health_checker/include/autoware_health_checker/health_analyzer/health_analyzer.h
[40.267s] -- Up-to-date: /home/capstone/autoware.ai/install/autoware_health_checker/include/autoware_health_checker/system_status_subscriber
[40.267s] -- Up-to-date: /home/capstone/autoware.ai/install/autoware_health_checker/include/autoware_health_checker/system_status_subscriber/system_status_subscriber.h
[40.268s] -- Up-to-date: /home/capstone/autoware.ai/install/autoware_health_checker/include/autoware_health_checker/health_checker
[40.268s] -- Up-to-date: /home/capstone/autoware.ai/install/autoware_health_checker/include/autoware_health_checker/health_checker/diag_buffer.h
[40.268s] -- Up-to-date: /home/capstone/autoware.ai/install/autoware_health_checker/include/autoware_health_checker/health_checker/health_checker.h
[40.268s] -- Up-to-date: /home/capstone/autoware.ai/install/autoware_health_checker/include/autoware_health_checker/health_checker/value_manager.h
[40.268s] -- Up-to-date: /home/capstone/autoware.ai/install/autoware_health_checker/include/autoware_health_checker/health_checker/rate_checker.h
[40.269s] -- Up-to-date: /home/capstone/autoware.ai/install/autoware_health_checker/include/autoware_health_checker/health_checker/param_manager.h
[40.269s] -- Up-to-date: /home/capstone/autoware.ai/install/autoware_health_checker/lib/libhealth_checker.so
[40.269s] -- Up-to-date: /home/capstone/autoware.ai/install/autoware_health_checker/lib/libsystem_status_subscriber.so
[40.269s] -- Up-to-date: /home/capstone/autoware.ai/install/autoware_health_checker/share/autoware_health_checker/launch
[40.270s] -- Up-to-date: /home/capstone/autoware.ai/install/autoware_health_checker/share/autoware_health_checker/launch/health_analyzer.launch
[40.270s] -- Up-to-date: /home/capstone/autoware.ai/install/autoware_health_checker/share/autoware_health_checker/launch/health_checker.launch
[40.270s] -- Up-to-date: /home/capstone/autoware.ai/install/autoware_health_checker/share/autoware_health_checker/config
[40.270s] -- Up-to-date: /home/capstone/autoware.ai/install/autoware_health_checker/share/autoware_health_checker/config/README.md
