[0.391s] -- CUDA compilation status: 1.
[0.393s] -- Using CATKIN_DEVEL_PREFIX: /home/capstone/autoware.ai/build/range_vision_fusion/devel
[0.393s] -- Using CMAKE_PREFIX_PATH: /home/capstone/autoware.ai/install/autoware_msgs;/home/capstone/autoware.ai/install/autoware_build_flags;/home/capstone/autoware.ai/install/ymc;/home/capstone/autoware.ai/install/xsens_driver;/home/capstone/autoware.ai/install/wf_simulator;/home/capstone/autoware.ai/install/lattice_planner;/home/capstone/autoware.ai/install/waypoint_planner;/home/capstone/autoware.ai/install/waypoint_maker;/home/capstone/autoware.ai/install/way_planner;/home/capstone/autoware.ai/install/vlg22c_cam;/home/capstone/autoware.ai/install/vision_ssd_detect;/home/capstone/autoware.ai/install/vision_segment_enet_detect;/home/capstone/autoware.ai/install/vision_lane_detect;/home/capstone/autoware.ai/install/vision_darknet_detect;/home/capstone/autoware.ai/install/vision_beyond_track;/home/capstone/autoware.ai/install/vel_pose_diff_checker;/home/capstone/autoware.ai/install/vehicle_socket;/home/capstone/autoware.ai/install/vehicle_sim_model;/home/capstone/autoware.ai/install/vehicle_model;/home/capstone/autoware.ai/install/vehicle_gazebo_simulation_launcher;/home/capstone/autoware.ai/install/vehicle_gazebo_simulation_interface;/home/capstone/autoware.ai/install/vehicle_engage_panel;/home/capstone/autoware.ai/install/vehicle_description;/home/capstone/autoware.ai/install/trafficlight_recognizer;/home/capstone/autoware.ai/install/op_utilities;/home/capstone/autoware.ai/install/op_simulation_package;/home/capstone/autoware.ai/install/op_local_planner;/home/capstone/autoware.ai/install/op_global_planner;/home/capstone/autoware.ai/install/lidar_kf_contour_track;/home/capstone/autoware.ai/install/op_ros_helpers;/home/capstone/autoware.ai/install/ff_waypoint_follower;/home/capstone/autoware.ai/install/dp_planner;/home/capstone/autoware.ai/install/op_simu;/home/capstone/autoware.ai/install/op_planner;/home/capstone/autoware.ai/install/op_utility;/home/capstone/autoware.ai/install/lidar_euclidean_cluster_detect;/home/capstone/autoware.ai/install/vector_map_server;/home/capstone/autoware.ai/install/road_occupancy_processor;/home/capstone/autoware.ai/install/costmap_generator;/home/capstone/autoware.ai/install/object_map;/home/capstone/autoware.ai/install/naive_motion_predict;/home/capstone/autoware.ai/install/lanelet_aisan_converter;/home/capstone/autoware.ai/install/map_file;/home/capstone/autoware.ai/install/libvectormap;/home/capstone/autoware.ai/install/lane_planner;/home/capstone/autoware.ai/install/imm_ukf_pda_track;/home/capstone/autoware.ai/install/decision_maker;/home/capstone/autoware.ai/install/vector_map;/home/capstone/autoware.ai/install/vector_map_msgs;/home/capstone/autoware.ai/install/vectacam;/home/capstone/autoware.ai/install/udon_socket;/home/capstone/autoware.ai/install/twist_generator;/home/capstone/autoware.ai/install/twist_gate;/home/capstone/autoware.ai/install/twist_filter;/home/capstone/autoware.ai/install/twist2odom;/home/capstone/autoware.ai/install/tablet_socket;/home/capstone/autoware.ai/install/runtime_manager;/home/capstone/autoware.ai/install/mqtt_socket;/home/capstone/autoware.ai/install/tablet_socket_msgs;/home/capstone/autoware.ai/install/state_machine_lib;/home/capstone/autoware.ai/install/sound_player;/home/capstone/autoware.ai/install/sick_lms5xx;/home/capstone/autoware.ai/install/sick_ldmrs_tools;/home/capstone/autoware.ai/install/sick_ldmrs_driver;/home/capstone/autoware.ai/install/sick_ldmrs_msgs;/home/capstone/autoware.ai/install/sick_ldmrs_description;/home/capstone/autoware.ai/install/points2image;/home/capstone/autoware.ai/install/rosinterface;/home/capstone/autoware.ai/install/rosbag_controller;/home/capstone/autoware.ai/install/pure_pursuit;/home/capstone/autoware.ai/install/points_preprocessor;/home/capstone/autoware.ai/install/mpc_follower;/home/capstone/autoware.ai/install/lidar_localizer;/home/capstone/autoware.ai/install/emergency_handler;/home/capstone/autoware.ai/install/autoware_health_checker;/home/capstone/autoware.ai/install/as;/home/capstone/autoware.ai/install/ros_observer;/home/capstone/autoware.ai/install/roi_object_filter;/home/capstone/autoware.ai/install/range_vision_fusion;/home/capstone/autoware.ai/install/pos_db;/home/capstone/autoware.ai/install/points_downsampler;/home/capstone/autoware.ai/install/pixel_cloud_fusion;/home/capstone/autoware.ai/install/pcl_omp_registration;/home/capstone/autoware.ai/install/pc2_downsampler;/home/capstone/autoware.ai/install/oculus_socket;/home/capstone/autoware.ai/install/obj_db;/home/capstone/autoware.ai/install/nmea_navsat;/home/capstone/autoware.ai/install/ndt_tku;/home/capstone/autoware.ai/install/ndt_gpu;/home/capstone/autoware.ai/install/ndt_cpu;/home/capstone/autoware.ai/install/multi_lidar_calibrator;/home/capstone/autoware.ai/install/mrt_cmake_modules;/home/capstone/autoware.ai/install/microstrain_driver;/home/capstone/autoware.ai/install/memsic_imu;/home/capstone/autoware.ai/install/marker_downsampler;/home/capstone/autoware.ai/install/map_tools;/home/capstone/autoware.ai/install/map_tf_generator;/home/capstone/autoware.ai/install/log_tools;/home/capstone/autoware.ai/install/lidar_shape_estimation;/home/capstone/autoware.ai/install/lidar_point_pillars;/home/capstone/autoware.ai/install/lidar_naive_l_shape_detect;/home/capstone/autoware.ai/install/lidar_fake_perception;/home/capstone/autoware.ai/install/lidar_apollo_cnn_seg_detect;/home/capstone/autoware.ai/install/libwaypoint_follower;/home/capstone/autoware.ai/install/lgsvl_simulator_bridge;/home/capstone/autoware.ai/install/lanelet2_extension;/home/capstone/autoware.ai/install/lanelet2_validation;/home/capstone/autoware.ai/install/lanelet2_examples;/home/capstone/autoware.ai/install/lanelet2_python;/home/capstone/autoware.ai/install/lanelet2_routing;/home/capstone/autoware.ai/install/lanelet2_traffic_rules;/home/capstone/autoware.ai/install/lanelet2_projection;/home/capstone/autoware.ai/install/lanelet2_maps;/home/capstone/autoware.ai/install/lanelet2_io;/home/capstone/autoware.ai/install/lanelet2_core;/home/capstone/autoware.ai/install/kvaser;/home/capstone/autoware.ai/install/kitti_launch;/home/capstone/autoware.ai/install/kitti_player;/home/capstone/autoware.ai/install/kitti_box_publisher;/home/capstone/autoware.ai/install/javad_navsat_driver;/home/capstone/autoware.ai/install/integrated_viewer;/home/capstone/autoware.ai/install/image_processor;/home/capstone/autoware.ai/install/hokuyo;/home/capstone/autoware.ai/install/graph_tools;/home/capstone/autoware.ai/install/gnss_localizer;/home/capstone/autoware.ai/install/gnss;/home/capstone/autoware.ai/install/glviewer;/home/capstone/autoware.ai/install/gazebo_world_description;/home/capstone/autoware.ai/install/gazebo_imu_description;/home/capstone/autoware.ai/install/gazebo_camera_description;/home/capstone/autoware.ai/install/garmin;/home/capstone/autoware.ai/install/freespace_planner;/home/capstone/autoware.ai/install/fastvirtualscan;/home/capstone/autoware.ai/install/ekf_localizer;/home/capstone/autoware.ai/install/ds4_msgs;/home/capstone/autoware.ai/install/ds4_driver;/home/capstone/autoware.ai/install/detected_objects_visualizer;/home/capstone/autoware.ai/install/decision_maker_panel;/home/capstone/autoware.ai/install/data_preprocessor;/home/capstone/autoware.ai/install/custom_msgs;/home/capstone/autoware.ai/install/carla_autoware_bridge;/home/capstone/autoware.ai/install/calibration_publisher;/home/capstone/autoware.ai/install/autoware_system_msgs;/home/capstone/autoware.ai/install/autoware_rviz_plugins;/home/capstone/autoware.ai/install/autoware_quickstart_examples;/home/capstone/autoware.ai/install/autoware_pointgrey_drivers;/home/capstone/autoware.ai/install/autoware_driveworks_interface;/home/capstone/autoware.ai/install/autoware_connector;/home/capstone/autoware.ai/install/autoware_camera_lidar_calibrator;/home/capstone/autoware.ai/install/astar_search;/home/capstone/autoware.ai/install/amathutils_lib;/home/capstone/autoware.ai/install/autoware_map_msgs;/home/capstone/autoware.ai/install/autoware_launcher_rviz;/home/capstone/autoware.ai/install/autoware_launcher;/home/capstone/autoware.ai/install/autoware_lanelet2_msgs;/home/capstone/autoware.ai/install/autoware_external_msgs;/home/capstone/autoware.ai/install/autoware_driveworks_gmsl_interface;/home/capstone/autoware.ai/install/autoware_config_msgs;/home/capstone/autoware.ai/install/autoware_can_msgs;/home/capstone/autoware.ai/install/autoware_bag_tools;/home/capstone/autoware.ai/install/adi_driver;/opt/carla-ros-bridge/melodic;/opt/ros/melodic
[0.408s] -- This workspace overlays: /home/capstone/autoware.ai/install/autoware_msgs;/home/capstone/autoware.ai/install/autoware_build_flags;/home/capstone/autoware.ai/install/ymc;/home/capstone/autoware.ai/install/xsens_driver;/home/capstone/autoware.ai/install/wf_simulator;/home/capstone/autoware.ai/install/lattice_planner;/home/capstone/autoware.ai/install/waypoint_planner;/home/capstone/autoware.ai/install/waypoint_maker;/home/capstone/autoware.ai/install/way_planner;/home/capstone/autoware.ai/install/vlg22c_cam;/home/capstone/autoware.ai/install/vision_ssd_detect;/home/capstone/autoware.ai/install/vision_segment_enet_detect;/home/capstone/autoware.ai/install/vision_lane_detect;/home/capstone/autoware.ai/install/vision_darknet_detect;/home/capstone/autoware.ai/install/vision_beyond_track;/home/capstone/autoware.ai/install/vel_pose_diff_checker;/home/capstone/autoware.ai/install/vehicle_socket;/home/capstone/autoware.ai/install/vehicle_sim_model;/home/capstone/autoware.ai/install/vehicle_model;/home/capstone/autoware.ai/install/vehicle_gazebo_simulation_launcher;/home/capstone/autoware.ai/install/vehicle_gazebo_simulation_interface;/home/capstone/autoware.ai/install/vehicle_engage_panel;/home/capstone/autoware.ai/install/vehicle_description;/home/capstone/autoware.ai/install/trafficlight_recognizer;/home/capstone/autoware.ai/install/op_utilities;/home/capstone/autoware.ai/install/op_simulation_package;/home/capstone/autoware.ai/install/op_local_planner;/home/capstone/autoware.ai/install/op_global_planner;/home/capstone/autoware.ai/install/lidar_kf_contour_track;/home/capstone/autoware.ai/install/op_ros_helpers;/home/capstone/autoware.ai/install/ff_waypoint_follower;/home/capstone/autoware.ai/install/dp_planner;/home/capstone/autoware.ai/install/op_simu;/home/capstone/autoware.ai/install/op_planner;/home/capstone/autoware.ai/install/op_utility;/home/capstone/autoware.ai/install/lidar_euclidean_cluster_detect;/home/capstone/autoware.ai/install/vector_map_server;/home/capstone/autoware.ai/install/road_occupancy_processor;/home/capstone/autoware.ai/install/costmap_generator;/home/capstone/autoware.ai/install/object_map;/home/capstone/autoware.ai/install/naive_motion_predict;/home/capstone/autoware.ai/install/lanelet_aisan_converter;/home/capstone/autoware.ai/install/map_file;/home/capstone/autoware.ai/install/libvectormap;/home/capstone/autoware.ai/install/lane_planner;/home/capstone/autoware.ai/install/imm_ukf_pda_track;/home/capstone/autoware.ai/install/decision_maker;/home/capstone/autoware.ai/install/vector_map;/home/capstone/autoware.ai/install/vector_map_msgs;/home/capstone/autoware.ai/install/vectacam;/home/capstone/autoware.ai/install/udon_socket;/home/capstone/autoware.ai/install/twist_generator;/home/capstone/autoware.ai/install/twist_gate;/home/capstone/autoware.ai/install/twist_filter;/home/capstone/autoware.ai/install/twist2odom;/home/capstone/autoware.ai/install/tablet_socket;/home/capstone/autoware.ai/install/runtime_manager;/home/capstone/autoware.ai/install/mqtt_socket;/home/capstone/autoware.ai/install/tablet_socket_msgs;/home/capstone/autoware.ai/install/state_machine_lib;/home/capstone/autoware.ai/install/sound_player;/home/capstone/autoware.ai/install/sick_lms5xx;/home/capstone/autoware.ai/install/sick_ldmrs_tools;/home/capstone/autoware.ai/install/sick_ldmrs_driver;/home/capstone/autoware.ai/install/sick_ldmrs_msgs;/home/capstone/autoware.ai/install/sick_ldmrs_description;/home/capstone/autoware.ai/install/points2image;/home/capstone/autoware.ai/install/rosinterface;/home/capstone/autoware.ai/install/rosbag_controller;/home/capstone/autoware.ai/install/pure_pursuit;/home/capstone/autoware.ai/install/points_preprocessor;/home/capstone/autoware.ai/install/mpc_follower;/home/capstone/autoware.ai/install/lidar_localizer;/home/capstone/autoware.ai/install/emergency_handler;/home/capstone/autoware.ai/install/autoware_health_checker;/home/capstone/autoware.ai/install/as;/home/capstone/autoware.ai/install/ros_observer;/home/capstone/autoware.ai/install/roi_object_filter;/home/capstone/autoware.ai/install/range_vision_fusion;/home/capstone/autoware.ai/install/pos_db;/home/capstone/autoware.ai/install/points_downsampler;/home/capstone/autoware.ai/install/pixel_cloud_fusion;/home/capstone/autoware.ai/install/pcl_omp_registration;/home/capstone/autoware.ai/install/pc2_downsampler;/home/capstone/autoware.ai/install/oculus_socket;/home/capstone/autoware.ai/install/obj_db;/home/capstone/autoware.ai/install/nmea_navsat;/home/capstone/autoware.ai/install/ndt_tku;/home/capstone/autoware.ai/install/ndt_gpu;/home/capstone/autoware.ai/install/ndt_cpu;/home/capstone/autoware.ai/install/multi_lidar_calibrator;/home/capstone/autoware.ai/install/mrt_cmake_modules;/home/capstone/autoware.ai/install/microstrain_driver;/home/capstone/autoware.ai/install/memsic_imu;/home/capstone/autoware.ai/install/marker_downsampler;/home/capstone/autoware.ai/install/map_tools;/home/capstone/autoware.ai/install/map_tf_generator;/home/capstone/autoware.ai/install/log_tools;/home/capstone/autoware.ai/install/lidar_shape_estimation;/home/capstone/autoware.ai/install/lidar_point_pillars;/home/capstone/autoware.ai/install/lidar_naive_l_shape_detect;/home/capstone/autoware.ai/install/lidar_fake_perception;/home/capstone/autoware.ai/install/lidar_apollo_cnn_seg_detect;/home/capstone/autoware.ai/install/libwaypoint_follower;/home/capstone/autoware.ai/install/lgsvl_simulator_bridge;/home/capstone/autoware.ai/install/lanelet2_extension;/home/capstone/autoware.ai/install/lanelet2_validation;/home/capstone/autoware.ai/install/lanelet2_examples;/home/capstone/autoware.ai/install/lanelet2_python;/home/capstone/autoware.ai/install/lanelet2_routing;/home/capstone/autoware.ai/install/lanelet2_traffic_rules;/home/capstone/autoware.ai/install/lanelet2_projection;/home/capstone/autoware.ai/install/lanelet2_maps;/home/capstone/autoware.ai/install/lanelet2_io;/home/capstone/autoware.ai/install/lanelet2_core;/home/capstone/autoware.ai/install/kvaser;/home/capstone/autoware.ai/install/kitti_launch;/home/capstone/autoware.ai/install/kitti_player;/home/capstone/autoware.ai/install/kitti_box_publisher;/home/capstone/autoware.ai/install/javad_navsat_driver;/home/capstone/autoware.ai/install/integrated_viewer;/home/capstone/autoware.ai/install/image_processor;/home/capstone/autoware.ai/install/hokuyo;/home/capstone/autoware.ai/install/graph_tools;/home/capstone/autoware.ai/install/gnss_localizer;/home/capstone/autoware.ai/install/gnss;/home/capstone/autoware.ai/install/glviewer;/home/capstone/autoware.ai/install/gazebo_world_description;/home/capstone/autoware.ai/install/gazebo_imu_description;/home/capstone/autoware.ai/install/gazebo_camera_description;/home/capstone/autoware.ai/install/garmin;/home/capstone/autoware.ai/install/freespace_planner;/home/capstone/autoware.ai/install/fastvirtualscan;/home/capstone/autoware.ai/install/ekf_localizer;/home/capstone/autoware.ai/install/ds4_msgs;/home/capstone/autoware.ai/install/ds4_driver;/home/capstone/autoware.ai/install/detected_objects_visualizer;/home/capstone/autoware.ai/install/decision_maker_panel;/home/capstone/autoware.ai/install/data_preprocessor;/home/capstone/autoware.ai/install/custom_msgs;/home/capstone/autoware.ai/install/carla_autoware_bridge;/home/capstone/autoware.ai/install/calibration_publisher;/home/capstone/autoware.ai/install/autoware_system_msgs;/home/capstone/autoware.ai/install/autoware_rviz_plugins;/home/capstone/autoware.ai/install/autoware_quickstart_examples;/home/capstone/autoware.ai/install/autoware_pointgrey_drivers;/home/capstone/autoware.ai/install/autoware_driveworks_interface;/home/capstone/autoware.ai/install/autoware_connector;/home/capstone/autoware.ai/install/autoware_camera_lidar_calibrator;/home/capstone/autoware.ai/install/astar_search;/home/capstone/autoware.ai/install/amathutils_lib;/home/capstone/autoware.ai/install/autoware_map_msgs;/home/capstone/autoware.ai/install/autoware_launcher_rviz;/home/capstone/autoware.ai/install/autoware_launcher;/home/capstone/autoware.ai/install/autoware_lanelet2_msgs;/home/capstone/autoware.ai/install/autoware_external_msgs;/home/capstone/autoware.ai/install/autoware_driveworks_gmsl_interface;/home/capstone/autoware.ai/install/autoware_config_msgs;/home/capstone/autoware.ai/install/autoware_can_msgs;/home/capstone/autoware.ai/install/autoware_bag_tools;/home/capstone/autoware.ai/install/adi_driver;/opt/carla-ros-bridge/melodic;/opt/ros/melodic
[0.486s] -- Found PythonInterp: /usr/bin/python2 (found suitable version "2.7.17", minimum required is "2") 
[0.487s] -- Using PYTHON_EXECUTABLE: /usr/bin/python2
[0.487s] -- Using Debian Python package layout
[0.487s] -- Using empy: /usr/bin/empy
[0.839s] -- Using CATKIN_ENABLE_TESTING: ON
[0.840s] -- Call enable_testing()
[0.842s] -- Using CATKIN_TEST_RESULTS_DIR: /home/capstone/autoware.ai/build/range_vision_fusion/test_results
[0.994s] -- Found gtest sources under '/usr/src/googletest': gtests will be built
[0.994s] -- Found gmock sources under '/usr/src/googletest': gmock will be built
[1.072s] -- Found PythonInterp: /usr/bin/python2 (found version "2.7.17") 
[1.085s] -- Using Python nosetests: /usr/bin/nosetests-2.7
[1.268s] -- catkin 0.7.23
[1.269s] -- BUILD_SHARED_LIBS is on
[2.178s] -- Using these message generators: gencpp;geneus;genlisp;gennodejs;genpy
[6.022s] -- Configuring done
[6.549s] -- Generating done
[6.606s] -- Build files have been written to: /home/capstone/autoware.ai/build/range_vision_fusion
[6.904s] [  0%] Built target dynamic_reconfigure_generate_messages_cpp
[7.082s] [  0%] Built target jsk_topic_tools_generate_messages_nodejs
[7.227s] [  0%] Built target tf_generate_messages_lisp
[7.373s] [  0%] Built target tf_generate_messages_cpp
[7.525s] [  0%] Built target topic_tools_generate_messages_nodejs
[7.675s] [  0%] Built target topic_tools_generate_messages_lisp
[7.869s] [  0%] Built target jsk_topic_tools_generate_messages_py
[8.059s] [  0%] Built target std_srvs_generate_messages_lisp
[8.201s] [  0%] Built target std_srvs_generate_messages_eus
[8.346s] [  0%] Built target bond_generate_messages_py
[8.487s] [  0%] Built target bond_generate_messages_nodejs
[8.633s] [  0%] Built target bond_generate_messages_lisp
[8.783s] [  0%] Built target jsk_topic_tools_generate_messages_cpp
[8.944s] [  0%] Built target bond_generate_messages_eus
[9.092s] [  0%] Built target std_srvs_generate_messages_nodejs
[9.238s] [  0%] Built target nodelet_generate_messages_py
[9.392s] [  0%] Built target nodelet_generate_messages_nodejs
[9.534s] [  0%] Built target jsk_topic_tools_generate_messages_eus
[9.683s] [  0%] Built target nodelet_generate_messages_eus
[9.888s] [  0%] Built target nodelet_generate_messages_cpp
[10.054s] [  0%] Built target dynamic_reconfigure_gencfg
[10.203s] [  0%] Built target tf2_msgs_generate_messages_py
[10.365s] [  0%] Built target bond_generate_messages_cpp
[10.523s] [  0%] Built target dynamic_reconfigure_generate_messages_nodejs
[10.675s] [  0%] Built target tf2_msgs_generate_messages_cpp
[10.864s] [  0%] Built target dynamic_reconfigure_generate_messages_lisp
[11.038s] [  0%] Built target jsk_recognition_msgs_generate_messages_lisp
[11.180s] [  0%] Built target jsk_recognition_msgs_generate_messages_eus
[11.327s] [  0%] Built target std_msgs_generate_messages_py
[11.475s] [  0%] Built target jsk_recognition_msgs_generate_messages_cpp
[11.620s] [  0%] Built target geometry_msgs_generate_messages_lisp
[11.807s] [  0%] Built target autoware_msgs_generate_messages_eus
[11.986s] [  0%] Built target nodelet_generate_messages_lisp
[12.131s] [  0%] Built target std_msgs_generate_messages_nodejs
[12.276s] [  0%] Built target geometry_msgs_generate_messages_eus
[12.422s] [  0%] Built target std_msgs_generate_messages_cpp
[12.564s] [  0%] Built target jsk_footstep_msgs_generate_messages_py
[12.709s] [  0%] Built target geometry_msgs_generate_messages_py
[12.915s] [  0%] Built target tf2_msgs_generate_messages_eus
[13.110s] [  0%] Built target sensor_msgs_generate_messages_py
[13.283s] [  0%] Built target topic_tools_generate_messages_eus
[13.457s] [  0%] Built target jsk_footstep_msgs_generate_messages_lisp
[13.605s] [  0%] Built target autoware_msgs_generate_messages_nodejs
[13.762s] [  0%] Built target std_srvs_generate_messages_cpp
[13.965s] [  0%] Built target dynamic_reconfigure_generate_messages_py
[14.111s] [  0%] Built target actionlib_msgs_generate_messages_eus
[14.251s] [  0%] Built target tf_generate_messages_eus
[14.397s] [  0%] Built target autoware_msgs_generate_messages_py
[14.544s] [  0%] Built target rosgraph_msgs_generate_messages_lisp
[14.689s] [  0%] Built target rosgraph_msgs_generate_messages_py
[14.845s] [  0%] Built target visualization_msgs_generate_messages_cpp
[15.034s] [  0%] Built target nodelet_topic_tools_gencfg
[15.178s] [  0%] Built target sensor_msgs_generate_messages_lisp
[15.324s] [  0%] Built target sensor_msgs_generate_messages_eus
[15.475s] [  0%] Built target topic_tools_generate_messages_py
[15.630s] [  0%] Built target roscpp_generate_messages_cpp
[15.803s] [  0%] Built target visualization_msgs_generate_messages_py
[15.990s] [  0%] Built target topic_tools_generate_messages_cpp
[16.148s] [  0%] Built target autoware_msgs_generate_messages_lisp
[16.292s] [  0%] Built target sensor_msgs_generate_messages_cpp
[16.444s] [  0%] Built target pcl_msgs_generate_messages_cpp
[16.593s] [  0%] Built target jsk_topic_tools_generate_messages_lisp
[16.742s] [  0%] Built target jsk_recognition_msgs_generate_messages_py
[16.941s] [  0%] Built target std_msgs_generate_messages_lisp
[17.091s] [  0%] Built target autoware_msgs_generate_messages_cpp
[17.244s] [  0%] Built target jsk_footstep_msgs_generate_messages_eus
[17.389s] [  0%] Built target actionlib_generate_messages_lisp
[17.536s] [  0%] Built target _catkin_empty_exported_target
[17.692s] [  0%] Built target roscpp_generate_messages_lisp
[17.908s] [  0%] Built target dynamic_reconfigure_generate_messages_eus
[18.074s] [  0%] Built target jsk_recognition_utils_gencfg
[18.230s] [  0%] Built target geometry_msgs_generate_messages_nodejs
[18.396s] [  0%] Built target geometry_msgs_generate_messages_cpp
[18.576s] [  0%] Built target pcl_msgs_generate_messages_eus
[18.728s] [  0%] Built target pcl_msgs_generate_messages_nodejs
[18.936s] [  0%] Built target pcl_msgs_generate_messages_lisp
[19.137s] [  0%] Built target pcl_msgs_generate_messages_py
[19.294s] [  0%] Built target sensor_msgs_generate_messages_nodejs
[19.449s] [  0%] Built target jsk_footstep_msgs_generate_messages_nodejs
[19.595s] [  0%] Built target actionlib_msgs_generate_messages_cpp
[19.764s] [  0%] Built target tf_generate_messages_py
[19.966s] [  0%] Built target std_msgs_generate_messages_eus
[20.121s] [  0%] Built target actionlib_msgs_generate_messages_lisp
[20.268s] [  0%] Built target actionlib_msgs_generate_messages_nodejs
[20.415s] [  0%] Built target actionlib_msgs_generate_messages_py
[20.566s] [  0%] Built target rosgraph_msgs_generate_messages_nodejs
[20.718s] [  0%] Built target roscpp_generate_messages_eus
[20.899s] [  0%] Built target jsk_footstep_msgs_generate_messages_cpp
[21.101s] [  0%] Built target roscpp_generate_messages_nodejs
[21.250s] [  0%] Built target jsk_recognition_msgs_generate_messages_nodejs
[21.397s] [  0%] Built target roscpp_generate_messages_py
[21.542s] [  0%] Built target actionlib_generate_messages_eus
[21.686s] [  0%] Built target rosgraph_msgs_generate_messages_cpp
[21.856s] [  0%] Built target std_srvs_generate_messages_py
[22.068s] [  0%] Built target rosgraph_msgs_generate_messages_eus
[22.231s] [  0%] Built target pcl_ros_gencfg
[22.375s] [  0%] Built target tf_generate_messages_nodejs
[22.526s] [  0%] Built target actionlib_generate_messages_cpp
[22.667s] [  0%] Built target actionlib_generate_messages_nodejs
[22.872s] [  0%] Built target actionlib_generate_messages_py
[23.037s] [  0%] Built target tf2_msgs_generate_messages_lisp
[23.187s] [  0%] Built target tf2_msgs_generate_messages_nodejs
[23.333s] [  0%] Built target visualization_msgs_generate_messages_eus
[23.480s] [  0%] Built target visualization_msgs_generate_messages_lisp
[23.629s] [  0%] Built target visualization_msgs_generate_messages_nodejs
[23.811s] [  0%] Built target jsk_topic_tools_gencfg
[24.022s] [ 50%] Built target range_vision_fusion_lib
[24.249s] [100%] Built target range_vision_fusion
[26.009s] Built target tests
[27.618s] [  0%] Built target dynamic_reconfigure_generate_messages_cpp
[27.787s] [  0%] Built target jsk_topic_tools_generate_messages_nodejs
[27.991s] [  0%] Built target tf_generate_messages_lisp
[28.134s] [  0%] Built target tf_generate_messages_cpp
[28.280s] [  0%] Built target topic_tools_generate_messages_nodejs
[28.424s] [  0%] Built target topic_tools_generate_messages_lisp
[28.566s] [  0%] Built target jsk_topic_tools_generate_messages_py
[28.724s] [  0%] Built target std_srvs_generate_messages_lisp
[28.883s] [  0%] Built target std_srvs_generate_messages_eus
[29.069s] [  0%] Built target bond_generate_messages_py
[29.238s] [  0%] Built target bond_generate_messages_nodejs
[29.384s] [  0%] Built target bond_generate_messages_lisp
[29.529s] [  0%] Built target jsk_topic_tools_generate_messages_cpp
[29.700s] [  0%] Built target bond_generate_messages_eus
[29.968s] [  0%] Built target std_srvs_generate_messages_nodejs
[30.161s] [  0%] Built target nodelet_generate_messages_py
[30.324s] [  0%] Built target nodelet_generate_messages_nodejs
[30.485s] [  0%] Built target jsk_topic_tools_generate_messages_eus
[30.633s] [  0%] Built target nodelet_generate_messages_eus
[30.838s] [  0%] Built target nodelet_generate_messages_cpp
[31.033s] [  0%] Built target dynamic_reconfigure_gencfg
[31.177s] [  0%] Built target tf2_msgs_generate_messages_py
[31.321s] [  0%] Built target bond_generate_messages_cpp
[31.465s] [  0%] Built target dynamic_reconfigure_generate_messages_nodejs
[31.609s] [  0%] Built target tf2_msgs_generate_messages_cpp
[31.751s] [  0%] Built target dynamic_reconfigure_generate_messages_lisp
[31.916s] [  0%] Built target jsk_recognition_msgs_generate_messages_lisp
[32.057s] [  0%] Built target jsk_recognition_msgs_generate_messages_eus
[32.205s] [  0%] Built target std_msgs_generate_messages_py
[32.346s] [  0%] Built target jsk_recognition_msgs_generate_messages_cpp
[32.490s] [  0%] Built target geometry_msgs_generate_messages_lisp
[32.638s] [  0%] Built target autoware_msgs_generate_messages_eus
[32.820s] [  0%] Built target nodelet_generate_messages_lisp
[32.989s] [  0%] Built target std_msgs_generate_messages_nodejs
[33.141s] [  0%] Built target geometry_msgs_generate_messages_eus
[33.284s] [  0%] Built target std_msgs_generate_messages_cpp
[33.429s] [  0%] Built target jsk_footstep_msgs_generate_messages_py
[33.573s] [  0%] Built target geometry_msgs_generate_messages_py
[33.718s] [  0%] Built target tf2_msgs_generate_messages_eus
[33.929s] [  0%] Built target sensor_msgs_generate_messages_py
[34.080s] [  0%] Built target topic_tools_generate_messages_eus
[34.221s] [  0%] Built target jsk_footstep_msgs_generate_messages_lisp
[34.366s] [  0%] Built target autoware_msgs_generate_messages_nodejs
[34.513s] [  0%] Built target std_srvs_generate_messages_cpp
[34.658s] [  0%] Built target dynamic_reconfigure_generate_messages_py
[34.834s] [  0%] Built target actionlib_msgs_generate_messages_eus
[35.001s] [  0%] Built target tf_generate_messages_eus
[35.145s] [  0%] Built target autoware_msgs_generate_messages_py
[35.289s] [  0%] Built target rosgraph_msgs_generate_messages_lisp
[35.438s] [  0%] Built target rosgraph_msgs_generate_messages_py
[35.587s] [  0%] Built target visualization_msgs_generate_messages_cpp
[35.733s] [  0%] Built target nodelet_topic_tools_gencfg
[35.943s] [  0%] Built target sensor_msgs_generate_messages_lisp
[36.088s] [  0%] Built target sensor_msgs_generate_messages_eus
[36.237s] [  0%] Built target topic_tools_generate_messages_py
[36.385s] [  0%] Built target roscpp_generate_messages_cpp
[36.529s] [  0%] Built target visualization_msgs_generate_messages_py
[36.677s] [  0%] Built target topic_tools_generate_messages_cpp
[36.851s] [  0%] Built target autoware_msgs_generate_messages_lisp
[37.016s] [  0%] Built target sensor_msgs_generate_messages_cpp
[37.169s] [  0%] Built target pcl_msgs_generate_messages_cpp
[37.312s] [  0%] Built target jsk_topic_tools_generate_messages_lisp
[37.457s] [  0%] Built target jsk_recognition_msgs_generate_messages_py
[37.622s] [  0%] Built target std_msgs_generate_messages_lisp
[37.807s] [  0%] Built target autoware_msgs_generate_messages_cpp
[37.976s] [  0%] Built target jsk_footstep_msgs_generate_messages_eus
[38.117s] [  0%] Built target actionlib_generate_messages_lisp
[38.257s] [  0%] Built target _catkin_empty_exported_target
[38.403s] [  0%] Built target roscpp_generate_messages_lisp
[38.552s] [  0%] Built target dynamic_reconfigure_generate_messages_eus
[38.696s] [  0%] Built target jsk_recognition_utils_gencfg
[38.936s] [  0%] Built target geometry_msgs_generate_messages_nodejs
[39.104s] [  0%] Built target geometry_msgs_generate_messages_cpp
[39.246s] [  0%] Built target pcl_msgs_generate_messages_eus
[39.391s] [  0%] Built target pcl_msgs_generate_messages_nodejs
[39.547s] [  0%] Built target pcl_msgs_generate_messages_lisp
[39.719s] [  0%] Built target pcl_msgs_generate_messages_py
[39.915s] [  0%] Built target sensor_msgs_generate_messages_nodejs
[40.057s] [  0%] Built target jsk_footstep_msgs_generate_messages_nodejs
[40.200s] [  0%] Built target actionlib_msgs_generate_messages_cpp
[40.342s] [  0%] Built target tf_generate_messages_py
[40.487s] [  0%] Built target std_msgs_generate_messages_eus
[40.631s] [  0%] Built target actionlib_msgs_generate_messages_lisp
[40.791s] [  0%] Built target actionlib_msgs_generate_messages_nodejs
[40.982s] [  0%] Built target actionlib_msgs_generate_messages_py
[41.124s] [  0%] Built target rosgraph_msgs_generate_messages_nodejs
[41.267s] [  0%] Built target roscpp_generate_messages_eus
[41.426s] [  0%] Built target jsk_footstep_msgs_generate_messages_cpp
[41.573s] [  0%] Built target roscpp_generate_messages_nodejs
[41.719s] [  0%] Built target jsk_recognition_msgs_generate_messages_nodejs
[41.943s] [  0%] Built target roscpp_generate_messages_py
[42.081s] [  0%] Built target actionlib_generate_messages_eus
[42.229s] [  0%] Built target rosgraph_msgs_generate_messages_cpp
[42.372s] [  0%] Built target std_srvs_generate_messages_py
[42.514s] [  0%] Built target rosgraph_msgs_generate_messages_eus
[42.657s] [  0%] Built target pcl_ros_gencfg
[42.847s] [  0%] Built target tf_generate_messages_nodejs
[43.049s] [  0%] Built target actionlib_generate_messages_cpp
[43.217s] [  0%] Built target actionlib_generate_messages_nodejs
[43.365s] [  0%] Built target actionlib_generate_messages_py
[43.514s] [  0%] Built target tf2_msgs_generate_messages_lisp
[43.660s] [  0%] Built target tf2_msgs_generate_messages_nodejs
[43.844s] [  0%] Built target visualization_msgs_generate_messages_eus
[43.992s] [  0%] Built target visualization_msgs_generate_messages_lisp
[44.136s] [  0%] Built target visualization_msgs_generate_messages_nodejs
[44.279s] [  0%] Built target jsk_topic_tools_gencfg
[44.472s] [ 50%] Built target range_vision_fusion_lib
[44.671s] [100%] Built target range_vision_fusion
[44.837s] [36mInstall the project...[0m
[44.918s] -- Install configuration: "Release"
[44.919s] -- Installing: /home/capstone/autoware.ai/install/range_vision_fusion/lib/pkgconfig/range_vision_fusion.pc
[44.921s] -- Installing: /home/capstone/autoware.ai/install/range_vision_fusion/share/range_vision_fusion/cmake/range_vision_fusionConfig.cmake
[44.922s] -- Up-to-date: /home/capstone/autoware.ai/install/range_vision_fusion/share/range_vision_fusion/cmake/range_vision_fusionConfig-version.cmake
[44.922s] -- Up-to-date: /home/capstone/autoware.ai/install/range_vision_fusion/share/range_vision_fusion/package.xml
[44.923s] -- Up-to-date: /home/capstone/autoware.ai/install/range_vision_fusion/lib/range_vision_fusion/range_vision_fusion
[44.925s] -- Up-to-date: /home/capstone/autoware.ai/install/range_vision_fusion/lib/librange_vision_fusion_lib.so
[44.925s] -- Up-to-date: /home/capstone/autoware.ai/install/range_vision_fusion/include/range_vision_fusion
[44.926s] -- Up-to-date: /home/capstone/autoware.ai/install/range_vision_fusion/include/range_vision_fusion/range_vision_fusion.h
[44.926s] -- Up-to-date: /home/capstone/autoware.ai/install/range_vision_fusion/share/range_vision_fusion/launch
[44.926s] -- Up-to-date: /home/capstone/autoware.ai/install/range_vision_fusion/share/range_vision_fusion/launch/range_vision_fusion.launch
