[0.330s] -- The C compiler identification is GNU 7.5.0
[0.531s] -- The CXX compiler identification is GNU 7.5.0
[0.548s] -- Check for working C compiler: /usr/bin/cc
[0.934s] -- Check for working C compiler: /usr/bin/cc -- works
[0.936s] -- Detecting C compiler ABI info
[1.407s] -- Detecting C compiler ABI info - done
[1.428s] -- Detecting C compile features
[2.742s] -- Detecting C compile features - done
[2.749s] -- Check for working CXX compiler: /usr/bin/c++
[3.175s] -- Check for working CXX compiler: /usr/bin/c++ -- works
[3.177s] -- Detecting CXX compiler ABI info
[3.682s] -- Detecting CXX compiler ABI info - done
[3.703s] -- Detecting CXX compile features
[5.701s] -- Detecting CXX compile features - done
[5.745s] -- Using CATKIN_DEVEL_PREFIX: /home/capstone/autoware.ai/build/twist2odom/devel
[5.745s] -- Using CMAKE_PREFIX_PATH: /home/capstone/autoware.ai/install/wf_simulator;/home/capstone/autoware.ai/install/vision_ssd_detect;/home/capstone/autoware.ai/install/vision_segment_enet_detect;/home/capstone/autoware.ai/install/vision_lane_detect;/home/capstone/autoware.ai/install/vision_darknet_detect;/home/capstone/autoware.ai/install/vision_beyond_track;/home/capstone/autoware.ai/install/vel_pose_diff_checker;/home/capstone/autoware.ai/install/vehicle_socket;/home/capstone/autoware.ai/install/vehicle_sim_model;/home/capstone/autoware.ai/install/vehicle_model;/home/capstone/autoware.ai/install/vehicle_gazebo_simulation_launcher;/home/capstone/autoware.ai/install/vehicle_gazebo_simulation_interface;/home/capstone/autoware.ai/install/vehicle_engage_panel;/home/capstone/autoware.ai/install/vehicle_description;/home/capstone/autoware.ai/install/op_ros_helpers;/home/capstone/autoware.ai/install/op_simu;/home/capstone/autoware.ai/install/op_planner;/home/capstone/autoware.ai/install/op_utility;/home/capstone/autoware.ai/install/vector_map_server;/home/capstone/autoware.ai/install/object_map;/home/capstone/autoware.ai/install/lanelet_aisan_converter;/home/capstone/autoware.ai/install/map_file;/home/capstone/autoware.ai/install/libvectormap;/home/capstone/autoware.ai/install/vector_map;/home/capstone/autoware.ai/install/vector_map_msgs;/home/capstone/autoware.ai/install/twist_generator;/home/capstone/autoware.ai/install/twist2odom;/home/capstone/autoware.ai/install/runtime_manager;/home/capstone/autoware.ai/install/tablet_socket_msgs;/home/capstone/autoware.ai/install/sound_player;/home/capstone/autoware.ai/install/points2image;/home/capstone/autoware.ai/install/rosinterface;/home/capstone/autoware.ai/install/rosbag_controller;/home/capstone/autoware.ai/install/points_preprocessor;/home/capstone/autoware.ai/install/lidar_localizer;/home/capstone/autoware.ai/install/emergency_handler;/home/capstone/autoware.ai/install/autoware_health_checker;/home/capstone/autoware.ai/install/ros_observer;/home/capstone/autoware.ai/install/range_vision_fusion;/home/capstone/autoware.ai/install/pos_db;/home/capstone/autoware.ai/install/points_downsampler;/home/capstone/autoware.ai/install/pixel_cloud_fusion;/home/capstone/autoware.ai/install/pcl_omp_registration;/home/capstone/autoware.ai/install/pc2_downsampler;/home/capstone/autoware.ai/install/obj_db;/home/capstone/autoware.ai/install/nmea_navsat;/home/capstone/autoware.ai/install/ndt_tku;/home/capstone/autoware.ai/install/ndt_gpu;/home/capstone/autoware.ai/install/ndt_cpu;/home/capstone/autoware.ai/install/multi_lidar_calibrator;/home/capstone/autoware.ai/install/mrt_cmake_modules;/home/capstone/autoware.ai/install/marker_downsampler;/home/capstone/autoware.ai/install/map_tools;/home/capstone/autoware.ai/install/map_tf_generator;/home/capstone/autoware.ai/install/log_tools;/home/capstone/autoware.ai/install/libwaypoint_follower;/home/capstone/autoware.ai/install/lgsvl_simulator_bridge;/home/capstone/autoware.ai/install/lanelet2_extension;/home/capstone/autoware.ai/install/lanelet2_validation;/home/capstone/autoware.ai/install/lanelet2_examples;/home/capstone/autoware.ai/install/lanelet2_python;/home/capstone/autoware.ai/install/lanelet2_routing;/home/capstone/autoware.ai/install/lanelet2_traffic_rules;/home/capstone/autoware.ai/install/lanelet2_projection;/home/capstone/autoware.ai/install/lanelet2_maps;/home/capstone/autoware.ai/install/lanelet2_io;/home/capstone/autoware.ai/install/lanelet2_core;/home/capstone/autoware.ai/install/integrated_viewer;/home/capstone/autoware.ai/install/image_processor;/home/capstone/autoware.ai/install/graph_tools;/home/capstone/autoware.ai/install/gnss_localizer;/home/capstone/autoware.ai/install/gnss;/home/capstone/autoware.ai/install/glviewer;/home/capstone/autoware.ai/install/gazebo_world_description;/home/capstone/autoware.ai/install/gazebo_imu_description;/home/capstone/autoware.ai/install/gazebo_camera_description;/home/capstone/autoware.ai/install/fastvirtualscan;/home/capstone/autoware.ai/install/ekf_localizer;/home/capstone/autoware.ai/install/detected_objects_visualizer;/home/capstone/autoware.ai/install/decision_maker_panel;/home/capstone/autoware.ai/install/data_preprocessor;/home/capstone/autoware.ai/install/carla_autoware_bridge;/home/capstone/autoware.ai/install/calibration_publisher;/home/capstone/autoware.ai/install/autoware_system_msgs;/home/capstone/autoware.ai/install/autoware_rviz_plugins;/home/capstone/autoware.ai/install/autoware_quickstart_examples;/home/capstone/autoware.ai/install/autoware_pointgrey_drivers;/home/capstone/autoware.ai/install/autoware_driveworks_interface;/home/capstone/autoware.ai/install/autoware_connector;/home/capstone/autoware.ai/install/autoware_camera_lidar_calibrator;/home/capstone/autoware.ai/install/amathutils_lib;/home/capstone/autoware.ai/install/autoware_msgs;/home/capstone/autoware.ai/install/autoware_map_msgs;/home/capstone/autoware.ai/install/autoware_launcher_rviz;/home/capstone/autoware.ai/install/autoware_launcher;/home/capstone/autoware.ai/install/autoware_lanelet2_msgs;/home/capstone/autoware.ai/install/autoware_external_msgs;/home/capstone/autoware.ai/install/autoware_driveworks_gmsl_interface;/home/capstone/autoware.ai/install/autoware_config_msgs;/home/capstone/autoware.ai/install/autoware_can_msgs;/home/capstone/autoware.ai/install/autoware_build_flags;/home/capstone/autoware.ai/install/autoware_bag_tools;/opt/carla-ros-bridge/melodic;/opt/ros/melodic
[5.750s] -- This workspace overlays: /home/capstone/autoware.ai/install/vehicle_sim_model;/home/capstone/autoware.ai/install/libvectormap;/home/capstone/autoware.ai/install/vector_map;/home/capstone/autoware.ai/install/vector_map_msgs;/home/capstone/autoware.ai/install/tablet_socket_msgs;/home/capstone/autoware.ai/install/rosinterface;/home/capstone/autoware.ai/install/ros_observer;/home/capstone/autoware.ai/install/pcl_omp_registration;/home/capstone/autoware.ai/install/pc2_downsampler;/home/capstone/autoware.ai/install/nmea_navsat;/home/capstone/autoware.ai/install/ndt_tku;/home/capstone/autoware.ai/install/ndt_gpu;/home/capstone/autoware.ai/install/ndt_cpu;/home/capstone/autoware.ai/install/mrt_cmake_modules;/home/capstone/autoware.ai/install/marker_downsampler;/home/capstone/autoware.ai/install/graph_tools;/home/capstone/autoware.ai/install/gnss;/home/capstone/autoware.ai/install/gazebo_world_description;/home/capstone/autoware.ai/install/gazebo_imu_description;/home/capstone/autoware.ai/install/gazebo_camera_description;/home/capstone/autoware.ai/install/fastvirtualscan;/home/capstone/autoware.ai/install/autoware_system_msgs;/home/capstone/autoware.ai/install/autoware_quickstart_examples;/home/capstone/autoware.ai/install/autoware_msgs;/home/capstone/autoware.ai/install/autoware_map_msgs;/home/capstone/autoware.ai/install/autoware_launcher;/home/capstone/autoware.ai/install/autoware_lanelet2_msgs;/home/capstone/autoware.ai/install/autoware_external_msgs;/home/capstone/autoware.ai/install/autoware_config_msgs;/home/capstone/autoware.ai/install/autoware_can_msgs;/home/capstone/autoware.ai/install/autoware_build_flags;/home/capstone/autoware.ai/install/autoware_bag_tools;/opt/carla-ros-bridge/melodic;/opt/ros/melodic
[5.878s] -- Found PythonInterp: /usr/bin/python2 (found suitable version "2.7.17", minimum required is "2") 
[5.878s] -- Using PYTHON_EXECUTABLE: /usr/bin/python2
[5.879s] -- Using Debian Python package layout
[5.882s] -- Using empy: /usr/bin/empy
[6.399s] -- Using CATKIN_ENABLE_TESTING: ON
[6.399s] -- Call enable_testing()
[6.418s] -- Using CATKIN_TEST_RESULTS_DIR: /home/capstone/autoware.ai/build/twist2odom/test_results
[6.528s] -- Found gtest sources under '/usr/src/googletest': gtests will be built
[6.528s] -- Found gmock sources under '/usr/src/googletest': gmock will be built
[6.615s] -- Found PythonInterp: /usr/bin/python2 (found version "2.7.17") 
[6.620s] -- Looking for pthread.h
[7.118s] -- Looking for pthread.h - found
[7.118s] -- Looking for pthread_create
[7.544s] -- Looking for pthread_create - not found
[7.544s] -- Looking for pthread_create in pthreads
[7.999s] -- Looking for pthread_create in pthreads - not found
[8.000s] -- Looking for pthread_create in pthread
[8.436s] -- Looking for pthread_create in pthread - found
[8.439s] -- Found Threads: TRUE  
[8.451s] -- Using Python nosetests: /usr/bin/nosetests-2.7
[8.665s] -- catkin 0.7.23
[8.665s] -- BUILD_SHARED_LIBS is on
[9.826s] -- Using these message generators: gencpp;geneus;genlisp;gennodejs;genpy
[11.009s] -- Configuring done
[11.187s] -- Generating done
[11.227s] -- Build files have been written to: /home/capstone/autoware.ai/build/twist2odom
[11.520s] [35m[1mScanning dependencies of target roscpp_generate_messages_eus[0m
[11.598s] [  0%] Built target roscpp_generate_messages_eus
[11.681s] [35m[1mScanning dependencies of target rosgraph_msgs_generate_messages_py[0m
[11.787s] [  0%] Built target rosgraph_msgs_generate_messages_py
[11.878s] [35m[1mScanning dependencies of target roscpp_generate_messages_lisp[0m
[12.020s] [  0%] Built target roscpp_generate_messages_lisp
[12.090s] [35m[1mScanning dependencies of target nav_msgs_generate_messages_py[0m
[12.199s] [  0%] Built target nav_msgs_generate_messages_py
[12.290s] [35m[1mScanning dependencies of target geometry_msgs_generate_messages_py[0m
[12.400s] [  0%] Built target geometry_msgs_generate_messages_py
[12.486s] [35m[1mScanning dependencies of target rosgraph_msgs_generate_messages_eus[0m
[12.566s] [  0%] Built target rosgraph_msgs_generate_messages_eus
[12.660s] [35m[1mScanning dependencies of target nav_msgs_generate_messages_cpp[0m
[12.751s] [  0%] Built target nav_msgs_generate_messages_cpp
[12.838s] [35m[1mScanning dependencies of target nav_msgs_generate_messages_lisp[0m
[12.919s] [  0%] Built target nav_msgs_generate_messages_lisp
[13.009s] [35m[1mScanning dependencies of target roscpp_generate_messages_cpp[0m
[13.100s] [  0%] Built target roscpp_generate_messages_cpp
[13.192s] [35m[1mScanning dependencies of target geometry_msgs_generate_messages_eus[0m
[13.294s] [  0%] Built target geometry_msgs_generate_messages_eus
[13.387s] [35m[1mScanning dependencies of target std_msgs_generate_messages_nodejs[0m
[13.468s] [  0%] Built target std_msgs_generate_messages_nodejs
[13.553s] [35m[1mScanning dependencies of target rosgraph_msgs_generate_messages_lisp[0m
[13.643s] [  0%] Built target rosgraph_msgs_generate_messages_lisp
[13.742s] [35m[1mScanning dependencies of target actionlib_msgs_generate_messages_eus[0m
[13.845s] [  0%] Built target actionlib_msgs_generate_messages_eus
[13.949s] [35m[1mScanning dependencies of target nav_msgs_generate_messages_nodejs[0m
[14.055s] [  0%] Built target nav_msgs_generate_messages_nodejs
[14.159s] [35m[1mScanning dependencies of target std_msgs_generate_messages_py[0m
[14.233s] [  0%] Built target std_msgs_generate_messages_py
[14.314s] [35m[1mScanning dependencies of target nav_msgs_generate_messages_eus[0m
[14.421s] [  0%] Built target nav_msgs_generate_messages_eus
[14.508s] [35m[1mScanning dependencies of target actionlib_msgs_generate_messages_lisp[0m
[14.598s] [  0%] Built target actionlib_msgs_generate_messages_lisp
[14.677s] [35m[1mScanning dependencies of target actionlib_msgs_generate_messages_nodejs[0m
[14.775s] [  0%] Built target actionlib_msgs_generate_messages_nodejs
[14.875s] [35m[1mScanning dependencies of target rosgraph_msgs_generate_messages_nodejs[0m
[14.959s] [  0%] Built target rosgraph_msgs_generate_messages_nodejs
[15.052s] [35m[1mScanning dependencies of target actionlib_msgs_generate_messages_py[0m
[15.148s] [  0%] Built target actionlib_msgs_generate_messages_py
[15.254s] [35m[1mScanning dependencies of target geometry_msgs_generate_messages_cpp[0m
[15.354s] [  0%] Built target geometry_msgs_generate_messages_cpp
[15.449s] [35m[1mScanning dependencies of target geometry_msgs_generate_messages_nodejs[0m
[15.583s] [  0%] Built target geometry_msgs_generate_messages_nodejs
[15.685s] [35m[1mScanning dependencies of target std_msgs_generate_messages_cpp[0m
[15.803s] [  0%] Built target std_msgs_generate_messages_cpp
[15.881s] [35m[1mScanning dependencies of target roscpp_generate_messages_nodejs[0m
[16.000s] [  0%] Built target roscpp_generate_messages_nodejs
[16.125s] [35m[1mScanning dependencies of target geometry_msgs_generate_messages_lisp[0m
[16.233s] [  0%] Built target geometry_msgs_generate_messages_lisp
[16.343s] [35m[1mScanning dependencies of target std_msgs_generate_messages_eus[0m
[16.437s] [  0%] Built target std_msgs_generate_messages_eus
[16.536s] [35m[1mScanning dependencies of target actionlib_msgs_generate_messages_cpp[0m
[16.644s] [  0%] Built target actionlib_msgs_generate_messages_cpp
[16.743s] [35m[1mScanning dependencies of target std_msgs_generate_messages_lisp[0m
[16.838s] [  0%] Built target std_msgs_generate_messages_lisp
[16.942s] [35m[1mScanning dependencies of target roscpp_generate_messages_py[0m
[17.073s] [  0%] Built target roscpp_generate_messages_py
[17.158s] [35m[1mScanning dependencies of target rosgraph_msgs_generate_messages_cpp[0m
[17.277s] [  0%] Built target rosgraph_msgs_generate_messages_cpp
[17.356s] [35m[1mScanning dependencies of target twist2odom[0m
[17.460s] [ 33%] [32mBuilding CXX object CMakeFiles/twist2odom.dir/src/twist2odom.cpp.o[0m
[21.984s] [ 66%] [32mBuilding CXX object CMakeFiles/twist2odom.dir/src/twist2odom_node.cpp.o[0m
[24.867s] [100%] [32m[1mLinking CXX executable devel/lib/twist2odom/twist2odom[0m
[25.298s] [100%] Built target twist2odom
[27.107s] [35m[1mScanning dependencies of target gtest[0m
[27.209s] [ 20%] [32mBuilding CXX object gtest/googlemock/gtest/CMakeFiles/gtest.dir/src/gtest-all.cc.o[0m
[37.223s] [ 40%] [32m[1mLinking CXX shared library libgtest.so[0m
[37.559s] [ 40%] Built target gtest
[37.633s] [35m[1mScanning dependencies of target twist2odom_test[0m
[37.785s] [ 60%] [32mBuilding CXX object CMakeFiles/twist2odom_test.dir/test/twist2odom_test.cpp.o[0m
[43.205s] [ 80%] [32mBuilding CXX object CMakeFiles/twist2odom_test.dir/src/twist2odom.cpp.o[0m
[47.720s] [100%] [32m[1mLinking CXX executable devel/lib/twist2odom/twist2odom_test[0m
[48.174s] [100%] Built target twist2odom_test
[48.297s] [35m[1mScanning dependencies of target tests[0m
[48.414s] [100%] Built target tests
[50.393s] [  0%] Built target roscpp_generate_messages_eus
[50.667s] [  0%] Built target rosgraph_msgs_generate_messages_py
[50.858s] [  0%] Built target roscpp_generate_messages_lisp
[51.004s] [  0%] Built target nav_msgs_generate_messages_py
[51.174s] [  0%] Built target geometry_msgs_generate_messages_py
[51.371s] [  0%] Built target rosgraph_msgs_generate_messages_eus
[51.557s] [  0%] Built target nav_msgs_generate_messages_cpp
[51.731s] [  0%] Built target nav_msgs_generate_messages_lisp
[51.887s] [  0%] Built target roscpp_generate_messages_cpp
[52.074s] [  0%] Built target geometry_msgs_generate_messages_eus
[52.277s] [  0%] Built target std_msgs_generate_messages_nodejs
[52.512s] [  0%] Built target rosgraph_msgs_generate_messages_lisp
[52.698s] [  0%] Built target actionlib_msgs_generate_messages_eus
[52.932s] [  0%] Built target nav_msgs_generate_messages_nodejs
[53.105s] [  0%] Built target std_msgs_generate_messages_py
[53.254s] [  0%] Built target nav_msgs_generate_messages_eus
[53.421s] [  0%] Built target actionlib_msgs_generate_messages_lisp
[53.567s] [  0%] Built target actionlib_msgs_generate_messages_nodejs
[53.713s] [  0%] Built target rosgraph_msgs_generate_messages_nodejs
[53.954s] [  0%] Built target actionlib_msgs_generate_messages_py
[54.130s] [  0%] Built target geometry_msgs_generate_messages_cpp
[54.310s] [  0%] Built target geometry_msgs_generate_messages_nodejs
[54.533s] [  0%] Built target std_msgs_generate_messages_cpp
[54.709s] [  0%] Built target roscpp_generate_messages_nodejs
[54.902s] [  0%] Built target geometry_msgs_generate_messages_lisp
[55.071s] [  0%] Built target std_msgs_generate_messages_eus
[55.257s] [  0%] Built target actionlib_msgs_generate_messages_cpp
[55.471s] [  0%] Built target std_msgs_generate_messages_lisp
[55.666s] [  0%] Built target roscpp_generate_messages_py
[55.836s] [  0%] Built target rosgraph_msgs_generate_messages_cpp
[56.031s] [100%] Built target twist2odom
[56.155s] [36mInstall the project...[0m
[56.213s] -- Install configuration: "Release"
[56.213s] -- Installing: /home/capstone/autoware.ai/install/twist2odom/lib/pkgconfig/twist2odom.pc
[56.214s] -- Installing: /home/capstone/autoware.ai/install/twist2odom/share/twist2odom/cmake/twist2odomConfig.cmake
[56.214s] -- Installing: /home/capstone/autoware.ai/install/twist2odom/share/twist2odom/cmake/twist2odomConfig-version.cmake
[56.215s] -- Installing: /home/capstone/autoware.ai/install/twist2odom/share/twist2odom/package.xml
[56.217s] -- Installing: /home/capstone/autoware.ai/install/twist2odom/lib/twist2odom/twist2odom
[56.218s] -- Set runtime path of "/home/capstone/autoware.ai/install/twist2odom/lib/twist2odom/twist2odom" to ""
