Determining if the pthread_create exist failed with the following output:
Change Dir: /home/capstone/autoware.ai/build/gazebo_camera_description/CMakeFiles/CMakeTmp

Run Build Command:"/usr/bin/make" "cmTC_0664b/fast"
/usr/bin/make -f CMakeFiles/cmTC_0664b.dir/build.make CMakeFiles/cmTC_0664b.dir/build
make[1]: Entering directory '/home/capstone/autoware.ai/build/gazebo_camera_description/CMakeFiles/CMakeTmp'
Building C object CMakeFiles/cmTC_0664b.dir/CheckSymbolExists.c.o
/usr/bin/cc    -o CMakeFiles/cmTC_0664b.dir/CheckSymbolExists.c.o   -c /home/capstone/autoware.ai/build/gazebo_camera_description/CMakeFiles/CMakeTmp/CheckSymbolExists.c
Linking C executable cmTC_0664b
/usr/bin/cmake -E cmake_link_script CMakeFiles/cmTC_0664b.dir/link.txt --verbose=1
/usr/bin/cc      -rdynamic CMakeFiles/cmTC_0664b.dir/CheckSymbolExists.c.o  -o cmTC_0664b 
CMakeFiles/cmTC_0664b.dir/CheckSymbolExists.c.o: In function `main':
CheckSymbolExists.c:(.text+0x1b): undefined reference to `pthread_create'
collect2: error: ld returned 1 exit status
CMakeFiles/cmTC_0664b.dir/build.make:97: recipe for target 'cmTC_0664b' failed
make[1]: *** [cmTC_0664b] Error 1
make[1]: Leaving directory '/home/capstone/autoware.ai/build/gazebo_camera_description/CMakeFiles/CMakeTmp'
Makefile:126: recipe for target 'cmTC_0664b/fast' failed
make: *** [cmTC_0664b/fast] Error 2

File /home/capstone/autoware.ai/build/gazebo_camera_description/CMakeFiles/CMakeTmp/CheckSymbolExists.c:
/* */
#include <pthread.h>

int main(int argc, char** argv)
{
  (void)argv;
#ifndef pthread_create
  return ((int*)(&pthread_create))[argc];
#else
  (void)argc;
  return 0;
#endif
}

Determining if the function pthread_create exists in the pthreads failed with the following output:
Change Dir: /home/capstone/autoware.ai/build/gazebo_camera_description/CMakeFiles/CMakeTmp

Run Build Command:"/usr/bin/make" "cmTC_d490b/fast"
/usr/bin/make -f CMakeFiles/cmTC_d490b.dir/build.make CMakeFiles/cmTC_d490b.dir/build
make[1]: Entering directory '/home/capstone/autoware.ai/build/gazebo_camera_description/CMakeFiles/CMakeTmp'
Building C object CMakeFiles/cmTC_d490b.dir/CheckFunctionExists.c.o
/usr/bin/cc   -DCHECK_FUNCTION_EXISTS=pthread_create   -o CMakeFiles/cmTC_d490b.dir/CheckFunctionExists.c.o   -c /usr/share/cmake-3.10/Modules/CheckFunctionExists.c
Linking C executable cmTC_d490b
/usr/bin/cmake -E cmake_link_script CMakeFiles/cmTC_d490b.dir/link.txt --verbose=1
/usr/bin/cc  -DCHECK_FUNCTION_EXISTS=pthread_create    -rdynamic CMakeFiles/cmTC_d490b.dir/CheckFunctionExists.c.o  -o cmTC_d490b -lpthreads 
/usr/bin/ld: cannot find -lpthreads
collect2: error: ld returned 1 exit status
CMakeFiles/cmTC_d490b.dir/build.make:97: recipe for target 'cmTC_d490b' failed
make[1]: *** [cmTC_d490b] Error 1
make[1]: Leaving directory '/home/capstone/autoware.ai/build/gazebo_camera_description/CMakeFiles/CMakeTmp'
Makefile:126: recipe for target 'cmTC_d490b/fast' failed
make: *** [cmTC_d490b/fast] Error 2


