Determining if the pthread_create exist failed with the following output:
Change Dir: /home/capstone/autoware.ai/build/lidar_point_pillars/CMakeFiles/CMakeTmp

Run Build Command:"/usr/bin/make" "cmTC_0a133/fast"
/usr/bin/make -f CMakeFiles/cmTC_0a133.dir/build.make CMakeFiles/cmTC_0a133.dir/build
make[1]: Entering directory '/home/capstone/autoware.ai/build/lidar_point_pillars/CMakeFiles/CMakeTmp'
Building C object CMakeFiles/cmTC_0a133.dir/CheckSymbolExists.c.o
/usr/bin/cc   -fPIC    -o CMakeFiles/cmTC_0a133.dir/CheckSymbolExists.c.o   -c /home/capstone/autoware.ai/build/lidar_point_pillars/CMakeFiles/CMakeTmp/CheckSymbolExists.c
Linking C executable cmTC_0a133
/usr/bin/cmake -E cmake_link_script CMakeFiles/cmTC_0a133.dir/link.txt --verbose=1
/usr/bin/cc -fPIC     -rdynamic CMakeFiles/cmTC_0a133.dir/CheckSymbolExists.c.o  -o cmTC_0a133 
CMakeFiles/cmTC_0a133.dir/CheckSymbolExists.c.o: In function `main':
CheckSymbolExists.c:(.text+0x1b): undefined reference to `pthread_create'
collect2: error: ld returned 1 exit status
CMakeFiles/cmTC_0a133.dir/build.make:97: recipe for target 'cmTC_0a133' failed
make[1]: *** [cmTC_0a133] Error 1
make[1]: Leaving directory '/home/capstone/autoware.ai/build/lidar_point_pillars/CMakeFiles/CMakeTmp'
Makefile:126: recipe for target 'cmTC_0a133/fast' failed
make: *** [cmTC_0a133/fast] Error 2

File /home/capstone/autoware.ai/build/lidar_point_pillars/CMakeFiles/CMakeTmp/CheckSymbolExists.c:
/* */
#include <pthread.h>

int main(int argc, char** argv)
{
  (void)argv;
#ifndef pthread_create
  return ((int*)(&pthread_create))[argc];
#else
  (void)argc;
  return 0;
#endif
}

Determining if the function pthread_create exists in the pthreads failed with the following output:
Change Dir: /home/capstone/autoware.ai/build/lidar_point_pillars/CMakeFiles/CMakeTmp

Run Build Command:"/usr/bin/make" "cmTC_3f287/fast"
/usr/bin/make -f CMakeFiles/cmTC_3f287.dir/build.make CMakeFiles/cmTC_3f287.dir/build
make[1]: Entering directory '/home/capstone/autoware.ai/build/lidar_point_pillars/CMakeFiles/CMakeTmp'
Building C object CMakeFiles/cmTC_3f287.dir/CheckFunctionExists.c.o
/usr/bin/cc   -fPIC -DCHECK_FUNCTION_EXISTS=pthread_create   -o CMakeFiles/cmTC_3f287.dir/CheckFunctionExists.c.o   -c /usr/share/cmake-3.10/Modules/CheckFunctionExists.c
Linking C executable cmTC_3f287
/usr/bin/cmake -E cmake_link_script CMakeFiles/cmTC_3f287.dir/link.txt --verbose=1
/usr/bin/cc -fPIC -DCHECK_FUNCTION_EXISTS=pthread_create    -rdynamic CMakeFiles/cmTC_3f287.dir/CheckFunctionExists.c.o  -o cmTC_3f287 -lpthreads 
/usr/bin/ld: cannot find -lpthreads
collect2: error: ld returned 1 exit status
CMakeFiles/cmTC_3f287.dir/build.make:97: recipe for target 'cmTC_3f287' failed
make[1]: *** [cmTC_3f287] Error 1
make[1]: Leaving directory '/home/capstone/autoware.ai/build/lidar_point_pillars/CMakeFiles/CMakeTmp'
Makefile:126: recipe for target 'cmTC_3f287/fast' failed
make: *** [cmTC_3f287/fast] Error 2


