[1.079s] -- The C compiler identification is GNU 7.5.0
[1.318s] -- The CXX compiler identification is GNU 7.5.0
[1.334s] -- Check for working C compiler: /usr/bin/cc
[1.785s] -- Check for working C compiler: /usr/bin/cc -- works
[1.787s] -- Detecting C compiler ABI info
[2.267s] -- Detecting C compiler ABI info - done
[2.288s] -- Detecting C compile features
[3.542s] -- Detecting C compile features - done
[3.546s] -- Check for working CXX compiler: /usr/bin/c++
[3.985s] -- Check for working CXX compiler: /usr/bin/c++ -- works
[3.985s] -- Detecting CXX compiler ABI info
[4.452s] -- Detecting CXX compiler ABI info - done
[4.474s] -- Detecting CXX compile features
[6.407s] -- Detecting CXX compile features - done
[6.422s] -- CUDA compilation status: 1.
[6.467s] -- Using CATKIN_DEVEL_PREFIX: /home/capstone/autoware.ai/build/lane_planner/devel
[6.468s] -- Using CMAKE_PREFIX_PATH: /home/capstone/autoware.ai/install/lanelet2_extension;/home/capstone/autoware.ai/install/lanelet2_validation;/home/capstone/autoware.ai/install/lanelet2_routing;/home/capstone/autoware.ai/install/lanelet2_projection;/home/capstone/autoware.ai/install/libwaypoint_follower;/home/capstone/autoware.ai/install/lanelet2_traffic_rules;/home/capstone/autoware.ai/install/lanelet2_maps;/home/capstone/autoware.ai/install/lanelet2_io;/home/capstone/autoware.ai/install/vector_map;/home/capstone/autoware.ai/install/lanelet2_core;/home/capstone/autoware.ai/install/amathutils_lib;/home/capstone/autoware.ai/install/vector_map_msgs;/home/capstone/autoware.ai/install/tablet_socket_msgs;/home/capstone/autoware.ai/install/gnss;/home/capstone/autoware.ai/install/autoware_msgs;/home/capstone/autoware.ai/install/autoware_lanelet2_msgs;/home/capstone/autoware.ai/install/autoware_config_msgs;/home/capstone/autoware.ai/install/autoware_build_flags;/home/capstone/autoware.ai/install/wf_simulator;/home/capstone/autoware.ai/install/vision_ssd_detect;/home/capstone/autoware.ai/install/vision_segment_enet_detect;/home/capstone/autoware.ai/install/vision_lane_detect;/home/capstone/autoware.ai/install/vision_darknet_detect;/home/capstone/autoware.ai/install/vision_beyond_track;/home/capstone/autoware.ai/install/vel_pose_diff_checker;/home/capstone/autoware.ai/install/vehicle_socket;/home/capstone/autoware.ai/install/vehicle_sim_model;/home/capstone/autoware.ai/install/vehicle_model;/home/capstone/autoware.ai/install/vehicle_gazebo_simulation_launcher;/home/capstone/autoware.ai/install/vehicle_gazebo_simulation_interface;/home/capstone/autoware.ai/install/vehicle_engage_panel;/home/capstone/autoware.ai/install/vehicle_description;/home/capstone/autoware.ai/install/op_ros_helpers;/home/capstone/autoware.ai/install/op_simu;/home/capstone/autoware.ai/install/op_planner;/home/capstone/autoware.ai/install/op_utility;/home/capstone/autoware.ai/install/vector_map_server;/home/capstone/autoware.ai/install/object_map;/home/capstone/autoware.ai/install/lanelet_aisan_converter;/home/capstone/autoware.ai/install/map_file;/home/capstone/autoware.ai/install/libvectormap;/home/capstone/autoware.ai/install/twist_generator;/home/capstone/autoware.ai/install/twist2odom;/home/capstone/autoware.ai/install/runtime_manager;/home/capstone/autoware.ai/install/sound_player;/home/capstone/autoware.ai/install/points2image;/home/capstone/autoware.ai/install/rosinterface;/home/capstone/autoware.ai/install/rosbag_controller;/home/capstone/autoware.ai/install/points_preprocessor;/home/capstone/autoware.ai/install/lidar_localizer;/home/capstone/autoware.ai/install/emergency_handler;/home/capstone/autoware.ai/install/autoware_health_checker;/home/capstone/autoware.ai/install/ros_observer;/home/capstone/autoware.ai/install/range_vision_fusion;/home/capstone/autoware.ai/install/pos_db;/home/capstone/autoware.ai/install/points_downsampler;/home/capstone/autoware.ai/install/pixel_cloud_fusion;/home/capstone/autoware.ai/install/pcl_omp_registration;/home/capstone/autoware.ai/install/pc2_downsampler;/home/capstone/autoware.ai/install/obj_db;/home/capstone/autoware.ai/install/nmea_navsat;/home/capstone/autoware.ai/install/ndt_tku;/home/capstone/autoware.ai/install/ndt_gpu;/home/capstone/autoware.ai/install/ndt_cpu;/home/capstone/autoware.ai/install/multi_lidar_calibrator;/home/capstone/autoware.ai/install/mrt_cmake_modules;/home/capstone/autoware.ai/install/marker_downsampler;/home/capstone/autoware.ai/install/map_tools;/home/capstone/autoware.ai/install/map_tf_generator;/home/capstone/autoware.ai/install/log_tools;/home/capstone/autoware.ai/install/lgsvl_simulator_bridge;/home/capstone/autoware.ai/install/lanelet2_examples;/home/capstone/autoware.ai/install/lanelet2_python;/home/capstone/autoware.ai/install/integrated_viewer;/home/capstone/autoware.ai/install/image_processor;/home/capstone/autoware.ai/install/graph_tools;/home/capstone/autoware.ai/install/gnss_localizer;/home/capstone/autoware.ai/install/glviewer;/home/capstone/autoware.ai/install/gazebo_world_description;/home/capstone/autoware.ai/install/gazebo_imu_description;/home/capstone/autoware.ai/install/gazebo_camera_description;/home/capstone/autoware.ai/install/fastvirtualscan;/home/capstone/autoware.ai/install/ekf_localizer;/home/capstone/autoware.ai/install/detected_objects_visualizer;/home/capstone/autoware.ai/install/decision_maker_panel;/home/capstone/autoware.ai/install/data_preprocessor;/home/capstone/autoware.ai/install/carla_autoware_bridge;/home/capstone/autoware.ai/install/calibration_publisher;/home/capstone/autoware.ai/install/autoware_system_msgs;/home/capstone/autoware.ai/install/autoware_rviz_plugins;/home/capstone/autoware.ai/install/autoware_quickstart_examples;/home/capstone/autoware.ai/install/autoware_pointgrey_drivers;/home/capstone/autoware.ai/install/autoware_driveworks_interface;/home/capstone/autoware.ai/install/autoware_connector;/home/capstone/autoware.ai/install/autoware_camera_lidar_calibrator;/home/capstone/autoware.ai/install/autoware_map_msgs;/home/capstone/autoware.ai/install/autoware_launcher_rviz;/home/capstone/autoware.ai/install/autoware_launcher;/home/capstone/autoware.ai/install/autoware_external_msgs;/home/capstone/autoware.ai/install/autoware_driveworks_gmsl_interface;/home/capstone/autoware.ai/install/autoware_can_msgs;/home/capstone/autoware.ai/install/autoware_bag_tools;/opt/carla-ros-bridge/melodic;/opt/ros/melodic
[6.477s] -- This workspace overlays: /home/capstone/autoware.ai/install/lanelet2_extension;/home/capstone/autoware.ai/install/lanelet2_validation;/home/capstone/autoware.ai/install/lanelet2_routing;/home/capstone/autoware.ai/install/lanelet2_projection;/home/capstone/autoware.ai/install/libwaypoint_follower;/home/capstone/autoware.ai/install/lanelet2_traffic_rules;/home/capstone/autoware.ai/install/lanelet2_maps;/home/capstone/autoware.ai/install/lanelet2_io;/home/capstone/autoware.ai/install/vector_map;/home/capstone/autoware.ai/install/lanelet2_core;/home/capstone/autoware.ai/install/amathutils_lib;/home/capstone/autoware.ai/install/vector_map_msgs;/home/capstone/autoware.ai/install/tablet_socket_msgs;/home/capstone/autoware.ai/install/gnss;/home/capstone/autoware.ai/install/autoware_msgs;/home/capstone/autoware.ai/install/autoware_lanelet2_msgs;/home/capstone/autoware.ai/install/autoware_config_msgs;/home/capstone/autoware.ai/install/autoware_build_flags;/home/capstone/autoware.ai/install/wf_simulator;/home/capstone/autoware.ai/install/vision_ssd_detect;/home/capstone/autoware.ai/install/vision_segment_enet_detect;/home/capstone/autoware.ai/install/vision_lane_detect;/home/capstone/autoware.ai/install/vision_darknet_detect;/home/capstone/autoware.ai/install/vision_beyond_track;/home/capstone/autoware.ai/install/vel_pose_diff_checker;/home/capstone/autoware.ai/install/vehicle_socket;/home/capstone/autoware.ai/install/vehicle_sim_model;/home/capstone/autoware.ai/install/vehicle_model;/home/capstone/autoware.ai/install/vehicle_gazebo_simulation_launcher;/home/capstone/autoware.ai/install/vehicle_gazebo_simulation_interface;/home/capstone/autoware.ai/install/vehicle_engage_panel;/home/capstone/autoware.ai/install/vehicle_description;/home/capstone/autoware.ai/install/op_simu;/home/capstone/autoware.ai/install/op_planner;/home/capstone/autoware.ai/install/op_utility;/home/capstone/autoware.ai/install/vector_map_server;/home/capstone/autoware.ai/install/libvectormap;/home/capstone/autoware.ai/install/twist_generator;/home/capstone/autoware.ai/install/twist2odom;/home/capstone/autoware.ai/install/runtime_manager;/home/capstone/autoware.ai/install/sound_player;/home/capstone/autoware.ai/install/points2image;/home/capstone/autoware.ai/install/rosinterface;/home/capstone/autoware.ai/install/rosbag_controller;/home/capstone/autoware.ai/install/points_preprocessor;/home/capstone/autoware.ai/install/emergency_handler;/home/capstone/autoware.ai/install/autoware_health_checker;/home/capstone/autoware.ai/install/ros_observer;/home/capstone/autoware.ai/install/range_vision_fusion;/home/capstone/autoware.ai/install/pos_db;/home/capstone/autoware.ai/install/points_downsampler;/home/capstone/autoware.ai/install/pixel_cloud_fusion;/home/capstone/autoware.ai/install/pcl_omp_registration;/home/capstone/autoware.ai/install/pc2_downsampler;/home/capstone/autoware.ai/install/obj_db;/home/capstone/autoware.ai/install/nmea_navsat;/home/capstone/autoware.ai/install/ndt_tku;/home/capstone/autoware.ai/install/ndt_gpu;/home/capstone/autoware.ai/install/ndt_cpu;/home/capstone/autoware.ai/install/multi_lidar_calibrator;/home/capstone/autoware.ai/install/mrt_cmake_modules;/home/capstone/autoware.ai/install/marker_downsampler;/home/capstone/autoware.ai/install/map_tools;/home/capstone/autoware.ai/install/map_tf_generator;/home/capstone/autoware.ai/install/log_tools;/home/capstone/autoware.ai/install/lgsvl_simulator_bridge;/home/capstone/autoware.ai/install/lanelet2_python;/home/capstone/autoware.ai/install/integrated_viewer;/home/capstone/autoware.ai/install/image_processor;/home/capstone/autoware.ai/install/graph_tools;/home/capstone/autoware.ai/install/gnss_localizer;/home/capstone/autoware.ai/install/glviewer;/home/capstone/autoware.ai/install/gazebo_world_description;/home/capstone/autoware.ai/install/gazebo_imu_description;/home/capstone/autoware.ai/install/gazebo_camera_description;/home/capstone/autoware.ai/install/fastvirtualscan;/home/capstone/autoware.ai/install/ekf_localizer;/home/capstone/autoware.ai/install/detected_objects_visualizer;/home/capstone/autoware.ai/install/decision_maker_panel;/home/capstone/autoware.ai/install/data_preprocessor;/home/capstone/autoware.ai/install/carla_autoware_bridge;/home/capstone/autoware.ai/install/calibration_publisher;/home/capstone/autoware.ai/install/autoware_system_msgs;/home/capstone/autoware.ai/install/autoware_rviz_plugins;/home/capstone/autoware.ai/install/autoware_quickstart_examples;/home/capstone/autoware.ai/install/autoware_pointgrey_drivers;/home/capstone/autoware.ai/install/autoware_driveworks_interface;/home/capstone/autoware.ai/install/autoware_connector;/home/capstone/autoware.ai/install/autoware_camera_lidar_calibrator;/home/capstone/autoware.ai/install/autoware_map_msgs;/home/capstone/autoware.ai/install/autoware_launcher_rviz;/home/capstone/autoware.ai/install/autoware_launcher;/home/capstone/autoware.ai/install/autoware_external_msgs;/home/capstone/autoware.ai/install/autoware_driveworks_gmsl_interface;/home/capstone/autoware.ai/install/autoware_can_msgs;/home/capstone/autoware.ai/install/autoware_bag_tools;/opt/carla-ros-bridge/melodic;/opt/ros/melodic
[6.578s] -- Found PythonInterp: /usr/bin/python2 (found suitable version "2.7.17", minimum required is "2") 
[6.579s] -- Using PYTHON_EXECUTABLE: /usr/bin/python2
[6.580s] -- Using Debian Python package layout
[6.582s] -- Using empy: /usr/bin/empy
[6.946s] -- Using CATKIN_ENABLE_TESTING: ON
[6.946s] -- Call enable_testing()
[6.959s] -- Using CATKIN_TEST_RESULTS_DIR: /home/capstone/autoware.ai/build/lane_planner/test_results
[7.081s] -- Found gtest sources under '/usr/src/googletest': gtests will be built
[7.081s] -- Found gmock sources under '/usr/src/googletest': gmock will be built
[7.177s] -- Found PythonInterp: /usr/bin/python2 (found version "2.7.17") 
[7.179s] -- Looking for pthread.h
[7.600s] -- Looking for pthread.h - found
[7.601s] -- Looking for pthread_create
[8.010s] -- Looking for pthread_create - not found
[8.011s] -- Looking for pthread_create in pthreads
[8.404s] -- Looking for pthread_create in pthreads - not found
[8.404s] -- Looking for pthread_create in pthread
[8.837s] -- Looking for pthread_create in pthread - found
[8.839s] -- Found Threads: TRUE  
[8.853s] -- Using Python nosetests: /usr/bin/nosetests-2.7
[9.077s] -- catkin 0.7.23
[9.078s] -- BUILD_SHARED_LIBS is on
[10.872s] -- Using these message generators: gencpp;geneus;genlisp;gennodejs;genpy
[13.168s] -- Configuring done
[13.569s] -- Generating done
[13.630s] -- Build files have been written to: /home/capstone/autoware.ai/build/lane_planner
[14.061s] [35m[1mScanning dependencies of target roscpp_generate_messages_nodejs[0m
[14.090s] [35m[1mScanning dependencies of target vector_map_msgs_generate_messages_nodejs[0m
[14.129s] [35m[1mScanning dependencies of target vector_map_msgs_generate_messages_eus[0m
[14.140s] [35m[1mScanning dependencies of target vector_map_msgs_generate_messages_py[0m
[14.228s] [35m[1mScanning dependencies of target visualization_msgs_generate_messages_eus[0m
[14.241s] [35m[1mScanning dependencies of target autoware_lanelet2_msgs_generate_messages_py[0m
[14.261s] [  0%] Built target roscpp_generate_messages_nodejs
[14.282s] [  0%] Built target vector_map_msgs_generate_messages_eus
[14.335s] [  0%] Built target vector_map_msgs_generate_messages_py
[14.367s] [  0%] Built target vector_map_msgs_generate_messages_nodejs
[14.409s] [  0%] Built target visualization_msgs_generate_messages_eus
[14.414s] [35m[1mScanning dependencies of target visualization_msgs_generate_messages_lisp[0m
[14.451s] [  0%] Built target autoware_lanelet2_msgs_generate_messages_py
[14.487s] [35m[1mScanning dependencies of target autoware_lanelet2_msgs_generate_messages_lisp[0m
[14.488s] [35m[1mScanning dependencies of target tf2_msgs_generate_messages_py[0m
[14.532s] [35m[1mScanning dependencies of target autoware_lanelet2_msgs_generate_messages_cpp[0m
[14.545s] [35m[1mScanning dependencies of target tf2_msgs_generate_messages_lisp[0m
[14.606s] [  0%] Built target visualization_msgs_generate_messages_lisp
[14.654s] [35m[1mScanning dependencies of target tf2_msgs_generate_messages_cpp[0m
[14.679s] [  0%] Built target autoware_lanelet2_msgs_generate_messages_lisp
[14.702s] [  0%] Built target tf2_msgs_generate_messages_py
[14.742s] [  0%] Built target autoware_lanelet2_msgs_generate_messages_cpp
[14.765s] [  0%] Built target tf2_msgs_generate_messages_lisp
[14.790s] [  0%] Built target tf2_msgs_generate_messages_cpp
[14.892s] [35m[1mScanning dependencies of target rosgraph_msgs_generate_messages_nodejs[0m
[15.004s] [  0%] Built target rosgraph_msgs_generate_messages_nodejs
[15.105s] [35m[1mScanning dependencies of target rosgraph_msgs_generate_messages_eus[0m
[15.260s] [  0%] Built target rosgraph_msgs_generate_messages_eus
[15.282s] [35m[1mScanning dependencies of target actionlib_generate_messages_eus[0m
[15.405s] [  0%] Built target actionlib_generate_messages_eus
[15.406s] [35m[1mScanning dependencies of target rosgraph_msgs_generate_messages_py[0m
[15.515s] [35m[1mScanning dependencies of target rosgraph_msgs_generate_messages_cpp[0m
[15.515s] [  0%] Built target rosgraph_msgs_generate_messages_py
[15.608s] [  0%] Built target rosgraph_msgs_generate_messages_cpp
[15.627s] [35m[1mScanning dependencies of target jsk_recognition_msgs_generate_messages_lisp[0m
[15.701s] [35m[1mScanning dependencies of target tf_generate_messages_cpp[0m
[15.800s] [  0%] Built target jsk_recognition_msgs_generate_messages_lisp
[15.813s] [  0%] Built target tf_generate_messages_cpp
[15.922s] [35m[1mScanning dependencies of target std_msgs_generate_messages_py[0m
[15.943s] [35m[1mScanning dependencies of target jsk_recognition_msgs_generate_messages_eus[0m
[16.042s] [  0%] Built target std_msgs_generate_messages_py
[16.079s] [  0%] Built target jsk_recognition_msgs_generate_messages_eus
[16.208s] [35m[1mScanning dependencies of target jsk_recognition_msgs_generate_messages_cpp[0m
[16.242s] [35m[1mScanning dependencies of target geometry_msgs_generate_messages_lisp[0m
[16.358s] [  0%] Built target jsk_recognition_msgs_generate_messages_cpp
[16.384s] [  0%] Built target geometry_msgs_generate_messages_lisp
[16.499s] [35m[1mScanning dependencies of target geometry_msgs_generate_messages_eus[0m
[16.586s] [35m[1mScanning dependencies of target autoware_msgs_generate_messages_eus[0m
[16.643s] [  0%] Built target geometry_msgs_generate_messages_eus
[16.705s] [  0%] Built target autoware_msgs_generate_messages_eus
[16.772s] [35m[1mScanning dependencies of target autoware_lanelet2_msgs_generate_messages_eus[0m
[16.852s] [35m[1mScanning dependencies of target std_msgs_generate_messages_nodejs[0m
[16.896s] [  0%] Built target autoware_lanelet2_msgs_generate_messages_eus
[17.047s] [  0%] Built target std_msgs_generate_messages_nodejs
[17.047s] [35m[1mScanning dependencies of target visualization_msgs_generate_messages_py[0m
[17.182s] [35m[1mScanning dependencies of target tablet_socket_msgs_generate_messages_py[0m
[17.226s] [  0%] Built target visualization_msgs_generate_messages_py
[17.307s] [35m[1mScanning dependencies of target autoware_msgs_generate_messages_lisp[0m
[17.390s] [  0%] Built target tablet_socket_msgs_generate_messages_py
[17.484s] [35m[1mScanning dependencies of target autoware_config_msgs_generate_messages_lisp[0m
[17.491s] [  0%] Built target autoware_msgs_generate_messages_lisp
[17.606s] [35m[1mScanning dependencies of target geometry_msgs_generate_messages_nodejs[0m
[17.673s] [35m[1mScanning dependencies of target geometry_msgs_generate_messages_cpp[0m
[17.700s] [  0%] Built target autoware_config_msgs_generate_messages_lisp
[17.793s] [  0%] Built target geometry_msgs_generate_messages_nodejs
[17.852s] [  0%] Built target geometry_msgs_generate_messages_cpp
[17.873s] [35m[1mScanning dependencies of target tf2_msgs_generate_messages_nodejs[0m
[17.966s] [35m[1mScanning dependencies of target autoware_config_msgs_generate_messages_cpp[0m
[17.979s] [35m[1mScanning dependencies of target jsk_footstep_msgs_generate_messages_eus[0m
[18.005s] [  0%] Built target tf2_msgs_generate_messages_nodejs
[18.090s] [  0%] Built target jsk_footstep_msgs_generate_messages_eus
[18.126s] [  0%] Built target autoware_config_msgs_generate_messages_cpp
[18.141s] [35m[1mScanning dependencies of target roscpp_generate_messages_py[0m
[18.200s] [35m[1mScanning dependencies of target jsk_recognition_msgs_generate_messages_nodejs[0m
[18.273s] [  0%] Built target roscpp_generate_messages_py
[18.300s] [35m[1mScanning dependencies of target actionlib_generate_messages_lisp[0m
[18.367s] [  0%] Built target jsk_recognition_msgs_generate_messages_nodejs
[18.420s] [35m[1mScanning dependencies of target roscpp_generate_messages_lisp[0m
[18.459s] [  0%] Built target actionlib_generate_messages_lisp
[18.487s] [35m[1mScanning dependencies of target jsk_footstep_msgs_generate_messages_py[0m
[18.581s] [  0%] Built target roscpp_generate_messages_lisp
[18.615s] [35m[1mScanning dependencies of target geometry_msgs_generate_messages_py[0m
[18.622s] [  0%] Built target jsk_footstep_msgs_generate_messages_py
[18.726s] [35m[1mScanning dependencies of target tf2_msgs_generate_messages_eus[0m
[18.784s] [  0%] Built target geometry_msgs_generate_messages_py
[18.805s] [35m[1mScanning dependencies of target sensor_msgs_generate_messages_py[0m
[18.832s] [  0%] Built target tf2_msgs_generate_messages_eus
[18.923s] [35m[1mScanning dependencies of target jsk_footstep_msgs_generate_messages_lisp[0m
[18.958s] [  0%] Built target sensor_msgs_generate_messages_py
[19.009s] [35m[1mScanning dependencies of target autoware_msgs_generate_messages_nodejs[0m
[19.053s] [  0%] Built target jsk_footstep_msgs_generate_messages_lisp
[19.154s] [35m[1mScanning dependencies of target autoware_config_msgs_generate_messages_eus[0m
[19.157s] [  0%] Built target autoware_msgs_generate_messages_nodejs
[19.210s] [35m[1mScanning dependencies of target actionlib_msgs_generate_messages_eus[0m
[19.291s] [35m[1mScanning dependencies of target actionlib_generate_messages_cpp[0m
[19.313s] [35m[1mScanning dependencies of target autoware_lanelet2_msgs_generate_messages_nodejs[0m
[19.344s] [  0%] Built target autoware_config_msgs_generate_messages_eus
[19.411s] [  0%] Built target actionlib_msgs_generate_messages_eus
[19.424s] [  0%] Built target actionlib_generate_messages_cpp
[19.525s] [35m[1mScanning dependencies of target roscpp_generate_messages_eus[0m
[19.540s] [  0%] Built target autoware_lanelet2_msgs_generate_messages_nodejs
[19.591s] [35m[1mScanning dependencies of target rosgraph_msgs_generate_messages_lisp[0m
[19.601s] [35m[1mScanning dependencies of target std_msgs_generate_messages_cpp[0m
[19.710s] [  0%] Built target roscpp_generate_messages_eus
[19.734s] [  0%] Built target rosgraph_msgs_generate_messages_lisp
[19.760s] [  0%] Built target std_msgs_generate_messages_cpp
[19.845s] [35m[1mScanning dependencies of target autoware_msgs_generate_messages_cpp[0m
[19.921s] [  0%] Built target autoware_msgs_generate_messages_cpp
[20.000s] [35m[1mScanning dependencies of target autoware_config_msgs_generate_messages_nodejs[0m
[20.084s] [  0%] Built target autoware_config_msgs_generate_messages_nodejs
[20.166s] [35m[1mScanning dependencies of target std_msgs_generate_messages_lisp[0m
[20.246s] [  0%] Built target std_msgs_generate_messages_lisp
[20.334s] [35m[1mScanning dependencies of target jsk_recognition_msgs_generate_messages_py[0m
[20.410s] [  0%] Built target jsk_recognition_msgs_generate_messages_py
[20.488s] [35m[1mScanning dependencies of target sensor_msgs_generate_messages_cpp[0m
[20.562s] [  0%] Built target sensor_msgs_generate_messages_cpp
[20.642s] [35m[1mScanning dependencies of target pcl_msgs_generate_messages_cpp[0m
[20.741s] [  0%] Built target pcl_msgs_generate_messages_cpp
[20.828s] [35m[1mScanning dependencies of target roscpp_generate_messages_cpp[0m
[20.923s] [  0%] Built target roscpp_generate_messages_cpp
[21.007s] [35m[1mScanning dependencies of target visualization_msgs_generate_messages_cpp[0m
[21.088s] [  0%] Built target visualization_msgs_generate_messages_cpp
[21.173s] [35m[1mScanning dependencies of target autoware_config_msgs_generate_messages_py[0m
[21.270s] [  0%] Built target autoware_config_msgs_generate_messages_py
[21.363s] [35m[1mScanning dependencies of target sensor_msgs_generate_messages_eus[0m
[21.460s] [  0%] Built target sensor_msgs_generate_messages_eus
[21.545s] [35m[1mScanning dependencies of target sensor_msgs_generate_messages_lisp[0m
[21.635s] [  0%] Built target sensor_msgs_generate_messages_lisp
[21.707s] [35m[1mScanning dependencies of target pcl_msgs_generate_messages_eus[0m
[21.796s] [  0%] Built target pcl_msgs_generate_messages_eus
[21.886s] [35m[1mScanning dependencies of target vector_map_msgs_generate_messages_lisp[0m
[21.967s] [  0%] Built target vector_map_msgs_generate_messages_lisp
[22.049s] [35m[1mScanning dependencies of target pcl_msgs_generate_messages_nodejs[0m
[22.136s] [  0%] Built target pcl_msgs_generate_messages_nodejs
[22.218s] [35m[1mScanning dependencies of target pcl_msgs_generate_messages_lisp[0m
[22.307s] [  0%] Built target pcl_msgs_generate_messages_lisp
[22.401s] [35m[1mScanning dependencies of target pcl_msgs_generate_messages_py[0m
[22.491s] [  0%] Built target pcl_msgs_generate_messages_py
[22.561s] [35m[1mScanning dependencies of target sensor_msgs_generate_messages_nodejs[0m
[22.641s] [  0%] Built target sensor_msgs_generate_messages_nodejs
[22.725s] [35m[1mScanning dependencies of target jsk_footstep_msgs_generate_messages_nodejs[0m
[22.808s] [  0%] Built target jsk_footstep_msgs_generate_messages_nodejs
[22.888s] [35m[1mScanning dependencies of target actionlib_msgs_generate_messages_cpp[0m
[22.976s] [  0%] Built target actionlib_msgs_generate_messages_cpp
[23.061s] [35m[1mScanning dependencies of target actionlib_msgs_generate_messages_py[0m
[23.136s] [  0%] Built target actionlib_msgs_generate_messages_py
[23.218s] [35m[1mScanning dependencies of target tf_generate_messages_lisp[0m
[23.304s] [  0%] Built target tf_generate_messages_lisp
[23.389s] [35m[1mScanning dependencies of target tf_generate_messages_nodejs[0m
[23.473s] [  0%] Built target tf_generate_messages_nodejs
[23.564s] [35m[1mScanning dependencies of target std_msgs_generate_messages_eus[0m
[23.650s] [  0%] Built target std_msgs_generate_messages_eus
[23.730s] [35m[1mScanning dependencies of target actionlib_msgs_generate_messages_lisp[0m
[23.814s] [  0%] Built target actionlib_msgs_generate_messages_lisp
[23.899s] [35m[1mScanning dependencies of target actionlib_msgs_generate_messages_nodejs[0m
[23.989s] [  0%] Built target actionlib_msgs_generate_messages_nodejs
[24.076s] [35m[1mScanning dependencies of target tf_generate_messages_py[0m
[24.158s] [  0%] Built target tf_generate_messages_py
[24.242s] [35m[1mScanning dependencies of target jsk_footstep_msgs_generate_messages_cpp[0m
[24.331s] [  0%] Built target jsk_footstep_msgs_generate_messages_cpp
[24.414s] [35m[1mScanning dependencies of target tablet_socket_msgs_generate_messages_cpp[0m
[24.495s] [  0%] Built target tablet_socket_msgs_generate_messages_cpp
[24.576s] [35m[1mScanning dependencies of target tf_generate_messages_eus[0m
[24.664s] [  0%] Built target tf_generate_messages_eus
[24.751s] [35m[1mScanning dependencies of target autoware_msgs_generate_messages_py[0m
[24.848s] [  0%] Built target autoware_msgs_generate_messages_py
[24.939s] [35m[1mScanning dependencies of target actionlib_generate_messages_nodejs[0m
[25.025s] [  0%] Built target actionlib_generate_messages_nodejs
[25.112s] [35m[1mScanning dependencies of target actionlib_generate_messages_py[0m
[25.203s] [  0%] Built target actionlib_generate_messages_py
[25.289s] [35m[1mScanning dependencies of target visualization_msgs_generate_messages_nodejs[0m
[25.362s] [  0%] Built target visualization_msgs_generate_messages_nodejs
[25.449s] [35m[1mScanning dependencies of target tablet_socket_msgs_generate_messages_eus[0m
[25.537s] [  0%] Built target tablet_socket_msgs_generate_messages_eus
[25.622s] [35m[1mScanning dependencies of target tablet_socket_msgs_generate_messages_lisp[0m
[25.702s] [  0%] Built target tablet_socket_msgs_generate_messages_lisp
[25.787s] [35m[1mScanning dependencies of target tablet_socket_msgs_generate_messages_nodejs[0m
[25.862s] [  0%] Built target tablet_socket_msgs_generate_messages_nodejs
[25.933s] [35m[1mScanning dependencies of target vector_map_msgs_generate_messages_cpp[0m
[26.019s] [  0%] Built target vector_map_msgs_generate_messages_cpp
[26.103s] [35m[1mScanning dependencies of target lane_planner[0m
[26.226s] [  7%] [32mBuilding CXX object CMakeFiles/lane_planner.dir/lib/lane_planner/lane_planner_vmap.cpp.o[0m
[31.684s] [ 14%] [32m[1mLinking CXX shared library devel/lib/liblane_planner.so[0m
[32.036s] [ 14%] Built target lane_planner
[32.127s] [35m[1mScanning dependencies of target lane_select[0m
[32.273s] [ 21%] [32mBuilding CXX object CMakeFiles/lane_select.dir/nodes/lane_select/lane_select_node.cpp.o[0m
[39.122s] [ 28%] [32mBuilding CXX object CMakeFiles/lane_select.dir/nodes/lane_select/hermite_curve.cpp.o[0m
[42.732s] [ 35%] [32mBuilding CXX object CMakeFiles/lane_select.dir/nodes/lane_select/lane_select_core.cpp.o[0m
[54.143s] [ 42%] [32m[1mLinking CXX executable devel/lib/lane_planner/lane_select[0m
[54.583s] [ 42%] Built target lane_select
[54.670s] [35m[1mScanning dependencies of target lane_rule[0m
[54.787s] [ 50%] [32mBuilding CXX object CMakeFiles/lane_rule.dir/nodes/lane_rule/lane_rule.cpp.o[0m
[63.543s] [ 57%] [32m[1mLinking CXX executable devel/lib/lane_planner/lane_rule[0m
[64.060s] [ 57%] Built target lane_rule
[64.137s] [35m[1mScanning dependencies of target lane_navi[0m
[64.271s] [ 64%] [32mBuilding CXX object CMakeFiles/lane_navi.dir/nodes/lane_navi/lane_navi.cpp.o[0m
[72.387s] [ 71%] [32m[1mLinking CXX executable devel/lib/lane_planner/lane_navi[0m
[72.962s] [ 71%] Built target lane_navi
[73.175s] [35m[1mScanning dependencies of target lane_rule_lanelet2[0m
[73.201s] [35m[1mScanning dependencies of target lane_stop[0m
[73.570s] [ 78%] [32mBuilding CXX object CMakeFiles/lane_stop.dir/nodes/lane_stop/lane_stop.cpp.o[0m
[73.586s] [ 85%] [32mBuilding CXX object CMakeFiles/lane_rule_lanelet2.dir/nodes/lane_rule_lanelet2/lane_rule_lanelet2.cpp.o[0m
[82.188s] [ 92%] [32m[1mLinking CXX executable devel/lib/lane_planner/lane_stop[0m
[83.221s] [ 92%] Built target lane_stop
[101.974s] [100%] [32m[1mLinking CXX executable devel/lib/lane_planner/lane_rule_lanelet2[0m
[102.842s] [100%] Built target lane_rule_lanelet2
[106.343s] [35m[1mScanning dependencies of target gtest[0m
[106.517s] [ 16%] [32mBuilding CXX object gtest/googlemock/gtest/CMakeFiles/gtest.dir/src/gtest-all.cc.o[0m
[116.018s] [ 33%] [32m[1mLinking CXX shared library libgtest.so[0m
[116.352s] [ 33%] Built target gtest
[116.548s] [ 33%] Built target autoware_lanelet2_msgs_generate_messages_py
[116.746s] [ 33%] Built target autoware_lanelet2_msgs_generate_messages_lisp
[116.942s] [ 33%] Built target autoware_lanelet2_msgs_generate_messages_cpp
[117.139s] [ 33%] Built target tf2_msgs_generate_messages_py
[117.334s] [ 33%] Built target tf2_msgs_generate_messages_lisp
[117.524s] [ 33%] Built target tf2_msgs_generate_messages_cpp
[117.718s] [ 33%] Built target actionlib_generate_messages_py
[117.910s] [ 33%] Built target actionlib_generate_messages_nodejs
[118.100s] [ 33%] Built target actionlib_generate_messages_cpp
[118.291s] [ 33%] Built target tablet_socket_msgs_generate_messages_py
[118.492s] [ 33%] Built target rosgraph_msgs_generate_messages_py
[118.679s] [ 33%] Built target rosgraph_msgs_generate_messages_nodejs
[118.870s] [ 33%] Built target rosgraph_msgs_generate_messages_eus
[119.067s] [ 33%] Built target actionlib_generate_messages_eus
[119.256s] [ 33%] Built target rosgraph_msgs_generate_messages_cpp
[119.445s] [ 33%] Built target jsk_recognition_msgs_generate_messages_lisp
[119.639s] [ 33%] Built target tf_generate_messages_cpp
[119.829s] [ 33%] Built target jsk_recognition_msgs_generate_messages_eus
[120.022s] [ 33%] Built target std_msgs_generate_messages_py
[120.220s] [ 33%] Built target jsk_recognition_msgs_generate_messages_cpp
[120.396s] [ 33%] Built target geometry_msgs_generate_messages_lisp
[120.562s] [ 33%] Built target autoware_msgs_generate_messages_eus
[120.748s] [ 33%] Built target geometry_msgs_generate_messages_eus
[120.931s] [ 33%] Built target autoware_lanelet2_msgs_generate_messages_eus
[121.114s] [ 33%] Built target std_msgs_generate_messages_nodejs
[121.290s] [ 33%] Built target visualization_msgs_generate_messages_py
[121.449s] [ 33%] Built target autoware_msgs_generate_messages_lisp
[121.626s] [ 33%] Built target autoware_config_msgs_generate_messages_lisp
[121.779s] [ 33%] Built target geometry_msgs_generate_messages_nodejs
[121.918s] [ 33%] Built target geometry_msgs_generate_messages_cpp
[122.070s] [ 33%] Built target tf2_msgs_generate_messages_nodejs
[122.236s] [ 33%] Built target autoware_config_msgs_generate_messages_cpp
[122.412s] [ 33%] Built target jsk_footstep_msgs_generate_messages_eus
[122.590s] [ 33%] Built target roscpp_generate_messages_py
[122.730s] [ 33%] Built target jsk_recognition_msgs_generate_messages_nodejs
[122.876s] [ 33%] Built target actionlib_generate_messages_lisp
[123.025s] [ 33%] Built target roscpp_generate_messages_lisp
[123.182s] [ 33%] Built target jsk_footstep_msgs_generate_messages_py
[123.346s] [ 33%] Built target geometry_msgs_generate_messages_py
[123.499s] [ 33%] Built target tf2_msgs_generate_messages_eus
[123.652s] [ 33%] Built target sensor_msgs_generate_messages_py
[123.809s] [ 33%] Built target jsk_footstep_msgs_generate_messages_lisp
[123.970s] [ 33%] Built target autoware_msgs_generate_messages_nodejs
[124.125s] [ 33%] Built target autoware_config_msgs_generate_messages_eus
[124.256s] [ 33%] Built target actionlib_msgs_generate_messages_eus
[124.423s] [ 33%] Built target autoware_lanelet2_msgs_generate_messages_nodejs
[124.598s] [ 33%] Built target roscpp_generate_messages_eus
[124.753s] [ 33%] Built target std_msgs_generate_messages_cpp
[124.909s] [ 33%] Built target rosgraph_msgs_generate_messages_lisp
[125.075s] [ 33%] Built target autoware_msgs_generate_messages_py
[125.255s] [ 33%] Built target visualization_msgs_generate_messages_eus
[125.255s] [ 33%] Built target tf_generate_messages_eus
[125.424s] [ 33%] Built target tablet_socket_msgs_generate_messages_cpp
[125.432s] [ 33%] Built target visualization_msgs_generate_messages_lisp
[125.589s] [ 33%] Built target autoware_config_msgs_generate_messages_nodejs
[125.604s] [ 33%] Built target std_msgs_generate_messages_lisp
[125.768s] [ 33%] Built target jsk_recognition_msgs_generate_messages_py
[125.774s] [ 33%] Built target sensor_msgs_generate_messages_cpp
[125.922s] [ 33%] Built target pcl_msgs_generate_messages_cpp
[125.955s] [ 33%] Built target roscpp_generate_messages_cpp
[126.096s] [ 33%] Built target visualization_msgs_generate_messages_cpp
[126.119s] [ 33%] Built target autoware_config_msgs_generate_messages_py
[126.210s] [ 33%] Built target sensor_msgs_generate_messages_eus
[126.274s] [ 33%] Built target autoware_msgs_generate_messages_cpp
[126.325s] [ 33%] Built target sensor_msgs_generate_messages_lisp
[126.403s] [ 33%] Built target pcl_msgs_generate_messages_eus
[126.479s] [ 33%] Built target vector_map_msgs_generate_messages_lisp
[126.510s] [ 33%] Built target pcl_msgs_generate_messages_nodejs
[126.626s] [ 33%] Built target pcl_msgs_generate_messages_lisp
[126.698s] [ 33%] Built target pcl_msgs_generate_messages_py
[126.749s] [ 33%] Built target sensor_msgs_generate_messages_nodejs
[126.941s] [ 33%] Built target jsk_footstep_msgs_generate_messages_nodejs
[126.942s] [ 33%] Built target actionlib_msgs_generate_messages_py
[126.961s] [ 33%] Built target actionlib_msgs_generate_messages_cpp
[127.130s] [ 33%] Built target tf_generate_messages_lisp
[127.216s] [ 33%] Built target std_msgs_generate_messages_eus
[127.297s] [ 33%] Built target actionlib_msgs_generate_messages_lisp
[127.400s] [ 33%] Built target tf_generate_messages_nodejs
[127.451s] [ 33%] Built target actionlib_msgs_generate_messages_nodejs
[127.527s] [ 33%] Built target tf_generate_messages_py
[127.702s] [ 33%] Built target jsk_footstep_msgs_generate_messages_cpp
[127.718s] [ 33%] Built target roscpp_generate_messages_nodejs
[127.751s] [ 33%] Built target visualization_msgs_generate_messages_nodejs
[127.930s] [ 33%] Built target tablet_socket_msgs_generate_messages_eus
[127.944s] [ 33%] Built target tablet_socket_msgs_generate_messages_lisp
[128.086s] [ 33%] Built target tablet_socket_msgs_generate_messages_nodejs
[128.209s] [ 33%] Built target vector_map_msgs_generate_messages_cpp
[128.230s] [ 33%] Built target vector_map_msgs_generate_messages_eus
[128.398s] [ 33%] Built target vector_map_msgs_generate_messages_nodejs
[128.496s] [ 33%] Built target vector_map_msgs_generate_messages_py
[128.596s] [35m[1mScanning dependencies of target test-lane_select[0m
[128.841s] [ 50%] [32mBuilding CXX object CMakeFiles/test-lane_select.dir/nodes/lane_select/lane_select_core.cpp.o[0m
[128.844s] [ 66%] [32mBuilding CXX object CMakeFiles/test-lane_select.dir/test/src/test_lane_select.cpp.o[0m
[143.271s] [ 83%] [32mBuilding CXX object CMakeFiles/test-lane_select.dir/nodes/lane_select/hermite_curve.cpp.o[0m
[146.687s] [100%] [32m[1mLinking CXX executable devel/lib/lane_planner/test-lane_select[0m
[147.401s] [100%] Built target test-lane_select
[147.600s] [35m[1mScanning dependencies of target tests[0m
[147.738s] [100%] Built target tests
[151.608s] [  0%] Built target roscpp_generate_messages_nodejs
[151.806s] [  0%] Built target autoware_lanelet2_msgs_generate_messages_py
[152.003s] [  0%] Built target autoware_lanelet2_msgs_generate_messages_lisp
[152.195s] [  0%] Built target autoware_lanelet2_msgs_generate_messages_cpp
[152.407s] [  0%] Built target tf2_msgs_generate_messages_py
[152.658s] [  0%] Built target tf2_msgs_generate_messages_lisp
[152.867s] [  0%] Built target tf2_msgs_generate_messages_cpp
[153.061s] [  0%] Built target actionlib_generate_messages_py
[153.256s] [  0%] Built target actionlib_generate_messages_nodejs
[153.488s] [  0%] Built target actionlib_generate_messages_cpp
[153.708s] [  0%] Built target tablet_socket_msgs_generate_messages_py
[153.924s] [  0%] Built target rosgraph_msgs_generate_messages_py
[154.168s] [  0%] Built target rosgraph_msgs_generate_messages_nodejs
[154.390s] [  0%] Built target rosgraph_msgs_generate_messages_eus
[154.588s] [  0%] Built target actionlib_generate_messages_eus
[154.852s] [  0%] Built target rosgraph_msgs_generate_messages_cpp
[155.102s] [  0%] Built target jsk_recognition_msgs_generate_messages_lisp
[155.303s] [  0%] Built target tf_generate_messages_cpp
[155.546s] [  0%] Built target jsk_recognition_msgs_generate_messages_eus
[155.737s] [  0%] Built target std_msgs_generate_messages_py
[155.935s] [  0%] Built target jsk_recognition_msgs_generate_messages_cpp
[156.126s] [  0%] Built target geometry_msgs_generate_messages_lisp
[156.319s] [  0%] Built target autoware_msgs_generate_messages_eus
[156.525s] [  0%] Built target geometry_msgs_generate_messages_eus
[156.746s] [  0%] Built target autoware_lanelet2_msgs_generate_messages_eus
[156.977s] [  0%] Built target std_msgs_generate_messages_nodejs
[157.248s] [  0%] Built target visualization_msgs_generate_messages_py
[157.435s] [  0%] Built target autoware_msgs_generate_messages_lisp
[157.638s] [  0%] Built target autoware_config_msgs_generate_messages_lisp
[157.857s] [  0%] Built target geometry_msgs_generate_messages_nodejs
[158.055s] [  0%] Built target geometry_msgs_generate_messages_cpp
[158.264s] [  0%] Built target tf2_msgs_generate_messages_nodejs
[158.468s] [  0%] Built target autoware_config_msgs_generate_messages_cpp
[158.675s] [  0%] Built target jsk_footstep_msgs_generate_messages_eus
[158.882s] [  0%] Built target roscpp_generate_messages_py
[159.085s] [  0%] Built target jsk_recognition_msgs_generate_messages_nodejs
[159.301s] [  0%] Built target actionlib_generate_messages_lisp
[159.552s] [  0%] Built target roscpp_generate_messages_lisp
[159.749s] [  0%] Built target jsk_footstep_msgs_generate_messages_py
[159.954s] [  0%] Built target geometry_msgs_generate_messages_py
[160.153s] [  0%] Built target tf2_msgs_generate_messages_eus
[160.371s] [  0%] Built target sensor_msgs_generate_messages_py
[160.563s] [  0%] Built target jsk_footstep_msgs_generate_messages_lisp
[160.771s] [  0%] Built target autoware_msgs_generate_messages_nodejs
[160.982s] [  0%] Built target autoware_config_msgs_generate_messages_eus
[161.197s] [  0%] Built target actionlib_msgs_generate_messages_eus
[161.413s] [  0%] Built target autoware_lanelet2_msgs_generate_messages_nodejs
[161.650s] [  0%] Built target roscpp_generate_messages_eus
[161.917s] [  0%] Built target std_msgs_generate_messages_cpp
[162.147s] [  0%] Built target rosgraph_msgs_generate_messages_lisp
[162.383s] [  0%] Built target autoware_msgs_generate_messages_py
[162.629s] [  0%] Built target tf_generate_messages_eus
[162.920s] [  0%] Built target tablet_socket_msgs_generate_messages_cpp
[163.147s] [  0%] Built target autoware_msgs_generate_messages_cpp
[163.356s] [  0%] Built target autoware_config_msgs_generate_messages_nodejs
[163.578s] [  0%] Built target std_msgs_generate_messages_lisp
[163.789s] [  0%] Built target jsk_recognition_msgs_generate_messages_py
[164.006s] [  0%] Built target sensor_msgs_generate_messages_cpp
[164.214s] [  0%] Built target pcl_msgs_generate_messages_cpp
[164.409s] [  0%] Built target roscpp_generate_messages_cpp
[164.674s] [  0%] Built target visualization_msgs_generate_messages_cpp
[164.914s] [  0%] Built target autoware_config_msgs_generate_messages_py
[165.173s] [  0%] Built target sensor_msgs_generate_messages_eus
[165.411s] [  0%] Built target sensor_msgs_generate_messages_lisp
[165.662s] [  0%] Built target pcl_msgs_generate_messages_eus
[165.888s] [  0%] Built target vector_map_msgs_generate_messages_lisp
[166.096s] [  0%] Built target pcl_msgs_generate_messages_nodejs
[166.300s] [  0%] Built target pcl_msgs_generate_messages_lisp
[166.512s] [  0%] Built target pcl_msgs_generate_messages_py
[166.714s] [  0%] Built target sensor_msgs_generate_messages_nodejs
[166.904s] [  0%] Built target jsk_footstep_msgs_generate_messages_nodejs
[167.139s] [  0%] Built target actionlib_msgs_generate_messages_cpp
[167.337s] [  0%] Built target actionlib_msgs_generate_messages_py
[167.535s] [  0%] Built target tf_generate_messages_lisp
[167.747s] [  0%] Built target tf_generate_messages_nodejs
[167.964s] [  0%] Built target std_msgs_generate_messages_eus
[168.187s] [  0%] Built target actionlib_msgs_generate_messages_lisp
[168.385s] [  0%] Built target actionlib_msgs_generate_messages_nodejs
[168.602s] [  0%] Built target tf_generate_messages_py
[168.803s] [  0%] Built target jsk_footstep_msgs_generate_messages_cpp
[168.986s] [  0%] Built target visualization_msgs_generate_messages_eus
[169.196s] [  0%] Built target visualization_msgs_generate_messages_lisp
[169.406s] [  0%] Built target visualization_msgs_generate_messages_nodejs
[169.601s] [  0%] Built target tablet_socket_msgs_generate_messages_eus
[169.811s] [  0%] Built target tablet_socket_msgs_generate_messages_lisp
[170.009s] [  0%] Built target tablet_socket_msgs_generate_messages_nodejs
[170.205s] [  0%] Built target vector_map_msgs_generate_messages_cpp
[170.401s] [  0%] Built target vector_map_msgs_generate_messages_eus
[170.602s] [  0%] Built target vector_map_msgs_generate_messages_nodejs
[170.800s] [  0%] Built target vector_map_msgs_generate_messages_py
[171.008s] [ 14%] Built target lane_planner
[171.228s] [ 42%] Built target lane_select
[171.470s] [ 57%] Built target lane_rule
[171.696s] [ 71%] Built target lane_navi
[171.902s] [ 85%] Built target lane_stop
[172.142s] [100%] Built target lane_rule_lanelet2
[172.341s] [36mInstall the project...[0m
[172.414s] -- Install configuration: "Release"
[172.415s] -- Installing: /home/capstone/autoware.ai/install/lane_planner/lib/pkgconfig/lane_planner.pc
[172.416s] -- Installing: /home/capstone/autoware.ai/install/lane_planner/share/lane_planner/cmake/lane_plannerConfig.cmake
[172.417s] -- Installing: /home/capstone/autoware.ai/install/lane_planner/share/lane_planner/cmake/lane_plannerConfig-version.cmake
[172.419s] -- Installing: /home/capstone/autoware.ai/install/lane_planner/share/lane_planner/package.xml
[172.421s] -- Installing: /home/capstone/autoware.ai/install/lane_planner/include/lane_planner
[172.422s] -- Installing: /home/capstone/autoware.ai/install/lane_planner/include/lane_planner/lane_planner_vmap.hpp
[172.423s] -- Installing: /home/capstone/autoware.ai/install/lane_planner/lib/lane_planner/lane_navi
[172.426s] -- Set runtime path of "/home/capstone/autoware.ai/install/lane_planner/lib/lane_planner/lane_navi" to ""
[172.427s] -- Installing: /home/capstone/autoware.ai/install/lane_planner/lib/liblane_planner.so
[172.430s] -- Set runtime path of "/home/capstone/autoware.ai/install/lane_planner/lib/liblane_planner.so" to ""
[172.430s] -- Installing: /home/capstone/autoware.ai/install/lane_planner/lib/lane_planner/lane_rule
[172.433s] -- Set runtime path of "/home/capstone/autoware.ai/install/lane_planner/lib/lane_planner/lane_rule" to ""
[172.433s] -- Installing: /home/capstone/autoware.ai/install/lane_planner/lib/lane_planner/lane_rule_lanelet2
[172.436s] -- Set runtime path of "/home/capstone/autoware.ai/install/lane_planner/lib/lane_planner/lane_rule_lanelet2" to ""
[172.436s] -- Installing: /home/capstone/autoware.ai/install/lane_planner/lib/lane_planner/lane_select
[172.438s] -- Set runtime path of "/home/capstone/autoware.ai/install/lane_planner/lib/lane_planner/lane_select" to ""
[172.439s] -- Installing: /home/capstone/autoware.ai/install/lane_planner/lib/lane_planner/lane_stop
[172.441s] -- Set runtime path of "/home/capstone/autoware.ai/install/lane_planner/lib/lane_planner/lane_stop" to ""
[172.441s] -- Installing: /home/capstone/autoware.ai/install/lane_planner/share/lane_planner/launch
[172.442s] -- Installing: /home/capstone/autoware.ai/install/lane_planner/share/lane_planner/launch/lane_rule_option.launch
[172.442s] -- Installing: /home/capstone/autoware.ai/install/lane_planner/share/lane_planner/launch/lane_navi.launch
[172.444s] -- Installing: /home/capstone/autoware.ai/install/lane_planner/share/lane_planner/launch/lane_select.launch
