[0.597s] [  0%] Built target std_msgs_generate_messages_cpp
[0.597s] [  0%] Built target geometry_msgs_generate_messages_nodejs
[0.606s] [  0%] Built target geometry_msgs_generate_messages_cpp
[0.608s] [  0%] Built target std_msgs_generate_messages_lisp
[0.622s] [  0%] Built target geometry_msgs_generate_messages_py
[0.628s] [  0%] Built target geometry_msgs_generate_messages_eus
[0.630s] [  0%] Built target geometry_msgs_generate_messages_lisp
[0.633s] [  0%] Built target std_msgs_generate_messages_nodejs
[0.647s] [  0%] Built target std_msgs_generate_messages_py
[0.665s] [  0%] Built target std_msgs_generate_messages_eus
[0.683s] [  0%] Built target _sick_ldmrs_msgs_generate_messages_check_deps_ObjectArray
[0.760s] [  0%] Built target _sick_ldmrs_msgs_generate_messages_check_deps_Object
[0.909s] [ 25%] Built target sick_ldmrs_msgs_generate_messages_py
[0.943s] [ 50%] Built target sick_ldmrs_msgs_generate_messages_cpp
[0.943s] [ 66%] Built target sick_ldmrs_msgs_generate_messages_lisp
[0.945s] [ 75%] Built target sick_ldmrs_msgs_generate_messages_nodejs
[1.012s] [100%] Built target sick_ldmrs_msgs_generate_messages_eus
[1.261s] [100%] Built target sick_ldmrs_msgs_generate_messages
[2.828s] Built target tests
[4.939s] [  0%] Built target std_msgs_generate_messages_cpp
[4.951s] [  0%] Built target std_msgs_generate_messages_eus
[4.986s] [  0%] Built target geometry_msgs_generate_messages_cpp
[4.986s] [  0%] Built target geometry_msgs_generate_messages_lisp
[5.019s] [  0%] Built target geometry_msgs_generate_messages_eus
[5.038s] [  0%] Built target std_msgs_generate_messages_py
[5.041s] [  0%] Built target std_msgs_generate_messages_lisp
[5.070s] [  0%] Built target std_msgs_generate_messages_nodejs
[5.123s] [  0%] Built target geometry_msgs_generate_messages_nodejs
[5.128s] [  0%] Built target geometry_msgs_generate_messages_py
[5.136s] [  0%] Built target _sick_ldmrs_msgs_generate_messages_check_deps_Object
[5.207s] [  0%] Built target _sick_ldmrs_msgs_generate_messages_check_deps_ObjectArray
[5.547s] [ 25%] Built target sick_ldmrs_msgs_generate_messages_eus
[5.643s] [ 41%] Built target sick_ldmrs_msgs_generate_messages_nodejs
[5.644s] [ 66%] Built target sick_ldmrs_msgs_generate_messages_py
[5.665s] [ 83%] Built target sick_ldmrs_msgs_generate_messages_cpp
[5.743s] [100%] Built target sick_ldmrs_msgs_generate_messages_lisp
[6.017s] [100%] Built target sick_ldmrs_msgs_generate_messages
[6.419s] [36mInstall the project...[0m
[6.562s] -- Install configuration: "Release"
[6.570s] -- Up-to-date: /home/capstone/autoware.ai/install/sick_ldmrs_msgs/share/sick_ldmrs_msgs/msg/Object.msg
[6.570s] -- Up-to-date: /home/capstone/autoware.ai/install/sick_ldmrs_msgs/share/sick_ldmrs_msgs/msg/ObjectArray.msg
[6.570s] -- Up-to-date: /home/capstone/autoware.ai/install/sick_ldmrs_msgs/share/sick_ldmrs_msgs/cmake/sick_ldmrs_msgs-msg-paths.cmake
[6.571s] -- Up-to-date: /home/capstone/autoware.ai/install/sick_ldmrs_msgs/include/sick_ldmrs_msgs
[6.571s] -- Up-to-date: /home/capstone/autoware.ai/install/sick_ldmrs_msgs/include/sick_ldmrs_msgs/Object.h
[6.572s] -- Up-to-date: /home/capstone/autoware.ai/install/sick_ldmrs_msgs/include/sick_ldmrs_msgs/ObjectArray.h
[6.572s] -- Up-to-date: /home/capstone/autoware.ai/install/sick_ldmrs_msgs/share/roseus/ros/sick_ldmrs_msgs
[6.573s] -- Up-to-date: /home/capstone/autoware.ai/install/sick_ldmrs_msgs/share/roseus/ros/sick_ldmrs_msgs/manifest.l
[6.573s] -- Up-to-date: /home/capstone/autoware.ai/install/sick_ldmrs_msgs/share/roseus/ros/sick_ldmrs_msgs/msg
[6.573s] -- Up-to-date: /home/capstone/autoware.ai/install/sick_ldmrs_msgs/share/roseus/ros/sick_ldmrs_msgs/msg/Object.l
[6.574s] -- Up-to-date: /home/capstone/autoware.ai/install/sick_ldmrs_msgs/share/roseus/ros/sick_ldmrs_msgs/msg/ObjectArray.l
[6.574s] -- Up-to-date: /home/capstone/autoware.ai/install/sick_ldmrs_msgs/share/common-lisp/ros/sick_ldmrs_msgs
[6.574s] -- Up-to-date: /home/capstone/autoware.ai/install/sick_ldmrs_msgs/share/common-lisp/ros/sick_ldmrs_msgs/msg
[6.575s] -- Up-to-date: /home/capstone/autoware.ai/install/sick_ldmrs_msgs/share/common-lisp/ros/sick_ldmrs_msgs/msg/_package_Object.lisp
[6.575s] -- Up-to-date: /home/capstone/autoware.ai/install/sick_ldmrs_msgs/share/common-lisp/ros/sick_ldmrs_msgs/msg/sick_ldmrs_msgs-msg.asd
[6.575s] -- Up-to-date: /home/capstone/autoware.ai/install/sick_ldmrs_msgs/share/common-lisp/ros/sick_ldmrs_msgs/msg/Object.lisp
[6.576s] -- Up-to-date: /home/capstone/autoware.ai/install/sick_ldmrs_msgs/share/common-lisp/ros/sick_ldmrs_msgs/msg/_package.lisp
[6.576s] -- Up-to-date: /home/capstone/autoware.ai/install/sick_ldmrs_msgs/share/common-lisp/ros/sick_ldmrs_msgs/msg/_package_ObjectArray.lisp
[6.576s] -- Up-to-date: /home/capstone/autoware.ai/install/sick_ldmrs_msgs/share/common-lisp/ros/sick_ldmrs_msgs/msg/ObjectArray.lisp
[6.577s] -- Up-to-date: /home/capstone/autoware.ai/install/sick_ldmrs_msgs/share/gennodejs/ros/sick_ldmrs_msgs
[6.577s] -- Up-to-date: /home/capstone/autoware.ai/install/sick_ldmrs_msgs/share/gennodejs/ros/sick_ldmrs_msgs/_index.js
[6.578s] -- Up-to-date: /home/capstone/autoware.ai/install/sick_ldmrs_msgs/share/gennodejs/ros/sick_ldmrs_msgs/msg
[6.578s] -- Up-to-date: /home/capstone/autoware.ai/install/sick_ldmrs_msgs/share/gennodejs/ros/sick_ldmrs_msgs/msg/Object.js
[6.578s] -- Up-to-date: /home/capstone/autoware.ai/install/sick_ldmrs_msgs/share/gennodejs/ros/sick_ldmrs_msgs/msg/_index.js
[6.578s] -- Up-to-date: /home/capstone/autoware.ai/install/sick_ldmrs_msgs/share/gennodejs/ros/sick_ldmrs_msgs/msg/ObjectArray.js
[6.762s] Listing /home/capstone/autoware.ai/build/sick_ldmrs_msgs/devel/lib/python2.7/dist-packages/sick_ldmrs_msgs ...
[6.762s] Listing /home/capstone/autoware.ai/build/sick_ldmrs_msgs/devel/lib/python2.7/dist-packages/sick_ldmrs_msgs/msg ...
[6.765s] -- Up-to-date: /home/capstone/autoware.ai/install/sick_ldmrs_msgs/lib/python2.7/dist-packages/sick_ldmrs_msgs
[6.765s] -- Up-to-date: /home/capstone/autoware.ai/install/sick_ldmrs_msgs/lib/python2.7/dist-packages/sick_ldmrs_msgs/__init__.pyc
[6.765s] -- Up-to-date: /home/capstone/autoware.ai/install/sick_ldmrs_msgs/lib/python2.7/dist-packages/sick_ldmrs_msgs/__init__.py
[6.766s] -- Up-to-date: /home/capstone/autoware.ai/install/sick_ldmrs_msgs/lib/python2.7/dist-packages/sick_ldmrs_msgs/msg
[6.766s] -- Up-to-date: /home/capstone/autoware.ai/install/sick_ldmrs_msgs/lib/python2.7/dist-packages/sick_ldmrs_msgs/msg/_ObjectArray.pyc
[6.766s] -- Up-to-date: /home/capstone/autoware.ai/install/sick_ldmrs_msgs/lib/python2.7/dist-packages/sick_ldmrs_msgs/msg/_Object.pyc
[6.767s] -- Up-to-date: /home/capstone/autoware.ai/install/sick_ldmrs_msgs/lib/python2.7/dist-packages/sick_ldmrs_msgs/msg/_ObjectArray.py
[6.768s] -- Up-to-date: /home/capstone/autoware.ai/install/sick_ldmrs_msgs/lib/python2.7/dist-packages/sick_ldmrs_msgs/msg/_Object.py
[6.768s] -- Up-to-date: /home/capstone/autoware.ai/install/sick_ldmrs_msgs/lib/python2.7/dist-packages/sick_ldmrs_msgs/msg/__init__.pyc
[6.768s] -- Up-to-date: /home/capstone/autoware.ai/install/sick_ldmrs_msgs/lib/python2.7/dist-packages/sick_ldmrs_msgs/msg/__init__.py
[6.768s] -- Up-to-date: /home/capstone/autoware.ai/install/sick_ldmrs_msgs/lib/pkgconfig/sick_ldmrs_msgs.pc
[6.768s] -- Up-to-date: /home/capstone/autoware.ai/install/sick_ldmrs_msgs/share/sick_ldmrs_msgs/cmake/sick_ldmrs_msgs-msg-extras.cmake
[6.772s] -- Up-to-date: /home/capstone/autoware.ai/install/sick_ldmrs_msgs/share/sick_ldmrs_msgs/cmake/sick_ldmrs_msgsConfig.cmake
[6.772s] -- Up-to-date: /home/capstone/autoware.ai/install/sick_ldmrs_msgs/share/sick_ldmrs_msgs/cmake/sick_ldmrs_msgsConfig-version.cmake
[6.773s] -- Up-to-date: /home/capstone/autoware.ai/install/sick_ldmrs_msgs/share/sick_ldmrs_msgs/package.xml
[6.773s] -- Up-to-date: /home/capstone/autoware.ai/install/sick_ldmrs_msgs/include/sick_ldmrs_msgs
[6.773s] -- Up-to-date: /home/capstone/autoware.ai/install/sick_ldmrs_msgs/include/sick_ldmrs_msgs/sick_ldmrs_point_type.h
