[0.595s] [  0%] Built target tf2_msgs_generate_messages_nodejs
[0.737s] [  0%] Built target geometry_msgs_generate_messages_py
[0.885s] [  0%] Built target tf2_msgs_generate_messages_eus
[1.024s] [  0%] Built target sensor_msgs_generate_messages_py
[1.171s] [  0%] Built target std_msgs_generate_messages_py
[1.319s] [  0%] Built target std_msgs_generate_messages_nodejs
[1.495s] [  0%] Built target geometry_msgs_generate_messages_eus
[1.639s] [  0%] Built target roscpp_generate_messages_cpp
[1.786s] [  0%] Built target nmea_msgs_generate_messages_eus
[1.929s] [  0%] Built target roscpp_generate_messages_lisp
[2.072s] [  0%] Built target actionlib_generate_messages_lisp
[2.213s] [  0%] Built target rosgraph_msgs_generate_messages_py
[2.366s] [  0%] Built target geometry_msgs_generate_messages_cpp
[2.569s] [  0%] Built target tf2_msgs_generate_messages_py
[2.719s] [  0%] Built target geometry_msgs_generate_messages_nodejs
[2.870s] [  0%] Built target std_msgs_generate_messages_cpp
[3.022s] [  0%] Built target rosgraph_msgs_generate_messages_lisp
[3.171s] [  0%] Built target tf_generate_messages_eus
[3.313s] [  0%] Built target tf2_msgs_generate_messages_cpp
[3.498s] [  0%] Built target roscpp_generate_messages_nodejs
[3.648s] [  0%] Built target geometry_msgs_generate_messages_lisp
[3.793s] [  0%] Built target std_msgs_generate_messages_lisp
[3.940s] [  0%] Built target tf_generate_messages_lisp
[4.084s] [  0%] Built target tf_generate_messages_nodejs
[4.229s] [  0%] Built target sensor_msgs_generate_messages_cpp
[4.400s] [  0%] Built target sensor_msgs_generate_messages_eus
[4.576s] [  0%] Built target sensor_msgs_generate_messages_lisp
[4.719s] [  0%] Built target tf_generate_messages_cpp
[4.859s] [  0%] Built target nmea_msgs_generate_messages_cpp
[5.004s] [  0%] Built target sensor_msgs_generate_messages_nodejs
[5.151s] [  0%] Built target rosgraph_msgs_generate_messages_cpp
[5.297s] [  0%] Built target actionlib_generate_messages_eus
[5.498s] [  0%] Built target actionlib_msgs_generate_messages_cpp
[5.642s] [  0%] Built target actionlib_generate_messages_nodejs
[5.789s] [  0%] Built target actionlib_generate_messages_py
[5.932s] [  0%] Built target tf_generate_messages_py
[6.084s] [  0%] Built target std_msgs_generate_messages_eus
[6.231s] [  0%] Built target actionlib_msgs_generate_messages_nodejs
[6.404s] [  0%] Built target actionlib_msgs_generate_messages_lisp
[6.565s] [  0%] Built target tf2_msgs_generate_messages_lisp
[6.710s] [  0%] Built target rosgraph_msgs_generate_messages_eus
[6.855s] [  0%] Built target nmea_msgs_generate_messages_nodejs
[6.999s] [  0%] Built target nmea_msgs_generate_messages_py
[7.146s] [  0%] Built target nmea_msgs_generate_messages_lisp
[7.291s] [  0%] Built target roscpp_generate_messages_eus
[7.486s] [  0%] Built target roscpp_generate_messages_py
[7.633s] [  0%] Built target actionlib_msgs_generate_messages_eus
[7.782s] [  0%] Built target actionlib_msgs_generate_messages_py
[7.929s] [  0%] Built target actionlib_generate_messages_cpp
[8.073s] [  0%] Built target rosgraph_msgs_generate_messages_nodejs
[8.231s] [ 40%] Built target fix2tfpose
[8.406s] [100%] Built target nmea2tfpose
[9.759s] [ 50%] Built target gtest
[9.905s] [ 50%] Built target geometry_msgs_generate_messages_py
[10.048s] [ 50%] Built target tf2_msgs_generate_messages_eus
[10.192s] [ 50%] Built target sensor_msgs_generate_messages_py
[10.354s] [ 50%] Built target std_msgs_generate_messages_py
[10.548s] [ 50%] Built target std_msgs_generate_messages_nodejs
[10.702s] [ 50%] Built target geometry_msgs_generate_messages_eus
[10.883s] [ 50%] Built target roscpp_generate_messages_cpp
[11.025s] [ 50%] Built target nmea_msgs_generate_messages_eus
[11.168s] [ 50%] Built target roscpp_generate_messages_lisp
[11.326s] [ 50%] Built target actionlib_generate_messages_lisp
[11.550s] [ 50%] Built target rosgraph_msgs_generate_messages_py
[11.702s] [ 50%] Built target geometry_msgs_generate_messages_cpp
[11.861s] [ 50%] Built target tf2_msgs_generate_messages_py
[12.009s] [ 50%] Built target geometry_msgs_generate_messages_nodejs
[12.153s] [ 50%] Built target std_msgs_generate_messages_cpp
[12.302s] [ 50%] Built target rosgraph_msgs_generate_messages_lisp
[12.488s] [ 50%] Built target tf_generate_messages_eus
[12.631s] [ 50%] Built target tf2_msgs_generate_messages_cpp
[12.774s] [ 50%] Built target roscpp_generate_messages_nodejs
[12.916s] [ 50%] Built target geometry_msgs_generate_messages_lisp
[13.063s] [ 50%] Built target std_msgs_generate_messages_lisp
[13.206s] [ 50%] Built target tf_generate_messages_lisp
[13.365s] [ 50%] Built target tf_generate_messages_nodejs
[13.584s] [ 50%] Built target sensor_msgs_generate_messages_cpp
[13.730s] [ 50%] Built target sensor_msgs_generate_messages_eus
[13.873s] [ 50%] Built target sensor_msgs_generate_messages_lisp
[14.018s] [ 50%] Built target tf_generate_messages_cpp
[14.162s] [ 50%] Built target nmea_msgs_generate_messages_cpp
[14.337s] [ 50%] Built target sensor_msgs_generate_messages_nodejs
[14.567s] [ 50%] Built target rosgraph_msgs_generate_messages_cpp
[14.740s] [ 50%] Built target actionlib_generate_messages_eus
[14.885s] [ 50%] Built target actionlib_msgs_generate_messages_cpp
[15.039s] [ 50%] Built target actionlib_generate_messages_nodejs
[15.186s] [ 50%] Built target actionlib_generate_messages_py
[15.352s] [ 50%] Built target tf_generate_messages_py
[15.559s] [ 50%] Built target std_msgs_generate_messages_eus
[15.710s] [ 50%] Built target actionlib_msgs_generate_messages_nodejs
[15.857s] [ 50%] Built target actionlib_msgs_generate_messages_lisp
[16.000s] [ 50%] Built target tf2_msgs_generate_messages_lisp
[16.142s] [ 50%] Built target tf2_msgs_generate_messages_nodejs
[16.291s] [ 50%] Built target rosgraph_msgs_generate_messages_eus
[16.494s] [ 50%] Built target nmea_msgs_generate_messages_nodejs
[16.639s] [ 50%] Built target nmea_msgs_generate_messages_py
[16.785s] [ 50%] Built target nmea_msgs_generate_messages_lisp
[16.926s] [ 50%] Built target roscpp_generate_messages_eus
[17.071s] [ 50%] Built target roscpp_generate_messages_py
[17.216s] [ 50%] Built target actionlib_msgs_generate_messages_eus
[17.394s] [ 50%] Built target actionlib_msgs_generate_messages_py
[17.572s] [ 50%] Built target actionlib_generate_messages_cpp
[17.717s] [ 50%] Built target rosgraph_msgs_generate_messages_nodejs
[17.868s] [100%] Built target nmea_test
[18.012s] [100%] Built target tests
[19.300s] [  0%] Built target tf2_msgs_generate_messages_nodejs
[19.493s] [  0%] Built target geometry_msgs_generate_messages_py
[19.640s] [  0%] Built target tf2_msgs_generate_messages_eus
[19.785s] [  0%] Built target sensor_msgs_generate_messages_py
[19.936s] [  0%] Built target std_msgs_generate_messages_py
[20.080s] [  0%] Built target std_msgs_generate_messages_nodejs
[20.226s] [  0%] Built target geometry_msgs_generate_messages_eus
[20.407s] [  0%] Built target roscpp_generate_messages_cpp
[20.573s] [  0%] Built target nmea_msgs_generate_messages_eus
[20.716s] [  0%] Built target roscpp_generate_messages_lisp
[20.861s] [  0%] Built target actionlib_generate_messages_lisp
[21.002s] [  0%] Built target rosgraph_msgs_generate_messages_py
[21.146s] [  0%] Built target geometry_msgs_generate_messages_cpp
[21.296s] [  0%] Built target tf2_msgs_generate_messages_py
[21.509s] [  0%] Built target geometry_msgs_generate_messages_nodejs
[21.654s] [  0%] Built target std_msgs_generate_messages_cpp
[21.799s] [  0%] Built target rosgraph_msgs_generate_messages_lisp
[21.941s] [  0%] Built target tf_generate_messages_eus
[22.084s] [  0%] Built target tf2_msgs_generate_messages_cpp
[22.238s] [  0%] Built target roscpp_generate_messages_nodejs
[22.409s] [  0%] Built target geometry_msgs_generate_messages_lisp
[22.589s] [  0%] Built target std_msgs_generate_messages_lisp
[22.733s] [  0%] Built target tf_generate_messages_lisp
[22.883s] [  0%] Built target tf_generate_messages_nodejs
[23.038s] [  0%] Built target sensor_msgs_generate_messages_cpp
[23.182s] [  0%] Built target sensor_msgs_generate_messages_eus
[23.326s] [  0%] Built target sensor_msgs_generate_messages_lisp
[23.522s] [  0%] Built target tf_generate_messages_cpp
[23.664s] [  0%] Built target nmea_msgs_generate_messages_cpp
[23.810s] [  0%] Built target sensor_msgs_generate_messages_nodejs
[23.953s] [  0%] Built target rosgraph_msgs_generate_messages_cpp
[24.101s] [  0%] Built target actionlib_generate_messages_eus
[24.246s] [  0%] Built target actionlib_msgs_generate_messages_cpp
[24.431s] [  0%] Built target actionlib_generate_messages_nodejs
[24.582s] [  0%] Built target actionlib_generate_messages_py
[24.729s] [  0%] Built target tf_generate_messages_py
[24.872s] [  0%] Built target std_msgs_generate_messages_eus
[25.018s] [  0%] Built target actionlib_msgs_generate_messages_nodejs
[25.167s] [  0%] Built target actionlib_msgs_generate_messages_lisp
[25.311s] [  0%] Built target tf2_msgs_generate_messages_lisp
[25.502s] [  0%] Built target rosgraph_msgs_generate_messages_eus
[25.665s] [  0%] Built target nmea_msgs_generate_messages_nodejs
[25.809s] [  0%] Built target nmea_msgs_generate_messages_py
[25.954s] [  0%] Built target nmea_msgs_generate_messages_lisp
[26.102s] [  0%] Built target roscpp_generate_messages_eus
[26.249s] [  0%] Built target roscpp_generate_messages_py
[26.404s] [  0%] Built target actionlib_msgs_generate_messages_eus
[26.591s] [  0%] Built target actionlib_msgs_generate_messages_py
[26.735s] [  0%] Built target actionlib_generate_messages_cpp
[26.878s] [  0%] Built target rosgraph_msgs_generate_messages_nodejs
[27.037s] [ 40%] Built target fix2tfpose
[27.199s] [100%] Built target nmea2tfpose
[27.327s] [36mInstall the project...[0m
[27.397s] -- Install configuration: "Release"
[27.397s] -- Up-to-date: /home/capstone/autoware.ai/install/gnss_localizer/lib/pkgconfig/gnss_localizer.pc
[27.397s] -- Up-to-date: /home/capstone/autoware.ai/install/gnss_localizer/share/gnss_localizer/cmake/gnss_localizerConfig.cmake
[27.397s] -- Up-to-date: /home/capstone/autoware.ai/install/gnss_localizer/share/gnss_localizer/cmake/gnss_localizerConfig-version.cmake
[27.397s] -- Up-to-date: /home/capstone/autoware.ai/install/gnss_localizer/share/gnss_localizer/package.xml
[27.398s] -- Up-to-date: /home/capstone/autoware.ai/install/gnss_localizer/lib/gnss_localizer/nmea2tfpose
[27.398s] -- Up-to-date: /home/capstone/autoware.ai/install/gnss_localizer/lib/gnss_localizer/fix2tfpose
[27.399s] -- Up-to-date: /home/capstone/autoware.ai/install/gnss_localizer/share/gnss_localizer/launch
[27.399s] -- Up-to-date: /home/capstone/autoware.ai/install/gnss_localizer/share/gnss_localizer/launch/nmea2tfpose.launch
[27.399s] -- Up-to-date: /home/capstone/autoware.ai/install/gnss_localizer/share/gnss_localizer/launch/fix2tfpose.launch
