[0.612s] -- CUDA compilation status: 1.
[0.613s] -- Using CATKIN_DEVEL_PREFIX: /home/capstone/autoware.ai/build/ymc/devel
[0.614s] -- Using CMAKE_PREFIX_PATH: /home/capstone/autoware.ai/install/ros_observer;/home/capstone/autoware.ai/install/ds4_msgs;/home/capstone/autoware.ai/install/autoware_msgs;/home/capstone/autoware.ai/install/autoware_build_flags;/home/capstone/autoware.ai/install/ymc;/home/capstone/autoware.ai/install/xsens_driver;/home/capstone/autoware.ai/install/wf_simulator;/home/capstone/autoware.ai/install/lattice_planner;/home/capstone/autoware.ai/install/waypoint_planner;/home/capstone/autoware.ai/install/waypoint_maker;/home/capstone/autoware.ai/install/way_planner;/home/capstone/autoware.ai/install/vlg22c_cam;/home/capstone/autoware.ai/install/vision_ssd_detect;/home/capstone/autoware.ai/install/vision_segment_enet_detect;/home/capstone/autoware.ai/install/vision_lane_detect;/home/capstone/autoware.ai/install/vision_darknet_detect;/home/capstone/autoware.ai/install/vision_beyond_track;/home/capstone/autoware.ai/install/vel_pose_diff_checker;/home/capstone/autoware.ai/install/vehicle_socket;/home/capstone/autoware.ai/install/vehicle_sim_model;/home/capstone/autoware.ai/install/vehicle_model;/home/capstone/autoware.ai/install/vehicle_gazebo_simulation_launcher;/home/capstone/autoware.ai/install/vehicle_gazebo_simulation_interface;/home/capstone/autoware.ai/install/vehicle_engage_panel;/home/capstone/autoware.ai/install/vehicle_description;/home/capstone/autoware.ai/install/trafficlight_recognizer;/home/capstone/autoware.ai/install/op_utilities;/home/capstone/autoware.ai/install/op_simulation_package;/home/capstone/autoware.ai/install/op_local_planner;/home/capstone/autoware.ai/install/op_global_planner;/home/capstone/autoware.ai/install/lidar_kf_contour_track;/home/capstone/autoware.ai/install/op_ros_helpers;/home/capstone/autoware.ai/install/ff_waypoint_follower;/home/capstone/autoware.ai/install/dp_planner;/home/capstone/autoware.ai/install/op_simu;/home/capstone/autoware.ai/install/op_planner;/home/capstone/autoware.ai/install/op_utility;/home/capstone/autoware.ai/install/lidar_euclidean_cluster_detect;/home/capstone/autoware.ai/install/vector_map_server;/home/capstone/autoware.ai/install/road_occupancy_processor;/home/capstone/autoware.ai/install/costmap_generator;/home/capstone/autoware.ai/install/object_map;/home/capstone/autoware.ai/install/naive_motion_predict;/home/capstone/autoware.ai/install/lanelet_aisan_converter;/home/capstone/autoware.ai/install/map_file;/home/capstone/autoware.ai/install/libvectormap;/home/capstone/autoware.ai/install/lane_planner;/home/capstone/autoware.ai/install/imm_ukf_pda_track;/home/capstone/autoware.ai/install/decision_maker;/home/capstone/autoware.ai/install/vector_map;/home/capstone/autoware.ai/install/vector_map_msgs;/home/capstone/autoware.ai/install/vectacam;/home/capstone/autoware.ai/install/udon_socket;/home/capstone/autoware.ai/install/twist_generator;/home/capstone/autoware.ai/install/twist_gate;/home/capstone/autoware.ai/install/twist_filter;/home/capstone/autoware.ai/install/twist2odom;/home/capstone/autoware.ai/install/tablet_socket;/home/capstone/autoware.ai/install/runtime_manager;/home/capstone/autoware.ai/install/mqtt_socket;/home/capstone/autoware.ai/install/tablet_socket_msgs;/home/capstone/autoware.ai/install/state_machine_lib;/home/capstone/autoware.ai/install/sound_player;/home/capstone/autoware.ai/install/sick_lms5xx;/home/capstone/autoware.ai/install/sick_ldmrs_tools;/home/capstone/autoware.ai/install/sick_ldmrs_driver;/home/capstone/autoware.ai/install/sick_ldmrs_msgs;/home/capstone/autoware.ai/install/sick_ldmrs_description;/home/capstone/autoware.ai/install/points2image;/home/capstone/autoware.ai/install/rosinterface;/home/capstone/autoware.ai/install/rosbag_controller;/home/capstone/autoware.ai/install/pure_pursuit;/home/capstone/autoware.ai/install/points_preprocessor;/home/capstone/autoware.ai/install/mpc_follower;/home/capstone/autoware.ai/install/lidar_localizer;/home/capstone/autoware.ai/install/emergency_handler;/home/capstone/autoware.ai/install/autoware_health_checker;/home/capstone/autoware.ai/install/as;/home/capstone/autoware.ai/install/roi_object_filter;/home/capstone/autoware.ai/install/range_vision_fusion;/home/capstone/autoware.ai/install/pos_db;/home/capstone/autoware.ai/install/points_downsampler;/home/capstone/autoware.ai/install/pixel_cloud_fusion;/home/capstone/autoware.ai/install/pcl_omp_registration;/home/capstone/autoware.ai/install/pc2_downsampler;/home/capstone/autoware.ai/install/oculus_socket;/home/capstone/autoware.ai/install/obj_db;/home/capstone/autoware.ai/install/nmea_navsat;/home/capstone/autoware.ai/install/ndt_tku;/home/capstone/autoware.ai/install/ndt_gpu;/home/capstone/autoware.ai/install/ndt_cpu;/home/capstone/autoware.ai/install/multi_lidar_calibrator;/home/capstone/autoware.ai/install/mrt_cmake_modules;/home/capstone/autoware.ai/install/microstrain_driver;/home/capstone/autoware.ai/install/memsic_imu;/home/capstone/autoware.ai/install/marker_downsampler;/home/capstone/autoware.ai/install/map_tools;/home/capstone/autoware.ai/install/map_tf_generator;/home/capstone/autoware.ai/install/log_tools;/home/capstone/autoware.ai/install/lidar_shape_estimation;/home/capstone/autoware.ai/install/lidar_point_pillars;/home/capstone/autoware.ai/install/lidar_naive_l_shape_detect;/home/capstone/autoware.ai/install/lidar_fake_perception;/home/capstone/autoware.ai/install/lidar_apollo_cnn_seg_detect;/home/capstone/autoware.ai/install/libwaypoint_follower;/home/capstone/autoware.ai/install/lgsvl_simulator_bridge;/home/capstone/autoware.ai/install/lanelet2_extension;/home/capstone/autoware.ai/install/lanelet2_validation;/home/capstone/autoware.ai/install/lanelet2_examples;/home/capstone/autoware.ai/install/lanelet2_python;/home/capstone/autoware.ai/install/lanelet2_routing;/home/capstone/autoware.ai/install/lanelet2_traffic_rules;/home/capstone/autoware.ai/install/lanelet2_projection;/home/capstone/autoware.ai/install/lanelet2_maps;/home/capstone/autoware.ai/install/lanelet2_io;/home/capstone/autoware.ai/install/lanelet2_core;/home/capstone/autoware.ai/install/kvaser;/home/capstone/autoware.ai/install/kitti_launch;/home/capstone/autoware.ai/install/kitti_player;/home/capstone/autoware.ai/install/kitti_box_publisher;/home/capstone/autoware.ai/install/javad_navsat_driver;/home/capstone/autoware.ai/install/integrated_viewer;/home/capstone/autoware.ai/install/image_processor;/home/capstone/autoware.ai/install/hokuyo;/home/capstone/autoware.ai/install/graph_tools;/home/capstone/autoware.ai/install/gnss_localizer;/home/capstone/autoware.ai/install/gnss;/home/capstone/autoware.ai/install/glviewer;/home/capstone/autoware.ai/install/gazebo_world_description;/home/capstone/autoware.ai/install/gazebo_imu_description;/home/capstone/autoware.ai/install/gazebo_camera_description;/home/capstone/autoware.ai/install/garmin;/home/capstone/autoware.ai/install/freespace_planner;/home/capstone/autoware.ai/install/fastvirtualscan;/home/capstone/autoware.ai/install/ekf_localizer;/home/capstone/autoware.ai/install/ds4_driver;/home/capstone/autoware.ai/install/detected_objects_visualizer;/home/capstone/autoware.ai/install/decision_maker_panel;/home/capstone/autoware.ai/install/data_preprocessor;/home/capstone/autoware.ai/install/custom_msgs;/home/capstone/autoware.ai/install/carla_autoware_bridge;/home/capstone/autoware.ai/install/calibration_publisher;/home/capstone/autoware.ai/install/autoware_system_msgs;/home/capstone/autoware.ai/install/autoware_rviz_plugins;/home/capstone/autoware.ai/install/autoware_quickstart_examples;/home/capstone/autoware.ai/install/autoware_pointgrey_drivers;/home/capstone/autoware.ai/install/autoware_driveworks_interface;/home/capstone/autoware.ai/install/autoware_connector;/home/capstone/autoware.ai/install/autoware_camera_lidar_calibrator;/home/capstone/autoware.ai/install/astar_search;/home/capstone/autoware.ai/install/amathutils_lib;/home/capstone/autoware.ai/install/autoware_map_msgs;/home/capstone/autoware.ai/install/autoware_launcher_rviz;/home/capstone/autoware.ai/install/autoware_launcher;/home/capstone/autoware.ai/install/autoware_lanelet2_msgs;/home/capstone/autoware.ai/install/autoware_external_msgs;/home/capstone/autoware.ai/install/autoware_driveworks_gmsl_interface;/home/capstone/autoware.ai/install/autoware_config_msgs;/home/capstone/autoware.ai/install/autoware_can_msgs;/home/capstone/autoware.ai/install/autoware_bag_tools;/home/capstone/autoware.ai/install/adi_driver;/opt/carla-ros-bridge/melodic;/opt/ros/melodic
[0.631s] -- This workspace overlays: /home/capstone/autoware.ai/install/ros_observer;/home/capstone/autoware.ai/install/ds4_msgs;/home/capstone/autoware.ai/install/autoware_msgs;/home/capstone/autoware.ai/install/autoware_build_flags;/home/capstone/autoware.ai/install/ymc;/home/capstone/autoware.ai/install/xsens_driver;/home/capstone/autoware.ai/install/wf_simulator;/home/capstone/autoware.ai/install/lattice_planner;/home/capstone/autoware.ai/install/waypoint_planner;/home/capstone/autoware.ai/install/waypoint_maker;/home/capstone/autoware.ai/install/way_planner;/home/capstone/autoware.ai/install/vlg22c_cam;/home/capstone/autoware.ai/install/vision_ssd_detect;/home/capstone/autoware.ai/install/vision_segment_enet_detect;/home/capstone/autoware.ai/install/vision_lane_detect;/home/capstone/autoware.ai/install/vision_darknet_detect;/home/capstone/autoware.ai/install/vision_beyond_track;/home/capstone/autoware.ai/install/vel_pose_diff_checker;/home/capstone/autoware.ai/install/vehicle_socket;/home/capstone/autoware.ai/install/vehicle_sim_model;/home/capstone/autoware.ai/install/vehicle_model;/home/capstone/autoware.ai/install/vehicle_gazebo_simulation_launcher;/home/capstone/autoware.ai/install/vehicle_gazebo_simulation_interface;/home/capstone/autoware.ai/install/vehicle_engage_panel;/home/capstone/autoware.ai/install/vehicle_description;/home/capstone/autoware.ai/install/trafficlight_recognizer;/home/capstone/autoware.ai/install/op_utilities;/home/capstone/autoware.ai/install/op_simulation_package;/home/capstone/autoware.ai/install/op_local_planner;/home/capstone/autoware.ai/install/op_global_planner;/home/capstone/autoware.ai/install/lidar_kf_contour_track;/home/capstone/autoware.ai/install/op_ros_helpers;/home/capstone/autoware.ai/install/ff_waypoint_follower;/home/capstone/autoware.ai/install/dp_planner;/home/capstone/autoware.ai/install/op_simu;/home/capstone/autoware.ai/install/op_planner;/home/capstone/autoware.ai/install/op_utility;/home/capstone/autoware.ai/install/lidar_euclidean_cluster_detect;/home/capstone/autoware.ai/install/vector_map_server;/home/capstone/autoware.ai/install/road_occupancy_processor;/home/capstone/autoware.ai/install/costmap_generator;/home/capstone/autoware.ai/install/object_map;/home/capstone/autoware.ai/install/naive_motion_predict;/home/capstone/autoware.ai/install/lanelet_aisan_converter;/home/capstone/autoware.ai/install/map_file;/home/capstone/autoware.ai/install/libvectormap;/home/capstone/autoware.ai/install/lane_planner;/home/capstone/autoware.ai/install/imm_ukf_pda_track;/home/capstone/autoware.ai/install/decision_maker;/home/capstone/autoware.ai/install/vector_map;/home/capstone/autoware.ai/install/vector_map_msgs;/home/capstone/autoware.ai/install/vectacam;/home/capstone/autoware.ai/install/udon_socket;/home/capstone/autoware.ai/install/twist_generator;/home/capstone/autoware.ai/install/twist_gate;/home/capstone/autoware.ai/install/twist_filter;/home/capstone/autoware.ai/install/twist2odom;/home/capstone/autoware.ai/install/tablet_socket;/home/capstone/autoware.ai/install/runtime_manager;/home/capstone/autoware.ai/install/mqtt_socket;/home/capstone/autoware.ai/install/tablet_socket_msgs;/home/capstone/autoware.ai/install/state_machine_lib;/home/capstone/autoware.ai/install/sound_player;/home/capstone/autoware.ai/install/sick_lms5xx;/home/capstone/autoware.ai/install/sick_ldmrs_tools;/home/capstone/autoware.ai/install/sick_ldmrs_driver;/home/capstone/autoware.ai/install/sick_ldmrs_msgs;/home/capstone/autoware.ai/install/sick_ldmrs_description;/home/capstone/autoware.ai/install/points2image;/home/capstone/autoware.ai/install/rosinterface;/home/capstone/autoware.ai/install/rosbag_controller;/home/capstone/autoware.ai/install/pure_pursuit;/home/capstone/autoware.ai/install/points_preprocessor;/home/capstone/autoware.ai/install/mpc_follower;/home/capstone/autoware.ai/install/lidar_localizer;/home/capstone/autoware.ai/install/emergency_handler;/home/capstone/autoware.ai/install/autoware_health_checker;/home/capstone/autoware.ai/install/as;/home/capstone/autoware.ai/install/roi_object_filter;/home/capstone/autoware.ai/install/range_vision_fusion;/home/capstone/autoware.ai/install/pos_db;/home/capstone/autoware.ai/install/points_downsampler;/home/capstone/autoware.ai/install/pixel_cloud_fusion;/home/capstone/autoware.ai/install/pcl_omp_registration;/home/capstone/autoware.ai/install/pc2_downsampler;/home/capstone/autoware.ai/install/oculus_socket;/home/capstone/autoware.ai/install/obj_db;/home/capstone/autoware.ai/install/nmea_navsat;/home/capstone/autoware.ai/install/ndt_tku;/home/capstone/autoware.ai/install/ndt_gpu;/home/capstone/autoware.ai/install/ndt_cpu;/home/capstone/autoware.ai/install/multi_lidar_calibrator;/home/capstone/autoware.ai/install/mrt_cmake_modules;/home/capstone/autoware.ai/install/microstrain_driver;/home/capstone/autoware.ai/install/memsic_imu;/home/capstone/autoware.ai/install/marker_downsampler;/home/capstone/autoware.ai/install/map_tools;/home/capstone/autoware.ai/install/map_tf_generator;/home/capstone/autoware.ai/install/log_tools;/home/capstone/autoware.ai/install/lidar_shape_estimation;/home/capstone/autoware.ai/install/lidar_point_pillars;/home/capstone/autoware.ai/install/lidar_naive_l_shape_detect;/home/capstone/autoware.ai/install/lidar_fake_perception;/home/capstone/autoware.ai/install/lidar_apollo_cnn_seg_detect;/home/capstone/autoware.ai/install/libwaypoint_follower;/home/capstone/autoware.ai/install/lgsvl_simulator_bridge;/home/capstone/autoware.ai/install/lanelet2_extension;/home/capstone/autoware.ai/install/lanelet2_validation;/home/capstone/autoware.ai/install/lanelet2_examples;/home/capstone/autoware.ai/install/lanelet2_python;/home/capstone/autoware.ai/install/lanelet2_routing;/home/capstone/autoware.ai/install/lanelet2_traffic_rules;/home/capstone/autoware.ai/install/lanelet2_projection;/home/capstone/autoware.ai/install/lanelet2_maps;/home/capstone/autoware.ai/install/lanelet2_io;/home/capstone/autoware.ai/install/lanelet2_core;/home/capstone/autoware.ai/install/kvaser;/home/capstone/autoware.ai/install/kitti_launch;/home/capstone/autoware.ai/install/kitti_player;/home/capstone/autoware.ai/install/kitti_box_publisher;/home/capstone/autoware.ai/install/javad_navsat_driver;/home/capstone/autoware.ai/install/integrated_viewer;/home/capstone/autoware.ai/install/image_processor;/home/capstone/autoware.ai/install/hokuyo;/home/capstone/autoware.ai/install/graph_tools;/home/capstone/autoware.ai/install/gnss_localizer;/home/capstone/autoware.ai/install/gnss;/home/capstone/autoware.ai/install/glviewer;/home/capstone/autoware.ai/install/gazebo_world_description;/home/capstone/autoware.ai/install/gazebo_imu_description;/home/capstone/autoware.ai/install/gazebo_camera_description;/home/capstone/autoware.ai/install/garmin;/home/capstone/autoware.ai/install/freespace_planner;/home/capstone/autoware.ai/install/fastvirtualscan;/home/capstone/autoware.ai/install/ekf_localizer;/home/capstone/autoware.ai/install/ds4_driver;/home/capstone/autoware.ai/install/detected_objects_visualizer;/home/capstone/autoware.ai/install/decision_maker_panel;/home/capstone/autoware.ai/install/data_preprocessor;/home/capstone/autoware.ai/install/custom_msgs;/home/capstone/autoware.ai/install/carla_autoware_bridge;/home/capstone/autoware.ai/install/calibration_publisher;/home/capstone/autoware.ai/install/autoware_system_msgs;/home/capstone/autoware.ai/install/autoware_rviz_plugins;/home/capstone/autoware.ai/install/autoware_quickstart_examples;/home/capstone/autoware.ai/install/autoware_pointgrey_drivers;/home/capstone/autoware.ai/install/autoware_driveworks_interface;/home/capstone/autoware.ai/install/autoware_connector;/home/capstone/autoware.ai/install/autoware_camera_lidar_calibrator;/home/capstone/autoware.ai/install/astar_search;/home/capstone/autoware.ai/install/amathutils_lib;/home/capstone/autoware.ai/install/autoware_map_msgs;/home/capstone/autoware.ai/install/autoware_launcher_rviz;/home/capstone/autoware.ai/install/autoware_launcher;/home/capstone/autoware.ai/install/autoware_lanelet2_msgs;/home/capstone/autoware.ai/install/autoware_external_msgs;/home/capstone/autoware.ai/install/autoware_driveworks_gmsl_interface;/home/capstone/autoware.ai/install/autoware_config_msgs;/home/capstone/autoware.ai/install/autoware_can_msgs;/home/capstone/autoware.ai/install/autoware_bag_tools;/home/capstone/autoware.ai/install/adi_driver;/opt/carla-ros-bridge/melodic;/opt/ros/melodic
[0.711s] -- Found PythonInterp: /usr/bin/python2 (found suitable version "2.7.17", minimum required is "2") 
[0.711s] -- Using PYTHON_EXECUTABLE: /usr/bin/python2
[0.713s] -- Using Debian Python package layout
[0.714s] -- Using empy: /usr/bin/empy
[1.069s] -- Using CATKIN_ENABLE_TESTING: ON
[1.070s] -- Call enable_testing()
[1.071s] -- Using CATKIN_TEST_RESULTS_DIR: /home/capstone/autoware.ai/build/ymc/test_results
[1.202s] -- Found gtest sources under '/usr/src/googletest': gtests will be built
[1.202s] -- Found gmock sources under '/usr/src/googletest': gmock will be built
[1.279s] -- Found PythonInterp: /usr/bin/python2 (found version "2.7.17") 
[1.291s] -- Using Python nosetests: /usr/bin/nosetests-2.7
[1.493s] -- catkin 0.7.23
[1.494s] -- BUILD_SHARED_LIBS is on
[2.349s] -- Using these message generators: gencpp;geneus;genlisp;gennodejs;genpy
[3.551s] -- Configuring done
[3.772s] -- Generating done
[3.802s] -- Build files have been written to: /home/capstone/autoware.ai/build/ymc
[4.062s] [  0%] Built target rosgraph_msgs_generate_messages_eus
[4.211s] [  0%] Built target std_msgs_generate_messages_cpp
[4.385s] [  0%] Built target ds4_msgs_generate_messages_lisp
[4.572s] [  0%] Built target jsk_footstep_msgs_generate_messages_py
[4.713s] [  0%] Built target geometry_msgs_generate_messages_py
[4.894s] [  0%] Built target sensor_msgs_generate_messages_py
[5.059s] [  0%] Built target jsk_footstep_msgs_generate_messages_lisp
[5.227s] [  0%] Built target autoware_msgs_generate_messages_nodejs
[5.431s] [  0%] Built target ds4_msgs_generate_messages_eus
[5.642s] [  0%] Built target actionlib_msgs_generate_messages_eus
[5.790s] [  0%] Built target autoware_msgs_generate_messages_py
[5.940s] [  0%] Built target rosgraph_msgs_generate_messages_lisp
[6.083s] [  0%] Built target ds4_msgs_generate_messages_py
[6.235s] [  0%] Built target sensor_msgs_generate_messages_lisp
[6.383s] [  0%] Built target sensor_msgs_generate_messages_eus
[6.607s] [  0%] Built target roscpp_generate_messages_cpp
[6.793s] [  0%] Built target autoware_msgs_generate_messages_lisp
[6.949s] [  0%] Built target sensor_msgs_generate_messages_cpp
[7.105s] [  0%] Built target pcl_msgs_generate_messages_cpp
[7.254s] [  0%] Built target jsk_recognition_msgs_generate_messages_py
[7.448s] [  0%] Built target std_msgs_generate_messages_lisp
[7.663s] [  0%] Built target autoware_msgs_generate_messages_cpp
[7.823s] [  0%] Built target jsk_footstep_msgs_generate_messages_eus
[7.980s] [  0%] Built target _catkin_empty_exported_target
[8.138s] [  0%] Built target roscpp_generate_messages_lisp
[8.304s] [  0%] Built target geometry_msgs_generate_messages_nodejs
[8.582s] [  0%] Built target geometry_msgs_generate_messages_cpp
[8.772s] [  0%] Built target pcl_msgs_generate_messages_eus
[8.922s] [  0%] Built target pcl_msgs_generate_messages_nodejs
[9.075s] [  0%] Built target pcl_msgs_generate_messages_lisp
[9.222s] [  0%] Built target ds4_msgs_generate_messages_cpp
[9.372s] [  0%] Built target pcl_msgs_generate_messages_py
[9.603s] [  0%] Built target sensor_msgs_generate_messages_nodejs
[9.812s] [  0%] Built target jsk_footstep_msgs_generate_messages_nodejs
[9.956s] [  0%] Built target actionlib_msgs_generate_messages_cpp
[10.107s] [  0%] Built target std_msgs_generate_messages_eus
[10.253s] [  0%] Built target actionlib_msgs_generate_messages_lisp
[10.444s] [  0%] Built target actionlib_msgs_generate_messages_nodejs
[10.596s] [  0%] Built target actionlib_msgs_generate_messages_py
[10.743s] [  0%] Built target ds4_msgs_generate_messages_nodejs
[10.906s] [  0%] Built target roscpp_generate_messages_eus
[11.056s] [  0%] Built target jsk_footstep_msgs_generate_messages_cpp
[11.219s] [  0%] Built target roscpp_generate_messages_nodejs
[11.413s] [  0%] Built target jsk_recognition_msgs_generate_messages_nodejs
[11.669s] [  0%] Built target roscpp_generate_messages_py
[11.826s] [  0%] Built target rosgraph_msgs_generate_messages_cpp
[12.015s] [  0%] Built target geometry_msgs_generate_messages_eus
[12.196s] [  0%] Built target std_msgs_generate_messages_nodejs
[12.348s] [  0%] Built target autoware_msgs_generate_messages_eus
[12.586s] [  0%] Built target geometry_msgs_generate_messages_lisp
[12.761s] [  0%] Built target jsk_recognition_msgs_generate_messages_cpp
[12.969s] [  0%] Built target std_msgs_generate_messages_py
[13.123s] [  0%] Built target jsk_recognition_msgs_generate_messages_eus
[13.270s] [  0%] Built target jsk_recognition_msgs_generate_messages_lisp
[13.437s] [  0%] Built target rosgraph_msgs_generate_messages_nodejs
[13.640s] [  0%] Built target rosgraph_msgs_generate_messages_py
[13.866s] [100%] Built target g30esli_interface
[15.415s] Built target tests
[16.914s] [  0%] Built target rosgraph_msgs_generate_messages_eus
[17.058s] [  0%] Built target std_msgs_generate_messages_cpp
[17.203s] [  0%] Built target ds4_msgs_generate_messages_lisp
[17.348s] [  0%] Built target jsk_footstep_msgs_generate_messages_py
[17.554s] [  0%] Built target geometry_msgs_generate_messages_py
[17.695s] [  0%] Built target sensor_msgs_generate_messages_py
[17.839s] [  0%] Built target jsk_footstep_msgs_generate_messages_lisp
[17.985s] [  0%] Built target autoware_msgs_generate_messages_nodejs
[18.134s] [  0%] Built target ds4_msgs_generate_messages_eus
[18.282s] [  0%] Built target actionlib_msgs_generate_messages_eus
[18.443s] [  0%] Built target autoware_msgs_generate_messages_py
[18.628s] [  0%] Built target rosgraph_msgs_generate_messages_lisp
[18.774s] [  0%] Built target ds4_msgs_generate_messages_py
[18.921s] [  0%] Built target sensor_msgs_generate_messages_lisp
[19.065s] [  0%] Built target sensor_msgs_generate_messages_eus
[19.217s] [  0%] Built target roscpp_generate_messages_cpp
[19.385s] [  0%] Built target autoware_msgs_generate_messages_lisp
[19.598s] [  0%] Built target sensor_msgs_generate_messages_cpp
[19.740s] [  0%] Built target pcl_msgs_generate_messages_cpp
[19.884s] [  0%] Built target jsk_recognition_msgs_generate_messages_py
[20.027s] [  0%] Built target std_msgs_generate_messages_lisp
[20.170s] [  0%] Built target autoware_msgs_generate_messages_cpp
[20.317s] [  0%] Built target jsk_footstep_msgs_generate_messages_eus
[20.504s] [  0%] Built target _catkin_empty_exported_target
[20.673s] [  0%] Built target roscpp_generate_messages_lisp
[20.817s] [  0%] Built target geometry_msgs_generate_messages_nodejs
[20.969s] [  0%] Built target geometry_msgs_generate_messages_cpp
[21.115s] [  0%] Built target pcl_msgs_generate_messages_eus
[21.270s] [  0%] Built target pcl_msgs_generate_messages_nodejs
[21.429s] [  0%] Built target pcl_msgs_generate_messages_lisp
[21.647s] [  0%] Built target ds4_msgs_generate_messages_cpp
[21.806s] [  0%] Built target pcl_msgs_generate_messages_py
[21.950s] [  0%] Built target sensor_msgs_generate_messages_nodejs
[22.089s] [  0%] Built target jsk_footstep_msgs_generate_messages_nodejs
[22.234s] [  0%] Built target actionlib_msgs_generate_messages_cpp
[22.384s] [  0%] Built target std_msgs_generate_messages_eus
[22.581s] [  0%] Built target actionlib_msgs_generate_messages_lisp
[22.724s] [  0%] Built target actionlib_msgs_generate_messages_nodejs
[22.873s] [  0%] Built target actionlib_msgs_generate_messages_py
[23.033s] [  0%] Built target ds4_msgs_generate_messages_nodejs
[23.185s] [  0%] Built target roscpp_generate_messages_eus
[23.332s] [  0%] Built target jsk_footstep_msgs_generate_messages_cpp
[23.549s] [  0%] Built target roscpp_generate_messages_nodejs
[23.699s] [  0%] Built target jsk_recognition_msgs_generate_messages_nodejs
[23.856s] [  0%] Built target roscpp_generate_messages_py
[24.003s] [  0%] Built target rosgraph_msgs_generate_messages_cpp
[24.147s] [  0%] Built target geometry_msgs_generate_messages_eus
[24.291s] [  0%] Built target std_msgs_generate_messages_nodejs
[24.496s] [  0%] Built target autoware_msgs_generate_messages_eus
[24.655s] [  0%] Built target geometry_msgs_generate_messages_lisp
[24.803s] [  0%] Built target jsk_recognition_msgs_generate_messages_cpp
[24.945s] [  0%] Built target std_msgs_generate_messages_py
[25.088s] [  0%] Built target jsk_recognition_msgs_generate_messages_eus
[25.234s] [  0%] Built target jsk_recognition_msgs_generate_messages_lisp
[25.376s] [  0%] Built target rosgraph_msgs_generate_messages_nodejs
[25.559s] [  0%] Built target rosgraph_msgs_generate_messages_py
[25.720s] [100%] Built target g30esli_interface
[25.855s] [36mInstall the project...[0m
[25.911s] -- Install configuration: "Release"
[25.913s] -- Installing: /home/capstone/autoware.ai/install/ymc/lib/pkgconfig/ymc.pc
[25.914s] -- Installing: /home/capstone/autoware.ai/install/ymc/share/ymc/cmake/ymcConfig.cmake
[25.914s] -- Up-to-date: /home/capstone/autoware.ai/install/ymc/share/ymc/cmake/ymcConfig-version.cmake
[25.914s] -- Up-to-date: /home/capstone/autoware.ai/install/ymc/share/ymc/package.xml
[25.915s] -- Up-to-date: /home/capstone/autoware.ai/install/ymc/lib/ymc/g30esli_interface
[25.916s] -- Up-to-date: /home/capstone/autoware.ai/install/ymc/share/ymc/launch
[25.916s] -- Up-to-date: /home/capstone/autoware.ai/install/ymc/share/ymc/launch/g30esli_interface.launch
[25.916s] -- Up-to-date: /home/capstone/autoware.ai/install/ymc/share/ymc/scripts
[25.917s] -- Up-to-date: /home/capstone/autoware.ai/install/ymc/share/ymc/scripts/canset
