[0.482s] [  0%] Built target autoware_can_msgs_generate_messages_py
[0.696s] [  0%] Built target geometry_msgs_generate_messages_nodejs
[0.862s] [  0%] Built target visualization_msgs_generate_messages_lisp
[1.006s] [  0%] Built target roscpp_generate_messages_nodejs
[1.155s] [  0%] Built target std_msgs_generate_messages_cpp
[1.301s] [  0%] Built target std_msgs_generate_messages_lisp
[1.443s] [  0%] Built target autoware_can_msgs_generate_messages_nodejs
[1.627s] [  0%] Built target roscpp_generate_messages_eus
[1.811s] [  0%] Built target autoware_can_msgs_generate_messages_lisp
[1.955s] [  0%] Built target rosgraph_msgs_generate_messages_cpp
[2.101s] [  0%] Built target autoware_can_msgs_generate_messages_eus
[2.245s] [  0%] Built target visualization_msgs_generate_messages_nodejs
[2.389s] [  0%] Built target geometry_msgs_generate_messages_eus
[2.553s] [  0%] Built target std_msgs_generate_messages_nodejs
[2.762s] [  0%] Built target std_msgs_generate_messages_py
[2.909s] [  0%] Built target roscpp_generate_messages_cpp
[3.054s] [  0%] Built target roscpp_generate_messages_lisp
[3.200s] [  0%] Built target geometry_msgs_generate_messages_py
[3.346s] [  0%] Built target std_msgs_generate_messages_eus
[3.490s] [  0%] Built target autoware_can_msgs_generate_messages_cpp
[3.679s] [  0%] Built target visualization_msgs_generate_messages_eus
[3.826s] [  0%] Built target geometry_msgs_generate_messages_cpp
[3.971s] [  0%] Built target visualization_msgs_generate_messages_cpp
[4.117s] [  0%] Built target rosgraph_msgs_generate_messages_nodejs
[4.264s] [  0%] Built target rosgraph_msgs_generate_messages_lisp
[4.407s] [  0%] Built target rosgraph_msgs_generate_messages_eus
[4.551s] [  0%] Built target roscpp_generate_messages_py
[4.738s] [  0%] Built target rosgraph_msgs_generate_messages_py
[4.878s] [  0%] Built target visualization_msgs_generate_messages_py
[5.037s] [  0%] Built target geometry_msgs_generate_messages_lisp
[5.195s] [ 50%] Built target can_draw
[5.350s] [100%] Built target can_converter
[6.408s] Built target tests
[7.400s] [  0%] Built target autoware_can_msgs_generate_messages_py
[7.554s] [  0%] Built target geometry_msgs_generate_messages_nodejs
[7.762s] [  0%] Built target visualization_msgs_generate_messages_lisp
[7.906s] [  0%] Built target roscpp_generate_messages_nodejs
[8.057s] [  0%] Built target std_msgs_generate_messages_cpp
[8.199s] [  0%] Built target std_msgs_generate_messages_lisp
[8.345s] [  0%] Built target autoware_can_msgs_generate_messages_nodejs
[8.490s] [  0%] Built target roscpp_generate_messages_eus
[8.702s] [  0%] Built target autoware_can_msgs_generate_messages_lisp
[8.846s] [  0%] Built target rosgraph_msgs_generate_messages_cpp
[8.994s] [  0%] Built target autoware_can_msgs_generate_messages_eus
[9.138s] [  0%] Built target visualization_msgs_generate_messages_nodejs
[9.287s] [  0%] Built target geometry_msgs_generate_messages_eus
[9.430s] [  0%] Built target std_msgs_generate_messages_nodejs
[9.597s] [  0%] Built target std_msgs_generate_messages_py
[9.773s] [  0%] Built target roscpp_generate_messages_cpp
[9.915s] [  0%] Built target roscpp_generate_messages_lisp
[10.057s] [  0%] Built target geometry_msgs_generate_messages_py
[10.203s] [  0%] Built target std_msgs_generate_messages_eus
[10.347s] [  0%] Built target autoware_can_msgs_generate_messages_cpp
[10.492s] [  0%] Built target visualization_msgs_generate_messages_eus
[10.718s] [  0%] Built target geometry_msgs_generate_messages_cpp
[10.866s] [  0%] Built target visualization_msgs_generate_messages_cpp
[11.010s] [  0%] Built target rosgraph_msgs_generate_messages_nodejs
[11.157s] [  0%] Built target rosgraph_msgs_generate_messages_lisp
[11.312s] [  0%] Built target rosgraph_msgs_generate_messages_eus
[11.459s] [  0%] Built target roscpp_generate_messages_py
[11.642s] [  0%] Built target rosgraph_msgs_generate_messages_py
[11.805s] [  0%] Built target visualization_msgs_generate_messages_py
[11.951s] [  0%] Built target geometry_msgs_generate_messages_lisp
[12.112s] [ 50%] Built target can_draw
[12.270s] [100%] Built target can_converter
[12.401s] [36mInstall the project...[0m
[12.459s] -- Install configuration: "Release"
[12.459s] -- Up-to-date: /home/capstone/autoware.ai/install/kvaser/lib/pkgconfig/kvaser.pc
[12.460s] -- Up-to-date: /home/capstone/autoware.ai/install/kvaser/share/kvaser/cmake/kvaserConfig.cmake
[12.460s] -- Up-to-date: /home/capstone/autoware.ai/install/kvaser/share/kvaser/cmake/kvaserConfig-version.cmake
[12.460s] -- Up-to-date: /home/capstone/autoware.ai/install/kvaser/share/kvaser/package.xml
[12.460s] -- Up-to-date: /home/capstone/autoware.ai/install/kvaser/lib/kvaser/can_converter
[12.461s] -- Up-to-date: /home/capstone/autoware.ai/install/kvaser/lib/kvaser/can_draw
