[0.686s] [  0%] Built target rosgraph_msgs_generate_messages_eus
[0.841s] [  0%] Built target geometry_msgs_generate_messages_eus
[1.030s] [  0%] Built target std_msgs_generate_messages_nodejs
[1.174s] [  0%] Built target jsk_footstep_msgs_generate_messages_py
[1.322s] [  0%] Built target geometry_msgs_generate_messages_py
[1.465s] [  0%] Built target sensor_msgs_generate_messages_py
[1.608s] [  0%] Built target jsk_footstep_msgs_generate_messages_lisp
[1.754s] [  0%] Built target autoware_msgs_generate_messages_nodejs
[1.958s] [  0%] Built target autoware_msgs_generate_messages_lisp
[2.104s] [  0%] Built target geometry_msgs_generate_messages_cpp
[2.249s] [  0%] Built target jsk_footstep_msgs_generate_messages_eus
[2.393s] [  0%] Built target autoware_can_msgs_generate_messages_eus
[2.552s] [  0%] Built target rosgraph_msgs_generate_messages_cpp
[2.700s] [  0%] Built target geometry_msgs_generate_messages_nodejs
[2.880s] [  0%] Built target autoware_can_msgs_generate_messages_py
[3.061s] [  0%] Built target tablet_socket_msgs_generate_messages_lisp
[3.212s] [  0%] Built target autoware_can_msgs_generate_messages_cpp
[3.350s] [  0%] Built target roscpp_generate_messages_lisp
[3.496s] [  0%] Built target actionlib_msgs_generate_messages_eus
[3.641s] [  0%] Built target autoware_msgs_generate_messages_py
[3.783s] [  0%] Built target rosgraph_msgs_generate_messages_lisp
[3.974s] [  0%] Built target autoware_can_msgs_generate_messages_lisp
[4.125s] [  0%] Built target autoware_can_msgs_generate_messages_nodejs
[4.273s] [  0%] Built target std_msgs_generate_messages_cpp
[4.419s] [  0%] Built target tablet_socket_msgs_generate_messages_cpp
[4.566s] [  0%] Built target autoware_msgs_generate_messages_cpp
[4.712s] [  0%] Built target std_msgs_generate_messages_lisp
[4.892s] [  0%] Built target jsk_recognition_msgs_generate_messages_py
[5.053s] [  0%] Built target sensor_msgs_generate_messages_cpp
[5.194s] [  0%] Built target pcl_msgs_generate_messages_cpp
[5.338s] [  0%] Built target roscpp_generate_messages_cpp
[5.484s] [  0%] Built target sensor_msgs_generate_messages_eus
[5.640s] [  0%] Built target sensor_msgs_generate_messages_lisp
[5.787s] [  0%] Built target pcl_msgs_generate_messages_eus
[5.993s] [  0%] Built target pcl_msgs_generate_messages_nodejs
[6.147s] [  0%] Built target pcl_msgs_generate_messages_lisp
[6.293s] [  0%] Built target pcl_msgs_generate_messages_py
[6.436s] [  0%] Built target sensor_msgs_generate_messages_nodejs
[6.584s] [  0%] Built target jsk_footstep_msgs_generate_messages_nodejs
[6.728s] [  0%] Built target actionlib_msgs_generate_messages_cpp
[6.888s] [  0%] Built target std_msgs_generate_messages_eus
[7.049s] [  0%] Built target actionlib_msgs_generate_messages_lisp
[7.192s] [  0%] Built target actionlib_msgs_generate_messages_nodejs
[7.338s] [  0%] Built target actionlib_msgs_generate_messages_py
[7.485s] [  0%] Built target rosgraph_msgs_generate_messages_nodejs
[7.632s] [  0%] Built target roscpp_generate_messages_eus
[7.785s] [  0%] Built target jsk_footstep_msgs_generate_messages_cpp
[7.975s] [  0%] Built target roscpp_generate_messages_nodejs
[8.125s] [  0%] Built target jsk_recognition_msgs_generate_messages_nodejs
[8.267s] [  0%] Built target roscpp_generate_messages_py
[8.412s] [  0%] Built target autoware_msgs_generate_messages_eus
[8.565s] [  0%] Built target geometry_msgs_generate_messages_lisp
[8.712s] [  0%] Built target jsk_recognition_msgs_generate_messages_cpp
[8.865s] [  0%] Built target std_msgs_generate_messages_py
[9.041s] [  0%] Built target jsk_recognition_msgs_generate_messages_eus
[9.192s] [  0%] Built target jsk_recognition_msgs_generate_messages_lisp
[9.340s] [  0%] Built target rosgraph_msgs_generate_messages_py
[9.483s] [  0%] Built target tablet_socket_msgs_generate_messages_py
[9.628s] [  0%] Built target tablet_socket_msgs_generate_messages_eus
[9.777s] [  0%] Built target tablet_socket_msgs_generate_messages_nodejs
[10.071s] [ 50%] Built target mqtt_receiver
[10.301s] [100%] Built target mqtt_sender
[11.602s] Built target tests
[12.812s] [  0%] Built target rosgraph_msgs_generate_messages_eus
[12.961s] [  0%] Built target geometry_msgs_generate_messages_eus
[13.106s] [  0%] Built target std_msgs_generate_messages_nodejs
[13.253s] [  0%] Built target jsk_footstep_msgs_generate_messages_py
[13.401s] [  0%] Built target geometry_msgs_generate_messages_py
[13.556s] [  0%] Built target sensor_msgs_generate_messages_py
[13.703s] [  0%] Built target jsk_footstep_msgs_generate_messages_lisp
[13.860s] [  0%] Built target autoware_msgs_generate_messages_nodejs
[14.011s] [  0%] Built target autoware_msgs_generate_messages_lisp
[14.156s] [  0%] Built target geometry_msgs_generate_messages_cpp
[14.300s] [  0%] Built target jsk_footstep_msgs_generate_messages_eus
[14.444s] [  0%] Built target autoware_can_msgs_generate_messages_eus
[14.588s] [  0%] Built target rosgraph_msgs_generate_messages_cpp
[14.732s] [  0%] Built target geometry_msgs_generate_messages_nodejs
[14.912s] [  0%] Built target autoware_can_msgs_generate_messages_py
[15.057s] [  0%] Built target tablet_socket_msgs_generate_messages_lisp
[15.204s] [  0%] Built target autoware_can_msgs_generate_messages_cpp
[15.347s] [  0%] Built target roscpp_generate_messages_lisp
[15.492s] [  0%] Built target actionlib_msgs_generate_messages_eus
[15.638s] [  0%] Built target autoware_msgs_generate_messages_py
[15.780s] [  0%] Built target rosgraph_msgs_generate_messages_lisp
[15.978s] [  0%] Built target autoware_can_msgs_generate_messages_lisp
[16.119s] [  0%] Built target autoware_can_msgs_generate_messages_nodejs
[16.262s] [  0%] Built target std_msgs_generate_messages_cpp
[16.407s] [  0%] Built target tablet_socket_msgs_generate_messages_cpp
[16.556s] [  0%] Built target autoware_msgs_generate_messages_cpp
[16.699s] [  0%] Built target std_msgs_generate_messages_lisp
[16.917s] [  0%] Built target jsk_recognition_msgs_generate_messages_py
[17.072s] [  0%] Built target sensor_msgs_generate_messages_cpp
[17.216s] [  0%] Built target pcl_msgs_generate_messages_cpp
[17.359s] [  0%] Built target roscpp_generate_messages_cpp
[17.501s] [  0%] Built target sensor_msgs_generate_messages_eus
[17.645s] [  0%] Built target sensor_msgs_generate_messages_lisp
[17.813s] [  0%] Built target pcl_msgs_generate_messages_eus
[17.964s] [  0%] Built target pcl_msgs_generate_messages_nodejs
[18.106s] [  0%] Built target pcl_msgs_generate_messages_lisp
[18.257s] [  0%] Built target pcl_msgs_generate_messages_py
[18.399s] [  0%] Built target sensor_msgs_generate_messages_nodejs
[18.544s] [  0%] Built target jsk_footstep_msgs_generate_messages_nodejs
[18.691s] [  0%] Built target actionlib_msgs_generate_messages_cpp
[18.867s] [  0%] Built target std_msgs_generate_messages_eus
[19.052s] [  0%] Built target actionlib_msgs_generate_messages_lisp
[19.195s] [  0%] Built target actionlib_msgs_generate_messages_nodejs
[19.340s] [  0%] Built target actionlib_msgs_generate_messages_py
[19.482s] [  0%] Built target rosgraph_msgs_generate_messages_nodejs
[19.625s] [  0%] Built target roscpp_generate_messages_eus
[19.769s] [  0%] Built target jsk_footstep_msgs_generate_messages_cpp
[19.965s] [  0%] Built target roscpp_generate_messages_nodejs
[20.113s] [  0%] Built target jsk_recognition_msgs_generate_messages_nodejs
[20.254s] [  0%] Built target roscpp_generate_messages_py
[20.399s] [  0%] Built target autoware_msgs_generate_messages_eus
[20.542s] [  0%] Built target geometry_msgs_generate_messages_lisp
[20.687s] [  0%] Built target jsk_recognition_msgs_generate_messages_cpp
[20.849s] [  0%] Built target std_msgs_generate_messages_py
[21.038s] [  0%] Built target jsk_recognition_msgs_generate_messages_eus
[21.182s] [  0%] Built target jsk_recognition_msgs_generate_messages_lisp
[21.323s] [  0%] Built target rosgraph_msgs_generate_messages_py
[21.471s] [  0%] Built target tablet_socket_msgs_generate_messages_py
[21.618s] [  0%] Built target tablet_socket_msgs_generate_messages_eus
[21.764s] [  0%] Built target tablet_socket_msgs_generate_messages_nodejs
[22.046s] [ 50%] Built target mqtt_receiver
[22.272s] [100%] Built target mqtt_sender
[22.404s] [36mInstall the project...[0m
[22.460s] -- Install configuration: "Release"
[22.460s] -- Up-to-date: /home/capstone/autoware.ai/install/mqtt_socket/lib/pkgconfig/mqtt_socket.pc
[22.460s] -- Up-to-date: /home/capstone/autoware.ai/install/mqtt_socket/share/mqtt_socket/cmake/mqtt_socketConfig.cmake
[22.461s] -- Up-to-date: /home/capstone/autoware.ai/install/mqtt_socket/share/mqtt_socket/cmake/mqtt_socketConfig-version.cmake
[22.461s] -- Up-to-date: /home/capstone/autoware.ai/install/mqtt_socket/share/mqtt_socket/package.xml
[22.461s] -- Up-to-date: /home/capstone/autoware.ai/install/mqtt_socket/lib/mqtt_socket/mqtt_receiver
[22.462s] -- Up-to-date: /home/capstone/autoware.ai/install/mqtt_socket/lib/mqtt_socket/mqtt_sender
