[1.427s] [  0%] Built target _autoware_config_msgs_generate_messages_check_deps_ConfigNDTMappingOutput
[1.428s] [  0%] Built target std_msgs_generate_messages_eus
[1.677s] [  0%] Built target _autoware_config_msgs_generate_messages_check_deps_ConfigLaneSelect
[1.747s] [  0%] Built target _autoware_config_msgs_generate_messages_check_deps_ConfigCompareMapFilter
[1.754s] [  0%] Built target _autoware_config_msgs_generate_messages_check_deps_ConfigVelocitySet
[1.779s] [  0%] Built target _autoware_config_msgs_generate_messages_check_deps_ConfigTwistFilter
[1.793s] [  0%] Built target _autoware_config_msgs_generate_messages_check_deps_ConfigRingGroundFilter
[1.859s] [  0%] Built target _autoware_config_msgs_generate_messages_check_deps_ConfigRandomFilter
[1.911s] [  0%] Built target _autoware_config_msgs_generate_messages_check_deps_ConfigPedestrianFusion
[1.939s] [  0%] Built target _autoware_config_msgs_generate_messages_check_deps_ConfigLatticeVelocitySet
[1.962s] [  0%] Built target _autoware_config_msgs_generate_messages_check_deps_ConfigRcnn
[2.007s] [  0%] Built target _autoware_config_msgs_generate_messages_check_deps_ConfigCarDPM
[2.074s] [  0%] Built target _autoware_config_msgs_generate_messages_check_deps_ConfigApproximateNDTMapping
[2.360s] [  0%] Built target _autoware_config_msgs_generate_messages_check_deps_ConfigRingFilter
[2.621s] [  0%] Built target _autoware_config_msgs_generate_messages_check_deps_ConfigPedestrianKF
[2.688s] [  0%] Built target _autoware_config_msgs_generate_messages_check_deps_ConfigPedestrianDPM
[2.688s] [  0%] Built target _autoware_config_msgs_generate_messages_check_deps_ConfigDecisionMaker
[2.744s] [  0%] Built target _autoware_config_msgs_generate_messages_check_deps_ConfigNDT
[2.771s] [  0%] Built target _autoware_config_msgs_generate_messages_check_deps_ConfigSSD
[2.776s] [  0%] Built target _autoware_config_msgs_generate_messages_check_deps_ConfigLaneStop
[2.827s] [  0%] Built target _autoware_config_msgs_generate_messages_check_deps_ConfigPlannerSelector
[2.883s] [  0%] Built target _autoware_config_msgs_generate_messages_check_deps_ConfigDistanceFilter
[2.904s] [  0%] Built target _autoware_config_msgs_generate_messages_check_deps_ConfigLaneRule
[2.914s] [  0%] Built target _autoware_config_msgs_generate_messages_check_deps_ConfigICP
[2.955s] [  0%] Built target _autoware_config_msgs_generate_messages_check_deps_ConfigWaypointFollower
[3.091s] [  0%] Built target _autoware_config_msgs_generate_messages_check_deps_ConfigCarFusion
[3.270s] [  0%] Built target std_msgs_generate_messages_nodejs
[3.417s] [  0%] Built target std_msgs_generate_messages_lisp
[3.423s] [  0%] Built target _autoware_config_msgs_generate_messages_check_deps_ConfigPoints2Polygon
[3.459s] [  0%] Built target _autoware_config_msgs_generate_messages_check_deps_ConfigVoxelGridFilter
[3.482s] [  0%] Built target std_msgs_generate_messages_cpp
[3.505s] [  0%] Built target _autoware_config_msgs_generate_messages_check_deps_ConfigRayGroundFilter
[3.506s] [  0%] Built target _autoware_config_msgs_generate_messages_check_deps_ConfigNDTMapping
[3.523s] [  0%] Built target _autoware_config_msgs_generate_messages_check_deps_ConfigCarKF
[3.605s] [  0%] Built target _autoware_config_msgs_generate_messages_check_deps_ConfigWaypointReplanner
[3.639s] [  0%] Built target std_msgs_generate_messages_py
[3.946s] [ 20%] Built target autoware_config_msgs_generate_messages_eus
[3.999s] [ 39%] Built target autoware_config_msgs_generate_messages_lisp
[4.068s] [ 59%] Built target autoware_config_msgs_generate_messages_cpp
[4.073s] [ 79%] Built target autoware_config_msgs_generate_messages_py
[4.246s] [100%] Built target autoware_config_msgs_generate_messages_nodejs
[4.587s] [100%] Built target autoware_config_msgs_generate_messages
[7.047s] Built target tests
[9.122s] [  0%] Built target std_msgs_generate_messages_eus
[9.214s] [  0%] Built target _autoware_config_msgs_generate_messages_check_deps_ConfigLaneSelect
[9.289s] [  0%] Built target _autoware_config_msgs_generate_messages_check_deps_ConfigRingGroundFilter
[9.317s] [  0%] Built target _autoware_config_msgs_generate_messages_check_deps_ConfigRcnn
[9.339s] [  0%] Built target _autoware_config_msgs_generate_messages_check_deps_ConfigLatticeVelocitySet
[9.344s] [  0%] Built target _autoware_config_msgs_generate_messages_check_deps_ConfigCompareMapFilter
[9.390s] [  0%] Built target _autoware_config_msgs_generate_messages_check_deps_ConfigTwistFilter
[9.394s] [  0%] Built target _autoware_config_msgs_generate_messages_check_deps_ConfigVelocitySet
[9.399s] [  0%] Built target _autoware_config_msgs_generate_messages_check_deps_ConfigPedestrianFusion
[9.428s] [  0%] Built target _autoware_config_msgs_generate_messages_check_deps_ConfigCarDPM
[9.453s] [  0%] Built target _autoware_config_msgs_generate_messages_check_deps_ConfigNDTMappingOutput
[9.463s] [  0%] Built target _autoware_config_msgs_generate_messages_check_deps_ConfigRandomFilter
[9.547s] [  0%] Built target _autoware_config_msgs_generate_messages_check_deps_ConfigRingFilter
[9.591s] [  0%] Built target _autoware_config_msgs_generate_messages_check_deps_ConfigApproximateNDTMapping
[9.657s] [  0%] Built target _autoware_config_msgs_generate_messages_check_deps_ConfigPedestrianDPM
[9.724s] [  0%] Built target _autoware_config_msgs_generate_messages_check_deps_ConfigNDT
[9.733s] [  0%] Built target _autoware_config_msgs_generate_messages_check_deps_ConfigPlannerSelector
[9.739s] [  0%] Built target _autoware_config_msgs_generate_messages_check_deps_ConfigPedestrianKF
[9.742s] [  0%] Built target _autoware_config_msgs_generate_messages_check_deps_ConfigDistanceFilter
[9.777s] [  0%] Built target _autoware_config_msgs_generate_messages_check_deps_ConfigSSD
[9.787s] [  0%] Built target _autoware_config_msgs_generate_messages_check_deps_ConfigDecisionMaker
[9.794s] [  0%] Built target _autoware_config_msgs_generate_messages_check_deps_ConfigICP
[9.795s] [  0%] Built target _autoware_config_msgs_generate_messages_check_deps_ConfigLaneRule
[9.799s] [  0%] Built target _autoware_config_msgs_generate_messages_check_deps_ConfigLaneStop
[9.917s] [  0%] Built target _autoware_config_msgs_generate_messages_check_deps_ConfigWaypointFollower
[9.952s] [  0%] Built target _autoware_config_msgs_generate_messages_check_deps_ConfigCarFusion
[10.022s] [  0%] Built target std_msgs_generate_messages_nodejs
[10.023s] [  0%] Built target _autoware_config_msgs_generate_messages_check_deps_ConfigRayGroundFilter
[10.037s] [  0%] Built target std_msgs_generate_messages_cpp
[10.049s] [  0%] Built target std_msgs_generate_messages_py
[10.058s] [  0%] Built target std_msgs_generate_messages_lisp
[10.059s] [  0%] Built target _autoware_config_msgs_generate_messages_check_deps_ConfigWaypointReplanner
[10.082s] [  0%] Built target _autoware_config_msgs_generate_messages_check_deps_ConfigCarKF
[10.105s] [  0%] Built target _autoware_config_msgs_generate_messages_check_deps_ConfigPoints2Polygon
[10.117s] [  0%] Built target _autoware_config_msgs_generate_messages_check_deps_ConfigNDTMapping
[10.119s] [  0%] Built target _autoware_config_msgs_generate_messages_check_deps_ConfigVoxelGridFilter
[10.354s] [ 19%] Built target autoware_config_msgs_generate_messages_cpp
[10.380s] [ 38%] Built target autoware_config_msgs_generate_messages_lisp
[10.412s] [ 59%] Built target autoware_config_msgs_generate_messages_nodejs
[10.457s] [ 79%] Built target autoware_config_msgs_generate_messages_eus
[10.552s] [100%] Built target autoware_config_msgs_generate_messages_py
[10.869s] [100%] Built target autoware_config_msgs_generate_messages
[11.155s] [36mInstall the project...[0m
[11.231s] -- Install configuration: "Release"
[11.231s] -- Up-to-date: /home/capstone/autoware.ai/install/autoware_config_msgs/share/autoware_config_msgs/msg/ConfigApproximateNDTMapping.msg
[11.232s] -- Up-to-date: /home/capstone/autoware.ai/install/autoware_config_msgs/share/autoware_config_msgs/msg/ConfigCarDPM.msg
[11.232s] -- Up-to-date: /home/capstone/autoware.ai/install/autoware_config_msgs/share/autoware_config_msgs/msg/ConfigCarFusion.msg
[11.232s] -- Up-to-date: /home/capstone/autoware.ai/install/autoware_config_msgs/share/autoware_config_msgs/msg/ConfigCarKF.msg
[11.232s] -- Up-to-date: /home/capstone/autoware.ai/install/autoware_config_msgs/share/autoware_config_msgs/msg/ConfigCompareMapFilter.msg
[11.232s] -- Up-to-date: /home/capstone/autoware.ai/install/autoware_config_msgs/share/autoware_config_msgs/msg/ConfigDecisionMaker.msg
[11.233s] -- Up-to-date: /home/capstone/autoware.ai/install/autoware_config_msgs/share/autoware_config_msgs/msg/ConfigDistanceFilter.msg
[11.233s] -- Up-to-date: /home/capstone/autoware.ai/install/autoware_config_msgs/share/autoware_config_msgs/msg/ConfigICP.msg
[11.233s] -- Up-to-date: /home/capstone/autoware.ai/install/autoware_config_msgs/share/autoware_config_msgs/msg/ConfigLaneRule.msg
[11.233s] -- Up-to-date: /home/capstone/autoware.ai/install/autoware_config_msgs/share/autoware_config_msgs/msg/ConfigLaneSelect.msg
[11.233s] -- Up-to-date: /home/capstone/autoware.ai/install/autoware_config_msgs/share/autoware_config_msgs/msg/ConfigLaneStop.msg
[11.234s] -- Up-to-date: /home/capstone/autoware.ai/install/autoware_config_msgs/share/autoware_config_msgs/msg/ConfigLatticeVelocitySet.msg
[11.234s] -- Up-to-date: /home/capstone/autoware.ai/install/autoware_config_msgs/share/autoware_config_msgs/msg/ConfigNDT.msg
[11.234s] -- Up-to-date: /home/capstone/autoware.ai/install/autoware_config_msgs/share/autoware_config_msgs/msg/ConfigNDTMapping.msg
[11.235s] -- Up-to-date: /home/capstone/autoware.ai/install/autoware_config_msgs/share/autoware_config_msgs/msg/ConfigNDTMappingOutput.msg
[11.235s] -- Up-to-date: /home/capstone/autoware.ai/install/autoware_config_msgs/share/autoware_config_msgs/msg/ConfigPedestrianDPM.msg
[11.235s] -- Up-to-date: /home/capstone/autoware.ai/install/autoware_config_msgs/share/autoware_config_msgs/msg/ConfigPedestrianFusion.msg
[11.235s] -- Up-to-date: /home/capstone/autoware.ai/install/autoware_config_msgs/share/autoware_config_msgs/msg/ConfigPedestrianKF.msg
[11.236s] -- Up-to-date: /home/capstone/autoware.ai/install/autoware_config_msgs/share/autoware_config_msgs/msg/ConfigPlannerSelector.msg
[11.236s] -- Up-to-date: /home/capstone/autoware.ai/install/autoware_config_msgs/share/autoware_config_msgs/msg/ConfigPoints2Polygon.msg
[11.236s] -- Up-to-date: /home/capstone/autoware.ai/install/autoware_config_msgs/share/autoware_config_msgs/msg/ConfigRandomFilter.msg
[11.237s] -- Up-to-date: /home/capstone/autoware.ai/install/autoware_config_msgs/share/autoware_config_msgs/msg/ConfigRayGroundFilter.msg
[11.237s] -- Up-to-date: /home/capstone/autoware.ai/install/autoware_config_msgs/share/autoware_config_msgs/msg/ConfigRcnn.msg
[11.237s] -- Up-to-date: /home/capstone/autoware.ai/install/autoware_config_msgs/share/autoware_config_msgs/msg/ConfigRingFilter.msg
[11.237s] -- Up-to-date: /home/capstone/autoware.ai/install/autoware_config_msgs/share/autoware_config_msgs/msg/ConfigRingGroundFilter.msg
[11.237s] -- Up-to-date: /home/capstone/autoware.ai/install/autoware_config_msgs/share/autoware_config_msgs/msg/ConfigSSD.msg
[11.237s] -- Up-to-date: /home/capstone/autoware.ai/install/autoware_config_msgs/share/autoware_config_msgs/msg/ConfigTwistFilter.msg
[11.237s] -- Up-to-date: /home/capstone/autoware.ai/install/autoware_config_msgs/share/autoware_config_msgs/msg/ConfigVelocitySet.msg
[11.238s] -- Up-to-date: /home/capstone/autoware.ai/install/autoware_config_msgs/share/autoware_config_msgs/msg/ConfigVoxelGridFilter.msg
[11.238s] -- Up-to-date: /home/capstone/autoware.ai/install/autoware_config_msgs/share/autoware_config_msgs/msg/ConfigWaypointFollower.msg
[11.238s] -- Up-to-date: /home/capstone/autoware.ai/install/autoware_config_msgs/share/autoware_config_msgs/msg/ConfigWaypointReplanner.msg
[11.239s] -- Up-to-date: /home/capstone/autoware.ai/install/autoware_config_msgs/share/autoware_config_msgs/cmake/autoware_config_msgs-msg-paths.cmake
[11.239s] -- Up-to-date: /home/capstone/autoware.ai/install/autoware_config_msgs/include/autoware_config_msgs
[11.240s] -- Up-to-date: /home/capstone/autoware.ai/install/autoware_config_msgs/include/autoware_config_msgs/ConfigPedestrianDPM.h
[11.241s] -- Up-to-date: /home/capstone/autoware.ai/install/autoware_config_msgs/include/autoware_config_msgs/ConfigLaneStop.h
[11.241s] -- Up-to-date: /home/capstone/autoware.ai/install/autoware_config_msgs/include/autoware_config_msgs/ConfigRandomFilter.h
[11.241s] -- Up-to-date: /home/capstone/autoware.ai/install/autoware_config_msgs/include/autoware_config_msgs/ConfigPoints2Polygon.h
[11.242s] -- Up-to-date: /home/capstone/autoware.ai/install/autoware_config_msgs/include/autoware_config_msgs/ConfigVelocitySet.h
[11.242s] -- Up-to-date: /home/capstone/autoware.ai/install/autoware_config_msgs/include/autoware_config_msgs/ConfigNDTMappingOutput.h
[11.243s] -- Up-to-date: /home/capstone/autoware.ai/install/autoware_config_msgs/include/autoware_config_msgs/ConfigWaypointFollower.h
[11.243s] -- Up-to-date: /home/capstone/autoware.ai/install/autoware_config_msgs/include/autoware_config_msgs/ConfigDistanceFilter.h
[11.243s] -- Up-to-date: /home/capstone/autoware.ai/install/autoware_config_msgs/include/autoware_config_msgs/ConfigCarKF.h
[11.244s] -- Up-to-date: /home/capstone/autoware.ai/install/autoware_config_msgs/include/autoware_config_msgs/ConfigVoxelGridFilter.h
[11.244s] -- Up-to-date: /home/capstone/autoware.ai/install/autoware_config_msgs/include/autoware_config_msgs/ConfigLatticeVelocitySet.h
[11.244s] -- Up-to-date: /home/capstone/autoware.ai/install/autoware_config_msgs/include/autoware_config_msgs/ConfigRingGroundFilter.h
[11.244s] -- Up-to-date: /home/capstone/autoware.ai/install/autoware_config_msgs/include/autoware_config_msgs/ConfigCarFusion.h
[11.244s] -- Up-to-date: /home/capstone/autoware.ai/install/autoware_config_msgs/include/autoware_config_msgs/ConfigPedestrianFusion.h
[11.244s] -- Up-to-date: /home/capstone/autoware.ai/install/autoware_config_msgs/include/autoware_config_msgs/ConfigLaneRule.h
[11.244s] -- Up-to-date: /home/capstone/autoware.ai/install/autoware_config_msgs/include/autoware_config_msgs/ConfigCarDPM.h
[11.245s] -- Up-to-date: /home/capstone/autoware.ai/install/autoware_config_msgs/include/autoware_config_msgs/ConfigICP.h
[11.245s] -- Up-to-date: /home/capstone/autoware.ai/install/autoware_config_msgs/include/autoware_config_msgs/ConfigNDTMapping.h
[11.245s] -- Up-to-date: /home/capstone/autoware.ai/install/autoware_config_msgs/include/autoware_config_msgs/ConfigLaneSelect.h
[11.245s] -- Up-to-date: /home/capstone/autoware.ai/install/autoware_config_msgs/include/autoware_config_msgs/ConfigTwistFilter.h
[11.245s] -- Up-to-date: /home/capstone/autoware.ai/install/autoware_config_msgs/include/autoware_config_msgs/ConfigSSD.h
[11.245s] -- Up-to-date: /home/capstone/autoware.ai/install/autoware_config_msgs/include/autoware_config_msgs/ConfigRayGroundFilter.h
[11.245s] -- Up-to-date: /home/capstone/autoware.ai/install/autoware_config_msgs/include/autoware_config_msgs/ConfigDecisionMaker.h
[11.246s] -- Up-to-date: /home/capstone/autoware.ai/install/autoware_config_msgs/include/autoware_config_msgs/ConfigPedestrianKF.h
[11.246s] -- Up-to-date: /home/capstone/autoware.ai/install/autoware_config_msgs/include/autoware_config_msgs/ConfigWaypointReplanner.h
[11.246s] -- Up-to-date: /home/capstone/autoware.ai/install/autoware_config_msgs/include/autoware_config_msgs/ConfigRingFilter.h
[11.246s] -- Up-to-date: /home/capstone/autoware.ai/install/autoware_config_msgs/include/autoware_config_msgs/ConfigRcnn.h
[11.246s] -- Up-to-date: /home/capstone/autoware.ai/install/autoware_config_msgs/include/autoware_config_msgs/ConfigNDT.h
[11.246s] -- Up-to-date: /home/capstone/autoware.ai/install/autoware_config_msgs/include/autoware_config_msgs/ConfigCompareMapFilter.h
[11.247s] -- Up-to-date: /home/capstone/autoware.ai/install/autoware_config_msgs/include/autoware_config_msgs/ConfigApproximateNDTMapping.h
[11.247s] -- Up-to-date: /home/capstone/autoware.ai/install/autoware_config_msgs/include/autoware_config_msgs/ConfigPlannerSelector.h
[11.247s] -- Up-to-date: /home/capstone/autoware.ai/install/autoware_config_msgs/share/roseus/ros/autoware_config_msgs
[11.247s] -- Up-to-date: /home/capstone/autoware.ai/install/autoware_config_msgs/share/roseus/ros/autoware_config_msgs/manifest.l
[11.247s] -- Up-to-date: /home/capstone/autoware.ai/install/autoware_config_msgs/share/roseus/ros/autoware_config_msgs/msg
[11.247s] -- Up-to-date: /home/capstone/autoware.ai/install/autoware_config_msgs/share/roseus/ros/autoware_config_msgs/msg/ConfigNDTMapping.l
[11.247s] -- Up-to-date: /home/capstone/autoware.ai/install/autoware_config_msgs/share/roseus/ros/autoware_config_msgs/msg/ConfigVelocitySet.l
[11.248s] -- Up-to-date: /home/capstone/autoware.ai/install/autoware_config_msgs/share/roseus/ros/autoware_config_msgs/msg/ConfigDecisionMaker.l
[11.248s] -- Up-to-date: /home/capstone/autoware.ai/install/autoware_config_msgs/share/roseus/ros/autoware_config_msgs/msg/ConfigTwistFilter.l
[11.248s] -- Up-to-date: /home/capstone/autoware.ai/install/autoware_config_msgs/share/roseus/ros/autoware_config_msgs/msg/ConfigSSD.l
[11.248s] -- Up-to-date: /home/capstone/autoware.ai/install/autoware_config_msgs/share/roseus/ros/autoware_config_msgs/msg/ConfigCarDPM.l
[11.248s] -- Up-to-date: /home/capstone/autoware.ai/install/autoware_config_msgs/share/roseus/ros/autoware_config_msgs/msg/ConfigCompareMapFilter.l
[11.248s] -- Up-to-date: /home/capstone/autoware.ai/install/autoware_config_msgs/share/roseus/ros/autoware_config_msgs/msg/ConfigDistanceFilter.l
[11.248s] -- Up-to-date: /home/capstone/autoware.ai/install/autoware_config_msgs/share/roseus/ros/autoware_config_msgs/msg/ConfigCarKF.l
[11.249s] -- Up-to-date: /home/capstone/autoware.ai/install/autoware_config_msgs/share/roseus/ros/autoware_config_msgs/msg/ConfigLaneStop.l
[11.249s] -- Up-to-date: /home/capstone/autoware.ai/install/autoware_config_msgs/share/roseus/ros/autoware_config_msgs/msg/ConfigLaneSelect.l
[11.249s] -- Up-to-date: /home/capstone/autoware.ai/install/autoware_config_msgs/share/roseus/ros/autoware_config_msgs/msg/ConfigPoints2Polygon.l
[11.249s] -- Up-to-date: /home/capstone/autoware.ai/install/autoware_config_msgs/share/roseus/ros/autoware_config_msgs/msg/ConfigPedestrianKF.l
[11.249s] -- Up-to-date: /home/capstone/autoware.ai/install/autoware_config_msgs/share/roseus/ros/autoware_config_msgs/msg/ConfigWaypointReplanner.l
[11.253s] -- Up-to-date: /home/capstone/autoware.ai/install/autoware_config_msgs/share/roseus/ros/autoware_config_msgs/msg/ConfigWaypointFollower.l
[11.253s] -- Up-to-date: /home/capstone/autoware.ai/install/autoware_config_msgs/share/roseus/ros/autoware_config_msgs/msg/ConfigPlannerSelector.l
[11.253s] -- Up-to-date: /home/capstone/autoware.ai/install/autoware_config_msgs/share/roseus/ros/autoware_config_msgs/msg/ConfigCarFusion.l
[11.253s] -- Up-to-date: /home/capstone/autoware.ai/install/autoware_config_msgs/share/roseus/ros/autoware_config_msgs/msg/ConfigVoxelGridFilter.l
[11.254s] -- Up-to-date: /home/capstone/autoware.ai/install/autoware_config_msgs/share/roseus/ros/autoware_config_msgs/msg/ConfigPedestrianFusion.l
[11.254s] -- Up-to-date: /home/capstone/autoware.ai/install/autoware_config_msgs/share/roseus/ros/autoware_config_msgs/msg/ConfigApproximateNDTMapping.l
[11.254s] -- Up-to-date: /home/capstone/autoware.ai/install/autoware_config_msgs/share/roseus/ros/autoware_config_msgs/msg/ConfigRandomFilter.l
[11.254s] -- Up-to-date: /home/capstone/autoware.ai/install/autoware_config_msgs/share/roseus/ros/autoware_config_msgs/msg/ConfigNDTMappingOutput.l
[11.254s] -- Up-to-date: /home/capstone/autoware.ai/install/autoware_config_msgs/share/roseus/ros/autoware_config_msgs/msg/ConfigPedestrianDPM.l
[11.254s] -- Up-to-date: /home/capstone/autoware.ai/install/autoware_config_msgs/share/roseus/ros/autoware_config_msgs/msg/ConfigNDT.l
[11.254s] -- Up-to-date: /home/capstone/autoware.ai/install/autoware_config_msgs/share/roseus/ros/autoware_config_msgs/msg/ConfigRingFilter.l
[11.255s] -- Up-to-date: /home/capstone/autoware.ai/install/autoware_config_msgs/share/roseus/ros/autoware_config_msgs/msg/ConfigRayGroundFilter.l
[11.255s] -- Up-to-date: /home/capstone/autoware.ai/install/autoware_config_msgs/share/roseus/ros/autoware_config_msgs/msg/ConfigRcnn.l
[11.255s] -- Up-to-date: /home/capstone/autoware.ai/install/autoware_config_msgs/share/roseus/ros/autoware_config_msgs/msg/ConfigLaneRule.l
[11.255s] -- Up-to-date: /home/capstone/autoware.ai/install/autoware_config_msgs/share/roseus/ros/autoware_config_msgs/msg/ConfigLatticeVelocitySet.l
[11.255s] -- Up-to-date: /home/capstone/autoware.ai/install/autoware_config_msgs/share/roseus/ros/autoware_config_msgs/msg/ConfigICP.l
[11.255s] -- Up-to-date: /home/capstone/autoware.ai/install/autoware_config_msgs/share/roseus/ros/autoware_config_msgs/msg/ConfigRingGroundFilter.l
[11.256s] -- Up-to-date: /home/capstone/autoware.ai/install/autoware_config_msgs/share/common-lisp/ros/autoware_config_msgs
[11.256s] -- Up-to-date: /home/capstone/autoware.ai/install/autoware_config_msgs/share/common-lisp/ros/autoware_config_msgs/msg
[11.256s] -- Up-to-date: /home/capstone/autoware.ai/install/autoware_config_msgs/share/common-lisp/ros/autoware_config_msgs/msg/_package_ConfigNDT.lisp
[11.256s] -- Up-to-date: /home/capstone/autoware.ai/install/autoware_config_msgs/share/common-lisp/ros/autoware_config_msgs/msg/ConfigDistanceFilter.lisp
[11.256s] -- Up-to-date: /home/capstone/autoware.ai/install/autoware_config_msgs/share/common-lisp/ros/autoware_config_msgs/msg/ConfigPedestrianDPM.lisp
[11.256s] -- Up-to-date: /home/capstone/autoware.ai/install/autoware_config_msgs/share/common-lisp/ros/autoware_config_msgs/msg/ConfigWaypointReplanner.lisp
[11.256s] -- Up-to-date: /home/capstone/autoware.ai/install/autoware_config_msgs/share/common-lisp/ros/autoware_config_msgs/msg/_package_ConfigTwistFilter.lisp
[11.257s] -- Up-to-date: /home/capstone/autoware.ai/install/autoware_config_msgs/share/common-lisp/ros/autoware_config_msgs/msg/ConfigRingFilter.lisp
[11.257s] -- Up-to-date: /home/capstone/autoware.ai/install/autoware_config_msgs/share/common-lisp/ros/autoware_config_msgs/msg/ConfigPedestrianFusion.lisp
[11.257s] -- Up-to-date: /home/capstone/autoware.ai/install/autoware_config_msgs/share/common-lisp/ros/autoware_config_msgs/msg/_package_ConfigRandomFilter.lisp
[11.257s] -- Up-to-date: /home/capstone/autoware.ai/install/autoware_config_msgs/share/common-lisp/ros/autoware_config_msgs/msg/_package_ConfigPoints2Polygon.lisp
[11.257s] -- Up-to-date: /home/capstone/autoware.ai/install/autoware_config_msgs/share/common-lisp/ros/autoware_config_msgs/msg/ConfigRayGroundFilter.lisp
[11.258s] -- Up-to-date: /home/capstone/autoware.ai/install/autoware_config_msgs/share/common-lisp/ros/autoware_config_msgs/msg/_package_ConfigRingGroundFilter.lisp
[11.258s] -- Up-to-date: /home/capstone/autoware.ai/install/autoware_config_msgs/share/common-lisp/ros/autoware_config_msgs/msg/_package_ConfigCarKF.lisp
[11.259s] -- Up-to-date: /home/capstone/autoware.ai/install/autoware_config_msgs/share/common-lisp/ros/autoware_config_msgs/msg/ConfigRcnn.lisp
[11.259s] -- Up-to-date: /home/capstone/autoware.ai/install/autoware_config_msgs/share/common-lisp/ros/autoware_config_msgs/msg/ConfigCarFusion.lisp
[11.259s] -- Up-to-date: /home/capstone/autoware.ai/install/autoware_config_msgs/share/common-lisp/ros/autoware_config_msgs/msg/_package_ConfigApproximateNDTMapping.lisp
[11.266s] -- Up-to-date: /home/capstone/autoware.ai/install/autoware_config_msgs/share/common-lisp/ros/autoware_config_msgs/msg/_package_ConfigCarFusion.lisp
[11.267s] -- Up-to-date: /home/capstone/autoware.ai/install/autoware_config_msgs/share/common-lisp/ros/autoware_config_msgs/msg/ConfigPlannerSelector.lisp
[11.267s] -- Up-to-date: /home/capstone/autoware.ai/install/autoware_config_msgs/share/common-lisp/ros/autoware_config_msgs/msg/ConfigLaneStop.lisp
[11.267s] -- Up-to-date: /home/capstone/autoware.ai/install/autoware_config_msgs/share/common-lisp/ros/autoware_config_msgs/msg/ConfigLaneRule.lisp
[11.267s] -- Up-to-date: /home/capstone/autoware.ai/install/autoware_config_msgs/share/common-lisp/ros/autoware_config_msgs/msg/ConfigCompareMapFilter.lisp
[11.267s] -- Up-to-date: /home/capstone/autoware.ai/install/autoware_config_msgs/share/common-lisp/ros/autoware_config_msgs/msg/ConfigLatticeVelocitySet.lisp
[11.268s] -- Up-to-date: /home/capstone/autoware.ai/install/autoware_config_msgs/share/common-lisp/ros/autoware_config_msgs/msg/_package_ConfigWaypointReplanner.lisp
[11.268s] -- Up-to-date: /home/capstone/autoware.ai/install/autoware_config_msgs/share/common-lisp/ros/autoware_config_msgs/msg/ConfigLaneSelect.lisp
[11.268s] -- Up-to-date: /home/capstone/autoware.ai/install/autoware_config_msgs/share/common-lisp/ros/autoware_config_msgs/msg/_package_ConfigVoxelGridFilter.lisp
[11.268s] -- Up-to-date: /home/capstone/autoware.ai/install/autoware_config_msgs/share/common-lisp/ros/autoware_config_msgs/msg/ConfigCarKF.lisp
[11.268s] -- Up-to-date: /home/capstone/autoware.ai/install/autoware_config_msgs/share/common-lisp/ros/autoware_config_msgs/msg/_package_ConfigICP.lisp
[11.268s] -- Up-to-date: /home/capstone/autoware.ai/install/autoware_config_msgs/share/common-lisp/ros/autoware_config_msgs/msg/_package_ConfigPedestrianDPM.lisp
[11.269s] -- Up-to-date: /home/capstone/autoware.ai/install/autoware_config_msgs/share/common-lisp/ros/autoware_config_msgs/msg/ConfigPoints2Polygon.lisp
[11.269s] -- Up-to-date: /home/capstone/autoware.ai/install/autoware_config_msgs/share/common-lisp/ros/autoware_config_msgs/msg/ConfigNDTMapping.lisp
[11.269s] -- Up-to-date: /home/capstone/autoware.ai/install/autoware_config_msgs/share/common-lisp/ros/autoware_config_msgs/msg/_package_ConfigLatticeVelocitySet.lisp
[11.269s] -- Up-to-date: /home/capstone/autoware.ai/install/autoware_config_msgs/share/common-lisp/ros/autoware_config_msgs/msg/_package_ConfigDecisionMaker.lisp
[11.269s] -- Up-to-date: /home/capstone/autoware.ai/install/autoware_config_msgs/share/common-lisp/ros/autoware_config_msgs/msg/_package_ConfigRcnn.lisp
[11.270s] -- Up-to-date: /home/capstone/autoware.ai/install/autoware_config_msgs/share/common-lisp/ros/autoware_config_msgs/msg/_package_ConfigPedestrianFusion.lisp
[11.270s] -- Up-to-date: /home/capstone/autoware.ai/install/autoware_config_msgs/share/common-lisp/ros/autoware_config_msgs/msg/_package_ConfigRingFilter.lisp
[11.270s] -- Up-to-date: /home/capstone/autoware.ai/install/autoware_config_msgs/share/common-lisp/ros/autoware_config_msgs/msg/_package.lisp
[11.270s] -- Up-to-date: /home/capstone/autoware.ai/install/autoware_config_msgs/share/common-lisp/ros/autoware_config_msgs/msg/_package_ConfigDistanceFilter.lisp
[11.270s] -- Up-to-date: /home/capstone/autoware.ai/install/autoware_config_msgs/share/common-lisp/ros/autoware_config_msgs/msg/_package_ConfigCarDPM.lisp
[11.270s] -- Up-to-date: /home/capstone/autoware.ai/install/autoware_config_msgs/share/common-lisp/ros/autoware_config_msgs/msg/ConfigVoxelGridFilter.lisp
[11.270s] -- Up-to-date: /home/capstone/autoware.ai/install/autoware_config_msgs/share/common-lisp/ros/autoware_config_msgs/msg/_package_ConfigWaypointFollower.lisp
[11.271s] -- Up-to-date: /home/capstone/autoware.ai/install/autoware_config_msgs/share/common-lisp/ros/autoware_config_msgs/msg/ConfigRingGroundFilter.lisp
[11.271s] -- Up-to-date: /home/capstone/autoware.ai/install/autoware_config_msgs/share/common-lisp/ros/autoware_config_msgs/msg/_package_ConfigNDTMapping.lisp
[11.271s] -- Up-to-date: /home/capstone/autoware.ai/install/autoware_config_msgs/share/common-lisp/ros/autoware_config_msgs/msg/_package_ConfigCompareMapFilter.lisp
[11.271s] -- Up-to-date: /home/capstone/autoware.ai/install/autoware_config_msgs/share/common-lisp/ros/autoware_config_msgs/msg/_package_ConfigNDTMappingOutput.lisp
[11.271s] -- Up-to-date: /home/capstone/autoware.ai/install/autoware_config_msgs/share/common-lisp/ros/autoware_config_msgs/msg/_package_ConfigSSD.lisp
[11.271s] -- Up-to-date: /home/capstone/autoware.ai/install/autoware_config_msgs/share/common-lisp/ros/autoware_config_msgs/msg/_package_ConfigPlannerSelector.lisp
[11.272s] -- Up-to-date: /home/capstone/autoware.ai/install/autoware_config_msgs/share/common-lisp/ros/autoware_config_msgs/msg/autoware_config_msgs-msg.asd
[11.272s] -- Up-to-date: /home/capstone/autoware.ai/install/autoware_config_msgs/share/common-lisp/ros/autoware_config_msgs/msg/ConfigTwistFilter.lisp
[11.272s] -- Up-to-date: /home/capstone/autoware.ai/install/autoware_config_msgs/share/common-lisp/ros/autoware_config_msgs/msg/_package_ConfigLaneSelect.lisp
[11.272s] -- Up-to-date: /home/capstone/autoware.ai/install/autoware_config_msgs/share/common-lisp/ros/autoware_config_msgs/msg/ConfigRandomFilter.lisp
[11.272s] -- Up-to-date: /home/capstone/autoware.ai/install/autoware_config_msgs/share/common-lisp/ros/autoware_config_msgs/msg/_package_ConfigVelocitySet.lisp
[11.272s] -- Up-to-date: /home/capstone/autoware.ai/install/autoware_config_msgs/share/common-lisp/ros/autoware_config_msgs/msg/_package_ConfigPedestrianKF.lisp
[11.273s] -- Up-to-date: /home/capstone/autoware.ai/install/autoware_config_msgs/share/common-lisp/ros/autoware_config_msgs/msg/ConfigDecisionMaker.lisp
[11.273s] -- Up-to-date: /home/capstone/autoware.ai/install/autoware_config_msgs/share/common-lisp/ros/autoware_config_msgs/msg/ConfigNDTMappingOutput.lisp
[11.273s] -- Up-to-date: /home/capstone/autoware.ai/install/autoware_config_msgs/share/common-lisp/ros/autoware_config_msgs/msg/_package_ConfigLaneRule.lisp
[11.273s] -- Up-to-date: /home/capstone/autoware.ai/install/autoware_config_msgs/share/common-lisp/ros/autoware_config_msgs/msg/ConfigCarDPM.lisp
[11.273s] -- Up-to-date: /home/capstone/autoware.ai/install/autoware_config_msgs/share/common-lisp/ros/autoware_config_msgs/msg/_package_ConfigRayGroundFilter.lisp
[11.273s] -- Up-to-date: /home/capstone/autoware.ai/install/autoware_config_msgs/share/common-lisp/ros/autoware_config_msgs/msg/_package_ConfigLaneStop.lisp
[11.274s] -- Up-to-date: /home/capstone/autoware.ai/install/autoware_config_msgs/share/common-lisp/ros/autoware_config_msgs/msg/ConfigSSD.lisp
[11.274s] -- Up-to-date: /home/capstone/autoware.ai/install/autoware_config_msgs/share/common-lisp/ros/autoware_config_msgs/msg/ConfigNDT.lisp
[11.274s] -- Up-to-date: /home/capstone/autoware.ai/install/autoware_config_msgs/share/common-lisp/ros/autoware_config_msgs/msg/ConfigWaypointFollower.lisp
[11.274s] -- Up-to-date: /home/capstone/autoware.ai/install/autoware_config_msgs/share/common-lisp/ros/autoware_config_msgs/msg/ConfigICP.lisp
[11.274s] -- Up-to-date: /home/capstone/autoware.ai/install/autoware_config_msgs/share/common-lisp/ros/autoware_config_msgs/msg/ConfigApproximateNDTMapping.lisp
[11.274s] -- Up-to-date: /home/capstone/autoware.ai/install/autoware_config_msgs/share/common-lisp/ros/autoware_config_msgs/msg/ConfigVelocitySet.lisp
[11.275s] -- Up-to-date: /home/capstone/autoware.ai/install/autoware_config_msgs/share/common-lisp/ros/autoware_config_msgs/msg/ConfigPedestrianKF.lisp
[11.275s] -- Up-to-date: /home/capstone/autoware.ai/install/autoware_config_msgs/share/gennodejs/ros/autoware_config_msgs
[11.275s] -- Up-to-date: /home/capstone/autoware.ai/install/autoware_config_msgs/share/gennodejs/ros/autoware_config_msgs/_index.js
[11.275s] -- Up-to-date: /home/capstone/autoware.ai/install/autoware_config_msgs/share/gennodejs/ros/autoware_config_msgs/msg
[11.275s] -- Up-to-date: /home/capstone/autoware.ai/install/autoware_config_msgs/share/gennodejs/ros/autoware_config_msgs/msg/ConfigTwistFilter.js
[11.275s] -- Up-to-date: /home/capstone/autoware.ai/install/autoware_config_msgs/share/gennodejs/ros/autoware_config_msgs/msg/ConfigPedestrianDPM.js
[11.276s] -- Up-to-date: /home/capstone/autoware.ai/install/autoware_config_msgs/share/gennodejs/ros/autoware_config_msgs/msg/ConfigLaneSelect.js
[11.276s] -- Up-to-date: /home/capstone/autoware.ai/install/autoware_config_msgs/share/gennodejs/ros/autoware_config_msgs/msg/ConfigRingFilter.js
[11.276s] -- Up-to-date: /home/capstone/autoware.ai/install/autoware_config_msgs/share/gennodejs/ros/autoware_config_msgs/msg/ConfigCarFusion.js
[11.276s] -- Up-to-date: /home/capstone/autoware.ai/install/autoware_config_msgs/share/gennodejs/ros/autoware_config_msgs/msg/_index.js
[11.276s] -- Up-to-date: /home/capstone/autoware.ai/install/autoware_config_msgs/share/gennodejs/ros/autoware_config_msgs/msg/ConfigPedestrianFusion.js
[11.276s] -- Up-to-date: /home/capstone/autoware.ai/install/autoware_config_msgs/share/gennodejs/ros/autoware_config_msgs/msg/ConfigNDTMappingOutput.js
[11.276s] -- Up-to-date: /home/capstone/autoware.ai/install/autoware_config_msgs/share/gennodejs/ros/autoware_config_msgs/msg/ConfigRcnn.js
[11.277s] -- Up-to-date: /home/capstone/autoware.ai/install/autoware_config_msgs/share/gennodejs/ros/autoware_config_msgs/msg/ConfigPoints2Polygon.js
[11.277s] -- Up-to-date: /home/capstone/autoware.ai/install/autoware_config_msgs/share/gennodejs/ros/autoware_config_msgs/msg/ConfigVoxelGridFilter.js
[11.277s] -- Up-to-date: /home/capstone/autoware.ai/install/autoware_config_msgs/share/gennodejs/ros/autoware_config_msgs/msg/ConfigWaypointReplanner.js
[11.277s] -- Up-to-date: /home/capstone/autoware.ai/install/autoware_config_msgs/share/gennodejs/ros/autoware_config_msgs/msg/ConfigCarKF.js
[11.277s] -- Up-to-date: /home/capstone/autoware.ai/install/autoware_config_msgs/share/gennodejs/ros/autoware_config_msgs/msg/ConfigNDT.js
[11.277s] -- Up-to-date: /home/capstone/autoware.ai/install/autoware_config_msgs/share/gennodejs/ros/autoware_config_msgs/msg/ConfigLaneStop.js
[11.278s] -- Up-to-date: /home/capstone/autoware.ai/install/autoware_config_msgs/share/gennodejs/ros/autoware_config_msgs/msg/ConfigPlannerSelector.js
[11.278s] -- Up-to-date: /home/capstone/autoware.ai/install/autoware_config_msgs/share/gennodejs/ros/autoware_config_msgs/msg/ConfigWaypointFollower.js
[11.278s] -- Up-to-date: /home/capstone/autoware.ai/install/autoware_config_msgs/share/gennodejs/ros/autoware_config_msgs/msg/ConfigRayGroundFilter.js
[11.278s] -- Up-to-date: /home/capstone/autoware.ai/install/autoware_config_msgs/share/gennodejs/ros/autoware_config_msgs/msg/ConfigLaneRule.js
[11.278s] -- Up-to-date: /home/capstone/autoware.ai/install/autoware_config_msgs/share/gennodejs/ros/autoware_config_msgs/msg/ConfigLatticeVelocitySet.js
[11.278s] -- Up-to-date: /home/capstone/autoware.ai/install/autoware_config_msgs/share/gennodejs/ros/autoware_config_msgs/msg/ConfigCompareMapFilter.js
[11.279s] -- Up-to-date: /home/capstone/autoware.ai/install/autoware_config_msgs/share/gennodejs/ros/autoware_config_msgs/msg/ConfigVelocitySet.js
[11.279s] -- Up-to-date: /home/capstone/autoware.ai/install/autoware_config_msgs/share/gennodejs/ros/autoware_config_msgs/msg/ConfigDecisionMaker.js
[11.279s] -- Up-to-date: /home/capstone/autoware.ai/install/autoware_config_msgs/share/gennodejs/ros/autoware_config_msgs/msg/ConfigRingGroundFilter.js
[11.280s] -- Up-to-date: /home/capstone/autoware.ai/install/autoware_config_msgs/share/gennodejs/ros/autoware_config_msgs/msg/ConfigNDTMapping.js
[11.280s] -- Up-to-date: /home/capstone/autoware.ai/install/autoware_config_msgs/share/gennodejs/ros/autoware_config_msgs/msg/ConfigSSD.js
[11.281s] -- Up-to-date: /home/capstone/autoware.ai/install/autoware_config_msgs/share/gennodejs/ros/autoware_config_msgs/msg/ConfigApproximateNDTMapping.js
[11.281s] -- Up-to-date: /home/capstone/autoware.ai/install/autoware_config_msgs/share/gennodejs/ros/autoware_config_msgs/msg/ConfigRandomFilter.js
[11.281s] -- Up-to-date: /home/capstone/autoware.ai/install/autoware_config_msgs/share/gennodejs/ros/autoware_config_msgs/msg/ConfigPedestrianKF.js
[11.281s] -- Up-to-date: /home/capstone/autoware.ai/install/autoware_config_msgs/share/gennodejs/ros/autoware_config_msgs/msg/ConfigCarDPM.js
[11.281s] -- Up-to-date: /home/capstone/autoware.ai/install/autoware_config_msgs/share/gennodejs/ros/autoware_config_msgs/msg/ConfigICP.js
[11.281s] -- Up-to-date: /home/capstone/autoware.ai/install/autoware_config_msgs/share/gennodejs/ros/autoware_config_msgs/msg/ConfigDistanceFilter.js
[11.515s] Listing /home/capstone/autoware.ai/build/autoware_config_msgs/devel/lib/python2.7/dist-packages/autoware_config_msgs ...
[11.515s] Listing /home/capstone/autoware.ai/build/autoware_config_msgs/devel/lib/python2.7/dist-packages/autoware_config_msgs/msg ...
[11.518s] -- Up-to-date: /home/capstone/autoware.ai/install/autoware_config_msgs/lib/python2.7/dist-packages/autoware_config_msgs
[11.518s] -- Up-to-date: /home/capstone/autoware.ai/install/autoware_config_msgs/lib/python2.7/dist-packages/autoware_config_msgs/__init__.pyc
[11.518s] -- Up-to-date: /home/capstone/autoware.ai/install/autoware_config_msgs/lib/python2.7/dist-packages/autoware_config_msgs/__init__.py
[11.519s] -- Up-to-date: /home/capstone/autoware.ai/install/autoware_config_msgs/lib/python2.7/dist-packages/autoware_config_msgs/msg
[11.519s] -- Up-to-date: /home/capstone/autoware.ai/install/autoware_config_msgs/lib/python2.7/dist-packages/autoware_config_msgs/msg/_ConfigRcnn.pyc
[11.519s] -- Up-to-date: /home/capstone/autoware.ai/install/autoware_config_msgs/lib/python2.7/dist-packages/autoware_config_msgs/msg/_ConfigPedestrianDPM.py
[11.519s] -- Up-to-date: /home/capstone/autoware.ai/install/autoware_config_msgs/lib/python2.7/dist-packages/autoware_config_msgs/msg/_ConfigPedestrianFusion.py
[11.519s] -- Up-to-date: /home/capstone/autoware.ai/install/autoware_config_msgs/lib/python2.7/dist-packages/autoware_config_msgs/msg/_ConfigLaneStop.pyc
[11.520s] -- Up-to-date: /home/capstone/autoware.ai/install/autoware_config_msgs/lib/python2.7/dist-packages/autoware_config_msgs/msg/_ConfigPedestrianKF.py
[11.520s] -- Up-to-date: /home/capstone/autoware.ai/install/autoware_config_msgs/lib/python2.7/dist-packages/autoware_config_msgs/msg/_ConfigNDT.py
[11.520s] -- Up-to-date: /home/capstone/autoware.ai/install/autoware_config_msgs/lib/python2.7/dist-packages/autoware_config_msgs/msg/_ConfigPoints2Polygon.py
[11.520s] -- Up-to-date: /home/capstone/autoware.ai/install/autoware_config_msgs/lib/python2.7/dist-packages/autoware_config_msgs/msg/_ConfigDistanceFilter.py
[11.520s] -- Up-to-date: /home/capstone/autoware.ai/install/autoware_config_msgs/lib/python2.7/dist-packages/autoware_config_msgs/msg/_ConfigCarKF.py
[11.520s] -- Up-to-date: /home/capstone/autoware.ai/install/autoware_config_msgs/lib/python2.7/dist-packages/autoware_config_msgs/msg/_ConfigRayGroundFilter.pyc
[11.520s] -- Up-to-date: /home/capstone/autoware.ai/install/autoware_config_msgs/lib/python2.7/dist-packages/autoware_config_msgs/msg/_ConfigCarKF.pyc
[11.521s] -- Up-to-date: /home/capstone/autoware.ai/install/autoware_config_msgs/lib/python2.7/dist-packages/autoware_config_msgs/msg/_ConfigRayGroundFilter.py
[11.521s] -- Up-to-date: /home/capstone/autoware.ai/install/autoware_config_msgs/lib/python2.7/dist-packages/autoware_config_msgs/msg/_ConfigCarDPM.py
[11.521s] -- Up-to-date: /home/capstone/autoware.ai/install/autoware_config_msgs/lib/python2.7/dist-packages/autoware_config_msgs/msg/_ConfigICP.pyc
[11.521s] -- Up-to-date: /home/capstone/autoware.ai/install/autoware_config_msgs/lib/python2.7/dist-packages/autoware_config_msgs/msg/_ConfigWaypointReplanner.py
[11.522s] -- Up-to-date: /home/capstone/autoware.ai/install/autoware_config_msgs/lib/python2.7/dist-packages/autoware_config_msgs/msg/_ConfigLaneRule.pyc
[11.522s] -- Up-to-date: /home/capstone/autoware.ai/install/autoware_config_msgs/lib/python2.7/dist-packages/autoware_config_msgs/msg/_ConfigWaypointReplanner.pyc
[11.522s] -- Up-to-date: /home/capstone/autoware.ai/install/autoware_config_msgs/lib/python2.7/dist-packages/autoware_config_msgs/msg/_ConfigLaneStop.py
[11.522s] -- Up-to-date: /home/capstone/autoware.ai/install/autoware_config_msgs/lib/python2.7/dist-packages/autoware_config_msgs/msg/_ConfigVoxelGridFilter.py
[11.522s] -- Up-to-date: /home/capstone/autoware.ai/install/autoware_config_msgs/lib/python2.7/dist-packages/autoware_config_msgs/msg/_ConfigTwistFilter.pyc
[11.522s] -- Up-to-date: /home/capstone/autoware.ai/install/autoware_config_msgs/lib/python2.7/dist-packages/autoware_config_msgs/msg/_ConfigApproximateNDTMapping.py
[11.523s] -- Up-to-date: /home/capstone/autoware.ai/install/autoware_config_msgs/lib/python2.7/dist-packages/autoware_config_msgs/msg/_ConfigVoxelGridFilter.pyc
[11.523s] -- Up-to-date: /home/capstone/autoware.ai/install/autoware_config_msgs/lib/python2.7/dist-packages/autoware_config_msgs/msg/_ConfigDistanceFilter.pyc
[11.523s] -- Up-to-date: /home/capstone/autoware.ai/install/autoware_config_msgs/lib/python2.7/dist-packages/autoware_config_msgs/msg/_ConfigNDT.pyc
[11.523s] -- Up-to-date: /home/capstone/autoware.ai/install/autoware_config_msgs/lib/python2.7/dist-packages/autoware_config_msgs/msg/_ConfigCompareMapFilter.py
[11.523s] -- Up-to-date: /home/capstone/autoware.ai/install/autoware_config_msgs/lib/python2.7/dist-packages/autoware_config_msgs/msg/_ConfigSSD.pyc
[11.523s] -- Up-to-date: /home/capstone/autoware.ai/install/autoware_config_msgs/lib/python2.7/dist-packages/autoware_config_msgs/msg/_ConfigRandomFilter.py
[11.523s] -- Up-to-date: /home/capstone/autoware.ai/install/autoware_config_msgs/lib/python2.7/dist-packages/autoware_config_msgs/msg/_ConfigRingFilter.py
[11.524s] -- Up-to-date: /home/capstone/autoware.ai/install/autoware_config_msgs/lib/python2.7/dist-packages/autoware_config_msgs/msg/_ConfigRingFilter.pyc
[11.524s] -- Up-to-date: /home/capstone/autoware.ai/install/autoware_config_msgs/lib/python2.7/dist-packages/autoware_config_msgs/msg/_ConfigICP.py
[11.524s] -- Up-to-date: /home/capstone/autoware.ai/install/autoware_config_msgs/lib/python2.7/dist-packages/autoware_config_msgs/msg/_ConfigLatticeVelocitySet.py
[11.524s] -- Up-to-date: /home/capstone/autoware.ai/install/autoware_config_msgs/lib/python2.7/dist-packages/autoware_config_msgs/msg/_ConfigPoints2Polygon.pyc
[11.524s] -- Up-to-date: /home/capstone/autoware.ai/install/autoware_config_msgs/lib/python2.7/dist-packages/autoware_config_msgs/msg/_ConfigVelocitySet.py
[11.524s] -- Up-to-date: /home/capstone/autoware.ai/install/autoware_config_msgs/lib/python2.7/dist-packages/autoware_config_msgs/msg/_ConfigNDTMappingOutput.pyc
[11.525s] -- Up-to-date: /home/capstone/autoware.ai/install/autoware_config_msgs/lib/python2.7/dist-packages/autoware_config_msgs/msg/_ConfigNDTMappingOutput.py
[11.525s] -- Up-to-date: /home/capstone/autoware.ai/install/autoware_config_msgs/lib/python2.7/dist-packages/autoware_config_msgs/msg/_ConfigRingGroundFilter.py
[11.525s] -- Up-to-date: /home/capstone/autoware.ai/install/autoware_config_msgs/lib/python2.7/dist-packages/autoware_config_msgs/msg/_ConfigRcnn.py
[11.525s] -- Up-to-date: /home/capstone/autoware.ai/install/autoware_config_msgs/lib/python2.7/dist-packages/autoware_config_msgs/msg/_ConfigPedestrianFusion.pyc
[11.525s] -- Up-to-date: /home/capstone/autoware.ai/install/autoware_config_msgs/lib/python2.7/dist-packages/autoware_config_msgs/msg/_ConfigDecisionMaker.pyc
[11.525s] -- Up-to-date: /home/capstone/autoware.ai/install/autoware_config_msgs/lib/python2.7/dist-packages/autoware_config_msgs/msg/_ConfigTwistFilter.py
[11.525s] -- Up-to-date: /home/capstone/autoware.ai/install/autoware_config_msgs/lib/python2.7/dist-packages/autoware_config_msgs/msg/_ConfigPlannerSelector.pyc
[11.526s] -- Up-to-date: /home/capstone/autoware.ai/install/autoware_config_msgs/lib/python2.7/dist-packages/autoware_config_msgs/msg/_ConfigSSD.py
[11.526s] -- Up-to-date: /home/capstone/autoware.ai/install/autoware_config_msgs/lib/python2.7/dist-packages/autoware_config_msgs/msg/_ConfigApproximateNDTMapping.pyc
[11.526s] -- Up-to-date: /home/capstone/autoware.ai/install/autoware_config_msgs/lib/python2.7/dist-packages/autoware_config_msgs/msg/_ConfigPedestrianKF.pyc
[11.526s] -- Up-to-date: /home/capstone/autoware.ai/install/autoware_config_msgs/lib/python2.7/dist-packages/autoware_config_msgs/msg/_ConfigPlannerSelector.py
[11.526s] -- Up-to-date: /home/capstone/autoware.ai/install/autoware_config_msgs/lib/python2.7/dist-packages/autoware_config_msgs/msg/_ConfigCompareMapFilter.pyc
[11.527s] -- Up-to-date: /home/capstone/autoware.ai/install/autoware_config_msgs/lib/python2.7/dist-packages/autoware_config_msgs/msg/_ConfigPedestrianDPM.pyc
[11.527s] -- Up-to-date: /home/capstone/autoware.ai/install/autoware_config_msgs/lib/python2.7/dist-packages/autoware_config_msgs/msg/_ConfigLaneSelect.pyc
[11.531s] -- Up-to-date: /home/capstone/autoware.ai/install/autoware_config_msgs/lib/python2.7/dist-packages/autoware_config_msgs/msg/_ConfigVelocitySet.pyc
[11.532s] -- Up-to-date: /home/capstone/autoware.ai/install/autoware_config_msgs/lib/python2.7/dist-packages/autoware_config_msgs/msg/_ConfigNDTMapping.py
[11.532s] -- Up-to-date: /home/capstone/autoware.ai/install/autoware_config_msgs/lib/python2.7/dist-packages/autoware_config_msgs/msg/_ConfigWaypointFollower.pyc
[11.532s] -- Up-to-date: /home/capstone/autoware.ai/install/autoware_config_msgs/lib/python2.7/dist-packages/autoware_config_msgs/msg/_ConfigCarFusion.pyc
[11.534s] -- Up-to-date: /home/capstone/autoware.ai/install/autoware_config_msgs/lib/python2.7/dist-packages/autoware_config_msgs/msg/_ConfigCarDPM.pyc
[11.535s] -- Up-to-date: /home/capstone/autoware.ai/install/autoware_config_msgs/lib/python2.7/dist-packages/autoware_config_msgs/msg/_ConfigNDTMapping.pyc
[11.535s] -- Up-to-date: /home/capstone/autoware.ai/install/autoware_config_msgs/lib/python2.7/dist-packages/autoware_config_msgs/msg/_ConfigLaneSelect.py
[11.535s] -- Up-to-date: /home/capstone/autoware.ai/install/autoware_config_msgs/lib/python2.7/dist-packages/autoware_config_msgs/msg/_ConfigDecisionMaker.py
[11.535s] -- Up-to-date: /home/capstone/autoware.ai/install/autoware_config_msgs/lib/python2.7/dist-packages/autoware_config_msgs/msg/_ConfigLatticeVelocitySet.pyc
[11.536s] -- Up-to-date: /home/capstone/autoware.ai/install/autoware_config_msgs/lib/python2.7/dist-packages/autoware_config_msgs/msg/_ConfigRingGroundFilter.pyc
[11.536s] -- Up-to-date: /home/capstone/autoware.ai/install/autoware_config_msgs/lib/python2.7/dist-packages/autoware_config_msgs/msg/_ConfigRandomFilter.pyc
[11.537s] -- Up-to-date: /home/capstone/autoware.ai/install/autoware_config_msgs/lib/python2.7/dist-packages/autoware_config_msgs/msg/_ConfigWaypointFollower.py
[11.537s] -- Up-to-date: /home/capstone/autoware.ai/install/autoware_config_msgs/lib/python2.7/dist-packages/autoware_config_msgs/msg/__init__.pyc
[11.537s] -- Up-to-date: /home/capstone/autoware.ai/install/autoware_config_msgs/lib/python2.7/dist-packages/autoware_config_msgs/msg/_ConfigCarFusion.py
[11.538s] -- Up-to-date: /home/capstone/autoware.ai/install/autoware_config_msgs/lib/python2.7/dist-packages/autoware_config_msgs/msg/_ConfigLaneRule.py
[11.540s] -- Up-to-date: /home/capstone/autoware.ai/install/autoware_config_msgs/lib/python2.7/dist-packages/autoware_config_msgs/msg/__init__.py
[11.540s] -- Up-to-date: /home/capstone/autoware.ai/install/autoware_config_msgs/lib/pkgconfig/autoware_config_msgs.pc
[11.540s] -- Up-to-date: /home/capstone/autoware.ai/install/autoware_config_msgs/share/autoware_config_msgs/cmake/autoware_config_msgs-msg-extras.cmake
[11.541s] -- Up-to-date: /home/capstone/autoware.ai/install/autoware_config_msgs/share/autoware_config_msgs/cmake/autoware_config_msgsConfig.cmake
[11.541s] -- Up-to-date: /home/capstone/autoware.ai/install/autoware_config_msgs/share/autoware_config_msgs/cmake/autoware_config_msgsConfig-version.cmake
[11.541s] -- Up-to-date: /home/capstone/autoware.ai/install/autoware_config_msgs/share/autoware_config_msgs/package.xml
