[0.725s] [  0%] Built target _catkin_empty_exported_target
[0.925s] [100%] Built target lanelet2_routing
[2.170s] [  9%] Built target gtest
[2.347s] [  9%] Built target _catkin_empty_exported_target
[2.511s] [ 19%] Built target gtest_main
[2.700s] [ 52%] Built target lanelet2_routing
[2.866s] [ 61%] Built target lanelet2_routing-test_route-test
[3.034s] [ 71%] Built target lanelet2_routing-test_routing_visualization-test
[3.215s] [ 80%] Built target lanelet2_routing-test_routing-test
[3.460s] [ 90%] Built target lanelet2_routing-test_relations-test
[3.636s] [100%] Built target lanelet2_routing-test_routing_graph_container-test
[3.782s] [100%] Built target tests
[4.980s] [  0%] Built target _catkin_empty_exported_target
[5.171s] [100%] Built target lanelet2_routing
[5.340s] [36mInstall the project...[0m
[5.398s] -- Install configuration: "Release"
[5.398s] -- Up-to-date: /home/capstone/autoware.ai/install/lanelet2_routing/lib/pkgconfig/lanelet2_routing.pc
[5.399s] -- Up-to-date: /home/capstone/autoware.ai/install/lanelet2_routing/share/lanelet2_routing/cmake/lanelet2_routingConfig.cmake
[5.399s] -- Up-to-date: /home/capstone/autoware.ai/install/lanelet2_routing/share/lanelet2_routing/cmake/lanelet2_routingConfig-version.cmake
[5.400s] -- Up-to-date: /home/capstone/autoware.ai/install/lanelet2_routing/share/lanelet2_routing/package.xml
[5.400s] -- Up-to-date: /home/capstone/autoware.ai/install/lanelet2_routing/lib/liblanelet2_routing.so
[5.401s] -- Up-to-date: /home/capstone/autoware.ai/install/lanelet2_routing/include/lanelet2_routing
[5.401s] -- Up-to-date: /home/capstone/autoware.ai/install/lanelet2_routing/include/lanelet2_routing/Exceptions.h
[5.402s] -- Up-to-date: /home/capstone/autoware.ai/install/lanelet2_routing/include/lanelet2_routing/RouteElement.h
[5.402s] -- Up-to-date: /home/capstone/autoware.ai/install/lanelet2_routing/include/lanelet2_routing/RoutingGraph.h
[5.402s] -- Up-to-date: /home/capstone/autoware.ai/install/lanelet2_routing/include/lanelet2_routing/RoutingGraphVisualization.h
[5.403s] -- Up-to-date: /home/capstone/autoware.ai/install/lanelet2_routing/include/lanelet2_routing/ShortestPath.h
[5.403s] -- Up-to-date: /home/capstone/autoware.ai/install/lanelet2_routing/include/lanelet2_routing/Graph.h
[5.403s] -- Up-to-date: /home/capstone/autoware.ai/install/lanelet2_routing/include/lanelet2_routing/LaneletPath.h
[5.403s] -- Up-to-date: /home/capstone/autoware.ai/install/lanelet2_routing/include/lanelet2_routing/RoutingCost.h
[5.403s] -- Up-to-date: /home/capstone/autoware.ai/install/lanelet2_routing/include/lanelet2_routing/RoutingGraphContainer.h
[5.404s] -- Up-to-date: /home/capstone/autoware.ai/install/lanelet2_routing/include/lanelet2_routing/Forward.h
[5.404s] -- Up-to-date: /home/capstone/autoware.ai/install/lanelet2_routing/include/lanelet2_routing/Route.h
[5.404s] -- Up-to-date: /home/capstone/autoware.ai/install/lanelet2_routing/include/lanelet2_routing/internal
[5.404s] -- Up-to-date: /home/capstone/autoware.ai/install/lanelet2_routing/include/lanelet2_routing/internal/RouteBuilder.h
[5.404s] -- Up-to-date: /home/capstone/autoware.ai/install/lanelet2_routing/include/lanelet2_routing/internal/RoutingGraphBuilder.h
[5.405s] -- Up-to-date: /home/capstone/autoware.ai/install/lanelet2_routing/share/lanelet2_routing/res
[5.405s] -- Up-to-date: /home/capstone/autoware.ai/install/lanelet2_routing/share/lanelet2_routing/res/routing.mapcss
