[1.392s] -- The C compiler identification is GNU 7.5.0
[1.711s] -- The CXX compiler identification is GNU 7.5.0
[1.723s] -- Check for working C compiler: /usr/bin/cc
[2.388s] -- Check for working C compiler: /usr/bin/cc -- works
[2.389s] -- Detecting C compiler ABI info
[3.108s] -- Detecting C compiler ABI info - done
[3.134s] -- Detecting C compile features
[4.939s] -- Detecting C compile features - done
[4.949s] -- Check for working CXX compiler: /usr/bin/c++
[5.419s] -- Check for working CXX compiler: /usr/bin/c++ -- works
[5.420s] -- Detecting CXX compiler ABI info
[5.960s] -- Detecting CXX compiler ABI info - done
[5.981s] -- Detecting CXX compile features
[7.971s] -- Detecting CXX compile features - done
[8.015s] -- Using CATKIN_DEVEL_PREFIX: /home/capstone/autoware.ai/build/lanelet_aisan_converter/devel
[8.016s] -- Using CMAKE_PREFIX_PATH: /home/capstone/autoware.ai/install/map_file;/home/capstone/autoware.ai/install/lanelet2_extension;/home/capstone/autoware.ai/install/lanelet2_validation;/home/capstone/autoware.ai/install/lanelet2_routing;/home/capstone/autoware.ai/install/lanelet2_projection;/home/capstone/autoware.ai/install/lanelet2_traffic_rules;/home/capstone/autoware.ai/install/lanelet2_maps;/home/capstone/autoware.ai/install/lanelet2_io;/home/capstone/autoware.ai/install/vector_map;/home/capstone/autoware.ai/install/lanelet2_core;/home/capstone/autoware.ai/install/amathutils_lib;/home/capstone/autoware.ai/install/vector_map_msgs;/home/capstone/autoware.ai/install/autoware_msgs;/home/capstone/autoware.ai/install/autoware_lanelet2_msgs;/home/capstone/autoware.ai/install/wf_simulator;/home/capstone/autoware.ai/install/vision_ssd_detect;/home/capstone/autoware.ai/install/vision_segment_enet_detect;/home/capstone/autoware.ai/install/vision_lane_detect;/home/capstone/autoware.ai/install/vision_darknet_detect;/home/capstone/autoware.ai/install/vision_beyond_track;/home/capstone/autoware.ai/install/vel_pose_diff_checker;/home/capstone/autoware.ai/install/vehicle_socket;/home/capstone/autoware.ai/install/vehicle_sim_model;/home/capstone/autoware.ai/install/vehicle_model;/home/capstone/autoware.ai/install/vehicle_gazebo_simulation_launcher;/home/capstone/autoware.ai/install/vehicle_gazebo_simulation_interface;/home/capstone/autoware.ai/install/vehicle_engage_panel;/home/capstone/autoware.ai/install/vehicle_description;/home/capstone/autoware.ai/install/op_ros_helpers;/home/capstone/autoware.ai/install/op_simu;/home/capstone/autoware.ai/install/op_planner;/home/capstone/autoware.ai/install/op_utility;/home/capstone/autoware.ai/install/vector_map_server;/home/capstone/autoware.ai/install/object_map;/home/capstone/autoware.ai/install/lanelet_aisan_converter;/home/capstone/autoware.ai/install/libvectormap;/home/capstone/autoware.ai/install/twist_generator;/home/capstone/autoware.ai/install/twist2odom;/home/capstone/autoware.ai/install/runtime_manager;/home/capstone/autoware.ai/install/tablet_socket_msgs;/home/capstone/autoware.ai/install/sound_player;/home/capstone/autoware.ai/install/points2image;/home/capstone/autoware.ai/install/rosinterface;/home/capstone/autoware.ai/install/rosbag_controller;/home/capstone/autoware.ai/install/points_preprocessor;/home/capstone/autoware.ai/install/lidar_localizer;/home/capstone/autoware.ai/install/emergency_handler;/home/capstone/autoware.ai/install/autoware_health_checker;/home/capstone/autoware.ai/install/ros_observer;/home/capstone/autoware.ai/install/range_vision_fusion;/home/capstone/autoware.ai/install/pos_db;/home/capstone/autoware.ai/install/points_downsampler;/home/capstone/autoware.ai/install/pixel_cloud_fusion;/home/capstone/autoware.ai/install/pcl_omp_registration;/home/capstone/autoware.ai/install/pc2_downsampler;/home/capstone/autoware.ai/install/obj_db;/home/capstone/autoware.ai/install/nmea_navsat;/home/capstone/autoware.ai/install/ndt_tku;/home/capstone/autoware.ai/install/ndt_gpu;/home/capstone/autoware.ai/install/ndt_cpu;/home/capstone/autoware.ai/install/multi_lidar_calibrator;/home/capstone/autoware.ai/install/mrt_cmake_modules;/home/capstone/autoware.ai/install/marker_downsampler;/home/capstone/autoware.ai/install/map_tools;/home/capstone/autoware.ai/install/map_tf_generator;/home/capstone/autoware.ai/install/log_tools;/home/capstone/autoware.ai/install/libwaypoint_follower;/home/capstone/autoware.ai/install/lgsvl_simulator_bridge;/home/capstone/autoware.ai/install/lanelet2_examples;/home/capstone/autoware.ai/install/lanelet2_python;/home/capstone/autoware.ai/install/integrated_viewer;/home/capstone/autoware.ai/install/image_processor;/home/capstone/autoware.ai/install/graph_tools;/home/capstone/autoware.ai/install/gnss_localizer;/home/capstone/autoware.ai/install/gnss;/home/capstone/autoware.ai/install/glviewer;/home/capstone/autoware.ai/install/gazebo_world_description;/home/capstone/autoware.ai/install/gazebo_imu_description;/home/capstone/autoware.ai/install/gazebo_camera_description;/home/capstone/autoware.ai/install/fastvirtualscan;/home/capstone/autoware.ai/install/ekf_localizer;/home/capstone/autoware.ai/install/detected_objects_visualizer;/home/capstone/autoware.ai/install/decision_maker_panel;/home/capstone/autoware.ai/install/data_preprocessor;/home/capstone/autoware.ai/install/carla_autoware_bridge;/home/capstone/autoware.ai/install/calibration_publisher;/home/capstone/autoware.ai/install/autoware_system_msgs;/home/capstone/autoware.ai/install/autoware_rviz_plugins;/home/capstone/autoware.ai/install/autoware_quickstart_examples;/home/capstone/autoware.ai/install/autoware_pointgrey_drivers;/home/capstone/autoware.ai/install/autoware_driveworks_interface;/home/capstone/autoware.ai/install/autoware_connector;/home/capstone/autoware.ai/install/autoware_camera_lidar_calibrator;/home/capstone/autoware.ai/install/autoware_map_msgs;/home/capstone/autoware.ai/install/autoware_launcher_rviz;/home/capstone/autoware.ai/install/autoware_launcher;/home/capstone/autoware.ai/install/autoware_external_msgs;/home/capstone/autoware.ai/install/autoware_driveworks_gmsl_interface;/home/capstone/autoware.ai/install/autoware_config_msgs;/home/capstone/autoware.ai/install/autoware_can_msgs;/home/capstone/autoware.ai/install/autoware_build_flags;/home/capstone/autoware.ai/install/autoware_bag_tools;/opt/carla-ros-bridge/melodic;/opt/ros/melodic
[8.023s] -- This workspace overlays: /home/capstone/autoware.ai/install/map_file;/home/capstone/autoware.ai/install/lanelet2_extension;/home/capstone/autoware.ai/install/lanelet2_validation;/home/capstone/autoware.ai/install/lanelet2_routing;/home/capstone/autoware.ai/install/lanelet2_projection;/home/capstone/autoware.ai/install/lanelet2_traffic_rules;/home/capstone/autoware.ai/install/lanelet2_maps;/home/capstone/autoware.ai/install/lanelet2_io;/home/capstone/autoware.ai/install/vector_map;/home/capstone/autoware.ai/install/lanelet2_core;/home/capstone/autoware.ai/install/amathutils_lib;/home/capstone/autoware.ai/install/vector_map_msgs;/home/capstone/autoware.ai/install/autoware_msgs;/home/capstone/autoware.ai/install/autoware_lanelet2_msgs;/home/capstone/autoware.ai/install/wf_simulator;/home/capstone/autoware.ai/install/vision_ssd_detect;/home/capstone/autoware.ai/install/vision_segment_enet_detect;/home/capstone/autoware.ai/install/vision_lane_detect;/home/capstone/autoware.ai/install/vision_darknet_detect;/home/capstone/autoware.ai/install/vision_beyond_track;/home/capstone/autoware.ai/install/vel_pose_diff_checker;/home/capstone/autoware.ai/install/vehicle_socket;/home/capstone/autoware.ai/install/vehicle_sim_model;/home/capstone/autoware.ai/install/vehicle_model;/home/capstone/autoware.ai/install/vehicle_gazebo_simulation_launcher;/home/capstone/autoware.ai/install/vehicle_gazebo_simulation_interface;/home/capstone/autoware.ai/install/vehicle_engage_panel;/home/capstone/autoware.ai/install/vehicle_description;/home/capstone/autoware.ai/install/op_simu;/home/capstone/autoware.ai/install/op_planner;/home/capstone/autoware.ai/install/op_utility;/home/capstone/autoware.ai/install/vector_map_server;/home/capstone/autoware.ai/install/libvectormap;/home/capstone/autoware.ai/install/twist_generator;/home/capstone/autoware.ai/install/twist2odom;/home/capstone/autoware.ai/install/runtime_manager;/home/capstone/autoware.ai/install/tablet_socket_msgs;/home/capstone/autoware.ai/install/sound_player;/home/capstone/autoware.ai/install/points2image;/home/capstone/autoware.ai/install/rosinterface;/home/capstone/autoware.ai/install/rosbag_controller;/home/capstone/autoware.ai/install/points_preprocessor;/home/capstone/autoware.ai/install/lidar_localizer;/home/capstone/autoware.ai/install/emergency_handler;/home/capstone/autoware.ai/install/autoware_health_checker;/home/capstone/autoware.ai/install/ros_observer;/home/capstone/autoware.ai/install/range_vision_fusion;/home/capstone/autoware.ai/install/pos_db;/home/capstone/autoware.ai/install/points_downsampler;/home/capstone/autoware.ai/install/pixel_cloud_fusion;/home/capstone/autoware.ai/install/pcl_omp_registration;/home/capstone/autoware.ai/install/pc2_downsampler;/home/capstone/autoware.ai/install/obj_db;/home/capstone/autoware.ai/install/nmea_navsat;/home/capstone/autoware.ai/install/ndt_tku;/home/capstone/autoware.ai/install/ndt_gpu;/home/capstone/autoware.ai/install/ndt_cpu;/home/capstone/autoware.ai/install/multi_lidar_calibrator;/home/capstone/autoware.ai/install/mrt_cmake_modules;/home/capstone/autoware.ai/install/marker_downsampler;/home/capstone/autoware.ai/install/map_tools;/home/capstone/autoware.ai/install/map_tf_generator;/home/capstone/autoware.ai/install/log_tools;/home/capstone/autoware.ai/install/libwaypoint_follower;/home/capstone/autoware.ai/install/lgsvl_simulator_bridge;/home/capstone/autoware.ai/install/lanelet2_examples;/home/capstone/autoware.ai/install/lanelet2_python;/home/capstone/autoware.ai/install/integrated_viewer;/home/capstone/autoware.ai/install/image_processor;/home/capstone/autoware.ai/install/graph_tools;/home/capstone/autoware.ai/install/gnss_localizer;/home/capstone/autoware.ai/install/gnss;/home/capstone/autoware.ai/install/glviewer;/home/capstone/autoware.ai/install/gazebo_world_description;/home/capstone/autoware.ai/install/gazebo_imu_description;/home/capstone/autoware.ai/install/gazebo_camera_description;/home/capstone/autoware.ai/install/fastvirtualscan;/home/capstone/autoware.ai/install/ekf_localizer;/home/capstone/autoware.ai/install/detected_objects_visualizer;/home/capstone/autoware.ai/install/decision_maker_panel;/home/capstone/autoware.ai/install/data_preprocessor;/home/capstone/autoware.ai/install/carla_autoware_bridge;/home/capstone/autoware.ai/install/calibration_publisher;/home/capstone/autoware.ai/install/autoware_system_msgs;/home/capstone/autoware.ai/install/autoware_rviz_plugins;/home/capstone/autoware.ai/install/autoware_quickstart_examples;/home/capstone/autoware.ai/install/autoware_pointgrey_drivers;/home/capstone/autoware.ai/install/autoware_driveworks_interface;/home/capstone/autoware.ai/install/autoware_connector;/home/capstone/autoware.ai/install/autoware_camera_lidar_calibrator;/home/capstone/autoware.ai/install/autoware_map_msgs;/home/capstone/autoware.ai/install/autoware_launcher_rviz;/home/capstone/autoware.ai/install/autoware_launcher;/home/capstone/autoware.ai/install/autoware_external_msgs;/home/capstone/autoware.ai/install/autoware_driveworks_gmsl_interface;/home/capstone/autoware.ai/install/autoware_config_msgs;/home/capstone/autoware.ai/install/autoware_can_msgs;/home/capstone/autoware.ai/install/autoware_build_flags;/home/capstone/autoware.ai/install/autoware_bag_tools;/opt/carla-ros-bridge/melodic;/opt/ros/melodic
[8.138s] -- Found PythonInterp: /usr/bin/python2 (found suitable version "2.7.17", minimum required is "2") 
[8.139s] -- Using PYTHON_EXECUTABLE: /usr/bin/python2
[8.139s] -- Using Debian Python package layout
[8.143s] -- Using empy: /usr/bin/empy
[8.548s] -- Using CATKIN_ENABLE_TESTING: ON
[8.548s] -- Call enable_testing()
[8.569s] -- Using CATKIN_TEST_RESULTS_DIR: /home/capstone/autoware.ai/build/lanelet_aisan_converter/test_results
[8.688s] -- Found gtest sources under '/usr/src/googletest': gtests will be built
[8.688s] -- Found gmock sources under '/usr/src/googletest': gmock will be built
[8.807s] -- Found PythonInterp: /usr/bin/python2 (found version "2.7.17") 
[8.810s] -- Looking for pthread.h
[9.309s] -- Looking for pthread.h - found
[9.311s] -- Looking for pthread_create
[9.817s] -- Looking for pthread_create - not found
[9.819s] -- Looking for pthread_create in pthreads
[10.243s] -- Looking for pthread_create in pthreads - not found
[10.243s] -- Looking for pthread_create in pthread
[10.727s] -- Looking for pthread_create in pthread - found
[10.729s] -- Found Threads: TRUE  
[10.746s] -- Using Python nosetests: /usr/bin/nosetests-2.7
[10.958s] -- catkin 0.7.23
[10.958s] -- BUILD_SHARED_LIBS is on
[12.913s] -- Using these message generators: gencpp;geneus;genlisp;gennodejs;genpy
[15.569s] -- Boost version: 1.65.1
[15.570s] -- Found the following Boost libraries:
[15.570s] --   filesystem
[15.570s] --   system
[16.465s] -- Configuring done
[16.852s] -- Generating done
[16.914s] -- Build files have been written to: /home/capstone/autoware.ai/build/lanelet_aisan_converter
[17.423s] [35m[1mScanning dependencies of target rosgraph_msgs_generate_messages_lisp[0m
[17.536s] [  0%] Built target rosgraph_msgs_generate_messages_lisp
[17.633s] [35m[1mScanning dependencies of target autoware_msgs_generate_messages_cpp[0m
[17.740s] [  0%] Built target autoware_msgs_generate_messages_cpp
[17.877s] [35m[1mScanning dependencies of target jsk_footstep_msgs_generate_messages_eus[0m
[17.983s] [  0%] Built target jsk_footstep_msgs_generate_messages_eus
[18.080s] [35m[1mScanning dependencies of target actionlib_generate_messages_lisp[0m
[18.189s] [  0%] Built target actionlib_generate_messages_lisp
[18.292s] [35m[1mScanning dependencies of target _catkin_empty_exported_target[0m
[18.393s] [  0%] Built target _catkin_empty_exported_target
[18.488s] [35m[1mScanning dependencies of target roscpp_generate_messages_lisp[0m
[18.597s] [  0%] Built target roscpp_generate_messages_lisp
[18.698s] [35m[1mScanning dependencies of target geometry_msgs_generate_messages_nodejs[0m
[18.823s] [  0%] Built target geometry_msgs_generate_messages_nodejs
[18.991s] [35m[1mScanning dependencies of target geometry_msgs_generate_messages_cpp[0m
[19.127s] [  0%] Built target geometry_msgs_generate_messages_cpp
[19.228s] [35m[1mScanning dependencies of target pcl_msgs_generate_messages_eus[0m
[19.326s] [  0%] Built target pcl_msgs_generate_messages_eus
[19.475s] [35m[1mScanning dependencies of target vector_map_msgs_generate_messages_lisp[0m
[19.620s] [  0%] Built target vector_map_msgs_generate_messages_lisp
[19.734s] [35m[1mScanning dependencies of target pcl_msgs_generate_messages_nodejs[0m
[19.846s] [  0%] Built target pcl_msgs_generate_messages_nodejs
[19.959s] [35m[1mScanning dependencies of target pcl_msgs_generate_messages_lisp[0m
[20.072s] [  0%] Built target pcl_msgs_generate_messages_lisp
[20.178s] [35m[1mScanning dependencies of target pcl_msgs_generate_messages_py[0m
[20.282s] [  0%] Built target pcl_msgs_generate_messages_py
[20.388s] [35m[1mScanning dependencies of target sensor_msgs_generate_messages_nodejs[0m
[20.496s] [  0%] Built target sensor_msgs_generate_messages_nodejs
[20.593s] [35m[1mScanning dependencies of target jsk_footstep_msgs_generate_messages_nodejs[0m
[20.720s] [  0%] Built target jsk_footstep_msgs_generate_messages_nodejs
[20.819s] [35m[1mScanning dependencies of target actionlib_msgs_generate_messages_cpp[0m
[20.924s] [  0%] Built target actionlib_msgs_generate_messages_cpp
[21.029s] [35m[1mScanning dependencies of target actionlib_msgs_generate_messages_py[0m
[21.115s] [  0%] Built target actionlib_msgs_generate_messages_py
[21.221s] [35m[1mScanning dependencies of target tf_generate_messages_lisp[0m
[21.321s] [  0%] Built target tf_generate_messages_lisp
[21.424s] [35m[1mScanning dependencies of target tf_generate_messages_nodejs[0m
[21.526s] [  0%] Built target tf_generate_messages_nodejs
[21.626s] [35m[1mScanning dependencies of target std_msgs_generate_messages_eus[0m
[21.745s] [  0%] Built target std_msgs_generate_messages_eus
[21.859s] [35m[1mScanning dependencies of target actionlib_msgs_generate_messages_lisp[0m
[21.961s] [  0%] Built target actionlib_msgs_generate_messages_lisp
[22.059s] [35m[1mScanning dependencies of target actionlib_msgs_generate_messages_nodejs[0m
[22.173s] [  0%] Built target actionlib_msgs_generate_messages_nodejs
[22.280s] [35m[1mScanning dependencies of target tf_generate_messages_py[0m
[22.404s] [  0%] Built target tf_generate_messages_py
[22.501s] [35m[1mScanning dependencies of target jsk_recognition_msgs_generate_messages_nodejs[0m
[22.607s] [  0%] Built target jsk_recognition_msgs_generate_messages_nodejs
[22.718s] [35m[1mScanning dependencies of target roscpp_generate_messages_py[0m
[22.829s] [  0%] Built target roscpp_generate_messages_py
[22.933s] [35m[1mScanning dependencies of target uuid_msgs_generate_messages_eus[0m
[23.035s] [  0%] Built target uuid_msgs_generate_messages_eus
[23.142s] [35m[1mScanning dependencies of target uuid_msgs_generate_messages_cpp[0m
[23.239s] [  0%] Built target uuid_msgs_generate_messages_cpp
[23.335s] [35m[1mScanning dependencies of target roscpp_generate_messages_eus[0m
[23.449s] [  0%] Built target roscpp_generate_messages_eus
[23.546s] [35m[1mScanning dependencies of target jsk_footstep_msgs_generate_messages_cpp[0m
[23.645s] [  0%] Built target jsk_footstep_msgs_generate_messages_cpp
[23.750s] [35m[1mScanning dependencies of target roscpp_generate_messages_nodejs[0m
[23.848s] [  0%] Built target roscpp_generate_messages_nodejs
[23.936s] [35m[1mScanning dependencies of target actionlib_generate_messages_eus[0m
[24.025s] [  0%] Built target actionlib_generate_messages_eus
[24.114s] [35m[1mScanning dependencies of target rosgraph_msgs_generate_messages_cpp[0m
[24.209s] [  0%] Built target rosgraph_msgs_generate_messages_cpp
[24.300s] [35m[1mScanning dependencies of target geographic_msgs_generate_messages_lisp[0m
[24.413s] [  0%] Built target geographic_msgs_generate_messages_lisp
[24.506s] [35m[1mScanning dependencies of target rosgraph_msgs_generate_messages_eus[0m
[24.606s] [  0%] Built target rosgraph_msgs_generate_messages_eus
[24.706s] [35m[1mScanning dependencies of target vector_map_msgs_generate_messages_py[0m
[24.801s] [  0%] Built target vector_map_msgs_generate_messages_py
[24.898s] [35m[1mScanning dependencies of target vector_map_msgs_generate_messages_eus[0m
[24.994s] [  0%] Built target vector_map_msgs_generate_messages_eus
[25.088s] [35m[1mScanning dependencies of target vector_map_msgs_generate_messages_cpp[0m
[25.192s] [  0%] Built target vector_map_msgs_generate_messages_cpp
[25.293s] [35m[1mScanning dependencies of target visualization_msgs_generate_messages_nodejs[0m
[25.406s] [  0%] Built target visualization_msgs_generate_messages_nodejs
[25.503s] [35m[1mScanning dependencies of target visualization_msgs_generate_messages_lisp[0m
[25.626s] [  0%] Built target visualization_msgs_generate_messages_lisp
[25.728s] [35m[1mScanning dependencies of target visualization_msgs_generate_messages_eus[0m
[25.830s] [  0%] Built target visualization_msgs_generate_messages_eus
[25.930s] [35m[1mScanning dependencies of target uuid_msgs_generate_messages_py[0m
[26.040s] [  0%] Built target uuid_msgs_generate_messages_py
[26.161s] [35m[1mScanning dependencies of target uuid_msgs_generate_messages_nodejs[0m
[26.260s] [  0%] Built target uuid_msgs_generate_messages_nodejs
[26.365s] [35m[1mScanning dependencies of target uuid_msgs_generate_messages_lisp[0m
[26.467s] [  0%] Built target uuid_msgs_generate_messages_lisp
[26.578s] [35m[1mScanning dependencies of target geographic_msgs_generate_messages_py[0m
[26.685s] [  0%] Built target geographic_msgs_generate_messages_py
[26.811s] [35m[1mScanning dependencies of target vector_map_msgs_generate_messages_nodejs[0m
[26.914s] [  0%] Built target vector_map_msgs_generate_messages_nodejs
[27.017s] [35m[1mScanning dependencies of target geographic_msgs_generate_messages_nodejs[0m
[27.110s] [  0%] Built target geographic_msgs_generate_messages_nodejs
[27.210s] [35m[1mScanning dependencies of target geographic_msgs_generate_messages_eus[0m
[27.323s] [  0%] Built target geographic_msgs_generate_messages_eus
[27.425s] [35m[1mScanning dependencies of target tf2_msgs_generate_messages_py[0m
[27.530s] [  0%] Built target tf2_msgs_generate_messages_py
[27.640s] [35m[1mScanning dependencies of target tf2_msgs_generate_messages_nodejs[0m
[27.737s] [  0%] Built target tf2_msgs_generate_messages_nodejs
[27.856s] [35m[1mScanning dependencies of target tf2_msgs_generate_messages_lisp[0m
[27.965s] [  0%] Built target tf2_msgs_generate_messages_lisp
[28.061s] [35m[1mScanning dependencies of target tf2_msgs_generate_messages_cpp[0m
[28.162s] [  0%] Built target tf2_msgs_generate_messages_cpp
[28.261s] [35m[1mScanning dependencies of target actionlib_generate_messages_py[0m
[28.362s] [  0%] Built target actionlib_generate_messages_py
[28.484s] [35m[1mScanning dependencies of target actionlib_generate_messages_nodejs[0m
[28.611s] [  0%] Built target actionlib_generate_messages_nodejs
[28.715s] [35m[1mScanning dependencies of target actionlib_generate_messages_cpp[0m
[28.816s] [  0%] Built target actionlib_generate_messages_cpp
[28.917s] [35m[1mScanning dependencies of target rosgraph_msgs_generate_messages_py[0m
[29.021s] [  0%] Built target rosgraph_msgs_generate_messages_py
[29.117s] [35m[1mScanning dependencies of target geographic_msgs_generate_messages_cpp[0m
[29.218s] [  0%] Built target geographic_msgs_generate_messages_cpp
[29.336s] [35m[1mScanning dependencies of target rosgraph_msgs_generate_messages_nodejs[0m
[29.445s] [  0%] Built target rosgraph_msgs_generate_messages_nodejs
[29.546s] [35m[1mScanning dependencies of target jsk_recognition_msgs_generate_messages_lisp[0m
[29.647s] [  0%] Built target jsk_recognition_msgs_generate_messages_lisp
[29.751s] [35m[1mScanning dependencies of target tf_generate_messages_cpp[0m
[29.859s] [  0%] Built target tf_generate_messages_cpp
[29.978s] [35m[1mScanning dependencies of target jsk_recognition_msgs_generate_messages_eus[0m
[30.076s] [  0%] Built target jsk_recognition_msgs_generate_messages_eus
[30.170s] [35m[1mScanning dependencies of target std_msgs_generate_messages_py[0m
[30.265s] [  0%] Built target std_msgs_generate_messages_py
[30.408s] [35m[1mScanning dependencies of target jsk_recognition_msgs_generate_messages_cpp[0m
[30.506s] [  0%] Built target jsk_recognition_msgs_generate_messages_cpp
[30.624s] [35m[1mScanning dependencies of target geometry_msgs_generate_messages_lisp[0m
[30.730s] [  0%] Built target geometry_msgs_generate_messages_lisp
[30.824s] [35m[1mScanning dependencies of target autoware_msgs_generate_messages_eus[0m
[30.939s] [  0%] Built target autoware_msgs_generate_messages_eus
[31.063s] [35m[1mScanning dependencies of target std_msgs_generate_messages_nodejs[0m
[31.172s] [  0%] Built target std_msgs_generate_messages_nodejs
[31.284s] [35m[1mScanning dependencies of target geometry_msgs_generate_messages_eus[0m
[31.379s] [  0%] Built target geometry_msgs_generate_messages_eus
[31.471s] [35m[1mScanning dependencies of target std_msgs_generate_messages_cpp[0m
[31.574s] [  0%] Built target std_msgs_generate_messages_cpp
[31.683s] [35m[1mScanning dependencies of target jsk_footstep_msgs_generate_messages_py[0m
[31.791s] [  0%] Built target jsk_footstep_msgs_generate_messages_py
[31.944s] [35m[1mScanning dependencies of target geometry_msgs_generate_messages_py[0m
[32.051s] [  0%] Built target geometry_msgs_generate_messages_py
[32.168s] [35m[1mScanning dependencies of target tf2_msgs_generate_messages_eus[0m
[32.265s] [  0%] Built target tf2_msgs_generate_messages_eus
[32.366s] [35m[1mScanning dependencies of target sensor_msgs_generate_messages_py[0m
[32.485s] [  0%] Built target sensor_msgs_generate_messages_py
[32.586s] [35m[1mScanning dependencies of target jsk_footstep_msgs_generate_messages_lisp[0m
[32.679s] [  0%] Built target jsk_footstep_msgs_generate_messages_lisp
[32.778s] [35m[1mScanning dependencies of target autoware_msgs_generate_messages_nodejs[0m
[32.886s] [  0%] Built target autoware_msgs_generate_messages_nodejs
[32.998s] [35m[1mScanning dependencies of target actionlib_msgs_generate_messages_eus[0m
[33.099s] [  0%] Built target actionlib_msgs_generate_messages_eus
[33.202s] [35m[1mScanning dependencies of target tf_generate_messages_eus[0m
[33.305s] [  0%] Built target tf_generate_messages_eus
[33.400s] [35m[1mScanning dependencies of target autoware_msgs_generate_messages_py[0m
[33.499s] [  0%] Built target autoware_msgs_generate_messages_py
[33.589s] [35m[1mScanning dependencies of target std_msgs_generate_messages_lisp[0m
[33.704s] [  0%] Built target std_msgs_generate_messages_lisp
[33.806s] [35m[1mScanning dependencies of target jsk_recognition_msgs_generate_messages_py[0m
[33.912s] [  0%] Built target jsk_recognition_msgs_generate_messages_py
[34.017s] [35m[1mScanning dependencies of target pcl_msgs_generate_messages_cpp[0m
[34.116s] [  0%] Built target pcl_msgs_generate_messages_cpp
[34.213s] [35m[1mScanning dependencies of target sensor_msgs_generate_messages_cpp[0m
[34.321s] [  0%] Built target sensor_msgs_generate_messages_cpp
[34.422s] [35m[1mScanning dependencies of target autoware_msgs_generate_messages_lisp[0m
[34.544s] [  0%] Built target autoware_msgs_generate_messages_lisp
[34.654s] [35m[1mScanning dependencies of target visualization_msgs_generate_messages_py[0m
[34.755s] [  0%] Built target visualization_msgs_generate_messages_py
[34.851s] [35m[1mScanning dependencies of target roscpp_generate_messages_cpp[0m
[34.949s] [  0%] Built target roscpp_generate_messages_cpp
[35.068s] [35m[1mScanning dependencies of target sensor_msgs_generate_messages_eus[0m
[35.177s] [  0%] Built target sensor_msgs_generate_messages_eus
[35.281s] [35m[1mScanning dependencies of target sensor_msgs_generate_messages_lisp[0m
[35.396s] [  0%] Built target sensor_msgs_generate_messages_lisp
[35.510s] [35m[1mScanning dependencies of target visualization_msgs_generate_messages_cpp[0m
[35.617s] [  0%] Built target visualization_msgs_generate_messages_cpp
[35.727s] [35m[1mScanning dependencies of target aisan_map[0m
[35.840s] [  9%] [32mBuilding CXX object CMakeFiles/aisan_map.dir/lib/aisan_map/aisan_map.cpp.o[0m
[40.724s] [ 18%] [32m[1mLinking CXX static library devel/lib/libaisan_map.a[0m
[41.008s] [ 18%] Built target aisan_map
[41.112s] [35m[1mScanning dependencies of target lanelet_helper[0m
[41.327s] [ 27%] [32mBuilding CXX object CMakeFiles/lanelet_helper.dir/lib/lanelet_helper/lanelet_helper.cpp.o[0m
[59.280s] [ 36%] [32m[1mLinking CXX static library devel/lib/liblanelet_helper.a[0m
[59.580s] [ 36%] Built target lanelet_helper
[59.683s] [35m[1mScanning dependencies of target lanelet2aisan_converter[0m
[59.925s] [ 45%] [32mBuilding CXX object CMakeFiles/lanelet2aisan_converter.dir/lib/lanelet2aisan_converter/create_basic_shape.cpp.o[0m
[66.557s] [ 54%] [32mBuilding CXX object CMakeFiles/lanelet2aisan_converter.dir/lib/lanelet2aisan_converter/lanelet2aisan_converter.cpp.o[0m
[78.880s] [ 63%] [32mBuilding CXX object CMakeFiles/lanelet2aisan_converter.dir/lib/lanelet2aisan_converter/overwrite.cpp.o[0m
[91.508s] [ 72%] [32mBuilding CXX object CMakeFiles/lanelet2aisan_converter.dir/lib/lanelet2aisan_converter/create_feature.cpp.o[0m
[113.885s] [ 81%] [32m[1mLinking CXX static library devel/lib/liblanelet2aisan_converter.a[0m
[114.300s] [ 81%] Built target lanelet2aisan_converter
[114.447s] [35m[1mScanning dependencies of target lanelet2aisan[0m
[114.708s] [ 90%] [32mBuilding CXX object CMakeFiles/lanelet2aisan.dir/nodes/lanelet2aisan/lanelet2aisan.cpp.o[0m
[123.590s] [100%] [32m[1mLinking CXX executable devel/lib/lanelet_aisan_converter/lanelet2aisan[0m
[124.386s] [100%] Built target lanelet2aisan
[128.602s] [  0%] Built target rosgraph_msgs_generate_messages_lisp
[128.902s] [  0%] Built target autoware_msgs_generate_messages_cpp
[129.252s] [  0%] Built target jsk_footstep_msgs_generate_messages_eus
[129.569s] [  0%] Built target actionlib_generate_messages_lisp
[129.864s] [  0%] Built target _catkin_empty_exported_target
[130.134s] [  0%] Built target roscpp_generate_messages_lisp
[130.378s] [  0%] Built target geometry_msgs_generate_messages_nodejs
[130.708s] [  0%] Built target geometry_msgs_generate_messages_cpp
[131.017s] [  0%] Built target pcl_msgs_generate_messages_eus
[131.291s] [  0%] Built target vector_map_msgs_generate_messages_lisp
[131.558s] [  0%] Built target pcl_msgs_generate_messages_nodejs
[131.853s] [  0%] Built target pcl_msgs_generate_messages_lisp
[132.214s] [  0%] Built target pcl_msgs_generate_messages_py
[132.522s] [  0%] Built target sensor_msgs_generate_messages_nodejs
[132.773s] [  0%] Built target jsk_footstep_msgs_generate_messages_nodejs
[133.042s] [  0%] Built target actionlib_msgs_generate_messages_cpp
[133.345s] [  0%] Built target actionlib_msgs_generate_messages_py
[133.644s] [  0%] Built target tf_generate_messages_lisp
[133.945s] [  0%] Built target tf_generate_messages_nodejs
[134.336s] [  0%] Built target std_msgs_generate_messages_eus
[134.693s] [  0%] Built target actionlib_msgs_generate_messages_lisp
[134.999s] [  0%] Built target actionlib_msgs_generate_messages_nodejs
[135.305s] [  0%] Built target tf_generate_messages_py
[135.596s] [  0%] Built target jsk_recognition_msgs_generate_messages_nodejs
[135.899s] [  0%] Built target roscpp_generate_messages_py
[136.277s] [  0%] Built target uuid_msgs_generate_messages_eus
[136.603s] [  0%] Built target uuid_msgs_generate_messages_cpp
[136.976s] [  0%] Built target roscpp_generate_messages_eus
[137.280s] [  0%] Built target jsk_footstep_msgs_generate_messages_cpp
[137.528s] [  0%] Built target roscpp_generate_messages_nodejs
[137.849s] [  0%] Built target actionlib_generate_messages_eus
[138.159s] [  0%] Built target rosgraph_msgs_generate_messages_cpp
[138.463s] [  0%] Built target geographic_msgs_generate_messages_lisp
[138.739s] [  0%] Built target rosgraph_msgs_generate_messages_eus
[139.127s] [  0%] Built target vector_map_msgs_generate_messages_py
[139.416s] [  0%] Built target vector_map_msgs_generate_messages_eus
[139.706s] [  0%] Built target vector_map_msgs_generate_messages_cpp
[139.956s] [  0%] Built target visualization_msgs_generate_messages_nodejs
[140.267s] [  0%] Built target visualization_msgs_generate_messages_lisp
[140.555s] [  0%] Built target visualization_msgs_generate_messages_eus
[140.838s] [  0%] Built target uuid_msgs_generate_messages_py
[141.141s] [  0%] Built target uuid_msgs_generate_messages_nodejs
[141.486s] [  0%] Built target uuid_msgs_generate_messages_lisp
[141.772s] [  0%] Built target geographic_msgs_generate_messages_py
[142.043s] [  0%] Built target vector_map_msgs_generate_messages_nodejs
[142.305s] [  0%] Built target geographic_msgs_generate_messages_nodejs
[142.574s] [  0%] Built target geographic_msgs_generate_messages_eus
[142.831s] [  0%] Built target tf2_msgs_generate_messages_py
[143.074s] [  0%] Built target tf2_msgs_generate_messages_nodejs
[143.323s] [  0%] Built target tf2_msgs_generate_messages_lisp
[143.601s] [  0%] Built target tf2_msgs_generate_messages_cpp
[143.951s] [  0%] Built target actionlib_generate_messages_py
[144.200s] [  0%] Built target actionlib_generate_messages_nodejs
[144.501s] [  0%] Built target actionlib_generate_messages_cpp
[144.769s] [  0%] Built target rosgraph_msgs_generate_messages_py
[145.081s] [  0%] Built target geographic_msgs_generate_messages_cpp
[145.377s] [  0%] Built target rosgraph_msgs_generate_messages_nodejs
[145.685s] [  0%] Built target jsk_recognition_msgs_generate_messages_lisp
[146.000s] [  0%] Built target tf_generate_messages_cpp
[146.312s] [  0%] Built target jsk_recognition_msgs_generate_messages_eus
[146.596s] [  0%] Built target std_msgs_generate_messages_py
[146.844s] [  0%] Built target jsk_recognition_msgs_generate_messages_cpp
[147.133s] [  0%] Built target geometry_msgs_generate_messages_lisp
[147.425s] [  0%] Built target autoware_msgs_generate_messages_eus
[147.692s] [  0%] Built target std_msgs_generate_messages_nodejs
[147.959s] [  0%] Built target geometry_msgs_generate_messages_eus
[148.203s] [  0%] Built target std_msgs_generate_messages_cpp
[148.457s] [  0%] Built target jsk_footstep_msgs_generate_messages_py
[148.748s] [  0%] Built target geometry_msgs_generate_messages_py
[149.038s] [  0%] Built target tf2_msgs_generate_messages_eus
[149.338s] [  0%] Built target sensor_msgs_generate_messages_py
[149.635s] [  0%] Built target jsk_footstep_msgs_generate_messages_lisp
[149.926s] [  0%] Built target autoware_msgs_generate_messages_nodejs
[150.207s] [  0%] Built target actionlib_msgs_generate_messages_eus
[150.502s] [  0%] Built target tf_generate_messages_eus
[150.837s] [  0%] Built target autoware_msgs_generate_messages_py
[151.051s] [35m[1mScanning dependencies of target gtest[0m
[151.195s] [  7%] [32mBuilding CXX object gtest/googlemock/gtest/CMakeFiles/gtest.dir/src/gtest-all.cc.o[0m
[161.511s] [ 15%] [32m[1mLinking CXX shared library libgtest.so[0m
[161.956s] [ 15%] Built target gtest
[162.170s] [ 15%] Built target std_msgs_generate_messages_lisp
[162.399s] [ 15%] Built target jsk_recognition_msgs_generate_messages_py
[162.622s] [ 15%] Built target pcl_msgs_generate_messages_cpp
[162.847s] [ 15%] Built target sensor_msgs_generate_messages_cpp
[163.060s] [ 15%] Built target autoware_msgs_generate_messages_lisp
[163.272s] [ 15%] Built target visualization_msgs_generate_messages_py
[163.512s] [ 15%] Built target roscpp_generate_messages_cpp
[163.759s] [ 15%] Built target sensor_msgs_generate_messages_eus
[163.996s] [ 15%] Built target sensor_msgs_generate_messages_lisp
[164.212s] [ 15%] Built target visualization_msgs_generate_messages_cpp
[164.449s] [ 30%] Built target lanelet_helper
[164.660s] [ 46%] Built target aisan_map
[164.998s] [ 84%] Built target lanelet2aisan_converter
[165.129s] [35m[1mScanning dependencies of target test_lanelet2aisan_converter[0m
[165.352s] [ 92%] [32mBuilding CXX object CMakeFiles/test_lanelet2aisan_converter.dir/test/src/test_lanelet2aisan_converter.cpp.o[0m
[176.997s] [100%] [32m[1mLinking CXX executable devel/lib/lanelet_aisan_converter/test_lanelet2aisan_converter[0m
[177.851s] [100%] Built target test_lanelet2aisan_converter
[178.040s] [35m[1mScanning dependencies of target tests[0m
[178.163s] [100%] Built target tests
[181.450s] [  0%] Built target rosgraph_msgs_generate_messages_lisp
[181.672s] [  0%] Built target autoware_msgs_generate_messages_cpp
[181.876s] [  0%] Built target jsk_footstep_msgs_generate_messages_eus
[182.083s] [  0%] Built target actionlib_generate_messages_lisp
[182.301s] [  0%] Built target _catkin_empty_exported_target
[182.531s] [  0%] Built target roscpp_generate_messages_lisp
[182.762s] [  0%] Built target geometry_msgs_generate_messages_nodejs
[182.993s] [  0%] Built target geometry_msgs_generate_messages_cpp
[183.208s] [  0%] Built target pcl_msgs_generate_messages_eus
[183.445s] [  0%] Built target vector_map_msgs_generate_messages_lisp
[183.690s] [  0%] Built target pcl_msgs_generate_messages_nodejs
[183.926s] [  0%] Built target pcl_msgs_generate_messages_lisp
[184.159s] [  0%] Built target pcl_msgs_generate_messages_py
[184.371s] [  0%] Built target sensor_msgs_generate_messages_nodejs
[184.602s] [  0%] Built target jsk_footstep_msgs_generate_messages_nodejs
[184.810s] [  0%] Built target actionlib_msgs_generate_messages_cpp
[185.027s] [  0%] Built target actionlib_msgs_generate_messages_py
[185.256s] [  0%] Built target tf_generate_messages_lisp
[185.489s] [  0%] Built target tf_generate_messages_nodejs
[185.736s] [  0%] Built target std_msgs_generate_messages_eus
[186.001s] [  0%] Built target actionlib_msgs_generate_messages_lisp
[186.187s] [  0%] Built target actionlib_msgs_generate_messages_nodejs
[186.403s] [  0%] Built target tf_generate_messages_py
[186.614s] [  0%] Built target jsk_recognition_msgs_generate_messages_nodejs
[186.810s] [  0%] Built target roscpp_generate_messages_py
[187.013s] [  0%] Built target uuid_msgs_generate_messages_eus
[187.210s] [  0%] Built target uuid_msgs_generate_messages_cpp
[187.409s] [  0%] Built target roscpp_generate_messages_eus
[187.610s] [  0%] Built target jsk_footstep_msgs_generate_messages_cpp
[187.822s] [  0%] Built target roscpp_generate_messages_nodejs
[188.034s] [  0%] Built target actionlib_generate_messages_eus
[188.249s] [  0%] Built target rosgraph_msgs_generate_messages_cpp
[188.476s] [  0%] Built target geographic_msgs_generate_messages_lisp
[188.698s] [  0%] Built target rosgraph_msgs_generate_messages_eus
[188.903s] [  0%] Built target vector_map_msgs_generate_messages_py
[189.113s] [  0%] Built target vector_map_msgs_generate_messages_eus
[189.315s] [  0%] Built target vector_map_msgs_generate_messages_cpp
[189.529s] [  0%] Built target visualization_msgs_generate_messages_nodejs
[189.732s] [  0%] Built target visualization_msgs_generate_messages_lisp
[189.926s] [  0%] Built target visualization_msgs_generate_messages_eus
[190.116s] [  0%] Built target uuid_msgs_generate_messages_py
[190.303s] [  0%] Built target uuid_msgs_generate_messages_nodejs
[190.506s] [  0%] Built target uuid_msgs_generate_messages_lisp
[190.712s] [  0%] Built target geographic_msgs_generate_messages_py
[190.915s] [  0%] Built target vector_map_msgs_generate_messages_nodejs
[191.116s] [  0%] Built target geographic_msgs_generate_messages_nodejs
[191.330s] [  0%] Built target geographic_msgs_generate_messages_eus
[191.544s] [  0%] Built target tf2_msgs_generate_messages_py
[191.753s] [  0%] Built target tf2_msgs_generate_messages_nodejs
[191.965s] [  0%] Built target tf2_msgs_generate_messages_lisp
[192.167s] [  0%] Built target tf2_msgs_generate_messages_cpp
[192.379s] [  0%] Built target actionlib_generate_messages_py
[192.581s] [  0%] Built target actionlib_generate_messages_nodejs
[192.779s] [  0%] Built target actionlib_generate_messages_cpp
[192.977s] [  0%] Built target rosgraph_msgs_generate_messages_py
[193.179s] [  0%] Built target geographic_msgs_generate_messages_cpp
[193.365s] [  0%] Built target rosgraph_msgs_generate_messages_nodejs
[193.563s] [  0%] Built target jsk_recognition_msgs_generate_messages_lisp
[193.763s] [  0%] Built target tf_generate_messages_cpp
[193.964s] [  0%] Built target jsk_recognition_msgs_generate_messages_eus
[194.161s] [  0%] Built target std_msgs_generate_messages_py
[194.355s] [  0%] Built target jsk_recognition_msgs_generate_messages_cpp
[194.554s] [  0%] Built target geometry_msgs_generate_messages_lisp
[194.750s] [  0%] Built target autoware_msgs_generate_messages_eus
[194.954s] [  0%] Built target std_msgs_generate_messages_nodejs
[195.160s] [  0%] Built target geometry_msgs_generate_messages_eus
[195.342s] [  0%] Built target std_msgs_generate_messages_cpp
[195.526s] [  0%] Built target jsk_footstep_msgs_generate_messages_py
[195.713s] [  0%] Built target geometry_msgs_generate_messages_py
[195.878s] [  0%] Built target tf2_msgs_generate_messages_eus
[196.079s] [  0%] Built target sensor_msgs_generate_messages_py
[196.255s] [  0%] Built target jsk_footstep_msgs_generate_messages_lisp
[196.433s] [  0%] Built target autoware_msgs_generate_messages_nodejs
[196.622s] [  0%] Built target actionlib_msgs_generate_messages_eus
[196.784s] [  0%] Built target tf_generate_messages_eus
[196.963s] [  0%] Built target autoware_msgs_generate_messages_py
[197.150s] [  0%] Built target std_msgs_generate_messages_lisp
[197.343s] [  0%] Built target jsk_recognition_msgs_generate_messages_py
[197.527s] [  0%] Built target pcl_msgs_generate_messages_cpp
[197.719s] [  0%] Built target sensor_msgs_generate_messages_cpp
[197.908s] [  0%] Built target autoware_msgs_generate_messages_lisp
[198.071s] [  0%] Built target visualization_msgs_generate_messages_py
[198.243s] [  0%] Built target roscpp_generate_messages_cpp
[198.416s] [  0%] Built target sensor_msgs_generate_messages_eus
[198.607s] [  0%] Built target sensor_msgs_generate_messages_lisp
[198.767s] [  0%] Built target visualization_msgs_generate_messages_cpp
[198.943s] [ 18%] Built target aisan_map
[199.122s] [ 36%] Built target lanelet_helper
[199.322s] [ 81%] Built target lanelet2aisan_converter
[199.533s] [100%] Built target lanelet2aisan
[199.711s] [36mInstall the project...[0m
[199.774s] -- Install configuration: "Release"
[199.775s] -- Installing: /home/capstone/autoware.ai/install/lanelet_aisan_converter/lib/pkgconfig/lanelet_aisan_converter.pc
[199.775s] -- Installing: /home/capstone/autoware.ai/install/lanelet_aisan_converter/share/lanelet_aisan_converter/cmake/lanelet_aisan_converterConfig.cmake
[199.775s] -- Installing: /home/capstone/autoware.ai/install/lanelet_aisan_converter/share/lanelet_aisan_converter/cmake/lanelet_aisan_converterConfig-version.cmake
[199.776s] -- Installing: /home/capstone/autoware.ai/install/lanelet_aisan_converter/share/lanelet_aisan_converter/package.xml
[199.776s] -- Installing: /home/capstone/autoware.ai/install/lanelet_aisan_converter/lib/lanelet_aisan_converter/lanelet2aisan
[199.778s] -- Set runtime path of "/home/capstone/autoware.ai/install/lanelet_aisan_converter/lib/lanelet_aisan_converter/lanelet2aisan" to ""
[199.778s] -- Installing: /home/capstone/autoware.ai/install/lanelet_aisan_converter/lib/liblanelet_helper.a
[199.779s] -- Installing: /home/capstone/autoware.ai/install/lanelet_aisan_converter/lib/liblanelet2aisan_converter.a
[199.780s] -- Installing: /home/capstone/autoware.ai/install/lanelet_aisan_converter/lib/libaisan_map.a
[199.781s] -- Installing: /home/capstone/autoware.ai/install/lanelet_aisan_converter/include/lanelet_aisan_converter
[199.786s] -- Installing: /home/capstone/autoware.ai/install/lanelet_aisan_converter/include/lanelet_aisan_converter/lanelet2aisan_converter
[199.786s] -- Installing: /home/capstone/autoware.ai/install/lanelet_aisan_converter/include/lanelet_aisan_converter/lanelet2aisan_converter/unique_id_handler.h
[199.787s] -- Installing: /home/capstone/autoware.ai/install/lanelet_aisan_converter/include/lanelet_aisan_converter/lanelet2aisan_converter/lanelet2aisan_converter.h
[199.787s] -- Installing: /home/capstone/autoware.ai/install/lanelet_aisan_converter/include/lanelet_aisan_converter/lanelet_helper
[199.787s] -- Installing: /home/capstone/autoware.ai/install/lanelet_aisan_converter/include/lanelet_aisan_converter/lanelet_helper/lanelet_helper.h
[199.787s] -- Installing: /home/capstone/autoware.ai/install/lanelet_aisan_converter/include/lanelet_aisan_converter/aisan_map
[199.787s] -- Installing: /home/capstone/autoware.ai/install/lanelet_aisan_converter/include/lanelet_aisan_converter/aisan_map/csv_def.h
[199.788s] -- Installing: /home/capstone/autoware.ai/install/lanelet_aisan_converter/include/lanelet_aisan_converter/aisan_map/aisan_map.h
[199.788s] -- Installing: /home/capstone/autoware.ai/install/lanelet_aisan_converter/include/lanelet_aisan_converter/aisan_map/supported_vector_map_msgs.h
[199.788s] -- Installing: /home/capstone/autoware.ai/install/lanelet_aisan_converter/share/lanelet_aisan_converter/scripts/launch_vector_map_loader.sh
