Determining if the pthread_create exist failed with the following output:
Change Dir: /home/capstone/autoware.ai/build/pcl_omp_registration/CMakeFiles/CMakeTmp

Run Build Command:"/usr/bin/make" "cmTC_feb72/fast"
/usr/bin/make -f CMakeFiles/cmTC_feb72.dir/build.make CMakeFiles/cmTC_feb72.dir/build
make[1]: Entering directory '/home/capstone/autoware.ai/build/pcl_omp_registration/CMakeFiles/CMakeTmp'
Building C object CMakeFiles/cmTC_feb72.dir/CheckSymbolExists.c.o
/usr/bin/cc    -o CMakeFiles/cmTC_feb72.dir/CheckSymbolExists.c.o   -c /home/capstone/autoware.ai/build/pcl_omp_registration/CMakeFiles/CMakeTmp/CheckSymbolExists.c
Linking C executable cmTC_feb72
/usr/bin/cmake -E cmake_link_script CMakeFiles/cmTC_feb72.dir/link.txt --verbose=1
/usr/bin/cc      -rdynamic CMakeFiles/cmTC_feb72.dir/CheckSymbolExists.c.o  -o cmTC_feb72 
CMakeFiles/cmTC_feb72.dir/CheckSymbolExists.c.o: In function `main':
CheckSymbolExists.c:(.text+0x1b): undefined reference to `pthread_create'
collect2: error: ld returned 1 exit status
CMakeFiles/cmTC_feb72.dir/build.make:97: recipe for target 'cmTC_feb72' failed
make[1]: *** [cmTC_feb72] Error 1
make[1]: Leaving directory '/home/capstone/autoware.ai/build/pcl_omp_registration/CMakeFiles/CMakeTmp'
Makefile:126: recipe for target 'cmTC_feb72/fast' failed
make: *** [cmTC_feb72/fast] Error 2

File /home/capstone/autoware.ai/build/pcl_omp_registration/CMakeFiles/CMakeTmp/CheckSymbolExists.c:
/* */
#include <pthread.h>

int main(int argc, char** argv)
{
  (void)argv;
#ifndef pthread_create
  return ((int*)(&pthread_create))[argc];
#else
  (void)argc;
  return 0;
#endif
}

Determining if the function pthread_create exists in the pthreads failed with the following output:
Change Dir: /home/capstone/autoware.ai/build/pcl_omp_registration/CMakeFiles/CMakeTmp

Run Build Command:"/usr/bin/make" "cmTC_6ee23/fast"
/usr/bin/make -f CMakeFiles/cmTC_6ee23.dir/build.make CMakeFiles/cmTC_6ee23.dir/build
make[1]: Entering directory '/home/capstone/autoware.ai/build/pcl_omp_registration/CMakeFiles/CMakeTmp'
Building C object CMakeFiles/cmTC_6ee23.dir/CheckFunctionExists.c.o
/usr/bin/cc   -DCHECK_FUNCTION_EXISTS=pthread_create   -o CMakeFiles/cmTC_6ee23.dir/CheckFunctionExists.c.o   -c /usr/share/cmake-3.10/Modules/CheckFunctionExists.c
Linking C executable cmTC_6ee23
/usr/bin/cmake -E cmake_link_script CMakeFiles/cmTC_6ee23.dir/link.txt --verbose=1
/usr/bin/cc  -DCHECK_FUNCTION_EXISTS=pthread_create    -rdynamic CMakeFiles/cmTC_6ee23.dir/CheckFunctionExists.c.o  -o cmTC_6ee23 -lpthreads 
/usr/bin/ld: cannot find -lpthreads
collect2: error: ld returned 1 exit status
CMakeFiles/cmTC_6ee23.dir/build.make:97: recipe for target 'cmTC_6ee23' failed
make[1]: *** [cmTC_6ee23] Error 1
make[1]: Leaving directory '/home/capstone/autoware.ai/build/pcl_omp_registration/CMakeFiles/CMakeTmp'
Makefile:126: recipe for target 'cmTC_6ee23/fast' failed
make: *** [cmTC_6ee23/fast] Error 2


