Determining if the pthread_create exist failed with the following output:
Change Dir: /home/capstone/autoware.ai/build/pos_db/CMakeFiles/CMakeTmp

Run Build Command:"/usr/bin/make" "cmTC_405ad/fast"
/usr/bin/make -f CMakeFiles/cmTC_405ad.dir/build.make CMakeFiles/cmTC_405ad.dir/build
make[1]: Entering directory '/home/capstone/autoware.ai/build/pos_db/CMakeFiles/CMakeTmp'
Building C object CMakeFiles/cmTC_405ad.dir/CheckSymbolExists.c.o
/usr/bin/cc    -o CMakeFiles/cmTC_405ad.dir/CheckSymbolExists.c.o   -c /home/capstone/autoware.ai/build/pos_db/CMakeFiles/CMakeTmp/CheckSymbolExists.c
Linking C executable cmTC_405ad
/usr/bin/cmake -E cmake_link_script CMakeFiles/cmTC_405ad.dir/link.txt --verbose=1
/usr/bin/cc      -rdynamic CMakeFiles/cmTC_405ad.dir/CheckSymbolExists.c.o  -o cmTC_405ad 
CMakeFiles/cmTC_405ad.dir/CheckSymbolExists.c.o: In function `main':
CheckSymbolExists.c:(.text+0x1b): undefined reference to `pthread_create'
collect2: error: ld returned 1 exit status
CMakeFiles/cmTC_405ad.dir/build.make:97: recipe for target 'cmTC_405ad' failed
make[1]: *** [cmTC_405ad] Error 1
make[1]: Leaving directory '/home/capstone/autoware.ai/build/pos_db/CMakeFiles/CMakeTmp'
Makefile:126: recipe for target 'cmTC_405ad/fast' failed
make: *** [cmTC_405ad/fast] Error 2

File /home/capstone/autoware.ai/build/pos_db/CMakeFiles/CMakeTmp/CheckSymbolExists.c:
/* */
#include <pthread.h>

int main(int argc, char** argv)
{
  (void)argv;
#ifndef pthread_create
  return ((int*)(&pthread_create))[argc];
#else
  (void)argc;
  return 0;
#endif
}

Determining if the function pthread_create exists in the pthreads failed with the following output:
Change Dir: /home/capstone/autoware.ai/build/pos_db/CMakeFiles/CMakeTmp

Run Build Command:"/usr/bin/make" "cmTC_2a41f/fast"
/usr/bin/make -f CMakeFiles/cmTC_2a41f.dir/build.make CMakeFiles/cmTC_2a41f.dir/build
make[1]: Entering directory '/home/capstone/autoware.ai/build/pos_db/CMakeFiles/CMakeTmp'
Building C object CMakeFiles/cmTC_2a41f.dir/CheckFunctionExists.c.o
/usr/bin/cc   -DCHECK_FUNCTION_EXISTS=pthread_create   -o CMakeFiles/cmTC_2a41f.dir/CheckFunctionExists.c.o   -c /usr/share/cmake-3.10/Modules/CheckFunctionExists.c
Linking C executable cmTC_2a41f
/usr/bin/cmake -E cmake_link_script CMakeFiles/cmTC_2a41f.dir/link.txt --verbose=1
/usr/bin/cc  -DCHECK_FUNCTION_EXISTS=pthread_create    -rdynamic CMakeFiles/cmTC_2a41f.dir/CheckFunctionExists.c.o  -o cmTC_2a41f -lpthreads 
/usr/bin/ld: cannot find -lpthreads
collect2: error: ld returned 1 exit status
CMakeFiles/cmTC_2a41f.dir/build.make:97: recipe for target 'cmTC_2a41f' failed
make[1]: *** [cmTC_2a41f] Error 1
make[1]: Leaving directory '/home/capstone/autoware.ai/build/pos_db/CMakeFiles/CMakeTmp'
Makefile:126: recipe for target 'cmTC_2a41f/fast' failed
make: *** [cmTC_2a41f/fast] Error 2


