[0.140s] Invoking command in '/home/capstone/autoware.ai/build/autoware_can_msgs': /usr/bin/cmake --build /home/capstone/autoware.ai/build/autoware_can_msgs -- -j12 -l12
[0.997s] [  0%] Built target std_msgs_generate_messages_py
[1.208s] [  0%] Built target std_msgs_generate_messages_eus
[1.469s] [  0%] Built target std_msgs_generate_messages_cpp
[1.586s] [  0%] Built target std_msgs_generate_messages_nodejs
[1.623s] [  0%] Built target std_msgs_generate_messages_lisp
[1.738s] [  0%] Built target _autoware_can_msgs_generate_messages_check_deps_CANPacket
[1.864s] [  0%] Built target _autoware_can_msgs_generate_messages_check_deps_CANData
[1.876s] [  0%] Built target _autoware_can_msgs_generate_messages_check_deps_CANInfo
[2.397s] [ 17%] Built target autoware_can_msgs_generate_messages_lisp
[2.506s] [ 35%] Built target autoware_can_msgs_generate_messages_nodejs
[2.549s] [ 58%] Built target autoware_can_msgs_generate_messages_eus
[2.592s] [ 76%] Built target autoware_can_msgs_generate_messages_cpp
[2.654s] [100%] Built target autoware_can_msgs_generate_messages_py
[3.218s] [100%] Built target autoware_can_msgs_generate_messages
[3.330s] Invoked command in '/home/capstone/autoware.ai/build/autoware_can_msgs' returned '0': /usr/bin/cmake --build /home/capstone/autoware.ai/build/autoware_can_msgs -- -j12 -l12
[4.997s] Invoking command in '/home/capstone/autoware.ai/build/autoware_can_msgs': /usr/bin/cmake --build /home/capstone/autoware.ai/build/autoware_can_msgs --target tests -- -j12 -l12
[5.738s] Built target tests
[5.942s] Invoked command in '/home/capstone/autoware.ai/build/autoware_can_msgs' returned '0': /usr/bin/cmake --build /home/capstone/autoware.ai/build/autoware_can_msgs --target tests -- -j12 -l12
[6.551s] Invoking command in '/home/capstone/autoware.ai/build/autoware_can_msgs': /usr/bin/cmake --build /home/capstone/autoware.ai/build/autoware_can_msgs --target install -- -j12 -l12
[6.979s] [  0%] Built target std_msgs_generate_messages_nodejs
[6.986s] [  0%] Built target std_msgs_generate_messages_py
[7.034s] [  0%] Built target std_msgs_generate_messages_lisp
[7.067s] [  0%] Built target std_msgs_generate_messages_eus
[7.082s] [  0%] Built target _autoware_can_msgs_generate_messages_check_deps_CANPacket
[7.112s] [  0%] Built target std_msgs_generate_messages_cpp
[7.143s] [  0%] Built target _autoware_can_msgs_generate_messages_check_deps_CANInfo
[7.217s] [  0%] Built target _autoware_can_msgs_generate_messages_check_deps_CANData
[7.494s] [ 17%] Built target autoware_can_msgs_generate_messages_cpp
[7.505s] [ 35%] Built target autoware_can_msgs_generate_messages_lisp
[7.541s] [ 52%] Built target autoware_can_msgs_generate_messages_nodejs
[7.543s] [ 76%] Built target autoware_can_msgs_generate_messages_py
[7.546s] [100%] Built target autoware_can_msgs_generate_messages_eus
[7.756s] [100%] Built target autoware_can_msgs_generate_messages
[7.886s] [36mInstall the project...[0m
[7.967s] -- Install configuration: "Release"
[7.969s] -- Up-to-date: /home/capstone/autoware.ai/install/autoware_can_msgs/share/autoware_can_msgs/msg/CANData.msg
[7.969s] -- Up-to-date: /home/capstone/autoware.ai/install/autoware_can_msgs/share/autoware_can_msgs/msg/CANInfo.msg
[7.970s] -- Up-to-date: /home/capstone/autoware.ai/install/autoware_can_msgs/share/autoware_can_msgs/msg/CANPacket.msg
[7.970s] -- Up-to-date: /home/capstone/autoware.ai/install/autoware_can_msgs/share/autoware_can_msgs/cmake/autoware_can_msgs-msg-paths.cmake
[7.970s] -- Up-to-date: /home/capstone/autoware.ai/install/autoware_can_msgs/include/autoware_can_msgs
[7.970s] -- Up-to-date: /home/capstone/autoware.ai/install/autoware_can_msgs/include/autoware_can_msgs/CANInfo.h
[7.971s] -- Up-to-date: /home/capstone/autoware.ai/install/autoware_can_msgs/include/autoware_can_msgs/CANPacket.h
[7.971s] -- Up-to-date: /home/capstone/autoware.ai/install/autoware_can_msgs/include/autoware_can_msgs/CANData.h
[7.971s] -- Up-to-date: /home/capstone/autoware.ai/install/autoware_can_msgs/share/roseus/ros/autoware_can_msgs
[7.972s] -- Up-to-date: /home/capstone/autoware.ai/install/autoware_can_msgs/share/roseus/ros/autoware_can_msgs/manifest.l
[7.972s] -- Up-to-date: /home/capstone/autoware.ai/install/autoware_can_msgs/share/roseus/ros/autoware_can_msgs/msg
[7.972s] -- Up-to-date: /home/capstone/autoware.ai/install/autoware_can_msgs/share/roseus/ros/autoware_can_msgs/msg/CANInfo.l
[7.972s] -- Up-to-date: /home/capstone/autoware.ai/install/autoware_can_msgs/share/roseus/ros/autoware_can_msgs/msg/CANPacket.l
[7.973s] -- Up-to-date: /home/capstone/autoware.ai/install/autoware_can_msgs/share/roseus/ros/autoware_can_msgs/msg/CANData.l
[7.973s] -- Up-to-date: /home/capstone/autoware.ai/install/autoware_can_msgs/share/common-lisp/ros/autoware_can_msgs
[7.973s] -- Up-to-date: /home/capstone/autoware.ai/install/autoware_can_msgs/share/common-lisp/ros/autoware_can_msgs/msg
[7.973s] -- Up-to-date: /home/capstone/autoware.ai/install/autoware_can_msgs/share/common-lisp/ros/autoware_can_msgs/msg/CANInfo.lisp
[7.973s] -- Up-to-date: /home/capstone/autoware.ai/install/autoware_can_msgs/share/common-lisp/ros/autoware_can_msgs/msg/CANData.lisp
[7.973s] -- Up-to-date: /home/capstone/autoware.ai/install/autoware_can_msgs/share/common-lisp/ros/autoware_can_msgs/msg/CANPacket.lisp
[7.974s] -- Up-to-date: /home/capstone/autoware.ai/install/autoware_can_msgs/share/common-lisp/ros/autoware_can_msgs/msg/_package.lisp
[7.974s] -- Up-to-date: /home/capstone/autoware.ai/install/autoware_can_msgs/share/common-lisp/ros/autoware_can_msgs/msg/_package_CANData.lisp
[7.974s] -- Up-to-date: /home/capstone/autoware.ai/install/autoware_can_msgs/share/common-lisp/ros/autoware_can_msgs/msg/autoware_can_msgs-msg.asd
[7.974s] -- Up-to-date: /home/capstone/autoware.ai/install/autoware_can_msgs/share/common-lisp/ros/autoware_can_msgs/msg/_package_CANPacket.lisp
[7.974s] -- Up-to-date: /home/capstone/autoware.ai/install/autoware_can_msgs/share/common-lisp/ros/autoware_can_msgs/msg/_package_CANInfo.lisp
[7.975s] -- Up-to-date: /home/capstone/autoware.ai/install/autoware_can_msgs/share/gennodejs/ros/autoware_can_msgs
[7.975s] -- Up-to-date: /home/capstone/autoware.ai/install/autoware_can_msgs/share/gennodejs/ros/autoware_can_msgs/_index.js
[7.975s] -- Up-to-date: /home/capstone/autoware.ai/install/autoware_can_msgs/share/gennodejs/ros/autoware_can_msgs/msg
[7.975s] -- Up-to-date: /home/capstone/autoware.ai/install/autoware_can_msgs/share/gennodejs/ros/autoware_can_msgs/msg/_index.js
[7.975s] -- Up-to-date: /home/capstone/autoware.ai/install/autoware_can_msgs/share/gennodejs/ros/autoware_can_msgs/msg/CANInfo.js
[7.975s] -- Up-to-date: /home/capstone/autoware.ai/install/autoware_can_msgs/share/gennodejs/ros/autoware_can_msgs/msg/CANData.js
[7.976s] -- Up-to-date: /home/capstone/autoware.ai/install/autoware_can_msgs/share/gennodejs/ros/autoware_can_msgs/msg/CANPacket.js
[8.063s] Listing /home/capstone/autoware.ai/build/autoware_can_msgs/devel/lib/python2.7/dist-packages/autoware_can_msgs ...
[8.063s] Listing /home/capstone/autoware.ai/build/autoware_can_msgs/devel/lib/python2.7/dist-packages/autoware_can_msgs/msg ...
[8.065s] -- Up-to-date: /home/capstone/autoware.ai/install/autoware_can_msgs/lib/python2.7/dist-packages/autoware_can_msgs
[8.066s] -- Up-to-date: /home/capstone/autoware.ai/install/autoware_can_msgs/lib/python2.7/dist-packages/autoware_can_msgs/__init__.pyc
[8.066s] -- Up-to-date: /home/capstone/autoware.ai/install/autoware_can_msgs/lib/python2.7/dist-packages/autoware_can_msgs/__init__.py
[8.066s] -- Up-to-date: /home/capstone/autoware.ai/install/autoware_can_msgs/lib/python2.7/dist-packages/autoware_can_msgs/msg
[8.066s] -- Up-to-date: /home/capstone/autoware.ai/install/autoware_can_msgs/lib/python2.7/dist-packages/autoware_can_msgs/msg/_CANInfo.pyc
[8.066s] -- Up-to-date: /home/capstone/autoware.ai/install/autoware_can_msgs/lib/python2.7/dist-packages/autoware_can_msgs/msg/_CANPacket.pyc
[8.066s] -- Up-to-date: /home/capstone/autoware.ai/install/autoware_can_msgs/lib/python2.7/dist-packages/autoware_can_msgs/msg/_CANInfo.py
[8.067s] -- Up-to-date: /home/capstone/autoware.ai/install/autoware_can_msgs/lib/python2.7/dist-packages/autoware_can_msgs/msg/_CANPacket.py
[8.067s] -- Up-to-date: /home/capstone/autoware.ai/install/autoware_can_msgs/lib/python2.7/dist-packages/autoware_can_msgs/msg/_CANData.pyc
[8.067s] -- Up-to-date: /home/capstone/autoware.ai/install/autoware_can_msgs/lib/python2.7/dist-packages/autoware_can_msgs/msg/_CANData.py
[8.067s] -- Up-to-date: /home/capstone/autoware.ai/install/autoware_can_msgs/lib/python2.7/dist-packages/autoware_can_msgs/msg/__init__.pyc
[8.067s] -- Up-to-date: /home/capstone/autoware.ai/install/autoware_can_msgs/lib/python2.7/dist-packages/autoware_can_msgs/msg/__init__.py
[8.067s] -- Up-to-date: /home/capstone/autoware.ai/install/autoware_can_msgs/lib/pkgconfig/autoware_can_msgs.pc
[8.068s] -- Up-to-date: /home/capstone/autoware.ai/install/autoware_can_msgs/share/autoware_can_msgs/cmake/autoware_can_msgs-msg-extras.cmake
[8.068s] -- Up-to-date: /home/capstone/autoware.ai/install/autoware_can_msgs/share/autoware_can_msgs/cmake/autoware_can_msgsConfig.cmake
[8.068s] -- Up-to-date: /home/capstone/autoware.ai/install/autoware_can_msgs/share/autoware_can_msgs/cmake/autoware_can_msgsConfig-version.cmake
[8.068s] -- Up-to-date: /home/capstone/autoware.ai/install/autoware_can_msgs/share/autoware_can_msgs/package.xml
[8.133s] Invoked command in '/home/capstone/autoware.ai/build/autoware_can_msgs' returned '0': /usr/bin/cmake --build /home/capstone/autoware.ai/build/autoware_can_msgs --target install -- -j12 -l12
