[0.953s] [  0%] Built target actionlib_msgs_generate_messages_nodejs
[1.152s] [  0%] Built target rosgraph_msgs_generate_messages_py
[1.302s] [  0%] Built target rosgraph_msgs_generate_messages_nodejs
[1.444s] [  0%] Built target rosgraph_msgs_generate_messages_eus
[1.588s] [  0%] Built target autoware_msgs_generate_messages_lisp
[1.736s] [  0%] Built target autoware_system_msgs_generate_messages_eus
[1.880s] [  0%] Built target autoware_system_msgs_generate_messages_nodejs
[2.046s] [  0%] Built target std_msgs_generate_messages_py
[2.196s] [  0%] Built target jsk_recognition_msgs_generate_messages_eus
[2.342s] [  0%] Built target autoware_system_msgs_generate_messages_cpp
[2.484s] [  0%] Built target jsk_footstep_msgs_generate_messages_py
[2.629s] [  0%] Built target geometry_msgs_generate_messages_py
[2.774s] [  0%] Built target sensor_msgs_generate_messages_py
[2.920s] [  0%] Built target roscpp_generate_messages_nodejs
[3.093s] [  0%] Built target jsk_footstep_msgs_generate_messages_cpp
[3.278s] [  0%] Built target jsk_footstep_msgs_generate_messages_lisp
[3.418s] [  0%] Built target autoware_config_msgs_generate_messages_cpp
[3.560s] [  0%] Built target jsk_footstep_msgs_generate_messages_eus
[3.703s] [  0%] Built target autoware_system_msgs_generate_messages_lisp
[3.848s] [  0%] Built target std_msgs_generate_messages_nodejs
[4.004s] [  0%] Built target geometry_msgs_generate_messages_eus
[4.192s] [  0%] Built target autoware_msgs_generate_messages_py
[4.357s] [  0%] Built target rosgraph_msgs_generate_messages_lisp
[4.502s] [  0%] Built target actionlib_msgs_generate_messages_eus
[4.653s] [  0%] Built target autoware_msgs_generate_messages_nodejs
[4.798s] [  0%] Built target autoware_config_msgs_generate_messages_eus
[4.951s] [  0%] Built target std_msgs_generate_messages_cpp
[5.124s] [  0%] Built target rosgraph_msgs_generate_messages_cpp
[5.292s] [  0%] Built target geometry_msgs_generate_messages_cpp
[5.435s] [  0%] Built target autoware_msgs_generate_messages_eus
[5.583s] [  0%] Built target autoware_system_msgs_generate_messages_py
[5.733s] [  0%] Built target geometry_msgs_generate_messages_lisp
[5.879s] [  0%] Built target jsk_recognition_msgs_generate_messages_lisp
[6.040s] [  0%] Built target geometry_msgs_generate_messages_nodejs
[6.265s] [  0%] Built target roscpp_generate_messages_py
[6.406s] [  0%] Built target jsk_recognition_msgs_generate_messages_nodejs
[6.551s] [  0%] Built target tablet_socket_msgs_generate_messages_cpp
[6.695s] [  0%] Built target autoware_msgs_generate_messages_cpp
[6.840s] [  0%] Built target autoware_config_msgs_generate_messages_nodejs
[6.994s] [  0%] Built target std_msgs_generate_messages_lisp
[7.210s] [  0%] Built target jsk_recognition_msgs_generate_messages_py
[7.355s] [  0%] Built target sensor_msgs_generate_messages_cpp
[7.499s] [  0%] Built target pcl_msgs_generate_messages_cpp
[7.644s] [  0%] Built target autoware_config_msgs_generate_messages_py
[7.791s] [  0%] Built target sensor_msgs_generate_messages_eus
[7.934s] [  0%] Built target sensor_msgs_generate_messages_lisp
[8.123s] [  0%] Built target pcl_msgs_generate_messages_eus
[8.287s] [  0%] Built target pcl_msgs_generate_messages_nodejs
[8.435s] [  0%] Built target pcl_msgs_generate_messages_lisp
[8.578s] [  0%] Built target pcl_msgs_generate_messages_py
[8.720s] [  0%] Built target sensor_msgs_generate_messages_nodejs
[8.866s] [  0%] Built target jsk_footstep_msgs_generate_messages_nodejs
[9.035s] [  0%] Built target actionlib_msgs_generate_messages_cpp
[9.237s] [  0%] Built target std_msgs_generate_messages_eus
[9.386s] [  0%] Built target actionlib_msgs_generate_messages_lisp
[9.527s] [  0%] Built target tablet_socket_msgs_generate_messages_py
[9.672s] [  0%] Built target jsk_recognition_msgs_generate_messages_cpp
[9.819s] [  0%] Built target autoware_config_msgs_generate_messages_lisp
[9.966s] [  0%] Built target actionlib_msgs_generate_messages_py
[10.123s] [  0%] Built target roscpp_generate_messages_cpp
[10.288s] [  0%] Built target roscpp_generate_messages_eus
[10.429s] [  0%] Built target roscpp_generate_messages_lisp
[10.572s] [  0%] Built target tablet_socket_msgs_generate_messages_eus
[10.723s] [  0%] Built target tablet_socket_msgs_generate_messages_lisp
[10.866s] [  0%] Built target tablet_socket_msgs_generate_messages_nodejs
[11.059s] [100%] Built target twist_gate
[12.524s] [ 40%] Built target gtest
[12.671s] [ 40%] Built target rosgraph_msgs_generate_messages_py
[12.821s] [ 40%] Built target rosgraph_msgs_generate_messages_nodejs
[12.966s] [ 40%] Built target rosgraph_msgs_generate_messages_eus
[13.153s] [ 40%] Built target autoware_msgs_generate_messages_lisp
[13.315s] [ 40%] Built target autoware_system_msgs_generate_messages_eus
[13.459s] [ 40%] Built target autoware_system_msgs_generate_messages_nodejs
[13.603s] [ 40%] Built target std_msgs_generate_messages_py
[13.747s] [ 40%] Built target jsk_recognition_msgs_generate_messages_eus
[13.892s] [ 40%] Built target autoware_system_msgs_generate_messages_cpp
[14.065s] [ 40%] Built target jsk_footstep_msgs_generate_messages_py
[14.235s] [ 40%] Built target geometry_msgs_generate_messages_py
[14.379s] [ 40%] Built target sensor_msgs_generate_messages_py
[14.525s] [ 40%] Built target roscpp_generate_messages_nodejs
[14.676s] [ 40%] Built target jsk_footstep_msgs_generate_messages_cpp
[14.821s] [ 40%] Built target jsk_footstep_msgs_generate_messages_lisp
[14.970s] [ 40%] Built target autoware_config_msgs_generate_messages_cpp
[15.192s] [ 40%] Built target jsk_footstep_msgs_generate_messages_eus
[15.339s] [ 40%] Built target autoware_system_msgs_generate_messages_lisp
[15.483s] [ 40%] Built target std_msgs_generate_messages_nodejs
[15.627s] [ 40%] Built target geometry_msgs_generate_messages_eus
[15.772s] [ 40%] Built target autoware_msgs_generate_messages_py
[15.921s] [ 40%] Built target rosgraph_msgs_generate_messages_lisp
[16.090s] [ 40%] Built target actionlib_msgs_generate_messages_eus
[16.240s] [ 40%] Built target autoware_msgs_generate_messages_nodejs
[16.388s] [ 40%] Built target autoware_config_msgs_generate_messages_eus
[16.535s] [ 40%] Built target std_msgs_generate_messages_cpp
[16.681s] [ 40%] Built target rosgraph_msgs_generate_messages_cpp
[16.832s] [ 40%] Built target geometry_msgs_generate_messages_cpp
[16.974s] [ 40%] Built target autoware_msgs_generate_messages_eus
[17.185s] [ 40%] Built target autoware_system_msgs_generate_messages_py
[17.338s] [ 40%] Built target geometry_msgs_generate_messages_lisp
[17.483s] [ 40%] Built target jsk_recognition_msgs_generate_messages_lisp
[17.625s] [ 40%] Built target geometry_msgs_generate_messages_nodejs
[17.768s] [ 40%] Built target roscpp_generate_messages_py
[17.911s] [ 40%] Built target jsk_recognition_msgs_generate_messages_nodejs
[18.109s] [ 40%] Built target tablet_socket_msgs_generate_messages_cpp
[18.264s] [ 40%] Built target autoware_msgs_generate_messages_cpp
[18.419s] [ 40%] Built target autoware_config_msgs_generate_messages_nodejs
[18.562s] [ 40%] Built target std_msgs_generate_messages_lisp
[18.704s] [ 40%] Built target jsk_recognition_msgs_generate_messages_py
[18.852s] [ 40%] Built target sensor_msgs_generate_messages_cpp
[19.004s] [ 40%] Built target pcl_msgs_generate_messages_cpp
[19.199s] [ 40%] Built target autoware_config_msgs_generate_messages_py
[19.342s] [ 40%] Built target sensor_msgs_generate_messages_eus
[19.487s] [ 40%] Built target sensor_msgs_generate_messages_lisp
[19.630s] [ 40%] Built target pcl_msgs_generate_messages_eus
[19.776s] [ 40%] Built target pcl_msgs_generate_messages_nodejs
[19.920s] [ 40%] Built target pcl_msgs_generate_messages_lisp
[20.162s] [ 40%] Built target pcl_msgs_generate_messages_py
[20.313s] [ 40%] Built target sensor_msgs_generate_messages_nodejs
[20.458s] [ 40%] Built target jsk_footstep_msgs_generate_messages_nodejs
[20.604s] [ 40%] Built target actionlib_msgs_generate_messages_cpp
[20.748s] [ 40%] Built target std_msgs_generate_messages_eus
[20.898s] [ 40%] Built target actionlib_msgs_generate_messages_lisp
[21.072s] [ 40%] Built target actionlib_msgs_generate_messages_nodejs
[21.235s] [ 40%] Built target tablet_socket_msgs_generate_messages_py
[21.379s] [ 40%] Built target jsk_recognition_msgs_generate_messages_cpp
[21.523s] [ 40%] Built target autoware_config_msgs_generate_messages_lisp
[21.668s] [ 40%] Built target actionlib_msgs_generate_messages_py
[21.818s] [ 40%] Built target roscpp_generate_messages_cpp
[21.960s] [ 40%] Built target roscpp_generate_messages_eus
[22.172s] [ 40%] Built target roscpp_generate_messages_lisp
[22.322s] [ 40%] Built target tablet_socket_msgs_generate_messages_eus
[22.466s] [ 40%] Built target tablet_socket_msgs_generate_messages_lisp
[22.617s] [ 40%] Built target tablet_socket_msgs_generate_messages_nodejs
[22.777s] [100%] Built target test-twist_gate
[22.920s] [100%] Built target tests
[24.285s] [  0%] Built target actionlib_msgs_generate_messages_nodejs
[24.430s] [  0%] Built target rosgraph_msgs_generate_messages_py
[24.570s] [  0%] Built target rosgraph_msgs_generate_messages_nodejs
[24.716s] [  0%] Built target rosgraph_msgs_generate_messages_eus
[24.863s] [  0%] Built target autoware_msgs_generate_messages_lisp
[25.016s] [  0%] Built target autoware_system_msgs_generate_messages_eus
[25.197s] [  0%] Built target autoware_system_msgs_generate_messages_nodejs
[25.345s] [  0%] Built target std_msgs_generate_messages_py
[25.487s] [  0%] Built target jsk_recognition_msgs_generate_messages_eus
[25.628s] [  0%] Built target autoware_system_msgs_generate_messages_cpp
[25.773s] [  0%] Built target jsk_footstep_msgs_generate_messages_py
[25.916s] [  0%] Built target geometry_msgs_generate_messages_py
[26.068s] [  0%] Built target sensor_msgs_generate_messages_py
[26.269s] [  0%] Built target roscpp_generate_messages_nodejs
[26.417s] [  0%] Built target jsk_footstep_msgs_generate_messages_cpp
[26.561s] [  0%] Built target jsk_footstep_msgs_generate_messages_lisp
[26.703s] [  0%] Built target autoware_config_msgs_generate_messages_cpp
[26.849s] [  0%] Built target jsk_footstep_msgs_generate_messages_eus
[26.995s] [  0%] Built target autoware_system_msgs_generate_messages_lisp
[27.203s] [  0%] Built target std_msgs_generate_messages_nodejs
[27.352s] [  0%] Built target geometry_msgs_generate_messages_eus
[27.501s] [  0%] Built target autoware_msgs_generate_messages_py
[27.645s] [  0%] Built target rosgraph_msgs_generate_messages_lisp
[27.793s] [  0%] Built target actionlib_msgs_generate_messages_eus
[27.937s] [  0%] Built target autoware_msgs_generate_messages_nodejs
[28.111s] [  0%] Built target autoware_config_msgs_generate_messages_eus
[28.272s] [  0%] Built target std_msgs_generate_messages_cpp
[28.456s] [  0%] Built target rosgraph_msgs_generate_messages_cpp
[28.603s] [  0%] Built target geometry_msgs_generate_messages_cpp
[28.754s] [  0%] Built target autoware_msgs_generate_messages_eus
[28.902s] [  0%] Built target autoware_system_msgs_generate_messages_py
[29.090s] [  0%] Built target geometry_msgs_generate_messages_lisp
[29.269s] [  0%] Built target jsk_recognition_msgs_generate_messages_lisp
[29.415s] [  0%] Built target geometry_msgs_generate_messages_nodejs
[29.554s] [  0%] Built target roscpp_generate_messages_py
[29.691s] [  0%] Built target jsk_recognition_msgs_generate_messages_nodejs
[29.855s] [  0%] Built target tablet_socket_msgs_generate_messages_cpp
[30.006s] [  0%] Built target autoware_msgs_generate_messages_cpp
[30.249s] [  0%] Built target autoware_config_msgs_generate_messages_nodejs
[30.396s] [  0%] Built target std_msgs_generate_messages_lisp
[30.546s] [  0%] Built target jsk_recognition_msgs_generate_messages_py
[30.682s] [  0%] Built target sensor_msgs_generate_messages_cpp
[30.823s] [  0%] Built target pcl_msgs_generate_messages_cpp
[30.968s] [  0%] Built target autoware_config_msgs_generate_messages_py
[31.196s] [  0%] Built target sensor_msgs_generate_messages_eus
[31.342s] [  0%] Built target sensor_msgs_generate_messages_lisp
[31.490s] [  0%] Built target pcl_msgs_generate_messages_eus
[31.638s] [  0%] Built target pcl_msgs_generate_messages_nodejs
[31.780s] [  0%] Built target pcl_msgs_generate_messages_lisp
[31.933s] [  0%] Built target pcl_msgs_generate_messages_py
[32.123s] [  0%] Built target sensor_msgs_generate_messages_nodejs
[32.273s] [  0%] Built target jsk_footstep_msgs_generate_messages_nodejs
[32.424s] [  0%] Built target actionlib_msgs_generate_messages_cpp
[32.569s] [  0%] Built target std_msgs_generate_messages_eus
[32.711s] [  0%] Built target actionlib_msgs_generate_messages_lisp
[32.853s] [  0%] Built target tablet_socket_msgs_generate_messages_py
[33.002s] [  0%] Built target jsk_recognition_msgs_generate_messages_cpp
[33.186s] [  0%] Built target autoware_config_msgs_generate_messages_lisp
[33.330s] [  0%] Built target actionlib_msgs_generate_messages_py
[33.472s] [  0%] Built target roscpp_generate_messages_cpp
[33.620s] [  0%] Built target roscpp_generate_messages_eus
[33.770s] [  0%] Built target roscpp_generate_messages_lisp
[33.930s] [  0%] Built target tablet_socket_msgs_generate_messages_eus
[34.119s] [  0%] Built target tablet_socket_msgs_generate_messages_lisp
[34.292s] [  0%] Built target tablet_socket_msgs_generate_messages_nodejs
[34.452s] [100%] Built target twist_gate
[34.588s] [36mInstall the project...[0m
[34.646s] -- Install configuration: "Release"
[34.646s] -- Up-to-date: /home/capstone/autoware.ai/install/twist_gate/lib/pkgconfig/twist_gate.pc
[34.646s] -- Up-to-date: /home/capstone/autoware.ai/install/twist_gate/share/twist_gate/cmake/twist_gateConfig.cmake
[34.647s] -- Up-to-date: /home/capstone/autoware.ai/install/twist_gate/share/twist_gate/cmake/twist_gateConfig-version.cmake
[34.647s] -- Up-to-date: /home/capstone/autoware.ai/install/twist_gate/share/twist_gate/package.xml
[34.647s] -- Up-to-date: /home/capstone/autoware.ai/install/twist_gate/lib/twist_gate/twist_gate
