[1.687s] [  0%] Built target map_msgs_generate_messages_cpp
[1.834s] [  0%] Built target nav_msgs_generate_messages_cpp
[1.980s] [  0%] Built target map_msgs_generate_messages_py
[2.123s] [  0%] Built target map_msgs_generate_messages_nodejs
[2.269s] [  0%] Built target map_msgs_generate_messages_lisp
[2.416s] [  0%] Built target rosgraph_msgs_generate_messages_eus
[2.604s] [  0%] Built target rosgraph_msgs_generate_messages_cpp
[2.761s] [  0%] Built target actionlib_generate_messages_eus
[2.898s] [  0%] Built target roscpp_generate_messages_nodejs
[3.047s] [  0%] Built target roscpp_generate_messages_eus
[3.195s] [  0%] Built target people_msgs_generate_messages_eus
[3.345s] [  0%] Built target tf_generate_messages_py
[3.499s] [  0%] Built target actionlib_msgs_generate_messages_nodejs
[3.702s] [  0%] Built target actionlib_msgs_generate_messages_lisp
[3.858s] [  0%] Built target tf_generate_messages_lisp
[4.002s] [  0%] Built target actionlib_msgs_generate_messages_cpp
[4.156s] [  0%] Built target vector_map_msgs_generate_messages_nodejs
[4.299s] [  0%] Built target roscpp_generate_messages_py
[4.445s] [  0%] Built target sensor_msgs_generate_messages_nodejs
[4.618s] [  0%] Built target pcl_msgs_generate_messages_py
[4.788s] [  0%] Built target pcl_msgs_generate_messages_lisp
[4.931s] [  0%] Built target pcl_msgs_generate_messages_nodejs
[5.071s] [  0%] Built target jsk_rviz_plugins_generate_messages_eus
[5.214s] [  0%] Built target pcl_msgs_generate_messages_eus
[5.396s] [  0%] Built target geometry_msgs_generate_messages_cpp
[5.556s] [  0%] Built target geometry_msgs_generate_messages_nodejs
[5.740s] [  0%] Built target dynamic_reconfigure_generate_messages_eus
[5.885s] [  0%] Built target jsk_recognition_utils_gencfg
[6.027s] [  0%] Built target jsk_rviz_plugins_generate_messages_lisp
[6.171s] [  0%] Built target _catkin_empty_exported_target
[6.320s] [  0%] Built target actionlib_generate_messages_lisp
[6.463s] [  0%] Built target jsk_footstep_msgs_generate_messages_eus
[6.663s] [  0%] Built target autoware_msgs_generate_messages_cpp
[6.820s] [  0%] Built target jsk_recognition_msgs_generate_messages_nodejs
[6.965s] [  0%] Built target std_msgs_generate_messages_lisp
[7.109s] [  0%] Built target autoware_config_msgs_generate_messages_nodejs
[7.257s] [  0%] Built target sensor_msgs_generate_messages_cpp
[7.401s] [  0%] Built target autoware_msgs_generate_messages_lisp
[7.570s] [  0%] Built target topic_tools_generate_messages_cpp
[7.753s] [  0%] Built target visualization_msgs_generate_messages_py
[7.895s] [  0%] Built target roscpp_generate_messages_cpp
[8.040s] [  0%] Built target tf_generate_messages_nodejs
[8.187s] [  0%] Built target topic_tools_generate_messages_py
[8.330s] [  0%] Built target autoware_config_msgs_generate_messages_py
[8.482s] [  0%] Built target nodelet_topic_tools_gencfg
[8.695s] [  0%] Built target rosgraph_msgs_generate_messages_lisp
[8.838s] [  0%] Built target visualization_msgs_generate_messages_cpp
[8.983s] [  0%] Built target tf_generate_messages_eus
[9.128s] [  0%] Built target actionlib_msgs_generate_messages_eus
[9.273s] [  0%] Built target dynamic_reconfigure_generate_messages_py
[9.418s] [  0%] Built target std_srvs_generate_messages_cpp
[9.602s] [  0%] Built target jsk_hark_msgs_generate_messages_cpp
[9.787s] [  0%] Built target autoware_msgs_generate_messages_nodejs
[9.930s] [  0%] Built target jsk_footstep_msgs_generate_messages_lisp
[10.076s] [  0%] Built target topic_tools_generate_messages_eus
[10.220s] [  0%] Built target sensor_msgs_generate_messages_py
[10.370s] [  0%] Built target tf2_msgs_generate_messages_eus
[10.516s] [  0%] Built target geometry_msgs_generate_messages_py
[10.759s] [  0%] Built target jsk_footstep_msgs_generate_messages_py
[10.903s] [  0%] Built target vector_map_msgs_generate_messages_eus
[11.047s] [  0%] Built target std_msgs_generate_messages_cpp
[11.191s] [  0%] Built target geometry_msgs_generate_messages_eus
[11.335s] [  0%] Built target std_msgs_generate_messages_nodejs
[11.480s] [  0%] Built target nodelet_generate_messages_lisp
[11.677s] [  0%] Built target autoware_msgs_generate_messages_eus
[11.835s] [  0%] Built target jsk_rviz_plugins_generate_messages_nodejs
[11.984s] [  0%] Built target geometry_msgs_generate_messages_lisp
[12.132s] [  0%] Built target jsk_recognition_msgs_generate_messages_cpp
[12.274s] [  0%] Built target jsk_recognition_msgs_generate_messages_eus
[12.418s] [  0%] Built target tf_generate_messages_cpp
[12.593s] [  0%] Built target jsk_footstep_msgs_generate_messages_cpp
[12.754s] [  0%] Built target actionlib_msgs_generate_messages_py
[12.900s] [  0%] Built target jsk_recognition_msgs_generate_messages_lisp
[13.042s] [  0%] Built target rosgraph_msgs_generate_messages_nodejs
[13.190s] [  0%] Built target actionlib_generate_messages_cpp
[13.334s] [  0%] Built target jsk_hark_msgs_generate_messages_eus
[13.481s] [  0%] Built target jsk_hark_msgs_generate_messages_py
[13.687s] [  0%] Built target std_srvs_generate_messages_py
[13.834s] [  0%] Built target actionlib_generate_messages_nodejs
[13.980s] [  0%] Built target actionlib_generate_messages_py
[14.130s] [  0%] Built target nav_msgs_generate_messages_lisp
[14.281s] [  0%] Built target tf2_msgs_generate_messages_cpp
[14.427s] [  0%] Built target dynamic_reconfigure_generate_messages_lisp
[14.597s] [  0%] Built target std_msgs_generate_messages_py
[14.757s] [  0%] Built target people_msgs_generate_messages_py
[14.916s] [  0%] Built target jsk_hark_msgs_generate_messages_nodejs
[15.059s] [  0%] Built target tf2_msgs_generate_messages_lisp
[15.201s] [  0%] Built target autoware_lanelet2_msgs_generate_messages_py
[15.345s] [  0%] Built target autoware_config_msgs_generate_messages_cpp
[15.499s] [  0%] Built target tf2_msgs_generate_messages_py
[15.701s] [  0%] Built target sensor_msgs_generate_messages_eus
[15.848s] [  0%] Built target autoware_config_msgs_generate_messages_eus
[15.991s] [  0%] Built target autoware_config_msgs_generate_messages_lisp
[16.137s] [  0%] Built target dynamic_reconfigure_generate_messages_cpp
[16.283s] [  0%] Built target jsk_recognition_msgs_generate_messages_py
[16.430s] [  0%] Built target pcl_msgs_generate_messages_cpp
[16.606s] [  0%] Built target dynamic_reconfigure_gencfg
[16.782s] [  0%] Built target bond_generate_messages_cpp
[16.927s] [  0%] Built target jsk_rviz_plugins_generate_messages_cpp
[17.069s] [  0%] Built target jsk_rviz_plugins_generate_messages_py
[17.210s] [  0%] Built target pcl_ros_gencfg
[17.357s] [  0%] Built target sensor_msgs_generate_messages_lisp
[17.501s] [  0%] Built target tf2_msgs_generate_messages_nodejs
[17.687s] [  0%] Built target nodelet_generate_messages_cpp
[17.832s] [  0%] Built target nodelet_generate_messages_eus
[17.976s] [  0%] Built target nodelet_generate_messages_nodejs
[18.123s] [  0%] Built target jsk_hark_msgs_generate_messages_lisp
[18.266s] [  0%] Built target nodelet_generate_messages_py
[18.409s] [  0%] Built target std_srvs_generate_messages_nodejs
[18.577s] [  0%] Built target map_msgs_generate_messages_eus
[18.765s] [  0%] Built target jsk_footstep_msgs_generate_messages_nodejs
[18.916s] [  0%] Built target bond_generate_messages_eus
[19.066s] [  0%] Built target bond_generate_messages_lisp
[19.212s] [  0%] Built target bond_generate_messages_nodejs
[19.358s] [  0%] Built target bond_generate_messages_py
[19.501s] [  0%] Built target jsk_rviz_plugins_gencfg
[19.692s] [  0%] Built target std_srvs_generate_messages_eus
[19.835s] [  0%] Built target std_msgs_generate_messages_eus
[19.979s] [  0%] Built target roscpp_generate_messages_lisp
[20.125s] [  0%] Built target std_srvs_generate_messages_lisp
[20.268s] [  0%] Built target topic_tools_generate_messages_lisp
[20.417s] [  0%] Built target topic_tools_generate_messages_nodejs
[20.645s] [  0%] Built target visualization_msgs_generate_messages_eus
[20.811s] [  0%] Built target dynamic_reconfigure_generate_messages_nodejs
[20.955s] [  0%] Built target people_msgs_generate_messages_cpp
[21.102s] [  0%] Built target visualization_msgs_generate_messages_lisp
[21.248s] [  0%] Built target people_msgs_generate_messages_lisp
[21.396s] [  0%] Built target rosgraph_msgs_generate_messages_py
[21.570s] [  0%] Built target visualization_msgs_generate_messages_nodejs
[21.749s] [  0%] Built target people_msgs_generate_messages_nodejs
[21.896s] [  0%] Built target autoware_msgs_generate_messages_py
[22.039s] [  0%] Built target nav_msgs_generate_messages_eus
[22.183s] [  0%] Built target nav_msgs_generate_messages_nodejs
[22.327s] [  0%] Built target nav_msgs_generate_messages_py
[22.474s] [  0%] Built target autoware_lanelet2_msgs_generate_messages_cpp
[22.647s] [  0%] Built target autoware_lanelet2_msgs_generate_messages_eus
[22.801s] [  0%] Built target autoware_lanelet2_msgs_generate_messages_lisp
[22.956s] [  0%] Built target autoware_lanelet2_msgs_generate_messages_nodejs
[23.097s] [  0%] Built target vector_map_msgs_generate_messages_cpp
[23.246s] [  0%] Built target vector_map_msgs_generate_messages_lisp
[23.389s] [  0%] Built target vector_map_msgs_generate_messages_py
[23.713s] [100%] Built target decision_maker_node
[26.026s] [ 11%] Built target gtest
[26.169s] [ 11%] Built target nav_msgs_generate_messages_cpp
[26.309s] [ 11%] Built target map_msgs_generate_messages_py
[26.456s] [ 11%] Built target map_msgs_generate_messages_nodejs
[26.646s] [ 11%] Built target map_msgs_generate_messages_lisp
[26.807s] [ 11%] Built target rosgraph_msgs_generate_messages_eus
[26.949s] [ 11%] Built target rosgraph_msgs_generate_messages_cpp
[27.092s] [ 11%] Built target actionlib_generate_messages_eus
[27.233s] [ 11%] Built target roscpp_generate_messages_nodejs
[27.377s] [ 11%] Built target roscpp_generate_messages_eus
[27.525s] [ 11%] Built target people_msgs_generate_messages_eus
[27.757s] [ 11%] Built target tf_generate_messages_py
[27.909s] [ 11%] Built target actionlib_msgs_generate_messages_nodejs
[28.052s] [ 11%] Built target actionlib_msgs_generate_messages_lisp
[28.198s] [ 11%] Built target tf_generate_messages_lisp
[28.343s] [ 11%] Built target actionlib_msgs_generate_messages_cpp
[28.489s] [ 11%] Built target vector_map_msgs_generate_messages_nodejs
[28.694s] [ 11%] Built target roscpp_generate_messages_py
[28.839s] [ 11%] Built target sensor_msgs_generate_messages_nodejs
[28.988s] [ 11%] Built target pcl_msgs_generate_messages_py
[29.130s] [ 11%] Built target pcl_msgs_generate_messages_lisp
[29.285s] [ 11%] Built target pcl_msgs_generate_messages_nodejs
[29.426s] [ 11%] Built target jsk_rviz_plugins_generate_messages_eus
[29.598s] [ 11%] Built target pcl_msgs_generate_messages_eus
[29.775s] [ 11%] Built target geometry_msgs_generate_messages_cpp
[29.922s] [ 11%] Built target geometry_msgs_generate_messages_nodejs
[30.066s] [ 11%] Built target dynamic_reconfigure_generate_messages_eus
[30.209s] [ 11%] Built target jsk_recognition_utils_gencfg
[30.354s] [ 11%] Built target jsk_rviz_plugins_generate_messages_lisp
[30.503s] [ 11%] Built target _catkin_empty_exported_target
[30.673s] [ 11%] Built target actionlib_generate_messages_lisp
[30.819s] [ 11%] Built target jsk_footstep_msgs_generate_messages_eus
[30.965s] [ 11%] Built target autoware_msgs_generate_messages_cpp
[31.111s] [ 11%] Built target jsk_recognition_msgs_generate_messages_nodejs
[31.261s] [ 11%] Built target std_msgs_generate_messages_lisp
[31.405s] [ 11%] Built target autoware_config_msgs_generate_messages_nodejs
[31.578s] [ 11%] Built target sensor_msgs_generate_messages_cpp
[31.751s] [ 11%] Built target autoware_msgs_generate_messages_lisp
[31.897s] [ 11%] Built target topic_tools_generate_messages_cpp
[32.041s] [ 11%] Built target visualization_msgs_generate_messages_py
[32.188s] [ 11%] Built target roscpp_generate_messages_cpp
[32.336s] [ 11%] Built target tf_generate_messages_nodejs
[32.477s] [ 11%] Built target topic_tools_generate_messages_py
[32.683s] [ 11%] Built target autoware_config_msgs_generate_messages_py
[32.831s] [ 11%] Built target nodelet_topic_tools_gencfg
[32.973s] [ 11%] Built target rosgraph_msgs_generate_messages_lisp
[33.116s] [ 11%] Built target visualization_msgs_generate_messages_cpp
[33.256s] [ 11%] Built target tf_generate_messages_eus
[33.401s] [ 11%] Built target actionlib_msgs_generate_messages_eus
[33.562s] [ 11%] Built target dynamic_reconfigure_generate_messages_py
[33.726s] [ 11%] Built target std_srvs_generate_messages_cpp
[33.870s] [ 11%] Built target jsk_hark_msgs_generate_messages_cpp
[34.013s] [ 11%] Built target autoware_msgs_generate_messages_nodejs
[34.160s] [ 11%] Built target jsk_footstep_msgs_generate_messages_lisp
[34.304s] [ 11%] Built target topic_tools_generate_messages_eus
[34.455s] [ 11%] Built target sensor_msgs_generate_messages_py
[34.659s] [ 11%] Built target tf2_msgs_generate_messages_eus
[34.805s] [ 11%] Built target geometry_msgs_generate_messages_py
[34.960s] [ 11%] Built target jsk_footstep_msgs_generate_messages_py
[35.107s] [ 11%] Built target vector_map_msgs_generate_messages_eus
[35.249s] [ 11%] Built target std_msgs_generate_messages_cpp
[35.390s] [ 11%] Built target geometry_msgs_generate_messages_eus
[35.563s] [ 11%] Built target std_msgs_generate_messages_nodejs
[35.723s] [ 11%] Built target nodelet_generate_messages_lisp
[35.868s] [ 11%] Built target autoware_msgs_generate_messages_eus
[36.016s] [ 11%] Built target jsk_rviz_plugins_generate_messages_nodejs
[36.159s] [ 11%] Built target geometry_msgs_generate_messages_lisp
[36.304s] [ 11%] Built target jsk_recognition_msgs_generate_messages_cpp
[36.445s] [ 11%] Built target jsk_recognition_msgs_generate_messages_eus
[36.654s] [ 11%] Built target tf_generate_messages_cpp
[36.804s] [ 11%] Built target jsk_footstep_msgs_generate_messages_cpp
[36.949s] [ 11%] Built target actionlib_msgs_generate_messages_py
[37.092s] [ 11%] Built target jsk_recognition_msgs_generate_messages_lisp
[37.240s] [ 11%] Built target rosgraph_msgs_generate_messages_nodejs
[37.382s] [ 11%] Built target actionlib_generate_messages_cpp
[37.530s] [ 11%] Built target jsk_hark_msgs_generate_messages_eus
[37.714s] [ 11%] Built target jsk_hark_msgs_generate_messages_py
[37.865s] [ 11%] Built target std_srvs_generate_messages_py
[38.004s] [ 11%] Built target actionlib_generate_messages_nodejs
[38.150s] [ 11%] Built target actionlib_generate_messages_py
[38.292s] [ 11%] Built target nav_msgs_generate_messages_lisp
[38.435s] [ 11%] Built target tf2_msgs_generate_messages_cpp
[38.609s] [ 11%] Built target dynamic_reconfigure_generate_messages_lisp
[38.770s] [ 11%] Built target std_msgs_generate_messages_py
[38.911s] [ 11%] Built target people_msgs_generate_messages_py
[39.050s] [ 11%] Built target jsk_hark_msgs_generate_messages_nodejs
[39.190s] [ 11%] Built target tf2_msgs_generate_messages_lisp
[39.335s] [ 11%] Built target autoware_lanelet2_msgs_generate_messages_py
[39.479s] [ 11%] Built target autoware_config_msgs_generate_messages_cpp
[39.679s] [ 11%] Built target tf2_msgs_generate_messages_py
[39.822s] [ 11%] Built target sensor_msgs_generate_messages_eus
[39.966s] [ 11%] Built target autoware_config_msgs_generate_messages_eus
[40.110s] [ 11%] Built target autoware_config_msgs_generate_messages_lisp
[40.254s] [ 11%] Built target dynamic_reconfigure_generate_messages_cpp
[40.401s] [ 11%] Built target jsk_recognition_msgs_generate_messages_py
[40.557s] [ 11%] Built target pcl_msgs_generate_messages_cpp
[40.740s] [ 11%] Built target dynamic_reconfigure_gencfg
[40.883s] [ 11%] Built target bond_generate_messages_cpp
[41.025s] [ 11%] Built target jsk_rviz_plugins_generate_messages_cpp
[41.169s] [ 11%] Built target jsk_rviz_plugins_generate_messages_py
[41.311s] [ 11%] Built target pcl_ros_gencfg
[41.454s] [ 11%] Built target sensor_msgs_generate_messages_lisp
[41.609s] [ 11%] Built target tf2_msgs_generate_messages_nodejs
[41.799s] [ 11%] Built target nodelet_generate_messages_cpp
[41.946s] [ 11%] Built target nodelet_generate_messages_eus
[42.091s] [ 11%] Built target nodelet_generate_messages_nodejs
[42.234s] [ 11%] Built target jsk_hark_msgs_generate_messages_lisp
[42.378s] [ 11%] Built target nodelet_generate_messages_py
[42.532s] [ 11%] Built target std_srvs_generate_messages_nodejs
[42.725s] [ 11%] Built target map_msgs_generate_messages_eus
[42.870s] [ 11%] Built target jsk_footstep_msgs_generate_messages_nodejs
[43.019s] [ 11%] Built target bond_generate_messages_eus
[43.164s] [ 11%] Built target bond_generate_messages_lisp
[43.312s] [ 11%] Built target bond_generate_messages_nodejs
[43.457s] [ 11%] Built target bond_generate_messages_py
[43.638s] [ 11%] Built target jsk_rviz_plugins_gencfg
[43.809s] [ 11%] Built target std_srvs_generate_messages_eus
[43.959s] [ 11%] Built target std_msgs_generate_messages_eus
[44.103s] [ 11%] Built target roscpp_generate_messages_lisp
[44.248s] [ 11%] Built target std_srvs_generate_messages_lisp
[44.390s] [ 11%] Built target topic_tools_generate_messages_lisp
[44.545s] [ 11%] Built target topic_tools_generate_messages_nodejs
[44.738s] [ 11%] Built target visualization_msgs_generate_messages_eus
[44.887s] [ 11%] Built target dynamic_reconfigure_generate_messages_nodejs
[45.032s] [ 11%] Built target people_msgs_generate_messages_cpp
[45.173s] [ 11%] Built target visualization_msgs_generate_messages_lisp
[45.317s] [ 11%] Built target people_msgs_generate_messages_lisp
[45.457s] [ 11%] Built target rosgraph_msgs_generate_messages_py
[45.659s] [ 11%] Built target visualization_msgs_generate_messages_nodejs
[45.802s] [ 11%] Built target people_msgs_generate_messages_nodejs
[45.930s] [ 11%] Built target autoware_msgs_generate_messages_py
[46.067s] [ 11%] Built target map_msgs_generate_messages_cpp
[46.207s] [ 11%] Built target nav_msgs_generate_messages_eus
[46.352s] [ 11%] Built target nav_msgs_generate_messages_nodejs
[46.490s] [ 11%] Built target nav_msgs_generate_messages_py
[46.669s] [ 11%] Built target autoware_lanelet2_msgs_generate_messages_cpp
[46.849s] [ 11%] Built target autoware_lanelet2_msgs_generate_messages_eus
[46.973s] [ 11%] Built target autoware_lanelet2_msgs_generate_messages_lisp
[47.090s] [ 11%] Built target autoware_lanelet2_msgs_generate_messages_nodejs
[47.223s] [ 11%] Built target vector_map_msgs_generate_messages_cpp
[47.350s] [ 11%] Built target vector_map_msgs_generate_messages_lisp
[47.473s] [ 11%] Built target vector_map_msgs_generate_messages_py
[47.814s] [100%] Built target test-decision_maker
[47.953s] [100%] Built target tests
[49.932s] [  0%] Built target map_msgs_generate_messages_cpp
[50.040s] [  0%] Built target nav_msgs_generate_messages_cpp
[50.150s] [  0%] Built target map_msgs_generate_messages_py
[50.263s] [  0%] Built target map_msgs_generate_messages_nodejs
[50.380s] [  0%] Built target map_msgs_generate_messages_lisp
[50.502s] [  0%] Built target rosgraph_msgs_generate_messages_eus
[50.662s] [  0%] Built target rosgraph_msgs_generate_messages_cpp
[50.811s] [  0%] Built target actionlib_generate_messages_eus
[50.930s] [  0%] Built target roscpp_generate_messages_nodejs
[51.038s] [  0%] Built target roscpp_generate_messages_eus
[51.156s] [  0%] Built target people_msgs_generate_messages_eus
[51.278s] [  0%] Built target tf_generate_messages_py
[51.394s] [  0%] Built target actionlib_msgs_generate_messages_nodejs
[51.498s] [  0%] Built target actionlib_msgs_generate_messages_lisp
[51.652s] [  0%] Built target tf_generate_messages_lisp
[51.785s] [  0%] Built target actionlib_msgs_generate_messages_cpp
[51.890s] [  0%] Built target vector_map_msgs_generate_messages_nodejs
[51.996s] [  0%] Built target roscpp_generate_messages_py
[52.094s] [  0%] Built target sensor_msgs_generate_messages_nodejs
[52.189s] [  0%] Built target pcl_msgs_generate_messages_py
[52.288s] [  0%] Built target pcl_msgs_generate_messages_lisp
[52.391s] [  0%] Built target pcl_msgs_generate_messages_nodejs
[52.507s] [  0%] Built target jsk_rviz_plugins_generate_messages_eus
[52.649s] [  0%] Built target pcl_msgs_generate_messages_eus
[52.793s] [  0%] Built target geometry_msgs_generate_messages_cpp
[52.904s] [  0%] Built target geometry_msgs_generate_messages_nodejs
[53.011s] [  0%] Built target dynamic_reconfigure_generate_messages_eus
[53.108s] [  0%] Built target jsk_recognition_utils_gencfg
[53.211s] [  0%] Built target jsk_rviz_plugins_generate_messages_lisp
[53.311s] [  0%] Built target _catkin_empty_exported_target
[53.418s] [  0%] Built target actionlib_generate_messages_lisp
[53.534s] [  0%] Built target jsk_footstep_msgs_generate_messages_eus
[53.700s] [  0%] Built target autoware_msgs_generate_messages_cpp
[53.815s] [  0%] Built target jsk_recognition_msgs_generate_messages_nodejs
[53.917s] [  0%] Built target std_msgs_generate_messages_lisp
[54.021s] [  0%] Built target autoware_config_msgs_generate_messages_nodejs
[54.128s] [  0%] Built target sensor_msgs_generate_messages_cpp
[54.232s] [  0%] Built target autoware_msgs_generate_messages_lisp
[54.344s] [  0%] Built target topic_tools_generate_messages_cpp
[54.443s] [  0%] Built target visualization_msgs_generate_messages_py
[54.556s] [  0%] Built target roscpp_generate_messages_cpp
[54.725s] [  0%] Built target tf_generate_messages_nodejs
[54.856s] [  0%] Built target topic_tools_generate_messages_py
[54.954s] [  0%] Built target autoware_config_msgs_generate_messages_py
[55.052s] [  0%] Built target nodelet_topic_tools_gencfg
[55.156s] [  0%] Built target rosgraph_msgs_generate_messages_lisp
[55.263s] [  0%] Built target visualization_msgs_generate_messages_cpp
[55.368s] [  0%] Built target tf_generate_messages_eus
[55.469s] [  0%] Built target actionlib_msgs_generate_messages_eus
[55.610s] [  0%] Built target dynamic_reconfigure_generate_messages_py
[55.746s] [  0%] Built target std_srvs_generate_messages_cpp
[55.847s] [  0%] Built target jsk_hark_msgs_generate_messages_cpp
[55.938s] [  0%] Built target autoware_msgs_generate_messages_nodejs
[56.030s] [  0%] Built target jsk_footstep_msgs_generate_messages_lisp
[56.120s] [  0%] Built target topic_tools_generate_messages_eus
[56.222s] [  0%] Built target sensor_msgs_generate_messages_py
[56.324s] [  0%] Built target tf2_msgs_generate_messages_eus
[56.427s] [  0%] Built target geometry_msgs_generate_messages_py
[56.551s] [  0%] Built target jsk_footstep_msgs_generate_messages_py
[56.699s] [  0%] Built target vector_map_msgs_generate_messages_eus
[56.808s] [  0%] Built target std_msgs_generate_messages_cpp
[56.894s] [  0%] Built target geometry_msgs_generate_messages_eus
[56.990s] [  0%] Built target std_msgs_generate_messages_nodejs
[57.095s] [  0%] Built target nodelet_generate_messages_lisp
[57.190s] [  0%] Built target autoware_msgs_generate_messages_eus
[57.278s] [  0%] Built target jsk_rviz_plugins_generate_messages_nodejs
[57.377s] [  0%] Built target geometry_msgs_generate_messages_lisp
[57.482s] [  0%] Built target jsk_recognition_msgs_generate_messages_cpp
[57.624s] [  0%] Built target jsk_recognition_msgs_generate_messages_eus
[57.785s] [  0%] Built target tf_generate_messages_cpp
[57.884s] [  0%] Built target jsk_footstep_msgs_generate_messages_cpp
[57.989s] [  0%] Built target actionlib_msgs_generate_messages_py
[58.087s] [  0%] Built target jsk_recognition_msgs_generate_messages_lisp
[58.189s] [  0%] Built target rosgraph_msgs_generate_messages_nodejs
[58.276s] [  0%] Built target actionlib_generate_messages_cpp
[58.374s] [  0%] Built target jsk_hark_msgs_generate_messages_eus
[58.475s] [  0%] Built target jsk_hark_msgs_generate_messages_py
[58.644s] [  0%] Built target std_srvs_generate_messages_py
[58.783s] [  0%] Built target actionlib_generate_messages_nodejs
[58.882s] [  0%] Built target actionlib_generate_messages_py
[58.980s] [  0%] Built target nav_msgs_generate_messages_lisp
[59.078s] [  0%] Built target tf2_msgs_generate_messages_cpp
[59.181s] [  0%] Built target dynamic_reconfigure_generate_messages_lisp
[59.285s] [  0%] Built target std_msgs_generate_messages_py
[59.387s] [  0%] Built target people_msgs_generate_messages_py
[59.494s] [  0%] Built target jsk_hark_msgs_generate_messages_nodejs
[59.608s] [  0%] Built target tf2_msgs_generate_messages_lisp
[59.775s] [  0%] Built target autoware_lanelet2_msgs_generate_messages_py
[59.886s] [  0%] Built target autoware_config_msgs_generate_messages_cpp
[59.988s] [  0%] Built target tf2_msgs_generate_messages_py
[60.087s] [  0%] Built target sensor_msgs_generate_messages_eus
[60.182s] [  0%] Built target autoware_config_msgs_generate_messages_eus
[60.274s] [  0%] Built target autoware_config_msgs_generate_messages_lisp
[60.370s] [  0%] Built target dynamic_reconfigure_generate_messages_cpp
[60.490s] [  0%] Built target jsk_recognition_msgs_generate_messages_py
[60.658s] [  0%] Built target pcl_msgs_generate_messages_cpp
[60.811s] [  0%] Built target dynamic_reconfigure_gencfg
[60.942s] [  0%] Built target bond_generate_messages_cpp
[61.030s] [  0%] Built target jsk_rviz_plugins_generate_messages_cpp
[61.123s] [  0%] Built target jsk_rviz_plugins_generate_messages_py
[61.223s] [  0%] Built target pcl_ros_gencfg
[61.322s] [  0%] Built target sensor_msgs_generate_messages_lisp
[61.424s] [  0%] Built target tf2_msgs_generate_messages_nodejs
[61.560s] [  0%] Built target nodelet_generate_messages_cpp
[61.715s] [  0%] Built target nodelet_generate_messages_eus
[61.862s] [  0%] Built target nodelet_generate_messages_nodejs
[61.958s] [  0%] Built target jsk_hark_msgs_generate_messages_lisp
[62.055s] [  0%] Built target nodelet_generate_messages_py
[62.139s] [  0%] Built target std_srvs_generate_messages_nodejs
[62.230s] [  0%] Built target map_msgs_generate_messages_eus
[62.331s] [  0%] Built target jsk_footstep_msgs_generate_messages_nodejs
[62.421s] [  0%] Built target bond_generate_messages_eus
[62.516s] [  0%] Built target bond_generate_messages_lisp
[62.696s] [  0%] Built target bond_generate_messages_nodejs
[62.817s] [  0%] Built target bond_generate_messages_py
[62.918s] [  0%] Built target jsk_rviz_plugins_gencfg
[63.008s] [  0%] Built target std_srvs_generate_messages_eus
[63.101s] [  0%] Built target std_msgs_generate_messages_eus
[63.189s] [  0%] Built target roscpp_generate_messages_lisp
[63.273s] [  0%] Built target std_srvs_generate_messages_lisp
[63.364s] [  0%] Built target topic_tools_generate_messages_lisp
[63.448s] [  0%] Built target topic_tools_generate_messages_nodejs
[63.553s] [  0%] Built target visualization_msgs_generate_messages_eus
[63.699s] [  0%] Built target dynamic_reconfigure_generate_messages_nodejs
[63.845s] [  0%] Built target people_msgs_generate_messages_cpp
[63.964s] [  0%] Built target visualization_msgs_generate_messages_lisp
[64.060s] [  0%] Built target people_msgs_generate_messages_lisp
[64.145s] [  0%] Built target rosgraph_msgs_generate_messages_py
[64.238s] [  0%] Built target visualization_msgs_generate_messages_nodejs
[64.328s] [  0%] Built target people_msgs_generate_messages_nodejs
[64.411s] [  0%] Built target autoware_msgs_generate_messages_py
[64.503s] [  0%] Built target nav_msgs_generate_messages_eus
[64.623s] [  0%] Built target nav_msgs_generate_messages_nodejs
[64.778s] [  0%] Built target nav_msgs_generate_messages_py
[64.881s] [  0%] Built target autoware_lanelet2_msgs_generate_messages_cpp
[64.986s] [  0%] Built target autoware_lanelet2_msgs_generate_messages_eus
[65.071s] [  0%] Built target autoware_lanelet2_msgs_generate_messages_lisp
[65.155s] [  0%] Built target autoware_lanelet2_msgs_generate_messages_nodejs
[65.242s] [  0%] Built target vector_map_msgs_generate_messages_cpp
[65.317s] [  0%] Built target vector_map_msgs_generate_messages_lisp
[65.400s] [  0%] Built target vector_map_msgs_generate_messages_py
[65.576s] [100%] Built target decision_maker_node
[65.700s] [36mInstall the project...[0m
[65.748s] -- Install configuration: "Release"
[65.748s] -- Up-to-date: /home/capstone/autoware.ai/install/decision_maker/lib/pkgconfig/decision_maker.pc
[65.748s] -- Up-to-date: /home/capstone/autoware.ai/install/decision_maker/share/decision_maker/cmake/decision_makerConfig.cmake
[65.748s] -- Up-to-date: /home/capstone/autoware.ai/install/decision_maker/share/decision_maker/cmake/decision_makerConfig-version.cmake
[65.749s] -- Up-to-date: /home/capstone/autoware.ai/install/decision_maker/share/decision_maker/package.xml
[65.749s] -- Up-to-date: /home/capstone/autoware.ai/install/decision_maker/lib/decision_maker/decision_maker_node
[65.749s] -- Up-to-date: /home/capstone/autoware.ai/install/decision_maker/share/decision_maker/launch
[65.749s] -- Up-to-date: /home/capstone/autoware.ai/install/decision_maker/share/decision_maker/launch/decision_maker.launch
[65.749s] -- Up-to-date: /home/capstone/autoware.ai/install/decision_maker/share/decision_maker/autoware_state_behavior.yaml
[65.749s] -- Up-to-date: /home/capstone/autoware.ai/install/decision_maker/share/decision_maker/autoware_state_motion.yaml
[65.749s] -- Up-to-date: /home/capstone/autoware.ai/install/decision_maker/share/decision_maker/autoware_state_mission.yaml
[65.749s] -- Up-to-date: /home/capstone/autoware.ai/install/decision_maker/share/decision_maker/autoware_state_vehicle.yaml
