[0.792s] -- The C compiler identification is GNU 7.5.0
[1.141s] -- The CXX compiler identification is GNU 7.5.0
[1.161s] -- Check for working C compiler: /usr/bin/cc
[1.846s] -- Check for working C compiler: /usr/bin/cc -- works
[1.847s] -- Detecting C compiler ABI info
[2.508s] -- Detecting C compiler ABI info - done
[2.540s] -- Detecting C compile features
[4.285s] -- Detecting C compile features - done
[4.292s] -- Check for working CXX compiler: /usr/bin/c++
[4.912s] -- Check for working CXX compiler: /usr/bin/c++ -- works
[4.913s] -- Detecting CXX compiler ABI info
[5.475s] -- Detecting CXX compiler ABI info - done
[5.496s] -- Detecting CXX compile features
[8.072s] -- Detecting CXX compile features - done
[8.085s] -- MRT_ARCH not set and X86 target detected (x86_64)
[8.085s] -- Setting -march to sandybridge
[9.720s] -- Found OpenMP_C: -fopenmp (found version "4.5") 
[10.182s] -- Found OpenMP_CXX: -fopenmp (found version "4.5") 
[10.184s] -- Found OpenMP: TRUE (found version "4.5")  
[10.201s] -- Performing Test FLAG_AVAILABLE
[10.766s] -- Performing Test FLAG_AVAILABLE - Success
[10.810s] -- Using CATKIN_DEVEL_PREFIX: /home/capstone/autoware.ai/build/lanelet2_projection/devel
[10.811s] -- Using CMAKE_PREFIX_PATH: /home/capstone/autoware.ai/install/lanelet2_io;/home/capstone/autoware.ai/install/lanelet2_core;/home/capstone/autoware.ai/install/mrt_cmake_modules;/home/capstone/autoware.ai/install/wf_simulator;/home/capstone/autoware.ai/install/vision_ssd_detect;/home/capstone/autoware.ai/install/vision_segment_enet_detect;/home/capstone/autoware.ai/install/vision_lane_detect;/home/capstone/autoware.ai/install/vision_darknet_detect;/home/capstone/autoware.ai/install/vision_beyond_track;/home/capstone/autoware.ai/install/vel_pose_diff_checker;/home/capstone/autoware.ai/install/vehicle_socket;/home/capstone/autoware.ai/install/vehicle_sim_model;/home/capstone/autoware.ai/install/vehicle_model;/home/capstone/autoware.ai/install/vehicle_gazebo_simulation_launcher;/home/capstone/autoware.ai/install/vehicle_gazebo_simulation_interface;/home/capstone/autoware.ai/install/vehicle_engage_panel;/home/capstone/autoware.ai/install/vehicle_description;/home/capstone/autoware.ai/install/op_ros_helpers;/home/capstone/autoware.ai/install/op_simu;/home/capstone/autoware.ai/install/op_planner;/home/capstone/autoware.ai/install/op_utility;/home/capstone/autoware.ai/install/vector_map_server;/home/capstone/autoware.ai/install/object_map;/home/capstone/autoware.ai/install/lanelet_aisan_converter;/home/capstone/autoware.ai/install/map_file;/home/capstone/autoware.ai/install/libvectormap;/home/capstone/autoware.ai/install/vector_map;/home/capstone/autoware.ai/install/vector_map_msgs;/home/capstone/autoware.ai/install/twist_generator;/home/capstone/autoware.ai/install/twist2odom;/home/capstone/autoware.ai/install/runtime_manager;/home/capstone/autoware.ai/install/tablet_socket_msgs;/home/capstone/autoware.ai/install/sound_player;/home/capstone/autoware.ai/install/points2image;/home/capstone/autoware.ai/install/rosinterface;/home/capstone/autoware.ai/install/rosbag_controller;/home/capstone/autoware.ai/install/points_preprocessor;/home/capstone/autoware.ai/install/lidar_localizer;/home/capstone/autoware.ai/install/emergency_handler;/home/capstone/autoware.ai/install/autoware_health_checker;/home/capstone/autoware.ai/install/ros_observer;/home/capstone/autoware.ai/install/range_vision_fusion;/home/capstone/autoware.ai/install/pos_db;/home/capstone/autoware.ai/install/points_downsampler;/home/capstone/autoware.ai/install/pixel_cloud_fusion;/home/capstone/autoware.ai/install/pcl_omp_registration;/home/capstone/autoware.ai/install/pc2_downsampler;/home/capstone/autoware.ai/install/obj_db;/home/capstone/autoware.ai/install/nmea_navsat;/home/capstone/autoware.ai/install/ndt_tku;/home/capstone/autoware.ai/install/ndt_gpu;/home/capstone/autoware.ai/install/ndt_cpu;/home/capstone/autoware.ai/install/multi_lidar_calibrator;/home/capstone/autoware.ai/install/marker_downsampler;/home/capstone/autoware.ai/install/map_tools;/home/capstone/autoware.ai/install/map_tf_generator;/home/capstone/autoware.ai/install/log_tools;/home/capstone/autoware.ai/install/libwaypoint_follower;/home/capstone/autoware.ai/install/lgsvl_simulator_bridge;/home/capstone/autoware.ai/install/lanelet2_extension;/home/capstone/autoware.ai/install/lanelet2_validation;/home/capstone/autoware.ai/install/lanelet2_examples;/home/capstone/autoware.ai/install/lanelet2_python;/home/capstone/autoware.ai/install/lanelet2_routing;/home/capstone/autoware.ai/install/lanelet2_traffic_rules;/home/capstone/autoware.ai/install/lanelet2_projection;/home/capstone/autoware.ai/install/lanelet2_maps;/home/capstone/autoware.ai/install/integrated_viewer;/home/capstone/autoware.ai/install/image_processor;/home/capstone/autoware.ai/install/graph_tools;/home/capstone/autoware.ai/install/gnss_localizer;/home/capstone/autoware.ai/install/gnss;/home/capstone/autoware.ai/install/glviewer;/home/capstone/autoware.ai/install/gazebo_world_description;/home/capstone/autoware.ai/install/gazebo_imu_description;/home/capstone/autoware.ai/install/gazebo_camera_description;/home/capstone/autoware.ai/install/fastvirtualscan;/home/capstone/autoware.ai/install/ekf_localizer;/home/capstone/autoware.ai/install/detected_objects_visualizer;/home/capstone/autoware.ai/install/decision_maker_panel;/home/capstone/autoware.ai/install/data_preprocessor;/home/capstone/autoware.ai/install/carla_autoware_bridge;/home/capstone/autoware.ai/install/calibration_publisher;/home/capstone/autoware.ai/install/autoware_system_msgs;/home/capstone/autoware.ai/install/autoware_rviz_plugins;/home/capstone/autoware.ai/install/autoware_quickstart_examples;/home/capstone/autoware.ai/install/autoware_pointgrey_drivers;/home/capstone/autoware.ai/install/autoware_driveworks_interface;/home/capstone/autoware.ai/install/autoware_connector;/home/capstone/autoware.ai/install/autoware_camera_lidar_calibrator;/home/capstone/autoware.ai/install/amathutils_lib;/home/capstone/autoware.ai/install/autoware_msgs;/home/capstone/autoware.ai/install/autoware_map_msgs;/home/capstone/autoware.ai/install/autoware_launcher_rviz;/home/capstone/autoware.ai/install/autoware_launcher;/home/capstone/autoware.ai/install/autoware_lanelet2_msgs;/home/capstone/autoware.ai/install/autoware_external_msgs;/home/capstone/autoware.ai/install/autoware_driveworks_gmsl_interface;/home/capstone/autoware.ai/install/autoware_config_msgs;/home/capstone/autoware.ai/install/autoware_can_msgs;/home/capstone/autoware.ai/install/autoware_build_flags;/home/capstone/autoware.ai/install/autoware_bag_tools;/opt/carla-ros-bridge/melodic;/opt/ros/melodic
[10.819s] -- This workspace overlays: /home/capstone/autoware.ai/install/lanelet2_io;/home/capstone/autoware.ai/install/lanelet2_core;/home/capstone/autoware.ai/install/mrt_cmake_modules;/home/capstone/autoware.ai/install/vehicle_sim_model;/home/capstone/autoware.ai/install/vehicle_model;/home/capstone/autoware.ai/install/vehicle_gazebo_simulation_launcher;/home/capstone/autoware.ai/install/vehicle_engage_panel;/home/capstone/autoware.ai/install/vehicle_description;/home/capstone/autoware.ai/install/op_simu;/home/capstone/autoware.ai/install/op_planner;/home/capstone/autoware.ai/install/op_utility;/home/capstone/autoware.ai/install/vector_map_server;/home/capstone/autoware.ai/install/libvectormap;/home/capstone/autoware.ai/install/vector_map;/home/capstone/autoware.ai/install/vector_map_msgs;/home/capstone/autoware.ai/install/twist2odom;/home/capstone/autoware.ai/install/runtime_manager;/home/capstone/autoware.ai/install/tablet_socket_msgs;/home/capstone/autoware.ai/install/sound_player;/home/capstone/autoware.ai/install/rosinterface;/home/capstone/autoware.ai/install/rosbag_controller;/home/capstone/autoware.ai/install/autoware_health_checker;/home/capstone/autoware.ai/install/ros_observer;/home/capstone/autoware.ai/install/pos_db;/home/capstone/autoware.ai/install/pixel_cloud_fusion;/home/capstone/autoware.ai/install/pcl_omp_registration;/home/capstone/autoware.ai/install/pc2_downsampler;/home/capstone/autoware.ai/install/obj_db;/home/capstone/autoware.ai/install/nmea_navsat;/home/capstone/autoware.ai/install/ndt_tku;/home/capstone/autoware.ai/install/ndt_gpu;/home/capstone/autoware.ai/install/ndt_cpu;/home/capstone/autoware.ai/install/multi_lidar_calibrator;/home/capstone/autoware.ai/install/marker_downsampler;/home/capstone/autoware.ai/install/map_tools;/home/capstone/autoware.ai/install/map_tf_generator;/home/capstone/autoware.ai/install/log_tools;/home/capstone/autoware.ai/install/libwaypoint_follower;/home/capstone/autoware.ai/install/lgsvl_simulator_bridge;/home/capstone/autoware.ai/install/lanelet2_traffic_rules;/home/capstone/autoware.ai/install/lanelet2_maps;/home/capstone/autoware.ai/install/integrated_viewer;/home/capstone/autoware.ai/install/image_processor;/home/capstone/autoware.ai/install/graph_tools;/home/capstone/autoware.ai/install/gnss_localizer;/home/capstone/autoware.ai/install/gnss;/home/capstone/autoware.ai/install/glviewer;/home/capstone/autoware.ai/install/gazebo_world_description;/home/capstone/autoware.ai/install/gazebo_imu_description;/home/capstone/autoware.ai/install/gazebo_camera_description;/home/capstone/autoware.ai/install/fastvirtualscan;/home/capstone/autoware.ai/install/detected_objects_visualizer;/home/capstone/autoware.ai/install/decision_maker_panel;/home/capstone/autoware.ai/install/data_preprocessor;/home/capstone/autoware.ai/install/carla_autoware_bridge;/home/capstone/autoware.ai/install/calibration_publisher;/home/capstone/autoware.ai/install/autoware_system_msgs;/home/capstone/autoware.ai/install/autoware_rviz_plugins;/home/capstone/autoware.ai/install/autoware_quickstart_examples;/home/capstone/autoware.ai/install/autoware_pointgrey_drivers;/home/capstone/autoware.ai/install/autoware_driveworks_interface;/home/capstone/autoware.ai/install/autoware_connector;/home/capstone/autoware.ai/install/autoware_camera_lidar_calibrator;/home/capstone/autoware.ai/install/amathutils_lib;/home/capstone/autoware.ai/install/autoware_msgs;/home/capstone/autoware.ai/install/autoware_map_msgs;/home/capstone/autoware.ai/install/autoware_launcher_rviz;/home/capstone/autoware.ai/install/autoware_launcher;/home/capstone/autoware.ai/install/autoware_lanelet2_msgs;/home/capstone/autoware.ai/install/autoware_external_msgs;/home/capstone/autoware.ai/install/autoware_driveworks_gmsl_interface;/home/capstone/autoware.ai/install/autoware_config_msgs;/home/capstone/autoware.ai/install/autoware_can_msgs;/home/capstone/autoware.ai/install/autoware_build_flags;/home/capstone/autoware.ai/install/autoware_bag_tools;/opt/carla-ros-bridge/melodic;/opt/ros/melodic
[10.964s] -- Found PythonInterp: /usr/bin/python2 (found suitable version "2.7.17", minimum required is "2") 
[10.964s] -- Using PYTHON_EXECUTABLE: /usr/bin/python2
[10.967s] -- Using Debian Python package layout
[10.968s] -- Using empy: /usr/bin/empy
[11.404s] -- Using CATKIN_ENABLE_TESTING: ON
[11.405s] -- Call enable_testing()
[11.419s] -- Using CATKIN_TEST_RESULTS_DIR: /home/capstone/autoware.ai/build/lanelet2_projection/test_results
[11.521s] -- Found gtest sources under '/usr/src/googletest': gtests will be built
[11.522s] -- Found gmock sources under '/usr/src/googletest': gmock will be built
[11.625s] -- Found PythonInterp: /usr/bin/python2 (found version "2.7.17") 
[11.628s] -- Looking for pthread.h
[12.098s] -- Looking for pthread.h - found
[12.099s] -- Looking for pthread_create
[12.600s] -- Looking for pthread_create - found
[12.603s] -- Found Threads: TRUE  
[12.615s] -- Using Python nosetests: /usr/bin/nosetests-2.7
[12.854s] -- catkin 0.7.23
[12.855s] -- BUILD_SHARED_LIBS is on
[15.037s] -- Found PkgConfig: /usr/bin/pkg-config (found version "0.29.1") 
[15.054s] -- Found GeographicLib: /usr/lib/x86_64-linux-gnu/libGeographic.so  
[15.790s] -- Adding library "lanelet2_projection" with source src/UTM.cpp
[15.798s] -- Marking targets "lanelet2_projection" of package "lanelet2_projection" for installation
[15.798s] -- Marking HEADER FILES in "include" folder of package "lanelet2_projection" for installation
[15.799s] -- Adding gtest unittest "lanelet2_projection-test_Mercator-test" with working dir /home/capstone/autoware.ai/src/vendor/lanelet2/lanelet2_projection/test
[15.800s] -- Adding gtest unittest "lanelet2_projection-test_UTM-test" with working dir /home/capstone/autoware.ai/src/vendor/lanelet2/lanelet2_projection/test
[15.805s] -- Adding nosetests in folder test
[15.813s] -- Configuring done
[15.977s] -- Generating done
[15.994s] -- Build files have been written to: /home/capstone/autoware.ai/build/lanelet2_projection
[16.381s] [35m[1mScanning dependencies of target _catkin_empty_exported_target[0m
[16.483s] [  0%] Built target _catkin_empty_exported_target
[16.600s] [35m[1mScanning dependencies of target lanelet2_projection[0m
[16.739s] [ 50%] [32mBuilding CXX object CMakeFiles/lanelet2_projection.dir/src/UTM.cpp.o[0m
[20.487s] [100%] [32m[1mLinking CXX shared library devel/lib/liblanelet2_projection.so[0m
[20.833s] [100%] Built target lanelet2_projection
[22.467s] [35m[1mScanning dependencies of target gtest[0m
[22.623s] [ 10%] [32mBuilding CXX object gtest/googlemock/gtest/CMakeFiles/gtest.dir/src/gtest-all.cc.o[0m
[33.391s] [ 20%] [32m[1mLinking CXX shared library libgtest.so[0m
[33.678s] [ 20%] Built target gtest
[33.907s] [ 20%] Built target _catkin_empty_exported_target
[34.013s] [35m[1mScanning dependencies of target gtest_main[0m
[34.126s] [ 30%] [32mBuilding CXX object gtest/googlemock/gtest/CMakeFiles/gtest_main.dir/src/gtest_main.cc.o[0m
[35.517s] [ 40%] [32m[1mLinking CXX shared library libgtest_main.so[0m
[35.814s] [ 40%] Built target gtest_main
[36.035s] [ 60%] Built target lanelet2_projection
[36.126s] [35m[1mScanning dependencies of target lanelet2_projection-test_Mercator-test[0m
[36.315s] [ 70%] [32mBuilding CXX object CMakeFiles/lanelet2_projection-test_Mercator-test.dir/test/test_Mercator.cpp.o[0m
[40.632s] [ 80%] [32m[1mLinking CXX executable devel/lib/lanelet2_projection/lanelet2_projection-test_Mercator-test[0m
[40.919s] [ 80%] Built target lanelet2_projection-test_Mercator-test
[41.058s] [35m[1mScanning dependencies of target lanelet2_projection-test_UTM-test[0m
[41.273s] [ 90%] [32mBuilding CXX object CMakeFiles/lanelet2_projection-test_UTM-test.dir/test/test_UTM.cpp.o[0m
[46.283s] [100%] [32m[1mLinking CXX executable devel/lib/lanelet2_projection/lanelet2_projection-test_UTM-test[0m
[46.587s] [100%] Built target lanelet2_projection-test_UTM-test
[46.703s] [35m[1mScanning dependencies of target tests[0m
[46.840s] [100%] Built target tests
[48.682s] [  0%] Built target _catkin_empty_exported_target
[48.951s] [100%] Built target lanelet2_projection
[49.190s] [36mInstall the project...[0m
[49.275s] -- Install configuration: "Release"
[49.275s] -- Installing: /home/capstone/autoware.ai/install/lanelet2_projection/lib/pkgconfig/lanelet2_projection.pc
[49.275s] -- Installing: /home/capstone/autoware.ai/install/lanelet2_projection/share/lanelet2_projection/cmake/lanelet2_projectionConfig.cmake
[49.275s] -- Installing: /home/capstone/autoware.ai/install/lanelet2_projection/share/lanelet2_projection/cmake/lanelet2_projectionConfig-version.cmake
[49.276s] -- Installing: /home/capstone/autoware.ai/install/lanelet2_projection/share/lanelet2_projection/package.xml
[49.277s] -- Installing: /home/capstone/autoware.ai/install/lanelet2_projection/lib/liblanelet2_projection.so
[49.278s] -- Set runtime path of "/home/capstone/autoware.ai/install/lanelet2_projection/lib/liblanelet2_projection.so" to ""
[49.278s] -- Installing: /home/capstone/autoware.ai/install/lanelet2_projection/include/lanelet2_projection
[49.278s] -- Installing: /home/capstone/autoware.ai/install/lanelet2_projection/include/lanelet2_projection/UTM.h
[49.279s] -- Installing: /home/capstone/autoware.ai/install/lanelet2_projection/include/lanelet2_projection/Mercator.h
[49.279s] -- Installing: /home/capstone/autoware.ai/install/lanelet2_projection/include/lanelet2_projection/internal
