[0.060s] Invoking command in '/home/capstone/autoware.ai/build/pcl_omp_registration': /usr/bin/cmake /home/capstone/autoware.ai/src/autoware/core_perception/pcl_omp_registration -DCMAKE_BUILD_TYPE=Release -DCATKIN_INSTALL_INTO_PREFIX_ROOT=0 -DCMAKE_INSTALL_PREFIX=/home/capstone/autoware.ai/install/pcl_omp_registration
[0.380s] -- The C compiler identification is GNU 7.5.0
[0.609s] -- The CXX compiler identification is GNU 7.5.0
[0.633s] -- Check for working C compiler: /usr/bin/cc
[1.007s] -- Check for working C compiler: /usr/bin/cc -- works
[1.008s] -- Detecting C compiler ABI info
[1.397s] -- Detecting C compiler ABI info - done
[1.418s] -- Detecting C compile features
[2.579s] -- Detecting C compile features - done
[2.586s] -- Check for working CXX compiler: /usr/bin/c++
[2.997s] -- Check for working CXX compiler: /usr/bin/c++ -- works
[2.999s] -- Detecting CXX compiler ABI info
[3.354s] -- Detecting CXX compiler ABI info - done
[3.373s] -- Detecting CXX compile features
[5.124s] -- Detecting CXX compile features - done
[5.134s] -- Using CATKIN_DEVEL_PREFIX: /home/capstone/autoware.ai/build/pcl_omp_registration/devel
[5.135s] -- Using CMAKE_PREFIX_PATH: /home/capstone/autoware.ai/install/wf_simulator;/home/capstone/autoware.ai/install/vision_ssd_detect;/home/capstone/autoware.ai/install/vision_segment_enet_detect;/home/capstone/autoware.ai/install/vision_lane_detect;/home/capstone/autoware.ai/install/vision_darknet_detect;/home/capstone/autoware.ai/install/vision_beyond_track;/home/capstone/autoware.ai/install/vel_pose_diff_checker;/home/capstone/autoware.ai/install/vehicle_socket;/home/capstone/autoware.ai/install/vehicle_sim_model;/home/capstone/autoware.ai/install/vehicle_model;/home/capstone/autoware.ai/install/vehicle_gazebo_simulation_launcher;/home/capstone/autoware.ai/install/vehicle_gazebo_simulation_interface;/home/capstone/autoware.ai/install/vehicle_engage_panel;/home/capstone/autoware.ai/install/vehicle_description;/home/capstone/autoware.ai/install/op_ros_helpers;/home/capstone/autoware.ai/install/op_simu;/home/capstone/autoware.ai/install/op_planner;/home/capstone/autoware.ai/install/op_utility;/home/capstone/autoware.ai/install/vector_map_server;/home/capstone/autoware.ai/install/object_map;/home/capstone/autoware.ai/install/lanelet_aisan_converter;/home/capstone/autoware.ai/install/map_file;/home/capstone/autoware.ai/install/libvectormap;/home/capstone/autoware.ai/install/vector_map;/home/capstone/autoware.ai/install/vector_map_msgs;/home/capstone/autoware.ai/install/twist_generator;/home/capstone/autoware.ai/install/twist2odom;/home/capstone/autoware.ai/install/runtime_manager;/home/capstone/autoware.ai/install/tablet_socket_msgs;/home/capstone/autoware.ai/install/sound_player;/home/capstone/autoware.ai/install/points2image;/home/capstone/autoware.ai/install/rosinterface;/home/capstone/autoware.ai/install/rosbag_controller;/home/capstone/autoware.ai/install/points_preprocessor;/home/capstone/autoware.ai/install/lidar_localizer;/home/capstone/autoware.ai/install/emergency_handler;/home/capstone/autoware.ai/install/autoware_health_checker;/home/capstone/autoware.ai/install/ros_observer;/home/capstone/autoware.ai/install/range_vision_fusion;/home/capstone/autoware.ai/install/pos_db;/home/capstone/autoware.ai/install/points_downsampler;/home/capstone/autoware.ai/install/pixel_cloud_fusion;/home/capstone/autoware.ai/install/pcl_omp_registration;/home/capstone/autoware.ai/install/pc2_downsampler;/home/capstone/autoware.ai/install/obj_db;/home/capstone/autoware.ai/install/nmea_navsat;/home/capstone/autoware.ai/install/ndt_tku;/home/capstone/autoware.ai/install/ndt_gpu;/home/capstone/autoware.ai/install/ndt_cpu;/home/capstone/autoware.ai/install/multi_lidar_calibrator;/home/capstone/autoware.ai/install/mrt_cmake_modules;/home/capstone/autoware.ai/install/marker_downsampler;/home/capstone/autoware.ai/install/map_tools;/home/capstone/autoware.ai/install/map_tf_generator;/home/capstone/autoware.ai/install/log_tools;/home/capstone/autoware.ai/install/libwaypoint_follower;/home/capstone/autoware.ai/install/lgsvl_simulator_bridge;/home/capstone/autoware.ai/install/lanelet2_extension;/home/capstone/autoware.ai/install/lanelet2_validation;/home/capstone/autoware.ai/install/lanelet2_examples;/home/capstone/autoware.ai/install/lanelet2_python;/home/capstone/autoware.ai/install/lanelet2_routing;/home/capstone/autoware.ai/install/lanelet2_traffic_rules;/home/capstone/autoware.ai/install/lanelet2_projection;/home/capstone/autoware.ai/install/lanelet2_maps;/home/capstone/autoware.ai/install/lanelet2_io;/home/capstone/autoware.ai/install/lanelet2_core;/home/capstone/autoware.ai/install/integrated_viewer;/home/capstone/autoware.ai/install/image_processor;/home/capstone/autoware.ai/install/graph_tools;/home/capstone/autoware.ai/install/gnss_localizer;/home/capstone/autoware.ai/install/gnss;/home/capstone/autoware.ai/install/glviewer;/home/capstone/autoware.ai/install/gazebo_world_description;/home/capstone/autoware.ai/install/gazebo_imu_description;/home/capstone/autoware.ai/install/gazebo_camera_description;/home/capstone/autoware.ai/install/fastvirtualscan;/home/capstone/autoware.ai/install/ekf_localizer;/home/capstone/autoware.ai/install/detected_objects_visualizer;/home/capstone/autoware.ai/install/decision_maker_panel;/home/capstone/autoware.ai/install/data_preprocessor;/home/capstone/autoware.ai/install/carla_autoware_bridge;/home/capstone/autoware.ai/install/calibration_publisher;/home/capstone/autoware.ai/install/autoware_system_msgs;/home/capstone/autoware.ai/install/autoware_rviz_plugins;/home/capstone/autoware.ai/install/autoware_quickstart_examples;/home/capstone/autoware.ai/install/autoware_pointgrey_drivers;/home/capstone/autoware.ai/install/autoware_driveworks_interface;/home/capstone/autoware.ai/install/autoware_connector;/home/capstone/autoware.ai/install/autoware_camera_lidar_calibrator;/home/capstone/autoware.ai/install/amathutils_lib;/home/capstone/autoware.ai/install/autoware_msgs;/home/capstone/autoware.ai/install/autoware_map_msgs;/home/capstone/autoware.ai/install/autoware_launcher_rviz;/home/capstone/autoware.ai/install/autoware_launcher;/home/capstone/autoware.ai/install/autoware_lanelet2_msgs;/home/capstone/autoware.ai/install/autoware_external_msgs;/home/capstone/autoware.ai/install/autoware_driveworks_gmsl_interface;/home/capstone/autoware.ai/install/autoware_config_msgs;/home/capstone/autoware.ai/install/autoware_can_msgs;/home/capstone/autoware.ai/install/autoware_build_flags;/home/capstone/autoware.ai/install/autoware_bag_tools;/opt/carla-ros-bridge/melodic;/opt/ros/melodic
[5.138s] -- This workspace overlays: /home/capstone/autoware.ai/install/tablet_socket_msgs;/home/capstone/autoware.ai/install/mrt_cmake_modules;/home/capstone/autoware.ai/install/gnss;/home/capstone/autoware.ai/install/gazebo_imu_description;/home/capstone/autoware.ai/install/gazebo_camera_description;/home/capstone/autoware.ai/install/autoware_system_msgs;/home/capstone/autoware.ai/install/autoware_lanelet2_msgs;/home/capstone/autoware.ai/install/autoware_can_msgs;/home/capstone/autoware.ai/install/autoware_build_flags;/opt/carla-ros-bridge/melodic;/opt/ros/melodic
[5.222s] -- Found PythonInterp: /usr/bin/python2 (found suitable version "2.7.17", minimum required is "2") 
[5.222s] -- Using PYTHON_EXECUTABLE: /usr/bin/python2
[5.223s] -- Using Debian Python package layout
[5.225s] -- Using empy: /usr/bin/empy
[5.579s] -- Using CATKIN_ENABLE_TESTING: ON
[5.580s] -- Call enable_testing()
[5.595s] -- Using CATKIN_TEST_RESULTS_DIR: /home/capstone/autoware.ai/build/pcl_omp_registration/test_results
[5.675s] -- Found gtest sources under '/usr/src/googletest': gtests will be built
[5.676s] -- Found gmock sources under '/usr/src/googletest': gmock will be built
[5.754s] -- Found PythonInterp: /usr/bin/python2 (found version "2.7.17") 
[5.757s] -- Looking for pthread.h
[6.113s] -- Looking for pthread.h - found
[6.114s] -- Looking for pthread_create
[6.482s] -- Looking for pthread_create - not found
[6.482s] -- Looking for pthread_create in pthreads
[6.819s] -- Looking for pthread_create in pthreads - not found
[6.820s] -- Looking for pthread_create in pthread
[7.240s] -- Looking for pthread_create in pthread - found
[7.242s] -- Found Threads: TRUE  
[7.257s] -- Using Python nosetests: /usr/bin/nosetests-2.7
[7.413s] -- catkin 0.7.23
[7.415s] -- BUILD_SHARED_LIBS is on
[8.217s] -- Checking for module 'eigen3'
[8.413s] --   Found eigen3, version 3.3.7
[8.830s] -- Found eigen: /usr/local/include/eigen3  
[9.439s] -- Boost version: 1.65.1
[9.439s] -- Found the following Boost libraries:
[9.440s] --   system
[9.440s] --   filesystem
[9.440s] --   thread
[9.440s] --   date_time
[9.440s] --   iostreams
[9.441s] --   serialization
[9.441s] --   chrono
[9.441s] --   atomic
[9.441s] --   regex
[9.448s] -- Checking for module 'libopenni'
[9.609s] --   Found libopenni, version 1.5.4.0
[10.027s] -- Found openni: /usr/lib/libOpenNI.so  
[10.029s] -- Checking for module 'libopenni2'
[10.159s] --   Found libopenni2, version 2.2.0.3
[10.613s] -- Found OpenNI2: /usr/lib/libOpenNI2.so  
[10.648s] -- Could NOT find ensenso (missing: ENSENSO_LIBRARY ENSENSO_INCLUDE_DIR) 
[10.649s] ** WARNING ** io features related to ensenso will be disabled
[10.664s] -- Could NOT find DAVIDSDK (missing: DAVIDSDK_LIBRARY DAVIDSDK_INCLUDE_DIR) 
[10.664s] ** WARNING ** io features related to davidSDK will be disabled
[10.669s] -- Could NOT find DSSDK (missing: _DSSDK_LIBRARIES) 
[10.669s] ** WARNING ** io features related to dssdk will be disabled
[10.669s] ** WARNING ** io features related to pcap will be disabled
[10.670s] ** WARNING ** io features related to png will be disabled
[10.816s] -- The imported target "vtkRenderingPythonTkWidgets" references the file
[10.816s]    "/usr/lib/x86_64-linux-gnu/libvtkRenderingPythonTkWidgets.so"
[10.817s] but this file does not exist.  Possible reasons include:
[10.817s] * The file was deleted, renamed, or moved to another location.
[10.817s] * An install or uninstall procedure did not complete successfully.
[10.817s] * The installation package was faulty and contained
[10.818s]    "/usr/lib/cmake/vtk-6.3/VTKTargets.cmake"
[10.818s] but not all the files it references.
[10.818s] 
[10.818s] -- The imported target "vtk" references the file
[10.818s]    "/usr/bin/vtk"
[10.819s] but this file does not exist.  Possible reasons include:
[10.819s] * The file was deleted, renamed, or moved to another location.
[10.819s] * An install or uninstall procedure did not complete successfully.
[10.819s] * The installation package was faulty and contained
[10.819s]    "/usr/lib/cmake/vtk-6.3/VTKTargets.cmake"
[10.819s] but not all the files it references.
[10.820s] 
[11.019s] -- Found libusb-1.0: /usr/include  
[11.019s] ** WARNING ** io features related to libusb-1.0 will be disabled
[11.019s] -- Checking for module 'flann'
[11.150s] --   Found flann, version 1.9.1
[11.547s] -- Found Flann: /usr/lib/x86_64-linux-gnu/libflann_cpp_s.a  
[11.669s] -- Could NOT find ensenso (missing: ENSENSO_LIBRARY ENSENSO_INCLUDE_DIR) 
[11.669s] ** WARNING ** visualization features related to ensenso will be disabled
[11.683s] -- Could NOT find DAVIDSDK (missing: DAVIDSDK_LIBRARY DAVIDSDK_INCLUDE_DIR) 
[11.683s] ** WARNING ** visualization features related to davidSDK will be disabled
[11.687s] -- Could NOT find DSSDK (missing: _DSSDK_LIBRARIES) 
[11.688s] ** WARNING ** visualization features related to dssdk will be disabled
[11.692s] -- Could NOT find RSSDK (missing: _RSSDK_LIBRARIES) 
[11.693s] ** WARNING ** visualization features related to rssdk will be disabled
[11.835s] -- Found qhull: /usr/lib/x86_64-linux-gnu/libqhull.so  
[11.924s] -- looking for PCL_COMMON
[11.928s] -- Found PCL_COMMON: /usr/lib/x86_64-linux-gnu/libpcl_common.so  
[11.928s] -- looking for PCL_OCTREE
[11.932s] -- Found PCL_OCTREE: /usr/lib/x86_64-linux-gnu/libpcl_octree.so  
[11.932s] -- looking for PCL_IO
[11.936s] -- Found PCL_IO: /usr/lib/x86_64-linux-gnu/libpcl_io.so  
[11.937s] -- looking for PCL_KDTREE
[11.941s] -- Found PCL_KDTREE: /usr/lib/x86_64-linux-gnu/libpcl_kdtree.so  
[11.942s] -- looking for PCL_SEARCH
[11.946s] -- Found PCL_SEARCH: /usr/lib/x86_64-linux-gnu/libpcl_search.so  
[11.947s] -- looking for PCL_SAMPLE_CONSENSUS
[11.951s] -- Found PCL_SAMPLE_CONSENSUS: /usr/lib/x86_64-linux-gnu/libpcl_sample_consensus.so  
[11.952s] -- looking for PCL_FILTERS
[11.956s] -- Found PCL_FILTERS: /usr/lib/x86_64-linux-gnu/libpcl_filters.so  
[11.958s] -- looking for PCL_2D
[11.959s] -- Found PCL_2D: /usr/include/pcl-1.8  
[11.961s] -- looking for PCL_GEOMETRY
[11.962s] -- Found PCL_GEOMETRY: /usr/include/pcl-1.8  
[11.963s] -- looking for PCL_FEATURES
[11.967s] -- Found PCL_FEATURES: /usr/lib/x86_64-linux-gnu/libpcl_features.so  
[11.969s] -- looking for PCL_ML
[11.973s] -- Found PCL_ML: /usr/lib/x86_64-linux-gnu/libpcl_ml.so  
[11.975s] -- looking for PCL_SEGMENTATION
[11.979s] -- Found PCL_SEGMENTATION: /usr/lib/x86_64-linux-gnu/libpcl_segmentation.so  
[11.981s] -- looking for PCL_VISUALIZATION
[11.985s] -- Found PCL_VISUALIZATION: /usr/lib/x86_64-linux-gnu/libpcl_visualization.so  
[11.987s] -- looking for PCL_SURFACE
[11.991s] -- Found PCL_SURFACE: /usr/lib/x86_64-linux-gnu/libpcl_surface.so  
[11.993s] -- looking for PCL_REGISTRATION
[11.997s] -- Found PCL_REGISTRATION: /usr/lib/x86_64-linux-gnu/libpcl_registration.so  
[11.998s] -- looking for PCL_KEYPOINTS
[12.002s] -- Found PCL_KEYPOINTS: /usr/lib/x86_64-linux-gnu/libpcl_keypoints.so  
[12.004s] -- looking for PCL_TRACKING
[12.007s] -- Found PCL_TRACKING: /usr/lib/x86_64-linux-gnu/libpcl_tracking.so  
[12.008s] -- looking for PCL_RECOGNITION
[12.012s] -- Found PCL_RECOGNITION: /usr/lib/x86_64-linux-gnu/libpcl_recognition.so  
[12.015s] -- looking for PCL_STEREO
[12.019s] -- Found PCL_STEREO: /usr/lib/x86_64-linux-gnu/libpcl_stereo.so  
[12.020s] -- looking for PCL_APPS
[12.024s] -- Found PCL_APPS: /usr/lib/x86_64-linux-gnu/libpcl_apps.so  
[12.030s] -- looking for PCL_IN_HAND_SCANNER
[12.033s] -- Found PCL_IN_HAND_SCANNER: /usr/include/pcl-1.8  
[12.033s] -- looking for PCL_MODELER
[12.035s] -- Found PCL_MODELER: /usr/include/pcl-1.8  
[12.036s] -- looking for PCL_POINT_CLOUD_EDITOR
[12.038s] -- Found PCL_POINT_CLOUD_EDITOR: /usr/include/pcl-1.8  
[12.039s] -- looking for PCL_OUTOFCORE
[12.043s] -- Found PCL_OUTOFCORE: /usr/lib/x86_64-linux-gnu/libpcl_outofcore.so  
[12.045s] -- looking for PCL_PEOPLE
[12.049s] -- Found PCL_PEOPLE: /usr/lib/x86_64-linux-gnu/libpcl_people.so  
[12.120s] -- Found PCL: /usr/lib/x86_64-linux-gnu/libboost_system.so;/usr/lib/x86_64-linux-gnu/libboost_filesystem.so;/usr/lib/x86_64-linux-gnu/libboost_thread.so;/usr/lib/x86_64-linux-gnu/libboost_date_time.so;/usr/lib/x86_64-linux-gnu/libboost_iostreams.so;/usr/lib/x86_64-linux-gnu/libboost_serialization.so;/usr/lib/x86_64-linux-gnu/libboost_chrono.so;/usr/lib/x86_64-linux-gnu/libboost_atomic.so;/usr/lib/x86_64-linux-gnu/libboost_regex.so;/usr/lib/x86_64-linux-gnu/libpthread.so;optimized;/usr/lib/x86_64-linux-gnu/libpcl_common.so;debug;/usr/lib/x86_64-linux-gnu/libpcl_common.so;optimized;/usr/lib/x86_64-linux-gnu/libpcl_octree.so;debug;/usr/lib/x86_64-linux-gnu/libpcl_octree.so;/usr/lib/libOpenNI.so;/usr/lib/libOpenNI2.so;vtkChartsCore;vtkCommonColor;vtkCommonDataModel;vtkCommonMath;vtkCommonCore;vtksys;vtkCommonMisc;vtkCommonSystem;vtkCommonTransforms;vtkInfovisCore;vtkFiltersExtraction;vtkCommonExecutionModel;vtkFiltersCore;vtkFiltersGeneral;vtkCommonComputationalGeometry;vtkFiltersStatistics;vtkImagingFourier;vtkImagingCore;vtkalglib;vtkRenderingContext2D;vtkRenderingCore;vtkFiltersGeometry;vtkFiltersSources;vtkRenderingFreeType;/usr/lib/x86_64-linux-gnu/libfreetype.so;/usr/lib/x86_64-linux-gnu/libz.so;vtkftgl;vtkDICOMParser;vtkDomainsChemistry;vtkIOXML;vtkIOGeometry;vtkIOCore;vtkIOXMLParser;/usr/lib/x86_64-linux-gnu/libexpat.so;vtkFiltersAMR;vtkParallelCore;vtkIOLegacy;vtkFiltersFlowPaths;vtkFiltersGeneric;vtkFiltersHybrid;vtkImagingSources;vtkFiltersHyperTree;vtkFiltersImaging;vtkImagingGeneral;vtkFiltersModeling;vtkFiltersParallel;vtkFiltersParallelFlowPaths;vtkParallelMPI;vtkFiltersParallelGeometry;vtkFiltersParallelImaging;vtkFiltersParallelMPI;vtkFiltersParallelStatistics;vtkFiltersProgrammable;vtkFiltersPython;/usr/lib/x86_64-linux-gnu/libpython2.7.so;vtkWrappingPythonCore;vtkWrappingTools;vtkFiltersReebGraph;vtkFiltersSMP;vtkFiltersSelection;vtkFiltersTexture;vtkFiltersVerdict;verdict;vtkGUISupportQt;vtkInteractionStyle;vtkRenderingOpenGL;vtkImagingHybrid;vtkIOImage;vtkmetaio;/usr/lib/x86_64-linux-gnu/libjpeg.so;/usr/lib/x86_64-linux-gnu/libpng.so;/usr/lib/x86_64-linux-gnu/libtiff.so;vtkGUISupportQtOpenGL;vtkGUISupportQtSQL;vtkIOSQL;sqlite3;vtkGUISupportQtWebkit;vtkViewsQt;vtkViewsInfovis;vtkInfovisLayout;vtkInfovisBoostGraphAlgorithms;vtkRenderingLabel;vtkViewsCore;vtkInteractionWidgets;vtkRenderingAnnotation;vtkImagingColor;vtkRenderingVolume;vtkGeovisCore;/usr/lib/x86_64-linux-gnu/libproj.so;vtkIOAMR;/usr/lib/x86_64-linux-gnu/hdf5/openmpi/libhdf5.so;/usr/lib/x86_64-linux-gnu/libsz.so;/usr/lib/x86_64-linux-gnu/libdl.so;/usr/lib/x86_64-linux-gnu/libm.so;/usr/lib/x86_64-linux-gnu/openmpi/lib/libmpi.so;vtkIOEnSight;vtkIOExodus;vtkexoIIc;/usr/lib/x86_64-linux-gnu/libnetcdf_c++.so;/usr/lib/x86_64-linux-gnu/libnetcdf.so;vtkIOExport;vtkRenderingGL2PS;vtkRenderingContextOpenGL;/usr/lib/x86_64-linux-gnu/libgl2ps.so;vtkIOFFMPEG;vtkIOMovie;/usr/lib/x86_64-linux-gnu/libtheoraenc.so;/usr/lib/x86_64-linux-gnu/libtheoradec.so;/usr/lib/x86_64-linux-gnu/libogg.so;vtkIOGDAL;vtkIOGeoJSON;vtkIOImport;vtkIOInfovis;/usr/lib/x86_64-linux-gnu/libxml2.so;vtkIOLSDyna;vtkIOMINC;vtkIOMPIImage;vtkIOMPIParallel;vtkIOParallel;vtkIONetCDF;/usr/lib/x86_64-linux-gnu/libjsoncpp.so;vtkIOMySQL;vtkIOODBC;vtkIOPLY;vtkIOParallelExodus;vtkIOParallelLSDyna;vtkIOParallelNetCDF;vtkIOParallelXML;vtkIOPostgreSQL;vtkIOVPIC;VPIC;vtkIOVideo;vtkIOXdmf2;vtkxdmf2;vtkImagingMath;vtkImagingMorphological;vtkImagingStatistics;vtkImagingStencil;vtkInteractionImage;vtkLocalExample;vtkParallelMPI4Py;vtkPythonInterpreter;vtkRenderingExternal;vtkRenderingFreeTypeFontConfig;vtkRenderingImage;vtkRenderingLIC;vtkRenderingLOD;vtkRenderingMatplotlib;vtkRenderingParallel;vtkRenderingParallelLIC;vtkRenderingQt;vtkRenderingVolumeAMR;vtkRenderingVolumeOpenGL;vtkTestingGenericBridge;vtkTestingIOSQL;vtkTestingRendering;vtkViewsContext2D;vtkViewsGeovis;vtkWrappingJava;optimized;/usr/lib/x86_64-linux-gnu/libpcl_io.so;debug;/usr/lib/x86_64-linux-gnu/libpcl_io.so;optimized;/usr/lib/x86_64-linux-gnu/libflann_cpp_s.a;debug;/usr/lib/x86_64-linux-gnu/libflann_cpp_s.a;optimized;/usr/lib/x86_64-linux-gnu/libpcl_kdtree.so;debug;/usr/lib/x86_64-linux-gnu/libpcl_kdtree.so;optimized;/usr/lib/x86_64-linux-gnu/libpcl_search.so;debug;/usr/lib/x86_64-linux-gnu/libpcl_search.so;optimized;/usr/lib/x86_64-linux-gnu/libpcl_sample_consensus.so;debug;/usr/lib/x86_64-linux-gnu/libpcl_sample_consensus.so;optimized;/usr/lib/x86_64-linux-gnu/libpcl_filters.so;debug;/usr/lib/x86_64-linux-gnu/libpcl_filters.so;optimized;/usr/lib/x86_64-linux-gnu/libpcl_features.so;debug;/usr/lib/x86_64-linux-gnu/libpcl_features.so;optimized;/usr/lib/x86_64-linux-gnu/libpcl_ml.so;debug;/usr/lib/x86_64-linux-gnu/libpcl_ml.so;optimized;/usr/lib/x86_64-linux-gnu/libpcl_segmentation.so;debug;/usr/lib/x86_64-linux-gnu/libpcl_segmentation.so;optimized;/usr/lib/x86_64-linux-gnu/libpcl_visualization.so;debug;/usr/lib/x86_64-linux-gnu/libpcl_visualization.so;optimized;/usr/lib/x86_64-linux-gnu/libqhull.so;debug;/usr/lib/x86_64-linux-gnu/libqhull.so;optimized;/usr/lib/x86_64-linux-gnu/libpcl_surface.so;debug;/usr/lib/x86_64-linux-gnu/libpcl_surface.so;optimized;/usr/lib/x86_64-linux-gnu/libpcl_registration.so;debug;/usr/lib/x86_64-linux-gnu/libpcl_registration.so;optimized;/usr/lib/x86_64-linux-gnu/libpcl_keypoints.so;debug;/usr/lib/x86_64-linux-gnu/libpcl_keypoints.so;optimized;/usr/lib/x86_64-linux-gnu/libpcl_tracking.so;debug;/usr/lib/x86_64-linux-gnu/libpcl_tracking.so;optimized;/usr/lib/x86_64-linux-gnu/libpcl_recognition.so;debug;/usr/lib/x86_64-linux-gnu/libpcl_recognition.so;optimized;/usr/lib/x86_64-linux-gnu/libpcl_stereo.so;debug;/usr/lib/x86_64-linux-gnu/libpcl_stereo.so;optimized;/usr/lib/x86_64-linux-gnu/libpcl_apps.so;debug;/usr/lib/x86_64-linux-gnu/libpcl_apps.so;optimized;/usr/lib/x86_64-linux-gnu/libpcl_outofcore.so;debug;/usr/lib/x86_64-linux-gnu/libpcl_outofcore.so;optimized;/usr/lib/x86_64-linux-gnu/libpcl_people.so;debug;/usr/lib/x86_64-linux-gnu/libpcl_people.so;/usr/lib/x86_64-linux-gnu/libboost_system.so;/usr/lib/x86_64-linux-gnu/libboost_filesystem.so;/usr/lib/x86_64-linux-gnu/libboost_thread.so;/usr/lib/x86_64-linux-gnu/libboost_date_time.so;/usr/lib/x86_64-linux-gnu/libboost_iostreams.so;/usr/lib/x86_64-linux-gnu/libboost_serialization.so;/usr/lib/x86_64-linux-gnu/libboost_chrono.so;/usr/lib/x86_64-linux-gnu/libboost_atomic.so;/usr/lib/x86_64-linux-gnu/libboost_regex.so;/usr/lib/x86_64-linux-gnu/libpthread.so;optimized;/usr/lib/x86_64-linux-gnu/libqhull.so;debug;/usr/lib/x86_64-linux-gnu/libqhull.so;/usr/lib/libOpenNI.so;/usr/lib/libOpenNI2.so;optimized;/usr/lib/x86_64-linux-gnu/libflann_cpp_s.a;debug;/usr/lib/x86_64-linux-gnu/libflann_cpp_s.a;vtkChartsCore;vtkCommonColor;vtkCommonDataModel;vtkCommonMath;vtkCommonCore;vtksys;vtkCommonMisc;vtkCommonSystem;vtkCommonTransforms;vtkInfovisCore;vtkFiltersExtraction;vtkCommonExecutionModel;vtkFiltersCore;vtkFiltersGeneral;vtkCommonComputationalGeometry;vtkFiltersStatistics;vtkImagingFourier;vtkImagingCore;vtkalglib;vtkRenderingContext2D;vtkRenderingCore;vtkFiltersGeometry;vtkFiltersSources;vtkRenderingFreeType;/usr/lib/x86_64-linux-gnu/libfreetype.so;/usr/lib/x86_64-linux-gnu/libz.so;vtkftgl;vtkDICOMParser;vtkDomainsChemistry;vtkIOXML;vtkIOGeometry;vtkIOCore;vtkIOXMLParser;/usr/lib/x86_64-linux-gnu/libexpat.so;vtkFiltersAMR;vtkParallelCore;vtkIOLegacy;vtkFiltersFlowPaths;vtkFiltersGeneric;vtkFiltersHybrid;vtkImagingSources;vtkFiltersHyperTree;vtkFiltersImaging;vtkImagingGeneral;vtkFiltersModeling;vtkFiltersParallel;vtkFiltersParallelFlowPaths;vtkParallelMPI;vtkFiltersParallelGeometry;vtkFiltersParallelImaging;vtkFiltersParallelMPI;vtkFiltersParallelStatistics;vtkFiltersProgrammable;vtkFiltersPython;/usr/lib/x86_64-linux-gnu/libpython2.7.so;vtkWrappingPythonCore;vtkWrappingTools;vtkFiltersReebGraph;vtkFiltersSMP;vtkFiltersSelection;vtkFiltersTexture;vtkFiltersVerdict;verdict;vtkGUISupportQt;vtkInteractionStyle;vtkRenderingOpenGL;vtkImagingHybrid;vtkIOImage;vtkmetaio;/usr/lib/x86_64-linux-gnu/libjpeg.so;/usr/lib/x86_64-linux-gnu/libpng.so;/usr/lib/x86_64-linux-gnu/libtiff.so;vtkGUISupportQtOpenGL;vtkGUISupportQtSQL;vtkIOSQL;sqlite3;vtkGUISupportQtWebkit;vtkViewsQt;vtkViewsInfovis;vtkInfovisLayout;vtkInfovisBoostGraphAlgorithms;vtkRenderingLabel;vtkViewsCore;vtkInteractionWidgets;vtkRenderingAnnotation;vtkImagingColor;vtkRenderingVolume;vtkGeovisCore;/usr/lib/x86_64-linux-gnu/libproj.so;vtkIOAMR;/usr/lib/x86_64-linux-gnu/hdf5/openmpi/libhdf5.so;/usr/lib/x86_64-linux-gnu/libsz.so;/usr/lib/x86_64-linux-gnu/libdl.so;/usr/lib/x86_64-linux-gnu/libm.so;/usr/lib/x86_64-linux-gnu/openmpi/lib/libmpi.so;vtkIOEnSight;vtkIOExodus;vtkexoIIc;/usr/lib/x86_64-linux-gnu/libnetcdf_c++.so;/usr/lib/x86_64-linux-gnu/libnetcdf.so;vtkIOExport;vtkRenderingGL2PS;vtkRenderingContextOpenGL;/usr/lib/x86_64-linux-gnu/libgl2ps.so;vtkIOFFMPEG;vtkIOMovie;/usr/lib/x86_64-linux-gnu/libtheoraenc.so;/usr/lib/x86_64-linux-gnu/libtheoradec.so;/usr/lib/x86_64-linux-gnu/libogg.so;vtkIOGDAL;vtkIOGeoJSON;vtkIOImport;vtkIOInfovis;/usr/lib/x86_64-linux-gnu/libxml2.so;vtkIOLSDyna;vtkIOMINC;vtkIOMPIImage;vtkIOMPIParallel;vtkIOParallel;vtkIONetCDF;/usr/lib/x86_64-linux-gnu/libjsoncpp.so;vtkIOMySQL;vtkIOODBC;vtkIOPLY;vtkIOParallelExodus;vtkIOParallelLSDyna;vtkIOParallelNetCDF;vtkIOParallelXML;vtkIOPostgreSQL;vtkIOVPIC;VPIC;vtkIOVideo;vtkIOXdmf2;vtkxdmf2;vtkImagingMath;vtkImagingMorphological;vtkImagingStatistics;vtkImagingStencil;vtkInteractionImage;vtkLocalExample;vtkParallelMPI4Py;vtkPythonInterpreter;vtkRenderingExternal;vtkRenderingFreeTypeFontConfig;vtkRenderingImage;vtkRenderingLIC;vtkRenderingLOD;vtkRenderingMatplotlib;vtkRenderingParallel;vtkRenderingParallelLIC;vtkRenderingQt;vtkRenderingVolumeAMR;vtkRenderingVolumeOpenGL;vtkTestingGenericBridge;vtkTestingIOSQL;vtkTestingRendering;vtkViewsContext2D;vtkViewsGeovis;vtkWrappingJava  
[12.616s] -- Configuring done
[12.752s] -- Generating done
[12.768s] -- Build files have been written to: /home/capstone/autoware.ai/build/pcl_omp_registration
[12.788s] Invoked command in '/home/capstone/autoware.ai/build/pcl_omp_registration' returned '0': /usr/bin/cmake /home/capstone/autoware.ai/src/autoware/core_perception/pcl_omp_registration -DCMAKE_BUILD_TYPE=Release -DCATKIN_INSTALL_INTO_PREFIX_ROOT=0 -DCMAKE_INSTALL_PREFIX=/home/capstone/autoware.ai/install/pcl_omp_registration
[12.791s] Invoking command in '/home/capstone/autoware.ai/build/pcl_omp_registration': /usr/bin/cmake --build /home/capstone/autoware.ai/build/pcl_omp_registration -- -j12 -l12
[13.002s] [35m[1mScanning dependencies of target pcl_omp_registration[0m
[13.265s] [ 50%] [32mBuilding CXX object CMakeFiles/pcl_omp_registration.dir/src/ndt.cpp.o[0m
[39.879s] [100%] [32m[1mLinking CXX shared library devel/lib/libpcl_omp_registration.so[0m
[45.566s] [100%] Built target pcl_omp_registration
[45.607s] Invoked command in '/home/capstone/autoware.ai/build/pcl_omp_registration' returned '0': /usr/bin/cmake --build /home/capstone/autoware.ai/build/pcl_omp_registration -- -j12 -l12
[46.154s] Invoking command in '/home/capstone/autoware.ai/build/pcl_omp_registration': /usr/bin/cmake --build /home/capstone/autoware.ai/build/pcl_omp_registration --target tests -- -j12 -l12
[46.490s] [35m[1mScanning dependencies of target tests[0m
[46.571s] Built target tests
[46.621s] Invoked command in '/home/capstone/autoware.ai/build/pcl_omp_registration' returned '0': /usr/bin/cmake --build /home/capstone/autoware.ai/build/pcl_omp_registration --target tests -- -j12 -l12
[47.191s] Invoking command in '/home/capstone/autoware.ai/build/pcl_omp_registration': /usr/bin/cmake --build /home/capstone/autoware.ai/build/pcl_omp_registration --target install -- -j12 -l12
[47.611s] [100%] Built target pcl_omp_registration
[47.708s] [36mInstall the project...[0m
[47.742s] -- Install configuration: "Release"
[47.743s] -- Installing: /home/capstone/autoware.ai/install/pcl_omp_registration/lib/pkgconfig/pcl_omp_registration.pc
[47.743s] -- Installing: /home/capstone/autoware.ai/install/pcl_omp_registration/share/pcl_omp_registration/cmake/pcl_omp_registrationConfig.cmake
[47.744s] -- Installing: /home/capstone/autoware.ai/install/pcl_omp_registration/share/pcl_omp_registration/cmake/pcl_omp_registrationConfig-version.cmake
[47.744s] -- Installing: /home/capstone/autoware.ai/install/pcl_omp_registration/share/pcl_omp_registration/package.xml
[47.745s] -- Installing: /home/capstone/autoware.ai/install/pcl_omp_registration/include/pcl_omp_registration
[47.745s] -- Installing: /home/capstone/autoware.ai/install/pcl_omp_registration/include/pcl_omp_registration/registration.h
[47.745s] -- Installing: /home/capstone/autoware.ai/install/pcl_omp_registration/include/pcl_omp_registration/impl
[47.746s] -- Installing: /home/capstone/autoware.ai/install/pcl_omp_registration/include/pcl_omp_registration/impl/registration.hpp
[47.746s] -- Installing: /home/capstone/autoware.ai/install/pcl_omp_registration/include/pcl_omp_registration/impl/ndt.hpp
[47.747s] -- Installing: /home/capstone/autoware.ai/install/pcl_omp_registration/include/pcl_omp_registration/ndt.h
[47.747s] -- Installing: /home/capstone/autoware.ai/install/pcl_omp_registration/lib/libpcl_omp_registration.so
[47.749s] -- Set runtime path of "/home/capstone/autoware.ai/install/pcl_omp_registration/lib/libpcl_omp_registration.so" to ""
[47.763s] Invoked command in '/home/capstone/autoware.ai/build/pcl_omp_registration' returned '0': /usr/bin/cmake --build /home/capstone/autoware.ai/build/pcl_omp_registration --target install -- -j12 -l12
