[0.281s] -- The C compiler identification is GNU 7.5.0
[0.467s] -- The CXX compiler identification is GNU 7.5.0
[0.482s] -- Check for working C compiler: /usr/bin/cc
[0.748s] -- Check for working C compiler: /usr/bin/cc -- works
[0.749s] -- Detecting C compiler ABI info
[1.067s] -- Detecting C compiler ABI info - done
[1.089s] -- Detecting C compile features
[1.995s] -- Detecting C compile features - done
[2.001s] -- Check for working CXX compiler: /usr/bin/c++
[2.287s] -- Check for working CXX compiler: /usr/bin/c++ -- works
[2.289s] -- Detecting CXX compiler ABI info
[2.632s] -- Detecting CXX compiler ABI info - done
[2.648s] -- Detecting CXX compile features
[4.041s] -- Detecting CXX compile features - done
[4.048s] -- Using CATKIN_DEVEL_PREFIX: /home/capstone/autoware.ai/build/ros_observer/devel
[4.048s] -- Using CMAKE_PREFIX_PATH: /home/capstone/autoware.ai/install/wf_simulator;/home/capstone/autoware.ai/install/vision_ssd_detect;/home/capstone/autoware.ai/install/vision_segment_enet_detect;/home/capstone/autoware.ai/install/vision_lane_detect;/home/capstone/autoware.ai/install/vision_darknet_detect;/home/capstone/autoware.ai/install/vision_beyond_track;/home/capstone/autoware.ai/install/vel_pose_diff_checker;/home/capstone/autoware.ai/install/vehicle_socket;/home/capstone/autoware.ai/install/vehicle_sim_model;/home/capstone/autoware.ai/install/vehicle_model;/home/capstone/autoware.ai/install/vehicle_gazebo_simulation_launcher;/home/capstone/autoware.ai/install/vehicle_gazebo_simulation_interface;/home/capstone/autoware.ai/install/vehicle_engage_panel;/home/capstone/autoware.ai/install/vehicle_description;/home/capstone/autoware.ai/install/op_ros_helpers;/home/capstone/autoware.ai/install/op_simu;/home/capstone/autoware.ai/install/op_planner;/home/capstone/autoware.ai/install/op_utility;/home/capstone/autoware.ai/install/vector_map_server;/home/capstone/autoware.ai/install/object_map;/home/capstone/autoware.ai/install/lanelet_aisan_converter;/home/capstone/autoware.ai/install/map_file;/home/capstone/autoware.ai/install/libvectormap;/home/capstone/autoware.ai/install/vector_map;/home/capstone/autoware.ai/install/vector_map_msgs;/home/capstone/autoware.ai/install/twist_generator;/home/capstone/autoware.ai/install/twist2odom;/home/capstone/autoware.ai/install/runtime_manager;/home/capstone/autoware.ai/install/tablet_socket_msgs;/home/capstone/autoware.ai/install/sound_player;/home/capstone/autoware.ai/install/points2image;/home/capstone/autoware.ai/install/rosinterface;/home/capstone/autoware.ai/install/rosbag_controller;/home/capstone/autoware.ai/install/points_preprocessor;/home/capstone/autoware.ai/install/lidar_localizer;/home/capstone/autoware.ai/install/emergency_handler;/home/capstone/autoware.ai/install/autoware_health_checker;/home/capstone/autoware.ai/install/ros_observer;/home/capstone/autoware.ai/install/range_vision_fusion;/home/capstone/autoware.ai/install/pos_db;/home/capstone/autoware.ai/install/points_downsampler;/home/capstone/autoware.ai/install/pixel_cloud_fusion;/home/capstone/autoware.ai/install/pcl_omp_registration;/home/capstone/autoware.ai/install/pc2_downsampler;/home/capstone/autoware.ai/install/obj_db;/home/capstone/autoware.ai/install/nmea_navsat;/home/capstone/autoware.ai/install/ndt_tku;/home/capstone/autoware.ai/install/ndt_gpu;/home/capstone/autoware.ai/install/ndt_cpu;/home/capstone/autoware.ai/install/multi_lidar_calibrator;/home/capstone/autoware.ai/install/mrt_cmake_modules;/home/capstone/autoware.ai/install/marker_downsampler;/home/capstone/autoware.ai/install/map_tools;/home/capstone/autoware.ai/install/map_tf_generator;/home/capstone/autoware.ai/install/log_tools;/home/capstone/autoware.ai/install/libwaypoint_follower;/home/capstone/autoware.ai/install/lgsvl_simulator_bridge;/home/capstone/autoware.ai/install/lanelet2_extension;/home/capstone/autoware.ai/install/lanelet2_validation;/home/capstone/autoware.ai/install/lanelet2_examples;/home/capstone/autoware.ai/install/lanelet2_python;/home/capstone/autoware.ai/install/lanelet2_routing;/home/capstone/autoware.ai/install/lanelet2_traffic_rules;/home/capstone/autoware.ai/install/lanelet2_projection;/home/capstone/autoware.ai/install/lanelet2_maps;/home/capstone/autoware.ai/install/lanelet2_io;/home/capstone/autoware.ai/install/lanelet2_core;/home/capstone/autoware.ai/install/integrated_viewer;/home/capstone/autoware.ai/install/image_processor;/home/capstone/autoware.ai/install/graph_tools;/home/capstone/autoware.ai/install/gnss_localizer;/home/capstone/autoware.ai/install/gnss;/home/capstone/autoware.ai/install/glviewer;/home/capstone/autoware.ai/install/gazebo_world_description;/home/capstone/autoware.ai/install/gazebo_imu_description;/home/capstone/autoware.ai/install/gazebo_camera_description;/home/capstone/autoware.ai/install/fastvirtualscan;/home/capstone/autoware.ai/install/ekf_localizer;/home/capstone/autoware.ai/install/detected_objects_visualizer;/home/capstone/autoware.ai/install/decision_maker_panel;/home/capstone/autoware.ai/install/data_preprocessor;/home/capstone/autoware.ai/install/carla_autoware_bridge;/home/capstone/autoware.ai/install/calibration_publisher;/home/capstone/autoware.ai/install/autoware_system_msgs;/home/capstone/autoware.ai/install/autoware_rviz_plugins;/home/capstone/autoware.ai/install/autoware_quickstart_examples;/home/capstone/autoware.ai/install/autoware_pointgrey_drivers;/home/capstone/autoware.ai/install/autoware_driveworks_interface;/home/capstone/autoware.ai/install/autoware_connector;/home/capstone/autoware.ai/install/autoware_camera_lidar_calibrator;/home/capstone/autoware.ai/install/amathutils_lib;/home/capstone/autoware.ai/install/autoware_msgs;/home/capstone/autoware.ai/install/autoware_map_msgs;/home/capstone/autoware.ai/install/autoware_launcher_rviz;/home/capstone/autoware.ai/install/autoware_launcher;/home/capstone/autoware.ai/install/autoware_lanelet2_msgs;/home/capstone/autoware.ai/install/autoware_external_msgs;/home/capstone/autoware.ai/install/autoware_driveworks_gmsl_interface;/home/capstone/autoware.ai/install/autoware_config_msgs;/home/capstone/autoware.ai/install/autoware_can_msgs;/home/capstone/autoware.ai/install/autoware_build_flags;/home/capstone/autoware.ai/install/autoware_bag_tools;/opt/carla-ros-bridge/melodic;/opt/ros/melodic
[4.050s] -- This workspace overlays: /opt/carla-ros-bridge/melodic;/opt/ros/melodic
[4.120s] -- Found PythonInterp: /usr/bin/python2 (found suitable version "2.7.17", minimum required is "2") 
[4.121s] -- Using PYTHON_EXECUTABLE: /usr/bin/python2
[4.123s] -- Using Debian Python package layout
[4.124s] -- Using empy: /usr/bin/empy
[4.516s] -- Using CATKIN_ENABLE_TESTING: ON
[4.516s] -- Call enable_testing()
[4.533s] -- Using CATKIN_TEST_RESULTS_DIR: /home/capstone/autoware.ai/build/ros_observer/test_results
[4.599s] -- Found gtest sources under '/usr/src/googletest': gtests will be built
[4.599s] -- Found gmock sources under '/usr/src/googletest': gmock will be built
[4.662s] -- Found PythonInterp: /usr/bin/python2 (found version "2.7.17") 
[4.665s] -- Looking for pthread.h
[5.006s] -- Looking for pthread.h - found
[5.006s] -- Looking for pthread_create
[5.310s] -- Looking for pthread_create - not found
[5.311s] -- Looking for pthread_create in pthreads
[5.608s] -- Looking for pthread_create in pthreads - not found
[5.608s] -- Looking for pthread_create in pthread
[5.885s] -- Looking for pthread_create in pthread - found
[5.887s] -- Found Threads: TRUE  
[5.899s] -- Using Python nosetests: /usr/bin/nosetests-2.7
[6.013s] -- catkin 0.7.23
[6.013s] -- BUILD_SHARED_LIBS is on
[7.179s] -- Boost version: 1.65.1
[7.179s] -- Found the following Boost libraries:
[7.179s] --   thread
[7.179s] --   chrono
[7.179s] --   system
[7.180s] --   date_time
[7.180s] --   atomic
[7.598s] -- Configuring done
[7.715s] -- Generating done
[7.730s] -- Build files have been written to: /home/capstone/autoware.ai/build/ros_observer
[7.990s] [35m[1mScanning dependencies of target std_msgs_generate_messages_cpp[0m
[8.041s] [35m[1mScanning dependencies of target rosgraph_msgs_generate_messages_eus[0m
[8.046s] [35m[1mScanning dependencies of target rosgraph_msgs_generate_messages_nodejs[0m
[8.060s] [35m[1mScanning dependencies of target std_msgs_generate_messages_nodejs[0m
[8.070s] [35m[1mScanning dependencies of target roscpp_generate_messages_lisp[0m
[8.096s] [35m[1mScanning dependencies of target roscpp_generate_messages_eus[0m
[8.102s] [35m[1mScanning dependencies of target roscpp_generate_messages_cpp[0m
[8.129s] [35m[1mScanning dependencies of target std_msgs_generate_messages_lisp[0m
[8.138s] [35m[1mScanning dependencies of target std_msgs_generate_messages_py[0m
[8.146s] [35m[1mScanning dependencies of target std_msgs_generate_messages_eus[0m
[8.167s] [35m[1mScanning dependencies of target roscpp_generate_messages_py[0m
[8.210s] [35m[1mScanning dependencies of target rosgraph_msgs_generate_messages_py[0m
[8.248s] [  0%] Built target std_msgs_generate_messages_cpp
[8.252s] [  0%] Built target rosgraph_msgs_generate_messages_eus
[8.280s] [  0%] Built target rosgraph_msgs_generate_messages_nodejs
[8.290s] [  0%] Built target roscpp_generate_messages_lisp
[8.318s] [  0%] Built target roscpp_generate_messages_cpp
[8.364s] [  0%] Built target roscpp_generate_messages_eus
[8.371s] [  0%] Built target roscpp_generate_messages_py
[8.399s] [  0%] Built target std_msgs_generate_messages_py
[8.405s] [  0%] Built target std_msgs_generate_messages_eus
[8.413s] [35m[1mScanning dependencies of target rosgraph_msgs_generate_messages_lisp[0m
[8.422s] [35m[1mScanning dependencies of target roscpp_generate_messages_nodejs[0m
[8.425s] [  0%] Built target std_msgs_generate_messages_lisp
[8.435s] [  0%] Built target rosgraph_msgs_generate_messages_py
[8.438s] [35m[1mScanning dependencies of target rosgraph_msgs_generate_messages_cpp[0m
[8.486s] [  0%] Built target std_msgs_generate_messages_nodejs
[8.579s] [  0%] Built target rosgraph_msgs_generate_messages_cpp
[8.594s] [  0%] Built target rosgraph_msgs_generate_messages_lisp
[8.659s] [  0%] Built target roscpp_generate_messages_nodejs
[8.904s] [35m[1mScanning dependencies of target lib_ros_observer[0m
[8.930s] [35m[1mScanning dependencies of target ros_observer[0m
[9.069s] [ 25%] [32mBuilding CXX object CMakeFiles/ros_observer.dir/src/ros_observer.cpp.o[0m
[9.229s] [ 50%] [32mBuilding CXX object CMakeFiles/lib_ros_observer.dir/lib/lib_ros_observer.cpp.o[0m
[21.258s] [ 75%] [32m[1mLinking CXX shared library devel/lib/liblib_ros_observer.so[0m
[21.670s] [ 75%] Built target lib_ros_observer
[22.694s] [100%] [32m[1mLinking CXX executable devel/lib/ros_observer/ros_observer[0m
[23.131s] [100%] Built target ros_observer
[25.565s] [35m[1mScanning dependencies of target gtest[0m
[25.719s] [ 16%] [32mBuilding CXX object gtest/googlemock/gtest/CMakeFiles/gtest.dir/src/gtest-all.cc.o[0m
[35.920s] [ 33%] [32m[1mLinking CXX shared library libgtest.so[0m
[36.287s] [ 33%] Built target gtest
[36.444s] [ 33%] Built target roscpp_generate_messages_py
[36.643s] [ 33%] Built target rosgraph_msgs_generate_messages_py
[36.798s] [ 33%] Built target rosgraph_msgs_generate_messages_lisp
[37.017s] [ 33%] Built target rosgraph_msgs_generate_messages_cpp
[37.231s] [ 33%] Built target roscpp_generate_messages_nodejs
[37.402s] [ 33%] Built target std_msgs_generate_messages_py
[37.630s] [ 33%] Built target std_msgs_generate_messages_nodejs
[37.796s] [ 33%] Built target std_msgs_generate_messages_cpp
[37.972s] [ 33%] Built target rosgraph_msgs_generate_messages_nodejs
[38.189s] [ 33%] Built target roscpp_generate_messages_lisp
[38.379s] [ 33%] Built target std_msgs_generate_messages_lisp
[38.549s] [ 33%] Built target roscpp_generate_messages_cpp
[38.707s] [ 33%] Built target roscpp_generate_messages_eus
[38.820s] [ 33%] Built target rosgraph_msgs_generate_messages_eus
[39.074s] [ 33%] Built target std_msgs_generate_messages_eus
[39.290s] [ 66%] Built target lib_ros_observer
[39.351s] [35m[1mScanning dependencies of target test_ros_observer[0m
[39.468s] [ 83%] [32mBuilding CXX object CMakeFiles/test_ros_observer.dir/test/src/test_ros_observer.cpp.o[0m
[48.505s] [100%] [32m[1mLinking CXX executable devel/lib/ros_observer/test_ros_observer[0m
[48.982s] [100%] Built target test_ros_observer
[49.065s] [35m[1mScanning dependencies of target tests[0m
[49.133s] [100%] Built target tests
[50.560s] [  0%] Built target std_msgs_generate_messages_eus
[50.712s] [  0%] Built target rosgraph_msgs_generate_messages_py
[50.851s] [  0%] Built target rosgraph_msgs_generate_messages_lisp
[50.967s] [  0%] Built target rosgraph_msgs_generate_messages_cpp
[51.130s] [  0%] Built target roscpp_generate_messages_nodejs
[51.296s] [  0%] Built target roscpp_generate_messages_py
[51.468s] [  0%] Built target std_msgs_generate_messages_py
[51.657s] [  0%] Built target std_msgs_generate_messages_nodejs
[51.780s] [  0%] Built target std_msgs_generate_messages_cpp
[51.915s] [  0%] Built target rosgraph_msgs_generate_messages_nodejs
[52.027s] [  0%] Built target roscpp_generate_messages_lisp
[52.183s] [  0%] Built target std_msgs_generate_messages_lisp
[52.414s] [  0%] Built target roscpp_generate_messages_cpp
[52.536s] [  0%] Built target roscpp_generate_messages_eus
[52.689s] [  0%] Built target rosgraph_msgs_generate_messages_eus
[52.857s] [ 50%] Built target lib_ros_observer
[53.024s] [100%] Built target ros_observer
[53.115s] [36mInstall the project...[0m
[53.153s] -- Install configuration: "Release"
[53.154s] -- Installing: /home/capstone/autoware.ai/install/ros_observer/lib/pkgconfig/ros_observer.pc
[53.154s] -- Installing: /home/capstone/autoware.ai/install/ros_observer/share/ros_observer/cmake/ros_observerConfig.cmake
[53.155s] -- Installing: /home/capstone/autoware.ai/install/ros_observer/share/ros_observer/cmake/ros_observerConfig-version.cmake
[53.155s] -- Installing: /home/capstone/autoware.ai/install/ros_observer/share/ros_observer/package.xml
[53.156s] -- Installing: /home/capstone/autoware.ai/install/ros_observer/include/ros_observer
[53.156s] -- Installing: /home/capstone/autoware.ai/install/ros_observer/include/ros_observer/lib_ros_observer.h
[53.157s] -- Installing: /home/capstone/autoware.ai/install/ros_observer/include/ros_observer/ros_observer.h
[53.158s] -- Installing: /home/capstone/autoware.ai/install/ros_observer/lib/ros_observer/ros_observer
[53.158s] -- Installing: /home/capstone/autoware.ai/install/ros_observer/lib/liblib_ros_observer.so
[53.159s] -- Set runtime path of "/home/capstone/autoware.ai/install/ros_observer/lib/liblib_ros_observer.so" to ""
[53.160s] -- Installing: /home/capstone/autoware.ai/install/ros_observer/share/ros_observer/launch
[53.160s] -- Installing: /home/capstone/autoware.ai/install/ros_observer/share/ros_observer/launch/ros_observer.launch
[53.160s] -- Installing: /home/capstone/autoware.ai/install/ros_observer/share/ros_observer/launch/test.launch
