[0.736s] [  0%] Built target roscpp_generate_messages_nodejs
[0.909s] [  0%] Built target rosgraph_msgs_generate_messages_py
[1.058s] [  0%] Built target rosgraph_msgs_generate_messages_nodejs
[1.202s] [  0%] Built target actionlib_msgs_generate_messages_py
[1.344s] [  0%] Built target autoware_msgs_generate_messages_lisp
[1.490s] [  0%] Built target autoware_system_msgs_generate_messages_eus
[1.642s] [  0%] Built target roscpp_generate_messages_lisp
[1.826s] [  0%] Built target autoware_system_msgs_generate_messages_lisp
[1.971s] [  0%] Built target roscpp_generate_messages_eus
[2.117s] [  0%] Built target autoware_msgs_generate_messages_py
[2.267s] [  0%] Built target rosgraph_msgs_generate_messages_lisp
[2.415s] [  0%] Built target actionlib_msgs_generate_messages_eus
[2.561s] [  0%] Built target autoware_system_msgs_generate_messages_cpp
[2.719s] [  0%] Built target jsk_footstep_msgs_generate_messages_py
[2.880s] [  0%] Built target geometry_msgs_generate_messages_py
[3.025s] [  0%] Built target sensor_msgs_generate_messages_py
[3.168s] [  0%] Built target jsk_footstep_msgs_generate_messages_lisp
[3.312s] [  0%] Built target std_msgs_generate_messages_cpp
[3.446s] [  0%] Built target autoware_msgs_generate_messages_eus
[3.599s] [  0%] Built target autoware_system_msgs_generate_messages_py
[3.793s] [  0%] Built target geometry_msgs_generate_messages_lisp
[3.952s] [  0%] Built target jsk_recognition_msgs_generate_messages_lisp
[4.098s] [  0%] Built target rosgraph_msgs_generate_messages_cpp
[4.243s] [  0%] Built target rosgraph_msgs_generate_messages_eus
[4.385s] [  0%] Built target roscpp_generate_messages_py
[4.534s] [  0%] Built target jsk_recognition_msgs_generate_messages_nodejs
[4.715s] [  0%] Built target autoware_msgs_generate_messages_cpp
[4.909s] [  0%] Built target std_msgs_generate_messages_lisp
[5.049s] [  0%] Built target jsk_recognition_msgs_generate_messages_py
[5.195s] [  0%] Built target sensor_msgs_generate_messages_cpp
[5.338s] [  0%] Built target pcl_msgs_generate_messages_cpp
[5.487s] [  0%] Built target roscpp_generate_messages_cpp
[5.628s] [  0%] Built target sensor_msgs_generate_messages_eus
[5.831s] [  0%] Built target sensor_msgs_generate_messages_lisp
[5.980s] [  0%] Built target pcl_msgs_generate_messages_eus
[6.123s] [  0%] Built target pcl_msgs_generate_messages_nodejs
[6.265s] [  0%] Built target pcl_msgs_generate_messages_lisp
[6.418s] [  0%] Built target pcl_msgs_generate_messages_py
[6.563s] [  0%] Built target sensor_msgs_generate_messages_nodejs
[6.759s] [  0%] Built target jsk_footstep_msgs_generate_messages_nodejs
[6.933s] [  0%] Built target actionlib_msgs_generate_messages_cpp
[7.077s] [  0%] Built target std_msgs_generate_messages_eus
[7.222s] [  0%] Built target actionlib_msgs_generate_messages_lisp
[7.369s] [  0%] Built target actionlib_msgs_generate_messages_nodejs
[7.515s] [  0%] Built target jsk_footstep_msgs_generate_messages_cpp
[7.667s] [  0%] Built target jsk_recognition_msgs_generate_messages_cpp
[7.842s] [  0%] Built target geometry_msgs_generate_messages_cpp
[7.985s] [  0%] Built target geometry_msgs_generate_messages_nodejs
[8.129s] [  0%] Built target jsk_recognition_msgs_generate_messages_eus
[8.271s] [  0%] Built target autoware_system_msgs_generate_messages_nodejs
[8.417s] [  0%] Built target std_msgs_generate_messages_py
[8.565s] [  0%] Built target jsk_footstep_msgs_generate_messages_eus
[8.736s] [  0%] Built target autoware_msgs_generate_messages_nodejs
[8.908s] [  0%] Built target std_msgs_generate_messages_nodejs
[9.052s] [  0%] Built target geometry_msgs_generate_messages_eus
[9.210s] [ 37%] Built target system_status_filter
[9.374s] [100%] Built target emergency_handler
[10.892s] [ 20%] Built target gtest
[11.036s] [ 20%] Built target jsk_recognition_msgs_generate_messages_cpp
[11.179s] [ 20%] Built target rosgraph_msgs_generate_messages_py
[11.323s] [ 20%] Built target rosgraph_msgs_generate_messages_nodejs
[11.468s] [ 20%] Built target actionlib_msgs_generate_messages_py
[11.613s] [ 20%] Built target autoware_msgs_generate_messages_lisp
[11.815s] [ 20%] Built target autoware_system_msgs_generate_messages_eus
[11.957s] [ 20%] Built target roscpp_generate_messages_lisp
[12.101s] [ 20%] Built target autoware_system_msgs_generate_messages_lisp
[12.242s] [ 20%] Built target roscpp_generate_messages_eus
[12.390s] [ 20%] Built target autoware_msgs_generate_messages_py
[12.534s] [ 20%] Built target rosgraph_msgs_generate_messages_lisp
[12.695s] [ 20%] Built target actionlib_msgs_generate_messages_eus
[12.882s] [ 20%] Built target autoware_system_msgs_generate_messages_cpp
[13.027s] [ 20%] Built target jsk_footstep_msgs_generate_messages_py
[13.168s] [ 20%] Built target geometry_msgs_generate_messages_py
[13.312s] [ 20%] Built target sensor_msgs_generate_messages_py
[13.457s] [ 20%] Built target jsk_footstep_msgs_generate_messages_lisp
[13.624s] [ 20%] Built target std_msgs_generate_messages_cpp
[13.817s] [ 20%] Built target autoware_msgs_generate_messages_eus
[13.965s] [ 20%] Built target autoware_system_msgs_generate_messages_py
[14.108s] [ 20%] Built target geometry_msgs_generate_messages_lisp
[14.251s] [ 20%] Built target jsk_recognition_msgs_generate_messages_lisp
[14.395s] [ 20%] Built target rosgraph_msgs_generate_messages_cpp
[14.542s] [ 20%] Built target rosgraph_msgs_generate_messages_eus
[14.713s] [ 20%] Built target roscpp_generate_messages_py
[14.887s] [ 20%] Built target jsk_recognition_msgs_generate_messages_nodejs
[15.031s] [ 20%] Built target autoware_msgs_generate_messages_cpp
[15.169s] [ 20%] Built target std_msgs_generate_messages_lisp
[15.313s] [ 20%] Built target jsk_recognition_msgs_generate_messages_py
[15.458s] [ 20%] Built target sensor_msgs_generate_messages_cpp
[15.609s] [ 20%] Built target pcl_msgs_generate_messages_cpp
[15.767s] [ 20%] Built target roscpp_generate_messages_cpp
[15.916s] [ 20%] Built target sensor_msgs_generate_messages_eus
[16.059s] [ 20%] Built target sensor_msgs_generate_messages_lisp
[16.201s] [ 20%] Built target pcl_msgs_generate_messages_eus
[16.342s] [ 20%] Built target pcl_msgs_generate_messages_nodejs
[16.489s] [ 20%] Built target pcl_msgs_generate_messages_lisp
[16.633s] [ 20%] Built target pcl_msgs_generate_messages_py
[16.846s] [ 20%] Built target sensor_msgs_generate_messages_nodejs
[17.008s] [ 20%] Built target jsk_footstep_msgs_generate_messages_nodejs
[17.151s] [ 20%] Built target actionlib_msgs_generate_messages_cpp
[17.301s] [ 20%] Built target std_msgs_generate_messages_eus
[17.445s] [ 20%] Built target actionlib_msgs_generate_messages_lisp
[17.593s] [ 20%] Built target actionlib_msgs_generate_messages_nodejs
[17.766s] [ 20%] Built target jsk_footstep_msgs_generate_messages_cpp
[17.942s] [ 20%] Built target geometry_msgs_generate_messages_cpp
[18.089s] [ 20%] Built target geometry_msgs_generate_messages_nodejs
[18.232s] [ 20%] Built target jsk_recognition_msgs_generate_messages_eus
[18.373s] [ 20%] Built target autoware_system_msgs_generate_messages_nodejs
[18.527s] [ 20%] Built target std_msgs_generate_messages_py
[18.673s] [ 20%] Built target jsk_footstep_msgs_generate_messages_eus
[18.885s] [ 20%] Built target autoware_msgs_generate_messages_nodejs
[19.028s] [ 20%] Built target std_msgs_generate_messages_nodejs
[19.172s] [ 20%] Built target geometry_msgs_generate_messages_eus
[19.317s] [ 20%] Built target roscpp_generate_messages_nodejs
[19.471s] [ 50%] Built target system_status_filter
[19.638s] [100%] Built target test_emergency_handler
[19.870s] [100%] Built target tests
[21.256s] [  0%] Built target roscpp_generate_messages_nodejs
[21.403s] [  0%] Built target rosgraph_msgs_generate_messages_py
[21.547s] [  0%] Built target rosgraph_msgs_generate_messages_nodejs
[21.719s] [  0%] Built target actionlib_msgs_generate_messages_py
[21.944s] [  0%] Built target autoware_msgs_generate_messages_lisp
[22.117s] [  0%] Built target autoware_system_msgs_generate_messages_eus
[22.262s] [  0%] Built target roscpp_generate_messages_lisp
[22.405s] [  0%] Built target autoware_system_msgs_generate_messages_lisp
[22.551s] [  0%] Built target roscpp_generate_messages_eus
[22.749s] [  0%] Built target autoware_msgs_generate_messages_py
[22.937s] [  0%] Built target rosgraph_msgs_generate_messages_lisp
[23.084s] [  0%] Built target actionlib_msgs_generate_messages_eus
[23.226s] [  0%] Built target autoware_system_msgs_generate_messages_cpp
[23.371s] [  0%] Built target jsk_footstep_msgs_generate_messages_py
[23.517s] [  0%] Built target geometry_msgs_generate_messages_py
[23.675s] [  0%] Built target sensor_msgs_generate_messages_py
[23.859s] [  0%] Built target jsk_footstep_msgs_generate_messages_lisp
[24.004s] [  0%] Built target std_msgs_generate_messages_cpp
[24.147s] [  0%] Built target autoware_msgs_generate_messages_eus
[24.290s] [  0%] Built target autoware_system_msgs_generate_messages_py
[24.434s] [  0%] Built target geometry_msgs_generate_messages_lisp
[24.578s] [  0%] Built target jsk_recognition_msgs_generate_messages_lisp
[24.756s] [  0%] Built target rosgraph_msgs_generate_messages_cpp
[24.924s] [  0%] Built target rosgraph_msgs_generate_messages_eus
[25.066s] [  0%] Built target roscpp_generate_messages_py
[25.207s] [  0%] Built target jsk_recognition_msgs_generate_messages_nodejs
[25.352s] [  0%] Built target autoware_msgs_generate_messages_cpp
[25.494s] [  0%] Built target std_msgs_generate_messages_lisp
[25.637s] [  0%] Built target jsk_recognition_msgs_generate_messages_py
[25.852s] [  0%] Built target sensor_msgs_generate_messages_cpp
[25.996s] [  0%] Built target pcl_msgs_generate_messages_cpp
[26.140s] [  0%] Built target roscpp_generate_messages_cpp
[26.286s] [  0%] Built target sensor_msgs_generate_messages_eus
[26.437s] [  0%] Built target sensor_msgs_generate_messages_lisp
[26.583s] [  0%] Built target pcl_msgs_generate_messages_eus
[26.790s] [  0%] Built target pcl_msgs_generate_messages_nodejs
[26.949s] [  0%] Built target pcl_msgs_generate_messages_lisp
[27.092s] [  0%] Built target pcl_msgs_generate_messages_py
[27.238s] [  0%] Built target sensor_msgs_generate_messages_nodejs
[27.387s] [  0%] Built target jsk_footstep_msgs_generate_messages_nodejs
[27.534s] [  0%] Built target actionlib_msgs_generate_messages_cpp
[27.707s] [  0%] Built target std_msgs_generate_messages_eus
[27.926s] [  0%] Built target actionlib_msgs_generate_messages_lisp
[28.072s] [  0%] Built target actionlib_msgs_generate_messages_nodejs
[28.217s] [  0%] Built target jsk_footstep_msgs_generate_messages_cpp
[28.361s] [  0%] Built target jsk_recognition_msgs_generate_messages_cpp
[28.508s] [  0%] Built target geometry_msgs_generate_messages_cpp
[28.675s] [  0%] Built target geometry_msgs_generate_messages_nodejs
[28.892s] [  0%] Built target jsk_recognition_msgs_generate_messages_eus
[29.040s] [  0%] Built target autoware_system_msgs_generate_messages_nodejs
[29.183s] [  0%] Built target std_msgs_generate_messages_py
[29.327s] [  0%] Built target jsk_footstep_msgs_generate_messages_eus
[29.474s] [  0%] Built target autoware_msgs_generate_messages_nodejs
[29.623s] [  0%] Built target std_msgs_generate_messages_nodejs
[29.808s] [  0%] Built target geometry_msgs_generate_messages_eus
[29.966s] [ 37%] Built target system_status_filter
[30.131s] [100%] Built target emergency_handler
[30.265s] [36mInstall the project...[0m
[30.322s] -- Install configuration: "Release"
[30.323s] -- Up-to-date: /home/capstone/autoware.ai/install/emergency_handler/lib/pkgconfig/emergency_handler.pc
[30.323s] -- Up-to-date: /home/capstone/autoware.ai/install/emergency_handler/share/emergency_handler/cmake/emergency_handlerConfig.cmake
[30.323s] -- Up-to-date: /home/capstone/autoware.ai/install/emergency_handler/share/emergency_handler/cmake/emergency_handlerConfig-version.cmake
[30.323s] -- Up-to-date: /home/capstone/autoware.ai/install/emergency_handler/share/emergency_handler/package.xml
[30.324s] -- Up-to-date: /home/capstone/autoware.ai/install/emergency_handler/lib/emergency_handler/emergency_handler
[30.325s] -- Up-to-date: /home/capstone/autoware.ai/install/emergency_handler/lib/libsystem_status_filter.so
[30.325s] -- Up-to-date: /home/capstone/autoware.ai/install/emergency_handler/include/emergency_handler
[30.326s] -- Up-to-date: /home/capstone/autoware.ai/install/emergency_handler/include/emergency_handler/libvital_monitor.h
[30.326s] -- Up-to-date: /home/capstone/autoware.ai/install/emergency_handler/include/emergency_handler/emergency_stop_planner.h
[30.326s] -- Up-to-date: /home/capstone/autoware.ai/install/emergency_handler/include/emergency_handler/emergency_handler.h
[30.327s] -- Up-to-date: /home/capstone/autoware.ai/install/emergency_handler/include/emergency_handler/system_status_filter.h
[30.327s] -- Up-to-date: /home/capstone/autoware.ai/install/emergency_handler/include/emergency_handler/emergency_planner.h
[30.327s] -- Up-to-date: /home/capstone/autoware.ai/install/emergency_handler/include/emergency_handler/libsystem_status_filter.h
[30.327s] -- Up-to-date: /home/capstone/autoware.ai/install/emergency_handler/share/emergency_handler/launch
[30.327s] -- Up-to-date: /home/capstone/autoware.ai/install/emergency_handler/share/emergency_handler/launch/emergency_handler.launch
[30.327s] -- Up-to-date: /home/capstone/autoware.ai/install/emergency_handler/share/emergency_handler/config
[30.328s] -- Up-to-date: /home/capstone/autoware.ai/install/emergency_handler/share/emergency_handler/config/emergency_handler.yaml
[30.328s] -- Up-to-date: /home/capstone/autoware.ai/install/emergency_handler/share/emergency_handler/config/README.md
