[0.482s] -- CUDA compilation status: 1.
[0.483s] -- Using CATKIN_DEVEL_PREFIX: /home/capstone/autoware.ai/build/vision_darknet_detect/devel
[0.484s] -- Using CMAKE_PREFIX_PATH: /home/capstone/autoware.ai/install/autoware_msgs;/home/capstone/autoware.ai/install/autoware_config_msgs;/home/capstone/autoware.ai/install/autoware_build_flags;/home/capstone/autoware.ai/install/ymc;/home/capstone/autoware.ai/install/xsens_driver;/home/capstone/autoware.ai/install/wf_simulator;/home/capstone/autoware.ai/install/lattice_planner;/home/capstone/autoware.ai/install/waypoint_planner;/home/capstone/autoware.ai/install/waypoint_maker;/home/capstone/autoware.ai/install/way_planner;/home/capstone/autoware.ai/install/vlg22c_cam;/home/capstone/autoware.ai/install/vision_ssd_detect;/home/capstone/autoware.ai/install/vision_segment_enet_detect;/home/capstone/autoware.ai/install/vision_lane_detect;/home/capstone/autoware.ai/install/vision_darknet_detect;/home/capstone/autoware.ai/install/vision_beyond_track;/home/capstone/autoware.ai/install/vel_pose_diff_checker;/home/capstone/autoware.ai/install/vehicle_socket;/home/capstone/autoware.ai/install/vehicle_sim_model;/home/capstone/autoware.ai/install/vehicle_model;/home/capstone/autoware.ai/install/vehicle_gazebo_simulation_launcher;/home/capstone/autoware.ai/install/vehicle_gazebo_simulation_interface;/home/capstone/autoware.ai/install/vehicle_engage_panel;/home/capstone/autoware.ai/install/vehicle_description;/home/capstone/autoware.ai/install/trafficlight_recognizer;/home/capstone/autoware.ai/install/op_utilities;/home/capstone/autoware.ai/install/op_simulation_package;/home/capstone/autoware.ai/install/op_local_planner;/home/capstone/autoware.ai/install/op_global_planner;/home/capstone/autoware.ai/install/lidar_kf_contour_track;/home/capstone/autoware.ai/install/op_ros_helpers;/home/capstone/autoware.ai/install/ff_waypoint_follower;/home/capstone/autoware.ai/install/dp_planner;/home/capstone/autoware.ai/install/op_simu;/home/capstone/autoware.ai/install/op_planner;/home/capstone/autoware.ai/install/op_utility;/home/capstone/autoware.ai/install/lidar_euclidean_cluster_detect;/home/capstone/autoware.ai/install/vector_map_server;/home/capstone/autoware.ai/install/road_occupancy_processor;/home/capstone/autoware.ai/install/costmap_generator;/home/capstone/autoware.ai/install/object_map;/home/capstone/autoware.ai/install/naive_motion_predict;/home/capstone/autoware.ai/install/lanelet_aisan_converter;/home/capstone/autoware.ai/install/map_file;/home/capstone/autoware.ai/install/libvectormap;/home/capstone/autoware.ai/install/lane_planner;/home/capstone/autoware.ai/install/imm_ukf_pda_track;/home/capstone/autoware.ai/install/decision_maker;/home/capstone/autoware.ai/install/vector_map;/home/capstone/autoware.ai/install/vector_map_msgs;/home/capstone/autoware.ai/install/vectacam;/home/capstone/autoware.ai/install/udon_socket;/home/capstone/autoware.ai/install/twist_generator;/home/capstone/autoware.ai/install/twist_gate;/home/capstone/autoware.ai/install/twist_filter;/home/capstone/autoware.ai/install/twist2odom;/home/capstone/autoware.ai/install/tablet_socket;/home/capstone/autoware.ai/install/runtime_manager;/home/capstone/autoware.ai/install/mqtt_socket;/home/capstone/autoware.ai/install/tablet_socket_msgs;/home/capstone/autoware.ai/install/state_machine_lib;/home/capstone/autoware.ai/install/sound_player;/home/capstone/autoware.ai/install/sick_lms5xx;/home/capstone/autoware.ai/install/sick_ldmrs_tools;/home/capstone/autoware.ai/install/sick_ldmrs_driver;/home/capstone/autoware.ai/install/sick_ldmrs_msgs;/home/capstone/autoware.ai/install/sick_ldmrs_description;/home/capstone/autoware.ai/install/points2image;/home/capstone/autoware.ai/install/rosinterface;/home/capstone/autoware.ai/install/rosbag_controller;/home/capstone/autoware.ai/install/pure_pursuit;/home/capstone/autoware.ai/install/points_preprocessor;/home/capstone/autoware.ai/install/mpc_follower;/home/capstone/autoware.ai/install/lidar_localizer;/home/capstone/autoware.ai/install/emergency_handler;/home/capstone/autoware.ai/install/autoware_health_checker;/home/capstone/autoware.ai/install/as;/home/capstone/autoware.ai/install/ros_observer;/home/capstone/autoware.ai/install/roi_object_filter;/home/capstone/autoware.ai/install/range_vision_fusion;/home/capstone/autoware.ai/install/pos_db;/home/capstone/autoware.ai/install/points_downsampler;/home/capstone/autoware.ai/install/pixel_cloud_fusion;/home/capstone/autoware.ai/install/pcl_omp_registration;/home/capstone/autoware.ai/install/pc2_downsampler;/home/capstone/autoware.ai/install/oculus_socket;/home/capstone/autoware.ai/install/obj_db;/home/capstone/autoware.ai/install/nmea_navsat;/home/capstone/autoware.ai/install/ndt_tku;/home/capstone/autoware.ai/install/ndt_gpu;/home/capstone/autoware.ai/install/ndt_cpu;/home/capstone/autoware.ai/install/multi_lidar_calibrator;/home/capstone/autoware.ai/install/mrt_cmake_modules;/home/capstone/autoware.ai/install/microstrain_driver;/home/capstone/autoware.ai/install/memsic_imu;/home/capstone/autoware.ai/install/marker_downsampler;/home/capstone/autoware.ai/install/map_tools;/home/capstone/autoware.ai/install/map_tf_generator;/home/capstone/autoware.ai/install/log_tools;/home/capstone/autoware.ai/install/lidar_shape_estimation;/home/capstone/autoware.ai/install/lidar_point_pillars;/home/capstone/autoware.ai/install/lidar_naive_l_shape_detect;/home/capstone/autoware.ai/install/lidar_fake_perception;/home/capstone/autoware.ai/install/lidar_apollo_cnn_seg_detect;/home/capstone/autoware.ai/install/libwaypoint_follower;/home/capstone/autoware.ai/install/lgsvl_simulator_bridge;/home/capstone/autoware.ai/install/lanelet2_extension;/home/capstone/autoware.ai/install/lanelet2_validation;/home/capstone/autoware.ai/install/lanelet2_examples;/home/capstone/autoware.ai/install/lanelet2_python;/home/capstone/autoware.ai/install/lanelet2_routing;/home/capstone/autoware.ai/install/lanelet2_traffic_rules;/home/capstone/autoware.ai/install/lanelet2_projection;/home/capstone/autoware.ai/install/lanelet2_maps;/home/capstone/autoware.ai/install/lanelet2_io;/home/capstone/autoware.ai/install/lanelet2_core;/home/capstone/autoware.ai/install/kvaser;/home/capstone/autoware.ai/install/kitti_launch;/home/capstone/autoware.ai/install/kitti_player;/home/capstone/autoware.ai/install/kitti_box_publisher;/home/capstone/autoware.ai/install/javad_navsat_driver;/home/capstone/autoware.ai/install/integrated_viewer;/home/capstone/autoware.ai/install/image_processor;/home/capstone/autoware.ai/install/hokuyo;/home/capstone/autoware.ai/install/graph_tools;/home/capstone/autoware.ai/install/gnss_localizer;/home/capstone/autoware.ai/install/gnss;/home/capstone/autoware.ai/install/glviewer;/home/capstone/autoware.ai/install/gazebo_world_description;/home/capstone/autoware.ai/install/gazebo_imu_description;/home/capstone/autoware.ai/install/gazebo_camera_description;/home/capstone/autoware.ai/install/garmin;/home/capstone/autoware.ai/install/freespace_planner;/home/capstone/autoware.ai/install/fastvirtualscan;/home/capstone/autoware.ai/install/ekf_localizer;/home/capstone/autoware.ai/install/ds4_msgs;/home/capstone/autoware.ai/install/ds4_driver;/home/capstone/autoware.ai/install/detected_objects_visualizer;/home/capstone/autoware.ai/install/decision_maker_panel;/home/capstone/autoware.ai/install/data_preprocessor;/home/capstone/autoware.ai/install/custom_msgs;/home/capstone/autoware.ai/install/carla_autoware_bridge;/home/capstone/autoware.ai/install/calibration_publisher;/home/capstone/autoware.ai/install/autoware_system_msgs;/home/capstone/autoware.ai/install/autoware_rviz_plugins;/home/capstone/autoware.ai/install/autoware_quickstart_examples;/home/capstone/autoware.ai/install/autoware_pointgrey_drivers;/home/capstone/autoware.ai/install/autoware_driveworks_interface;/home/capstone/autoware.ai/install/autoware_connector;/home/capstone/autoware.ai/install/autoware_camera_lidar_calibrator;/home/capstone/autoware.ai/install/astar_search;/home/capstone/autoware.ai/install/amathutils_lib;/home/capstone/autoware.ai/install/autoware_map_msgs;/home/capstone/autoware.ai/install/autoware_launcher_rviz;/home/capstone/autoware.ai/install/autoware_launcher;/home/capstone/autoware.ai/install/autoware_lanelet2_msgs;/home/capstone/autoware.ai/install/autoware_external_msgs;/home/capstone/autoware.ai/install/autoware_driveworks_gmsl_interface;/home/capstone/autoware.ai/install/autoware_can_msgs;/home/capstone/autoware.ai/install/autoware_bag_tools;/home/capstone/autoware.ai/install/adi_driver;/opt/carla-ros-bridge/melodic;/opt/ros/melodic
[0.500s] -- This workspace overlays: /home/capstone/autoware.ai/install/autoware_msgs;/home/capstone/autoware.ai/install/autoware_config_msgs;/home/capstone/autoware.ai/install/autoware_build_flags;/home/capstone/autoware.ai/install/ymc;/home/capstone/autoware.ai/install/xsens_driver;/home/capstone/autoware.ai/install/wf_simulator;/home/capstone/autoware.ai/install/lattice_planner;/home/capstone/autoware.ai/install/waypoint_planner;/home/capstone/autoware.ai/install/waypoint_maker;/home/capstone/autoware.ai/install/way_planner;/home/capstone/autoware.ai/install/vlg22c_cam;/home/capstone/autoware.ai/install/vision_ssd_detect;/home/capstone/autoware.ai/install/vision_segment_enet_detect;/home/capstone/autoware.ai/install/vision_lane_detect;/home/capstone/autoware.ai/install/vision_darknet_detect;/home/capstone/autoware.ai/install/vision_beyond_track;/home/capstone/autoware.ai/install/vel_pose_diff_checker;/home/capstone/autoware.ai/install/vehicle_socket;/home/capstone/autoware.ai/install/vehicle_sim_model;/home/capstone/autoware.ai/install/vehicle_model;/home/capstone/autoware.ai/install/vehicle_gazebo_simulation_launcher;/home/capstone/autoware.ai/install/vehicle_gazebo_simulation_interface;/home/capstone/autoware.ai/install/vehicle_engage_panel;/home/capstone/autoware.ai/install/vehicle_description;/home/capstone/autoware.ai/install/trafficlight_recognizer;/home/capstone/autoware.ai/install/op_utilities;/home/capstone/autoware.ai/install/op_simulation_package;/home/capstone/autoware.ai/install/op_local_planner;/home/capstone/autoware.ai/install/op_global_planner;/home/capstone/autoware.ai/install/lidar_kf_contour_track;/home/capstone/autoware.ai/install/op_ros_helpers;/home/capstone/autoware.ai/install/ff_waypoint_follower;/home/capstone/autoware.ai/install/dp_planner;/home/capstone/autoware.ai/install/op_simu;/home/capstone/autoware.ai/install/op_planner;/home/capstone/autoware.ai/install/op_utility;/home/capstone/autoware.ai/install/lidar_euclidean_cluster_detect;/home/capstone/autoware.ai/install/vector_map_server;/home/capstone/autoware.ai/install/road_occupancy_processor;/home/capstone/autoware.ai/install/costmap_generator;/home/capstone/autoware.ai/install/object_map;/home/capstone/autoware.ai/install/naive_motion_predict;/home/capstone/autoware.ai/install/lanelet_aisan_converter;/home/capstone/autoware.ai/install/map_file;/home/capstone/autoware.ai/install/libvectormap;/home/capstone/autoware.ai/install/lane_planner;/home/capstone/autoware.ai/install/imm_ukf_pda_track;/home/capstone/autoware.ai/install/decision_maker;/home/capstone/autoware.ai/install/vector_map;/home/capstone/autoware.ai/install/vector_map_msgs;/home/capstone/autoware.ai/install/vectacam;/home/capstone/autoware.ai/install/udon_socket;/home/capstone/autoware.ai/install/twist_generator;/home/capstone/autoware.ai/install/twist_gate;/home/capstone/autoware.ai/install/twist_filter;/home/capstone/autoware.ai/install/twist2odom;/home/capstone/autoware.ai/install/tablet_socket;/home/capstone/autoware.ai/install/runtime_manager;/home/capstone/autoware.ai/install/mqtt_socket;/home/capstone/autoware.ai/install/tablet_socket_msgs;/home/capstone/autoware.ai/install/state_machine_lib;/home/capstone/autoware.ai/install/sound_player;/home/capstone/autoware.ai/install/sick_lms5xx;/home/capstone/autoware.ai/install/sick_ldmrs_tools;/home/capstone/autoware.ai/install/sick_ldmrs_driver;/home/capstone/autoware.ai/install/sick_ldmrs_msgs;/home/capstone/autoware.ai/install/sick_ldmrs_description;/home/capstone/autoware.ai/install/points2image;/home/capstone/autoware.ai/install/rosinterface;/home/capstone/autoware.ai/install/rosbag_controller;/home/capstone/autoware.ai/install/pure_pursuit;/home/capstone/autoware.ai/install/points_preprocessor;/home/capstone/autoware.ai/install/mpc_follower;/home/capstone/autoware.ai/install/lidar_localizer;/home/capstone/autoware.ai/install/emergency_handler;/home/capstone/autoware.ai/install/autoware_health_checker;/home/capstone/autoware.ai/install/as;/home/capstone/autoware.ai/install/ros_observer;/home/capstone/autoware.ai/install/roi_object_filter;/home/capstone/autoware.ai/install/range_vision_fusion;/home/capstone/autoware.ai/install/pos_db;/home/capstone/autoware.ai/install/points_downsampler;/home/capstone/autoware.ai/install/pixel_cloud_fusion;/home/capstone/autoware.ai/install/pcl_omp_registration;/home/capstone/autoware.ai/install/pc2_downsampler;/home/capstone/autoware.ai/install/oculus_socket;/home/capstone/autoware.ai/install/obj_db;/home/capstone/autoware.ai/install/nmea_navsat;/home/capstone/autoware.ai/install/ndt_tku;/home/capstone/autoware.ai/install/ndt_gpu;/home/capstone/autoware.ai/install/ndt_cpu;/home/capstone/autoware.ai/install/multi_lidar_calibrator;/home/capstone/autoware.ai/install/mrt_cmake_modules;/home/capstone/autoware.ai/install/microstrain_driver;/home/capstone/autoware.ai/install/memsic_imu;/home/capstone/autoware.ai/install/marker_downsampler;/home/capstone/autoware.ai/install/map_tools;/home/capstone/autoware.ai/install/map_tf_generator;/home/capstone/autoware.ai/install/log_tools;/home/capstone/autoware.ai/install/lidar_shape_estimation;/home/capstone/autoware.ai/install/lidar_point_pillars;/home/capstone/autoware.ai/install/lidar_naive_l_shape_detect;/home/capstone/autoware.ai/install/lidar_fake_perception;/home/capstone/autoware.ai/install/lidar_apollo_cnn_seg_detect;/home/capstone/autoware.ai/install/libwaypoint_follower;/home/capstone/autoware.ai/install/lgsvl_simulator_bridge;/home/capstone/autoware.ai/install/lanelet2_extension;/home/capstone/autoware.ai/install/lanelet2_validation;/home/capstone/autoware.ai/install/lanelet2_examples;/home/capstone/autoware.ai/install/lanelet2_python;/home/capstone/autoware.ai/install/lanelet2_routing;/home/capstone/autoware.ai/install/lanelet2_traffic_rules;/home/capstone/autoware.ai/install/lanelet2_projection;/home/capstone/autoware.ai/install/lanelet2_maps;/home/capstone/autoware.ai/install/lanelet2_io;/home/capstone/autoware.ai/install/lanelet2_core;/home/capstone/autoware.ai/install/kvaser;/home/capstone/autoware.ai/install/kitti_launch;/home/capstone/autoware.ai/install/kitti_player;/home/capstone/autoware.ai/install/kitti_box_publisher;/home/capstone/autoware.ai/install/javad_navsat_driver;/home/capstone/autoware.ai/install/integrated_viewer;/home/capstone/autoware.ai/install/image_processor;/home/capstone/autoware.ai/install/hokuyo;/home/capstone/autoware.ai/install/graph_tools;/home/capstone/autoware.ai/install/gnss_localizer;/home/capstone/autoware.ai/install/gnss;/home/capstone/autoware.ai/install/glviewer;/home/capstone/autoware.ai/install/gazebo_world_description;/home/capstone/autoware.ai/install/gazebo_imu_description;/home/capstone/autoware.ai/install/gazebo_camera_description;/home/capstone/autoware.ai/install/garmin;/home/capstone/autoware.ai/install/freespace_planner;/home/capstone/autoware.ai/install/fastvirtualscan;/home/capstone/autoware.ai/install/ekf_localizer;/home/capstone/autoware.ai/install/ds4_msgs;/home/capstone/autoware.ai/install/ds4_driver;/home/capstone/autoware.ai/install/detected_objects_visualizer;/home/capstone/autoware.ai/install/decision_maker_panel;/home/capstone/autoware.ai/install/data_preprocessor;/home/capstone/autoware.ai/install/custom_msgs;/home/capstone/autoware.ai/install/carla_autoware_bridge;/home/capstone/autoware.ai/install/calibration_publisher;/home/capstone/autoware.ai/install/autoware_system_msgs;/home/capstone/autoware.ai/install/autoware_rviz_plugins;/home/capstone/autoware.ai/install/autoware_quickstart_examples;/home/capstone/autoware.ai/install/autoware_pointgrey_drivers;/home/capstone/autoware.ai/install/autoware_driveworks_interface;/home/capstone/autoware.ai/install/autoware_connector;/home/capstone/autoware.ai/install/autoware_camera_lidar_calibrator;/home/capstone/autoware.ai/install/astar_search;/home/capstone/autoware.ai/install/amathutils_lib;/home/capstone/autoware.ai/install/autoware_map_msgs;/home/capstone/autoware.ai/install/autoware_launcher_rviz;/home/capstone/autoware.ai/install/autoware_launcher;/home/capstone/autoware.ai/install/autoware_lanelet2_msgs;/home/capstone/autoware.ai/install/autoware_external_msgs;/home/capstone/autoware.ai/install/autoware_driveworks_gmsl_interface;/home/capstone/autoware.ai/install/autoware_can_msgs;/home/capstone/autoware.ai/install/autoware_bag_tools;/home/capstone/autoware.ai/install/adi_driver;/opt/carla-ros-bridge/melodic;/opt/ros/melodic
[0.586s] -- Found PythonInterp: /usr/bin/python2 (found suitable version "2.7.17", minimum required is "2") 
[0.587s] -- Using PYTHON_EXECUTABLE: /usr/bin/python2
[0.587s] -- Using Debian Python package layout
[0.587s] -- Using empy: /usr/bin/empy
[0.933s] -- Using CATKIN_ENABLE_TESTING: ON
[0.935s] -- Call enable_testing()
[0.936s] -- Using CATKIN_TEST_RESULTS_DIR: /home/capstone/autoware.ai/build/vision_darknet_detect/test_results
[1.072s] -- Found gtest sources under '/usr/src/googletest': gtests will be built
[1.073s] -- Found gmock sources under '/usr/src/googletest': gmock will be built
[1.149s] -- Found PythonInterp: /usr/bin/python2 (found version "2.7.17") 
[1.161s] -- Using Python nosetests: /usr/bin/nosetests-2.7
[1.400s] -- catkin 0.7.23
[1.400s] -- BUILD_SHARED_LIBS is on
[2.279s] -- Using these message generators: gencpp;geneus;genlisp;gennodejs;genpy
[3.756s] -- Configuring done
[4.223s] -- Generating done
[4.275s] -- Build files have been written to: /home/capstone/autoware.ai/build/vision_darknet_detect
[4.538s] [  0%] Built target rosgraph_msgs_generate_messages_eus
[4.686s] [  0%] Built target autoware_config_msgs_generate_messages_lisp
[4.828s] [  0%] Built target geometry_msgs_generate_messages_nodejs
[4.980s] [  0%] Built target geometry_msgs_generate_messages_cpp
[5.122s] [  0%] Built target autoware_config_msgs_generate_messages_cpp
[5.337s] [  0%] Built target jsk_footstep_msgs_generate_messages_eus
[5.495s] [  0%] Built target roscpp_generate_messages_lisp
[5.641s] [  0%] Built target jsk_footstep_msgs_generate_messages_py
[5.786s] [  0%] Built target geometry_msgs_generate_messages_py
[5.928s] [  0%] Built target sensor_msgs_generate_messages_py
[6.073s] [  0%] Built target jsk_footstep_msgs_generate_messages_lisp
[6.222s] [  0%] Built target autoware_msgs_generate_messages_nodejs
[6.412s] [  0%] Built target autoware_config_msgs_generate_messages_eus
[6.553s] [  0%] Built target actionlib_msgs_generate_messages_eus
[6.696s] [  0%] Built target autoware_msgs_generate_messages_py
[6.839s] [  0%] Built target rosgraph_msgs_generate_messages_lisp
[6.993s] [  0%] Built target roscpp_generate_messages_eus
[7.135s] [  0%] Built target std_msgs_generate_messages_cpp
[7.320s] [  0%] Built target autoware_msgs_generate_messages_cpp
[7.480s] [  0%] Built target autoware_config_msgs_generate_messages_nodejs
[7.623s] [  0%] Built target std_msgs_generate_messages_lisp
[7.768s] [  0%] Built target jsk_recognition_msgs_generate_messages_py
[7.910s] [  0%] Built target sensor_msgs_generate_messages_cpp
[8.051s] [  0%] Built target pcl_msgs_generate_messages_cpp
[8.208s] [  0%] Built target roscpp_generate_messages_cpp
[8.426s] [  0%] Built target autoware_config_msgs_generate_messages_py
[8.573s] [  0%] Built target sensor_msgs_generate_messages_eus
[8.716s] [  0%] Built target sensor_msgs_generate_messages_lisp
[8.864s] [  0%] Built target pcl_msgs_generate_messages_eus
[9.008s] [  0%] Built target pcl_msgs_generate_messages_nodejs
[9.162s] [  0%] Built target pcl_msgs_generate_messages_lisp
[9.386s] [  0%] Built target pcl_msgs_generate_messages_py
[9.531s] [  0%] Built target sensor_msgs_generate_messages_nodejs
[9.678s] [  0%] Built target jsk_footstep_msgs_generate_messages_nodejs
[9.826s] [  0%] Built target actionlib_msgs_generate_messages_cpp
[9.970s] [  0%] Built target std_msgs_generate_messages_eus
[10.116s] [  0%] Built target actionlib_msgs_generate_messages_lisp
[10.304s] [  0%] Built target actionlib_msgs_generate_messages_nodejs
[10.492s] [  0%] Built target actionlib_msgs_generate_messages_py
[10.645s] [  0%] Built target rosgraph_msgs_generate_messages_nodejs
[10.791s] [  0%] Built target jsk_footstep_msgs_generate_messages_cpp
[10.952s] [  0%] Built target roscpp_generate_messages_nodejs
[11.103s] [  0%] Built target jsk_recognition_msgs_generate_messages_nodejs
[11.297s] [  0%] Built target roscpp_generate_messages_py
[11.450s] [  0%] Built target rosgraph_msgs_generate_messages_cpp
[11.595s] [  0%] Built target autoware_msgs_generate_messages_lisp
[11.740s] [  0%] Built target std_msgs_generate_messages_nodejs
[11.885s] [  0%] Built target geometry_msgs_generate_messages_eus
[12.051s] [  0%] Built target autoware_msgs_generate_messages_eus
[12.234s] [  0%] Built target geometry_msgs_generate_messages_lisp
[12.422s] [  0%] Built target jsk_recognition_msgs_generate_messages_cpp
[12.574s] [  0%] Built target std_msgs_generate_messages_py
[12.720s] [  0%] Built target jsk_recognition_msgs_generate_messages_eus
[12.872s] [  0%] Built target jsk_recognition_msgs_generate_messages_lisp
[13.016s] [  0%] Built target rosgraph_msgs_generate_messages_py
[13.321s] [ 94%] Built target vision_darknet_detect_lib
[13.512s] [100%] Built target vision_darknet_detect
[15.876s] Built target tests
[18.557s] [  0%] Built target rosgraph_msgs_generate_messages_eus
[18.713s] [  0%] Built target autoware_config_msgs_generate_messages_lisp
[18.858s] [  0%] Built target geometry_msgs_generate_messages_nodejs
[19.005s] [  0%] Built target geometry_msgs_generate_messages_cpp
[19.147s] [  0%] Built target autoware_config_msgs_generate_messages_cpp
[19.353s] [  0%] Built target jsk_footstep_msgs_generate_messages_eus
[19.497s] [  0%] Built target roscpp_generate_messages_lisp
[19.639s] [  0%] Built target jsk_footstep_msgs_generate_messages_py
[19.785s] [  0%] Built target geometry_msgs_generate_messages_py
[19.934s] [  0%] Built target sensor_msgs_generate_messages_py
[20.092s] [  0%] Built target jsk_footstep_msgs_generate_messages_lisp
[20.277s] [  0%] Built target autoware_msgs_generate_messages_nodejs
[20.444s] [  0%] Built target autoware_config_msgs_generate_messages_eus
[20.614s] [  0%] Built target actionlib_msgs_generate_messages_eus
[20.766s] [  0%] Built target autoware_msgs_generate_messages_py
[20.915s] [  0%] Built target rosgraph_msgs_generate_messages_lisp
[21.062s] [  0%] Built target roscpp_generate_messages_eus
[21.229s] [  0%] Built target std_msgs_generate_messages_cpp
[21.478s] [  0%] Built target autoware_msgs_generate_messages_cpp
[21.628s] [  0%] Built target autoware_config_msgs_generate_messages_nodejs
[21.776s] [  0%] Built target std_msgs_generate_messages_lisp
[21.921s] [  0%] Built target jsk_recognition_msgs_generate_messages_py
[22.068s] [  0%] Built target sensor_msgs_generate_messages_cpp
[22.222s] [  0%] Built target pcl_msgs_generate_messages_cpp
[22.404s] [  0%] Built target roscpp_generate_messages_cpp
[22.548s] [  0%] Built target autoware_config_msgs_generate_messages_py
[22.708s] [  0%] Built target sensor_msgs_generate_messages_eus
[22.859s] [  0%] Built target sensor_msgs_generate_messages_lisp
[23.001s] [  0%] Built target pcl_msgs_generate_messages_eus
[23.178s] [  0%] Built target pcl_msgs_generate_messages_nodejs
[23.389s] [  0%] Built target pcl_msgs_generate_messages_lisp
[23.547s] [  0%] Built target pcl_msgs_generate_messages_py
[23.725s] [  0%] Built target sensor_msgs_generate_messages_nodejs
[23.870s] [  0%] Built target jsk_footstep_msgs_generate_messages_nodejs
[24.016s] [  0%] Built target actionlib_msgs_generate_messages_cpp
[24.165s] [  0%] Built target std_msgs_generate_messages_eus
[24.391s] [  0%] Built target actionlib_msgs_generate_messages_lisp
[24.539s] [  0%] Built target actionlib_msgs_generate_messages_nodejs
[24.687s] [  0%] Built target actionlib_msgs_generate_messages_py
[24.833s] [  0%] Built target rosgraph_msgs_generate_messages_nodejs
[25.011s] [  0%] Built target jsk_footstep_msgs_generate_messages_cpp
[25.184s] [  0%] Built target roscpp_generate_messages_nodejs
[25.428s] [  0%] Built target jsk_recognition_msgs_generate_messages_nodejs
[25.576s] [  0%] Built target roscpp_generate_messages_py
[25.730s] [  0%] Built target rosgraph_msgs_generate_messages_cpp
[25.884s] [  0%] Built target autoware_msgs_generate_messages_lisp
[26.038s] [  0%] Built target std_msgs_generate_messages_nodejs
[26.183s] [  0%] Built target geometry_msgs_generate_messages_eus
[26.394s] [  0%] Built target autoware_msgs_generate_messages_eus
[26.549s] [  0%] Built target geometry_msgs_generate_messages_lisp
[26.697s] [  0%] Built target jsk_recognition_msgs_generate_messages_cpp
[26.841s] [  0%] Built target std_msgs_generate_messages_py
[26.984s] [  0%] Built target jsk_recognition_msgs_generate_messages_eus
[27.132s] [  0%] Built target jsk_recognition_msgs_generate_messages_lisp
[27.368s] [  0%] Built target rosgraph_msgs_generate_messages_py
[27.630s] [ 94%] Built target vision_darknet_detect_lib
[27.805s] [100%] Built target vision_darknet_detect
[27.963s] [36mInstall the project...[0m
[28.021s] -- Install configuration: "Release"
[28.021s] -- Installing: /home/capstone/autoware.ai/install/vision_darknet_detect/lib/pkgconfig/vision_darknet_detect.pc
[28.022s] -- Installing: /home/capstone/autoware.ai/install/vision_darknet_detect/share/vision_darknet_detect/cmake/vision_darknet_detectConfig.cmake
[28.023s] -- Up-to-date: /home/capstone/autoware.ai/install/vision_darknet_detect/share/vision_darknet_detect/cmake/vision_darknet_detectConfig-version.cmake
[28.023s] -- Up-to-date: /home/capstone/autoware.ai/install/vision_darknet_detect/share/vision_darknet_detect/package.xml
[28.024s] -- Up-to-date: /home/capstone/autoware.ai/install/vision_darknet_detect/lib/libvision_darknet_detect_lib.so
[28.026s] -- Up-to-date: /home/capstone/autoware.ai/install/vision_darknet_detect/lib/vision_darknet_detect/vision_darknet_detect
[28.027s] -- Up-to-date: /home/capstone/autoware.ai/install/vision_darknet_detect/share/vision_darknet_detect/launch
[28.027s] -- Up-to-date: /home/capstone/autoware.ai/install/vision_darknet_detect/share/vision_darknet_detect/launch/vision_yolo2_detect.launch
[28.028s] -- Up-to-date: /home/capstone/autoware.ai/install/vision_darknet_detect/share/vision_darknet_detect/launch/vision_yolo3_detect.launch
[28.028s] -- Up-to-date: /home/capstone/autoware.ai/install/vision_darknet_detect/share/vision_darknet_detect/darknet/cfg/
[28.028s] -- Up-to-date: /home/capstone/autoware.ai/install/vision_darknet_detect/share/vision_darknet_detect/darknet/cfg//yolov2.cfg
[28.028s] -- Up-to-date: /home/capstone/autoware.ai/install/vision_darknet_detect/share/vision_darknet_detect/darknet/cfg//yolov2-tiny.cfg
[28.028s] -- Up-to-date: /home/capstone/autoware.ai/install/vision_darknet_detect/share/vision_darknet_detect/darknet/cfg//coco.names
[28.029s] -- Up-to-date: /home/capstone/autoware.ai/install/vision_darknet_detect/share/vision_darknet_detect/darknet/cfg//yolov3-voc.cfg
[28.029s] -- Up-to-date: /home/capstone/autoware.ai/install/vision_darknet_detect/share/vision_darknet_detect/darknet/cfg//voc.names
[28.029s] -- Up-to-date: /home/capstone/autoware.ai/install/vision_darknet_detect/share/vision_darknet_detect/darknet/cfg//yolov3.cfg
[28.029s] -- Up-to-date: /home/capstone/autoware.ai/install/vision_darknet_detect/share/vision_darknet_detect/darknet/cfg//yolov3-tiny.cfg
