[0.938s] [  0%] Built target _catkin_empty_exported_target
[1.291s] [100%] Built target lanelet2_routing
[4.114s] [  0%] Built target _catkin_empty_exported_target
[4.127s] [  9%] Built target gtest
[4.311s] [ 42%] Built target lanelet2_routing
[4.455s] [ 52%] Built target gtest_main
[4.623s] [ 61%] Built target lanelet2_routing-test_route-test
[4.802s] [ 71%] Built target lanelet2_routing-test_routing_visualization-test
[4.970s] [ 80%] Built target lanelet2_routing-test_routing-test
[5.162s] [ 90%] Built target lanelet2_routing-test_relations-test
[5.330s] [100%] Built target lanelet2_routing-test_routing_graph_container-test
[5.478s] [100%] Built target tests
[6.641s] [  0%] Built target _catkin_empty_exported_target
[6.831s] [100%] Built target lanelet2_routing
[7.013s] [36mInstall the project...[0m
[7.074s] -- Install configuration: "Release"
[7.075s] -- Up-to-date: /home/capstone/autoware.ai/install/lanelet2_routing/lib/pkgconfig/lanelet2_routing.pc
[7.075s] -- Up-to-date: /home/capstone/autoware.ai/install/lanelet2_routing/share/lanelet2_routing/cmake/lanelet2_routingConfig.cmake
[7.076s] -- Up-to-date: /home/capstone/autoware.ai/install/lanelet2_routing/share/lanelet2_routing/cmake/lanelet2_routingConfig-version.cmake
[7.076s] -- Up-to-date: /home/capstone/autoware.ai/install/lanelet2_routing/share/lanelet2_routing/package.xml
[7.077s] -- Up-to-date: /home/capstone/autoware.ai/install/lanelet2_routing/lib/liblanelet2_routing.so
[7.078s] -- Up-to-date: /home/capstone/autoware.ai/install/lanelet2_routing/include/lanelet2_routing
[7.078s] -- Up-to-date: /home/capstone/autoware.ai/install/lanelet2_routing/include/lanelet2_routing/Exceptions.h
[7.079s] -- Up-to-date: /home/capstone/autoware.ai/install/lanelet2_routing/include/lanelet2_routing/RouteElement.h
[7.079s] -- Up-to-date: /home/capstone/autoware.ai/install/lanelet2_routing/include/lanelet2_routing/RoutingGraph.h
[7.079s] -- Up-to-date: /home/capstone/autoware.ai/install/lanelet2_routing/include/lanelet2_routing/RoutingGraphVisualization.h
[7.080s] -- Up-to-date: /home/capstone/autoware.ai/install/lanelet2_routing/include/lanelet2_routing/ShortestPath.h
[7.080s] -- Up-to-date: /home/capstone/autoware.ai/install/lanelet2_routing/include/lanelet2_routing/Graph.h
[7.080s] -- Up-to-date: /home/capstone/autoware.ai/install/lanelet2_routing/include/lanelet2_routing/LaneletPath.h
[7.081s] -- Up-to-date: /home/capstone/autoware.ai/install/lanelet2_routing/include/lanelet2_routing/RoutingCost.h
[7.081s] -- Up-to-date: /home/capstone/autoware.ai/install/lanelet2_routing/include/lanelet2_routing/RoutingGraphContainer.h
[7.082s] -- Up-to-date: /home/capstone/autoware.ai/install/lanelet2_routing/include/lanelet2_routing/Forward.h
[7.082s] -- Up-to-date: /home/capstone/autoware.ai/install/lanelet2_routing/include/lanelet2_routing/Route.h
[7.082s] -- Up-to-date: /home/capstone/autoware.ai/install/lanelet2_routing/include/lanelet2_routing/internal
[7.083s] -- Up-to-date: /home/capstone/autoware.ai/install/lanelet2_routing/include/lanelet2_routing/internal/RouteBuilder.h
[7.083s] -- Up-to-date: /home/capstone/autoware.ai/install/lanelet2_routing/include/lanelet2_routing/internal/RoutingGraphBuilder.h
[7.083s] -- Up-to-date: /home/capstone/autoware.ai/install/lanelet2_routing/share/lanelet2_routing/res
[7.084s] -- Up-to-date: /home/capstone/autoware.ai/install/lanelet2_routing/share/lanelet2_routing/res/routing.mapcss
