[0.432s] Built target vehicle_description_xacro_generated_to_devel_space_
[1.197s] Built target tests
[1.833s] Built target vehicle_description_xacro_generated_to_devel_space_
[1.961s] [36mInstall the project...[0m
[2.034s] -- Install configuration: "Release"
[2.035s] -- Up-to-date: /home/capstone/autoware.ai/install/vehicle_description/lib/pkgconfig/vehicle_description.pc
[2.035s] -- Up-to-date: /home/capstone/autoware.ai/install/vehicle_description/share/vehicle_description/cmake/vehicle_descriptionConfig.cmake
[2.035s] -- Up-to-date: /home/capstone/autoware.ai/install/vehicle_description/share/vehicle_description/cmake/vehicle_descriptionConfig-version.cmake
[2.035s] -- Up-to-date: /home/capstone/autoware.ai/install/vehicle_description/share/vehicle_description/package.xml
[2.036s] -- Up-to-date: /home/capstone/autoware.ai/install/vehicle_description/share/vehicle_description/launch
[2.036s] -- Up-to-date: /home/capstone/autoware.ai/install/vehicle_description/share/vehicle_description/launch/estima_white.launch
[2.037s] -- Up-to-date: /home/capstone/autoware.ai/install/vehicle_description/share/vehicle_description/launch/estima_gray.launch
[2.037s] -- Up-to-date: /home/capstone/autoware.ai/install/vehicle_description/share/vehicle_description/launch/vehicle_model.launch
[2.037s] -- Up-to-date: /home/capstone/autoware.ai/install/vehicle_description/share/vehicle_description/launch/lexus.launch
[2.037s] -- Up-to-date: /home/capstone/autoware.ai/install/vehicle_description/share/vehicle_description/launch/milee.launch
[2.037s] -- Up-to-date: /home/capstone/autoware.ai/install/vehicle_description/share/vehicle_description/launch/estima_black.launch
[2.037s] -- Up-to-date: /home/capstone/autoware.ai/install/vehicle_description/share/vehicle_description/mesh
[2.038s] -- Up-to-date: /home/capstone/autoware.ai/install/vehicle_description/share/vehicle_description/mesh/xe.dae
[2.038s] -- Up-to-date: /home/capstone/autoware.ai/install/vehicle_description/share/vehicle_description/mesh/estima_left_gray.jpg
[2.038s] -- Up-to-date: /home/capstone/autoware.ai/install/vehicle_description/share/vehicle_description/mesh/CAR_original.stl
[2.038s] -- Up-to-date: /home/capstone/autoware.ai/install/vehicle_description/share/vehicle_description/mesh/estima_gray.dae
[2.038s] -- Up-to-date: /home/capstone/autoware.ai/install/vehicle_description/share/vehicle_description/mesh/estima_bg_gray.jpg
[2.038s] -- Up-to-date: /home/capstone/autoware.ai/install/vehicle_description/share/vehicle_description/mesh/estima_white.dae
[2.038s] -- Up-to-date: /home/capstone/autoware.ai/install/vehicle_description/share/vehicle_description/mesh/estima_right_white.jpg
[2.039s] -- Up-to-date: /home/capstone/autoware.ai/install/vehicle_description/share/vehicle_description/mesh/prius.dae
[2.039s] -- Up-to-date: /home/capstone/autoware.ai/install/vehicle_description/share/vehicle_description/mesh/lexus.dae
[2.039s] -- Up-to-date: /home/capstone/autoware.ai/install/vehicle_description/share/vehicle_description/mesh/CAR_original.dae
[2.039s] -- Up-to-date: /home/capstone/autoware.ai/install/vehicle_description/share/vehicle_description/mesh/default.dae
[2.041s] -- Up-to-date: /home/capstone/autoware.ai/install/vehicle_description/share/vehicle_description/mesh/estima_right_gray.jpg
[2.048s] -- Up-to-date: /home/capstone/autoware.ai/install/vehicle_description/share/vehicle_description/mesh/lexus.jpg
[2.048s] -- Up-to-date: /home/capstone/autoware.ai/install/vehicle_description/share/vehicle_description/mesh/milee.dae
[2.049s] -- Up-to-date: /home/capstone/autoware.ai/install/vehicle_description/share/vehicle_description/mesh/estima_bg_black.jpg
[2.049s] -- Up-to-date: /home/capstone/autoware.ai/install/vehicle_description/share/vehicle_description/mesh/estima_left_white.jpg
[2.049s] -- Up-to-date: /home/capstone/autoware.ai/install/vehicle_description/share/vehicle_description/mesh/estima_right_black.jpg
[2.049s] -- Up-to-date: /home/capstone/autoware.ai/install/vehicle_description/share/vehicle_description/mesh/_51225ex2diffuse.jpeg
[2.049s] -- Up-to-date: /home/capstone/autoware.ai/install/vehicle_description/share/vehicle_description/mesh/estima_left_black.jpg
[2.049s] -- Up-to-date: /home/capstone/autoware.ai/install/vehicle_description/share/vehicle_description/mesh/_51225ex1diffuse.jpeg
[2.050s] -- Up-to-date: /home/capstone/autoware.ai/install/vehicle_description/share/vehicle_description/mesh/estima_black.dae
[2.050s] -- Up-to-date: /home/capstone/autoware.ai/install/vehicle_description/share/vehicle_description/mesh/estima_bg_white.jpg
[2.050s] -- Up-to-date: /home/capstone/autoware.ai/install/vehicle_description/share/vehicle_description/urdf
[2.050s] -- Up-to-date: /home/capstone/autoware.ai/install/vehicle_description/share/vehicle_description/urdf/prius.urdf
[2.050s] -- Up-to-date: /home/capstone/autoware.ai/install/vehicle_description/share/vehicle_description/urdf/estima_gray.urdf
[2.050s] -- Up-to-date: /home/capstone/autoware.ai/install/vehicle_description/share/vehicle_description/urdf/default.urdf
[2.050s] -- Up-to-date: /home/capstone/autoware.ai/install/vehicle_description/share/vehicle_description/urdf/lexus.urdf
[2.051s] -- Up-to-date: /home/capstone/autoware.ai/install/vehicle_description/share/vehicle_description/urdf/estima_black.urdf
[2.051s] -- Up-to-date: /home/capstone/autoware.ai/install/vehicle_description/share/vehicle_description/urdf/milee.urdf
[2.051s] -- Up-to-date: /home/capstone/autoware.ai/install/vehicle_description/share/vehicle_description/urdf/estima_white.urdf
[2.051s] -- Up-to-date: /home/capstone/autoware.ai/install/vehicle_description/share/vehicle_description/urdf/sim_default.urdf
[2.051s] -- Up-to-date: /home/capstone/autoware.ai/install/vehicle_description/share/vehicle_description/urdf/xe.urdf
