[1.319s] -- CUDA compilation status: 1.
[1.320s] -- Using CATKIN_DEVEL_PREFIX: /home/capstone/autoware.ai/build/imm_ukf_pda_track/devel
[1.321s] -- Using CMAKE_PREFIX_PATH: /home/capstone/autoware.ai/install/lanelet2_extension;/home/capstone/autoware.ai/install/lanelet2_validation;/home/capstone/autoware.ai/install/lanelet2_routing;/home/capstone/autoware.ai/install/lanelet2_projection;/home/capstone/autoware.ai/install/lanelet2_traffic_rules;/home/capstone/autoware.ai/install/lanelet2_maps;/home/capstone/autoware.ai/install/lanelet2_io;/home/capstone/autoware.ai/install/vector_map;/home/capstone/autoware.ai/install/lanelet2_core;/home/capstone/autoware.ai/install/amathutils_lib;/home/capstone/autoware.ai/install/vector_map_msgs;/home/capstone/autoware.ai/install/autoware_msgs;/home/capstone/autoware.ai/install/autoware_lanelet2_msgs;/home/capstone/autoware.ai/install/autoware_build_flags;/home/capstone/autoware.ai/install/ymc;/home/capstone/autoware.ai/install/xsens_driver;/home/capstone/autoware.ai/install/wf_simulator;/home/capstone/autoware.ai/install/lattice_planner;/home/capstone/autoware.ai/install/waypoint_planner;/home/capstone/autoware.ai/install/waypoint_maker;/home/capstone/autoware.ai/install/way_planner;/home/capstone/autoware.ai/install/vlg22c_cam;/home/capstone/autoware.ai/install/vision_ssd_detect;/home/capstone/autoware.ai/install/vision_segment_enet_detect;/home/capstone/autoware.ai/install/vision_lane_detect;/home/capstone/autoware.ai/install/vision_darknet_detect;/home/capstone/autoware.ai/install/vision_beyond_track;/home/capstone/autoware.ai/install/vel_pose_diff_checker;/home/capstone/autoware.ai/install/vehicle_socket;/home/capstone/autoware.ai/install/vehicle_sim_model;/home/capstone/autoware.ai/install/vehicle_model;/home/capstone/autoware.ai/install/vehicle_gazebo_simulation_launcher;/home/capstone/autoware.ai/install/vehicle_gazebo_simulation_interface;/home/capstone/autoware.ai/install/vehicle_engage_panel;/home/capstone/autoware.ai/install/vehicle_description;/home/capstone/autoware.ai/install/trafficlight_recognizer;/home/capstone/autoware.ai/install/op_utilities;/home/capstone/autoware.ai/install/op_simulation_package;/home/capstone/autoware.ai/install/op_local_planner;/home/capstone/autoware.ai/install/op_global_planner;/home/capstone/autoware.ai/install/lidar_kf_contour_track;/home/capstone/autoware.ai/install/op_ros_helpers;/home/capstone/autoware.ai/install/ff_waypoint_follower;/home/capstone/autoware.ai/install/dp_planner;/home/capstone/autoware.ai/install/op_simu;/home/capstone/autoware.ai/install/op_planner;/home/capstone/autoware.ai/install/op_utility;/home/capstone/autoware.ai/install/lidar_euclidean_cluster_detect;/home/capstone/autoware.ai/install/vector_map_server;/home/capstone/autoware.ai/install/road_occupancy_processor;/home/capstone/autoware.ai/install/costmap_generator;/home/capstone/autoware.ai/install/object_map;/home/capstone/autoware.ai/install/naive_motion_predict;/home/capstone/autoware.ai/install/lanelet_aisan_converter;/home/capstone/autoware.ai/install/map_file;/home/capstone/autoware.ai/install/libvectormap;/home/capstone/autoware.ai/install/lane_planner;/home/capstone/autoware.ai/install/imm_ukf_pda_track;/home/capstone/autoware.ai/install/decision_maker;/home/capstone/autoware.ai/install/vectacam;/home/capstone/autoware.ai/install/udon_socket;/home/capstone/autoware.ai/install/twist_generator;/home/capstone/autoware.ai/install/twist_gate;/home/capstone/autoware.ai/install/twist_filter;/home/capstone/autoware.ai/install/twist2odom;/home/capstone/autoware.ai/install/tablet_socket;/home/capstone/autoware.ai/install/runtime_manager;/home/capstone/autoware.ai/install/mqtt_socket;/home/capstone/autoware.ai/install/tablet_socket_msgs;/home/capstone/autoware.ai/install/state_machine_lib;/home/capstone/autoware.ai/install/sound_player;/home/capstone/autoware.ai/install/sick_lms5xx;/home/capstone/autoware.ai/install/sick_ldmrs_tools;/home/capstone/autoware.ai/install/sick_ldmrs_driver;/home/capstone/autoware.ai/install/sick_ldmrs_msgs;/home/capstone/autoware.ai/install/sick_ldmrs_description;/home/capstone/autoware.ai/install/points2image;/home/capstone/autoware.ai/install/rosinterface;/home/capstone/autoware.ai/install/rosbag_controller;/home/capstone/autoware.ai/install/pure_pursuit;/home/capstone/autoware.ai/install/points_preprocessor;/home/capstone/autoware.ai/install/mpc_follower;/home/capstone/autoware.ai/install/lidar_localizer;/home/capstone/autoware.ai/install/emergency_handler;/home/capstone/autoware.ai/install/autoware_health_checker;/home/capstone/autoware.ai/install/as;/home/capstone/autoware.ai/install/ros_observer;/home/capstone/autoware.ai/install/roi_object_filter;/home/capstone/autoware.ai/install/range_vision_fusion;/home/capstone/autoware.ai/install/pos_db;/home/capstone/autoware.ai/install/points_downsampler;/home/capstone/autoware.ai/install/pixel_cloud_fusion;/home/capstone/autoware.ai/install/pcl_omp_registration;/home/capstone/autoware.ai/install/pc2_downsampler;/home/capstone/autoware.ai/install/oculus_socket;/home/capstone/autoware.ai/install/obj_db;/home/capstone/autoware.ai/install/nmea_navsat;/home/capstone/autoware.ai/install/ndt_tku;/home/capstone/autoware.ai/install/ndt_gpu;/home/capstone/autoware.ai/install/ndt_cpu;/home/capstone/autoware.ai/install/multi_lidar_calibrator;/home/capstone/autoware.ai/install/mrt_cmake_modules;/home/capstone/autoware.ai/install/microstrain_driver;/home/capstone/autoware.ai/install/memsic_imu;/home/capstone/autoware.ai/install/marker_downsampler;/home/capstone/autoware.ai/install/map_tools;/home/capstone/autoware.ai/install/map_tf_generator;/home/capstone/autoware.ai/install/log_tools;/home/capstone/autoware.ai/install/lidar_shape_estimation;/home/capstone/autoware.ai/install/lidar_point_pillars;/home/capstone/autoware.ai/install/lidar_naive_l_shape_detect;/home/capstone/autoware.ai/install/lidar_fake_perception;/home/capstone/autoware.ai/install/lidar_apollo_cnn_seg_detect;/home/capstone/autoware.ai/install/libwaypoint_follower;/home/capstone/autoware.ai/install/lgsvl_simulator_bridge;/home/capstone/autoware.ai/install/lanelet2_examples;/home/capstone/autoware.ai/install/lanelet2_python;/home/capstone/autoware.ai/install/kvaser;/home/capstone/autoware.ai/install/kitti_launch;/home/capstone/autoware.ai/install/kitti_player;/home/capstone/autoware.ai/install/kitti_box_publisher;/home/capstone/autoware.ai/install/javad_navsat_driver;/home/capstone/autoware.ai/install/integrated_viewer;/home/capstone/autoware.ai/install/image_processor;/home/capstone/autoware.ai/install/hokuyo;/home/capstone/autoware.ai/install/graph_tools;/home/capstone/autoware.ai/install/gnss_localizer;/home/capstone/autoware.ai/install/gnss;/home/capstone/autoware.ai/install/glviewer;/home/capstone/autoware.ai/install/gazebo_world_description;/home/capstone/autoware.ai/install/gazebo_imu_description;/home/capstone/autoware.ai/install/gazebo_camera_description;/home/capstone/autoware.ai/install/garmin;/home/capstone/autoware.ai/install/freespace_planner;/home/capstone/autoware.ai/install/fastvirtualscan;/home/capstone/autoware.ai/install/ekf_localizer;/home/capstone/autoware.ai/install/ds4_msgs;/home/capstone/autoware.ai/install/ds4_driver;/home/capstone/autoware.ai/install/detected_objects_visualizer;/home/capstone/autoware.ai/install/decision_maker_panel;/home/capstone/autoware.ai/install/data_preprocessor;/home/capstone/autoware.ai/install/custom_msgs;/home/capstone/autoware.ai/install/carla_autoware_bridge;/home/capstone/autoware.ai/install/calibration_publisher;/home/capstone/autoware.ai/install/autoware_system_msgs;/home/capstone/autoware.ai/install/autoware_rviz_plugins;/home/capstone/autoware.ai/install/autoware_quickstart_examples;/home/capstone/autoware.ai/install/autoware_pointgrey_drivers;/home/capstone/autoware.ai/install/autoware_driveworks_interface;/home/capstone/autoware.ai/install/autoware_connector;/home/capstone/autoware.ai/install/autoware_camera_lidar_calibrator;/home/capstone/autoware.ai/install/astar_search;/home/capstone/autoware.ai/install/autoware_map_msgs;/home/capstone/autoware.ai/install/autoware_launcher_rviz;/home/capstone/autoware.ai/install/autoware_launcher;/home/capstone/autoware.ai/install/autoware_external_msgs;/home/capstone/autoware.ai/install/autoware_driveworks_gmsl_interface;/home/capstone/autoware.ai/install/autoware_config_msgs;/home/capstone/autoware.ai/install/autoware_can_msgs;/home/capstone/autoware.ai/install/autoware_bag_tools;/home/capstone/autoware.ai/install/adi_driver;/opt/carla-ros-bridge/melodic;/opt/ros/melodic
[1.340s] -- This workspace overlays: /home/capstone/autoware.ai/install/lanelet2_extension;/home/capstone/autoware.ai/install/lanelet2_validation;/home/capstone/autoware.ai/install/lanelet2_routing;/home/capstone/autoware.ai/install/lanelet2_projection;/home/capstone/autoware.ai/install/lanelet2_traffic_rules;/home/capstone/autoware.ai/install/lanelet2_maps;/home/capstone/autoware.ai/install/lanelet2_io;/home/capstone/autoware.ai/install/vector_map;/home/capstone/autoware.ai/install/lanelet2_core;/home/capstone/autoware.ai/install/amathutils_lib;/home/capstone/autoware.ai/install/vector_map_msgs;/home/capstone/autoware.ai/install/autoware_msgs;/home/capstone/autoware.ai/install/autoware_lanelet2_msgs;/home/capstone/autoware.ai/install/autoware_build_flags;/home/capstone/autoware.ai/install/ymc;/home/capstone/autoware.ai/install/xsens_driver;/home/capstone/autoware.ai/install/wf_simulator;/home/capstone/autoware.ai/install/lattice_planner;/home/capstone/autoware.ai/install/waypoint_planner;/home/capstone/autoware.ai/install/waypoint_maker;/home/capstone/autoware.ai/install/way_planner;/home/capstone/autoware.ai/install/vlg22c_cam;/home/capstone/autoware.ai/install/vision_ssd_detect;/home/capstone/autoware.ai/install/vision_segment_enet_detect;/home/capstone/autoware.ai/install/vision_lane_detect;/home/capstone/autoware.ai/install/vision_darknet_detect;/home/capstone/autoware.ai/install/vision_beyond_track;/home/capstone/autoware.ai/install/vel_pose_diff_checker;/home/capstone/autoware.ai/install/vehicle_socket;/home/capstone/autoware.ai/install/vehicle_sim_model;/home/capstone/autoware.ai/install/vehicle_model;/home/capstone/autoware.ai/install/vehicle_gazebo_simulation_launcher;/home/capstone/autoware.ai/install/vehicle_gazebo_simulation_interface;/home/capstone/autoware.ai/install/vehicle_engage_panel;/home/capstone/autoware.ai/install/vehicle_description;/home/capstone/autoware.ai/install/trafficlight_recognizer;/home/capstone/autoware.ai/install/op_utilities;/home/capstone/autoware.ai/install/op_simulation_package;/home/capstone/autoware.ai/install/op_local_planner;/home/capstone/autoware.ai/install/op_global_planner;/home/capstone/autoware.ai/install/lidar_kf_contour_track;/home/capstone/autoware.ai/install/op_ros_helpers;/home/capstone/autoware.ai/install/ff_waypoint_follower;/home/capstone/autoware.ai/install/dp_planner;/home/capstone/autoware.ai/install/op_simu;/home/capstone/autoware.ai/install/op_planner;/home/capstone/autoware.ai/install/op_utility;/home/capstone/autoware.ai/install/lidar_euclidean_cluster_detect;/home/capstone/autoware.ai/install/vector_map_server;/home/capstone/autoware.ai/install/road_occupancy_processor;/home/capstone/autoware.ai/install/costmap_generator;/home/capstone/autoware.ai/install/object_map;/home/capstone/autoware.ai/install/naive_motion_predict;/home/capstone/autoware.ai/install/lanelet_aisan_converter;/home/capstone/autoware.ai/install/map_file;/home/capstone/autoware.ai/install/libvectormap;/home/capstone/autoware.ai/install/lane_planner;/home/capstone/autoware.ai/install/imm_ukf_pda_track;/home/capstone/autoware.ai/install/decision_maker;/home/capstone/autoware.ai/install/vectacam;/home/capstone/autoware.ai/install/udon_socket;/home/capstone/autoware.ai/install/twist_generator;/home/capstone/autoware.ai/install/twist_gate;/home/capstone/autoware.ai/install/twist_filter;/home/capstone/autoware.ai/install/twist2odom;/home/capstone/autoware.ai/install/tablet_socket;/home/capstone/autoware.ai/install/runtime_manager;/home/capstone/autoware.ai/install/mqtt_socket;/home/capstone/autoware.ai/install/tablet_socket_msgs;/home/capstone/autoware.ai/install/state_machine_lib;/home/capstone/autoware.ai/install/sound_player;/home/capstone/autoware.ai/install/sick_lms5xx;/home/capstone/autoware.ai/install/sick_ldmrs_tools;/home/capstone/autoware.ai/install/sick_ldmrs_driver;/home/capstone/autoware.ai/install/sick_ldmrs_msgs;/home/capstone/autoware.ai/install/sick_ldmrs_description;/home/capstone/autoware.ai/install/points2image;/home/capstone/autoware.ai/install/rosinterface;/home/capstone/autoware.ai/install/rosbag_controller;/home/capstone/autoware.ai/install/pure_pursuit;/home/capstone/autoware.ai/install/points_preprocessor;/home/capstone/autoware.ai/install/mpc_follower;/home/capstone/autoware.ai/install/lidar_localizer;/home/capstone/autoware.ai/install/emergency_handler;/home/capstone/autoware.ai/install/autoware_health_checker;/home/capstone/autoware.ai/install/as;/home/capstone/autoware.ai/install/ros_observer;/home/capstone/autoware.ai/install/roi_object_filter;/home/capstone/autoware.ai/install/range_vision_fusion;/home/capstone/autoware.ai/install/pos_db;/home/capstone/autoware.ai/install/points_downsampler;/home/capstone/autoware.ai/install/pixel_cloud_fusion;/home/capstone/autoware.ai/install/pcl_omp_registration;/home/capstone/autoware.ai/install/pc2_downsampler;/home/capstone/autoware.ai/install/oculus_socket;/home/capstone/autoware.ai/install/obj_db;/home/capstone/autoware.ai/install/nmea_navsat;/home/capstone/autoware.ai/install/ndt_tku;/home/capstone/autoware.ai/install/ndt_gpu;/home/capstone/autoware.ai/install/ndt_cpu;/home/capstone/autoware.ai/install/multi_lidar_calibrator;/home/capstone/autoware.ai/install/mrt_cmake_modules;/home/capstone/autoware.ai/install/microstrain_driver;/home/capstone/autoware.ai/install/memsic_imu;/home/capstone/autoware.ai/install/marker_downsampler;/home/capstone/autoware.ai/install/map_tools;/home/capstone/autoware.ai/install/map_tf_generator;/home/capstone/autoware.ai/install/log_tools;/home/capstone/autoware.ai/install/lidar_shape_estimation;/home/capstone/autoware.ai/install/lidar_point_pillars;/home/capstone/autoware.ai/install/lidar_naive_l_shape_detect;/home/capstone/autoware.ai/install/lidar_fake_perception;/home/capstone/autoware.ai/install/lidar_apollo_cnn_seg_detect;/home/capstone/autoware.ai/install/libwaypoint_follower;/home/capstone/autoware.ai/install/lgsvl_simulator_bridge;/home/capstone/autoware.ai/install/lanelet2_examples;/home/capstone/autoware.ai/install/lanelet2_python;/home/capstone/autoware.ai/install/kvaser;/home/capstone/autoware.ai/install/kitti_launch;/home/capstone/autoware.ai/install/kitti_player;/home/capstone/autoware.ai/install/kitti_box_publisher;/home/capstone/autoware.ai/install/javad_navsat_driver;/home/capstone/autoware.ai/install/integrated_viewer;/home/capstone/autoware.ai/install/image_processor;/home/capstone/autoware.ai/install/hokuyo;/home/capstone/autoware.ai/install/graph_tools;/home/capstone/autoware.ai/install/gnss_localizer;/home/capstone/autoware.ai/install/gnss;/home/capstone/autoware.ai/install/glviewer;/home/capstone/autoware.ai/install/gazebo_world_description;/home/capstone/autoware.ai/install/gazebo_imu_description;/home/capstone/autoware.ai/install/gazebo_camera_description;/home/capstone/autoware.ai/install/garmin;/home/capstone/autoware.ai/install/freespace_planner;/home/capstone/autoware.ai/install/fastvirtualscan;/home/capstone/autoware.ai/install/ekf_localizer;/home/capstone/autoware.ai/install/ds4_msgs;/home/capstone/autoware.ai/install/ds4_driver;/home/capstone/autoware.ai/install/detected_objects_visualizer;/home/capstone/autoware.ai/install/decision_maker_panel;/home/capstone/autoware.ai/install/data_preprocessor;/home/capstone/autoware.ai/install/custom_msgs;/home/capstone/autoware.ai/install/carla_autoware_bridge;/home/capstone/autoware.ai/install/calibration_publisher;/home/capstone/autoware.ai/install/autoware_system_msgs;/home/capstone/autoware.ai/install/autoware_rviz_plugins;/home/capstone/autoware.ai/install/autoware_quickstart_examples;/home/capstone/autoware.ai/install/autoware_pointgrey_drivers;/home/capstone/autoware.ai/install/autoware_driveworks_interface;/home/capstone/autoware.ai/install/autoware_connector;/home/capstone/autoware.ai/install/autoware_camera_lidar_calibrator;/home/capstone/autoware.ai/install/astar_search;/home/capstone/autoware.ai/install/autoware_map_msgs;/home/capstone/autoware.ai/install/autoware_launcher_rviz;/home/capstone/autoware.ai/install/autoware_launcher;/home/capstone/autoware.ai/install/autoware_external_msgs;/home/capstone/autoware.ai/install/autoware_driveworks_gmsl_interface;/home/capstone/autoware.ai/install/autoware_config_msgs;/home/capstone/autoware.ai/install/autoware_can_msgs;/home/capstone/autoware.ai/install/autoware_bag_tools;/home/capstone/autoware.ai/install/adi_driver;/opt/carla-ros-bridge/melodic;/opt/ros/melodic
[1.420s] -- Found PythonInterp: /usr/bin/python2 (found suitable version "2.7.17", minimum required is "2") 
[1.421s] -- Using PYTHON_EXECUTABLE: /usr/bin/python2
[1.421s] -- Using Debian Python package layout
[1.422s] -- Using empy: /usr/bin/empy
[1.778s] -- Using CATKIN_ENABLE_TESTING: ON
[1.779s] -- Call enable_testing()
[1.781s] -- Using CATKIN_TEST_RESULTS_DIR: /home/capstone/autoware.ai/build/imm_ukf_pda_track/test_results
[1.936s] -- Found gtest sources under '/usr/src/googletest': gtests will be built
[1.936s] -- Found gmock sources under '/usr/src/googletest': gmock will be built
[2.014s] -- Found PythonInterp: /usr/bin/python2 (found version "2.7.17") 
[2.026s] -- Using Python nosetests: /usr/bin/nosetests-2.7
[2.198s] -- catkin 0.7.23
[2.198s] -- BUILD_SHARED_LIBS is on
[3.141s] -- Using these message generators: gencpp;geneus;genlisp;gennodejs;genpy
[6.600s] -- Configuring done
[7.206s] -- Generating done
[7.295s] -- Build files have been written to: /home/capstone/autoware.ai/build/imm_ukf_pda_track
[7.561s] [  0%] Built target autoware_msgs_generate_messages_nodejs
[7.726s] [  0%] Built target pcl_msgs_generate_messages_py
[7.937s] [  0%] Built target pcl_msgs_generate_messages_lisp
[8.115s] [  0%] Built target pcl_msgs_generate_messages_nodejs
[8.257s] [  0%] Built target vector_map_msgs_generate_messages_lisp
[8.403s] [  0%] Built target pcl_msgs_generate_messages_eus
[8.549s] [  0%] Built target geometry_msgs_generate_messages_cpp
[8.718s] [  0%] Built target dynamic_reconfigure_generate_messages_eus
[8.953s] [  0%] Built target _catkin_empty_exported_target
[9.110s] [  0%] Built target actionlib_generate_messages_lisp
[9.257s] [  0%] Built target jsk_footstep_msgs_generate_messages_eus
[9.398s] [  0%] Built target autoware_msgs_generate_messages_cpp
[9.542s] [  0%] Built target jsk_recognition_msgs_generate_messages_nodejs
[9.696s] [  0%] Built target std_msgs_generate_messages_lisp
[9.877s] [  0%] Built target sensor_msgs_generate_messages_cpp
[10.024s] [  0%] Built target autoware_msgs_generate_messages_lisp
[10.168s] [  0%] Built target visualization_msgs_generate_messages_py
[10.314s] [  0%] Built target roscpp_generate_messages_cpp
[10.464s] [  0%] Built target tf_generate_messages_nodejs
[10.608s] [  0%] Built target topic_tools_generate_messages_py
[10.806s] [  0%] Built target sensor_msgs_generate_messages_eus
[11.050s] [  0%] Built target nodelet_topic_tools_gencfg
[11.212s] [  0%] Built target autoware_lanelet2_msgs_generate_messages_nodejs
[11.360s] [  0%] Built target rosgraph_msgs_generate_messages_lisp
[11.504s] [  0%] Built target autoware_msgs_generate_messages_py
[11.647s] [  0%] Built target visualization_msgs_generate_messages_cpp
[11.849s] [  0%] Built target tf_generate_messages_eus
[12.005s] [  0%] Built target actionlib_msgs_generate_messages_eus
[12.152s] [  0%] Built target dynamic_reconfigure_generate_messages_py
[12.300s] [  0%] Built target std_srvs_generate_messages_cpp
[12.446s] [  0%] Built target jsk_footstep_msgs_generate_messages_lisp
[12.593s] [  0%] Built target topic_tools_generate_messages_eus
[12.757s] [  0%] Built target sensor_msgs_generate_messages_py
[12.938s] [  0%] Built target tf2_msgs_generate_messages_eus
[13.081s] [  0%] Built target geometry_msgs_generate_messages_py
[13.225s] [  0%] Built target jsk_footstep_msgs_generate_messages_py
[13.373s] [  0%] Built target geometry_msgs_generate_messages_eus
[13.519s] [  0%] Built target std_msgs_generate_messages_nodejs
[13.671s] [  0%] Built target autoware_lanelet2_msgs_generate_messages_eus
[13.878s] [  0%] Built target nodelet_generate_messages_lisp
[14.021s] [  0%] Built target autoware_msgs_generate_messages_eus
[14.166s] [  0%] Built target geometry_msgs_generate_messages_lisp
[14.315s] [  0%] Built target jsk_recognition_msgs_generate_messages_cpp
[14.460s] [  0%] Built target std_msgs_generate_messages_py
[14.602s] [  0%] Built target jsk_recognition_msgs_generate_messages_eus
[14.813s] [  0%] Built target tf_generate_messages_cpp
[15.017s] [  0%] Built target jsk_footstep_msgs_generate_messages_cpp
[15.162s] [  0%] Built target actionlib_msgs_generate_messages_py
[15.302s] [  0%] Built target jsk_recognition_msgs_generate_messages_lisp
[15.446s] [  0%] Built target rosgraph_msgs_generate_messages_nodejs
[15.590s] [  0%] Built target topic_tools_generate_messages_cpp
[15.806s] [  0%] Built target actionlib_generate_messages_cpp
[16.048s] [  0%] Built target std_srvs_generate_messages_py
[16.193s] [  0%] Built target actionlib_generate_messages_nodejs
[16.334s] [  0%] Built target actionlib_generate_messages_py
[16.482s] [  0%] Built target tf2_msgs_generate_messages_cpp
[16.630s] [  0%] Built target dynamic_reconfigure_generate_messages_lisp
[16.837s] [  0%] Built target tf2_msgs_generate_messages_lisp
[16.999s] [  0%] Built target tf2_msgs_generate_messages_py
[17.151s] [  0%] Built target dynamic_reconfigure_generate_messages_nodejs
[17.295s] [  0%] Built target bond_generate_messages_cpp
[17.440s] [  0%] Built target autoware_lanelet2_msgs_generate_messages_cpp
[17.622s] [  0%] Built target jsk_recognition_msgs_generate_messages_py
[17.797s] [  0%] Built target pcl_msgs_generate_messages_cpp
[17.952s] [  0%] Built target dynamic_reconfigure_gencfg
[18.115s] [  0%] Built target autoware_lanelet2_msgs_generate_messages_lisp
[18.254s] [  0%] Built target autoware_lanelet2_msgs_generate_messages_py
[18.399s] [  0%] Built target visualization_msgs_generate_messages_eus
[18.582s] [  0%] Built target visualization_msgs_generate_messages_lisp
[18.814s] [  0%] Built target rosgraph_msgs_generate_messages_py
[18.992s] [  0%] Built target visualization_msgs_generate_messages_nodejs
[19.175s] [  0%] Built target pcl_ros_gencfg
[19.328s] [  0%] Built target dynamic_reconfigure_generate_messages_cpp
[19.487s] [  0%] Built target sensor_msgs_generate_messages_lisp
[19.636s] [  0%] Built target tf2_msgs_generate_messages_nodejs
[19.836s] [  0%] Built target nodelet_generate_messages_cpp
[19.979s] [  0%] Built target nodelet_generate_messages_eus
[20.134s] [  0%] Built target nodelet_generate_messages_nodejs
[20.284s] [  0%] Built target nodelet_generate_messages_py
[20.435s] [  0%] Built target std_srvs_generate_messages_nodejs
[20.584s] [  0%] Built target jsk_footstep_msgs_generate_messages_nodejs
[20.769s] [  0%] Built target bond_generate_messages_eus
[20.923s] [  0%] Built target bond_generate_messages_lisp
[21.067s] [  0%] Built target bond_generate_messages_nodejs
[21.216s] [  0%] Built target bond_generate_messages_py
[21.363s] [  0%] Built target std_srvs_generate_messages_eus
[21.513s] [  0%] Built target std_msgs_generate_messages_eus
[21.659s] [  0%] Built target roscpp_generate_messages_lisp
[21.860s] [  0%] Built target std_srvs_generate_messages_lisp
[22.002s] [  0%] Built target topic_tools_generate_messages_lisp
[22.146s] [  0%] Built target topic_tools_generate_messages_nodejs
[22.292s] [  0%] Built target vector_map_msgs_generate_messages_cpp
[22.436s] [  0%] Built target std_msgs_generate_messages_cpp
[22.578s] [  0%] Built target vector_map_msgs_generate_messages_eus
[22.792s] [  0%] Built target roscpp_generate_messages_py
[22.957s] [  0%] Built target sensor_msgs_generate_messages_nodejs
[23.140s] [  0%] Built target vector_map_msgs_generate_messages_nodejs
[23.287s] [  0%] Built target vector_map_msgs_generate_messages_py
[23.436s] [  0%] Built target geometry_msgs_generate_messages_nodejs
[23.589s] [  0%] Built target actionlib_msgs_generate_messages_cpp
[23.808s] [  0%] Built target tf_generate_messages_lisp
[23.980s] [  0%] Built target actionlib_msgs_generate_messages_lisp
[24.132s] [  0%] Built target actionlib_msgs_generate_messages_nodejs
[24.279s] [  0%] Built target tf_generate_messages_py
[24.433s] [  0%] Built target roscpp_generate_messages_eus
[24.577s] [  0%] Built target roscpp_generate_messages_nodejs
[24.794s] [  0%] Built target actionlib_generate_messages_eus
[24.951s] [  0%] Built target rosgraph_msgs_generate_messages_cpp
[25.096s] [  0%] Built target rosgraph_msgs_generate_messages_eus
[25.297s] [ 50%] Built target imm_ukf_pda
[25.507s] [100%] Built target imm_ukf_pda_lanelet2
[27.478s] Built target tests
[29.414s] [  0%] Built target autoware_msgs_generate_messages_nodejs
[29.557s] [  0%] Built target pcl_msgs_generate_messages_py
[29.714s] [  0%] Built target pcl_msgs_generate_messages_lisp
[29.897s] [  0%] Built target pcl_msgs_generate_messages_nodejs
[30.042s] [  0%] Built target vector_map_msgs_generate_messages_lisp
[30.190s] [  0%] Built target pcl_msgs_generate_messages_eus
[30.344s] [  0%] Built target geometry_msgs_generate_messages_cpp
[30.497s] [  0%] Built target dynamic_reconfigure_generate_messages_eus
[30.642s] [  0%] Built target _catkin_empty_exported_target
[30.842s] [  0%] Built target actionlib_generate_messages_lisp
[30.986s] [  0%] Built target jsk_footstep_msgs_generate_messages_eus
[31.136s] [  0%] Built target autoware_msgs_generate_messages_cpp
[31.281s] [  0%] Built target jsk_recognition_msgs_generate_messages_nodejs
[31.425s] [  0%] Built target std_msgs_generate_messages_lisp
[31.569s] [  0%] Built target sensor_msgs_generate_messages_cpp
[31.718s] [  0%] Built target autoware_msgs_generate_messages_lisp
[31.922s] [  0%] Built target visualization_msgs_generate_messages_py
[32.095s] [  0%] Built target roscpp_generate_messages_cpp
[32.240s] [  0%] Built target tf_generate_messages_nodejs
[32.385s] [  0%] Built target topic_tools_generate_messages_py
[32.528s] [  0%] Built target sensor_msgs_generate_messages_eus
[32.676s] [  0%] Built target nodelet_topic_tools_gencfg
[32.857s] [  0%] Built target autoware_lanelet2_msgs_generate_messages_nodejs
[32.999s] [  0%] Built target rosgraph_msgs_generate_messages_lisp
[33.146s] [  0%] Built target autoware_msgs_generate_messages_py
[33.292s] [  0%] Built target visualization_msgs_generate_messages_cpp
[33.437s] [  0%] Built target tf_generate_messages_eus
[33.584s] [  0%] Built target actionlib_msgs_generate_messages_eus
[33.746s] [  0%] Built target dynamic_reconfigure_generate_messages_py
[33.947s] [  0%] Built target std_srvs_generate_messages_cpp
[34.099s] [  0%] Built target jsk_footstep_msgs_generate_messages_lisp
[34.247s] [  0%] Built target topic_tools_generate_messages_eus
[34.396s] [  0%] Built target sensor_msgs_generate_messages_py
[34.546s] [  0%] Built target tf2_msgs_generate_messages_eus
[34.726s] [  0%] Built target geometry_msgs_generate_messages_py
[34.897s] [  0%] Built target jsk_footstep_msgs_generate_messages_py
[35.044s] [  0%] Built target geometry_msgs_generate_messages_eus
[35.187s] [  0%] Built target std_msgs_generate_messages_nodejs
[35.334s] [  0%] Built target autoware_lanelet2_msgs_generate_messages_eus
[35.479s] [  0%] Built target nodelet_generate_messages_lisp
[35.623s] [  0%] Built target autoware_msgs_generate_messages_eus
[35.823s] [  0%] Built target geometry_msgs_generate_messages_lisp
[35.986s] [  0%] Built target jsk_recognition_msgs_generate_messages_cpp
[36.140s] [  0%] Built target std_msgs_generate_messages_py
[36.285s] [  0%] Built target jsk_recognition_msgs_generate_messages_eus
[36.437s] [  0%] Built target tf_generate_messages_cpp
[36.579s] [  0%] Built target jsk_footstep_msgs_generate_messages_cpp
[36.792s] [  0%] Built target actionlib_msgs_generate_messages_py
[36.961s] [  0%] Built target jsk_recognition_msgs_generate_messages_lisp
[37.113s] [  0%] Built target rosgraph_msgs_generate_messages_nodejs
[37.256s] [  0%] Built target topic_tools_generate_messages_cpp
[37.400s] [  0%] Built target actionlib_generate_messages_cpp
[37.570s] [  0%] Built target std_srvs_generate_messages_py
[37.777s] [  0%] Built target actionlib_generate_messages_nodejs
[37.964s] [  0%] Built target actionlib_generate_messages_py
[38.113s] [  0%] Built target tf2_msgs_generate_messages_cpp
[38.256s] [  0%] Built target dynamic_reconfigure_generate_messages_lisp
[38.399s] [  0%] Built target tf2_msgs_generate_messages_lisp
[38.541s] [  0%] Built target tf2_msgs_generate_messages_py
[38.686s] [  0%] Built target dynamic_reconfigure_generate_messages_nodejs
[38.892s] [  0%] Built target bond_generate_messages_cpp
[39.036s] [  0%] Built target autoware_lanelet2_msgs_generate_messages_cpp
[39.180s] [  0%] Built target jsk_recognition_msgs_generate_messages_py
[39.325s] [  0%] Built target pcl_msgs_generate_messages_cpp
[39.466s] [  0%] Built target dynamic_reconfigure_gencfg
[39.614s] [  0%] Built target autoware_lanelet2_msgs_generate_messages_lisp
[39.805s] [  0%] Built target autoware_lanelet2_msgs_generate_messages_py
[39.967s] [  0%] Built target visualization_msgs_generate_messages_eus
[40.106s] [  0%] Built target visualization_msgs_generate_messages_lisp
[40.247s] [  0%] Built target rosgraph_msgs_generate_messages_py
[40.391s] [  0%] Built target visualization_msgs_generate_messages_nodejs
[40.535s] [  0%] Built target pcl_ros_gencfg
[40.684s] [  0%] Built target dynamic_reconfigure_generate_messages_cpp
[40.878s] [  0%] Built target sensor_msgs_generate_messages_lisp
[41.022s] [  0%] Built target tf2_msgs_generate_messages_nodejs
[41.176s] [  0%] Built target nodelet_generate_messages_cpp
[41.318s] [  0%] Built target nodelet_generate_messages_eus
[41.463s] [  0%] Built target nodelet_generate_messages_nodejs
[41.608s] [  0%] Built target nodelet_generate_messages_py
[41.818s] [  0%] Built target std_srvs_generate_messages_nodejs
[41.988s] [  0%] Built target jsk_footstep_msgs_generate_messages_nodejs
[42.143s] [  0%] Built target bond_generate_messages_eus
[42.289s] [  0%] Built target bond_generate_messages_lisp
[42.432s] [  0%] Built target bond_generate_messages_nodejs
[42.579s] [  0%] Built target bond_generate_messages_py
[42.754s] [  0%] Built target std_srvs_generate_messages_eus
[42.926s] [  0%] Built target std_msgs_generate_messages_eus
[43.070s] [  0%] Built target roscpp_generate_messages_lisp
[43.217s] [  0%] Built target std_srvs_generate_messages_lisp
[43.361s] [  0%] Built target topic_tools_generate_messages_lisp
[43.507s] [  0%] Built target topic_tools_generate_messages_nodejs
[43.654s] [  0%] Built target vector_map_msgs_generate_messages_cpp
[43.864s] [  0%] Built target std_msgs_generate_messages_cpp
[44.006s] [  0%] Built target vector_map_msgs_generate_messages_eus
[44.152s] [  0%] Built target roscpp_generate_messages_py
[44.306s] [  0%] Built target sensor_msgs_generate_messages_nodejs
[44.454s] [  0%] Built target vector_map_msgs_generate_messages_nodejs
[44.596s] [  0%] Built target vector_map_msgs_generate_messages_py
[44.766s] [  0%] Built target geometry_msgs_generate_messages_nodejs
[44.938s] [  0%] Built target actionlib_msgs_generate_messages_cpp
[45.084s] [  0%] Built target tf_generate_messages_lisp
[45.226s] [  0%] Built target actionlib_msgs_generate_messages_lisp
[45.369s] [  0%] Built target actionlib_msgs_generate_messages_nodejs
[45.516s] [  0%] Built target tf_generate_messages_py
[45.697s] [  0%] Built target roscpp_generate_messages_eus
[45.896s] [  0%] Built target roscpp_generate_messages_nodejs
[46.042s] [  0%] Built target actionlib_generate_messages_eus
[46.186s] [  0%] Built target rosgraph_msgs_generate_messages_cpp
[46.333s] [  0%] Built target rosgraph_msgs_generate_messages_eus
[46.526s] [ 50%] Built target imm_ukf_pda
[46.755s] [100%] Built target imm_ukf_pda_lanelet2
[46.935s] [36mInstall the project...[0m
[46.990s] -- Install configuration: "Release"
[46.991s] -- Installing: /home/capstone/autoware.ai/install/imm_ukf_pda_track/lib/pkgconfig/imm_ukf_pda_track.pc
[46.991s] -- Installing: /home/capstone/autoware.ai/install/imm_ukf_pda_track/share/imm_ukf_pda_track/cmake/imm_ukf_pda_trackConfig.cmake
[46.992s] -- Up-to-date: /home/capstone/autoware.ai/install/imm_ukf_pda_track/share/imm_ukf_pda_track/cmake/imm_ukf_pda_trackConfig-version.cmake
[46.993s] -- Up-to-date: /home/capstone/autoware.ai/install/imm_ukf_pda_track/share/imm_ukf_pda_track/package.xml
[46.994s] -- Up-to-date: /home/capstone/autoware.ai/install/imm_ukf_pda_track/lib/imm_ukf_pda_track/imm_ukf_pda
[46.996s] -- Up-to-date: /home/capstone/autoware.ai/install/imm_ukf_pda_track/lib/imm_ukf_pda_track/imm_ukf_pda_lanelet2
[46.997s] -- Up-to-date: /home/capstone/autoware.ai/install/imm_ukf_pda_track/share/imm_ukf_pda_track/launch
[46.997s] -- Up-to-date: /home/capstone/autoware.ai/install/imm_ukf_pda_track/share/imm_ukf_pda_track/launch/imm_ukf_pda_track.launch
[46.998s] -- Up-to-date: /home/capstone/autoware.ai/install/imm_ukf_pda_track/share/imm_ukf_pda_track/launch/imm_ukf_pda_track_option.launch
[46.998s] -- Up-to-date: /home/capstone/autoware.ai/install/imm_ukf_pda_track/share/imm_ukf_pda_track/launch/imm_ukf_pda_track_lanelet2.launch
