[0.613s] -- The C compiler identification is GNU 7.5.0
[0.882s] -- The CXX compiler identification is GNU 7.5.0
[0.900s] -- Check for working C compiler: /usr/bin/cc
[1.415s] -- Check for working C compiler: /usr/bin/cc -- works
[1.416s] -- Detecting C compiler ABI info
[1.914s] -- Detecting C compiler ABI info - done
[1.939s] -- Detecting C compile features
[3.513s] -- Detecting C compile features - done
[3.521s] -- Check for working CXX compiler: /usr/bin/c++
[4.034s] -- Check for working CXX compiler: /usr/bin/c++ -- works
[4.035s] -- Detecting CXX compiler ABI info
[4.546s] -- Detecting CXX compiler ABI info - done
[4.565s] -- Detecting CXX compile features
[6.866s] -- Detecting CXX compile features - done
[6.886s] -- CUDA compilation status: 1.
[6.926s] -- Using CATKIN_DEVEL_PREFIX: /home/capstone/autoware.ai/build/freespace_planner/devel
[6.927s] -- Using CMAKE_PREFIX_PATH: /home/capstone/autoware.ai/install/astar_search;/home/capstone/autoware.ai/install/autoware_msgs;/home/capstone/autoware.ai/install/autoware_build_flags;/home/capstone/autoware.ai/install/wf_simulator;/home/capstone/autoware.ai/install/vision_ssd_detect;/home/capstone/autoware.ai/install/vision_segment_enet_detect;/home/capstone/autoware.ai/install/vision_lane_detect;/home/capstone/autoware.ai/install/vision_darknet_detect;/home/capstone/autoware.ai/install/vision_beyond_track;/home/capstone/autoware.ai/install/vel_pose_diff_checker;/home/capstone/autoware.ai/install/vehicle_socket;/home/capstone/autoware.ai/install/vehicle_sim_model;/home/capstone/autoware.ai/install/vehicle_model;/home/capstone/autoware.ai/install/vehicle_gazebo_simulation_launcher;/home/capstone/autoware.ai/install/vehicle_gazebo_simulation_interface;/home/capstone/autoware.ai/install/vehicle_engage_panel;/home/capstone/autoware.ai/install/vehicle_description;/home/capstone/autoware.ai/install/op_ros_helpers;/home/capstone/autoware.ai/install/op_simu;/home/capstone/autoware.ai/install/op_planner;/home/capstone/autoware.ai/install/op_utility;/home/capstone/autoware.ai/install/vector_map_server;/home/capstone/autoware.ai/install/object_map;/home/capstone/autoware.ai/install/lanelet_aisan_converter;/home/capstone/autoware.ai/install/map_file;/home/capstone/autoware.ai/install/libvectormap;/home/capstone/autoware.ai/install/vector_map;/home/capstone/autoware.ai/install/vector_map_msgs;/home/capstone/autoware.ai/install/twist_generator;/home/capstone/autoware.ai/install/twist2odom;/home/capstone/autoware.ai/install/runtime_manager;/home/capstone/autoware.ai/install/tablet_socket_msgs;/home/capstone/autoware.ai/install/sound_player;/home/capstone/autoware.ai/install/points2image;/home/capstone/autoware.ai/install/rosinterface;/home/capstone/autoware.ai/install/rosbag_controller;/home/capstone/autoware.ai/install/points_preprocessor;/home/capstone/autoware.ai/install/lidar_localizer;/home/capstone/autoware.ai/install/emergency_handler;/home/capstone/autoware.ai/install/autoware_health_checker;/home/capstone/autoware.ai/install/ros_observer;/home/capstone/autoware.ai/install/range_vision_fusion;/home/capstone/autoware.ai/install/pos_db;/home/capstone/autoware.ai/install/points_downsampler;/home/capstone/autoware.ai/install/pixel_cloud_fusion;/home/capstone/autoware.ai/install/pcl_omp_registration;/home/capstone/autoware.ai/install/pc2_downsampler;/home/capstone/autoware.ai/install/obj_db;/home/capstone/autoware.ai/install/nmea_navsat;/home/capstone/autoware.ai/install/ndt_tku;/home/capstone/autoware.ai/install/ndt_gpu;/home/capstone/autoware.ai/install/ndt_cpu;/home/capstone/autoware.ai/install/multi_lidar_calibrator;/home/capstone/autoware.ai/install/mrt_cmake_modules;/home/capstone/autoware.ai/install/marker_downsampler;/home/capstone/autoware.ai/install/map_tools;/home/capstone/autoware.ai/install/map_tf_generator;/home/capstone/autoware.ai/install/log_tools;/home/capstone/autoware.ai/install/libwaypoint_follower;/home/capstone/autoware.ai/install/lgsvl_simulator_bridge;/home/capstone/autoware.ai/install/lanelet2_extension;/home/capstone/autoware.ai/install/lanelet2_validation;/home/capstone/autoware.ai/install/lanelet2_examples;/home/capstone/autoware.ai/install/lanelet2_python;/home/capstone/autoware.ai/install/lanelet2_routing;/home/capstone/autoware.ai/install/lanelet2_traffic_rules;/home/capstone/autoware.ai/install/lanelet2_projection;/home/capstone/autoware.ai/install/lanelet2_maps;/home/capstone/autoware.ai/install/lanelet2_io;/home/capstone/autoware.ai/install/lanelet2_core;/home/capstone/autoware.ai/install/integrated_viewer;/home/capstone/autoware.ai/install/image_processor;/home/capstone/autoware.ai/install/graph_tools;/home/capstone/autoware.ai/install/gnss_localizer;/home/capstone/autoware.ai/install/gnss;/home/capstone/autoware.ai/install/glviewer;/home/capstone/autoware.ai/install/gazebo_world_description;/home/capstone/autoware.ai/install/gazebo_imu_description;/home/capstone/autoware.ai/install/gazebo_camera_description;/home/capstone/autoware.ai/install/fastvirtualscan;/home/capstone/autoware.ai/install/ekf_localizer;/home/capstone/autoware.ai/install/detected_objects_visualizer;/home/capstone/autoware.ai/install/decision_maker_panel;/home/capstone/autoware.ai/install/data_preprocessor;/home/capstone/autoware.ai/install/carla_autoware_bridge;/home/capstone/autoware.ai/install/calibration_publisher;/home/capstone/autoware.ai/install/autoware_system_msgs;/home/capstone/autoware.ai/install/autoware_rviz_plugins;/home/capstone/autoware.ai/install/autoware_quickstart_examples;/home/capstone/autoware.ai/install/autoware_pointgrey_drivers;/home/capstone/autoware.ai/install/autoware_driveworks_interface;/home/capstone/autoware.ai/install/autoware_connector;/home/capstone/autoware.ai/install/autoware_camera_lidar_calibrator;/home/capstone/autoware.ai/install/amathutils_lib;/home/capstone/autoware.ai/install/autoware_map_msgs;/home/capstone/autoware.ai/install/autoware_launcher_rviz;/home/capstone/autoware.ai/install/autoware_launcher;/home/capstone/autoware.ai/install/autoware_lanelet2_msgs;/home/capstone/autoware.ai/install/autoware_external_msgs;/home/capstone/autoware.ai/install/autoware_driveworks_gmsl_interface;/home/capstone/autoware.ai/install/autoware_config_msgs;/home/capstone/autoware.ai/install/autoware_can_msgs;/home/capstone/autoware.ai/install/autoware_bag_tools;/opt/carla-ros-bridge/melodic;/opt/ros/melodic
[6.936s] -- This workspace overlays: /home/capstone/autoware.ai/install/astar_search;/home/capstone/autoware.ai/install/autoware_msgs;/home/capstone/autoware.ai/install/autoware_build_flags;/home/capstone/autoware.ai/install/vision_ssd_detect;/home/capstone/autoware.ai/install/vision_segment_enet_detect;/home/capstone/autoware.ai/install/vision_lane_detect;/home/capstone/autoware.ai/install/vehicle_socket;/home/capstone/autoware.ai/install/vehicle_sim_model;/home/capstone/autoware.ai/install/vehicle_model;/home/capstone/autoware.ai/install/vehicle_gazebo_simulation_launcher;/home/capstone/autoware.ai/install/vehicle_gazebo_simulation_interface;/home/capstone/autoware.ai/install/vehicle_engage_panel;/home/capstone/autoware.ai/install/vehicle_description;/home/capstone/autoware.ai/install/op_simu;/home/capstone/autoware.ai/install/op_planner;/home/capstone/autoware.ai/install/op_utility;/home/capstone/autoware.ai/install/vector_map_server;/home/capstone/autoware.ai/install/libvectormap;/home/capstone/autoware.ai/install/vector_map;/home/capstone/autoware.ai/install/vector_map_msgs;/home/capstone/autoware.ai/install/twist2odom;/home/capstone/autoware.ai/install/runtime_manager;/home/capstone/autoware.ai/install/tablet_socket_msgs;/home/capstone/autoware.ai/install/sound_player;/home/capstone/autoware.ai/install/rosinterface;/home/capstone/autoware.ai/install/rosbag_controller;/home/capstone/autoware.ai/install/autoware_health_checker;/home/capstone/autoware.ai/install/ros_observer;/home/capstone/autoware.ai/install/range_vision_fusion;/home/capstone/autoware.ai/install/pos_db;/home/capstone/autoware.ai/install/points_downsampler;/home/capstone/autoware.ai/install/pixel_cloud_fusion;/home/capstone/autoware.ai/install/pcl_omp_registration;/home/capstone/autoware.ai/install/pc2_downsampler;/home/capstone/autoware.ai/install/obj_db;/home/capstone/autoware.ai/install/nmea_navsat;/home/capstone/autoware.ai/install/ndt_tku;/home/capstone/autoware.ai/install/ndt_gpu;/home/capstone/autoware.ai/install/ndt_cpu;/home/capstone/autoware.ai/install/multi_lidar_calibrator;/home/capstone/autoware.ai/install/mrt_cmake_modules;/home/capstone/autoware.ai/install/marker_downsampler;/home/capstone/autoware.ai/install/map_tools;/home/capstone/autoware.ai/install/map_tf_generator;/home/capstone/autoware.ai/install/log_tools;/home/capstone/autoware.ai/install/libwaypoint_follower;/home/capstone/autoware.ai/install/lgsvl_simulator_bridge;/home/capstone/autoware.ai/install/lanelet2_traffic_rules;/home/capstone/autoware.ai/install/lanelet2_maps;/home/capstone/autoware.ai/install/lanelet2_io;/home/capstone/autoware.ai/install/lanelet2_core;/home/capstone/autoware.ai/install/integrated_viewer;/home/capstone/autoware.ai/install/image_processor;/home/capstone/autoware.ai/install/graph_tools;/home/capstone/autoware.ai/install/gnss_localizer;/home/capstone/autoware.ai/install/gnss;/home/capstone/autoware.ai/install/glviewer;/home/capstone/autoware.ai/install/gazebo_world_description;/home/capstone/autoware.ai/install/gazebo_imu_description;/home/capstone/autoware.ai/install/gazebo_camera_description;/home/capstone/autoware.ai/install/fastvirtualscan;/home/capstone/autoware.ai/install/detected_objects_visualizer;/home/capstone/autoware.ai/install/decision_maker_panel;/home/capstone/autoware.ai/install/data_preprocessor;/home/capstone/autoware.ai/install/carla_autoware_bridge;/home/capstone/autoware.ai/install/calibration_publisher;/home/capstone/autoware.ai/install/autoware_system_msgs;/home/capstone/autoware.ai/install/autoware_rviz_plugins;/home/capstone/autoware.ai/install/autoware_quickstart_examples;/home/capstone/autoware.ai/install/autoware_pointgrey_drivers;/home/capstone/autoware.ai/install/autoware_driveworks_interface;/home/capstone/autoware.ai/install/autoware_connector;/home/capstone/autoware.ai/install/autoware_camera_lidar_calibrator;/home/capstone/autoware.ai/install/amathutils_lib;/home/capstone/autoware.ai/install/autoware_map_msgs;/home/capstone/autoware.ai/install/autoware_launcher_rviz;/home/capstone/autoware.ai/install/autoware_launcher;/home/capstone/autoware.ai/install/autoware_lanelet2_msgs;/home/capstone/autoware.ai/install/autoware_external_msgs;/home/capstone/autoware.ai/install/autoware_driveworks_gmsl_interface;/home/capstone/autoware.ai/install/autoware_config_msgs;/home/capstone/autoware.ai/install/autoware_can_msgs;/home/capstone/autoware.ai/install/autoware_bag_tools;/opt/carla-ros-bridge/melodic;/opt/ros/melodic
[7.070s] -- Found PythonInterp: /usr/bin/python2 (found suitable version "2.7.17", minimum required is "2") 
[7.070s] -- Using PYTHON_EXECUTABLE: /usr/bin/python2
[7.070s] -- Using Debian Python package layout
[7.075s] -- Using empy: /usr/bin/empy
[7.560s] -- Using CATKIN_ENABLE_TESTING: ON
[7.560s] -- Call enable_testing()
[7.578s] -- Using CATKIN_TEST_RESULTS_DIR: /home/capstone/autoware.ai/build/freespace_planner/test_results
[7.694s] -- Found gtest sources under '/usr/src/googletest': gtests will be built
[7.694s] -- Found gmock sources under '/usr/src/googletest': gmock will be built
[7.786s] -- Found PythonInterp: /usr/bin/python2 (found version "2.7.17") 
[7.788s] -- Looking for pthread.h
[8.358s] -- Looking for pthread.h - found
[8.359s] -- Looking for pthread_create
[8.885s] -- Looking for pthread_create - not found
[8.887s] -- Looking for pthread_create in pthreads
[9.407s] -- Looking for pthread_create in pthreads - not found
[9.407s] -- Looking for pthread_create in pthread
[9.931s] -- Looking for pthread_create in pthread - found
[9.934s] -- Found Threads: TRUE  
[9.953s] -- Using Python nosetests: /usr/bin/nosetests-2.7
[10.168s] -- catkin 0.7.23
[10.169s] -- BUILD_SHARED_LIBS is on
[12.028s] -- Using these message generators: gencpp;geneus;genlisp;gennodejs;genpy
[14.102s] -- Configuring done
[14.284s] -- Generating done
[14.329s] -- Build files have been written to: /home/capstone/autoware.ai/build/freespace_planner
[14.755s] [35m[1mScanning dependencies of target rosgraph_msgs_generate_messages_cpp[0m
[14.889s] [  0%] Built target rosgraph_msgs_generate_messages_cpp
[15.003s] [35m[1mScanning dependencies of target actionlib_generate_messages_cpp[0m
[15.112s] [  0%] Built target actionlib_generate_messages_cpp
[15.263s] [35m[1mScanning dependencies of target jsk_recognition_msgs_generate_messages_lisp[0m
[15.402s] [  0%] Built target jsk_recognition_msgs_generate_messages_lisp
[15.540s] [35m[1mScanning dependencies of target rosgraph_msgs_generate_messages_nodejs[0m
[15.640s] [  0%] Built target rosgraph_msgs_generate_messages_nodejs
[15.746s] [35m[1mScanning dependencies of target rosgraph_msgs_generate_messages_py[0m
[15.874s] [  0%] Built target rosgraph_msgs_generate_messages_py
[16.032s] [35m[1mScanning dependencies of target autoware_msgs_generate_messages_nodejs[0m
[16.146s] [  0%] Built target autoware_msgs_generate_messages_nodejs
[16.266s] [35m[1mScanning dependencies of target actionlib_msgs_generate_messages_eus[0m
[16.406s] [  0%] Built target actionlib_msgs_generate_messages_eus
[16.527s] [35m[1mScanning dependencies of target tf_generate_messages_cpp[0m
[16.637s] [  0%] Built target tf_generate_messages_cpp
[16.810s] [35m[1mScanning dependencies of target tf2_msgs_generate_messages_eus[0m
[16.917s] [  0%] Built target tf2_msgs_generate_messages_eus
[17.028s] [35m[1mScanning dependencies of target sensor_msgs_generate_messages_py[0m
[17.137s] [  0%] Built target sensor_msgs_generate_messages_py
[17.281s] [35m[1mScanning dependencies of target jsk_footstep_msgs_generate_messages_lisp[0m
[17.402s] [  0%] Built target jsk_footstep_msgs_generate_messages_lisp
[17.534s] [35m[1mScanning dependencies of target tf_generate_messages_eus[0m
[17.662s] [  0%] Built target tf_generate_messages_eus
[17.785s] [35m[1mScanning dependencies of target autoware_msgs_generate_messages_py[0m
[17.957s] [  0%] Built target autoware_msgs_generate_messages_py
[18.103s] [35m[1mScanning dependencies of target rosgraph_msgs_generate_messages_lisp[0m
[18.243s] [  0%] Built target rosgraph_msgs_generate_messages_lisp
[18.345s] [35m[1mScanning dependencies of target geometry_msgs_generate_messages_eus[0m
[18.504s] [  0%] Built target geometry_msgs_generate_messages_eus
[18.674s] [35m[1mScanning dependencies of target std_msgs_generate_messages_cpp[0m
[18.852s] [  0%] Built target std_msgs_generate_messages_cpp
[19.009s] [35m[1mScanning dependencies of target visualization_msgs_generate_messages_cpp[0m
[19.129s] [  0%] Built target visualization_msgs_generate_messages_cpp
[19.278s] [35m[1mScanning dependencies of target sensor_msgs_generate_messages_lisp[0m
[19.392s] [  0%] Built target sensor_msgs_generate_messages_lisp
[19.492s] [35m[1mScanning dependencies of target sensor_msgs_generate_messages_eus[0m
[19.647s] [  0%] Built target sensor_msgs_generate_messages_eus
[19.758s] [35m[1mScanning dependencies of target visualization_msgs_generate_messages_lisp[0m
[19.888s] [  0%] Built target visualization_msgs_generate_messages_lisp
[20.017s] [35m[1mScanning dependencies of target tf2_msgs_generate_messages_py[0m
[20.127s] [  0%] Built target tf2_msgs_generate_messages_py
[20.240s] [35m[1mScanning dependencies of target jsk_recognition_msgs_generate_messages_eus[0m
[20.404s] [  0%] Built target jsk_recognition_msgs_generate_messages_eus
[20.539s] [35m[1mScanning dependencies of target std_msgs_generate_messages_py[0m
[20.658s] [  0%] Built target std_msgs_generate_messages_py
[20.784s] [35m[1mScanning dependencies of target tf2_msgs_generate_messages_nodejs[0m
[20.927s] [  0%] Built target tf2_msgs_generate_messages_nodejs
[21.040s] [35m[1mScanning dependencies of target visualization_msgs_generate_messages_nodejs[0m
[21.154s] [  0%] Built target visualization_msgs_generate_messages_nodejs
[21.259s] [35m[1mScanning dependencies of target tf_generate_messages_nodejs[0m
[21.375s] [  0%] Built target tf_generate_messages_nodejs
[21.502s] [35m[1mScanning dependencies of target roscpp_generate_messages_cpp[0m
[21.613s] [  0%] Built target roscpp_generate_messages_cpp
[21.710s] [35m[1mScanning dependencies of target visualization_msgs_generate_messages_py[0m
[21.868s] [  0%] Built target visualization_msgs_generate_messages_py
[21.987s] [35m[1mScanning dependencies of target autoware_msgs_generate_messages_lisp[0m
[22.104s] [  0%] Built target autoware_msgs_generate_messages_lisp
[22.216s] [35m[1mScanning dependencies of target nav_msgs_generate_messages_nodejs[0m
[22.331s] [  0%] Built target nav_msgs_generate_messages_nodejs
[22.442s] [35m[1mScanning dependencies of target sensor_msgs_generate_messages_cpp[0m
[22.576s] [  0%] Built target sensor_msgs_generate_messages_cpp
[22.725s] [35m[1mScanning dependencies of target pcl_msgs_generate_messages_cpp[0m
[22.865s] [  0%] Built target pcl_msgs_generate_messages_cpp
[23.000s] [35m[1mScanning dependencies of target jsk_recognition_msgs_generate_messages_py[0m
[23.121s] [  0%] Built target jsk_recognition_msgs_generate_messages_py
[23.293s] [35m[1mScanning dependencies of target std_msgs_generate_messages_lisp[0m
[23.417s] [  0%] Built target std_msgs_generate_messages_lisp
[23.522s] [35m[1mScanning dependencies of target jsk_recognition_msgs_generate_messages_cpp[0m
[23.675s] [  0%] Built target jsk_recognition_msgs_generate_messages_cpp
[23.810s] [35m[1mScanning dependencies of target geometry_msgs_generate_messages_lisp[0m
[23.942s] [  0%] Built target geometry_msgs_generate_messages_lisp
[24.053s] [35m[1mScanning dependencies of target autoware_msgs_generate_messages_cpp[0m
[24.161s] [  0%] Built target autoware_msgs_generate_messages_cpp
[24.266s] [35m[1mScanning dependencies of target jsk_footstep_msgs_generate_messages_eus[0m
[24.387s] [  0%] Built target jsk_footstep_msgs_generate_messages_eus
[24.475s] [35m[1mScanning dependencies of target actionlib_generate_messages_lisp[0m
[24.588s] [  0%] Built target actionlib_generate_messages_lisp
[24.697s] [35m[1mScanning dependencies of target _catkin_empty_exported_target[0m
[24.790s] [  0%] Built target _catkin_empty_exported_target
[24.899s] [35m[1mScanning dependencies of target roscpp_generate_messages_lisp[0m
[25.037s] [  0%] Built target roscpp_generate_messages_lisp
[25.147s] [35m[1mScanning dependencies of target geometry_msgs_generate_messages_nodejs[0m
[25.249s] [  0%] Built target geometry_msgs_generate_messages_nodejs
[25.410s] [35m[1mScanning dependencies of target geometry_msgs_generate_messages_cpp[0m
[25.542s] [  0%] Built target geometry_msgs_generate_messages_cpp
[25.674s] [35m[1mScanning dependencies of target pcl_msgs_generate_messages_eus[0m
[25.824s] [  0%] Built target pcl_msgs_generate_messages_eus
[25.977s] [35m[1mScanning dependencies of target pcl_msgs_generate_messages_nodejs[0m
[26.104s] [  0%] Built target pcl_msgs_generate_messages_nodejs
[26.218s] [35m[1mScanning dependencies of target pcl_msgs_generate_messages_lisp[0m
[26.341s] [  0%] Built target pcl_msgs_generate_messages_lisp
[26.458s] [35m[1mScanning dependencies of target pcl_msgs_generate_messages_py[0m
[26.609s] [  0%] Built target pcl_msgs_generate_messages_py
[26.722s] [35m[1mScanning dependencies of target sensor_msgs_generate_messages_nodejs[0m
[26.862s] [  0%] Built target sensor_msgs_generate_messages_nodejs
[26.988s] [35m[1mScanning dependencies of target jsk_footstep_msgs_generate_messages_nodejs[0m
[27.111s] [  0%] Built target jsk_footstep_msgs_generate_messages_nodejs
[27.269s] [35m[1mScanning dependencies of target actionlib_msgs_generate_messages_cpp[0m
[27.382s] [  0%] Built target actionlib_msgs_generate_messages_cpp
[27.525s] [35m[1mScanning dependencies of target nav_msgs_generate_messages_eus[0m
[27.633s] [  0%] Built target nav_msgs_generate_messages_eus
[27.828s] [35m[1mScanning dependencies of target tf_generate_messages_py[0m
[27.980s] [  0%] Built target tf_generate_messages_py
[28.152s] [35m[1mScanning dependencies of target std_msgs_generate_messages_eus[0m
[28.353s] [  0%] Built target std_msgs_generate_messages_eus
[28.536s] [35m[1mScanning dependencies of target actionlib_msgs_generate_messages_lisp[0m
[28.652s] [  0%] Built target actionlib_msgs_generate_messages_lisp
[28.781s] [35m[1mScanning dependencies of target actionlib_msgs_generate_messages_nodejs[0m
[28.934s] [  0%] Built target actionlib_msgs_generate_messages_nodejs
[29.093s] [35m[1mScanning dependencies of target actionlib_msgs_generate_messages_py[0m
[29.200s] [  0%] Built target actionlib_msgs_generate_messages_py
[29.347s] [35m[1mScanning dependencies of target visualization_msgs_generate_messages_eus[0m
[29.487s] [  0%] Built target visualization_msgs_generate_messages_eus
[29.619s] [35m[1mScanning dependencies of target nav_msgs_generate_messages_cpp[0m
[29.764s] [  0%] Built target nav_msgs_generate_messages_cpp
[29.902s] [35m[1mScanning dependencies of target rosgraph_msgs_generate_messages_eus[0m
[30.018s] [  0%] Built target rosgraph_msgs_generate_messages_eus
[30.180s] [35m[1mScanning dependencies of target nav_msgs_generate_messages_lisp[0m
[30.315s] [  0%] Built target nav_msgs_generate_messages_lisp
[30.497s] [35m[1mScanning dependencies of target roscpp_generate_messages_eus[0m
[30.630s] [  0%] Built target roscpp_generate_messages_eus
[30.780s] [35m[1mScanning dependencies of target jsk_footstep_msgs_generate_messages_cpp[0m
[30.976s] [  0%] Built target jsk_footstep_msgs_generate_messages_cpp
[31.141s] [35m[1mScanning dependencies of target roscpp_generate_messages_nodejs[0m
[31.346s] [  0%] Built target roscpp_generate_messages_nodejs
[31.567s] [35m[1mScanning dependencies of target jsk_recognition_msgs_generate_messages_nodejs[0m
[31.707s] [  0%] Built target jsk_recognition_msgs_generate_messages_nodejs
[31.855s] [35m[1mScanning dependencies of target roscpp_generate_messages_py[0m
[31.961s] [  0%] Built target roscpp_generate_messages_py
[32.111s] [35m[1mScanning dependencies of target actionlib_generate_messages_eus[0m
[32.300s] [  0%] Built target actionlib_generate_messages_eus
[32.447s] [35m[1mScanning dependencies of target std_msgs_generate_messages_nodejs[0m
[32.580s] [  0%] Built target std_msgs_generate_messages_nodejs
[32.758s] [35m[1mScanning dependencies of target autoware_msgs_generate_messages_eus[0m
[32.947s] [  0%] Built target autoware_msgs_generate_messages_eus
[33.064s] [35m[1mScanning dependencies of target nav_msgs_generate_messages_py[0m
[33.199s] [  0%] Built target nav_msgs_generate_messages_py
[33.299s] [35m[1mScanning dependencies of target tf_generate_messages_lisp[0m
[33.420s] [  0%] Built target tf_generate_messages_lisp
[33.546s] [35m[1mScanning dependencies of target actionlib_generate_messages_nodejs[0m
[33.682s] [  0%] Built target actionlib_generate_messages_nodejs
[33.789s] [35m[1mScanning dependencies of target actionlib_generate_messages_py[0m
[33.914s] [  0%] Built target actionlib_generate_messages_py
[34.020s] [35m[1mScanning dependencies of target geometry_msgs_generate_messages_py[0m
[34.166s] [  0%] Built target geometry_msgs_generate_messages_py
[34.285s] [35m[1mScanning dependencies of target jsk_footstep_msgs_generate_messages_py[0m
[34.466s] [  0%] Built target jsk_footstep_msgs_generate_messages_py
[34.562s] [35m[1mScanning dependencies of target tf2_msgs_generate_messages_cpp[0m
[34.681s] [  0%] Built target tf2_msgs_generate_messages_cpp
[34.832s] [35m[1mScanning dependencies of target tf2_msgs_generate_messages_lisp[0m
[34.938s] [  0%] Built target tf2_msgs_generate_messages_lisp
[35.060s] [35m[1mScanning dependencies of target astar_navi[0m
[35.250s] [ 33%] [32mBuilding CXX object CMakeFiles/astar_navi.dir/src/astar_navi/astar_navi.cpp.o[0m
[45.547s] [ 66%] [32mBuilding CXX object CMakeFiles/astar_navi.dir/src/astar_navi/astar_navi_node.cpp.o[0m
[53.066s] [100%] [32m[1mLinking CXX executable devel/lib/freespace_planner/astar_navi[0m
[53.613s] [100%] Built target astar_navi
[56.371s] [35m[1mScanning dependencies of target tests[0m
[56.511s] Built target tests
[59.429s] [  0%] Built target rosgraph_msgs_generate_messages_cpp
[59.684s] [  0%] Built target actionlib_generate_messages_cpp
[59.938s] [  0%] Built target jsk_recognition_msgs_generate_messages_lisp
[60.177s] [  0%] Built target rosgraph_msgs_generate_messages_nodejs
[60.463s] [  0%] Built target rosgraph_msgs_generate_messages_py
[60.766s] [  0%] Built target autoware_msgs_generate_messages_nodejs
[61.052s] [  0%] Built target actionlib_msgs_generate_messages_eus
[61.348s] [  0%] Built target tf_generate_messages_cpp
[61.573s] [  0%] Built target tf2_msgs_generate_messages_eus
[61.809s] [  0%] Built target sensor_msgs_generate_messages_py
[62.089s] [  0%] Built target jsk_footstep_msgs_generate_messages_lisp
[62.337s] [  0%] Built target tf_generate_messages_eus
[62.631s] [  0%] Built target autoware_msgs_generate_messages_py
[62.889s] [  0%] Built target rosgraph_msgs_generate_messages_lisp
[63.129s] [  0%] Built target geometry_msgs_generate_messages_eus
[63.362s] [  0%] Built target std_msgs_generate_messages_cpp
[63.626s] [  0%] Built target visualization_msgs_generate_messages_cpp
[63.873s] [  0%] Built target sensor_msgs_generate_messages_lisp
[64.145s] [  0%] Built target sensor_msgs_generate_messages_eus
[64.400s] [  0%] Built target visualization_msgs_generate_messages_lisp
[64.644s] [  0%] Built target tf2_msgs_generate_messages_py
[64.935s] [  0%] Built target jsk_recognition_msgs_generate_messages_eus
[65.181s] [  0%] Built target std_msgs_generate_messages_py
[65.369s] [  0%] Built target tf2_msgs_generate_messages_nodejs
[65.548s] [  0%] Built target visualization_msgs_generate_messages_nodejs
[65.815s] [  0%] Built target tf_generate_messages_nodejs
[66.049s] [  0%] Built target roscpp_generate_messages_cpp
[66.271s] [  0%] Built target visualization_msgs_generate_messages_py
[66.539s] [  0%] Built target autoware_msgs_generate_messages_lisp
[66.791s] [  0%] Built target nav_msgs_generate_messages_nodejs
[67.050s] [  0%] Built target sensor_msgs_generate_messages_cpp
[67.308s] [  0%] Built target pcl_msgs_generate_messages_cpp
[67.569s] [  0%] Built target jsk_recognition_msgs_generate_messages_py
[67.828s] [  0%] Built target std_msgs_generate_messages_lisp
[68.080s] [  0%] Built target jsk_recognition_msgs_generate_messages_cpp
[68.312s] [  0%] Built target geometry_msgs_generate_messages_lisp
[68.551s] [  0%] Built target autoware_msgs_generate_messages_cpp
[68.808s] [  0%] Built target jsk_footstep_msgs_generate_messages_eus
[69.096s] [  0%] Built target actionlib_generate_messages_lisp
[69.375s] [  0%] Built target _catkin_empty_exported_target
[69.620s] [  0%] Built target roscpp_generate_messages_lisp
[69.897s] [  0%] Built target geometry_msgs_generate_messages_nodejs
[70.226s] [  0%] Built target geometry_msgs_generate_messages_cpp
[70.505s] [  0%] Built target pcl_msgs_generate_messages_eus
[70.775s] [  0%] Built target pcl_msgs_generate_messages_nodejs
[71.100s] [  0%] Built target pcl_msgs_generate_messages_lisp
[71.344s] [  0%] Built target pcl_msgs_generate_messages_py
[71.625s] [  0%] Built target sensor_msgs_generate_messages_nodejs
[71.866s] [  0%] Built target jsk_footstep_msgs_generate_messages_nodejs
[72.248s] [  0%] Built target actionlib_msgs_generate_messages_cpp
[72.573s] [  0%] Built target nav_msgs_generate_messages_eus
[72.895s] [  0%] Built target tf_generate_messages_py
[73.258s] [  0%] Built target std_msgs_generate_messages_eus
[73.570s] [  0%] Built target actionlib_msgs_generate_messages_lisp
[73.838s] [  0%] Built target actionlib_msgs_generate_messages_nodejs
[74.132s] [  0%] Built target actionlib_msgs_generate_messages_py
[74.387s] [  0%] Built target visualization_msgs_generate_messages_eus
[74.740s] [  0%] Built target nav_msgs_generate_messages_cpp
[75.129s] [  0%] Built target rosgraph_msgs_generate_messages_eus
[75.464s] [  0%] Built target nav_msgs_generate_messages_lisp
[75.780s] [  0%] Built target roscpp_generate_messages_eus
[76.046s] [  0%] Built target jsk_footstep_msgs_generate_messages_cpp
[76.400s] [  0%] Built target roscpp_generate_messages_nodejs
[76.657s] [  0%] Built target jsk_recognition_msgs_generate_messages_nodejs
[76.973s] [  0%] Built target roscpp_generate_messages_py
[77.257s] [  0%] Built target actionlib_generate_messages_eus
[77.525s] [  0%] Built target std_msgs_generate_messages_nodejs
[77.827s] [  0%] Built target autoware_msgs_generate_messages_eus
[78.079s] [  0%] Built target nav_msgs_generate_messages_py
[78.294s] [  0%] Built target tf_generate_messages_lisp
[78.602s] [  0%] Built target actionlib_generate_messages_nodejs
[78.949s] [  0%] Built target actionlib_generate_messages_py
[79.259s] [  0%] Built target geometry_msgs_generate_messages_py
[79.593s] [  0%] Built target jsk_footstep_msgs_generate_messages_py
[79.884s] [  0%] Built target tf2_msgs_generate_messages_cpp
[80.208s] [  0%] Built target tf2_msgs_generate_messages_lisp
[80.516s] [100%] Built target astar_navi
[80.777s] [36mInstall the project...[0m
[80.872s] -- Install configuration: "Release"
[80.873s] -- Installing: /home/capstone/autoware.ai/install/freespace_planner/lib/pkgconfig/freespace_planner.pc
[80.874s] -- Installing: /home/capstone/autoware.ai/install/freespace_planner/share/freespace_planner/cmake/freespace_plannerConfig.cmake
[80.876s] -- Installing: /home/capstone/autoware.ai/install/freespace_planner/share/freespace_planner/cmake/freespace_plannerConfig-version.cmake
[80.881s] -- Installing: /home/capstone/autoware.ai/install/freespace_planner/share/freespace_planner/package.xml
[80.882s] -- Installing: /home/capstone/autoware.ai/install/freespace_planner/lib/freespace_planner/astar_navi
[80.884s] -- Set runtime path of "/home/capstone/autoware.ai/install/freespace_planner/lib/freespace_planner/astar_navi" to ""
[80.885s] -- Installing: /home/capstone/autoware.ai/install/freespace_planner/share/freespace_planner/launch
[80.885s] -- Installing: /home/capstone/autoware.ai/install/freespace_planner/share/freespace_planner/launch/astar_navi.launch
