[0.933s] [  0%] Built target _catkin_empty_exported_target
[1.097s] [ 16%] Built target lanelet2_examples-02_regulatory_elements-exec
[1.262s] [ 33%] Built target lanelet2_examples-06_routing-exec
[1.428s] [ 50%] Built target lanelet2_examples-04_reading_and_writing-exec
[1.596s] [ 66%] Built target lanelet2_examples-05_traffic_rules-exec
[1.840s] [ 83%] Built target lanelet2_examples-03_lanelet_map-exec
[2.020s] [100%] Built target lanelet2_examples-01_dealing_with_lanelet_primitives-exec
[2.990s] Built target tests
[3.959s] [  0%] Built target _catkin_empty_exported_target
[4.120s] [ 16%] Built target lanelet2_examples-02_regulatory_elements-exec
[4.287s] [ 33%] Built target lanelet2_examples-06_routing-exec
[4.448s] [ 50%] Built target lanelet2_examples-04_reading_and_writing-exec
[4.611s] [ 66%] Built target lanelet2_examples-05_traffic_rules-exec
[4.824s] [ 83%] Built target lanelet2_examples-03_lanelet_map-exec
[5.013s] [100%] Built target lanelet2_examples-01_dealing_with_lanelet_primitives-exec
[5.143s] [36mInstall the project...[0m
[5.202s] -- Install configuration: "Release"
[5.202s] -- Up-to-date: /home/capstone/autoware.ai/install/lanelet2_examples/lib/pkgconfig/lanelet2_examples.pc
[5.202s] -- Up-to-date: /home/capstone/autoware.ai/install/lanelet2_examples/share/lanelet2_examples/cmake/lanelet2_examplesConfig.cmake
[5.203s] -- Up-to-date: /home/capstone/autoware.ai/install/lanelet2_examples/share/lanelet2_examples/cmake/lanelet2_examplesConfig-version.cmake
[5.203s] -- Up-to-date: /home/capstone/autoware.ai/install/lanelet2_examples/share/lanelet2_examples/package.xml
[5.203s] -- Up-to-date: /home/capstone/autoware.ai/install/lanelet2_examples/lib/lanelet2_examples/01_dealing_with_lanelet_primitives
[5.204s] -- Up-to-date: /home/capstone/autoware.ai/install/lanelet2_examples/lib/lanelet2_examples/02_regulatory_elements
[5.209s] -- Up-to-date: /home/capstone/autoware.ai/install/lanelet2_examples/lib/lanelet2_examples/03_lanelet_map
[5.214s] -- Up-to-date: /home/capstone/autoware.ai/install/lanelet2_examples/lib/lanelet2_examples/04_reading_and_writing
[5.215s] -- Up-to-date: /home/capstone/autoware.ai/install/lanelet2_examples/lib/lanelet2_examples/05_traffic_rules
[5.215s] -- Up-to-date: /home/capstone/autoware.ai/install/lanelet2_examples/lib/lanelet2_examples/06_routing
[5.215s] -- Up-to-date: /home/capstone/autoware.ai/install/lanelet2_examples/lib/lanelet2_examples/tutorial.py
