Determining if the pthread_create exist failed with the following output:
Change Dir: /home/capstone/autoware.ai/build/ros_observer/CMakeFiles/CMakeTmp

Run Build Command:"/usr/bin/make" "cmTC_e6b85/fast"
/usr/bin/make -f CMakeFiles/cmTC_e6b85.dir/build.make CMakeFiles/cmTC_e6b85.dir/build
make[1]: Entering directory '/home/capstone/autoware.ai/build/ros_observer/CMakeFiles/CMakeTmp'
Building C object CMakeFiles/cmTC_e6b85.dir/CheckSymbolExists.c.o
/usr/bin/cc    -o CMakeFiles/cmTC_e6b85.dir/CheckSymbolExists.c.o   -c /home/capstone/autoware.ai/build/ros_observer/CMakeFiles/CMakeTmp/CheckSymbolExists.c
Linking C executable cmTC_e6b85
/usr/bin/cmake -E cmake_link_script CMakeFiles/cmTC_e6b85.dir/link.txt --verbose=1
/usr/bin/cc      -rdynamic CMakeFiles/cmTC_e6b85.dir/CheckSymbolExists.c.o  -o cmTC_e6b85 
CMakeFiles/cmTC_e6b85.dir/CheckSymbolExists.c.o: In function `main':
CheckSymbolExists.c:(.text+0x1b): undefined reference to `pthread_create'
collect2: error: ld returned 1 exit status
CMakeFiles/cmTC_e6b85.dir/build.make:97: recipe for target 'cmTC_e6b85' failed
make[1]: *** [cmTC_e6b85] Error 1
make[1]: Leaving directory '/home/capstone/autoware.ai/build/ros_observer/CMakeFiles/CMakeTmp'
Makefile:126: recipe for target 'cmTC_e6b85/fast' failed
make: *** [cmTC_e6b85/fast] Error 2

File /home/capstone/autoware.ai/build/ros_observer/CMakeFiles/CMakeTmp/CheckSymbolExists.c:
/* */
#include <pthread.h>

int main(int argc, char** argv)
{
  (void)argv;
#ifndef pthread_create
  return ((int*)(&pthread_create))[argc];
#else
  (void)argc;
  return 0;
#endif
}

Determining if the function pthread_create exists in the pthreads failed with the following output:
Change Dir: /home/capstone/autoware.ai/build/ros_observer/CMakeFiles/CMakeTmp

Run Build Command:"/usr/bin/make" "cmTC_1fca2/fast"
/usr/bin/make -f CMakeFiles/cmTC_1fca2.dir/build.make CMakeFiles/cmTC_1fca2.dir/build
make[1]: Entering directory '/home/capstone/autoware.ai/build/ros_observer/CMakeFiles/CMakeTmp'
Building C object CMakeFiles/cmTC_1fca2.dir/CheckFunctionExists.c.o
/usr/bin/cc   -DCHECK_FUNCTION_EXISTS=pthread_create   -o CMakeFiles/cmTC_1fca2.dir/CheckFunctionExists.c.o   -c /usr/share/cmake-3.10/Modules/CheckFunctionExists.c
Linking C executable cmTC_1fca2
/usr/bin/cmake -E cmake_link_script CMakeFiles/cmTC_1fca2.dir/link.txt --verbose=1
/usr/bin/cc  -DCHECK_FUNCTION_EXISTS=pthread_create    -rdynamic CMakeFiles/cmTC_1fca2.dir/CheckFunctionExists.c.o  -o cmTC_1fca2 -lpthreads 
/usr/bin/ld: cannot find -lpthreads
collect2: error: ld returned 1 exit status
CMakeFiles/cmTC_1fca2.dir/build.make:97: recipe for target 'cmTC_1fca2' failed
make[1]: *** [cmTC_1fca2] Error 1
make[1]: Leaving directory '/home/capstone/autoware.ai/build/ros_observer/CMakeFiles/CMakeTmp'
Makefile:126: recipe for target 'cmTC_1fca2/fast' failed
make: *** [cmTC_1fca2/fast] Error 2


