[1.423s] [  0%] Built target std_msgs_generate_messages_lisp
[1.521s] [  0%] Built target _tablet_socket_msgs_generate_messages_check_deps_gear_cmd
[1.557s] [  0%] Built target std_msgs_generate_messages_nodejs
[1.620s] [  0%] Built target std_msgs_generate_messages_py
[1.621s] [  0%] Built target std_msgs_generate_messages_eus
[1.624s] [  0%] Built target std_msgs_generate_messages_cpp
[1.648s] [  0%] Built target _tablet_socket_msgs_generate_messages_check_deps_error_info
[1.650s] [  0%] Built target _tablet_socket_msgs_generate_messages_check_deps_route_cmd
[1.668s] [  0%] Built target _tablet_socket_msgs_generate_messages_check_deps_mode_cmd
[1.674s] [  0%] Built target _tablet_socket_msgs_generate_messages_check_deps_Waypoint
[1.733s] [  0%] Built target _tablet_socket_msgs_generate_messages_check_deps_mode_info
[2.231s] [ 18%] Built target tablet_socket_msgs_generate_messages_cpp
[2.515s] [ 40%] Built target tablet_socket_msgs_generate_messages_py
[2.541s] [ 62%] Built target tablet_socket_msgs_generate_messages_eus
[2.605s] [ 81%] Built target tablet_socket_msgs_generate_messages_lisp
[2.638s] [100%] Built target tablet_socket_msgs_generate_messages_nodejs
[3.321s] [100%] Built target tablet_socket_msgs_generate_messages
[5.856s] Built target tests
[7.197s] [  0%] Built target std_msgs_generate_messages_py
[7.231s] [  0%] Built target std_msgs_generate_messages_cpp
[7.272s] [  0%] Built target std_msgs_generate_messages_eus
[7.274s] [  0%] Built target std_msgs_generate_messages_nodejs
[7.291s] [  0%] Built target _tablet_socket_msgs_generate_messages_check_deps_route_cmd
[7.330s] [  0%] Built target _tablet_socket_msgs_generate_messages_check_deps_error_info
[7.330s] [  0%] Built target _tablet_socket_msgs_generate_messages_check_deps_mode_cmd
[7.340s] [  0%] Built target _tablet_socket_msgs_generate_messages_check_deps_mode_info
[7.381s] [  0%] Built target std_msgs_generate_messages_lisp
[7.423s] [  0%] Built target _tablet_socket_msgs_generate_messages_check_deps_gear_cmd
[7.428s] [  0%] Built target _tablet_socket_msgs_generate_messages_check_deps_Waypoint
[7.636s] [ 18%] Built target tablet_socket_msgs_generate_messages_lisp
[7.655s] [ 40%] Built target tablet_socket_msgs_generate_messages_py
[7.662s] [ 59%] Built target tablet_socket_msgs_generate_messages_cpp
[7.675s] [ 81%] Built target tablet_socket_msgs_generate_messages_eus
[7.697s] [100%] Built target tablet_socket_msgs_generate_messages_nodejs
[7.857s] [100%] Built target tablet_socket_msgs_generate_messages
[8.017s] [36mInstall the project...[0m
[8.085s] -- Install configuration: "Release"
[8.086s] -- Up-to-date: /home/capstone/autoware.ai/install/tablet_socket_msgs/share/tablet_socket_msgs/msg/Waypoint.msg
[8.086s] -- Up-to-date: /home/capstone/autoware.ai/install/tablet_socket_msgs/share/tablet_socket_msgs/msg/error_info.msg
[8.087s] -- Up-to-date: /home/capstone/autoware.ai/install/tablet_socket_msgs/share/tablet_socket_msgs/msg/gear_cmd.msg
[8.087s] -- Up-to-date: /home/capstone/autoware.ai/install/tablet_socket_msgs/share/tablet_socket_msgs/msg/mode_cmd.msg
[8.088s] -- Up-to-date: /home/capstone/autoware.ai/install/tablet_socket_msgs/share/tablet_socket_msgs/msg/mode_info.msg
[8.088s] -- Up-to-date: /home/capstone/autoware.ai/install/tablet_socket_msgs/share/tablet_socket_msgs/msg/route_cmd.msg
[8.090s] -- Up-to-date: /home/capstone/autoware.ai/install/tablet_socket_msgs/share/tablet_socket_msgs/cmake/tablet_socket_msgs-msg-paths.cmake
[8.090s] -- Up-to-date: /home/capstone/autoware.ai/install/tablet_socket_msgs/include/tablet_socket_msgs
[8.091s] -- Up-to-date: /home/capstone/autoware.ai/install/tablet_socket_msgs/include/tablet_socket_msgs/gear_cmd.h
[8.091s] -- Up-to-date: /home/capstone/autoware.ai/install/tablet_socket_msgs/include/tablet_socket_msgs/route_cmd.h
[8.091s] -- Up-to-date: /home/capstone/autoware.ai/install/tablet_socket_msgs/include/tablet_socket_msgs/Waypoint.h
[8.091s] -- Up-to-date: /home/capstone/autoware.ai/install/tablet_socket_msgs/include/tablet_socket_msgs/mode_cmd.h
[8.092s] -- Up-to-date: /home/capstone/autoware.ai/install/tablet_socket_msgs/include/tablet_socket_msgs/mode_info.h
[8.092s] -- Up-to-date: /home/capstone/autoware.ai/install/tablet_socket_msgs/include/tablet_socket_msgs/error_info.h
[8.092s] -- Up-to-date: /home/capstone/autoware.ai/install/tablet_socket_msgs/share/roseus/ros/tablet_socket_msgs
[8.093s] -- Up-to-date: /home/capstone/autoware.ai/install/tablet_socket_msgs/share/roseus/ros/tablet_socket_msgs/manifest.l
[8.093s] -- Up-to-date: /home/capstone/autoware.ai/install/tablet_socket_msgs/share/roseus/ros/tablet_socket_msgs/msg
[8.093s] -- Up-to-date: /home/capstone/autoware.ai/install/tablet_socket_msgs/share/roseus/ros/tablet_socket_msgs/msg/Waypoint.l
[8.094s] -- Up-to-date: /home/capstone/autoware.ai/install/tablet_socket_msgs/share/roseus/ros/tablet_socket_msgs/msg/gear_cmd.l
[8.094s] -- Up-to-date: /home/capstone/autoware.ai/install/tablet_socket_msgs/share/roseus/ros/tablet_socket_msgs/msg/error_info.l
[8.094s] -- Up-to-date: /home/capstone/autoware.ai/install/tablet_socket_msgs/share/roseus/ros/tablet_socket_msgs/msg/mode_cmd.l
[8.095s] -- Up-to-date: /home/capstone/autoware.ai/install/tablet_socket_msgs/share/roseus/ros/tablet_socket_msgs/msg/route_cmd.l
[8.096s] -- Up-to-date: /home/capstone/autoware.ai/install/tablet_socket_msgs/share/roseus/ros/tablet_socket_msgs/msg/mode_info.l
[8.096s] -- Up-to-date: /home/capstone/autoware.ai/install/tablet_socket_msgs/share/common-lisp/ros/tablet_socket_msgs
[8.096s] -- Up-to-date: /home/capstone/autoware.ai/install/tablet_socket_msgs/share/common-lisp/ros/tablet_socket_msgs/msg
[8.096s] -- Up-to-date: /home/capstone/autoware.ai/install/tablet_socket_msgs/share/common-lisp/ros/tablet_socket_msgs/msg/gear_cmd.lisp
[8.097s] -- Up-to-date: /home/capstone/autoware.ai/install/tablet_socket_msgs/share/common-lisp/ros/tablet_socket_msgs/msg/_package_error_info.lisp
[8.099s] -- Up-to-date: /home/capstone/autoware.ai/install/tablet_socket_msgs/share/common-lisp/ros/tablet_socket_msgs/msg/_package_mode_info.lisp
[8.099s] -- Up-to-date: /home/capstone/autoware.ai/install/tablet_socket_msgs/share/common-lisp/ros/tablet_socket_msgs/msg/route_cmd.lisp
[8.099s] -- Up-to-date: /home/capstone/autoware.ai/install/tablet_socket_msgs/share/common-lisp/ros/tablet_socket_msgs/msg/Waypoint.lisp
[8.099s] -- Up-to-date: /home/capstone/autoware.ai/install/tablet_socket_msgs/share/common-lisp/ros/tablet_socket_msgs/msg/tablet_socket_msgs-msg.asd
[8.099s] -- Up-to-date: /home/capstone/autoware.ai/install/tablet_socket_msgs/share/common-lisp/ros/tablet_socket_msgs/msg/_package_mode_cmd.lisp
[8.100s] -- Up-to-date: /home/capstone/autoware.ai/install/tablet_socket_msgs/share/common-lisp/ros/tablet_socket_msgs/msg/error_info.lisp
[8.100s] -- Up-to-date: /home/capstone/autoware.ai/install/tablet_socket_msgs/share/common-lisp/ros/tablet_socket_msgs/msg/_package_route_cmd.lisp
[8.100s] -- Up-to-date: /home/capstone/autoware.ai/install/tablet_socket_msgs/share/common-lisp/ros/tablet_socket_msgs/msg/_package.lisp
[8.100s] -- Up-to-date: /home/capstone/autoware.ai/install/tablet_socket_msgs/share/common-lisp/ros/tablet_socket_msgs/msg/_package_gear_cmd.lisp
[8.100s] -- Up-to-date: /home/capstone/autoware.ai/install/tablet_socket_msgs/share/common-lisp/ros/tablet_socket_msgs/msg/_package_Waypoint.lisp
[8.100s] -- Up-to-date: /home/capstone/autoware.ai/install/tablet_socket_msgs/share/common-lisp/ros/tablet_socket_msgs/msg/mode_cmd.lisp
[8.100s] -- Up-to-date: /home/capstone/autoware.ai/install/tablet_socket_msgs/share/common-lisp/ros/tablet_socket_msgs/msg/mode_info.lisp
[8.100s] -- Up-to-date: /home/capstone/autoware.ai/install/tablet_socket_msgs/share/gennodejs/ros/tablet_socket_msgs
[8.101s] -- Up-to-date: /home/capstone/autoware.ai/install/tablet_socket_msgs/share/gennodejs/ros/tablet_socket_msgs/_index.js
[8.101s] -- Up-to-date: /home/capstone/autoware.ai/install/tablet_socket_msgs/share/gennodejs/ros/tablet_socket_msgs/msg
[8.101s] -- Up-to-date: /home/capstone/autoware.ai/install/tablet_socket_msgs/share/gennodejs/ros/tablet_socket_msgs/msg/Waypoint.js
[8.101s] -- Up-to-date: /home/capstone/autoware.ai/install/tablet_socket_msgs/share/gennodejs/ros/tablet_socket_msgs/msg/_index.js
[8.102s] -- Up-to-date: /home/capstone/autoware.ai/install/tablet_socket_msgs/share/gennodejs/ros/tablet_socket_msgs/msg/mode_cmd.js
[8.102s] -- Up-to-date: /home/capstone/autoware.ai/install/tablet_socket_msgs/share/gennodejs/ros/tablet_socket_msgs/msg/error_info.js
[8.102s] -- Up-to-date: /home/capstone/autoware.ai/install/tablet_socket_msgs/share/gennodejs/ros/tablet_socket_msgs/msg/gear_cmd.js
[8.102s] -- Up-to-date: /home/capstone/autoware.ai/install/tablet_socket_msgs/share/gennodejs/ros/tablet_socket_msgs/msg/mode_info.js
[8.102s] -- Up-to-date: /home/capstone/autoware.ai/install/tablet_socket_msgs/share/gennodejs/ros/tablet_socket_msgs/msg/route_cmd.js
[8.171s] Listing /home/capstone/autoware.ai/build/tablet_socket_msgs/devel/lib/python2.7/dist-packages/tablet_socket_msgs ...
[8.171s] Listing /home/capstone/autoware.ai/build/tablet_socket_msgs/devel/lib/python2.7/dist-packages/tablet_socket_msgs/msg ...
[8.173s] -- Up-to-date: /home/capstone/autoware.ai/install/tablet_socket_msgs/lib/python2.7/dist-packages/tablet_socket_msgs
[8.174s] -- Up-to-date: /home/capstone/autoware.ai/install/tablet_socket_msgs/lib/python2.7/dist-packages/tablet_socket_msgs/__init__.pyc
[8.174s] -- Up-to-date: /home/capstone/autoware.ai/install/tablet_socket_msgs/lib/python2.7/dist-packages/tablet_socket_msgs/__init__.py
[8.174s] -- Up-to-date: /home/capstone/autoware.ai/install/tablet_socket_msgs/lib/python2.7/dist-packages/tablet_socket_msgs/msg
[8.177s] -- Up-to-date: /home/capstone/autoware.ai/install/tablet_socket_msgs/lib/python2.7/dist-packages/tablet_socket_msgs/msg/_mode_cmd.pyc
[8.177s] -- Up-to-date: /home/capstone/autoware.ai/install/tablet_socket_msgs/lib/python2.7/dist-packages/tablet_socket_msgs/msg/_mode_info.pyc
[8.177s] -- Up-to-date: /home/capstone/autoware.ai/install/tablet_socket_msgs/lib/python2.7/dist-packages/tablet_socket_msgs/msg/_gear_cmd.pyc
[8.177s] -- Up-to-date: /home/capstone/autoware.ai/install/tablet_socket_msgs/lib/python2.7/dist-packages/tablet_socket_msgs/msg/_mode_cmd.py
[8.178s] -- Up-to-date: /home/capstone/autoware.ai/install/tablet_socket_msgs/lib/python2.7/dist-packages/tablet_socket_msgs/msg/_error_info.pyc
[8.178s] -- Up-to-date: /home/capstone/autoware.ai/install/tablet_socket_msgs/lib/python2.7/dist-packages/tablet_socket_msgs/msg/_error_info.py
[8.178s] -- Up-to-date: /home/capstone/autoware.ai/install/tablet_socket_msgs/lib/python2.7/dist-packages/tablet_socket_msgs/msg/_gear_cmd.py
[8.178s] -- Up-to-date: /home/capstone/autoware.ai/install/tablet_socket_msgs/lib/python2.7/dist-packages/tablet_socket_msgs/msg/_Waypoint.py
[8.178s] -- Up-to-date: /home/capstone/autoware.ai/install/tablet_socket_msgs/lib/python2.7/dist-packages/tablet_socket_msgs/msg/_mode_info.py
[8.179s] -- Up-to-date: /home/capstone/autoware.ai/install/tablet_socket_msgs/lib/python2.7/dist-packages/tablet_socket_msgs/msg/_route_cmd.py
[8.179s] -- Up-to-date: /home/capstone/autoware.ai/install/tablet_socket_msgs/lib/python2.7/dist-packages/tablet_socket_msgs/msg/__init__.pyc
[8.179s] -- Up-to-date: /home/capstone/autoware.ai/install/tablet_socket_msgs/lib/python2.7/dist-packages/tablet_socket_msgs/msg/_route_cmd.pyc
[8.179s] -- Up-to-date: /home/capstone/autoware.ai/install/tablet_socket_msgs/lib/python2.7/dist-packages/tablet_socket_msgs/msg/_Waypoint.pyc
[8.179s] -- Up-to-date: /home/capstone/autoware.ai/install/tablet_socket_msgs/lib/python2.7/dist-packages/tablet_socket_msgs/msg/__init__.py
[8.179s] -- Up-to-date: /home/capstone/autoware.ai/install/tablet_socket_msgs/lib/pkgconfig/tablet_socket_msgs.pc
[8.179s] -- Up-to-date: /home/capstone/autoware.ai/install/tablet_socket_msgs/share/tablet_socket_msgs/cmake/tablet_socket_msgs-msg-extras.cmake
[8.180s] -- Up-to-date: /home/capstone/autoware.ai/install/tablet_socket_msgs/share/tablet_socket_msgs/cmake/tablet_socket_msgsConfig.cmake
[8.180s] -- Up-to-date: /home/capstone/autoware.ai/install/tablet_socket_msgs/share/tablet_socket_msgs/cmake/tablet_socket_msgsConfig-version.cmake
[8.180s] -- Up-to-date: /home/capstone/autoware.ai/install/tablet_socket_msgs/share/tablet_socket_msgs/package.xml
