[1.928s] -- The C compiler identification is GNU 7.5.0
[2.246s] -- The CXX compiler identification is GNU 7.5.0
[2.261s] -- Check for working C compiler: /usr/bin/cc
[2.969s] -- Check for working C compiler: /usr/bin/cc -- works
[2.971s] -- Detecting C compiler ABI info
[3.778s] -- Detecting C compiler ABI info - done
[3.800s] -- Detecting C compile features
[5.225s] -- Detecting C compile features - done
[5.230s] -- Check for working CXX compiler: /usr/bin/c++
[5.716s] -- Check for working CXX compiler: /usr/bin/c++ -- works
[5.717s] -- Detecting CXX compiler ABI info
[6.202s] -- Detecting CXX compiler ABI info - done
[6.228s] -- Detecting CXX compile features
[8.323s] -- Detecting CXX compile features - done
[8.342s] -- CUDA compilation status: 1.
[8.418s] -- Found OpenCV: /usr (found version "3.2.0") 
[8.466s] -- Using CATKIN_DEVEL_PREFIX: /home/capstone/autoware.ai/build/ff_waypoint_follower/devel
[8.467s] -- Using CMAKE_PREFIX_PATH: /home/capstone/autoware.ai/install/map_file;/home/capstone/autoware.ai/install/op_simu;/home/capstone/autoware.ai/install/lanelet2_extension;/home/capstone/autoware.ai/install/op_planner;/home/capstone/autoware.ai/install/lanelet2_validation;/home/capstone/autoware.ai/install/op_utility;/home/capstone/autoware.ai/install/lanelet2_routing;/home/capstone/autoware.ai/install/lanelet2_projection;/home/capstone/autoware.ai/install/vector_map_server;/home/capstone/autoware.ai/install/libwaypoint_follower;/home/capstone/autoware.ai/install/lanelet2_traffic_rules;/home/capstone/autoware.ai/install/lanelet2_maps;/home/capstone/autoware.ai/install/lanelet2_io;/home/capstone/autoware.ai/install/vector_map;/home/capstone/autoware.ai/install/lanelet2_core;/home/capstone/autoware.ai/install/amathutils_lib;/home/capstone/autoware.ai/install/vector_map_msgs;/home/capstone/autoware.ai/install/autoware_msgs;/home/capstone/autoware.ai/install/autoware_lanelet2_msgs;/home/capstone/autoware.ai/install/autoware_build_flags;/home/capstone/autoware.ai/install/wf_simulator;/home/capstone/autoware.ai/install/vision_ssd_detect;/home/capstone/autoware.ai/install/vision_segment_enet_detect;/home/capstone/autoware.ai/install/vision_lane_detect;/home/capstone/autoware.ai/install/vision_darknet_detect;/home/capstone/autoware.ai/install/vision_beyond_track;/home/capstone/autoware.ai/install/vel_pose_diff_checker;/home/capstone/autoware.ai/install/vehicle_socket;/home/capstone/autoware.ai/install/vehicle_sim_model;/home/capstone/autoware.ai/install/vehicle_model;/home/capstone/autoware.ai/install/vehicle_gazebo_simulation_launcher;/home/capstone/autoware.ai/install/vehicle_gazebo_simulation_interface;/home/capstone/autoware.ai/install/vehicle_engage_panel;/home/capstone/autoware.ai/install/vehicle_description;/home/capstone/autoware.ai/install/op_ros_helpers;/home/capstone/autoware.ai/install/object_map;/home/capstone/autoware.ai/install/lanelet_aisan_converter;/home/capstone/autoware.ai/install/libvectormap;/home/capstone/autoware.ai/install/twist_generator;/home/capstone/autoware.ai/install/twist2odom;/home/capstone/autoware.ai/install/runtime_manager;/home/capstone/autoware.ai/install/tablet_socket_msgs;/home/capstone/autoware.ai/install/sound_player;/home/capstone/autoware.ai/install/points2image;/home/capstone/autoware.ai/install/rosinterface;/home/capstone/autoware.ai/install/rosbag_controller;/home/capstone/autoware.ai/install/points_preprocessor;/home/capstone/autoware.ai/install/lidar_localizer;/home/capstone/autoware.ai/install/emergency_handler;/home/capstone/autoware.ai/install/autoware_health_checker;/home/capstone/autoware.ai/install/ros_observer;/home/capstone/autoware.ai/install/range_vision_fusion;/home/capstone/autoware.ai/install/pos_db;/home/capstone/autoware.ai/install/points_downsampler;/home/capstone/autoware.ai/install/pixel_cloud_fusion;/home/capstone/autoware.ai/install/pcl_omp_registration;/home/capstone/autoware.ai/install/pc2_downsampler;/home/capstone/autoware.ai/install/obj_db;/home/capstone/autoware.ai/install/nmea_navsat;/home/capstone/autoware.ai/install/ndt_tku;/home/capstone/autoware.ai/install/ndt_gpu;/home/capstone/autoware.ai/install/ndt_cpu;/home/capstone/autoware.ai/install/multi_lidar_calibrator;/home/capstone/autoware.ai/install/mrt_cmake_modules;/home/capstone/autoware.ai/install/marker_downsampler;/home/capstone/autoware.ai/install/map_tools;/home/capstone/autoware.ai/install/map_tf_generator;/home/capstone/autoware.ai/install/log_tools;/home/capstone/autoware.ai/install/lgsvl_simulator_bridge;/home/capstone/autoware.ai/install/lanelet2_examples;/home/capstone/autoware.ai/install/lanelet2_python;/home/capstone/autoware.ai/install/integrated_viewer;/home/capstone/autoware.ai/install/image_processor;/home/capstone/autoware.ai/install/graph_tools;/home/capstone/autoware.ai/install/gnss_localizer;/home/capstone/autoware.ai/install/gnss;/home/capstone/autoware.ai/install/glviewer;/home/capstone/autoware.ai/install/gazebo_world_description;/home/capstone/autoware.ai/install/gazebo_imu_description;/home/capstone/autoware.ai/install/gazebo_camera_description;/home/capstone/autoware.ai/install/fastvirtualscan;/home/capstone/autoware.ai/install/ekf_localizer;/home/capstone/autoware.ai/install/detected_objects_visualizer;/home/capstone/autoware.ai/install/decision_maker_panel;/home/capstone/autoware.ai/install/data_preprocessor;/home/capstone/autoware.ai/install/carla_autoware_bridge;/home/capstone/autoware.ai/install/calibration_publisher;/home/capstone/autoware.ai/install/autoware_system_msgs;/home/capstone/autoware.ai/install/autoware_rviz_plugins;/home/capstone/autoware.ai/install/autoware_quickstart_examples;/home/capstone/autoware.ai/install/autoware_pointgrey_drivers;/home/capstone/autoware.ai/install/autoware_driveworks_interface;/home/capstone/autoware.ai/install/autoware_connector;/home/capstone/autoware.ai/install/autoware_camera_lidar_calibrator;/home/capstone/autoware.ai/install/autoware_map_msgs;/home/capstone/autoware.ai/install/autoware_launcher_rviz;/home/capstone/autoware.ai/install/autoware_launcher;/home/capstone/autoware.ai/install/autoware_external_msgs;/home/capstone/autoware.ai/install/autoware_driveworks_gmsl_interface;/home/capstone/autoware.ai/install/autoware_config_msgs;/home/capstone/autoware.ai/install/autoware_can_msgs;/home/capstone/autoware.ai/install/autoware_bag_tools;/opt/carla-ros-bridge/melodic;/opt/ros/melodic
[8.480s] -- This workspace overlays: /home/capstone/autoware.ai/install/map_file;/home/capstone/autoware.ai/install/op_simu;/home/capstone/autoware.ai/install/lanelet2_extension;/home/capstone/autoware.ai/install/op_planner;/home/capstone/autoware.ai/install/lanelet2_validation;/home/capstone/autoware.ai/install/op_utility;/home/capstone/autoware.ai/install/lanelet2_routing;/home/capstone/autoware.ai/install/lanelet2_projection;/home/capstone/autoware.ai/install/vector_map_server;/home/capstone/autoware.ai/install/libwaypoint_follower;/home/capstone/autoware.ai/install/lanelet2_traffic_rules;/home/capstone/autoware.ai/install/lanelet2_maps;/home/capstone/autoware.ai/install/lanelet2_io;/home/capstone/autoware.ai/install/vector_map;/home/capstone/autoware.ai/install/lanelet2_core;/home/capstone/autoware.ai/install/amathutils_lib;/home/capstone/autoware.ai/install/vector_map_msgs;/home/capstone/autoware.ai/install/autoware_msgs;/home/capstone/autoware.ai/install/autoware_lanelet2_msgs;/home/capstone/autoware.ai/install/autoware_build_flags;/home/capstone/autoware.ai/install/wf_simulator;/home/capstone/autoware.ai/install/vision_ssd_detect;/home/capstone/autoware.ai/install/vision_segment_enet_detect;/home/capstone/autoware.ai/install/vision_lane_detect;/home/capstone/autoware.ai/install/vision_darknet_detect;/home/capstone/autoware.ai/install/vision_beyond_track;/home/capstone/autoware.ai/install/vel_pose_diff_checker;/home/capstone/autoware.ai/install/vehicle_socket;/home/capstone/autoware.ai/install/vehicle_sim_model;/home/capstone/autoware.ai/install/vehicle_model;/home/capstone/autoware.ai/install/vehicle_gazebo_simulation_launcher;/home/capstone/autoware.ai/install/vehicle_gazebo_simulation_interface;/home/capstone/autoware.ai/install/vehicle_engage_panel;/home/capstone/autoware.ai/install/vehicle_description;/home/capstone/autoware.ai/install/libvectormap;/home/capstone/autoware.ai/install/twist_generator;/home/capstone/autoware.ai/install/twist2odom;/home/capstone/autoware.ai/install/runtime_manager;/home/capstone/autoware.ai/install/tablet_socket_msgs;/home/capstone/autoware.ai/install/sound_player;/home/capstone/autoware.ai/install/points2image;/home/capstone/autoware.ai/install/rosinterface;/home/capstone/autoware.ai/install/rosbag_controller;/home/capstone/autoware.ai/install/points_preprocessor;/home/capstone/autoware.ai/install/lidar_localizer;/home/capstone/autoware.ai/install/emergency_handler;/home/capstone/autoware.ai/install/autoware_health_checker;/home/capstone/autoware.ai/install/ros_observer;/home/capstone/autoware.ai/install/range_vision_fusion;/home/capstone/autoware.ai/install/pos_db;/home/capstone/autoware.ai/install/points_downsampler;/home/capstone/autoware.ai/install/pixel_cloud_fusion;/home/capstone/autoware.ai/install/pcl_omp_registration;/home/capstone/autoware.ai/install/pc2_downsampler;/home/capstone/autoware.ai/install/obj_db;/home/capstone/autoware.ai/install/nmea_navsat;/home/capstone/autoware.ai/install/ndt_tku;/home/capstone/autoware.ai/install/ndt_gpu;/home/capstone/autoware.ai/install/ndt_cpu;/home/capstone/autoware.ai/install/multi_lidar_calibrator;/home/capstone/autoware.ai/install/mrt_cmake_modules;/home/capstone/autoware.ai/install/marker_downsampler;/home/capstone/autoware.ai/install/map_tools;/home/capstone/autoware.ai/install/map_tf_generator;/home/capstone/autoware.ai/install/log_tools;/home/capstone/autoware.ai/install/lgsvl_simulator_bridge;/home/capstone/autoware.ai/install/lanelet2_examples;/home/capstone/autoware.ai/install/lanelet2_python;/home/capstone/autoware.ai/install/integrated_viewer;/home/capstone/autoware.ai/install/image_processor;/home/capstone/autoware.ai/install/graph_tools;/home/capstone/autoware.ai/install/gnss_localizer;/home/capstone/autoware.ai/install/gnss;/home/capstone/autoware.ai/install/glviewer;/home/capstone/autoware.ai/install/gazebo_world_description;/home/capstone/autoware.ai/install/gazebo_imu_description;/home/capstone/autoware.ai/install/gazebo_camera_description;/home/capstone/autoware.ai/install/fastvirtualscan;/home/capstone/autoware.ai/install/ekf_localizer;/home/capstone/autoware.ai/install/detected_objects_visualizer;/home/capstone/autoware.ai/install/decision_maker_panel;/home/capstone/autoware.ai/install/data_preprocessor;/home/capstone/autoware.ai/install/carla_autoware_bridge;/home/capstone/autoware.ai/install/calibration_publisher;/home/capstone/autoware.ai/install/autoware_system_msgs;/home/capstone/autoware.ai/install/autoware_rviz_plugins;/home/capstone/autoware.ai/install/autoware_quickstart_examples;/home/capstone/autoware.ai/install/autoware_pointgrey_drivers;/home/capstone/autoware.ai/install/autoware_driveworks_interface;/home/capstone/autoware.ai/install/autoware_connector;/home/capstone/autoware.ai/install/autoware_camera_lidar_calibrator;/home/capstone/autoware.ai/install/autoware_map_msgs;/home/capstone/autoware.ai/install/autoware_launcher_rviz;/home/capstone/autoware.ai/install/autoware_launcher;/home/capstone/autoware.ai/install/autoware_external_msgs;/home/capstone/autoware.ai/install/autoware_driveworks_gmsl_interface;/home/capstone/autoware.ai/install/autoware_config_msgs;/home/capstone/autoware.ai/install/autoware_can_msgs;/home/capstone/autoware.ai/install/autoware_bag_tools;/opt/carla-ros-bridge/melodic;/opt/ros/melodic
[8.629s] -- Found PythonInterp: /usr/bin/python2 (found suitable version "2.7.17", minimum required is "2") 
[8.630s] -- Using PYTHON_EXECUTABLE: /usr/bin/python2
[8.630s] -- Using Debian Python package layout
[8.634s] -- Using empy: /usr/bin/empy
[9.110s] -- Using CATKIN_ENABLE_TESTING: ON
[9.110s] -- Call enable_testing()
[9.137s] -- Using CATKIN_TEST_RESULTS_DIR: /home/capstone/autoware.ai/build/ff_waypoint_follower/test_results
[9.261s] -- Found gtest sources under '/usr/src/googletest': gtests will be built
[9.262s] -- Found gmock sources under '/usr/src/googletest': gmock will be built
[9.355s] -- Found PythonInterp: /usr/bin/python2 (found version "2.7.17") 
[9.359s] -- Looking for pthread.h
[9.834s] -- Looking for pthread.h - found
[9.838s] -- Looking for pthread_create
[10.330s] -- Looking for pthread_create - not found
[10.331s] -- Looking for pthread_create in pthreads
[10.748s] -- Looking for pthread_create in pthreads - not found
[10.749s] -- Looking for pthread_create in pthread
[11.235s] -- Looking for pthread_create in pthread - found
[11.239s] -- Found Threads: TRUE  
[11.252s] -- Using Python nosetests: /usr/bin/nosetests-2.7
[11.498s] -- catkin 0.7.23
[11.499s] -- BUILD_SHARED_LIBS is on
[13.386s] -- Using these message generators: gencpp;geneus;genlisp;gennodejs;genpy
[15.883s] -- Configuring done
[16.141s] -- Generating done
[16.181s] -- Build files have been written to: /home/capstone/autoware.ai/build/ff_waypoint_follower
[16.582s] [35m[1mScanning dependencies of target rosgraph_msgs_generate_messages_eus[0m
[16.703s] [  0%] Built target rosgraph_msgs_generate_messages_eus
[16.842s] [35m[1mScanning dependencies of target jsk_recognition_msgs_generate_messages_cpp[0m
[17.032s] [  0%] Built target jsk_recognition_msgs_generate_messages_cpp
[17.198s] [35m[1mScanning dependencies of target geometry_msgs_generate_messages_lisp[0m
[17.316s] [  0%] Built target geometry_msgs_generate_messages_lisp
[17.418s] [35m[1mScanning dependencies of target autoware_msgs_generate_messages_eus[0m
[17.530s] [  0%] Built target autoware_msgs_generate_messages_eus
[17.647s] [35m[1mScanning dependencies of target std_msgs_generate_messages_nodejs[0m
[17.791s] [  0%] Built target std_msgs_generate_messages_nodejs
[17.907s] [35m[1mScanning dependencies of target vector_map_msgs_generate_messages_nodejs[0m
[18.015s] [  0%] Built target vector_map_msgs_generate_messages_nodejs
[18.123s] [35m[1mScanning dependencies of target vector_map_msgs_generate_messages_eus[0m
[18.231s] [  0%] Built target vector_map_msgs_generate_messages_eus
[18.327s] [35m[1mScanning dependencies of target vector_map_msgs_generate_messages_cpp[0m
[18.430s] [  0%] Built target vector_map_msgs_generate_messages_cpp
[18.525s] [35m[1mScanning dependencies of target visualization_msgs_generate_messages_nodejs[0m
[18.621s] [  0%] Built target visualization_msgs_generate_messages_nodejs
[18.718s] [35m[1mScanning dependencies of target visualization_msgs_generate_messages_lisp[0m
[18.839s] [  0%] Built target visualization_msgs_generate_messages_lisp
[18.982s] [35m[1mScanning dependencies of target visualization_msgs_generate_messages_eus[0m
[19.098s] [  0%] Built target visualization_msgs_generate_messages_eus
[19.197s] [35m[1mScanning dependencies of target tf2_msgs_generate_messages_py[0m
[19.308s] [  0%] Built target tf2_msgs_generate_messages_py
[19.418s] [35m[1mScanning dependencies of target tf2_msgs_generate_messages_nodejs[0m
[19.555s] [  0%] Built target tf2_msgs_generate_messages_nodejs
[19.672s] [35m[1mScanning dependencies of target tf2_msgs_generate_messages_lisp[0m
[19.821s] [  0%] Built target tf2_msgs_generate_messages_lisp
[19.946s] [35m[1mScanning dependencies of target tf2_msgs_generate_messages_cpp[0m
[20.091s] [  0%] Built target tf2_msgs_generate_messages_cpp
[20.196s] [35m[1mScanning dependencies of target actionlib_generate_messages_py[0m
[20.302s] [  0%] Built target actionlib_generate_messages_py
[20.406s] [35m[1mScanning dependencies of target actionlib_generate_messages_nodejs[0m
[20.514s] [  0%] Built target actionlib_generate_messages_nodejs
[20.610s] [35m[1mScanning dependencies of target actionlib_generate_messages_cpp[0m
[20.731s] [  0%] Built target actionlib_generate_messages_cpp
[20.841s] [35m[1mScanning dependencies of target geometry_msgs_generate_messages_eus[0m
[20.946s] [  0%] Built target geometry_msgs_generate_messages_eus
[21.068s] [35m[1mScanning dependencies of target std_msgs_generate_messages_cpp[0m
[21.185s] [  0%] Built target std_msgs_generate_messages_cpp
[21.286s] [35m[1mScanning dependencies of target jsk_footstep_msgs_generate_messages_py[0m
[21.394s] [  0%] Built target jsk_footstep_msgs_generate_messages_py
[21.503s] [35m[1mScanning dependencies of target geometry_msgs_generate_messages_py[0m
[21.603s] [  0%] Built target geometry_msgs_generate_messages_py
[21.700s] [35m[1mScanning dependencies of target vector_map_server_generate_messages_nodejs[0m
[21.802s] [  0%] Built target vector_map_server_generate_messages_nodejs
[21.914s] [35m[1mScanning dependencies of target tf2_msgs_generate_messages_eus[0m
[22.015s] [  0%] Built target tf2_msgs_generate_messages_eus
[22.116s] [35m[1mScanning dependencies of target sensor_msgs_generate_messages_py[0m
[22.219s] [  0%] Built target sensor_msgs_generate_messages_py
[22.317s] [35m[1mScanning dependencies of target jsk_footstep_msgs_generate_messages_lisp[0m
[22.409s] [  0%] Built target jsk_footstep_msgs_generate_messages_lisp
[22.515s] [35m[1mScanning dependencies of target autoware_msgs_generate_messages_nodejs[0m
[22.631s] [  0%] Built target autoware_msgs_generate_messages_nodejs
[22.757s] [35m[1mScanning dependencies of target actionlib_msgs_generate_messages_eus[0m
[22.876s] [  0%] Built target actionlib_msgs_generate_messages_eus
[22.985s] [35m[1mScanning dependencies of target tf_generate_messages_eus[0m
[23.103s] [  0%] Built target tf_generate_messages_eus
[23.196s] [35m[1mScanning dependencies of target autoware_msgs_generate_messages_py[0m
[23.316s] [  0%] Built target autoware_msgs_generate_messages_py
[23.421s] [35m[1mScanning dependencies of target rosgraph_msgs_generate_messages_lisp[0m
[23.509s] [  0%] Built target rosgraph_msgs_generate_messages_lisp
[23.595s] [35m[1mScanning dependencies of target vector_map_server_generate_messages_lisp[0m
[23.687s] [  0%] Built target vector_map_server_generate_messages_lisp
[23.780s] [35m[1mScanning dependencies of target visualization_msgs_generate_messages_cpp[0m
[23.875s] [  0%] Built target visualization_msgs_generate_messages_cpp
[23.971s] [35m[1mScanning dependencies of target sensor_msgs_generate_messages_lisp[0m
[24.080s] [  0%] Built target sensor_msgs_generate_messages_lisp
[24.176s] [35m[1mScanning dependencies of target sensor_msgs_generate_messages_eus[0m
[24.272s] [  0%] Built target sensor_msgs_generate_messages_eus
[24.364s] [35m[1mScanning dependencies of target roscpp_generate_messages_cpp[0m
[24.452s] [  0%] Built target roscpp_generate_messages_cpp
[24.553s] [35m[1mScanning dependencies of target visualization_msgs_generate_messages_py[0m
[24.655s] [  0%] Built target visualization_msgs_generate_messages_py
[24.755s] [35m[1mScanning dependencies of target autoware_msgs_generate_messages_lisp[0m
[24.869s] [  0%] Built target autoware_msgs_generate_messages_lisp
[24.960s] [35m[1mScanning dependencies of target sensor_msgs_generate_messages_cpp[0m
[25.060s] [  0%] Built target sensor_msgs_generate_messages_cpp
[25.160s] [35m[1mScanning dependencies of target pcl_msgs_generate_messages_cpp[0m
[25.267s] [  0%] Built target pcl_msgs_generate_messages_cpp
[25.371s] [35m[1mScanning dependencies of target jsk_recognition_msgs_generate_messages_py[0m
[25.469s] [  0%] Built target jsk_recognition_msgs_generate_messages_py
[25.565s] [35m[1mScanning dependencies of target std_msgs_generate_messages_lisp[0m
[25.664s] [  0%] Built target std_msgs_generate_messages_lisp
[25.770s] [35m[1mScanning dependencies of target autoware_msgs_generate_messages_cpp[0m
[25.884s] [  0%] Built target autoware_msgs_generate_messages_cpp
[25.996s] [35m[1mScanning dependencies of target jsk_footstep_msgs_generate_messages_eus[0m
[26.106s] [  0%] Built target jsk_footstep_msgs_generate_messages_eus
[26.204s] [35m[1mScanning dependencies of target actionlib_generate_messages_lisp[0m
[26.322s] [  0%] Built target actionlib_generate_messages_lisp
[26.420s] [35m[1mScanning dependencies of target _catkin_empty_exported_target[0m
[26.523s] [  0%] Built target _catkin_empty_exported_target
[26.617s] [35m[1mScanning dependencies of target roscpp_generate_messages_lisp[0m
[26.724s] [  0%] Built target roscpp_generate_messages_lisp
[26.820s] [35m[1mScanning dependencies of target geometry_msgs_generate_messages_nodejs[0m
[26.936s] [  0%] Built target geometry_msgs_generate_messages_nodejs
[27.038s] [35m[1mScanning dependencies of target geometry_msgs_generate_messages_cpp[0m
[27.137s] [  0%] Built target geometry_msgs_generate_messages_cpp
[27.233s] [35m[1mScanning dependencies of target pcl_msgs_generate_messages_eus[0m
[27.327s] [  0%] Built target pcl_msgs_generate_messages_eus
[27.425s] [35m[1mScanning dependencies of target vector_map_msgs_generate_messages_lisp[0m
[27.533s] [  0%] Built target vector_map_msgs_generate_messages_lisp
[27.628s] [35m[1mScanning dependencies of target pcl_msgs_generate_messages_nodejs[0m
[27.738s] [  0%] Built target pcl_msgs_generate_messages_nodejs
[27.839s] [35m[1mScanning dependencies of target pcl_msgs_generate_messages_lisp[0m
[27.943s] [  0%] Built target pcl_msgs_generate_messages_lisp
[28.047s] [35m[1mScanning dependencies of target pcl_msgs_generate_messages_py[0m
[28.151s] [  0%] Built target pcl_msgs_generate_messages_py
[28.239s] [35m[1mScanning dependencies of target sensor_msgs_generate_messages_nodejs[0m
[28.349s] [  0%] Built target sensor_msgs_generate_messages_nodejs
[28.448s] [35m[1mScanning dependencies of target jsk_footstep_msgs_generate_messages_nodejs[0m
[28.555s] [  0%] Built target jsk_footstep_msgs_generate_messages_nodejs
[28.668s] [35m[1mScanning dependencies of target actionlib_msgs_generate_messages_cpp[0m
[28.774s] [  0%] Built target actionlib_msgs_generate_messages_cpp
[28.873s] [35m[1mScanning dependencies of target actionlib_msgs_generate_messages_py[0m
[28.990s] [  0%] Built target actionlib_msgs_generate_messages_py
[29.089s] [35m[1mScanning dependencies of target tf_generate_messages_lisp[0m
[29.192s] [  0%] Built target tf_generate_messages_lisp
[29.288s] [35m[1mScanning dependencies of target tf_generate_messages_nodejs[0m
[29.395s] [  0%] Built target tf_generate_messages_nodejs
[29.498s] [35m[1mScanning dependencies of target std_msgs_generate_messages_eus[0m
[29.593s] [  0%] Built target std_msgs_generate_messages_eus
[29.697s] [35m[1mScanning dependencies of target actionlib_msgs_generate_messages_lisp[0m
[29.804s] [  0%] Built target actionlib_msgs_generate_messages_lisp
[29.907s] [35m[1mScanning dependencies of target actionlib_msgs_generate_messages_nodejs[0m
[30.018s] [  0%] Built target actionlib_msgs_generate_messages_nodejs
[30.113s] [35m[1mScanning dependencies of target tf_generate_messages_py[0m
[30.213s] [  0%] Built target tf_generate_messages_py
[30.324s] [35m[1mScanning dependencies of target jsk_recognition_msgs_generate_messages_nodejs[0m
[30.444s] [  0%] Built target jsk_recognition_msgs_generate_messages_nodejs
[30.553s] [35m[1mScanning dependencies of target roscpp_generate_messages_py[0m
[30.657s] [  0%] Built target roscpp_generate_messages_py
[30.761s] [35m[1mScanning dependencies of target roscpp_generate_messages_eus[0m
[30.864s] [  0%] Built target roscpp_generate_messages_eus
[30.962s] [35m[1mScanning dependencies of target jsk_footstep_msgs_generate_messages_cpp[0m
[31.058s] [  0%] Built target jsk_footstep_msgs_generate_messages_cpp
[31.157s] [35m[1mScanning dependencies of target roscpp_generate_messages_nodejs[0m
[31.260s] [  0%] Built target roscpp_generate_messages_nodejs
[31.357s] [35m[1mScanning dependencies of target actionlib_generate_messages_eus[0m
[31.457s] [  0%] Built target actionlib_generate_messages_eus
[31.559s] [35m[1mScanning dependencies of target rosgraph_msgs_generate_messages_cpp[0m
[31.653s] [  0%] Built target rosgraph_msgs_generate_messages_cpp
[31.763s] [35m[1mScanning dependencies of target std_msgs_generate_messages_py[0m
[31.924s] [  0%] Built target std_msgs_generate_messages_py
[32.028s] [35m[1mScanning dependencies of target jsk_recognition_msgs_generate_messages_eus[0m
[32.145s] [  0%] Built target jsk_recognition_msgs_generate_messages_eus
[32.248s] [35m[1mScanning dependencies of target tf_generate_messages_cpp[0m
[32.348s] [  0%] Built target tf_generate_messages_cpp
[32.444s] [35m[1mScanning dependencies of target jsk_recognition_msgs_generate_messages_lisp[0m
[32.564s] [  0%] Built target jsk_recognition_msgs_generate_messages_lisp
[32.674s] [35m[1mScanning dependencies of target rosgraph_msgs_generate_messages_nodejs[0m
[32.766s] [  0%] Built target rosgraph_msgs_generate_messages_nodejs
[32.878s] [35m[1mScanning dependencies of target rosgraph_msgs_generate_messages_py[0m
[32.980s] [  0%] Built target rosgraph_msgs_generate_messages_py
[33.080s] [35m[1mScanning dependencies of target vector_map_msgs_generate_messages_py[0m
[33.196s] [  0%] Built target vector_map_msgs_generate_messages_py
[33.300s] [35m[1mScanning dependencies of target vector_map_server_generate_messages_cpp[0m
[33.404s] [  0%] Built target vector_map_server_generate_messages_cpp
[33.500s] [35m[1mScanning dependencies of target vector_map_server_generate_messages_eus[0m
[33.595s] [  0%] Built target vector_map_server_generate_messages_eus
[33.689s] [35m[1mScanning dependencies of target vector_map_server_generate_messages_py[0m
[33.790s] [  0%] Built target vector_map_server_generate_messages_py
[33.895s] [35m[1mScanning dependencies of target ff_waypoint_follower[0m
[34.091s] [ 33%] [32mBuilding CXX object CMakeFiles/ff_waypoint_follower.dir/nodes/ff_waypoint_follower.cpp.o[0m
[44.187s] [ 66%] [32mBuilding CXX object CMakeFiles/ff_waypoint_follower.dir/nodes/ff_waypoint_follower_core.cpp.o[0m
[62.081s] [100%] [32m[1mLinking CXX executable devel/lib/ff_waypoint_follower/ff_waypoint_follower[0m
[62.730s] [100%] Built target ff_waypoint_follower
[65.238s] [35m[1mScanning dependencies of target tests[0m
[65.390s] Built target tests
[68.441s] [  0%] Built target rosgraph_msgs_generate_messages_eus
[68.668s] [  0%] Built target jsk_recognition_msgs_generate_messages_cpp
[68.927s] [  0%] Built target geometry_msgs_generate_messages_lisp
[69.219s] [  0%] Built target autoware_msgs_generate_messages_eus
[69.553s] [  0%] Built target std_msgs_generate_messages_nodejs
[69.831s] [  0%] Built target vector_map_msgs_generate_messages_nodejs
[70.089s] [  0%] Built target vector_map_msgs_generate_messages_eus
[70.349s] [  0%] Built target vector_map_msgs_generate_messages_cpp
[70.642s] [  0%] Built target visualization_msgs_generate_messages_nodejs
[70.934s] [  0%] Built target visualization_msgs_generate_messages_lisp
[71.190s] [  0%] Built target visualization_msgs_generate_messages_eus
[71.417s] [  0%] Built target tf2_msgs_generate_messages_py
[71.687s] [  0%] Built target tf2_msgs_generate_messages_nodejs
[71.934s] [  0%] Built target tf2_msgs_generate_messages_lisp
[72.208s] [  0%] Built target tf2_msgs_generate_messages_cpp
[72.500s] [  0%] Built target actionlib_generate_messages_py
[72.781s] [  0%] Built target actionlib_generate_messages_nodejs
[73.056s] [  0%] Built target actionlib_generate_messages_cpp
[73.400s] [  0%] Built target geometry_msgs_generate_messages_eus
[73.675s] [  0%] Built target std_msgs_generate_messages_cpp
[73.993s] [  0%] Built target jsk_footstep_msgs_generate_messages_py
[74.251s] [  0%] Built target geometry_msgs_generate_messages_py
[74.509s] [  0%] Built target vector_map_server_generate_messages_nodejs
[74.761s] [  0%] Built target tf2_msgs_generate_messages_eus
[74.987s] [  0%] Built target sensor_msgs_generate_messages_py
[75.221s] [  0%] Built target jsk_footstep_msgs_generate_messages_lisp
[75.444s] [  0%] Built target autoware_msgs_generate_messages_nodejs
[75.709s] [  0%] Built target actionlib_msgs_generate_messages_eus
[76.024s] [  0%] Built target tf_generate_messages_eus
[76.349s] [  0%] Built target autoware_msgs_generate_messages_py
[76.595s] [  0%] Built target rosgraph_msgs_generate_messages_lisp
[76.863s] [  0%] Built target vector_map_server_generate_messages_lisp
[77.144s] [  0%] Built target visualization_msgs_generate_messages_cpp
[77.420s] [  0%] Built target sensor_msgs_generate_messages_lisp
[77.750s] [  0%] Built target sensor_msgs_generate_messages_eus
[78.086s] [  0%] Built target roscpp_generate_messages_cpp
[78.366s] [  0%] Built target visualization_msgs_generate_messages_py
[78.690s] [  0%] Built target autoware_msgs_generate_messages_lisp
[78.990s] [  0%] Built target sensor_msgs_generate_messages_cpp
[79.276s] [  0%] Built target pcl_msgs_generate_messages_cpp
[79.585s] [  0%] Built target jsk_recognition_msgs_generate_messages_py
[79.873s] [  0%] Built target std_msgs_generate_messages_lisp
[80.157s] [  0%] Built target autoware_msgs_generate_messages_cpp
[80.480s] [  0%] Built target jsk_footstep_msgs_generate_messages_eus
[80.793s] [  0%] Built target actionlib_generate_messages_lisp
[81.154s] [  0%] Built target _catkin_empty_exported_target
[81.624s] [  0%] Built target roscpp_generate_messages_lisp
[81.968s] [  0%] Built target geometry_msgs_generate_messages_nodejs
[82.232s] [  0%] Built target geometry_msgs_generate_messages_cpp
[82.520s] [  0%] Built target pcl_msgs_generate_messages_eus
[82.820s] [  0%] Built target vector_map_msgs_generate_messages_lisp
[83.107s] [  0%] Built target pcl_msgs_generate_messages_nodejs
[83.359s] [  0%] Built target pcl_msgs_generate_messages_lisp
[83.607s] [  0%] Built target pcl_msgs_generate_messages_py
[83.855s] [  0%] Built target sensor_msgs_generate_messages_nodejs
[84.209s] [  0%] Built target jsk_footstep_msgs_generate_messages_nodejs
[84.551s] [  0%] Built target actionlib_msgs_generate_messages_cpp
[84.916s] [  0%] Built target actionlib_msgs_generate_messages_py
[85.249s] [  0%] Built target tf_generate_messages_lisp
[85.569s] [  0%] Built target tf_generate_messages_nodejs
[85.804s] [  0%] Built target std_msgs_generate_messages_eus
[86.071s] [  0%] Built target actionlib_msgs_generate_messages_lisp
[86.367s] [  0%] Built target actionlib_msgs_generate_messages_nodejs
[86.628s] [  0%] Built target tf_generate_messages_py
[86.827s] [  0%] Built target jsk_recognition_msgs_generate_messages_nodejs
[87.096s] [  0%] Built target roscpp_generate_messages_py
[87.316s] [  0%] Built target roscpp_generate_messages_eus
[87.605s] [  0%] Built target jsk_footstep_msgs_generate_messages_cpp
[87.925s] [  0%] Built target roscpp_generate_messages_nodejs
[88.150s] [  0%] Built target actionlib_generate_messages_eus
[88.411s] [  0%] Built target rosgraph_msgs_generate_messages_cpp
[88.663s] [  0%] Built target std_msgs_generate_messages_py
[88.907s] [  0%] Built target jsk_recognition_msgs_generate_messages_eus
[89.216s] [  0%] Built target tf_generate_messages_cpp
[89.517s] [  0%] Built target jsk_recognition_msgs_generate_messages_lisp
[89.824s] [  0%] Built target rosgraph_msgs_generate_messages_nodejs
[90.123s] [  0%] Built target rosgraph_msgs_generate_messages_py
[90.461s] [  0%] Built target vector_map_msgs_generate_messages_py
[90.833s] [  0%] Built target vector_map_server_generate_messages_cpp
[91.129s] [  0%] Built target vector_map_server_generate_messages_eus
[91.421s] [  0%] Built target vector_map_server_generate_messages_py
[91.774s] [100%] Built target ff_waypoint_follower
[92.018s] [36mInstall the project...[0m
[92.102s] -- Install configuration: "Release"
[92.102s] -- Installing: /home/capstone/autoware.ai/install/ff_waypoint_follower/lib/pkgconfig/ff_waypoint_follower.pc
[92.103s] -- Installing: /home/capstone/autoware.ai/install/ff_waypoint_follower/share/ff_waypoint_follower/cmake/ff_waypoint_followerConfig.cmake
[92.103s] -- Installing: /home/capstone/autoware.ai/install/ff_waypoint_follower/share/ff_waypoint_follower/cmake/ff_waypoint_followerConfig-version.cmake
[92.103s] -- Installing: /home/capstone/autoware.ai/install/ff_waypoint_follower/share/ff_waypoint_follower/package.xml
[92.104s] -- Installing: /home/capstone/autoware.ai/install/ff_waypoint_follower/lib/ff_waypoint_follower/ff_waypoint_follower
[92.113s] -- Set runtime path of "/home/capstone/autoware.ai/install/ff_waypoint_follower/lib/ff_waypoint_follower/ff_waypoint_follower" to ""
[92.113s] -- Installing: /home/capstone/autoware.ai/install/ff_waypoint_follower/share/ff_waypoint_follower/launch
[92.114s] -- Installing: /home/capstone/autoware.ai/install/ff_waypoint_follower/share/ff_waypoint_follower/launch/ffwaypointfollower_robot.launch
[92.114s] -- Installing: /home/capstone/autoware.ai/install/ff_waypoint_follower/share/ff_waypoint_follower/launch/ffwaypointfollower_car.launch
[92.114s] -- Installing: /home/capstone/autoware.ai/install/ff_waypoint_follower/share/ff_waypoint_follower/params
[92.115s] -- Installing: /home/capstone/autoware.ai/install/ff_waypoint_follower/share/ff_waypoint_follower/params/config.yaml
