[0.886s] [  0%] Built target rosgraph_msgs_generate_messages_eus
[1.032s] [  0%] Built target rosgraph_msgs_generate_messages_py
[1.194s] [  0%] Built target rosgraph_msgs_generate_messages_nodejs
[1.364s] [  0%] Built target jsk_recognition_msgs_generate_messages_lisp
[1.508s] [  0%] Built target tf_generate_messages_cpp
[1.649s] [  0%] Built target jsk_recognition_msgs_generate_messages_eus
[1.791s] [  0%] Built target std_msgs_generate_messages_py
[1.936s] [  0%] Built target jsk_recognition_msgs_generate_messages_cpp
[2.090s] [  0%] Built target autoware_system_msgs_generate_messages_py
[2.249s] [  0%] Built target geometry_msgs_generate_messages_lisp
[2.422s] [  0%] Built target autoware_msgs_generate_messages_eus
[2.564s] [  0%] Built target std_msgs_generate_messages_nodejs
[2.710s] [  0%] Built target geometry_msgs_generate_messages_eus
[2.856s] [  0%] Built target std_msgs_generate_messages_cpp
[3.005s] [  0%] Built target jsk_footstep_msgs_generate_messages_py
[3.149s] [  0%] Built target geometry_msgs_generate_messages_py
[3.359s] [  0%] Built target tf2_msgs_generate_messages_eus
[3.502s] [  0%] Built target sensor_msgs_generate_messages_py
[3.646s] [  0%] Built target jsk_footstep_msgs_generate_messages_lisp
[3.795s] [  0%] Built target autoware_msgs_generate_messages_nodejs
[3.937s] [  0%] Built target actionlib_msgs_generate_messages_eus
[4.086s] [  0%] Built target tf_generate_messages_eus
[4.268s] [  0%] Built target autoware_msgs_generate_messages_py
[4.424s] [  0%] Built target rosgraph_msgs_generate_messages_lisp
[4.570s] [  0%] Built target sensor_msgs_generate_messages_lisp
[4.713s] [  0%] Built target sensor_msgs_generate_messages_eus
[4.856s] [  0%] Built target roscpp_generate_messages_cpp
[4.998s] [  0%] Built target autoware_system_msgs_generate_messages_eus
[5.145s] [  0%] Built target autoware_msgs_generate_messages_lisp
[5.355s] [  0%] Built target sensor_msgs_generate_messages_cpp
[5.499s] [  0%] Built target pcl_msgs_generate_messages_cpp
[5.645s] [  0%] Built target jsk_recognition_msgs_generate_messages_py
[5.790s] [  0%] Built target std_msgs_generate_messages_lisp
[5.937s] [  0%] Built target autoware_msgs_generate_messages_cpp
[6.080s] [  0%] Built target jsk_footstep_msgs_generate_messages_eus
[6.233s] [  0%] Built target actionlib_generate_messages_lisp
[6.404s] [  0%] Built target _catkin_empty_exported_target
[6.551s] [  0%] Built target roscpp_generate_messages_lisp
[6.698s] [  0%] Built target geometry_msgs_generate_messages_nodejs
[6.842s] [  0%] Built target geometry_msgs_generate_messages_cpp
[6.985s] [  0%] Built target pcl_msgs_generate_messages_eus
[7.129s] [  0%] Built target pcl_msgs_generate_messages_nodejs
[7.308s] [  0%] Built target pcl_msgs_generate_messages_lisp
[7.460s] [  0%] Built target pcl_msgs_generate_messages_py
[7.604s] [  0%] Built target sensor_msgs_generate_messages_nodejs
[7.749s] [  0%] Built target jsk_footstep_msgs_generate_messages_nodejs
[7.898s] [  0%] Built target actionlib_msgs_generate_messages_cpp
[8.046s] [  0%] Built target actionlib_msgs_generate_messages_py
[8.216s] [  0%] Built target tf_generate_messages_lisp
[8.406s] [  0%] Built target tf_generate_messages_nodejs
[8.548s] [  0%] Built target std_msgs_generate_messages_eus
[8.692s] [  0%] Built target actionlib_msgs_generate_messages_lisp
[8.836s] [  0%] Built target actionlib_msgs_generate_messages_nodejs
[8.980s] [  0%] Built target tf_generate_messages_py
[9.124s] [  0%] Built target jsk_recognition_msgs_generate_messages_nodejs
[9.334s] [  0%] Built target roscpp_generate_messages_py
[9.483s] [  0%] Built target roscpp_generate_messages_eus
[9.629s] [  0%] Built target jsk_footstep_msgs_generate_messages_cpp
[9.773s] [  0%] Built target roscpp_generate_messages_nodejs
[9.922s] [  0%] Built target actionlib_generate_messages_eus
[10.064s] [  0%] Built target rosgraph_msgs_generate_messages_cpp
[10.238s] [  0%] Built target actionlib_generate_messages_cpp
[10.393s] [  0%] Built target actionlib_generate_messages_nodejs
[10.541s] [  0%] Built target actionlib_generate_messages_py
[10.684s] [  0%] Built target tf2_msgs_generate_messages_cpp
[10.827s] [  0%] Built target tf2_msgs_generate_messages_lisp
[10.971s] [  0%] Built target tf2_msgs_generate_messages_nodejs
[11.121s] [  0%] Built target tf2_msgs_generate_messages_py
[11.301s] [  0%] Built target autoware_system_msgs_generate_messages_cpp
[11.481s] [  0%] Built target autoware_system_msgs_generate_messages_lisp
[11.620s] [  0%] Built target autoware_system_msgs_generate_messages_nodejs
[11.775s] [ 13%] Built target mpc_waypoints_converter
[11.950s] [100%] Built target mpc_follower
[13.843s] [  6%] Built target gtest
[13.987s] [  6%] Built target rosgraph_msgs_generate_messages_py
[14.131s] [  6%] Built target rosgraph_msgs_generate_messages_nodejs
[14.371s] [  6%] Built target jsk_recognition_msgs_generate_messages_lisp
[14.515s] [  6%] Built target tf_generate_messages_cpp
[14.662s] [  6%] Built target jsk_recognition_msgs_generate_messages_eus
[14.806s] [  6%] Built target std_msgs_generate_messages_py
[14.951s] [  6%] Built target jsk_recognition_msgs_generate_messages_cpp
[15.093s] [  6%] Built target autoware_system_msgs_generate_messages_py
[15.289s] [  6%] Built target geometry_msgs_generate_messages_lisp
[15.463s] [  6%] Built target autoware_msgs_generate_messages_eus
[15.611s] [  6%] Built target std_msgs_generate_messages_nodejs
[15.755s] [  6%] Built target geometry_msgs_generate_messages_eus
[15.906s] [  6%] Built target std_msgs_generate_messages_cpp
[16.055s] [  6%] Built target jsk_footstep_msgs_generate_messages_py
[16.226s] [  6%] Built target geometry_msgs_generate_messages_py
[16.442s] [  6%] Built target tf2_msgs_generate_messages_eus
[16.588s] [  6%] Built target sensor_msgs_generate_messages_py
[16.730s] [  6%] Built target jsk_footstep_msgs_generate_messages_lisp
[16.871s] [  6%] Built target autoware_msgs_generate_messages_nodejs
[17.020s] [  6%] Built target actionlib_msgs_generate_messages_eus
[17.174s] [  6%] Built target tf_generate_messages_eus
[17.387s] [  6%] Built target autoware_msgs_generate_messages_py
[17.531s] [  6%] Built target rosgraph_msgs_generate_messages_lisp
[17.670s] [  6%] Built target sensor_msgs_generate_messages_lisp
[17.815s] [  6%] Built target sensor_msgs_generate_messages_eus
[17.961s] [  6%] Built target roscpp_generate_messages_cpp
[18.107s] [  6%] Built target autoware_system_msgs_generate_messages_eus
[18.274s] [  6%] Built target autoware_msgs_generate_messages_lisp
[18.470s] [  6%] Built target sensor_msgs_generate_messages_cpp
[18.615s] [  6%] Built target pcl_msgs_generate_messages_cpp
[18.761s] [  6%] Built target jsk_recognition_msgs_generate_messages_py
[18.906s] [  6%] Built target std_msgs_generate_messages_lisp
[19.051s] [  6%] Built target autoware_msgs_generate_messages_cpp
[19.230s] [  6%] Built target jsk_footstep_msgs_generate_messages_eus
[19.426s] [  6%] Built target actionlib_generate_messages_lisp
[19.570s] [  6%] Built target _catkin_empty_exported_target
[19.716s] [  6%] Built target roscpp_generate_messages_lisp
[19.863s] [  6%] Built target geometry_msgs_generate_messages_nodejs
[20.015s] [  6%] Built target geometry_msgs_generate_messages_cpp
[20.164s] [  6%] Built target pcl_msgs_generate_messages_eus
[20.358s] [  6%] Built target pcl_msgs_generate_messages_nodejs
[20.509s] [  6%] Built target pcl_msgs_generate_messages_lisp
[20.653s] [  6%] Built target pcl_msgs_generate_messages_py
[20.795s] [  6%] Built target sensor_msgs_generate_messages_nodejs
[20.941s] [  6%] Built target jsk_footstep_msgs_generate_messages_nodejs
[21.084s] [  6%] Built target actionlib_msgs_generate_messages_cpp
[21.231s] [  6%] Built target actionlib_msgs_generate_messages_py
[21.421s] [  6%] Built target tf_generate_messages_lisp
[21.566s] [  6%] Built target tf_generate_messages_nodejs
[21.710s] [  6%] Built target std_msgs_generate_messages_eus
[21.849s] [  6%] Built target actionlib_msgs_generate_messages_lisp
[21.993s] [  6%] Built target actionlib_msgs_generate_messages_nodejs
[22.141s] [  6%] Built target tf_generate_messages_py
[22.340s] [  6%] Built target jsk_recognition_msgs_generate_messages_nodejs
[22.488s] [  6%] Built target roscpp_generate_messages_py
[22.632s] [  6%] Built target roscpp_generate_messages_eus
[22.778s] [  6%] Built target jsk_footstep_msgs_generate_messages_cpp
[22.926s] [  6%] Built target roscpp_generate_messages_nodejs
[23.070s] [  6%] Built target actionlib_generate_messages_eus
[23.234s] [  6%] Built target rosgraph_msgs_generate_messages_cpp
[23.412s] [  6%] Built target rosgraph_msgs_generate_messages_eus
[23.562s] [  6%] Built target actionlib_generate_messages_cpp
[23.707s] [  6%] Built target actionlib_generate_messages_nodejs
[23.849s] [  6%] Built target actionlib_generate_messages_py
[23.992s] [  6%] Built target tf2_msgs_generate_messages_cpp
[24.135s] [  6%] Built target tf2_msgs_generate_messages_lisp
[24.337s] [  6%] Built target tf2_msgs_generate_messages_nodejs
[24.509s] [  6%] Built target tf2_msgs_generate_messages_py
[24.655s] [  6%] Built target autoware_system_msgs_generate_messages_cpp
[24.797s] [  6%] Built target autoware_system_msgs_generate_messages_lisp
[24.942s] [  6%] Built target autoware_system_msgs_generate_messages_nodejs
[25.117s] [ 50%] Built target test-mpc_follower
[25.363s] [ 90%] Built target test-mpc_utils
[25.519s] [100%] Built target test-mpc_lowpass_filter
[25.666s] [100%] Built target tests
[27.491s] [  0%] Built target rosgraph_msgs_generate_messages_eus
[27.638s] [  0%] Built target rosgraph_msgs_generate_messages_py
[27.780s] [  0%] Built target rosgraph_msgs_generate_messages_nodejs
[27.924s] [  0%] Built target jsk_recognition_msgs_generate_messages_lisp
[28.068s] [  0%] Built target tf_generate_messages_cpp
[28.227s] [  0%] Built target jsk_recognition_msgs_generate_messages_eus
[28.394s] [  0%] Built target std_msgs_generate_messages_py
[28.537s] [  0%] Built target jsk_recognition_msgs_generate_messages_cpp
[28.679s] [  0%] Built target autoware_system_msgs_generate_messages_py
[28.822s] [  0%] Built target geometry_msgs_generate_messages_lisp
[28.970s] [  0%] Built target autoware_msgs_generate_messages_eus
[29.114s] [  0%] Built target std_msgs_generate_messages_nodejs
[29.299s] [  0%] Built target geometry_msgs_generate_messages_eus
[29.464s] [  0%] Built target std_msgs_generate_messages_cpp
[29.608s] [  0%] Built target jsk_footstep_msgs_generate_messages_py
[29.755s] [  0%] Built target geometry_msgs_generate_messages_py
[29.896s] [  0%] Built target tf2_msgs_generate_messages_eus
[30.038s] [  0%] Built target sensor_msgs_generate_messages_py
[30.194s] [  0%] Built target jsk_footstep_msgs_generate_messages_lisp
[30.378s] [  0%] Built target autoware_msgs_generate_messages_nodejs
[30.525s] [  0%] Built target actionlib_msgs_generate_messages_eus
[30.668s] [  0%] Built target tf_generate_messages_eus
[30.814s] [  0%] Built target autoware_msgs_generate_messages_py
[30.963s] [  0%] Built target rosgraph_msgs_generate_messages_lisp
[31.110s] [  0%] Built target sensor_msgs_generate_messages_lisp
[31.301s] [  0%] Built target sensor_msgs_generate_messages_eus
[31.460s] [  0%] Built target roscpp_generate_messages_cpp
[31.604s] [  0%] Built target autoware_system_msgs_generate_messages_eus
[31.746s] [  0%] Built target autoware_msgs_generate_messages_lisp
[31.891s] [  0%] Built target sensor_msgs_generate_messages_cpp
[32.034s] [  0%] Built target pcl_msgs_generate_messages_cpp
[32.181s] [  0%] Built target jsk_recognition_msgs_generate_messages_py
[32.371s] [  0%] Built target std_msgs_generate_messages_lisp
[32.518s] [  0%] Built target autoware_msgs_generate_messages_cpp
[32.661s] [  0%] Built target jsk_footstep_msgs_generate_messages_eus
[32.807s] [  0%] Built target actionlib_generate_messages_lisp
[32.951s] [  0%] Built target _catkin_empty_exported_target
[33.095s] [  0%] Built target roscpp_generate_messages_lisp
[33.279s] [  0%] Built target geometry_msgs_generate_messages_nodejs
[33.439s] [  0%] Built target geometry_msgs_generate_messages_cpp
[33.584s] [  0%] Built target pcl_msgs_generate_messages_eus
[33.727s] [  0%] Built target pcl_msgs_generate_messages_nodejs
[33.871s] [  0%] Built target pcl_msgs_generate_messages_lisp
[34.021s] [  0%] Built target pcl_msgs_generate_messages_py
[34.168s] [  0%] Built target sensor_msgs_generate_messages_nodejs
[34.388s] [  0%] Built target jsk_footstep_msgs_generate_messages_nodejs
[34.530s] [  0%] Built target actionlib_msgs_generate_messages_cpp
[34.674s] [  0%] Built target actionlib_msgs_generate_messages_py
[34.820s] [  0%] Built target tf_generate_messages_lisp
[34.964s] [  0%] Built target tf_generate_messages_nodejs
[35.110s] [  0%] Built target std_msgs_generate_messages_eus
[35.293s] [  0%] Built target actionlib_msgs_generate_messages_lisp
[35.492s] [  0%] Built target actionlib_msgs_generate_messages_nodejs
[35.635s] [  0%] Built target tf_generate_messages_py
[35.787s] [  0%] Built target jsk_recognition_msgs_generate_messages_nodejs
[35.929s] [  0%] Built target roscpp_generate_messages_py
[36.077s] [  0%] Built target roscpp_generate_messages_eus
[36.270s] [  0%] Built target jsk_footstep_msgs_generate_messages_cpp
[36.436s] [  0%] Built target roscpp_generate_messages_nodejs
[36.589s] [  0%] Built target actionlib_generate_messages_eus
[36.734s] [  0%] Built target rosgraph_msgs_generate_messages_cpp
[36.875s] [  0%] Built target actionlib_generate_messages_cpp
[37.017s] [  0%] Built target actionlib_generate_messages_nodejs
[37.160s] [  0%] Built target actionlib_generate_messages_py
[37.372s] [  0%] Built target tf2_msgs_generate_messages_cpp
[37.522s] [  0%] Built target tf2_msgs_generate_messages_lisp
[37.672s] [  0%] Built target tf2_msgs_generate_messages_nodejs
[37.813s] [  0%] Built target tf2_msgs_generate_messages_py
[37.956s] [  0%] Built target autoware_system_msgs_generate_messages_cpp
[38.101s] [  0%] Built target autoware_system_msgs_generate_messages_lisp
[38.279s] [  0%] Built target autoware_system_msgs_generate_messages_nodejs
[38.459s] [ 13%] Built target mpc_waypoints_converter
[38.636s] [100%] Built target mpc_follower
[38.771s] [36mInstall the project...[0m
[38.828s] -- Install configuration: "Release"
[38.829s] -- Up-to-date: /home/capstone/autoware.ai/install/mpc_follower/lib/pkgconfig/mpc_follower.pc
[38.829s] -- Up-to-date: /home/capstone/autoware.ai/install/mpc_follower/share/mpc_follower/cmake/mpc_followerConfig.cmake
[38.829s] -- Up-to-date: /home/capstone/autoware.ai/install/mpc_follower/share/mpc_follower/cmake/mpc_followerConfig-version.cmake
[38.829s] -- Up-to-date: /home/capstone/autoware.ai/install/mpc_follower/share/mpc_follower/package.xml
[38.830s] -- Up-to-date: /home/capstone/autoware.ai/install/mpc_follower/lib/mpc_follower/mpc_follower
[38.831s] -- Up-to-date: /home/capstone/autoware.ai/install/mpc_follower/lib/mpc_follower/mpc_waypoints_converter
[38.832s] -- Up-to-date: /home/capstone/autoware.ai/install/mpc_follower/include/mpc_follower
[38.832s] -- Up-to-date: /home/capstone/autoware.ai/install/mpc_follower/include/mpc_follower/mpc_trajectory.h
[38.832s] -- Up-to-date: /home/capstone/autoware.ai/install/mpc_follower/include/mpc_follower/qp_solver
[38.832s] -- Up-to-date: /home/capstone/autoware.ai/install/mpc_follower/include/mpc_follower/qp_solver/qp_solver_interface.h
[38.833s] -- Up-to-date: /home/capstone/autoware.ai/install/mpc_follower/include/mpc_follower/qp_solver/qp_solver_unconstr_fast.h
[38.833s] -- Up-to-date: /home/capstone/autoware.ai/install/mpc_follower/include/mpc_follower/qp_solver/qp_solver_qpoases.h
[38.833s] -- Up-to-date: /home/capstone/autoware.ai/install/mpc_follower/include/mpc_follower/qp_solver/qp_solver_unconstr.h
[38.833s] -- Up-to-date: /home/capstone/autoware.ai/install/mpc_follower/include/mpc_follower/mpc_utils.h
[38.833s] -- Up-to-date: /home/capstone/autoware.ai/install/mpc_follower/include/mpc_follower/vehicle_model
[38.834s] -- Up-to-date: /home/capstone/autoware.ai/install/mpc_follower/include/mpc_follower/vehicle_model/vehicle_model_bicycle_dynamics.h
[38.834s] -- Up-to-date: /home/capstone/autoware.ai/install/mpc_follower/include/mpc_follower/vehicle_model/vehicle_model_interface.h
[38.834s] -- Up-to-date: /home/capstone/autoware.ai/install/mpc_follower/include/mpc_follower/vehicle_model/vehicle_model_bicycle_kinematics_no_delay.h
[38.834s] -- Up-to-date: /home/capstone/autoware.ai/install/mpc_follower/include/mpc_follower/vehicle_model/vehicle_model_bicycle_kinematics.h
[38.834s] -- Up-to-date: /home/capstone/autoware.ai/install/mpc_follower/include/mpc_follower/lowpass_filter.h
[38.834s] -- Up-to-date: /home/capstone/autoware.ai/install/mpc_follower/include/mpc_follower/mpc_follower_core.h
[38.835s] -- Up-to-date: /home/capstone/autoware.ai/install/mpc_follower/share/mpc_follower/launch
[38.835s] -- Up-to-date: /home/capstone/autoware.ai/install/mpc_follower/share/mpc_follower/launch/mpc_follower.launch
