[0.891s] -- The C compiler identification is GNU 7.5.0
[1.216s] -- The CXX compiler identification is GNU 7.5.0
[1.247s] -- Check for working C compiler: /usr/bin/cc
[1.921s] -- Check for working C compiler: /usr/bin/cc -- works
[1.922s] -- Detecting C compiler ABI info
[2.666s] -- Detecting C compiler ABI info - done
[2.681s] -- Detecting C compile features
[4.795s] -- Detecting C compile features - done
[4.803s] -- Check for working CXX compiler: /usr/bin/c++
[5.573s] -- Check for working CXX compiler: /usr/bin/c++ -- works
[5.575s] -- Detecting CXX compiler ABI info
[6.257s] -- Detecting CXX compiler ABI info - done
[6.278s] -- Detecting CXX compile features
[9.114s] -- Detecting CXX compile features - done
[9.119s] -- CUDA compilation status: 1.
[9.169s] -- Using CATKIN_DEVEL_PREFIX: /home/capstone/autoware.ai/build/twist_generator/devel
[9.171s] -- Using CMAKE_PREFIX_PATH: /home/capstone/autoware.ai/install/amathutils_lib;/home/capstone/autoware.ai/install/autoware_msgs;/home/capstone/autoware.ai/install/autoware_build_flags;/home/capstone/autoware.ai/install/wf_simulator;/home/capstone/autoware.ai/install/vision_ssd_detect;/home/capstone/autoware.ai/install/vision_segment_enet_detect;/home/capstone/autoware.ai/install/vision_lane_detect;/home/capstone/autoware.ai/install/vision_darknet_detect;/home/capstone/autoware.ai/install/vision_beyond_track;/home/capstone/autoware.ai/install/vel_pose_diff_checker;/home/capstone/autoware.ai/install/vehicle_socket;/home/capstone/autoware.ai/install/vehicle_sim_model;/home/capstone/autoware.ai/install/vehicle_model;/home/capstone/autoware.ai/install/vehicle_gazebo_simulation_launcher;/home/capstone/autoware.ai/install/vehicle_gazebo_simulation_interface;/home/capstone/autoware.ai/install/vehicle_engage_panel;/home/capstone/autoware.ai/install/vehicle_description;/home/capstone/autoware.ai/install/op_ros_helpers;/home/capstone/autoware.ai/install/op_simu;/home/capstone/autoware.ai/install/op_planner;/home/capstone/autoware.ai/install/op_utility;/home/capstone/autoware.ai/install/vector_map_server;/home/capstone/autoware.ai/install/object_map;/home/capstone/autoware.ai/install/lanelet_aisan_converter;/home/capstone/autoware.ai/install/map_file;/home/capstone/autoware.ai/install/libvectormap;/home/capstone/autoware.ai/install/vector_map;/home/capstone/autoware.ai/install/vector_map_msgs;/home/capstone/autoware.ai/install/twist_generator;/home/capstone/autoware.ai/install/twist2odom;/home/capstone/autoware.ai/install/runtime_manager;/home/capstone/autoware.ai/install/tablet_socket_msgs;/home/capstone/autoware.ai/install/sound_player;/home/capstone/autoware.ai/install/points2image;/home/capstone/autoware.ai/install/rosinterface;/home/capstone/autoware.ai/install/rosbag_controller;/home/capstone/autoware.ai/install/points_preprocessor;/home/capstone/autoware.ai/install/lidar_localizer;/home/capstone/autoware.ai/install/emergency_handler;/home/capstone/autoware.ai/install/autoware_health_checker;/home/capstone/autoware.ai/install/ros_observer;/home/capstone/autoware.ai/install/range_vision_fusion;/home/capstone/autoware.ai/install/pos_db;/home/capstone/autoware.ai/install/points_downsampler;/home/capstone/autoware.ai/install/pixel_cloud_fusion;/home/capstone/autoware.ai/install/pcl_omp_registration;/home/capstone/autoware.ai/install/pc2_downsampler;/home/capstone/autoware.ai/install/obj_db;/home/capstone/autoware.ai/install/nmea_navsat;/home/capstone/autoware.ai/install/ndt_tku;/home/capstone/autoware.ai/install/ndt_gpu;/home/capstone/autoware.ai/install/ndt_cpu;/home/capstone/autoware.ai/install/multi_lidar_calibrator;/home/capstone/autoware.ai/install/mrt_cmake_modules;/home/capstone/autoware.ai/install/marker_downsampler;/home/capstone/autoware.ai/install/map_tools;/home/capstone/autoware.ai/install/map_tf_generator;/home/capstone/autoware.ai/install/log_tools;/home/capstone/autoware.ai/install/libwaypoint_follower;/home/capstone/autoware.ai/install/lgsvl_simulator_bridge;/home/capstone/autoware.ai/install/lanelet2_extension;/home/capstone/autoware.ai/install/lanelet2_validation;/home/capstone/autoware.ai/install/lanelet2_examples;/home/capstone/autoware.ai/install/lanelet2_python;/home/capstone/autoware.ai/install/lanelet2_routing;/home/capstone/autoware.ai/install/lanelet2_traffic_rules;/home/capstone/autoware.ai/install/lanelet2_projection;/home/capstone/autoware.ai/install/lanelet2_maps;/home/capstone/autoware.ai/install/lanelet2_io;/home/capstone/autoware.ai/install/lanelet2_core;/home/capstone/autoware.ai/install/integrated_viewer;/home/capstone/autoware.ai/install/image_processor;/home/capstone/autoware.ai/install/graph_tools;/home/capstone/autoware.ai/install/gnss_localizer;/home/capstone/autoware.ai/install/gnss;/home/capstone/autoware.ai/install/glviewer;/home/capstone/autoware.ai/install/gazebo_world_description;/home/capstone/autoware.ai/install/gazebo_imu_description;/home/capstone/autoware.ai/install/gazebo_camera_description;/home/capstone/autoware.ai/install/fastvirtualscan;/home/capstone/autoware.ai/install/ekf_localizer;/home/capstone/autoware.ai/install/detected_objects_visualizer;/home/capstone/autoware.ai/install/decision_maker_panel;/home/capstone/autoware.ai/install/data_preprocessor;/home/capstone/autoware.ai/install/carla_autoware_bridge;/home/capstone/autoware.ai/install/calibration_publisher;/home/capstone/autoware.ai/install/autoware_system_msgs;/home/capstone/autoware.ai/install/autoware_rviz_plugins;/home/capstone/autoware.ai/install/autoware_quickstart_examples;/home/capstone/autoware.ai/install/autoware_pointgrey_drivers;/home/capstone/autoware.ai/install/autoware_driveworks_interface;/home/capstone/autoware.ai/install/autoware_connector;/home/capstone/autoware.ai/install/autoware_camera_lidar_calibrator;/home/capstone/autoware.ai/install/autoware_map_msgs;/home/capstone/autoware.ai/install/autoware_launcher_rviz;/home/capstone/autoware.ai/install/autoware_launcher;/home/capstone/autoware.ai/install/autoware_lanelet2_msgs;/home/capstone/autoware.ai/install/autoware_external_msgs;/home/capstone/autoware.ai/install/autoware_driveworks_gmsl_interface;/home/capstone/autoware.ai/install/autoware_config_msgs;/home/capstone/autoware.ai/install/autoware_can_msgs;/home/capstone/autoware.ai/install/autoware_bag_tools;/opt/carla-ros-bridge/melodic;/opt/ros/melodic
[9.181s] -- This workspace overlays: /home/capstone/autoware.ai/install/amathutils_lib;/home/capstone/autoware.ai/install/autoware_msgs;/home/capstone/autoware.ai/install/autoware_build_flags;/home/capstone/autoware.ai/install/vision_ssd_detect;/home/capstone/autoware.ai/install/vision_segment_enet_detect;/home/capstone/autoware.ai/install/vision_lane_detect;/home/capstone/autoware.ai/install/vision_beyond_track;/home/capstone/autoware.ai/install/vehicle_socket;/home/capstone/autoware.ai/install/vehicle_sim_model;/home/capstone/autoware.ai/install/vehicle_model;/home/capstone/autoware.ai/install/vehicle_gazebo_simulation_launcher;/home/capstone/autoware.ai/install/vehicle_gazebo_simulation_interface;/home/capstone/autoware.ai/install/vehicle_engage_panel;/home/capstone/autoware.ai/install/vehicle_description;/home/capstone/autoware.ai/install/op_simu;/home/capstone/autoware.ai/install/op_planner;/home/capstone/autoware.ai/install/op_utility;/home/capstone/autoware.ai/install/vector_map_server;/home/capstone/autoware.ai/install/libvectormap;/home/capstone/autoware.ai/install/vector_map;/home/capstone/autoware.ai/install/vector_map_msgs;/home/capstone/autoware.ai/install/twist2odom;/home/capstone/autoware.ai/install/runtime_manager;/home/capstone/autoware.ai/install/tablet_socket_msgs;/home/capstone/autoware.ai/install/sound_player;/home/capstone/autoware.ai/install/rosinterface;/home/capstone/autoware.ai/install/rosbag_controller;/home/capstone/autoware.ai/install/autoware_health_checker;/home/capstone/autoware.ai/install/ros_observer;/home/capstone/autoware.ai/install/range_vision_fusion;/home/capstone/autoware.ai/install/pos_db;/home/capstone/autoware.ai/install/points_downsampler;/home/capstone/autoware.ai/install/pixel_cloud_fusion;/home/capstone/autoware.ai/install/pcl_omp_registration;/home/capstone/autoware.ai/install/pc2_downsampler;/home/capstone/autoware.ai/install/obj_db;/home/capstone/autoware.ai/install/nmea_navsat;/home/capstone/autoware.ai/install/ndt_tku;/home/capstone/autoware.ai/install/ndt_gpu;/home/capstone/autoware.ai/install/ndt_cpu;/home/capstone/autoware.ai/install/multi_lidar_calibrator;/home/capstone/autoware.ai/install/mrt_cmake_modules;/home/capstone/autoware.ai/install/marker_downsampler;/home/capstone/autoware.ai/install/map_tools;/home/capstone/autoware.ai/install/map_tf_generator;/home/capstone/autoware.ai/install/log_tools;/home/capstone/autoware.ai/install/libwaypoint_follower;/home/capstone/autoware.ai/install/lgsvl_simulator_bridge;/home/capstone/autoware.ai/install/lanelet2_traffic_rules;/home/capstone/autoware.ai/install/lanelet2_projection;/home/capstone/autoware.ai/install/lanelet2_maps;/home/capstone/autoware.ai/install/lanelet2_io;/home/capstone/autoware.ai/install/lanelet2_core;/home/capstone/autoware.ai/install/integrated_viewer;/home/capstone/autoware.ai/install/image_processor;/home/capstone/autoware.ai/install/graph_tools;/home/capstone/autoware.ai/install/gnss_localizer;/home/capstone/autoware.ai/install/gnss;/home/capstone/autoware.ai/install/glviewer;/home/capstone/autoware.ai/install/gazebo_world_description;/home/capstone/autoware.ai/install/gazebo_imu_description;/home/capstone/autoware.ai/install/gazebo_camera_description;/home/capstone/autoware.ai/install/fastvirtualscan;/home/capstone/autoware.ai/install/detected_objects_visualizer;/home/capstone/autoware.ai/install/decision_maker_panel;/home/capstone/autoware.ai/install/data_preprocessor;/home/capstone/autoware.ai/install/carla_autoware_bridge;/home/capstone/autoware.ai/install/calibration_publisher;/home/capstone/autoware.ai/install/autoware_system_msgs;/home/capstone/autoware.ai/install/autoware_rviz_plugins;/home/capstone/autoware.ai/install/autoware_quickstart_examples;/home/capstone/autoware.ai/install/autoware_pointgrey_drivers;/home/capstone/autoware.ai/install/autoware_driveworks_interface;/home/capstone/autoware.ai/install/autoware_connector;/home/capstone/autoware.ai/install/autoware_camera_lidar_calibrator;/home/capstone/autoware.ai/install/autoware_map_msgs;/home/capstone/autoware.ai/install/autoware_launcher_rviz;/home/capstone/autoware.ai/install/autoware_launcher;/home/capstone/autoware.ai/install/autoware_lanelet2_msgs;/home/capstone/autoware.ai/install/autoware_external_msgs;/home/capstone/autoware.ai/install/autoware_driveworks_gmsl_interface;/home/capstone/autoware.ai/install/autoware_config_msgs;/home/capstone/autoware.ai/install/autoware_can_msgs;/home/capstone/autoware.ai/install/autoware_bag_tools;/opt/carla-ros-bridge/melodic;/opt/ros/melodic
[9.302s] -- Found PythonInterp: /usr/bin/python2 (found suitable version "2.7.17", minimum required is "2") 
[9.303s] -- Using PYTHON_EXECUTABLE: /usr/bin/python2
[9.303s] -- Using Debian Python package layout
[9.307s] -- Using empy: /usr/bin/empy
[9.909s] -- Using CATKIN_ENABLE_TESTING: ON
[9.910s] -- Call enable_testing()
[9.946s] -- Using CATKIN_TEST_RESULTS_DIR: /home/capstone/autoware.ai/build/twist_generator/test_results
[10.076s] -- Found gtest sources under '/usr/src/googletest': gtests will be built
[10.076s] -- Found gmock sources under '/usr/src/googletest': gmock will be built
[10.204s] -- Found PythonInterp: /usr/bin/python2 (found version "2.7.17") 
[10.209s] -- Looking for pthread.h
[10.808s] -- Looking for pthread.h - found
[10.810s] -- Looking for pthread_create
[11.579s] -- Looking for pthread_create - not found
[11.580s] -- Looking for pthread_create in pthreads
[12.291s] -- Looking for pthread_create in pthreads - not found
[12.292s] -- Looking for pthread_create in pthread
[13.005s] -- Looking for pthread_create in pthread - found
[13.008s] -- Found Threads: TRUE  
[13.020s] -- Using Python nosetests: /usr/bin/nosetests-2.7
[13.273s] -- catkin 0.7.23
[13.273s] -- BUILD_SHARED_LIBS is on
[16.002s] -- Using these message generators: gencpp;geneus;genlisp;gennodejs;genpy
[18.733s] -- Configuring done
[19.071s] -- Generating done
[19.230s] -- Build files have been written to: /home/capstone/autoware.ai/build/twist_generator
[19.753s] [35m[1mScanning dependencies of target rosgraph_msgs_generate_messages_eus[0m
[19.951s] [  0%] Built target rosgraph_msgs_generate_messages_eus
[20.150s] [35m[1mScanning dependencies of target autoware_msgs_generate_messages_py[0m
[20.324s] [  0%] Built target autoware_msgs_generate_messages_py
[20.514s] [35m[1mScanning dependencies of target tf2_msgs_generate_messages_nodejs[0m
[20.687s] [  0%] Built target tf2_msgs_generate_messages_nodejs
[20.833s] [35m[1mScanning dependencies of target actionlib_generate_messages_py[0m
[20.984s] [  0%] Built target actionlib_generate_messages_py
[21.109s] [35m[1mScanning dependencies of target jsk_recognition_msgs_generate_messages_cpp[0m
[21.326s] [  0%] Built target jsk_recognition_msgs_generate_messages_cpp
[21.520s] [35m[1mScanning dependencies of target std_msgs_generate_messages_py[0m
[21.726s] [  0%] Built target std_msgs_generate_messages_py
[21.901s] [35m[1mScanning dependencies of target jsk_footstep_msgs_generate_messages_py[0m
[22.052s] [  0%] Built target jsk_footstep_msgs_generate_messages_py
[22.226s] [35m[1mScanning dependencies of target geometry_msgs_generate_messages_py[0m
[22.369s] [  0%] Built target geometry_msgs_generate_messages_py
[22.536s] [35m[1mScanning dependencies of target tf2_msgs_generate_messages_eus[0m
[22.703s] [  0%] Built target tf2_msgs_generate_messages_eus
[22.856s] [35m[1mScanning dependencies of target sensor_msgs_generate_messages_py[0m
[22.992s] [  0%] Built target sensor_msgs_generate_messages_py
[23.150s] [35m[1mScanning dependencies of target jsk_footstep_msgs_generate_messages_lisp[0m
[23.317s] [  0%] Built target jsk_footstep_msgs_generate_messages_lisp
[23.443s] [35m[1mScanning dependencies of target autoware_msgs_generate_messages_nodejs[0m
[23.591s] [  0%] Built target autoware_msgs_generate_messages_nodejs
[23.726s] [35m[1mScanning dependencies of target rosgraph_msgs_generate_messages_py[0m
[23.866s] [  0%] Built target rosgraph_msgs_generate_messages_py
[24.006s] [35m[1mScanning dependencies of target tf_generate_messages_cpp[0m
[24.150s] [  0%] Built target tf_generate_messages_cpp
[24.321s] [35m[1mScanning dependencies of target jsk_recognition_msgs_generate_messages_eus[0m
[24.482s] [  0%] Built target jsk_recognition_msgs_generate_messages_eus
[24.634s] [35m[1mScanning dependencies of target sensor_msgs_generate_messages_eus[0m
[24.782s] [  0%] Built target sensor_msgs_generate_messages_eus
[24.941s] [35m[1mScanning dependencies of target roscpp_generate_messages_cpp[0m
[25.106s] [  0%] Built target roscpp_generate_messages_cpp
[25.271s] [35m[1mScanning dependencies of target autoware_msgs_generate_messages_lisp[0m
[25.446s] [  0%] Built target autoware_msgs_generate_messages_lisp
[25.616s] [35m[1mScanning dependencies of target sensor_msgs_generate_messages_cpp[0m
[25.781s] [  0%] Built target sensor_msgs_generate_messages_cpp
[25.944s] [35m[1mScanning dependencies of target pcl_msgs_generate_messages_cpp[0m
[26.132s] [  0%] Built target pcl_msgs_generate_messages_cpp
[26.262s] [35m[1mScanning dependencies of target rosgraph_msgs_generate_messages_lisp[0m
[26.421s] [  0%] Built target rosgraph_msgs_generate_messages_lisp
[26.548s] [35m[1mScanning dependencies of target sensor_msgs_generate_messages_lisp[0m
[26.713s] [  0%] Built target sensor_msgs_generate_messages_lisp
[26.874s] [35m[1mScanning dependencies of target jsk_recognition_msgs_generate_messages_lisp[0m
[27.104s] [  0%] Built target jsk_recognition_msgs_generate_messages_lisp
[27.248s] [35m[1mScanning dependencies of target std_msgs_generate_messages_nodejs[0m
[27.400s] [  0%] Built target std_msgs_generate_messages_nodejs
[27.534s] [35m[1mScanning dependencies of target geometry_msgs_generate_messages_eus[0m
[27.667s] [  0%] Built target geometry_msgs_generate_messages_eus
[27.858s] [35m[1mScanning dependencies of target std_msgs_generate_messages_cpp[0m
[28.030s] [  0%] Built target std_msgs_generate_messages_cpp
[28.138s] [35m[1mScanning dependencies of target jsk_recognition_msgs_generate_messages_py[0m
[28.273s] [  0%] Built target jsk_recognition_msgs_generate_messages_py
[28.404s] [35m[1mScanning dependencies of target std_msgs_generate_messages_lisp[0m
[28.538s] [  0%] Built target std_msgs_generate_messages_lisp
[28.729s] [35m[1mScanning dependencies of target autoware_msgs_generate_messages_cpp[0m
[28.857s] [  0%] Built target autoware_msgs_generate_messages_cpp
[28.996s] [35m[1mScanning dependencies of target jsk_footstep_msgs_generate_messages_eus[0m
[29.144s] [  0%] Built target jsk_footstep_msgs_generate_messages_eus
[29.374s] [35m[1mScanning dependencies of target actionlib_generate_messages_lisp[0m
[29.520s] [  0%] Built target actionlib_generate_messages_lisp
[29.729s] [35m[1mScanning dependencies of target _catkin_empty_exported_target[0m
[29.908s] [  0%] Built target _catkin_empty_exported_target
[30.050s] [35m[1mScanning dependencies of target roscpp_generate_messages_lisp[0m
[30.241s] [  0%] Built target roscpp_generate_messages_lisp
[30.421s] [35m[1mScanning dependencies of target geometry_msgs_generate_messages_nodejs[0m
[30.564s] [  0%] Built target geometry_msgs_generate_messages_nodejs
[30.691s] [35m[1mScanning dependencies of target geometry_msgs_generate_messages_cpp[0m
[30.798s] [  0%] Built target geometry_msgs_generate_messages_cpp
[30.915s] [35m[1mScanning dependencies of target pcl_msgs_generate_messages_eus[0m
[31.079s] [  0%] Built target pcl_msgs_generate_messages_eus
[31.265s] [35m[1mScanning dependencies of target pcl_msgs_generate_messages_nodejs[0m
[31.476s] [  0%] Built target pcl_msgs_generate_messages_nodejs
[31.630s] [35m[1mScanning dependencies of target pcl_msgs_generate_messages_lisp[0m
[31.772s] [  0%] Built target pcl_msgs_generate_messages_lisp
[31.959s] [35m[1mScanning dependencies of target pcl_msgs_generate_messages_py[0m
[32.140s] [  0%] Built target pcl_msgs_generate_messages_py
[32.292s] [35m[1mScanning dependencies of target sensor_msgs_generate_messages_nodejs[0m
[32.515s] [  0%] Built target sensor_msgs_generate_messages_nodejs
[32.694s] [35m[1mScanning dependencies of target jsk_footstep_msgs_generate_messages_nodejs[0m
[32.942s] [  0%] Built target jsk_footstep_msgs_generate_messages_nodejs
[33.148s] [35m[1mScanning dependencies of target actionlib_msgs_generate_messages_cpp[0m
[33.243s] [  0%] Built target actionlib_msgs_generate_messages_cpp
[33.387s] [35m[1mScanning dependencies of target actionlib_msgs_generate_messages_py[0m
[33.521s] [  0%] Built target actionlib_msgs_generate_messages_py
[33.623s] [35m[1mScanning dependencies of target tf_generate_messages_lisp[0m
[33.802s] [  0%] Built target tf_generate_messages_lisp
[33.947s] [35m[1mScanning dependencies of target tf_generate_messages_nodejs[0m
[34.083s] [  0%] Built target tf_generate_messages_nodejs
[34.206s] [35m[1mScanning dependencies of target std_msgs_generate_messages_eus[0m
[34.338s] [  0%] Built target std_msgs_generate_messages_eus
[34.519s] [35m[1mScanning dependencies of target actionlib_msgs_generate_messages_lisp[0m
[34.734s] [  0%] Built target actionlib_msgs_generate_messages_lisp
[34.880s] [35m[1mScanning dependencies of target actionlib_msgs_generate_messages_nodejs[0m
[35.023s] [  0%] Built target actionlib_msgs_generate_messages_nodejs
[35.180s] [35m[1mScanning dependencies of target tf_generate_messages_py[0m
[35.367s] [  0%] Built target tf_generate_messages_py
[35.506s] [35m[1mScanning dependencies of target jsk_recognition_msgs_generate_messages_nodejs[0m
[35.672s] [  0%] Built target jsk_recognition_msgs_generate_messages_nodejs
[35.827s] [35m[1mScanning dependencies of target roscpp_generate_messages_py[0m
[35.976s] [  0%] Built target roscpp_generate_messages_py
[36.156s] [35m[1mScanning dependencies of target roscpp_generate_messages_eus[0m
[36.321s] [  0%] Built target roscpp_generate_messages_eus
[36.467s] [35m[1mScanning dependencies of target jsk_footstep_msgs_generate_messages_cpp[0m
[36.579s] [  0%] Built target jsk_footstep_msgs_generate_messages_cpp
[36.789s] [35m[1mScanning dependencies of target roscpp_generate_messages_nodejs[0m
[36.959s] [  0%] Built target roscpp_generate_messages_nodejs
[37.170s] [35m[1mScanning dependencies of target actionlib_generate_messages_eus[0m
[37.291s] [  0%] Built target actionlib_generate_messages_eus
[37.489s] [35m[1mScanning dependencies of target rosgraph_msgs_generate_messages_cpp[0m
[37.681s] [  0%] Built target rosgraph_msgs_generate_messages_cpp
[37.871s] [35m[1mScanning dependencies of target tf_generate_messages_eus[0m
[38.002s] [  0%] Built target tf_generate_messages_eus
[38.127s] [35m[1mScanning dependencies of target actionlib_msgs_generate_messages_eus[0m
[38.292s] [  0%] Built target actionlib_msgs_generate_messages_eus
[38.463s] [35m[1mScanning dependencies of target actionlib_generate_messages_cpp[0m
[38.601s] [  0%] Built target actionlib_generate_messages_cpp
[38.772s] [35m[1mScanning dependencies of target actionlib_generate_messages_nodejs[0m
[38.960s] [  0%] Built target actionlib_generate_messages_nodejs
[39.175s] [35m[1mScanning dependencies of target rosgraph_msgs_generate_messages_nodejs[0m
[39.361s] [  0%] Built target rosgraph_msgs_generate_messages_nodejs
[39.544s] [35m[1mScanning dependencies of target tf2_msgs_generate_messages_py[0m
[39.692s] [  0%] Built target tf2_msgs_generate_messages_py
[39.847s] [35m[1mScanning dependencies of target tf2_msgs_generate_messages_lisp[0m
[39.993s] [  0%] Built target tf2_msgs_generate_messages_lisp
[40.152s] [35m[1mScanning dependencies of target tf2_msgs_generate_messages_cpp[0m
[40.318s] [  0%] Built target tf2_msgs_generate_messages_cpp
[40.457s] [35m[1mScanning dependencies of target autoware_msgs_generate_messages_eus[0m
[40.571s] [  0%] Built target autoware_msgs_generate_messages_eus
[40.722s] [35m[1mScanning dependencies of target geometry_msgs_generate_messages_lisp[0m
[40.900s] [  0%] Built target geometry_msgs_generate_messages_lisp
[41.032s] [35m[1mScanning dependencies of target vehicle_status_converter[0m
[41.219s] [ 33%] [32mBuilding CXX object CMakeFiles/vehicle_status_converter.dir/src/vehicle_status_converter.cpp.o[0m
[48.800s] [ 66%] [32mBuilding CXX object CMakeFiles/vehicle_status_converter.dir/src/vehicle_status_converter_node.cpp.o[0m
[54.030s] [100%] [32m[1mLinking CXX executable devel/lib/twist_generator/vehicle_status_converter[0m
[54.553s] [100%] Built target vehicle_status_converter
[57.466s] [35m[1mScanning dependencies of target gtest[0m
[57.606s] [ 20%] [32mBuilding CXX object gtest/googlemock/gtest/CMakeFiles/gtest.dir/src/gtest-all.cc.o[0m
[67.207s] [ 40%] [32m[1mLinking CXX shared library libgtest.so[0m
[67.646s] [ 40%] Built target gtest
[67.792s] [35m[1mScanning dependencies of target vehicle_status_converter-test[0m
[68.004s] [ 60%] [32mBuilding CXX object CMakeFiles/vehicle_status_converter-test.dir/test/src/test_vehicle_status_converter.cpp.o[0m
[73.816s] [ 80%] [32mBuilding CXX object CMakeFiles/vehicle_status_converter-test.dir/src/vehicle_status_converter.cpp.o[0m
[81.483s] [100%] [32m[1mLinking CXX executable devel/lib/twist_generator/vehicle_status_converter-test[0m
[82.128s] [100%] Built target vehicle_status_converter-test
[82.275s] [35m[1mScanning dependencies of target tests[0m
[82.465s] [100%] Built target tests
[86.148s] [  0%] Built target rosgraph_msgs_generate_messages_eus
[86.564s] [  0%] Built target autoware_msgs_generate_messages_py
[86.903s] [  0%] Built target tf2_msgs_generate_messages_nodejs
[87.264s] [  0%] Built target actionlib_generate_messages_py
[87.668s] [  0%] Built target jsk_recognition_msgs_generate_messages_cpp
[87.992s] [  0%] Built target std_msgs_generate_messages_py
[88.336s] [  0%] Built target jsk_footstep_msgs_generate_messages_py
[88.755s] [  0%] Built target geometry_msgs_generate_messages_py
[89.125s] [  0%] Built target tf2_msgs_generate_messages_eus
[89.542s] [  0%] Built target sensor_msgs_generate_messages_py
[89.920s] [  0%] Built target jsk_footstep_msgs_generate_messages_lisp
[90.245s] [  0%] Built target autoware_msgs_generate_messages_nodejs
[90.497s] [  0%] Built target rosgraph_msgs_generate_messages_py
[90.788s] [  0%] Built target tf_generate_messages_cpp
[91.123s] [  0%] Built target jsk_recognition_msgs_generate_messages_eus
[91.435s] [  0%] Built target sensor_msgs_generate_messages_eus
[91.793s] [  0%] Built target roscpp_generate_messages_cpp
[92.161s] [  0%] Built target autoware_msgs_generate_messages_lisp
[92.498s] [  0%] Built target sensor_msgs_generate_messages_cpp
[92.851s] [  0%] Built target pcl_msgs_generate_messages_cpp
[93.221s] [  0%] Built target rosgraph_msgs_generate_messages_lisp
[93.580s] [  0%] Built target sensor_msgs_generate_messages_lisp
[93.919s] [  0%] Built target jsk_recognition_msgs_generate_messages_lisp
[94.285s] [  0%] Built target std_msgs_generate_messages_nodejs
[94.588s] [  0%] Built target geometry_msgs_generate_messages_eus
[94.874s] [  0%] Built target std_msgs_generate_messages_cpp
[95.181s] [  0%] Built target jsk_recognition_msgs_generate_messages_py
[95.488s] [  0%] Built target std_msgs_generate_messages_lisp
[95.928s] [  0%] Built target autoware_msgs_generate_messages_cpp
[96.247s] [  0%] Built target jsk_footstep_msgs_generate_messages_eus
[96.480s] [  0%] Built target actionlib_generate_messages_lisp
[96.787s] [  0%] Built target _catkin_empty_exported_target
[97.102s] [  0%] Built target roscpp_generate_messages_lisp
[97.397s] [  0%] Built target geometry_msgs_generate_messages_nodejs
[97.718s] [  0%] Built target geometry_msgs_generate_messages_cpp
[98.069s] [  0%] Built target pcl_msgs_generate_messages_eus
[98.434s] [  0%] Built target pcl_msgs_generate_messages_nodejs
[98.756s] [  0%] Built target pcl_msgs_generate_messages_lisp
[99.096s] [  0%] Built target pcl_msgs_generate_messages_py
[99.471s] [  0%] Built target sensor_msgs_generate_messages_nodejs
[99.816s] [  0%] Built target jsk_footstep_msgs_generate_messages_nodejs
[100.174s] [  0%] Built target actionlib_msgs_generate_messages_cpp
[100.407s] [  0%] Built target actionlib_msgs_generate_messages_py
[100.714s] [  0%] Built target tf_generate_messages_lisp
[101.092s] [  0%] Built target tf_generate_messages_nodejs
[101.369s] [  0%] Built target std_msgs_generate_messages_eus
[101.699s] [  0%] Built target actionlib_msgs_generate_messages_lisp
[102.094s] [  0%] Built target actionlib_msgs_generate_messages_nodejs
[102.400s] [  0%] Built target tf_generate_messages_py
[102.724s] [  0%] Built target jsk_recognition_msgs_generate_messages_nodejs
[102.992s] [  0%] Built target roscpp_generate_messages_py
[103.321s] [  0%] Built target roscpp_generate_messages_eus
[103.650s] [  0%] Built target jsk_footstep_msgs_generate_messages_cpp
[103.941s] [  0%] Built target roscpp_generate_messages_nodejs
[104.257s] [  0%] Built target actionlib_generate_messages_eus
[104.567s] [  0%] Built target rosgraph_msgs_generate_messages_cpp
[104.820s] [  0%] Built target tf_generate_messages_eus
[105.083s] [  0%] Built target actionlib_msgs_generate_messages_eus
[105.328s] [  0%] Built target actionlib_generate_messages_cpp
[105.556s] [  0%] Built target actionlib_generate_messages_nodejs
[105.832s] [  0%] Built target rosgraph_msgs_generate_messages_nodejs
[106.032s] [  0%] Built target tf2_msgs_generate_messages_py
[106.329s] [  0%] Built target tf2_msgs_generate_messages_lisp
[106.553s] [  0%] Built target tf2_msgs_generate_messages_cpp
[106.784s] [  0%] Built target autoware_msgs_generate_messages_eus
[107.014s] [  0%] Built target geometry_msgs_generate_messages_lisp
[107.254s] [100%] Built target vehicle_status_converter
[107.443s] [36mInstall the project...[0m
[107.515s] -- Install configuration: "Release"
[107.516s] -- Installing: /home/capstone/autoware.ai/install/twist_generator/lib/pkgconfig/twist_generator.pc
[107.516s] -- Installing: /home/capstone/autoware.ai/install/twist_generator/share/twist_generator/cmake/twist_generatorConfig.cmake
[107.517s] -- Installing: /home/capstone/autoware.ai/install/twist_generator/share/twist_generator/cmake/twist_generatorConfig-version.cmake
[107.518s] -- Installing: /home/capstone/autoware.ai/install/twist_generator/share/twist_generator/package.xml
[107.521s] -- Installing: /home/capstone/autoware.ai/install/twist_generator/lib/twist_generator/vehicle_status_converter
[107.522s] -- Set runtime path of "/home/capstone/autoware.ai/install/twist_generator/lib/twist_generator/vehicle_status_converter" to ""
[107.523s] -- Installing: /home/capstone/autoware.ai/install/twist_generator/share/twist_generator/launch
[107.523s] -- Installing: /home/capstone/autoware.ai/install/twist_generator/share/twist_generator/launch/vehicle_status_converter.launch
[107.524s] -- Installing: /home/capstone/autoware.ai/install/twist_generator/include/twist_generator
[107.524s] -- Installing: /home/capstone/autoware.ai/install/twist_generator/include/twist_generator/vehicle_status_converter.hpp
