[0.650s] -- Using CATKIN_DEVEL_PREFIX: /home/capstone/autoware.ai/build/vel_pose_diff_checker/devel
[0.651s] -- Using CMAKE_PREFIX_PATH: /home/capstone/autoware.ai/install/autoware_health_checker;/home/capstone/autoware.ai/install/amathutils_lib;/home/capstone/autoware.ai/install/ros_observer;/home/capstone/autoware.ai/install/autoware_system_msgs;/home/capstone/autoware.ai/install/autoware_msgs;/home/capstone/autoware.ai/install/autoware_build_flags;/home/capstone/autoware.ai/install/ymc;/home/capstone/autoware.ai/install/xsens_driver;/home/capstone/autoware.ai/install/wf_simulator;/home/capstone/autoware.ai/install/lattice_planner;/home/capstone/autoware.ai/install/waypoint_planner;/home/capstone/autoware.ai/install/waypoint_maker;/home/capstone/autoware.ai/install/way_planner;/home/capstone/autoware.ai/install/vlg22c_cam;/home/capstone/autoware.ai/install/vision_ssd_detect;/home/capstone/autoware.ai/install/vision_segment_enet_detect;/home/capstone/autoware.ai/install/vision_lane_detect;/home/capstone/autoware.ai/install/vision_darknet_detect;/home/capstone/autoware.ai/install/vision_beyond_track;/home/capstone/autoware.ai/install/vel_pose_diff_checker;/home/capstone/autoware.ai/install/vehicle_socket;/home/capstone/autoware.ai/install/vehicle_sim_model;/home/capstone/autoware.ai/install/vehicle_model;/home/capstone/autoware.ai/install/vehicle_gazebo_simulation_launcher;/home/capstone/autoware.ai/install/vehicle_gazebo_simulation_interface;/home/capstone/autoware.ai/install/vehicle_engage_panel;/home/capstone/autoware.ai/install/vehicle_description;/home/capstone/autoware.ai/install/trafficlight_recognizer;/home/capstone/autoware.ai/install/op_utilities;/home/capstone/autoware.ai/install/op_simulation_package;/home/capstone/autoware.ai/install/op_local_planner;/home/capstone/autoware.ai/install/op_global_planner;/home/capstone/autoware.ai/install/lidar_kf_contour_track;/home/capstone/autoware.ai/install/op_ros_helpers;/home/capstone/autoware.ai/install/ff_waypoint_follower;/home/capstone/autoware.ai/install/dp_planner;/home/capstone/autoware.ai/install/op_simu;/home/capstone/autoware.ai/install/op_planner;/home/capstone/autoware.ai/install/op_utility;/home/capstone/autoware.ai/install/lidar_euclidean_cluster_detect;/home/capstone/autoware.ai/install/vector_map_server;/home/capstone/autoware.ai/install/road_occupancy_processor;/home/capstone/autoware.ai/install/costmap_generator;/home/capstone/autoware.ai/install/object_map;/home/capstone/autoware.ai/install/naive_motion_predict;/home/capstone/autoware.ai/install/lanelet_aisan_converter;/home/capstone/autoware.ai/install/map_file;/home/capstone/autoware.ai/install/libvectormap;/home/capstone/autoware.ai/install/lane_planner;/home/capstone/autoware.ai/install/imm_ukf_pda_track;/home/capstone/autoware.ai/install/decision_maker;/home/capstone/autoware.ai/install/vector_map;/home/capstone/autoware.ai/install/vector_map_msgs;/home/capstone/autoware.ai/install/vectacam;/home/capstone/autoware.ai/install/udon_socket;/home/capstone/autoware.ai/install/twist_generator;/home/capstone/autoware.ai/install/twist_gate;/home/capstone/autoware.ai/install/twist_filter;/home/capstone/autoware.ai/install/twist2odom;/home/capstone/autoware.ai/install/tablet_socket;/home/capstone/autoware.ai/install/runtime_manager;/home/capstone/autoware.ai/install/mqtt_socket;/home/capstone/autoware.ai/install/tablet_socket_msgs;/home/capstone/autoware.ai/install/state_machine_lib;/home/capstone/autoware.ai/install/sound_player;/home/capstone/autoware.ai/install/sick_lms5xx;/home/capstone/autoware.ai/install/sick_ldmrs_tools;/home/capstone/autoware.ai/install/sick_ldmrs_driver;/home/capstone/autoware.ai/install/sick_ldmrs_msgs;/home/capstone/autoware.ai/install/sick_ldmrs_description;/home/capstone/autoware.ai/install/points2image;/home/capstone/autoware.ai/install/rosinterface;/home/capstone/autoware.ai/install/rosbag_controller;/home/capstone/autoware.ai/install/pure_pursuit;/home/capstone/autoware.ai/install/points_preprocessor;/home/capstone/autoware.ai/install/mpc_follower;/home/capstone/autoware.ai/install/lidar_localizer;/home/capstone/autoware.ai/install/emergency_handler;/home/capstone/autoware.ai/install/as;/home/capstone/autoware.ai/install/roi_object_filter;/home/capstone/autoware.ai/install/range_vision_fusion;/home/capstone/autoware.ai/install/pos_db;/home/capstone/autoware.ai/install/points_downsampler;/home/capstone/autoware.ai/install/pixel_cloud_fusion;/home/capstone/autoware.ai/install/pcl_omp_registration;/home/capstone/autoware.ai/install/pc2_downsampler;/home/capstone/autoware.ai/install/oculus_socket;/home/capstone/autoware.ai/install/obj_db;/home/capstone/autoware.ai/install/nmea_navsat;/home/capstone/autoware.ai/install/ndt_tku;/home/capstone/autoware.ai/install/ndt_gpu;/home/capstone/autoware.ai/install/ndt_cpu;/home/capstone/autoware.ai/install/multi_lidar_calibrator;/home/capstone/autoware.ai/install/mrt_cmake_modules;/home/capstone/autoware.ai/install/microstrain_driver;/home/capstone/autoware.ai/install/memsic_imu;/home/capstone/autoware.ai/install/marker_downsampler;/home/capstone/autoware.ai/install/map_tools;/home/capstone/autoware.ai/install/map_tf_generator;/home/capstone/autoware.ai/install/log_tools;/home/capstone/autoware.ai/install/lidar_shape_estimation;/home/capstone/autoware.ai/install/lidar_point_pillars;/home/capstone/autoware.ai/install/lidar_naive_l_shape_detect;/home/capstone/autoware.ai/install/lidar_fake_perception;/home/capstone/autoware.ai/install/lidar_apollo_cnn_seg_detect;/home/capstone/autoware.ai/install/libwaypoint_follower;/home/capstone/autoware.ai/install/lgsvl_simulator_bridge;/home/capstone/autoware.ai/install/lanelet2_extension;/home/capstone/autoware.ai/install/lanelet2_validation;/home/capstone/autoware.ai/install/lanelet2_examples;/home/capstone/autoware.ai/install/lanelet2_python;/home/capstone/autoware.ai/install/lanelet2_routing;/home/capstone/autoware.ai/install/lanelet2_traffic_rules;/home/capstone/autoware.ai/install/lanelet2_projection;/home/capstone/autoware.ai/install/lanelet2_maps;/home/capstone/autoware.ai/install/lanelet2_io;/home/capstone/autoware.ai/install/lanelet2_core;/home/capstone/autoware.ai/install/kvaser;/home/capstone/autoware.ai/install/kitti_launch;/home/capstone/autoware.ai/install/kitti_player;/home/capstone/autoware.ai/install/kitti_box_publisher;/home/capstone/autoware.ai/install/javad_navsat_driver;/home/capstone/autoware.ai/install/integrated_viewer;/home/capstone/autoware.ai/install/image_processor;/home/capstone/autoware.ai/install/hokuyo;/home/capstone/autoware.ai/install/graph_tools;/home/capstone/autoware.ai/install/gnss_localizer;/home/capstone/autoware.ai/install/gnss;/home/capstone/autoware.ai/install/glviewer;/home/capstone/autoware.ai/install/gazebo_world_description;/home/capstone/autoware.ai/install/gazebo_imu_description;/home/capstone/autoware.ai/install/gazebo_camera_description;/home/capstone/autoware.ai/install/garmin;/home/capstone/autoware.ai/install/freespace_planner;/home/capstone/autoware.ai/install/fastvirtualscan;/home/capstone/autoware.ai/install/ekf_localizer;/home/capstone/autoware.ai/install/ds4_msgs;/home/capstone/autoware.ai/install/ds4_driver;/home/capstone/autoware.ai/install/detected_objects_visualizer;/home/capstone/autoware.ai/install/decision_maker_panel;/home/capstone/autoware.ai/install/data_preprocessor;/home/capstone/autoware.ai/install/custom_msgs;/home/capstone/autoware.ai/install/carla_autoware_bridge;/home/capstone/autoware.ai/install/calibration_publisher;/home/capstone/autoware.ai/install/autoware_rviz_plugins;/home/capstone/autoware.ai/install/autoware_quickstart_examples;/home/capstone/autoware.ai/install/autoware_pointgrey_drivers;/home/capstone/autoware.ai/install/autoware_driveworks_interface;/home/capstone/autoware.ai/install/autoware_connector;/home/capstone/autoware.ai/install/autoware_camera_lidar_calibrator;/home/capstone/autoware.ai/install/astar_search;/home/capstone/autoware.ai/install/autoware_map_msgs;/home/capstone/autoware.ai/install/autoware_launcher_rviz;/home/capstone/autoware.ai/install/autoware_launcher;/home/capstone/autoware.ai/install/autoware_lanelet2_msgs;/home/capstone/autoware.ai/install/autoware_external_msgs;/home/capstone/autoware.ai/install/autoware_driveworks_gmsl_interface;/home/capstone/autoware.ai/install/autoware_config_msgs;/home/capstone/autoware.ai/install/autoware_can_msgs;/home/capstone/autoware.ai/install/autoware_bag_tools;/home/capstone/autoware.ai/install/adi_driver;/opt/carla-ros-bridge/melodic;/opt/ros/melodic
[0.668s] -- This workspace overlays: /home/capstone/autoware.ai/install/autoware_health_checker;/home/capstone/autoware.ai/install/amathutils_lib;/home/capstone/autoware.ai/install/ros_observer;/home/capstone/autoware.ai/install/autoware_system_msgs;/home/capstone/autoware.ai/install/autoware_msgs;/home/capstone/autoware.ai/install/autoware_build_flags;/home/capstone/autoware.ai/install/ymc;/home/capstone/autoware.ai/install/xsens_driver;/home/capstone/autoware.ai/install/wf_simulator;/home/capstone/autoware.ai/install/lattice_planner;/home/capstone/autoware.ai/install/waypoint_planner;/home/capstone/autoware.ai/install/waypoint_maker;/home/capstone/autoware.ai/install/way_planner;/home/capstone/autoware.ai/install/vlg22c_cam;/home/capstone/autoware.ai/install/vision_ssd_detect;/home/capstone/autoware.ai/install/vision_segment_enet_detect;/home/capstone/autoware.ai/install/vision_lane_detect;/home/capstone/autoware.ai/install/vision_darknet_detect;/home/capstone/autoware.ai/install/vision_beyond_track;/home/capstone/autoware.ai/install/vel_pose_diff_checker;/home/capstone/autoware.ai/install/vehicle_socket;/home/capstone/autoware.ai/install/vehicle_sim_model;/home/capstone/autoware.ai/install/vehicle_model;/home/capstone/autoware.ai/install/vehicle_gazebo_simulation_launcher;/home/capstone/autoware.ai/install/vehicle_gazebo_simulation_interface;/home/capstone/autoware.ai/install/vehicle_engage_panel;/home/capstone/autoware.ai/install/vehicle_description;/home/capstone/autoware.ai/install/trafficlight_recognizer;/home/capstone/autoware.ai/install/op_utilities;/home/capstone/autoware.ai/install/op_simulation_package;/home/capstone/autoware.ai/install/op_local_planner;/home/capstone/autoware.ai/install/op_global_planner;/home/capstone/autoware.ai/install/lidar_kf_contour_track;/home/capstone/autoware.ai/install/op_ros_helpers;/home/capstone/autoware.ai/install/ff_waypoint_follower;/home/capstone/autoware.ai/install/dp_planner;/home/capstone/autoware.ai/install/op_simu;/home/capstone/autoware.ai/install/op_planner;/home/capstone/autoware.ai/install/op_utility;/home/capstone/autoware.ai/install/lidar_euclidean_cluster_detect;/home/capstone/autoware.ai/install/vector_map_server;/home/capstone/autoware.ai/install/road_occupancy_processor;/home/capstone/autoware.ai/install/costmap_generator;/home/capstone/autoware.ai/install/object_map;/home/capstone/autoware.ai/install/naive_motion_predict;/home/capstone/autoware.ai/install/lanelet_aisan_converter;/home/capstone/autoware.ai/install/map_file;/home/capstone/autoware.ai/install/libvectormap;/home/capstone/autoware.ai/install/lane_planner;/home/capstone/autoware.ai/install/imm_ukf_pda_track;/home/capstone/autoware.ai/install/decision_maker;/home/capstone/autoware.ai/install/vector_map;/home/capstone/autoware.ai/install/vector_map_msgs;/home/capstone/autoware.ai/install/vectacam;/home/capstone/autoware.ai/install/udon_socket;/home/capstone/autoware.ai/install/twist_generator;/home/capstone/autoware.ai/install/twist_gate;/home/capstone/autoware.ai/install/twist_filter;/home/capstone/autoware.ai/install/twist2odom;/home/capstone/autoware.ai/install/tablet_socket;/home/capstone/autoware.ai/install/runtime_manager;/home/capstone/autoware.ai/install/mqtt_socket;/home/capstone/autoware.ai/install/tablet_socket_msgs;/home/capstone/autoware.ai/install/state_machine_lib;/home/capstone/autoware.ai/install/sound_player;/home/capstone/autoware.ai/install/sick_lms5xx;/home/capstone/autoware.ai/install/sick_ldmrs_tools;/home/capstone/autoware.ai/install/sick_ldmrs_driver;/home/capstone/autoware.ai/install/sick_ldmrs_msgs;/home/capstone/autoware.ai/install/sick_ldmrs_description;/home/capstone/autoware.ai/install/points2image;/home/capstone/autoware.ai/install/rosinterface;/home/capstone/autoware.ai/install/rosbag_controller;/home/capstone/autoware.ai/install/pure_pursuit;/home/capstone/autoware.ai/install/points_preprocessor;/home/capstone/autoware.ai/install/mpc_follower;/home/capstone/autoware.ai/install/lidar_localizer;/home/capstone/autoware.ai/install/emergency_handler;/home/capstone/autoware.ai/install/as;/home/capstone/autoware.ai/install/roi_object_filter;/home/capstone/autoware.ai/install/range_vision_fusion;/home/capstone/autoware.ai/install/pos_db;/home/capstone/autoware.ai/install/points_downsampler;/home/capstone/autoware.ai/install/pixel_cloud_fusion;/home/capstone/autoware.ai/install/pcl_omp_registration;/home/capstone/autoware.ai/install/pc2_downsampler;/home/capstone/autoware.ai/install/oculus_socket;/home/capstone/autoware.ai/install/obj_db;/home/capstone/autoware.ai/install/nmea_navsat;/home/capstone/autoware.ai/install/ndt_tku;/home/capstone/autoware.ai/install/ndt_gpu;/home/capstone/autoware.ai/install/ndt_cpu;/home/capstone/autoware.ai/install/multi_lidar_calibrator;/home/capstone/autoware.ai/install/mrt_cmake_modules;/home/capstone/autoware.ai/install/microstrain_driver;/home/capstone/autoware.ai/install/memsic_imu;/home/capstone/autoware.ai/install/marker_downsampler;/home/capstone/autoware.ai/install/map_tools;/home/capstone/autoware.ai/install/map_tf_generator;/home/capstone/autoware.ai/install/log_tools;/home/capstone/autoware.ai/install/lidar_shape_estimation;/home/capstone/autoware.ai/install/lidar_point_pillars;/home/capstone/autoware.ai/install/lidar_naive_l_shape_detect;/home/capstone/autoware.ai/install/lidar_fake_perception;/home/capstone/autoware.ai/install/lidar_apollo_cnn_seg_detect;/home/capstone/autoware.ai/install/libwaypoint_follower;/home/capstone/autoware.ai/install/lgsvl_simulator_bridge;/home/capstone/autoware.ai/install/lanelet2_extension;/home/capstone/autoware.ai/install/lanelet2_validation;/home/capstone/autoware.ai/install/lanelet2_examples;/home/capstone/autoware.ai/install/lanelet2_python;/home/capstone/autoware.ai/install/lanelet2_routing;/home/capstone/autoware.ai/install/lanelet2_traffic_rules;/home/capstone/autoware.ai/install/lanelet2_projection;/home/capstone/autoware.ai/install/lanelet2_maps;/home/capstone/autoware.ai/install/lanelet2_io;/home/capstone/autoware.ai/install/lanelet2_core;/home/capstone/autoware.ai/install/kvaser;/home/capstone/autoware.ai/install/kitti_launch;/home/capstone/autoware.ai/install/kitti_player;/home/capstone/autoware.ai/install/kitti_box_publisher;/home/capstone/autoware.ai/install/javad_navsat_driver;/home/capstone/autoware.ai/install/integrated_viewer;/home/capstone/autoware.ai/install/image_processor;/home/capstone/autoware.ai/install/hokuyo;/home/capstone/autoware.ai/install/graph_tools;/home/capstone/autoware.ai/install/gnss_localizer;/home/capstone/autoware.ai/install/gnss;/home/capstone/autoware.ai/install/glviewer;/home/capstone/autoware.ai/install/gazebo_world_description;/home/capstone/autoware.ai/install/gazebo_imu_description;/home/capstone/autoware.ai/install/gazebo_camera_description;/home/capstone/autoware.ai/install/garmin;/home/capstone/autoware.ai/install/freespace_planner;/home/capstone/autoware.ai/install/fastvirtualscan;/home/capstone/autoware.ai/install/ekf_localizer;/home/capstone/autoware.ai/install/ds4_msgs;/home/capstone/autoware.ai/install/ds4_driver;/home/capstone/autoware.ai/install/detected_objects_visualizer;/home/capstone/autoware.ai/install/decision_maker_panel;/home/capstone/autoware.ai/install/data_preprocessor;/home/capstone/autoware.ai/install/custom_msgs;/home/capstone/autoware.ai/install/carla_autoware_bridge;/home/capstone/autoware.ai/install/calibration_publisher;/home/capstone/autoware.ai/install/autoware_rviz_plugins;/home/capstone/autoware.ai/install/autoware_quickstart_examples;/home/capstone/autoware.ai/install/autoware_pointgrey_drivers;/home/capstone/autoware.ai/install/autoware_driveworks_interface;/home/capstone/autoware.ai/install/autoware_connector;/home/capstone/autoware.ai/install/autoware_camera_lidar_calibrator;/home/capstone/autoware.ai/install/astar_search;/home/capstone/autoware.ai/install/autoware_map_msgs;/home/capstone/autoware.ai/install/autoware_launcher_rviz;/home/capstone/autoware.ai/install/autoware_launcher;/home/capstone/autoware.ai/install/autoware_lanelet2_msgs;/home/capstone/autoware.ai/install/autoware_external_msgs;/home/capstone/autoware.ai/install/autoware_driveworks_gmsl_interface;/home/capstone/autoware.ai/install/autoware_config_msgs;/home/capstone/autoware.ai/install/autoware_can_msgs;/home/capstone/autoware.ai/install/autoware_bag_tools;/home/capstone/autoware.ai/install/adi_driver;/opt/carla-ros-bridge/melodic;/opt/ros/melodic
[0.747s] -- Found PythonInterp: /usr/bin/python2 (found suitable version "2.7.17", minimum required is "2") 
[0.748s] -- Using PYTHON_EXECUTABLE: /usr/bin/python2
[0.748s] -- Using Debian Python package layout
[0.756s] -- Using empy: /usr/bin/empy
[1.090s] -- Using CATKIN_ENABLE_TESTING: ON
[1.091s] -- Call enable_testing()
[1.093s] -- Using CATKIN_TEST_RESULTS_DIR: /home/capstone/autoware.ai/build/vel_pose_diff_checker/test_results
[1.227s] -- Found gtest sources under '/usr/src/googletest': gtests will be built
[1.227s] -- Found gmock sources under '/usr/src/googletest': gmock will be built
[1.305s] -- Found PythonInterp: /usr/bin/python2 (found version "2.7.17") 
[1.317s] -- Using Python nosetests: /usr/bin/nosetests-2.7
[1.528s] -- catkin 0.7.23
[1.528s] -- BUILD_SHARED_LIBS is on
[2.365s] -- Using these message generators: gencpp;geneus;genlisp;gennodejs;genpy
[3.070s] -- CUDA compilation status: 1.
[3.729s] -- Configuring done
[4.052s] -- Generating done
[4.103s] -- Build files have been written to: /home/capstone/autoware.ai/build/vel_pose_diff_checker
[4.332s] [  0%] Built target rosgraph_msgs_generate_messages_eus
[4.542s] [  0%] Built target rosgraph_msgs_generate_messages_py
[4.678s] [  0%] Built target rosgraph_msgs_generate_messages_nodejs
[4.826s] [  0%] Built target jsk_recognition_msgs_generate_messages_lisp
[4.980s] [  0%] Built target tf_generate_messages_cpp
[5.124s] [  0%] Built target jsk_recognition_msgs_generate_messages_eus
[5.266s] [  0%] Built target std_msgs_generate_messages_py
[5.481s] [  0%] Built target jsk_recognition_msgs_generate_messages_cpp
[5.625s] [  0%] Built target autoware_system_msgs_generate_messages_py
[5.766s] [  0%] Built target geometry_msgs_generate_messages_lisp
[5.912s] [  0%] Built target autoware_msgs_generate_messages_eus
[6.052s] [  0%] Built target std_msgs_generate_messages_nodejs
[6.197s] [  0%] Built target geometry_msgs_generate_messages_eus
[6.352s] [  0%] Built target std_msgs_generate_messages_cpp
[6.554s] [  0%] Built target jsk_footstep_msgs_generate_messages_py
[6.694s] [  0%] Built target geometry_msgs_generate_messages_py
[6.837s] [  0%] Built target tf2_msgs_generate_messages_eus
[6.988s] [  0%] Built target sensor_msgs_generate_messages_py
[7.143s] [  0%] Built target jsk_footstep_msgs_generate_messages_lisp
[7.287s] [  0%] Built target autoware_msgs_generate_messages_nodejs
[7.495s] [  0%] Built target actionlib_msgs_generate_messages_eus
[7.638s] [  0%] Built target tf_generate_messages_eus
[7.782s] [  0%] Built target autoware_msgs_generate_messages_py
[7.925s] [  0%] Built target rosgraph_msgs_generate_messages_lisp
[8.068s] [  0%] Built target sensor_msgs_generate_messages_lisp
[8.211s] [  0%] Built target sensor_msgs_generate_messages_eus
[8.399s] [  0%] Built target roscpp_generate_messages_cpp
[8.569s] [  0%] Built target autoware_system_msgs_generate_messages_eus
[8.713s] [  0%] Built target autoware_msgs_generate_messages_lisp
[8.857s] [  0%] Built target sensor_msgs_generate_messages_cpp
[9.000s] [  0%] Built target pcl_msgs_generate_messages_cpp
[9.145s] [  0%] Built target jsk_recognition_msgs_generate_messages_py
[9.295s] [  0%] Built target std_msgs_generate_messages_lisp
[9.511s] [  0%] Built target autoware_msgs_generate_messages_cpp
[9.653s] [  0%] Built target jsk_footstep_msgs_generate_messages_eus
[9.799s] [  0%] Built target actionlib_generate_messages_lisp
[9.946s] [  0%] Built target _catkin_empty_exported_target
[10.086s] [  0%] Built target roscpp_generate_messages_lisp
[10.231s] [  0%] Built target geometry_msgs_generate_messages_nodejs
[10.441s] [  0%] Built target geometry_msgs_generate_messages_cpp
[10.589s] [  0%] Built target pcl_msgs_generate_messages_eus
[10.736s] [  0%] Built target pcl_msgs_generate_messages_nodejs
[10.901s] [  0%] Built target pcl_msgs_generate_messages_lisp
[11.053s] [  0%] Built target pcl_msgs_generate_messages_py
[11.200s] [  0%] Built target sensor_msgs_generate_messages_nodejs
[11.349s] [  0%] Built target jsk_footstep_msgs_generate_messages_nodejs
[11.569s] [  0%] Built target actionlib_msgs_generate_messages_cpp
[11.716s] [  0%] Built target actionlib_msgs_generate_messages_py
[11.866s] [  0%] Built target tf_generate_messages_lisp
[12.017s] [  0%] Built target tf_generate_messages_nodejs
[12.168s] [  0%] Built target std_msgs_generate_messages_eus
[12.319s] [  0%] Built target actionlib_msgs_generate_messages_lisp
[12.504s] [  0%] Built target actionlib_msgs_generate_messages_nodejs
[12.650s] [  0%] Built target tf_generate_messages_py
[12.799s] [  0%] Built target jsk_recognition_msgs_generate_messages_nodejs
[12.946s] [  0%] Built target roscpp_generate_messages_py
[13.089s] [  0%] Built target roscpp_generate_messages_eus
[13.241s] [  0%] Built target jsk_footstep_msgs_generate_messages_cpp
[13.437s] [  0%] Built target roscpp_generate_messages_nodejs
[13.581s] [  0%] Built target actionlib_generate_messages_eus
[13.723s] [  0%] Built target rosgraph_msgs_generate_messages_cpp
[13.879s] [  0%] Built target actionlib_generate_messages_cpp
[14.044s] [  0%] Built target actionlib_generate_messages_nodejs
[14.200s] [  0%] Built target actionlib_generate_messages_py
[14.391s] [  0%] Built target tf2_msgs_generate_messages_cpp
[14.552s] [  0%] Built target tf2_msgs_generate_messages_lisp
[14.695s] [  0%] Built target tf2_msgs_generate_messages_nodejs
[14.839s] [  0%] Built target tf2_msgs_generate_messages_py
[14.986s] [  0%] Built target autoware_system_msgs_generate_messages_cpp
[15.148s] [  0%] Built target autoware_system_msgs_generate_messages_lisp
[15.343s] [  0%] Built target autoware_system_msgs_generate_messages_nodejs
[15.571s] [100%] Built target vel_pose_diff_checker
[17.104s] [ 33%] Built target gtest
[17.272s] [100%] Built target vel_pose_diff_checker-test
[17.455s] [100%] Built target tests
[18.926s] [  0%] Built target rosgraph_msgs_generate_messages_eus
[19.068s] [  0%] Built target rosgraph_msgs_generate_messages_py
[19.213s] [  0%] Built target rosgraph_msgs_generate_messages_nodejs
[19.399s] [  0%] Built target jsk_recognition_msgs_generate_messages_lisp
[19.576s] [  0%] Built target tf_generate_messages_cpp
[19.732s] [  0%] Built target jsk_recognition_msgs_generate_messages_eus
[19.889s] [  0%] Built target std_msgs_generate_messages_py
[20.032s] [  0%] Built target jsk_recognition_msgs_generate_messages_cpp
[20.176s] [  0%] Built target autoware_system_msgs_generate_messages_py
[20.319s] [  0%] Built target geometry_msgs_generate_messages_lisp
[20.517s] [  0%] Built target autoware_msgs_generate_messages_eus
[20.661s] [  0%] Built target std_msgs_generate_messages_nodejs
[20.807s] [  0%] Built target geometry_msgs_generate_messages_eus
[20.957s] [  0%] Built target std_msgs_generate_messages_cpp
[21.098s] [  0%] Built target jsk_footstep_msgs_generate_messages_py
[21.237s] [  0%] Built target geometry_msgs_generate_messages_py
[21.420s] [  0%] Built target tf2_msgs_generate_messages_eus
[21.593s] [  0%] Built target sensor_msgs_generate_messages_py
[21.736s] [  0%] Built target jsk_footstep_msgs_generate_messages_lisp
[21.916s] [  0%] Built target autoware_msgs_generate_messages_nodejs
[22.060s] [  0%] Built target actionlib_msgs_generate_messages_eus
[22.204s] [  0%] Built target tf_generate_messages_eus
[22.373s] [  0%] Built target autoware_msgs_generate_messages_py
[22.579s] [  0%] Built target rosgraph_msgs_generate_messages_lisp
[22.722s] [  0%] Built target sensor_msgs_generate_messages_lisp
[22.870s] [  0%] Built target sensor_msgs_generate_messages_eus
[23.024s] [  0%] Built target roscpp_generate_messages_cpp
[23.168s] [  0%] Built target autoware_system_msgs_generate_messages_eus
[23.315s] [  0%] Built target autoware_msgs_generate_messages_lisp
[23.545s] [  0%] Built target sensor_msgs_generate_messages_cpp
[23.702s] [  0%] Built target pcl_msgs_generate_messages_cpp
[23.845s] [  0%] Built target jsk_recognition_msgs_generate_messages_py
[24.009s] [  0%] Built target std_msgs_generate_messages_lisp
[24.154s] [  0%] Built target autoware_msgs_generate_messages_cpp
[24.302s] [  0%] Built target jsk_footstep_msgs_generate_messages_eus
[24.548s] [  0%] Built target actionlib_generate_messages_lisp
[24.701s] [  0%] Built target _catkin_empty_exported_target
[24.847s] [  0%] Built target roscpp_generate_messages_lisp
[24.995s] [  0%] Built target geometry_msgs_generate_messages_nodejs
[25.141s] [  0%] Built target geometry_msgs_generate_messages_cpp
[25.293s] [  0%] Built target pcl_msgs_generate_messages_eus
[25.516s] [  0%] Built target pcl_msgs_generate_messages_nodejs
[25.709s] [  0%] Built target pcl_msgs_generate_messages_lisp
[25.868s] [  0%] Built target pcl_msgs_generate_messages_py
[26.029s] [  0%] Built target sensor_msgs_generate_messages_nodejs
[26.207s] [  0%] Built target jsk_footstep_msgs_generate_messages_nodejs
[26.392s] [  0%] Built target actionlib_msgs_generate_messages_cpp
[26.590s] [  0%] Built target actionlib_msgs_generate_messages_py
[26.780s] [  0%] Built target tf_generate_messages_lisp
[26.970s] [  0%] Built target tf_generate_messages_nodejs
[27.168s] [  0%] Built target std_msgs_generate_messages_eus
[27.383s] [  0%] Built target actionlib_msgs_generate_messages_lisp
[27.586s] [  0%] Built target actionlib_msgs_generate_messages_nodejs
[27.755s] [  0%] Built target tf_generate_messages_py
[27.906s] [  0%] Built target jsk_recognition_msgs_generate_messages_nodejs
[28.052s] [  0%] Built target roscpp_generate_messages_py
[28.199s] [  0%] Built target roscpp_generate_messages_eus
[28.389s] [  0%] Built target jsk_footstep_msgs_generate_messages_cpp
[28.562s] [  0%] Built target roscpp_generate_messages_nodejs
[28.710s] [  0%] Built target actionlib_generate_messages_eus
[28.857s] [  0%] Built target rosgraph_msgs_generate_messages_cpp
[28.995s] [  0%] Built target actionlib_generate_messages_cpp
[29.182s] [  0%] Built target actionlib_generate_messages_nodejs
[29.343s] [  0%] Built target actionlib_generate_messages_py
[29.558s] [  0%] Built target tf2_msgs_generate_messages_cpp
[29.721s] [  0%] Built target tf2_msgs_generate_messages_lisp
[29.887s] [  0%] Built target tf2_msgs_generate_messages_nodejs
[30.028s] [  0%] Built target tf2_msgs_generate_messages_py
[30.174s] [  0%] Built target autoware_system_msgs_generate_messages_cpp
[30.316s] [  0%] Built target autoware_system_msgs_generate_messages_lisp
[30.487s] [  0%] Built target autoware_system_msgs_generate_messages_nodejs
[30.652s] [100%] Built target vel_pose_diff_checker
[30.783s] [36mInstall the project...[0m
[30.839s] -- Install configuration: "Release"
[30.840s] -- Installing: /home/capstone/autoware.ai/install/vel_pose_diff_checker/lib/pkgconfig/vel_pose_diff_checker.pc
[30.840s] -- Installing: /home/capstone/autoware.ai/install/vel_pose_diff_checker/share/vel_pose_diff_checker/cmake/vel_pose_diff_checkerConfig.cmake
[30.841s] -- Up-to-date: /home/capstone/autoware.ai/install/vel_pose_diff_checker/share/vel_pose_diff_checker/cmake/vel_pose_diff_checkerConfig-version.cmake
[30.841s] -- Up-to-date: /home/capstone/autoware.ai/install/vel_pose_diff_checker/share/vel_pose_diff_checker/package.xml
[30.843s] -- Up-to-date: /home/capstone/autoware.ai/install/vel_pose_diff_checker/lib/vel_pose_diff_checker/vel_pose_diff_checker
[30.844s] -- Up-to-date: /home/capstone/autoware.ai/install/vel_pose_diff_checker/share/vel_pose_diff_checker/launch
[30.844s] -- Up-to-date: /home/capstone/autoware.ai/install/vel_pose_diff_checker/share/vel_pose_diff_checker/launch/vel_pose_diff_checker.launch
[30.844s] -- Up-to-date: /home/capstone/autoware.ai/install/vel_pose_diff_checker/share/vel_pose_diff_checker/config
[30.844s] -- Up-to-date: /home/capstone/autoware.ai/install/vel_pose_diff_checker/share/vel_pose_diff_checker/config/health_checker.yaml
