[0.032s] Invoking command in '/home/capstone/autoware.ai/build/autoware_msgs': /usr/bin/cmake --build /home/capstone/autoware.ai/build/autoware_msgs -- -j12 -l12
[0.557s] [  0%] Built target _autoware_msgs_generate_messages_check_deps_StateCmd
[0.563s] [  0%] Built target _autoware_msgs_generate_messages_check_deps_SyncTimeDiff
[0.564s] [  0%] Built target _autoware_msgs_generate_messages_check_deps_AdjustXY
[0.564s] [  0%] Built target _autoware_msgs_generate_messages_check_deps_RecognizeLightState
[0.566s] [  0%] Built target _autoware_msgs_generate_messages_check_deps_TrafficLight
[0.566s] [  0%] Built target _autoware_msgs_generate_messages_check_deps_LaneArray
[0.569s] [  0%] Built target _autoware_msgs_generate_messages_check_deps_ObjLabel
[0.584s] [  0%] Built target _autoware_msgs_generate_messages_check_deps_Lane
[0.591s] [  0%] Built target _autoware_msgs_generate_messages_check_deps_ValueSet
[0.609s] [  0%] Built target _autoware_msgs_generate_messages_check_deps_ImageObjects
[0.611s] [  0%] Built target _autoware_msgs_generate_messages_check_deps_VehicleStatus
[0.621s] [  0%] Built target _autoware_msgs_generate_messages_check_deps_CloudCluster
[0.686s] [  0%] Built target jsk_recognition_msgs_generate_messages_eus
[0.697s] [  0%] Built target sensor_msgs_generate_messages_eus
[0.870s] [  0%] Built target _autoware_msgs_generate_messages_check_deps_WaypointState
[0.877s] [  0%] Built target _autoware_msgs_generate_messages_check_deps_ImageObj
[0.884s] [  0%] Built target _autoware_msgs_generate_messages_check_deps_ImageLaneObjects
[0.908s] [  0%] Built target _autoware_msgs_generate_messages_check_deps_ImageRect
[0.917s] [  0%] Built target _autoware_msgs_generate_messages_check_deps_DetectedObject
[0.937s] [  0%] Built target _autoware_msgs_generate_messages_check_deps_TrafficLightResult
[0.949s] [  0%] Built target _autoware_msgs_generate_messages_check_deps_TunedResult
[0.950s] [  0%] Built target _autoware_msgs_generate_messages_check_deps_ControlCommand
[0.951s] [  0%] Built target _autoware_msgs_generate_messages_check_deps_ColorSet
[1.012s] [  0%] Built target _autoware_msgs_generate_messages_check_deps_State
[1.043s] [  0%] Built target _autoware_msgs_generate_messages_check_deps_Centroids
[1.080s] [  0%] Built target _autoware_msgs_generate_messages_check_deps_AccelCmd
[1.103s] [  0%] Built target std_msgs_generate_messages_eus
[1.208s] [  0%] Built target _autoware_msgs_generate_messages_check_deps_ObjPose
[1.212s] [  0%] Built target _autoware_msgs_generate_messages_check_deps_CloudClusterArray
[1.240s] [  0%] Built target _autoware_msgs_generate_messages_check_deps_TrafficLightResultArray
[1.243s] [  0%] Built target _autoware_msgs_generate_messages_check_deps_LampCmd
[1.249s] [  0%] Built target _autoware_msgs_generate_messages_check_deps_Gear
[1.255s] [  0%] Built target _autoware_msgs_generate_messages_check_deps_ProjectionMatrix
[1.261s] [  0%] Built target _autoware_msgs_generate_messages_check_deps_ScanImage
[1.286s] [  0%] Built target _autoware_msgs_generate_messages_check_deps_ImageObjTracked
[1.315s] [  0%] Built target _autoware_msgs_generate_messages_check_deps_SyncTimeMonitor
[1.353s] [  0%] Built target geometry_msgs_generate_messages_eus
[1.375s] [  0%] Built target _autoware_msgs_generate_messages_check_deps_GeometricRectangle
[1.385s] [  0%] Built target _autoware_msgs_generate_messages_check_deps_Signals
[1.389s] [  0%] Built target _autoware_msgs_generate_messages_check_deps_ICPStat
[1.508s] [  0%] Built target _autoware_msgs_generate_messages_check_deps_ImageRectRanged
[1.521s] [  0%] Built target _autoware_msgs_generate_messages_check_deps_IndicatorCmd
[1.530s] [  0%] Built target _autoware_msgs_generate_messages_check_deps_SteerCmd
[1.545s] [  0%] Built target _autoware_msgs_generate_messages_check_deps_NDTStat
[1.545s] [  0%] Built target _autoware_msgs_generate_messages_check_deps_PointsImage
[1.573s] [  0%] Built target _autoware_msgs_generate_messages_check_deps_DetectedObjectArray
[1.582s] [  0%] Built target _autoware_msgs_generate_messages_check_deps_ControlCommandStamped
[1.616s] [  0%] Built target _autoware_msgs_generate_messages_check_deps_VehicleCmd
[1.653s] [  0%] Built target _autoware_msgs_generate_messages_check_deps_BrakeCmd
[1.677s] [  0%] Built target _autoware_msgs_generate_messages_check_deps_VehicleLocation
[1.679s] [  0%] Built target _autoware_msgs_generate_messages_check_deps_ImageObjRanged
[1.680s] [  0%] Built target _autoware_msgs_generate_messages_check_deps_Waypoint
[1.719s] [  0%] Built target jsk_recognition_msgs_generate_messages_cpp
[1.732s] [  0%] Built target sensor_msgs_generate_messages_cpp
[1.770s] [  0%] Built target geometry_msgs_generate_messages_cpp
[1.798s] [  0%] Built target _autoware_msgs_generate_messages_check_deps_RemoteCmd
[1.799s] [  0%] Built target std_msgs_generate_messages_cpp
[1.831s] [  0%] Built target std_msgs_generate_messages_py
[1.836s] [  0%] Built target _autoware_msgs_generate_messages_check_deps_DTLane
[1.840s] [  0%] Built target geometry_msgs_generate_messages_py
[1.848s] [  0%] Built target _autoware_msgs_generate_messages_check_deps_ExtractedPosition
[1.858s] [  0%] Built target sensor_msgs_generate_messages_py
[1.869s] [  0%] Built target _autoware_msgs_generate_messages_check_deps_VscanTracked
[1.877s] [  0%] Built target _autoware_msgs_generate_messages_check_deps_VscanTrackedArray
[1.925s] [  0%] Built target jsk_recognition_msgs_generate_messages_py
[1.928s] [  0%] Built target geometry_msgs_generate_messages_lisp
[1.947s] [  0%] Built target sensor_msgs_generate_messages_lisp
[1.988s] [  0%] Built target jsk_recognition_msgs_generate_messages_lisp
[2.004s] [  0%] Built target sensor_msgs_generate_messages_nodejs
[2.007s] [  0%] Built target geometry_msgs_generate_messages_nodejs
[2.008s] [  0%] Built target jsk_recognition_msgs_generate_messages_nodejs
[2.009s] [  0%] Built target std_msgs_generate_messages_lisp
[2.019s] [  0%] Built target std_msgs_generate_messages_nodejs
[2.039s] [ 20%] Built target autoware_msgs_generate_messages_eus
[2.047s] [ 39%] Built target autoware_msgs_generate_messages_cpp
[2.067s] [ 60%] Built target autoware_msgs_generate_messages_py
[2.108s] [ 80%] Built target autoware_msgs_generate_messages_nodejs
[2.113s] [100%] Built target autoware_msgs_generate_messages_lisp
[2.200s] [100%] Built target autoware_msgs_generate_messages
[2.241s] Invoked command in '/home/capstone/autoware.ai/build/autoware_msgs' returned '0': /usr/bin/cmake --build /home/capstone/autoware.ai/build/autoware_msgs -- -j12 -l12
[2.671s] Invoking command in '/home/capstone/autoware.ai/build/autoware_msgs': /usr/bin/cmake --build /home/capstone/autoware.ai/build/autoware_msgs --target tests -- -j12 -l12
[2.916s] Built target tests
[2.962s] Invoked command in '/home/capstone/autoware.ai/build/autoware_msgs' returned '0': /usr/bin/cmake --build /home/capstone/autoware.ai/build/autoware_msgs --target tests -- -j12 -l12
[3.888s] Invoking command in '/home/capstone/autoware.ai/build/autoware_msgs': /usr/bin/cmake --build /home/capstone/autoware.ai/build/autoware_msgs --target install -- -j12 -l12
[4.385s] [  0%] Built target _autoware_msgs_generate_messages_check_deps_TrafficLight
[4.385s] [  0%] Built target _autoware_msgs_generate_messages_check_deps_SyncTimeDiff
[4.386s] [  0%] Built target _autoware_msgs_generate_messages_check_deps_ValueSet
[4.387s] [  0%] Built target _autoware_msgs_generate_messages_check_deps_LaneArray
[4.389s] [  0%] Built target _autoware_msgs_generate_messages_check_deps_StateCmd
[4.390s] [  0%] Built target _autoware_msgs_generate_messages_check_deps_Lane
[4.390s] [  0%] Built target _autoware_msgs_generate_messages_check_deps_AdjustXY
[4.390s] [  0%] Built target _autoware_msgs_generate_messages_check_deps_RecognizeLightState
[4.393s] [  0%] Built target _autoware_msgs_generate_messages_check_deps_VehicleStatus
[4.393s] [  0%] Built target _autoware_msgs_generate_messages_check_deps_ImageObjects
[4.411s] [  0%] Built target _autoware_msgs_generate_messages_check_deps_CloudCluster
[4.419s] [  0%] Built target _autoware_msgs_generate_messages_check_deps_ObjLabel
[4.515s] [  0%] Built target jsk_recognition_msgs_generate_messages_eus
[4.519s] [  0%] Built target sensor_msgs_generate_messages_eus
[4.660s] [  0%] Built target _autoware_msgs_generate_messages_check_deps_WaypointState
[4.662s] [  0%] Built target _autoware_msgs_generate_messages_check_deps_ColorSet
[4.666s] [  0%] Built target _autoware_msgs_generate_messages_check_deps_ImageLaneObjects
[4.667s] [  0%] Built target _autoware_msgs_generate_messages_check_deps_ImageObj
[4.669s] [  0%] Built target _autoware_msgs_generate_messages_check_deps_TrafficLightResult
[4.672s] [  0%] Built target _autoware_msgs_generate_messages_check_deps_ControlCommand
[4.674s] [  0%] Built target _autoware_msgs_generate_messages_check_deps_ImageRect
[4.691s] [  0%] Built target _autoware_msgs_generate_messages_check_deps_State
[4.692s] [  0%] Built target _autoware_msgs_generate_messages_check_deps_TunedResult
[4.695s] [  0%] Built target _autoware_msgs_generate_messages_check_deps_DetectedObject
[4.790s] [  0%] Built target _autoware_msgs_generate_messages_check_deps_Centroids
[4.801s] [  0%] Built target _autoware_msgs_generate_messages_check_deps_AccelCmd
[4.815s] [  0%] Built target std_msgs_generate_messages_eus
[4.981s] [  0%] Built target _autoware_msgs_generate_messages_check_deps_CloudClusterArray
[4.986s] [  0%] Built target _autoware_msgs_generate_messages_check_deps_TrafficLightResultArray
[4.989s] [  0%] Built target _autoware_msgs_generate_messages_check_deps_Gear
[4.991s] [  0%] Built target _autoware_msgs_generate_messages_check_deps_ObjPose
[5.005s] [  0%] Built target _autoware_msgs_generate_messages_check_deps_LampCmd
[5.005s] [  0%] Built target _autoware_msgs_generate_messages_check_deps_ScanImage
[5.040s] [  0%] Built target _autoware_msgs_generate_messages_check_deps_SyncTimeMonitor
[5.056s] [  0%] Built target _autoware_msgs_generate_messages_check_deps_ImageObjTracked
[5.089s] [  0%] Built target _autoware_msgs_generate_messages_check_deps_ProjectionMatrix
[5.125s] [  0%] Built target geometry_msgs_generate_messages_eus
[5.137s] [  0%] Built target _autoware_msgs_generate_messages_check_deps_ICPStat
[5.140s] [  0%] Built target _autoware_msgs_generate_messages_check_deps_GeometricRectangle
[5.185s] [  0%] Built target _autoware_msgs_generate_messages_check_deps_Signals
[5.264s] [  0%] Built target _autoware_msgs_generate_messages_check_deps_IndicatorCmd
[5.271s] [  0%] Built target _autoware_msgs_generate_messages_check_deps_ImageRectRanged
[5.279s] [  0%] Built target _autoware_msgs_generate_messages_check_deps_NDTStat
[5.279s] [  0%] Built target _autoware_msgs_generate_messages_check_deps_SteerCmd
[5.292s] [  0%] Built target _autoware_msgs_generate_messages_check_deps_PointsImage
[5.322s] [  0%] Built target _autoware_msgs_generate_messages_check_deps_ControlCommandStamped
[5.359s] [  0%] Built target _autoware_msgs_generate_messages_check_deps_DetectedObjectArray
[5.384s] [  0%] Built target _autoware_msgs_generate_messages_check_deps_VehicleCmd
[5.401s] [  0%] Built target _autoware_msgs_generate_messages_check_deps_BrakeCmd
[5.416s] [  0%] Built target _autoware_msgs_generate_messages_check_deps_ImageObjRanged
[5.428s] [  0%] Built target _autoware_msgs_generate_messages_check_deps_VehicleLocation
[5.476s] [  0%] Built target _autoware_msgs_generate_messages_check_deps_Waypoint
[5.480s] [  0%] Built target jsk_recognition_msgs_generate_messages_cpp
[5.488s] [  0%] Built target sensor_msgs_generate_messages_cpp
[5.522s] [  0%] Built target geometry_msgs_generate_messages_cpp
[5.533s] [  0%] Built target std_msgs_generate_messages_cpp
[5.549s] [  0%] Built target std_msgs_generate_messages_py
[5.554s] [  0%] Built target geometry_msgs_generate_messages_py
[5.560s] [  0%] Built target _autoware_msgs_generate_messages_check_deps_DTLane
[5.564s] [  0%] Built target _autoware_msgs_generate_messages_check_deps_RemoteCmd
[5.566s] [  0%] Built target _autoware_msgs_generate_messages_check_deps_VscanTracked
[5.567s] [  0%] Built target _autoware_msgs_generate_messages_check_deps_ExtractedPosition
[5.599s] [  0%] Built target _autoware_msgs_generate_messages_check_deps_VscanTrackedArray
[5.604s] [  0%] Built target sensor_msgs_generate_messages_py
[5.612s] [  0%] Built target jsk_recognition_msgs_generate_messages_py
[5.613s] [  0%] Built target geometry_msgs_generate_messages_lisp
[5.653s] [  0%] Built target sensor_msgs_generate_messages_lisp
[5.658s] [  0%] Built target std_msgs_generate_messages_lisp
[5.666s] [  0%] Built target jsk_recognition_msgs_generate_messages_lisp
[5.675s] [  0%] Built target geometry_msgs_generate_messages_nodejs
[5.678s] [  0%] Built target jsk_recognition_msgs_generate_messages_nodejs
[5.682s] [  0%] Built target sensor_msgs_generate_messages_nodejs
[5.689s] [  0%] Built target std_msgs_generate_messages_nodejs
[5.717s] [ 20%] Built target autoware_msgs_generate_messages_eus
[5.725s] [ 39%] Built target autoware_msgs_generate_messages_cpp
[5.731s] [ 60%] Built target autoware_msgs_generate_messages_py
[5.764s] [ 80%] Built target autoware_msgs_generate_messages_lisp
[5.783s] [100%] Built target autoware_msgs_generate_messages_nodejs
[5.911s] [100%] Built target autoware_msgs_generate_messages
[6.018s] [36mInstall the project...[0m
[6.062s] -- Install configuration: "Release"
[6.062s] -- Up-to-date: /home/capstone/autoware.ai/install/autoware_msgs/share/autoware_msgs/msg/AccelCmd.msg
[6.062s] -- Up-to-date: /home/capstone/autoware.ai/install/autoware_msgs/share/autoware_msgs/msg/AdjustXY.msg
[6.063s] -- Up-to-date: /home/capstone/autoware.ai/install/autoware_msgs/share/autoware_msgs/msg/BrakeCmd.msg
[6.063s] -- Up-to-date: /home/capstone/autoware.ai/install/autoware_msgs/share/autoware_msgs/msg/Centroids.msg
[6.063s] -- Up-to-date: /home/capstone/autoware.ai/install/autoware_msgs/share/autoware_msgs/msg/CloudCluster.msg
[6.063s] -- Up-to-date: /home/capstone/autoware.ai/install/autoware_msgs/share/autoware_msgs/msg/CloudClusterArray.msg
[6.063s] -- Up-to-date: /home/capstone/autoware.ai/install/autoware_msgs/share/autoware_msgs/msg/ColorSet.msg
[6.063s] -- Up-to-date: /home/capstone/autoware.ai/install/autoware_msgs/share/autoware_msgs/msg/ControlCommand.msg
[6.063s] -- Up-to-date: /home/capstone/autoware.ai/install/autoware_msgs/share/autoware_msgs/msg/ControlCommandStamped.msg
[6.064s] -- Up-to-date: /home/capstone/autoware.ai/install/autoware_msgs/share/autoware_msgs/msg/DTLane.msg
[6.064s] -- Up-to-date: /home/capstone/autoware.ai/install/autoware_msgs/share/autoware_msgs/msg/DetectedObject.msg
[6.064s] -- Up-to-date: /home/capstone/autoware.ai/install/autoware_msgs/share/autoware_msgs/msg/DetectedObjectArray.msg
[6.064s] -- Up-to-date: /home/capstone/autoware.ai/install/autoware_msgs/share/autoware_msgs/msg/ExtractedPosition.msg
[6.064s] -- Up-to-date: /home/capstone/autoware.ai/install/autoware_msgs/share/autoware_msgs/msg/Gear.msg
[6.064s] -- Up-to-date: /home/capstone/autoware.ai/install/autoware_msgs/share/autoware_msgs/msg/GeometricRectangle.msg
[6.064s] -- Up-to-date: /home/capstone/autoware.ai/install/autoware_msgs/share/autoware_msgs/msg/ICPStat.msg
[6.064s] -- Up-to-date: /home/capstone/autoware.ai/install/autoware_msgs/share/autoware_msgs/msg/ImageLaneObjects.msg
[6.065s] -- Up-to-date: /home/capstone/autoware.ai/install/autoware_msgs/share/autoware_msgs/msg/ImageObj.msg
[6.065s] -- Up-to-date: /home/capstone/autoware.ai/install/autoware_msgs/share/autoware_msgs/msg/ImageObjRanged.msg
[6.065s] -- Up-to-date: /home/capstone/autoware.ai/install/autoware_msgs/share/autoware_msgs/msg/ImageObjTracked.msg
[6.065s] -- Up-to-date: /home/capstone/autoware.ai/install/autoware_msgs/share/autoware_msgs/msg/ImageObjects.msg
[6.065s] -- Up-to-date: /home/capstone/autoware.ai/install/autoware_msgs/share/autoware_msgs/msg/ImageRect.msg
[6.065s] -- Up-to-date: /home/capstone/autoware.ai/install/autoware_msgs/share/autoware_msgs/msg/ImageRectRanged.msg
[6.065s] -- Up-to-date: /home/capstone/autoware.ai/install/autoware_msgs/share/autoware_msgs/msg/IndicatorCmd.msg
[6.065s] -- Up-to-date: /home/capstone/autoware.ai/install/autoware_msgs/share/autoware_msgs/msg/LampCmd.msg
[6.066s] -- Up-to-date: /home/capstone/autoware.ai/install/autoware_msgs/share/autoware_msgs/msg/Lane.msg
[6.066s] -- Up-to-date: /home/capstone/autoware.ai/install/autoware_msgs/share/autoware_msgs/msg/LaneArray.msg
[6.066s] -- Up-to-date: /home/capstone/autoware.ai/install/autoware_msgs/share/autoware_msgs/msg/NDTStat.msg
[6.066s] -- Up-to-date: /home/capstone/autoware.ai/install/autoware_msgs/share/autoware_msgs/msg/ObjLabel.msg
[6.066s] -- Up-to-date: /home/capstone/autoware.ai/install/autoware_msgs/share/autoware_msgs/msg/ObjPose.msg
[6.066s] -- Up-to-date: /home/capstone/autoware.ai/install/autoware_msgs/share/autoware_msgs/msg/PointsImage.msg
[6.067s] -- Up-to-date: /home/capstone/autoware.ai/install/autoware_msgs/share/autoware_msgs/msg/ProjectionMatrix.msg
[6.067s] -- Up-to-date: /home/capstone/autoware.ai/install/autoware_msgs/share/autoware_msgs/msg/RemoteCmd.msg
[6.067s] -- Up-to-date: /home/capstone/autoware.ai/install/autoware_msgs/share/autoware_msgs/msg/ScanImage.msg
[6.067s] -- Up-to-date: /home/capstone/autoware.ai/install/autoware_msgs/share/autoware_msgs/msg/Signals.msg
[6.067s] -- Up-to-date: /home/capstone/autoware.ai/install/autoware_msgs/share/autoware_msgs/msg/State.msg
[6.067s] -- Up-to-date: /home/capstone/autoware.ai/install/autoware_msgs/share/autoware_msgs/msg/StateCmd.msg
[6.067s] -- Up-to-date: /home/capstone/autoware.ai/install/autoware_msgs/share/autoware_msgs/msg/SteerCmd.msg
[6.067s] -- Up-to-date: /home/capstone/autoware.ai/install/autoware_msgs/share/autoware_msgs/msg/SyncTimeDiff.msg
[6.068s] -- Up-to-date: /home/capstone/autoware.ai/install/autoware_msgs/share/autoware_msgs/msg/SyncTimeMonitor.msg
[6.068s] -- Up-to-date: /home/capstone/autoware.ai/install/autoware_msgs/share/autoware_msgs/msg/TrafficLight.msg
[6.068s] -- Up-to-date: /home/capstone/autoware.ai/install/autoware_msgs/share/autoware_msgs/msg/TrafficLightResult.msg
[6.068s] -- Up-to-date: /home/capstone/autoware.ai/install/autoware_msgs/share/autoware_msgs/msg/TrafficLightResultArray.msg
[6.068s] -- Up-to-date: /home/capstone/autoware.ai/install/autoware_msgs/share/autoware_msgs/msg/TunedResult.msg
[6.068s] -- Up-to-date: /home/capstone/autoware.ai/install/autoware_msgs/share/autoware_msgs/msg/ValueSet.msg
[6.068s] -- Up-to-date: /home/capstone/autoware.ai/install/autoware_msgs/share/autoware_msgs/msg/VehicleCmd.msg
[6.068s] -- Up-to-date: /home/capstone/autoware.ai/install/autoware_msgs/share/autoware_msgs/msg/VehicleLocation.msg
[6.068s] -- Up-to-date: /home/capstone/autoware.ai/install/autoware_msgs/share/autoware_msgs/msg/VehicleStatus.msg
[6.068s] -- Up-to-date: /home/capstone/autoware.ai/install/autoware_msgs/share/autoware_msgs/msg/VscanTracked.msg
[6.069s] -- Up-to-date: /home/capstone/autoware.ai/install/autoware_msgs/share/autoware_msgs/msg/VscanTrackedArray.msg
[6.069s] -- Up-to-date: /home/capstone/autoware.ai/install/autoware_msgs/share/autoware_msgs/msg/Waypoint.msg
[6.069s] -- Up-to-date: /home/capstone/autoware.ai/install/autoware_msgs/share/autoware_msgs/msg/WaypointState.msg
[6.069s] -- Up-to-date: /home/capstone/autoware.ai/install/autoware_msgs/share/autoware_msgs/srv/RecognizeLightState.srv
[6.069s] -- Up-to-date: /home/capstone/autoware.ai/install/autoware_msgs/share/autoware_msgs/cmake/autoware_msgs-msg-paths.cmake
[6.069s] -- Up-to-date: /home/capstone/autoware.ai/install/autoware_msgs/include/autoware_msgs
[6.069s] -- Up-to-date: /home/capstone/autoware.ai/install/autoware_msgs/include/autoware_msgs/VehicleLocation.h
[6.069s] -- Up-to-date: /home/capstone/autoware.ai/install/autoware_msgs/include/autoware_msgs/TrafficLight.h
[6.069s] -- Up-to-date: /home/capstone/autoware.ai/install/autoware_msgs/include/autoware_msgs/AdjustXY.h
[6.069s] -- Up-to-date: /home/capstone/autoware.ai/install/autoware_msgs/include/autoware_msgs/ImageRectRanged.h
[6.069s] -- Up-to-date: /home/capstone/autoware.ai/install/autoware_msgs/include/autoware_msgs/TrafficLightResult.h
[6.069s] -- Up-to-date: /home/capstone/autoware.ai/install/autoware_msgs/include/autoware_msgs/PointsImage.h
[6.069s] -- Up-to-date: /home/capstone/autoware.ai/install/autoware_msgs/include/autoware_msgs/WaypointState.h
[6.069s] -- Up-to-date: /home/capstone/autoware.ai/install/autoware_msgs/include/autoware_msgs/ObjLabel.h
[6.069s] -- Up-to-date: /home/capstone/autoware.ai/install/autoware_msgs/include/autoware_msgs/ColorSet.h
[6.069s] -- Up-to-date: /home/capstone/autoware.ai/install/autoware_msgs/include/autoware_msgs/ObjPose.h
[6.070s] -- Up-to-date: /home/capstone/autoware.ai/install/autoware_msgs/include/autoware_msgs/DTLane.h
[6.070s] -- Up-to-date: /home/capstone/autoware.ai/install/autoware_msgs/include/autoware_msgs/DetectedObject.h
[6.070s] -- Up-to-date: /home/capstone/autoware.ai/install/autoware_msgs/include/autoware_msgs/TrafficLightResultArray.h
[6.070s] -- Up-to-date: /home/capstone/autoware.ai/install/autoware_msgs/include/autoware_msgs/VscanTrackedArray.h
[6.070s] -- Up-to-date: /home/capstone/autoware.ai/install/autoware_msgs/include/autoware_msgs/SteerCmd.h
[6.070s] -- Up-to-date: /home/capstone/autoware.ai/install/autoware_msgs/include/autoware_msgs/StateCmd.h
[6.070s] -- Up-to-date: /home/capstone/autoware.ai/install/autoware_msgs/include/autoware_msgs/VehicleCmd.h
[6.070s] -- Up-to-date: /home/capstone/autoware.ai/install/autoware_msgs/include/autoware_msgs/Gear.h
[6.070s] -- Up-to-date: /home/capstone/autoware.ai/install/autoware_msgs/include/autoware_msgs/TunedResult.h
[6.070s] -- Up-to-date: /home/capstone/autoware.ai/install/autoware_msgs/include/autoware_msgs/ImageRect.h
[6.070s] -- Up-to-date: /home/capstone/autoware.ai/install/autoware_msgs/include/autoware_msgs/IndicatorCmd.h
[6.070s] -- Up-to-date: /home/capstone/autoware.ai/install/autoware_msgs/include/autoware_msgs/Waypoint.h
[6.070s] -- Up-to-date: /home/capstone/autoware.ai/install/autoware_msgs/include/autoware_msgs/Centroids.h
[6.070s] -- Up-to-date: /home/capstone/autoware.ai/install/autoware_msgs/include/autoware_msgs/BrakeCmd.h
[6.070s] -- Up-to-date: /home/capstone/autoware.ai/install/autoware_msgs/include/autoware_msgs/ImageObjRanged.h
[6.070s] -- Up-to-date: /home/capstone/autoware.ai/install/autoware_msgs/include/autoware_msgs/VehicleStatus.h
[6.071s] -- Up-to-date: /home/capstone/autoware.ai/install/autoware_msgs/include/autoware_msgs/ScanImage.h
[6.071s] -- Up-to-date: /home/capstone/autoware.ai/install/autoware_msgs/include/autoware_msgs/SyncTimeMonitor.h
[6.071s] -- Up-to-date: /home/capstone/autoware.ai/install/autoware_msgs/include/autoware_msgs/AccelCmd.h
[6.071s] -- Up-to-date: /home/capstone/autoware.ai/install/autoware_msgs/include/autoware_msgs/DetectedObjectArray.h
[6.071s] -- Up-to-date: /home/capstone/autoware.ai/install/autoware_msgs/include/autoware_msgs/CloudCluster.h
[6.071s] -- Up-to-date: /home/capstone/autoware.ai/install/autoware_msgs/include/autoware_msgs/State.h
[6.071s] -- Up-to-date: /home/capstone/autoware.ai/install/autoware_msgs/include/autoware_msgs/GeometricRectangle.h
[6.071s] -- Up-to-date: /home/capstone/autoware.ai/install/autoware_msgs/include/autoware_msgs/ImageObjTracked.h
[6.071s] -- Up-to-date: /home/capstone/autoware.ai/install/autoware_msgs/include/autoware_msgs/ControlCommand.h
[6.071s] -- Up-to-date: /home/capstone/autoware.ai/install/autoware_msgs/include/autoware_msgs/RecognizeLightState.h
[6.071s] -- Up-to-date: /home/capstone/autoware.ai/install/autoware_msgs/include/autoware_msgs/Lane.h
[6.071s] -- Up-to-date: /home/capstone/autoware.ai/install/autoware_msgs/include/autoware_msgs/ImageObj.h
[6.071s] -- Up-to-date: /home/capstone/autoware.ai/install/autoware_msgs/include/autoware_msgs/ProjectionMatrix.h
[6.071s] -- Up-to-date: /home/capstone/autoware.ai/install/autoware_msgs/include/autoware_msgs/CloudClusterArray.h
[6.071s] -- Up-to-date: /home/capstone/autoware.ai/install/autoware_msgs/include/autoware_msgs/ExtractedPosition.h
[6.071s] -- Up-to-date: /home/capstone/autoware.ai/install/autoware_msgs/include/autoware_msgs/LampCmd.h
[6.071s] -- Up-to-date: /home/capstone/autoware.ai/install/autoware_msgs/include/autoware_msgs/NDTStat.h
[6.072s] -- Up-to-date: /home/capstone/autoware.ai/install/autoware_msgs/include/autoware_msgs/ControlCommandStamped.h
[6.072s] -- Up-to-date: /home/capstone/autoware.ai/install/autoware_msgs/include/autoware_msgs/RecognizeLightStateResponse.h
[6.072s] -- Up-to-date: /home/capstone/autoware.ai/install/autoware_msgs/include/autoware_msgs/ICPStat.h
[6.072s] -- Up-to-date: /home/capstone/autoware.ai/install/autoware_msgs/include/autoware_msgs/ValueSet.h
[6.072s] -- Up-to-date: /home/capstone/autoware.ai/install/autoware_msgs/include/autoware_msgs/Signals.h
[6.072s] -- Up-to-date: /home/capstone/autoware.ai/install/autoware_msgs/include/autoware_msgs/RecognizeLightStateRequest.h
[6.072s] -- Up-to-date: /home/capstone/autoware.ai/install/autoware_msgs/include/autoware_msgs/ImageLaneObjects.h
[6.072s] -- Up-to-date: /home/capstone/autoware.ai/install/autoware_msgs/include/autoware_msgs/LaneArray.h
[6.072s] -- Up-to-date: /home/capstone/autoware.ai/install/autoware_msgs/include/autoware_msgs/RemoteCmd.h
[6.072s] -- Up-to-date: /home/capstone/autoware.ai/install/autoware_msgs/include/autoware_msgs/VscanTracked.h
[6.072s] -- Up-to-date: /home/capstone/autoware.ai/install/autoware_msgs/include/autoware_msgs/SyncTimeDiff.h
[6.072s] -- Up-to-date: /home/capstone/autoware.ai/install/autoware_msgs/include/autoware_msgs/ImageObjects.h
[6.072s] -- Up-to-date: /home/capstone/autoware.ai/install/autoware_msgs/share/roseus/ros/autoware_msgs
[6.072s] -- Up-to-date: /home/capstone/autoware.ai/install/autoware_msgs/share/roseus/ros/autoware_msgs/srv
[6.072s] -- Up-to-date: /home/capstone/autoware.ai/install/autoware_msgs/share/roseus/ros/autoware_msgs/srv/RecognizeLightState.l
[6.072s] -- Up-to-date: /home/capstone/autoware.ai/install/autoware_msgs/share/roseus/ros/autoware_msgs/manifest.l
[6.073s] -- Up-to-date: /home/capstone/autoware.ai/install/autoware_msgs/share/roseus/ros/autoware_msgs/msg
[6.073s] -- Up-to-date: /home/capstone/autoware.ai/install/autoware_msgs/share/roseus/ros/autoware_msgs/msg/TunedResult.l
[6.073s] -- Up-to-date: /home/capstone/autoware.ai/install/autoware_msgs/share/roseus/ros/autoware_msgs/msg/ImageObjTracked.l
[6.073s] -- Up-to-date: /home/capstone/autoware.ai/install/autoware_msgs/share/roseus/ros/autoware_msgs/msg/TrafficLightResultArray.l
[6.073s] -- Up-to-date: /home/capstone/autoware.ai/install/autoware_msgs/share/roseus/ros/autoware_msgs/msg/RemoteCmd.l
[6.073s] -- Up-to-date: /home/capstone/autoware.ai/install/autoware_msgs/share/roseus/ros/autoware_msgs/msg/ControlCommandStamped.l
[6.073s] -- Up-to-date: /home/capstone/autoware.ai/install/autoware_msgs/share/roseus/ros/autoware_msgs/msg/ImageRectRanged.l
[6.073s] -- Up-to-date: /home/capstone/autoware.ai/install/autoware_msgs/share/roseus/ros/autoware_msgs/msg/SyncTimeMonitor.l
[6.073s] -- Up-to-date: /home/capstone/autoware.ai/install/autoware_msgs/share/roseus/ros/autoware_msgs/msg/TrafficLightResult.l
[6.073s] -- Up-to-date: /home/capstone/autoware.ai/install/autoware_msgs/share/roseus/ros/autoware_msgs/msg/ExtractedPosition.l
[6.073s] -- Up-to-date: /home/capstone/autoware.ai/install/autoware_msgs/share/roseus/ros/autoware_msgs/msg/ImageObjRanged.l
[6.073s] -- Up-to-date: /home/capstone/autoware.ai/install/autoware_msgs/share/roseus/ros/autoware_msgs/msg/AccelCmd.l
[6.073s] -- Up-to-date: /home/capstone/autoware.ai/install/autoware_msgs/share/roseus/ros/autoware_msgs/msg/Waypoint.l
[6.073s] -- Up-to-date: /home/capstone/autoware.ai/install/autoware_msgs/share/roseus/ros/autoware_msgs/msg/StateCmd.l
[6.073s] -- Up-to-date: /home/capstone/autoware.ai/install/autoware_msgs/share/roseus/ros/autoware_msgs/msg/ValueSet.l
[6.073s] -- Up-to-date: /home/capstone/autoware.ai/install/autoware_msgs/share/roseus/ros/autoware_msgs/msg/DetectedObject.l
[6.073s] -- Up-to-date: /home/capstone/autoware.ai/install/autoware_msgs/share/roseus/ros/autoware_msgs/msg/VscanTrackedArray.l
[6.074s] -- Up-to-date: /home/capstone/autoware.ai/install/autoware_msgs/share/roseus/ros/autoware_msgs/msg/IndicatorCmd.l
[6.074s] -- Up-to-date: /home/capstone/autoware.ai/install/autoware_msgs/share/roseus/ros/autoware_msgs/msg/ScanImage.l
[6.074s] -- Up-to-date: /home/capstone/autoware.ai/install/autoware_msgs/share/roseus/ros/autoware_msgs/msg/LaneArray.l
[6.074s] -- Up-to-date: /home/capstone/autoware.ai/install/autoware_msgs/share/roseus/ros/autoware_msgs/msg/State.l
[6.074s] -- Up-to-date: /home/capstone/autoware.ai/install/autoware_msgs/share/roseus/ros/autoware_msgs/msg/ColorSet.l
[6.074s] -- Up-to-date: /home/capstone/autoware.ai/install/autoware_msgs/share/roseus/ros/autoware_msgs/msg/Gear.l
[6.074s] -- Up-to-date: /home/capstone/autoware.ai/install/autoware_msgs/share/roseus/ros/autoware_msgs/msg/Signals.l
[6.074s] -- Up-to-date: /home/capstone/autoware.ai/install/autoware_msgs/share/roseus/ros/autoware_msgs/msg/TrafficLight.l
[6.074s] -- Up-to-date: /home/capstone/autoware.ai/install/autoware_msgs/share/roseus/ros/autoware_msgs/msg/ObjPose.l
[6.074s] -- Up-to-date: /home/capstone/autoware.ai/install/autoware_msgs/share/roseus/ros/autoware_msgs/msg/ObjLabel.l
[6.074s] -- Up-to-date: /home/capstone/autoware.ai/install/autoware_msgs/share/roseus/ros/autoware_msgs/msg/ImageLaneObjects.l
[6.074s] -- Up-to-date: /home/capstone/autoware.ai/install/autoware_msgs/share/roseus/ros/autoware_msgs/msg/SteerCmd.l
[6.074s] -- Up-to-date: /home/capstone/autoware.ai/install/autoware_msgs/share/roseus/ros/autoware_msgs/msg/ICPStat.l
[6.074s] -- Up-to-date: /home/capstone/autoware.ai/install/autoware_msgs/share/roseus/ros/autoware_msgs/msg/DetectedObjectArray.l
[6.074s] -- Up-to-date: /home/capstone/autoware.ai/install/autoware_msgs/share/roseus/ros/autoware_msgs/msg/CloudClusterArray.l
[6.074s] -- Up-to-date: /home/capstone/autoware.ai/install/autoware_msgs/share/roseus/ros/autoware_msgs/msg/WaypointState.l
[6.075s] -- Up-to-date: /home/capstone/autoware.ai/install/autoware_msgs/share/roseus/ros/autoware_msgs/msg/Lane.l
[6.075s] -- Up-to-date: /home/capstone/autoware.ai/install/autoware_msgs/share/roseus/ros/autoware_msgs/msg/PointsImage.l
[6.075s] -- Up-to-date: /home/capstone/autoware.ai/install/autoware_msgs/share/roseus/ros/autoware_msgs/msg/ProjectionMatrix.l
[6.075s] -- Up-to-date: /home/capstone/autoware.ai/install/autoware_msgs/share/roseus/ros/autoware_msgs/msg/DTLane.l
[6.075s] -- Up-to-date: /home/capstone/autoware.ai/install/autoware_msgs/share/roseus/ros/autoware_msgs/msg/CloudCluster.l
[6.075s] -- Up-to-date: /home/capstone/autoware.ai/install/autoware_msgs/share/roseus/ros/autoware_msgs/msg/VehicleStatus.l
[6.075s] -- Up-to-date: /home/capstone/autoware.ai/install/autoware_msgs/share/roseus/ros/autoware_msgs/msg/VehicleLocation.l
[6.075s] -- Up-to-date: /home/capstone/autoware.ai/install/autoware_msgs/share/roseus/ros/autoware_msgs/msg/SyncTimeDiff.l
[6.075s] -- Up-to-date: /home/capstone/autoware.ai/install/autoware_msgs/share/roseus/ros/autoware_msgs/msg/NDTStat.l
[6.075s] -- Up-to-date: /home/capstone/autoware.ai/install/autoware_msgs/share/roseus/ros/autoware_msgs/msg/ImageRect.l
[6.075s] -- Up-to-date: /home/capstone/autoware.ai/install/autoware_msgs/share/roseus/ros/autoware_msgs/msg/VscanTracked.l
[6.075s] -- Up-to-date: /home/capstone/autoware.ai/install/autoware_msgs/share/roseus/ros/autoware_msgs/msg/AdjustXY.l
[6.075s] -- Up-to-date: /home/capstone/autoware.ai/install/autoware_msgs/share/roseus/ros/autoware_msgs/msg/Centroids.l
[6.075s] -- Up-to-date: /home/capstone/autoware.ai/install/autoware_msgs/share/roseus/ros/autoware_msgs/msg/VehicleCmd.l
[6.075s] -- Up-to-date: /home/capstone/autoware.ai/install/autoware_msgs/share/roseus/ros/autoware_msgs/msg/ImageObjects.l
[6.075s] -- Up-to-date: /home/capstone/autoware.ai/install/autoware_msgs/share/roseus/ros/autoware_msgs/msg/LampCmd.l
[6.075s] -- Up-to-date: /home/capstone/autoware.ai/install/autoware_msgs/share/roseus/ros/autoware_msgs/msg/ImageObj.l
[6.076s] -- Up-to-date: /home/capstone/autoware.ai/install/autoware_msgs/share/roseus/ros/autoware_msgs/msg/GeometricRectangle.l
[6.076s] -- Up-to-date: /home/capstone/autoware.ai/install/autoware_msgs/share/roseus/ros/autoware_msgs/msg/ControlCommand.l
[6.076s] -- Up-to-date: /home/capstone/autoware.ai/install/autoware_msgs/share/roseus/ros/autoware_msgs/msg/BrakeCmd.l
[6.076s] -- Up-to-date: /home/capstone/autoware.ai/install/autoware_msgs/share/common-lisp/ros/autoware_msgs
[6.076s] -- Up-to-date: /home/capstone/autoware.ai/install/autoware_msgs/share/common-lisp/ros/autoware_msgs/srv
[6.076s] -- Up-to-date: /home/capstone/autoware.ai/install/autoware_msgs/share/common-lisp/ros/autoware_msgs/srv/RecognizeLightState.lisp
[6.076s] -- Up-to-date: /home/capstone/autoware.ai/install/autoware_msgs/share/common-lisp/ros/autoware_msgs/srv/_package.lisp
[6.076s] -- Up-to-date: /home/capstone/autoware.ai/install/autoware_msgs/share/common-lisp/ros/autoware_msgs/srv/autoware_msgs-srv.asd
[6.076s] -- Up-to-date: /home/capstone/autoware.ai/install/autoware_msgs/share/common-lisp/ros/autoware_msgs/srv/_package_RecognizeLightState.lisp
[6.076s] -- Up-to-date: /home/capstone/autoware.ai/install/autoware_msgs/share/common-lisp/ros/autoware_msgs/msg
[6.076s] -- Up-to-date: /home/capstone/autoware.ai/install/autoware_msgs/share/common-lisp/ros/autoware_msgs/msg/_package_ScanImage.lisp
[6.076s] -- Up-to-date: /home/capstone/autoware.ai/install/autoware_msgs/share/common-lisp/ros/autoware_msgs/msg/WaypointState.lisp
[6.076s] -- Up-to-date: /home/capstone/autoware.ai/install/autoware_msgs/share/common-lisp/ros/autoware_msgs/msg/ControlCommand.lisp
[6.076s] -- Up-to-date: /home/capstone/autoware.ai/install/autoware_msgs/share/common-lisp/ros/autoware_msgs/msg/_package_ImageObjTracked.lisp
[6.076s] -- Up-to-date: /home/capstone/autoware.ai/install/autoware_msgs/share/common-lisp/ros/autoware_msgs/msg/_package_DTLane.lisp
[6.076s] -- Up-to-date: /home/capstone/autoware.ai/install/autoware_msgs/share/common-lisp/ros/autoware_msgs/msg/_package_AdjustXY.lisp
[6.076s] -- Up-to-date: /home/capstone/autoware.ai/install/autoware_msgs/share/common-lisp/ros/autoware_msgs/msg/_package_Gear.lisp
[6.077s] -- Up-to-date: /home/capstone/autoware.ai/install/autoware_msgs/share/common-lisp/ros/autoware_msgs/msg/LampCmd.lisp
[6.077s] -- Up-to-date: /home/capstone/autoware.ai/install/autoware_msgs/share/common-lisp/ros/autoware_msgs/msg/CloudCluster.lisp
[6.077s] -- Up-to-date: /home/capstone/autoware.ai/install/autoware_msgs/share/common-lisp/ros/autoware_msgs/msg/SyncTimeMonitor.lisp
[6.077s] -- Up-to-date: /home/capstone/autoware.ai/install/autoware_msgs/share/common-lisp/ros/autoware_msgs/msg/TrafficLightResult.lisp
[6.077s] -- Up-to-date: /home/capstone/autoware.ai/install/autoware_msgs/share/common-lisp/ros/autoware_msgs/msg/StateCmd.lisp
[6.077s] -- Up-to-date: /home/capstone/autoware.ai/install/autoware_msgs/share/common-lisp/ros/autoware_msgs/msg/Centroids.lisp
[6.077s] -- Up-to-date: /home/capstone/autoware.ai/install/autoware_msgs/share/common-lisp/ros/autoware_msgs/msg/ScanImage.lisp
[6.077s] -- Up-to-date: /home/capstone/autoware.ai/install/autoware_msgs/share/common-lisp/ros/autoware_msgs/msg/_package_CloudClusterArray.lisp
[6.077s] -- Up-to-date: /home/capstone/autoware.ai/install/autoware_msgs/share/common-lisp/ros/autoware_msgs/msg/_package_VscanTracked.lisp
[6.077s] -- Up-to-date: /home/capstone/autoware.ai/install/autoware_msgs/share/common-lisp/ros/autoware_msgs/msg/Lane.lisp
[6.077s] -- Up-to-date: /home/capstone/autoware.ai/install/autoware_msgs/share/common-lisp/ros/autoware_msgs/msg/autoware_msgs-msg.asd
[6.077s] -- Up-to-date: /home/capstone/autoware.ai/install/autoware_msgs/share/common-lisp/ros/autoware_msgs/msg/Waypoint.lisp
[6.077s] -- Up-to-date: /home/capstone/autoware.ai/install/autoware_msgs/share/common-lisp/ros/autoware_msgs/msg/ImageRect.lisp
[6.077s] -- Up-to-date: /home/capstone/autoware.ai/install/autoware_msgs/share/common-lisp/ros/autoware_msgs/msg/_package_TunedResult.lisp
[6.077s] -- Up-to-date: /home/capstone/autoware.ai/install/autoware_msgs/share/common-lisp/ros/autoware_msgs/msg/_package_CloudCluster.lisp
[6.077s] -- Up-to-date: /home/capstone/autoware.ai/install/autoware_msgs/share/common-lisp/ros/autoware_msgs/msg/_package_AccelCmd.lisp
[6.077s] -- Up-to-date: /home/capstone/autoware.ai/install/autoware_msgs/share/common-lisp/ros/autoware_msgs/msg/_package_ControlCommandStamped.lisp
[6.078s] -- Up-to-date: /home/capstone/autoware.ai/install/autoware_msgs/share/common-lisp/ros/autoware_msgs/msg/DetectedObjectArray.lisp
[6.078s] -- Up-to-date: /home/capstone/autoware.ai/install/autoware_msgs/share/common-lisp/ros/autoware_msgs/msg/_package_ExtractedPosition.lisp
[6.078s] -- Up-to-date: /home/capstone/autoware.ai/install/autoware_msgs/share/common-lisp/ros/autoware_msgs/msg/_package_ImageLaneObjects.lisp
[6.078s] -- Up-to-date: /home/capstone/autoware.ai/install/autoware_msgs/share/common-lisp/ros/autoware_msgs/msg/Signals.lisp
[6.078s] -- Up-to-date: /home/capstone/autoware.ai/install/autoware_msgs/share/common-lisp/ros/autoware_msgs/msg/_package_GeometricRectangle.lisp
[6.078s] -- Up-to-date: /home/capstone/autoware.ai/install/autoware_msgs/share/common-lisp/ros/autoware_msgs/msg/ImageLaneObjects.lisp
[6.078s] -- Up-to-date: /home/capstone/autoware.ai/install/autoware_msgs/share/common-lisp/ros/autoware_msgs/msg/_package_IndicatorCmd.lisp
[6.078s] -- Up-to-date: /home/capstone/autoware.ai/install/autoware_msgs/share/common-lisp/ros/autoware_msgs/msg/ControlCommandStamped.lisp
[6.078s] -- Up-to-date: /home/capstone/autoware.ai/install/autoware_msgs/share/common-lisp/ros/autoware_msgs/msg/VehicleStatus.lisp
[6.078s] -- Up-to-date: /home/capstone/autoware.ai/install/autoware_msgs/share/common-lisp/ros/autoware_msgs/msg/_package_ImageRectRanged.lisp
[6.078s] -- Up-to-date: /home/capstone/autoware.ai/install/autoware_msgs/share/common-lisp/ros/autoware_msgs/msg/_package_LampCmd.lisp
[6.078s] -- Up-to-date: /home/capstone/autoware.ai/install/autoware_msgs/share/common-lisp/ros/autoware_msgs/msg/VscanTrackedArray.lisp
[6.078s] -- Up-to-date: /home/capstone/autoware.ai/install/autoware_msgs/share/common-lisp/ros/autoware_msgs/msg/_package_DetectedObject.lisp
[6.078s] -- Up-to-date: /home/capstone/autoware.ai/install/autoware_msgs/share/common-lisp/ros/autoware_msgs/msg/TunedResult.lisp
[6.078s] -- Up-to-date: /home/capstone/autoware.ai/install/autoware_msgs/share/common-lisp/ros/autoware_msgs/msg/ImageRectRanged.lisp
[6.078s] -- Up-to-date: /home/capstone/autoware.ai/install/autoware_msgs/share/common-lisp/ros/autoware_msgs/msg/_package_RemoteCmd.lisp
[6.079s] -- Up-to-date: /home/capstone/autoware.ai/install/autoware_msgs/share/common-lisp/ros/autoware_msgs/msg/NDTStat.lisp
[6.079s] -- Up-to-date: /home/capstone/autoware.ai/install/autoware_msgs/share/common-lisp/ros/autoware_msgs/msg/ExtractedPosition.lisp
[6.079s] -- Up-to-date: /home/capstone/autoware.ai/install/autoware_msgs/share/common-lisp/ros/autoware_msgs/msg/_package_ColorSet.lisp
[6.079s] -- Up-to-date: /home/capstone/autoware.ai/install/autoware_msgs/share/common-lisp/ros/autoware_msgs/msg/_package_DetectedObjectArray.lisp
[6.079s] -- Up-to-date: /home/capstone/autoware.ai/install/autoware_msgs/share/common-lisp/ros/autoware_msgs/msg/_package_SyncTimeDiff.lisp
[6.079s] -- Up-to-date: /home/capstone/autoware.ai/install/autoware_msgs/share/common-lisp/ros/autoware_msgs/msg/_package.lisp
[6.079s] -- Up-to-date: /home/capstone/autoware.ai/install/autoware_msgs/share/common-lisp/ros/autoware_msgs/msg/_package_TrafficLightResultArray.lisp
[6.079s] -- Up-to-date: /home/capstone/autoware.ai/install/autoware_msgs/share/common-lisp/ros/autoware_msgs/msg/_package_ImageObj.lisp
[6.079s] -- Up-to-date: /home/capstone/autoware.ai/install/autoware_msgs/share/common-lisp/ros/autoware_msgs/msg/BrakeCmd.lisp
[6.079s] -- Up-to-date: /home/capstone/autoware.ai/install/autoware_msgs/share/common-lisp/ros/autoware_msgs/msg/_package_NDTStat.lisp
[6.079s] -- Up-to-date: /home/capstone/autoware.ai/install/autoware_msgs/share/common-lisp/ros/autoware_msgs/msg/_package_ImageRect.lisp
[6.079s] -- Up-to-date: /home/capstone/autoware.ai/install/autoware_msgs/share/common-lisp/ros/autoware_msgs/msg/ProjectionMatrix.lisp
[6.079s] -- Up-to-date: /home/capstone/autoware.ai/install/autoware_msgs/share/common-lisp/ros/autoware_msgs/msg/_package_ObjLabel.lisp
[6.079s] -- Up-to-date: /home/capstone/autoware.ai/install/autoware_msgs/share/common-lisp/ros/autoware_msgs/msg/_package_WaypointState.lisp
[6.079s] -- Up-to-date: /home/capstone/autoware.ai/install/autoware_msgs/share/common-lisp/ros/autoware_msgs/msg/AdjustXY.lisp
[6.079s] -- Up-to-date: /home/capstone/autoware.ai/install/autoware_msgs/share/common-lisp/ros/autoware_msgs/msg/_package_ImageObjRanged.lisp
[6.079s] -- Up-to-date: /home/capstone/autoware.ai/install/autoware_msgs/share/common-lisp/ros/autoware_msgs/msg/AccelCmd.lisp
[6.080s] -- Up-to-date: /home/capstone/autoware.ai/install/autoware_msgs/share/common-lisp/ros/autoware_msgs/msg/_package_Signals.lisp
[6.080s] -- Up-to-date: /home/capstone/autoware.ai/install/autoware_msgs/share/common-lisp/ros/autoware_msgs/msg/ImageObjTracked.lisp
[6.080s] -- Up-to-date: /home/capstone/autoware.ai/install/autoware_msgs/share/common-lisp/ros/autoware_msgs/msg/TrafficLight.lisp
[6.080s] -- Up-to-date: /home/capstone/autoware.ai/install/autoware_msgs/share/common-lisp/ros/autoware_msgs/msg/RemoteCmd.lisp
[6.080s] -- Up-to-date: /home/capstone/autoware.ai/install/autoware_msgs/share/common-lisp/ros/autoware_msgs/msg/Gear.lisp
[6.080s] -- Up-to-date: /home/capstone/autoware.ai/install/autoware_msgs/share/common-lisp/ros/autoware_msgs/msg/TrafficLightResultArray.lisp
[6.080s] -- Up-to-date: /home/capstone/autoware.ai/install/autoware_msgs/share/common-lisp/ros/autoware_msgs/msg/_package_Centroids.lisp
[6.080s] -- Up-to-date: /home/capstone/autoware.ai/install/autoware_msgs/share/common-lisp/ros/autoware_msgs/msg/SteerCmd.lisp
[6.080s] -- Up-to-date: /home/capstone/autoware.ai/install/autoware_msgs/share/common-lisp/ros/autoware_msgs/msg/DTLane.lisp
[6.081s] -- Up-to-date: /home/capstone/autoware.ai/install/autoware_msgs/share/common-lisp/ros/autoware_msgs/msg/_package_ObjPose.lisp
[6.081s] -- Up-to-date: /home/capstone/autoware.ai/install/autoware_msgs/share/common-lisp/ros/autoware_msgs/msg/_package_SteerCmd.lisp
[6.081s] -- Up-to-date: /home/capstone/autoware.ai/install/autoware_msgs/share/common-lisp/ros/autoware_msgs/msg/_package_Lane.lisp
[6.081s] -- Up-to-date: /home/capstone/autoware.ai/install/autoware_msgs/share/common-lisp/ros/autoware_msgs/msg/CloudClusterArray.lisp
[6.081s] -- Up-to-date: /home/capstone/autoware.ai/install/autoware_msgs/share/common-lisp/ros/autoware_msgs/msg/IndicatorCmd.lisp
[6.081s] -- Up-to-date: /home/capstone/autoware.ai/install/autoware_msgs/share/common-lisp/ros/autoware_msgs/msg/_package_ProjectionMatrix.lisp
[6.081s] -- Up-to-date: /home/capstone/autoware.ai/install/autoware_msgs/share/common-lisp/ros/autoware_msgs/msg/_package_ControlCommand.lisp
[6.081s] -- Up-to-date: /home/capstone/autoware.ai/install/autoware_msgs/share/common-lisp/ros/autoware_msgs/msg/_package_ICPStat.lisp
[6.081s] -- Up-to-date: /home/capstone/autoware.ai/install/autoware_msgs/share/common-lisp/ros/autoware_msgs/msg/State.lisp
[6.081s] -- Up-to-date: /home/capstone/autoware.ai/install/autoware_msgs/share/common-lisp/ros/autoware_msgs/msg/GeometricRectangle.lisp
[6.081s] -- Up-to-date: /home/capstone/autoware.ai/install/autoware_msgs/share/common-lisp/ros/autoware_msgs/msg/_package_PointsImage.lisp
[6.081s] -- Up-to-date: /home/capstone/autoware.ai/install/autoware_msgs/share/common-lisp/ros/autoware_msgs/msg/VehicleCmd.lisp
[6.081s] -- Up-to-date: /home/capstone/autoware.ai/install/autoware_msgs/share/common-lisp/ros/autoware_msgs/msg/_package_SyncTimeMonitor.lisp
[6.081s] -- Up-to-date: /home/capstone/autoware.ai/install/autoware_msgs/share/common-lisp/ros/autoware_msgs/msg/ImageObjRanged.lisp
[6.081s] -- Up-to-date: /home/capstone/autoware.ai/install/autoware_msgs/share/common-lisp/ros/autoware_msgs/msg/_package_ImageObjects.lisp
[6.081s] -- Up-to-date: /home/capstone/autoware.ai/install/autoware_msgs/share/common-lisp/ros/autoware_msgs/msg/_package_VehicleStatus.lisp
[6.082s] -- Up-to-date: /home/capstone/autoware.ai/install/autoware_msgs/share/common-lisp/ros/autoware_msgs/msg/ObjPose.lisp
[6.082s] -- Up-to-date: /home/capstone/autoware.ai/install/autoware_msgs/share/common-lisp/ros/autoware_msgs/msg/ObjLabel.lisp
[6.082s] -- Up-to-date: /home/capstone/autoware.ai/install/autoware_msgs/share/common-lisp/ros/autoware_msgs/msg/_package_TrafficLightResult.lisp
[6.082s] -- Up-to-date: /home/capstone/autoware.ai/install/autoware_msgs/share/common-lisp/ros/autoware_msgs/msg/ImageObj.lisp
[6.082s] -- Up-to-date: /home/capstone/autoware.ai/install/autoware_msgs/share/common-lisp/ros/autoware_msgs/msg/ValueSet.lisp
[6.082s] -- Up-to-date: /home/capstone/autoware.ai/install/autoware_msgs/share/common-lisp/ros/autoware_msgs/msg/VscanTracked.lisp
[6.082s] -- Up-to-date: /home/capstone/autoware.ai/install/autoware_msgs/share/common-lisp/ros/autoware_msgs/msg/_package_ValueSet.lisp
[6.082s] -- Up-to-date: /home/capstone/autoware.ai/install/autoware_msgs/share/common-lisp/ros/autoware_msgs/msg/SyncTimeDiff.lisp
[6.082s] -- Up-to-date: /home/capstone/autoware.ai/install/autoware_msgs/share/common-lisp/ros/autoware_msgs/msg/_package_Waypoint.lisp
[6.082s] -- Up-to-date: /home/capstone/autoware.ai/install/autoware_msgs/share/common-lisp/ros/autoware_msgs/msg/PointsImage.lisp
[6.082s] -- Up-to-date: /home/capstone/autoware.ai/install/autoware_msgs/share/common-lisp/ros/autoware_msgs/msg/_package_VehicleCmd.lisp
[6.082s] -- Up-to-date: /home/capstone/autoware.ai/install/autoware_msgs/share/common-lisp/ros/autoware_msgs/msg/_package_TrafficLight.lisp
[6.082s] -- Up-to-date: /home/capstone/autoware.ai/install/autoware_msgs/share/common-lisp/ros/autoware_msgs/msg/_package_State.lisp
[6.082s] -- Up-to-date: /home/capstone/autoware.ai/install/autoware_msgs/share/common-lisp/ros/autoware_msgs/msg/VehicleLocation.lisp
[6.082s] -- Up-to-date: /home/capstone/autoware.ai/install/autoware_msgs/share/common-lisp/ros/autoware_msgs/msg/DetectedObject.lisp
[6.082s] -- Up-to-date: /home/capstone/autoware.ai/install/autoware_msgs/share/common-lisp/ros/autoware_msgs/msg/_package_VscanTrackedArray.lisp
[6.083s] -- Up-to-date: /home/capstone/autoware.ai/install/autoware_msgs/share/common-lisp/ros/autoware_msgs/msg/_package_BrakeCmd.lisp
[6.083s] -- Up-to-date: /home/capstone/autoware.ai/install/autoware_msgs/share/common-lisp/ros/autoware_msgs/msg/ColorSet.lisp
[6.083s] -- Up-to-date: /home/capstone/autoware.ai/install/autoware_msgs/share/common-lisp/ros/autoware_msgs/msg/_package_LaneArray.lisp
[6.083s] -- Up-to-date: /home/capstone/autoware.ai/install/autoware_msgs/share/common-lisp/ros/autoware_msgs/msg/ICPStat.lisp
[6.083s] -- Up-to-date: /home/capstone/autoware.ai/install/autoware_msgs/share/common-lisp/ros/autoware_msgs/msg/_package_StateCmd.lisp
[6.083s] -- Up-to-date: /home/capstone/autoware.ai/install/autoware_msgs/share/common-lisp/ros/autoware_msgs/msg/ImageObjects.lisp
[6.083s] -- Up-to-date: /home/capstone/autoware.ai/install/autoware_msgs/share/common-lisp/ros/autoware_msgs/msg/_package_VehicleLocation.lisp
[6.083s] -- Up-to-date: /home/capstone/autoware.ai/install/autoware_msgs/share/common-lisp/ros/autoware_msgs/msg/LaneArray.lisp
[6.083s] -- Up-to-date: /home/capstone/autoware.ai/install/autoware_msgs/share/gennodejs/ros/autoware_msgs
[6.083s] -- Up-to-date: /home/capstone/autoware.ai/install/autoware_msgs/share/gennodejs/ros/autoware_msgs/_index.js
[6.083s] -- Up-to-date: /home/capstone/autoware.ai/install/autoware_msgs/share/gennodejs/ros/autoware_msgs/srv
[6.083s] -- Up-to-date: /home/capstone/autoware.ai/install/autoware_msgs/share/gennodejs/ros/autoware_msgs/srv/_index.js
[6.083s] -- Up-to-date: /home/capstone/autoware.ai/install/autoware_msgs/share/gennodejs/ros/autoware_msgs/srv/RecognizeLightState.js
[6.083s] -- Up-to-date: /home/capstone/autoware.ai/install/autoware_msgs/share/gennodejs/ros/autoware_msgs/msg
[6.083s] -- Up-to-date: /home/capstone/autoware.ai/install/autoware_msgs/share/gennodejs/ros/autoware_msgs/msg/DetectedObjectArray.js
[6.084s] -- Up-to-date: /home/capstone/autoware.ai/install/autoware_msgs/share/gennodejs/ros/autoware_msgs/msg/CloudCluster.js
[6.084s] -- Up-to-date: /home/capstone/autoware.ai/install/autoware_msgs/share/gennodejs/ros/autoware_msgs/msg/WaypointState.js
[6.084s] -- Up-to-date: /home/capstone/autoware.ai/install/autoware_msgs/share/gennodejs/ros/autoware_msgs/msg/GeometricRectangle.js
[6.084s] -- Up-to-date: /home/capstone/autoware.ai/install/autoware_msgs/share/gennodejs/ros/autoware_msgs/msg/TrafficLightResultArray.js
[6.084s] -- Up-to-date: /home/capstone/autoware.ai/install/autoware_msgs/share/gennodejs/ros/autoware_msgs/msg/AccelCmd.js
[6.084s] -- Up-to-date: /home/capstone/autoware.ai/install/autoware_msgs/share/gennodejs/ros/autoware_msgs/msg/StateCmd.js
[6.084s] -- Up-to-date: /home/capstone/autoware.ai/install/autoware_msgs/share/gennodejs/ros/autoware_msgs/msg/VehicleLocation.js
[6.084s] -- Up-to-date: /home/capstone/autoware.ai/install/autoware_msgs/share/gennodejs/ros/autoware_msgs/msg/ColorSet.js
[6.084s] -- Up-to-date: /home/capstone/autoware.ai/install/autoware_msgs/share/gennodejs/ros/autoware_msgs/msg/ImageObj.js
[6.084s] -- Up-to-date: /home/capstone/autoware.ai/install/autoware_msgs/share/gennodejs/ros/autoware_msgs/msg/Waypoint.js
[6.084s] -- Up-to-date: /home/capstone/autoware.ai/install/autoware_msgs/share/gennodejs/ros/autoware_msgs/msg/LaneArray.js
[6.084s] -- Up-to-date: /home/capstone/autoware.ai/install/autoware_msgs/share/gennodejs/ros/autoware_msgs/msg/_index.js
[6.084s] -- Up-to-date: /home/capstone/autoware.ai/install/autoware_msgs/share/gennodejs/ros/autoware_msgs/msg/LampCmd.js
[6.084s] -- Up-to-date: /home/capstone/autoware.ai/install/autoware_msgs/share/gennodejs/ros/autoware_msgs/msg/Lane.js
[6.084s] -- Up-to-date: /home/capstone/autoware.ai/install/autoware_msgs/share/gennodejs/ros/autoware_msgs/msg/VscanTracked.js
[6.084s] -- Up-to-date: /home/capstone/autoware.ai/install/autoware_msgs/share/gennodejs/ros/autoware_msgs/msg/DetectedObject.js
[6.084s] -- Up-to-date: /home/capstone/autoware.ai/install/autoware_msgs/share/gennodejs/ros/autoware_msgs/msg/ControlCommandStamped.js
[6.085s] -- Up-to-date: /home/capstone/autoware.ai/install/autoware_msgs/share/gennodejs/ros/autoware_msgs/msg/ImageObjTracked.js
[6.085s] -- Up-to-date: /home/capstone/autoware.ai/install/autoware_msgs/share/gennodejs/ros/autoware_msgs/msg/CloudClusterArray.js
[6.085s] -- Up-to-date: /home/capstone/autoware.ai/install/autoware_msgs/share/gennodejs/ros/autoware_msgs/msg/ImageObjects.js
[6.085s] -- Up-to-date: /home/capstone/autoware.ai/install/autoware_msgs/share/gennodejs/ros/autoware_msgs/msg/SyncTimeDiff.js
[6.085s] -- Up-to-date: /home/capstone/autoware.ai/install/autoware_msgs/share/gennodejs/ros/autoware_msgs/msg/VehicleStatus.js
[6.085s] -- Up-to-date: /home/capstone/autoware.ai/install/autoware_msgs/share/gennodejs/ros/autoware_msgs/msg/ExtractedPosition.js
[6.085s] -- Up-to-date: /home/capstone/autoware.ai/install/autoware_msgs/share/gennodejs/ros/autoware_msgs/msg/TrafficLightResult.js
[6.085s] -- Up-to-date: /home/capstone/autoware.ai/install/autoware_msgs/share/gennodejs/ros/autoware_msgs/msg/ProjectionMatrix.js
[6.085s] -- Up-to-date: /home/capstone/autoware.ai/install/autoware_msgs/share/gennodejs/ros/autoware_msgs/msg/BrakeCmd.js
[6.085s] -- Up-to-date: /home/capstone/autoware.ai/install/autoware_msgs/share/gennodejs/ros/autoware_msgs/msg/ObjLabel.js
[6.085s] -- Up-to-date: /home/capstone/autoware.ai/install/autoware_msgs/share/gennodejs/ros/autoware_msgs/msg/ICPStat.js
[6.085s] -- Up-to-date: /home/capstone/autoware.ai/install/autoware_msgs/share/gennodejs/ros/autoware_msgs/msg/ValueSet.js
[6.085s] -- Up-to-date: /home/capstone/autoware.ai/install/autoware_msgs/share/gennodejs/ros/autoware_msgs/msg/SteerCmd.js
[6.085s] -- Up-to-date: /home/capstone/autoware.ai/install/autoware_msgs/share/gennodejs/ros/autoware_msgs/msg/PointsImage.js
[6.085s] -- Up-to-date: /home/capstone/autoware.ai/install/autoware_msgs/share/gennodejs/ros/autoware_msgs/msg/ObjPose.js
[6.086s] -- Up-to-date: /home/capstone/autoware.ai/install/autoware_msgs/share/gennodejs/ros/autoware_msgs/msg/IndicatorCmd.js
[6.086s] -- Up-to-date: /home/capstone/autoware.ai/install/autoware_msgs/share/gennodejs/ros/autoware_msgs/msg/RemoteCmd.js
[6.086s] -- Up-to-date: /home/capstone/autoware.ai/install/autoware_msgs/share/gennodejs/ros/autoware_msgs/msg/SyncTimeMonitor.js
[6.086s] -- Up-to-date: /home/capstone/autoware.ai/install/autoware_msgs/share/gennodejs/ros/autoware_msgs/msg/TunedResult.js
[6.086s] -- Up-to-date: /home/capstone/autoware.ai/install/autoware_msgs/share/gennodejs/ros/autoware_msgs/msg/Centroids.js
[6.086s] -- Up-to-date: /home/capstone/autoware.ai/install/autoware_msgs/share/gennodejs/ros/autoware_msgs/msg/DTLane.js
[6.086s] -- Up-to-date: /home/capstone/autoware.ai/install/autoware_msgs/share/gennodejs/ros/autoware_msgs/msg/ImageRect.js
[6.086s] -- Up-to-date: /home/capstone/autoware.ai/install/autoware_msgs/share/gennodejs/ros/autoware_msgs/msg/Gear.js
[6.086s] -- Up-to-date: /home/capstone/autoware.ai/install/autoware_msgs/share/gennodejs/ros/autoware_msgs/msg/Signals.js
[6.086s] -- Up-to-date: /home/capstone/autoware.ai/install/autoware_msgs/share/gennodejs/ros/autoware_msgs/msg/NDTStat.js
[6.086s] -- Up-to-date: /home/capstone/autoware.ai/install/autoware_msgs/share/gennodejs/ros/autoware_msgs/msg/ImageLaneObjects.js
[6.086s] -- Up-to-date: /home/capstone/autoware.ai/install/autoware_msgs/share/gennodejs/ros/autoware_msgs/msg/TrafficLight.js
[6.086s] -- Up-to-date: /home/capstone/autoware.ai/install/autoware_msgs/share/gennodejs/ros/autoware_msgs/msg/VehicleCmd.js
[6.086s] -- Up-to-date: /home/capstone/autoware.ai/install/autoware_msgs/share/gennodejs/ros/autoware_msgs/msg/ImageObjRanged.js
[6.087s] -- Up-to-date: /home/capstone/autoware.ai/install/autoware_msgs/share/gennodejs/ros/autoware_msgs/msg/ControlCommand.js
[6.087s] -- Up-to-date: /home/capstone/autoware.ai/install/autoware_msgs/share/gennodejs/ros/autoware_msgs/msg/ImageRectRanged.js
[6.087s] -- Up-to-date: /home/capstone/autoware.ai/install/autoware_msgs/share/gennodejs/ros/autoware_msgs/msg/State.js
[6.087s] -- Up-to-date: /home/capstone/autoware.ai/install/autoware_msgs/share/gennodejs/ros/autoware_msgs/msg/VscanTrackedArray.js
[6.087s] -- Up-to-date: /home/capstone/autoware.ai/install/autoware_msgs/share/gennodejs/ros/autoware_msgs/msg/ScanImage.js
[6.087s] -- Up-to-date: /home/capstone/autoware.ai/install/autoware_msgs/share/gennodejs/ros/autoware_msgs/msg/AdjustXY.js
[6.133s] Listing /home/capstone/autoware.ai/build/autoware_msgs/devel/lib/python2.7/dist-packages/autoware_msgs ...
[6.134s] Listing /home/capstone/autoware.ai/build/autoware_msgs/devel/lib/python2.7/dist-packages/autoware_msgs/msg ...
[6.134s] Listing /home/capstone/autoware.ai/build/autoware_msgs/devel/lib/python2.7/dist-packages/autoware_msgs/srv ...
[6.135s] -- Up-to-date: /home/capstone/autoware.ai/install/autoware_msgs/lib/python2.7/dist-packages/autoware_msgs
[6.135s] -- Up-to-date: /home/capstone/autoware.ai/install/autoware_msgs/lib/python2.7/dist-packages/autoware_msgs/srv
[6.135s] -- Up-to-date: /home/capstone/autoware.ai/install/autoware_msgs/lib/python2.7/dist-packages/autoware_msgs/srv/_RecognizeLightState.py
[6.135s] -- Up-to-date: /home/capstone/autoware.ai/install/autoware_msgs/lib/python2.7/dist-packages/autoware_msgs/srv/_RecognizeLightState.pyc
[6.135s] -- Up-to-date: /home/capstone/autoware.ai/install/autoware_msgs/lib/python2.7/dist-packages/autoware_msgs/srv/__init__.pyc
[6.136s] -- Up-to-date: /home/capstone/autoware.ai/install/autoware_msgs/lib/python2.7/dist-packages/autoware_msgs/srv/__init__.py
[6.136s] -- Up-to-date: /home/capstone/autoware.ai/install/autoware_msgs/lib/python2.7/dist-packages/autoware_msgs/__init__.pyc
[6.136s] -- Up-to-date: /home/capstone/autoware.ai/install/autoware_msgs/lib/python2.7/dist-packages/autoware_msgs/__init__.py
[6.136s] -- Up-to-date: /home/capstone/autoware.ai/install/autoware_msgs/lib/python2.7/dist-packages/autoware_msgs/msg
[6.136s] -- Up-to-date: /home/capstone/autoware.ai/install/autoware_msgs/lib/python2.7/dist-packages/autoware_msgs/msg/_ControlCommand.py
[6.136s] -- Up-to-date: /home/capstone/autoware.ai/install/autoware_msgs/lib/python2.7/dist-packages/autoware_msgs/msg/_ControlCommand.pyc
[6.136s] -- Up-to-date: /home/capstone/autoware.ai/install/autoware_msgs/lib/python2.7/dist-packages/autoware_msgs/msg/_SteerCmd.pyc
[6.136s] -- Up-to-date: /home/capstone/autoware.ai/install/autoware_msgs/lib/python2.7/dist-packages/autoware_msgs/msg/_ICPStat.pyc
[6.137s] -- Up-to-date: /home/capstone/autoware.ai/install/autoware_msgs/lib/python2.7/dist-packages/autoware_msgs/msg/_ColorSet.py
[6.137s] -- Up-to-date: /home/capstone/autoware.ai/install/autoware_msgs/lib/python2.7/dist-packages/autoware_msgs/msg/_Lane.py
[6.137s] -- Up-to-date: /home/capstone/autoware.ai/install/autoware_msgs/lib/python2.7/dist-packages/autoware_msgs/msg/_VehicleCmd.pyc
[6.137s] -- Up-to-date: /home/capstone/autoware.ai/install/autoware_msgs/lib/python2.7/dist-packages/autoware_msgs/msg/_ImageRectRanged.py
[6.137s] -- Up-to-date: /home/capstone/autoware.ai/install/autoware_msgs/lib/python2.7/dist-packages/autoware_msgs/msg/_RemoteCmd.py
[6.137s] -- Up-to-date: /home/capstone/autoware.ai/install/autoware_msgs/lib/python2.7/dist-packages/autoware_msgs/msg/_LaneArray.pyc
[6.137s] -- Up-to-date: /home/capstone/autoware.ai/install/autoware_msgs/lib/python2.7/dist-packages/autoware_msgs/msg/_CloudCluster.py
[6.137s] -- Up-to-date: /home/capstone/autoware.ai/install/autoware_msgs/lib/python2.7/dist-packages/autoware_msgs/msg/_ValueSet.pyc
[6.137s] -- Up-to-date: /home/capstone/autoware.ai/install/autoware_msgs/lib/python2.7/dist-packages/autoware_msgs/msg/_ImageObjRanged.py
[6.137s] -- Up-to-date: /home/capstone/autoware.ai/install/autoware_msgs/lib/python2.7/dist-packages/autoware_msgs/msg/_VehicleLocation.pyc
[6.137s] -- Up-to-date: /home/capstone/autoware.ai/install/autoware_msgs/lib/python2.7/dist-packages/autoware_msgs/msg/_DTLane.pyc
[6.137s] -- Up-to-date: /home/capstone/autoware.ai/install/autoware_msgs/lib/python2.7/dist-packages/autoware_msgs/msg/_WaypointState.pyc
[6.137s] -- Up-to-date: /home/capstone/autoware.ai/install/autoware_msgs/lib/python2.7/dist-packages/autoware_msgs/msg/_Lane.pyc
[6.137s] -- Up-to-date: /home/capstone/autoware.ai/install/autoware_msgs/lib/python2.7/dist-packages/autoware_msgs/msg/_ImageObjRanged.pyc
[6.137s] -- Up-to-date: /home/capstone/autoware.ai/install/autoware_msgs/lib/python2.7/dist-packages/autoware_msgs/msg/_ImageRect.pyc
[6.138s] -- Up-to-date: /home/capstone/autoware.ai/install/autoware_msgs/lib/python2.7/dist-packages/autoware_msgs/msg/_AccelCmd.py
[6.138s] -- Up-to-date: /home/capstone/autoware.ai/install/autoware_msgs/lib/python2.7/dist-packages/autoware_msgs/msg/_CloudClusterArray.py
[6.138s] -- Up-to-date: /home/capstone/autoware.ai/install/autoware_msgs/lib/python2.7/dist-packages/autoware_msgs/msg/_ProjectionMatrix.py
[6.138s] -- Up-to-date: /home/capstone/autoware.ai/install/autoware_msgs/lib/python2.7/dist-packages/autoware_msgs/msg/_ObjPose.py
[6.138s] -- Up-to-date: /home/capstone/autoware.ai/install/autoware_msgs/lib/python2.7/dist-packages/autoware_msgs/msg/_LampCmd.pyc
[6.138s] -- Up-to-date: /home/capstone/autoware.ai/install/autoware_msgs/lib/python2.7/dist-packages/autoware_msgs/msg/_SyncTimeMonitor.pyc
[6.138s] -- Up-to-date: /home/capstone/autoware.ai/install/autoware_msgs/lib/python2.7/dist-packages/autoware_msgs/msg/_GeometricRectangle.py
[6.138s] -- Up-to-date: /home/capstone/autoware.ai/install/autoware_msgs/lib/python2.7/dist-packages/autoware_msgs/msg/_ControlCommandStamped.py
[6.138s] -- Up-to-date: /home/capstone/autoware.ai/install/autoware_msgs/lib/python2.7/dist-packages/autoware_msgs/msg/_DTLane.py
[6.138s] -- Up-to-date: /home/capstone/autoware.ai/install/autoware_msgs/lib/python2.7/dist-packages/autoware_msgs/msg/_TrafficLightResultArray.py
[6.138s] -- Up-to-date: /home/capstone/autoware.ai/install/autoware_msgs/lib/python2.7/dist-packages/autoware_msgs/msg/_ScanImage.py
[6.138s] -- Up-to-date: /home/capstone/autoware.ai/install/autoware_msgs/lib/python2.7/dist-packages/autoware_msgs/msg/_TunedResult.py
[6.138s] -- Up-to-date: /home/capstone/autoware.ai/install/autoware_msgs/lib/python2.7/dist-packages/autoware_msgs/msg/_ImageObjects.pyc
[6.138s] -- Up-to-date: /home/capstone/autoware.ai/install/autoware_msgs/lib/python2.7/dist-packages/autoware_msgs/msg/_VehicleStatus.py
[6.138s] -- Up-to-date: /home/capstone/autoware.ai/install/autoware_msgs/lib/python2.7/dist-packages/autoware_msgs/msg/_TrafficLightResult.pyc
[6.138s] -- Up-to-date: /home/capstone/autoware.ai/install/autoware_msgs/lib/python2.7/dist-packages/autoware_msgs/msg/_PointsImage.py
[6.139s] -- Up-to-date: /home/capstone/autoware.ai/install/autoware_msgs/lib/python2.7/dist-packages/autoware_msgs/msg/_ImageRectRanged.pyc
[6.139s] -- Up-to-date: /home/capstone/autoware.ai/install/autoware_msgs/lib/python2.7/dist-packages/autoware_msgs/msg/_BrakeCmd.py
[6.139s] -- Up-to-date: /home/capstone/autoware.ai/install/autoware_msgs/lib/python2.7/dist-packages/autoware_msgs/msg/_LampCmd.py
[6.139s] -- Up-to-date: /home/capstone/autoware.ai/install/autoware_msgs/lib/python2.7/dist-packages/autoware_msgs/msg/_CloudCluster.pyc
[6.139s] -- Up-to-date: /home/capstone/autoware.ai/install/autoware_msgs/lib/python2.7/dist-packages/autoware_msgs/msg/_AccelCmd.pyc
[6.139s] -- Up-to-date: /home/capstone/autoware.ai/install/autoware_msgs/lib/python2.7/dist-packages/autoware_msgs/msg/_TrafficLight.pyc
[6.139s] -- Up-to-date: /home/capstone/autoware.ai/install/autoware_msgs/lib/python2.7/dist-packages/autoware_msgs/msg/_NDTStat.pyc
[6.139s] -- Up-to-date: /home/capstone/autoware.ai/install/autoware_msgs/lib/python2.7/dist-packages/autoware_msgs/msg/_TrafficLightResult.py
[6.139s] -- Up-to-date: /home/capstone/autoware.ai/install/autoware_msgs/lib/python2.7/dist-packages/autoware_msgs/msg/_NDTStat.py
[6.139s] -- Up-to-date: /home/capstone/autoware.ai/install/autoware_msgs/lib/python2.7/dist-packages/autoware_msgs/msg/_SteerCmd.py
[6.139s] -- Up-to-date: /home/capstone/autoware.ai/install/autoware_msgs/lib/python2.7/dist-packages/autoware_msgs/msg/_AdjustXY.pyc
[6.139s] -- Up-to-date: /home/capstone/autoware.ai/install/autoware_msgs/lib/python2.7/dist-packages/autoware_msgs/msg/_SyncTimeDiff.pyc
[6.139s] -- Up-to-date: /home/capstone/autoware.ai/install/autoware_msgs/lib/python2.7/dist-packages/autoware_msgs/msg/_Signals.pyc
[6.139s] -- Up-to-date: /home/capstone/autoware.ai/install/autoware_msgs/lib/python2.7/dist-packages/autoware_msgs/msg/_SyncTimeDiff.py
[6.139s] -- Up-to-date: /home/capstone/autoware.ai/install/autoware_msgs/lib/python2.7/dist-packages/autoware_msgs/msg/_VscanTrackedArray.pyc
[6.139s] -- Up-to-date: /home/capstone/autoware.ai/install/autoware_msgs/lib/python2.7/dist-packages/autoware_msgs/msg/_RemoteCmd.pyc
[6.140s] -- Up-to-date: /home/capstone/autoware.ai/install/autoware_msgs/lib/python2.7/dist-packages/autoware_msgs/msg/_TrafficLight.py
[6.140s] -- Up-to-date: /home/capstone/autoware.ai/install/autoware_msgs/lib/python2.7/dist-packages/autoware_msgs/msg/_VscanTracked.py
[6.140s] -- Up-to-date: /home/capstone/autoware.ai/install/autoware_msgs/lib/python2.7/dist-packages/autoware_msgs/msg/_PointsImage.pyc
[6.141s] -- Up-to-date: /home/capstone/autoware.ai/install/autoware_msgs/lib/python2.7/dist-packages/autoware_msgs/msg/_Centroids.pyc
[6.141s] -- Up-to-date: /home/capstone/autoware.ai/install/autoware_msgs/lib/python2.7/dist-packages/autoware_msgs/msg/_ObjLabel.pyc
[6.142s] -- Up-to-date: /home/capstone/autoware.ai/install/autoware_msgs/lib/python2.7/dist-packages/autoware_msgs/msg/_ValueSet.py
[6.142s] -- Up-to-date: /home/capstone/autoware.ai/install/autoware_msgs/lib/python2.7/dist-packages/autoware_msgs/msg/_TunedResult.pyc
[6.142s] -- Up-to-date: /home/capstone/autoware.ai/install/autoware_msgs/lib/python2.7/dist-packages/autoware_msgs/msg/_VscanTrackedArray.py
[6.142s] -- Up-to-date: /home/capstone/autoware.ai/install/autoware_msgs/lib/python2.7/dist-packages/autoware_msgs/msg/_ImageRect.py
[6.142s] -- Up-to-date: /home/capstone/autoware.ai/install/autoware_msgs/lib/python2.7/dist-packages/autoware_msgs/msg/_Waypoint.py
[6.142s] -- Up-to-date: /home/capstone/autoware.ai/install/autoware_msgs/lib/python2.7/dist-packages/autoware_msgs/msg/_GeometricRectangle.pyc
[6.142s] -- Up-to-date: /home/capstone/autoware.ai/install/autoware_msgs/lib/python2.7/dist-packages/autoware_msgs/msg/_ImageObjTracked.pyc
[6.143s] -- Up-to-date: /home/capstone/autoware.ai/install/autoware_msgs/lib/python2.7/dist-packages/autoware_msgs/msg/_State.pyc
[6.143s] -- Up-to-date: /home/capstone/autoware.ai/install/autoware_msgs/lib/python2.7/dist-packages/autoware_msgs/msg/_SyncTimeMonitor.py
[6.143s] -- Up-to-date: /home/capstone/autoware.ai/install/autoware_msgs/lib/python2.7/dist-packages/autoware_msgs/msg/_ObjPose.pyc
[6.143s] -- Up-to-date: /home/capstone/autoware.ai/install/autoware_msgs/lib/python2.7/dist-packages/autoware_msgs/msg/_DetectedObjectArray.pyc
[6.143s] -- Up-to-date: /home/capstone/autoware.ai/install/autoware_msgs/lib/python2.7/dist-packages/autoware_msgs/msg/_ObjLabel.py
[6.143s] -- Up-to-date: /home/capstone/autoware.ai/install/autoware_msgs/lib/python2.7/dist-packages/autoware_msgs/msg/_VehicleCmd.py
[6.143s] -- Up-to-date: /home/capstone/autoware.ai/install/autoware_msgs/lib/python2.7/dist-packages/autoware_msgs/msg/_ImageObj.pyc
[6.143s] -- Up-to-date: /home/capstone/autoware.ai/install/autoware_msgs/lib/python2.7/dist-packages/autoware_msgs/msg/_VscanTracked.pyc
[6.144s] -- Up-to-date: /home/capstone/autoware.ai/install/autoware_msgs/lib/python2.7/dist-packages/autoware_msgs/msg/_IndicatorCmd.py
[6.144s] -- Up-to-date: /home/capstone/autoware.ai/install/autoware_msgs/lib/python2.7/dist-packages/autoware_msgs/msg/_IndicatorCmd.pyc
[6.145s] -- Up-to-date: /home/capstone/autoware.ai/install/autoware_msgs/lib/python2.7/dist-packages/autoware_msgs/msg/_DetectedObject.py
[6.145s] -- Up-to-date: /home/capstone/autoware.ai/install/autoware_msgs/lib/python2.7/dist-packages/autoware_msgs/msg/_CloudClusterArray.pyc
[6.145s] -- Up-to-date: /home/capstone/autoware.ai/install/autoware_msgs/lib/python2.7/dist-packages/autoware_msgs/msg/_ScanImage.pyc
[6.145s] -- Up-to-date: /home/capstone/autoware.ai/install/autoware_msgs/lib/python2.7/dist-packages/autoware_msgs/msg/_ICPStat.py
[6.145s] -- Up-to-date: /home/capstone/autoware.ai/install/autoware_msgs/lib/python2.7/dist-packages/autoware_msgs/msg/_StateCmd.pyc
[6.145s] -- Up-to-date: /home/capstone/autoware.ai/install/autoware_msgs/lib/python2.7/dist-packages/autoware_msgs/msg/_ColorSet.pyc
[6.145s] -- Up-to-date: /home/capstone/autoware.ai/install/autoware_msgs/lib/python2.7/dist-packages/autoware_msgs/msg/_BrakeCmd.pyc
[6.146s] -- Up-to-date: /home/capstone/autoware.ai/install/autoware_msgs/lib/python2.7/dist-packages/autoware_msgs/msg/_Gear.py
[6.146s] -- Up-to-date: /home/capstone/autoware.ai/install/autoware_msgs/lib/python2.7/dist-packages/autoware_msgs/msg/_ImageObj.py
[6.146s] -- Up-to-date: /home/capstone/autoware.ai/install/autoware_msgs/lib/python2.7/dist-packages/autoware_msgs/msg/_LaneArray.py
[6.146s] -- Up-to-date: /home/capstone/autoware.ai/install/autoware_msgs/lib/python2.7/dist-packages/autoware_msgs/msg/_WaypointState.py
[6.147s] -- Up-to-date: /home/capstone/autoware.ai/install/autoware_msgs/lib/python2.7/dist-packages/autoware_msgs/msg/_AdjustXY.py
[6.147s] -- Up-to-date: /home/capstone/autoware.ai/install/autoware_msgs/lib/python2.7/dist-packages/autoware_msgs/msg/_State.py
[6.147s] -- Up-to-date: /home/capstone/autoware.ai/install/autoware_msgs/lib/python2.7/dist-packages/autoware_msgs/msg/_ControlCommandStamped.pyc
[6.147s] -- Up-to-date: /home/capstone/autoware.ai/install/autoware_msgs/lib/python2.7/dist-packages/autoware_msgs/msg/_StateCmd.py
[6.147s] -- Up-to-date: /home/capstone/autoware.ai/install/autoware_msgs/lib/python2.7/dist-packages/autoware_msgs/msg/_ImageLaneObjects.pyc
[6.147s] -- Up-to-date: /home/capstone/autoware.ai/install/autoware_msgs/lib/python2.7/dist-packages/autoware_msgs/msg/_Gear.pyc
[6.147s] -- Up-to-date: /home/capstone/autoware.ai/install/autoware_msgs/lib/python2.7/dist-packages/autoware_msgs/msg/_Centroids.py
[6.148s] -- Up-to-date: /home/capstone/autoware.ai/install/autoware_msgs/lib/python2.7/dist-packages/autoware_msgs/msg/_DetectedObject.pyc
[6.148s] -- Up-to-date: /home/capstone/autoware.ai/install/autoware_msgs/lib/python2.7/dist-packages/autoware_msgs/msg/_TrafficLightResultArray.pyc
[6.148s] -- Up-to-date: /home/capstone/autoware.ai/install/autoware_msgs/lib/python2.7/dist-packages/autoware_msgs/msg/_ImageLaneObjects.py
[6.148s] -- Up-to-date: /home/capstone/autoware.ai/install/autoware_msgs/lib/python2.7/dist-packages/autoware_msgs/msg/_Signals.py
[6.148s] -- Up-to-date: /home/capstone/autoware.ai/install/autoware_msgs/lib/python2.7/dist-packages/autoware_msgs/msg/_ExtractedPosition.pyc
[6.148s] -- Up-to-date: /home/capstone/autoware.ai/install/autoware_msgs/lib/python2.7/dist-packages/autoware_msgs/msg/_ProjectionMatrix.pyc
[6.149s] -- Up-to-date: /home/capstone/autoware.ai/install/autoware_msgs/lib/python2.7/dist-packages/autoware_msgs/msg/__init__.pyc
[6.149s] -- Up-to-date: /home/capstone/autoware.ai/install/autoware_msgs/lib/python2.7/dist-packages/autoware_msgs/msg/_VehicleStatus.pyc
[6.149s] -- Up-to-date: /home/capstone/autoware.ai/install/autoware_msgs/lib/python2.7/dist-packages/autoware_msgs/msg/_DetectedObjectArray.py
[6.149s] -- Up-to-date: /home/capstone/autoware.ai/install/autoware_msgs/lib/python2.7/dist-packages/autoware_msgs/msg/_VehicleLocation.py
[6.150s] -- Up-to-date: /home/capstone/autoware.ai/install/autoware_msgs/lib/python2.7/dist-packages/autoware_msgs/msg/_Waypoint.pyc
[6.150s] -- Up-to-date: /home/capstone/autoware.ai/install/autoware_msgs/lib/python2.7/dist-packages/autoware_msgs/msg/_ImageObjects.py
[6.150s] -- Up-to-date: /home/capstone/autoware.ai/install/autoware_msgs/lib/python2.7/dist-packages/autoware_msgs/msg/_ExtractedPosition.py
[6.150s] -- Up-to-date: /home/capstone/autoware.ai/install/autoware_msgs/lib/python2.7/dist-packages/autoware_msgs/msg/__init__.py
[6.152s] -- Up-to-date: /home/capstone/autoware.ai/install/autoware_msgs/lib/python2.7/dist-packages/autoware_msgs/msg/_ImageObjTracked.py
[6.152s] -- Up-to-date: /home/capstone/autoware.ai/install/autoware_msgs/lib/pkgconfig/autoware_msgs.pc
[6.152s] -- Up-to-date: /home/capstone/autoware.ai/install/autoware_msgs/share/autoware_msgs/cmake/autoware_msgs-msg-extras.cmake
[6.152s] -- Up-to-date: /home/capstone/autoware.ai/install/autoware_msgs/share/autoware_msgs/cmake/autoware_msgsConfig.cmake
[6.153s] -- Up-to-date: /home/capstone/autoware.ai/install/autoware_msgs/share/autoware_msgs/cmake/autoware_msgsConfig-version.cmake
[6.153s] -- Up-to-date: /home/capstone/autoware.ai/install/autoware_msgs/share/autoware_msgs/package.xml
[6.153s] Invoked command in '/home/capstone/autoware.ai/build/autoware_msgs' returned '0': /usr/bin/cmake --build /home/capstone/autoware.ai/build/autoware_msgs --target install -- -j12 -l12
