Determining if the pthread_create exist failed with the following output:
Change Dir: /home/capstone/autoware.ai/build/adi_driver/CMakeFiles/CMakeTmp

Run Build Command:"/usr/bin/make" "cmTC_780a2/fast"
/usr/bin/make -f CMakeFiles/cmTC_780a2.dir/build.make CMakeFiles/cmTC_780a2.dir/build
make[1]: Entering directory '/home/capstone/autoware.ai/build/adi_driver/CMakeFiles/CMakeTmp'
Building C object CMakeFiles/cmTC_780a2.dir/CheckSymbolExists.c.o
/usr/bin/cc    -o CMakeFiles/cmTC_780a2.dir/CheckSymbolExists.c.o   -c /home/capstone/autoware.ai/build/adi_driver/CMakeFiles/CMakeTmp/CheckSymbolExists.c
Linking C executable cmTC_780a2
/usr/bin/cmake -E cmake_link_script CMakeFiles/cmTC_780a2.dir/link.txt --verbose=1
/usr/bin/cc      -rdynamic CMakeFiles/cmTC_780a2.dir/CheckSymbolExists.c.o  -o cmTC_780a2 
CMakeFiles/cmTC_780a2.dir/CheckSymbolExists.c.o: In function `main':
CheckSymbolExists.c:(.text+0x1b): undefined reference to `pthread_create'
collect2: error: ld returned 1 exit status
CMakeFiles/cmTC_780a2.dir/build.make:97: recipe for target 'cmTC_780a2' failed
make[1]: *** [cmTC_780a2] Error 1
make[1]: Leaving directory '/home/capstone/autoware.ai/build/adi_driver/CMakeFiles/CMakeTmp'
Makefile:126: recipe for target 'cmTC_780a2/fast' failed
make: *** [cmTC_780a2/fast] Error 2

File /home/capstone/autoware.ai/build/adi_driver/CMakeFiles/CMakeTmp/CheckSymbolExists.c:
/* */
#include <pthread.h>

int main(int argc, char** argv)
{
  (void)argv;
#ifndef pthread_create
  return ((int*)(&pthread_create))[argc];
#else
  (void)argc;
  return 0;
#endif
}

Determining if the function pthread_create exists in the pthreads failed with the following output:
Change Dir: /home/capstone/autoware.ai/build/adi_driver/CMakeFiles/CMakeTmp

Run Build Command:"/usr/bin/make" "cmTC_11977/fast"
/usr/bin/make -f CMakeFiles/cmTC_11977.dir/build.make CMakeFiles/cmTC_11977.dir/build
make[1]: Entering directory '/home/capstone/autoware.ai/build/adi_driver/CMakeFiles/CMakeTmp'
Building C object CMakeFiles/cmTC_11977.dir/CheckFunctionExists.c.o
/usr/bin/cc   -DCHECK_FUNCTION_EXISTS=pthread_create   -o CMakeFiles/cmTC_11977.dir/CheckFunctionExists.c.o   -c /usr/share/cmake-3.10/Modules/CheckFunctionExists.c
Linking C executable cmTC_11977
/usr/bin/cmake -E cmake_link_script CMakeFiles/cmTC_11977.dir/link.txt --verbose=1
/usr/bin/cc  -DCHECK_FUNCTION_EXISTS=pthread_create    -rdynamic CMakeFiles/cmTC_11977.dir/CheckFunctionExists.c.o  -o cmTC_11977 -lpthreads 
/usr/bin/ld: cannot find -lpthreads
collect2: error: ld returned 1 exit status
CMakeFiles/cmTC_11977.dir/build.make:97: recipe for target 'cmTC_11977' failed
make[1]: *** [cmTC_11977] Error 1
make[1]: Leaving directory '/home/capstone/autoware.ai/build/adi_driver/CMakeFiles/CMakeTmp'
Makefile:126: recipe for target 'cmTC_11977/fast' failed
make: *** [cmTC_11977/fast] Error 2


