[1.812s] -- CUDA compilation status: 1.
[1.840s] -- Using CATKIN_DEVEL_PREFIX: /home/capstone/autoware.ai/build/dp_planner/devel
[1.840s] -- Using CMAKE_PREFIX_PATH: /home/capstone/autoware.ai/install/map_file;/home/capstone/autoware.ai/install/op_simu;/home/capstone/autoware.ai/install/lanelet2_extension;/home/capstone/autoware.ai/install/op_planner;/home/capstone/autoware.ai/install/lanelet2_validation;/home/capstone/autoware.ai/install/op_utility;/home/capstone/autoware.ai/install/lanelet2_routing;/home/capstone/autoware.ai/install/lanelet2_projection;/home/capstone/autoware.ai/install/vector_map_server;/home/capstone/autoware.ai/install/libwaypoint_follower;/home/capstone/autoware.ai/install/lanelet2_traffic_rules;/home/capstone/autoware.ai/install/lanelet2_maps;/home/capstone/autoware.ai/install/lanelet2_io;/home/capstone/autoware.ai/install/vector_map;/home/capstone/autoware.ai/install/lanelet2_core;/home/capstone/autoware.ai/install/amathutils_lib;/home/capstone/autoware.ai/install/vector_map_msgs;/home/capstone/autoware.ai/install/autoware_msgs;/home/capstone/autoware.ai/install/autoware_lanelet2_msgs;/home/capstone/autoware.ai/install/autoware_can_msgs;/home/capstone/autoware.ai/install/autoware_build_flags;/home/capstone/autoware.ai/install/ymc;/home/capstone/autoware.ai/install/xsens_driver;/home/capstone/autoware.ai/install/wf_simulator;/home/capstone/autoware.ai/install/lattice_planner;/home/capstone/autoware.ai/install/waypoint_planner;/home/capstone/autoware.ai/install/waypoint_maker;/home/capstone/autoware.ai/install/way_planner;/home/capstone/autoware.ai/install/vlg22c_cam;/home/capstone/autoware.ai/install/vision_ssd_detect;/home/capstone/autoware.ai/install/vision_segment_enet_detect;/home/capstone/autoware.ai/install/vision_lane_detect;/home/capstone/autoware.ai/install/vision_darknet_detect;/home/capstone/autoware.ai/install/vision_beyond_track;/home/capstone/autoware.ai/install/vel_pose_diff_checker;/home/capstone/autoware.ai/install/vehicle_socket;/home/capstone/autoware.ai/install/vehicle_sim_model;/home/capstone/autoware.ai/install/vehicle_model;/home/capstone/autoware.ai/install/vehicle_gazebo_simulation_launcher;/home/capstone/autoware.ai/install/vehicle_gazebo_simulation_interface;/home/capstone/autoware.ai/install/vehicle_engage_panel;/home/capstone/autoware.ai/install/vehicle_description;/home/capstone/autoware.ai/install/trafficlight_recognizer;/home/capstone/autoware.ai/install/op_utilities;/home/capstone/autoware.ai/install/op_simulation_package;/home/capstone/autoware.ai/install/op_local_planner;/home/capstone/autoware.ai/install/op_global_planner;/home/capstone/autoware.ai/install/lidar_kf_contour_track;/home/capstone/autoware.ai/install/op_ros_helpers;/home/capstone/autoware.ai/install/ff_waypoint_follower;/home/capstone/autoware.ai/install/dp_planner;/home/capstone/autoware.ai/install/lidar_euclidean_cluster_detect;/home/capstone/autoware.ai/install/road_occupancy_processor;/home/capstone/autoware.ai/install/costmap_generator;/home/capstone/autoware.ai/install/object_map;/home/capstone/autoware.ai/install/naive_motion_predict;/home/capstone/autoware.ai/install/lanelet_aisan_converter;/home/capstone/autoware.ai/install/libvectormap;/home/capstone/autoware.ai/install/lane_planner;/home/capstone/autoware.ai/install/imm_ukf_pda_track;/home/capstone/autoware.ai/install/decision_maker;/home/capstone/autoware.ai/install/vectacam;/home/capstone/autoware.ai/install/udon_socket;/home/capstone/autoware.ai/install/twist_generator;/home/capstone/autoware.ai/install/twist_gate;/home/capstone/autoware.ai/install/twist_filter;/home/capstone/autoware.ai/install/twist2odom;/home/capstone/autoware.ai/install/tablet_socket;/home/capstone/autoware.ai/install/runtime_manager;/home/capstone/autoware.ai/install/mqtt_socket;/home/capstone/autoware.ai/install/tablet_socket_msgs;/home/capstone/autoware.ai/install/state_machine_lib;/home/capstone/autoware.ai/install/sound_player;/home/capstone/autoware.ai/install/sick_lms5xx;/home/capstone/autoware.ai/install/sick_ldmrs_tools;/home/capstone/autoware.ai/install/sick_ldmrs_driver;/home/capstone/autoware.ai/install/sick_ldmrs_msgs;/home/capstone/autoware.ai/install/sick_ldmrs_description;/home/capstone/autoware.ai/install/points2image;/home/capstone/autoware.ai/install/rosinterface;/home/capstone/autoware.ai/install/rosbag_controller;/home/capstone/autoware.ai/install/pure_pursuit;/home/capstone/autoware.ai/install/points_preprocessor;/home/capstone/autoware.ai/install/mpc_follower;/home/capstone/autoware.ai/install/lidar_localizer;/home/capstone/autoware.ai/install/emergency_handler;/home/capstone/autoware.ai/install/autoware_health_checker;/home/capstone/autoware.ai/install/as;/home/capstone/autoware.ai/install/ros_observer;/home/capstone/autoware.ai/install/roi_object_filter;/home/capstone/autoware.ai/install/range_vision_fusion;/home/capstone/autoware.ai/install/pos_db;/home/capstone/autoware.ai/install/points_downsampler;/home/capstone/autoware.ai/install/pixel_cloud_fusion;/home/capstone/autoware.ai/install/pcl_omp_registration;/home/capstone/autoware.ai/install/pc2_downsampler;/home/capstone/autoware.ai/install/oculus_socket;/home/capstone/autoware.ai/install/obj_db;/home/capstone/autoware.ai/install/nmea_navsat;/home/capstone/autoware.ai/install/ndt_tku;/home/capstone/autoware.ai/install/ndt_gpu;/home/capstone/autoware.ai/install/ndt_cpu;/home/capstone/autoware.ai/install/multi_lidar_calibrator;/home/capstone/autoware.ai/install/mrt_cmake_modules;/home/capstone/autoware.ai/install/microstrain_driver;/home/capstone/autoware.ai/install/memsic_imu;/home/capstone/autoware.ai/install/marker_downsampler;/home/capstone/autoware.ai/install/map_tools;/home/capstone/autoware.ai/install/map_tf_generator;/home/capstone/autoware.ai/install/log_tools;/home/capstone/autoware.ai/install/lidar_shape_estimation;/home/capstone/autoware.ai/install/lidar_point_pillars;/home/capstone/autoware.ai/install/lidar_naive_l_shape_detect;/home/capstone/autoware.ai/install/lidar_fake_perception;/home/capstone/autoware.ai/install/lidar_apollo_cnn_seg_detect;/home/capstone/autoware.ai/install/lgsvl_simulator_bridge;/home/capstone/autoware.ai/install/lanelet2_examples;/home/capstone/autoware.ai/install/lanelet2_python;/home/capstone/autoware.ai/install/kvaser;/home/capstone/autoware.ai/install/kitti_launch;/home/capstone/autoware.ai/install/kitti_player;/home/capstone/autoware.ai/install/kitti_box_publisher;/home/capstone/autoware.ai/install/javad_navsat_driver;/home/capstone/autoware.ai/install/integrated_viewer;/home/capstone/autoware.ai/install/image_processor;/home/capstone/autoware.ai/install/hokuyo;/home/capstone/autoware.ai/install/graph_tools;/home/capstone/autoware.ai/install/gnss_localizer;/home/capstone/autoware.ai/install/gnss;/home/capstone/autoware.ai/install/glviewer;/home/capstone/autoware.ai/install/gazebo_world_description;/home/capstone/autoware.ai/install/gazebo_imu_description;/home/capstone/autoware.ai/install/gazebo_camera_description;/home/capstone/autoware.ai/install/garmin;/home/capstone/autoware.ai/install/freespace_planner;/home/capstone/autoware.ai/install/fastvirtualscan;/home/capstone/autoware.ai/install/ekf_localizer;/home/capstone/autoware.ai/install/ds4_msgs;/home/capstone/autoware.ai/install/ds4_driver;/home/capstone/autoware.ai/install/detected_objects_visualizer;/home/capstone/autoware.ai/install/decision_maker_panel;/home/capstone/autoware.ai/install/data_preprocessor;/home/capstone/autoware.ai/install/custom_msgs;/home/capstone/autoware.ai/install/carla_autoware_bridge;/home/capstone/autoware.ai/install/calibration_publisher;/home/capstone/autoware.ai/install/autoware_system_msgs;/home/capstone/autoware.ai/install/autoware_rviz_plugins;/home/capstone/autoware.ai/install/autoware_quickstart_examples;/home/capstone/autoware.ai/install/autoware_pointgrey_drivers;/home/capstone/autoware.ai/install/autoware_driveworks_interface;/home/capstone/autoware.ai/install/autoware_connector;/home/capstone/autoware.ai/install/autoware_camera_lidar_calibrator;/home/capstone/autoware.ai/install/astar_search;/home/capstone/autoware.ai/install/autoware_map_msgs;/home/capstone/autoware.ai/install/autoware_launcher_rviz;/home/capstone/autoware.ai/install/autoware_launcher;/home/capstone/autoware.ai/install/autoware_external_msgs;/home/capstone/autoware.ai/install/autoware_driveworks_gmsl_interface;/home/capstone/autoware.ai/install/autoware_config_msgs;/home/capstone/autoware.ai/install/autoware_bag_tools;/home/capstone/autoware.ai/install/adi_driver;/opt/carla-ros-bridge/melodic;/opt/ros/melodic
[1.857s] -- This workspace overlays: /home/capstone/autoware.ai/install/map_file;/home/capstone/autoware.ai/install/op_simu;/home/capstone/autoware.ai/install/lanelet2_extension;/home/capstone/autoware.ai/install/op_planner;/home/capstone/autoware.ai/install/lanelet2_validation;/home/capstone/autoware.ai/install/op_utility;/home/capstone/autoware.ai/install/lanelet2_routing;/home/capstone/autoware.ai/install/lanelet2_projection;/home/capstone/autoware.ai/install/vector_map_server;/home/capstone/autoware.ai/install/libwaypoint_follower;/home/capstone/autoware.ai/install/lanelet2_traffic_rules;/home/capstone/autoware.ai/install/lanelet2_maps;/home/capstone/autoware.ai/install/lanelet2_io;/home/capstone/autoware.ai/install/vector_map;/home/capstone/autoware.ai/install/lanelet2_core;/home/capstone/autoware.ai/install/amathutils_lib;/home/capstone/autoware.ai/install/vector_map_msgs;/home/capstone/autoware.ai/install/autoware_msgs;/home/capstone/autoware.ai/install/autoware_lanelet2_msgs;/home/capstone/autoware.ai/install/autoware_can_msgs;/home/capstone/autoware.ai/install/autoware_build_flags;/home/capstone/autoware.ai/install/ymc;/home/capstone/autoware.ai/install/xsens_driver;/home/capstone/autoware.ai/install/wf_simulator;/home/capstone/autoware.ai/install/lattice_planner;/home/capstone/autoware.ai/install/waypoint_planner;/home/capstone/autoware.ai/install/waypoint_maker;/home/capstone/autoware.ai/install/way_planner;/home/capstone/autoware.ai/install/vlg22c_cam;/home/capstone/autoware.ai/install/vision_ssd_detect;/home/capstone/autoware.ai/install/vision_segment_enet_detect;/home/capstone/autoware.ai/install/vision_lane_detect;/home/capstone/autoware.ai/install/vision_darknet_detect;/home/capstone/autoware.ai/install/vision_beyond_track;/home/capstone/autoware.ai/install/vel_pose_diff_checker;/home/capstone/autoware.ai/install/vehicle_socket;/home/capstone/autoware.ai/install/vehicle_sim_model;/home/capstone/autoware.ai/install/vehicle_model;/home/capstone/autoware.ai/install/vehicle_gazebo_simulation_launcher;/home/capstone/autoware.ai/install/vehicle_gazebo_simulation_interface;/home/capstone/autoware.ai/install/vehicle_engage_panel;/home/capstone/autoware.ai/install/vehicle_description;/home/capstone/autoware.ai/install/trafficlight_recognizer;/home/capstone/autoware.ai/install/op_utilities;/home/capstone/autoware.ai/install/op_simulation_package;/home/capstone/autoware.ai/install/op_local_planner;/home/capstone/autoware.ai/install/op_global_planner;/home/capstone/autoware.ai/install/lidar_kf_contour_track;/home/capstone/autoware.ai/install/op_ros_helpers;/home/capstone/autoware.ai/install/ff_waypoint_follower;/home/capstone/autoware.ai/install/dp_planner;/home/capstone/autoware.ai/install/lidar_euclidean_cluster_detect;/home/capstone/autoware.ai/install/road_occupancy_processor;/home/capstone/autoware.ai/install/costmap_generator;/home/capstone/autoware.ai/install/object_map;/home/capstone/autoware.ai/install/naive_motion_predict;/home/capstone/autoware.ai/install/lanelet_aisan_converter;/home/capstone/autoware.ai/install/libvectormap;/home/capstone/autoware.ai/install/lane_planner;/home/capstone/autoware.ai/install/imm_ukf_pda_track;/home/capstone/autoware.ai/install/decision_maker;/home/capstone/autoware.ai/install/vectacam;/home/capstone/autoware.ai/install/udon_socket;/home/capstone/autoware.ai/install/twist_generator;/home/capstone/autoware.ai/install/twist_gate;/home/capstone/autoware.ai/install/twist_filter;/home/capstone/autoware.ai/install/twist2odom;/home/capstone/autoware.ai/install/tablet_socket;/home/capstone/autoware.ai/install/runtime_manager;/home/capstone/autoware.ai/install/mqtt_socket;/home/capstone/autoware.ai/install/tablet_socket_msgs;/home/capstone/autoware.ai/install/state_machine_lib;/home/capstone/autoware.ai/install/sound_player;/home/capstone/autoware.ai/install/sick_lms5xx;/home/capstone/autoware.ai/install/sick_ldmrs_tools;/home/capstone/autoware.ai/install/sick_ldmrs_driver;/home/capstone/autoware.ai/install/sick_ldmrs_msgs;/home/capstone/autoware.ai/install/sick_ldmrs_description;/home/capstone/autoware.ai/install/points2image;/home/capstone/autoware.ai/install/rosinterface;/home/capstone/autoware.ai/install/rosbag_controller;/home/capstone/autoware.ai/install/pure_pursuit;/home/capstone/autoware.ai/install/points_preprocessor;/home/capstone/autoware.ai/install/mpc_follower;/home/capstone/autoware.ai/install/lidar_localizer;/home/capstone/autoware.ai/install/emergency_handler;/home/capstone/autoware.ai/install/autoware_health_checker;/home/capstone/autoware.ai/install/as;/home/capstone/autoware.ai/install/ros_observer;/home/capstone/autoware.ai/install/roi_object_filter;/home/capstone/autoware.ai/install/range_vision_fusion;/home/capstone/autoware.ai/install/pos_db;/home/capstone/autoware.ai/install/points_downsampler;/home/capstone/autoware.ai/install/pixel_cloud_fusion;/home/capstone/autoware.ai/install/pcl_omp_registration;/home/capstone/autoware.ai/install/pc2_downsampler;/home/capstone/autoware.ai/install/oculus_socket;/home/capstone/autoware.ai/install/obj_db;/home/capstone/autoware.ai/install/nmea_navsat;/home/capstone/autoware.ai/install/ndt_tku;/home/capstone/autoware.ai/install/ndt_gpu;/home/capstone/autoware.ai/install/ndt_cpu;/home/capstone/autoware.ai/install/multi_lidar_calibrator;/home/capstone/autoware.ai/install/mrt_cmake_modules;/home/capstone/autoware.ai/install/microstrain_driver;/home/capstone/autoware.ai/install/memsic_imu;/home/capstone/autoware.ai/install/marker_downsampler;/home/capstone/autoware.ai/install/map_tools;/home/capstone/autoware.ai/install/map_tf_generator;/home/capstone/autoware.ai/install/log_tools;/home/capstone/autoware.ai/install/lidar_shape_estimation;/home/capstone/autoware.ai/install/lidar_point_pillars;/home/capstone/autoware.ai/install/lidar_naive_l_shape_detect;/home/capstone/autoware.ai/install/lidar_fake_perception;/home/capstone/autoware.ai/install/lidar_apollo_cnn_seg_detect;/home/capstone/autoware.ai/install/lgsvl_simulator_bridge;/home/capstone/autoware.ai/install/lanelet2_examples;/home/capstone/autoware.ai/install/lanelet2_python;/home/capstone/autoware.ai/install/kvaser;/home/capstone/autoware.ai/install/kitti_launch;/home/capstone/autoware.ai/install/kitti_player;/home/capstone/autoware.ai/install/kitti_box_publisher;/home/capstone/autoware.ai/install/javad_navsat_driver;/home/capstone/autoware.ai/install/integrated_viewer;/home/capstone/autoware.ai/install/image_processor;/home/capstone/autoware.ai/install/hokuyo;/home/capstone/autoware.ai/install/graph_tools;/home/capstone/autoware.ai/install/gnss_localizer;/home/capstone/autoware.ai/install/gnss;/home/capstone/autoware.ai/install/glviewer;/home/capstone/autoware.ai/install/gazebo_world_description;/home/capstone/autoware.ai/install/gazebo_imu_description;/home/capstone/autoware.ai/install/gazebo_camera_description;/home/capstone/autoware.ai/install/garmin;/home/capstone/autoware.ai/install/freespace_planner;/home/capstone/autoware.ai/install/fastvirtualscan;/home/capstone/autoware.ai/install/ekf_localizer;/home/capstone/autoware.ai/install/ds4_msgs;/home/capstone/autoware.ai/install/ds4_driver;/home/capstone/autoware.ai/install/detected_objects_visualizer;/home/capstone/autoware.ai/install/decision_maker_panel;/home/capstone/autoware.ai/install/data_preprocessor;/home/capstone/autoware.ai/install/custom_msgs;/home/capstone/autoware.ai/install/carla_autoware_bridge;/home/capstone/autoware.ai/install/calibration_publisher;/home/capstone/autoware.ai/install/autoware_system_msgs;/home/capstone/autoware.ai/install/autoware_rviz_plugins;/home/capstone/autoware.ai/install/autoware_quickstart_examples;/home/capstone/autoware.ai/install/autoware_pointgrey_drivers;/home/capstone/autoware.ai/install/autoware_driveworks_interface;/home/capstone/autoware.ai/install/autoware_connector;/home/capstone/autoware.ai/install/autoware_camera_lidar_calibrator;/home/capstone/autoware.ai/install/astar_search;/home/capstone/autoware.ai/install/autoware_map_msgs;/home/capstone/autoware.ai/install/autoware_launcher_rviz;/home/capstone/autoware.ai/install/autoware_launcher;/home/capstone/autoware.ai/install/autoware_external_msgs;/home/capstone/autoware.ai/install/autoware_driveworks_gmsl_interface;/home/capstone/autoware.ai/install/autoware_config_msgs;/home/capstone/autoware.ai/install/autoware_bag_tools;/home/capstone/autoware.ai/install/adi_driver;/opt/carla-ros-bridge/melodic;/opt/ros/melodic
[1.936s] -- Found PythonInterp: /usr/bin/python2 (found suitable version "2.7.17", minimum required is "2") 
[1.937s] -- Using PYTHON_EXECUTABLE: /usr/bin/python2
[1.937s] -- Using Debian Python package layout
[1.938s] -- Using empy: /usr/bin/empy
[2.282s] -- Using CATKIN_ENABLE_TESTING: ON
[2.282s] -- Call enable_testing()
[2.284s] -- Using CATKIN_TEST_RESULTS_DIR: /home/capstone/autoware.ai/build/dp_planner/test_results
[2.452s] -- Found gtest sources under '/usr/src/googletest': gtests will be built
[2.453s] -- Found gmock sources under '/usr/src/googletest': gmock will be built
[2.531s] -- Found PythonInterp: /usr/bin/python2 (found version "2.7.17") 
[2.544s] -- Using Python nosetests: /usr/bin/nosetests-2.7
[2.730s] -- catkin 0.7.23
[2.730s] -- BUILD_SHARED_LIBS is on
[3.640s] -- Using these message generators: gencpp;geneus;genlisp;gennodejs;genpy
[7.263s] -- Configuring done
[7.911s] -- Generating done
[7.975s] -- Build files have been written to: /home/capstone/autoware.ai/build/dp_planner
[8.202s] [  0%] Built target roscpp_generate_messages_nodejs
[8.499s] [  0%] Built target nodelet_generate_messages_eus
[8.653s] [  0%] Built target nodelet_generate_messages_cpp
[8.811s] [  0%] Built target dynamic_reconfigure_gencfg
[8.965s] [  0%] Built target dynamic_reconfigure_generate_messages_cpp
[9.117s] [  0%] Built target pcl_ros_gencfg
[9.260s] [  0%] Built target topic_tools_generate_messages_nodejs
[9.488s] [  0%] Built target vector_map_server_generate_messages_py
[9.643s] [  0%] Built target vector_map_server_generate_messages_eus
[9.787s] [  0%] Built target vector_map_server_generate_messages_cpp
[9.938s] [  0%] Built target vector_map_msgs_generate_messages_py
[10.081s] [  0%] Built target vector_map_msgs_generate_messages_eus
[10.226s] [  0%] Built target vector_map_msgs_generate_messages_cpp
[10.446s] [  0%] Built target visualization_msgs_generate_messages_nodejs
[10.593s] [  0%] Built target visualization_msgs_generate_messages_lisp
[10.759s] [  0%] Built target visualization_msgs_generate_messages_eus
[10.927s] [  0%] Built target bond_generate_messages_cpp
[11.082s] [  0%] Built target dynamic_reconfigure_generate_messages_nodejs
[11.228s] [  0%] Built target tf2_msgs_generate_messages_py
[11.428s] [  0%] Built target tf2_msgs_generate_messages_nodejs
[11.612s] [  0%] Built target tf2_msgs_generate_messages_lisp
[11.774s] [  0%] Built target dynamic_reconfigure_generate_messages_lisp
[11.923s] [  0%] Built target tf2_msgs_generate_messages_cpp
[12.081s] [  0%] Built target actionlib_generate_messages_py
[12.231s] [  0%] Built target actionlib_generate_messages_nodejs
[12.402s] [  0%] Built target actionlib_generate_messages_cpp
[12.557s] [  0%] Built target rosgraph_msgs_generate_messages_py
[12.711s] [  0%] Built target rosgraph_msgs_generate_messages_nodejs
[12.866s] [  0%] Built target std_srvs_generate_messages_py
[13.013s] [  0%] Built target rosgraph_msgs_generate_messages_eus
[13.159s] [  0%] Built target actionlib_generate_messages_eus
[13.317s] [  0%] Built target rosgraph_msgs_generate_messages_cpp
[13.520s] [  0%] Built target topic_tools_generate_messages_py
[13.668s] [  0%] Built target roscpp_generate_messages_cpp
[13.813s] [  0%] Built target jsk_recognition_msgs_generate_messages_lisp
[13.958s] [  0%] Built target tf_generate_messages_cpp
[14.110s] [  0%] Built target jsk_recognition_msgs_generate_messages_eus
[14.254s] [  0%] Built target std_msgs_generate_messages_py
[14.486s] [  0%] Built target jsk_recognition_msgs_generate_messages_cpp
[14.652s] [  0%] Built target geometry_msgs_generate_messages_lisp
[14.821s] [  0%] Built target autoware_msgs_generate_messages_eus
[14.965s] [  0%] Built target nodelet_topic_tools_gencfg
[15.113s] [  0%] Built target vector_map_server_generate_messages_lisp
[15.267s] [  0%] Built target visualization_msgs_generate_messages_cpp
[15.465s] [  0%] Built target sensor_msgs_generate_messages_eus
[15.608s] [  0%] Built target sensor_msgs_generate_messages_lisp
[15.756s] [  0%] Built target jsk_footstep_msgs_generate_messages_py
[15.905s] [  0%] Built target geometry_msgs_generate_messages_py
[16.050s] [  0%] Built target vector_map_server_generate_messages_nodejs
[16.211s] [  0%] Built target tf2_msgs_generate_messages_eus
[16.423s] [  0%] Built target sensor_msgs_generate_messages_py
[16.614s] [  0%] Built target topic_tools_generate_messages_eus
[16.774s] [  0%] Built target jsk_footstep_msgs_generate_messages_lisp
[16.925s] [  0%] Built target geometry_msgs_generate_messages_eus
[17.071s] [  0%] Built target nodelet_generate_messages_lisp
[17.223s] [  0%] Built target std_msgs_generate_messages_nodejs
[17.424s] [  0%] Built target geometry_msgs_generate_messages_cpp
[17.589s] [  0%] Built target sensor_msgs_generate_messages_cpp
[17.753s] [  0%] Built target pcl_msgs_generate_messages_cpp
[17.910s] [  0%] Built target roscpp_generate_messages_py
[18.068s] [  0%] Built target jsk_recognition_msgs_generate_messages_nodejs
[18.217s] [  0%] Built target autoware_can_msgs_generate_messages_eus
[18.438s] [  0%] Built target actionlib_generate_messages_lisp
[18.610s] [  0%] Built target roscpp_generate_messages_lisp
[18.762s] [  0%] Built target dynamic_reconfigure_generate_messages_eus
[18.909s] [  0%] Built target geometry_msgs_generate_messages_nodejs
[19.052s] [  0%] Built target autoware_can_msgs_generate_messages_py
[19.198s] [  0%] Built target autoware_can_msgs_generate_messages_cpp
[19.367s] [  0%] Built target dynamic_reconfigure_generate_messages_py
[19.538s] [  0%] Built target actionlib_msgs_generate_messages_eus
[19.680s] [  0%] Built target vector_map_msgs_generate_messages_nodejs
[19.826s] [  0%] Built target autoware_can_msgs_generate_messages_lisp
[19.969s] [  0%] Built target autoware_can_msgs_generate_messages_nodejs
[20.109s] [  0%] Built target std_srvs_generate_messages_cpp
[20.257s] [  0%] Built target std_msgs_generate_messages_cpp
[20.473s] [  0%] Built target rosgraph_msgs_generate_messages_lisp
[20.635s] [  0%] Built target autoware_msgs_generate_messages_py
[20.781s] [  0%] Built target tf_generate_messages_eus
[20.928s] [  0%] Built target pcl_msgs_generate_messages_eus
[21.074s] [  0%] Built target vector_map_msgs_generate_messages_lisp
[21.218s] [  0%] Built target pcl_msgs_generate_messages_nodejs
[21.398s] [  0%] Built target pcl_msgs_generate_messages_lisp
[21.552s] [  0%] Built target pcl_msgs_generate_messages_py
[21.706s] [  0%] Built target jsk_footstep_msgs_generate_messages_eus
[21.857s] [  0%] Built target std_msgs_generate_messages_lisp
[22.001s] [  0%] Built target jsk_recognition_msgs_generate_messages_py
[22.145s] [  0%] Built target autoware_msgs_generate_messages_cpp
[22.288s] [  0%] Built target sensor_msgs_generate_messages_nodejs
[22.466s] [  0%] Built target jsk_footstep_msgs_generate_messages_nodejs
[22.603s] [  0%] Built target actionlib_msgs_generate_messages_cpp
[22.741s] [  0%] Built target actionlib_msgs_generate_messages_py
[22.883s] [  0%] Built target topic_tools_generate_messages_cpp
[23.025s] [  0%] Built target visualization_msgs_generate_messages_py
[23.171s] [  0%] Built target autoware_msgs_generate_messages_lisp
[23.373s] [  0%] Built target autoware_msgs_generate_messages_nodejs
[23.544s] [  0%] Built target tf_generate_messages_lisp
[23.690s] [  0%] Built target tf_generate_messages_nodejs
[23.836s] [  0%] Built target std_msgs_generate_messages_eus
[23.984s] [  0%] Built target actionlib_msgs_generate_messages_lisp
[24.125s] [  0%] Built target actionlib_msgs_generate_messages_nodejs
[24.278s] [  0%] Built target tf_generate_messages_py
[24.449s] [  0%] Built target roscpp_generate_messages_eus
[24.599s] [  0%] Built target jsk_footstep_msgs_generate_messages_cpp
[24.747s] [  0%] Built target nodelet_generate_messages_nodejs
[24.896s] [  0%] Built target nodelet_generate_messages_py
[25.044s] [  0%] Built target std_srvs_generate_messages_nodejs
[25.192s] [  0%] Built target bond_generate_messages_eus
[25.361s] [  0%] Built target bond_generate_messages_lisp
[25.547s] [  0%] Built target bond_generate_messages_nodejs
[25.724s] [  0%] Built target bond_generate_messages_py
[25.868s] [  0%] Built target std_srvs_generate_messages_eus
[26.015s] [  0%] Built target std_srvs_generate_messages_lisp
[26.156s] [  0%] Built target topic_tools_generate_messages_lisp
[26.402s] [100%] Built target dp_planner
[28.261s] Built target tests
[29.942s] [  0%] Built target roscpp_generate_messages_nodejs
[30.086s] [  0%] Built target nodelet_generate_messages_eus
[30.228s] [  0%] Built target nodelet_generate_messages_cpp
[30.394s] [  0%] Built target dynamic_reconfigure_gencfg
[30.559s] [  0%] Built target dynamic_reconfigure_generate_messages_cpp
[30.706s] [  0%] Built target pcl_ros_gencfg
[30.850s] [  0%] Built target topic_tools_generate_messages_nodejs
[30.992s] [  0%] Built target vector_map_server_generate_messages_py
[31.135s] [  0%] Built target vector_map_server_generate_messages_eus
[31.296s] [  0%] Built target vector_map_server_generate_messages_cpp
[31.491s] [  0%] Built target vector_map_msgs_generate_messages_py
[31.647s] [  0%] Built target vector_map_msgs_generate_messages_eus
[31.785s] [  0%] Built target vector_map_msgs_generate_messages_cpp
[31.942s] [  0%] Built target visualization_msgs_generate_messages_nodejs
[32.086s] [  0%] Built target visualization_msgs_generate_messages_lisp
[32.231s] [  0%] Built target visualization_msgs_generate_messages_eus
[32.416s] [  0%] Built target bond_generate_messages_cpp
[32.566s] [  0%] Built target dynamic_reconfigure_generate_messages_nodejs
[32.708s] [  0%] Built target tf2_msgs_generate_messages_py
[32.848s] [  0%] Built target tf2_msgs_generate_messages_nodejs
[32.990s] [  0%] Built target tf2_msgs_generate_messages_lisp
[33.137s] [  0%] Built target dynamic_reconfigure_generate_messages_lisp
[33.283s] [  0%] Built target tf2_msgs_generate_messages_cpp
[33.455s] [  0%] Built target actionlib_generate_messages_py
[33.622s] [  0%] Built target actionlib_generate_messages_nodejs
[33.765s] [  0%] Built target actionlib_generate_messages_cpp
[33.907s] [  0%] Built target rosgraph_msgs_generate_messages_py
[34.047s] [  0%] Built target rosgraph_msgs_generate_messages_nodejs
[34.189s] [  0%] Built target std_srvs_generate_messages_py
[34.365s] [  0%] Built target rosgraph_msgs_generate_messages_eus
[34.526s] [  0%] Built target actionlib_generate_messages_eus
[34.676s] [  0%] Built target rosgraph_msgs_generate_messages_cpp
[34.819s] [  0%] Built target topic_tools_generate_messages_py
[34.956s] [  0%] Built target roscpp_generate_messages_cpp
[35.099s] [  0%] Built target jsk_recognition_msgs_generate_messages_lisp
[35.238s] [  0%] Built target tf_generate_messages_cpp
[35.424s] [  0%] Built target jsk_recognition_msgs_generate_messages_eus
[35.573s] [  0%] Built target std_msgs_generate_messages_py
[35.719s] [  0%] Built target jsk_recognition_msgs_generate_messages_cpp
[35.873s] [  0%] Built target geometry_msgs_generate_messages_lisp
[36.024s] [  0%] Built target autoware_msgs_generate_messages_eus
[36.169s] [  0%] Built target nodelet_topic_tools_gencfg
[36.349s] [  0%] Built target vector_map_server_generate_messages_lisp
[36.508s] [  0%] Built target visualization_msgs_generate_messages_cpp
[36.645s] [  0%] Built target sensor_msgs_generate_messages_eus
[36.788s] [  0%] Built target sensor_msgs_generate_messages_lisp
[36.926s] [  0%] Built target jsk_footstep_msgs_generate_messages_py
[37.070s] [  0%] Built target geometry_msgs_generate_messages_py
[37.214s] [  0%] Built target vector_map_server_generate_messages_nodejs
[37.409s] [  0%] Built target tf2_msgs_generate_messages_eus
[37.555s] [  0%] Built target sensor_msgs_generate_messages_py
[37.696s] [  0%] Built target topic_tools_generate_messages_eus
[37.838s] [  0%] Built target jsk_footstep_msgs_generate_messages_lisp
[37.974s] [  0%] Built target geometry_msgs_generate_messages_eus
[38.113s] [  0%] Built target nodelet_generate_messages_lisp
[38.257s] [  0%] Built target std_msgs_generate_messages_nodejs
[38.470s] [  0%] Built target geometry_msgs_generate_messages_cpp
[38.624s] [  0%] Built target sensor_msgs_generate_messages_cpp
[38.766s] [  0%] Built target pcl_msgs_generate_messages_cpp
[39.100s] [  0%] Built target roscpp_generate_messages_py
[39.102s] [  0%] Built target jsk_recognition_msgs_generate_messages_nodejs
[39.149s] [  0%] Built target autoware_can_msgs_generate_messages_eus
[39.277s] [  0%] Built target actionlib_generate_messages_lisp
[39.442s] [  0%] Built target roscpp_generate_messages_lisp
[39.582s] [  0%] Built target dynamic_reconfigure_generate_messages_eus
[39.711s] [  0%] Built target geometry_msgs_generate_messages_nodejs
[39.854s] [  0%] Built target autoware_can_msgs_generate_messages_py
[39.998s] [  0%] Built target autoware_can_msgs_generate_messages_cpp
[40.127s] [  0%] Built target dynamic_reconfigure_generate_messages_py
[40.268s] [  0%] Built target actionlib_msgs_generate_messages_eus
[40.456s] [  0%] Built target vector_map_msgs_generate_messages_nodejs
[40.565s] [  0%] Built target autoware_can_msgs_generate_messages_lisp
[40.706s] [  0%] Built target autoware_can_msgs_generate_messages_nodejs
[40.850s] [  0%] Built target std_srvs_generate_messages_cpp
[40.990s] [  0%] Built target std_msgs_generate_messages_cpp
[41.147s] [  0%] Built target rosgraph_msgs_generate_messages_lisp
[41.315s] [  0%] Built target autoware_msgs_generate_messages_py
[41.504s] [  0%] Built target tf_generate_messages_eus
[41.674s] [  0%] Built target pcl_msgs_generate_messages_eus
[41.814s] [  0%] Built target vector_map_msgs_generate_messages_lisp
[41.959s] [  0%] Built target pcl_msgs_generate_messages_nodejs
[42.103s] [  0%] Built target pcl_msgs_generate_messages_lisp
[42.248s] [  0%] Built target pcl_msgs_generate_messages_py
[42.446s] [  0%] Built target jsk_footstep_msgs_generate_messages_eus
[42.642s] [  0%] Built target std_msgs_generate_messages_lisp
[42.815s] [  0%] Built target jsk_recognition_msgs_generate_messages_py
[42.960s] [  0%] Built target autoware_msgs_generate_messages_cpp
[43.101s] [  0%] Built target sensor_msgs_generate_messages_nodejs
[43.258s] [  0%] Built target jsk_footstep_msgs_generate_messages_nodejs
[43.453s] [  0%] Built target actionlib_msgs_generate_messages_cpp
[43.599s] [  0%] Built target actionlib_msgs_generate_messages_py
[43.757s] [  0%] Built target topic_tools_generate_messages_cpp
[43.902s] [  0%] Built target visualization_msgs_generate_messages_py
[44.050s] [  0%] Built target autoware_msgs_generate_messages_lisp
[44.202s] [  0%] Built target autoware_msgs_generate_messages_nodejs
[44.382s] [  0%] Built target tf_generate_messages_lisp
[44.580s] [  0%] Built target tf_generate_messages_nodejs
[44.709s] [  0%] Built target std_msgs_generate_messages_eus
[44.846s] [  0%] Built target actionlib_msgs_generate_messages_lisp
[44.977s] [  0%] Built target actionlib_msgs_generate_messages_nodejs
[45.118s] [  0%] Built target tf_generate_messages_py
[45.261s] [  0%] Built target roscpp_generate_messages_eus
[45.421s] [  0%] Built target jsk_footstep_msgs_generate_messages_cpp
[45.583s] [  0%] Built target nodelet_generate_messages_nodejs
[45.737s] [  0%] Built target nodelet_generate_messages_py
[45.891s] [  0%] Built target std_srvs_generate_messages_nodejs
[46.037s] [  0%] Built target bond_generate_messages_eus
[46.163s] [  0%] Built target bond_generate_messages_lisp
[46.330s] [  0%] Built target bond_generate_messages_nodejs
[46.514s] [  0%] Built target bond_generate_messages_py
[46.661s] [  0%] Built target std_srvs_generate_messages_eus
[46.846s] [  0%] Built target std_srvs_generate_messages_lisp
[46.998s] [  0%] Built target topic_tools_generate_messages_lisp
[47.209s] [100%] Built target dp_planner
[47.405s] [36mInstall the project...[0m
[47.465s] -- Install configuration: "Release"
[47.465s] -- Installing: /home/capstone/autoware.ai/install/dp_planner/lib/pkgconfig/dp_planner.pc
[47.482s] -- Installing: /home/capstone/autoware.ai/install/dp_planner/share/dp_planner/cmake/dp_plannerConfig.cmake
[47.483s] -- Up-to-date: /home/capstone/autoware.ai/install/dp_planner/share/dp_planner/cmake/dp_plannerConfig-version.cmake
[47.483s] -- Up-to-date: /home/capstone/autoware.ai/install/dp_planner/share/dp_planner/package.xml
[47.485s] -- Up-to-date: /home/capstone/autoware.ai/install/dp_planner/lib/dp_planner/dp_planner
[47.485s] -- Up-to-date: /home/capstone/autoware.ai/install/dp_planner/share/dp_planner/launch
[47.486s] -- Up-to-date: /home/capstone/autoware.ai/install/dp_planner/share/dp_planner/launch/dp_planner_exp.launch
[47.488s] -- Up-to-date: /home/capstone/autoware.ai/install/dp_planner/share/dp_planner/launch/dp_planner.launch
