[0.438s] -- CUDA compilation status: 1.
[0.439s] -- Using CATKIN_DEVEL_PREFIX: /home/capstone/autoware.ai/build/as/devel
[0.440s] -- Using CMAKE_PREFIX_PATH: /home/capstone/autoware.ai/install/ros_observer;/home/capstone/autoware.ai/install/autoware_msgs;/home/capstone/autoware.ai/install/autoware_build_flags;/home/capstone/autoware.ai/install/ymc;/home/capstone/autoware.ai/install/xsens_driver;/home/capstone/autoware.ai/install/wf_simulator;/home/capstone/autoware.ai/install/lattice_planner;/home/capstone/autoware.ai/install/waypoint_planner;/home/capstone/autoware.ai/install/waypoint_maker;/home/capstone/autoware.ai/install/way_planner;/home/capstone/autoware.ai/install/vlg22c_cam;/home/capstone/autoware.ai/install/vision_ssd_detect;/home/capstone/autoware.ai/install/vision_segment_enet_detect;/home/capstone/autoware.ai/install/vision_lane_detect;/home/capstone/autoware.ai/install/vision_darknet_detect;/home/capstone/autoware.ai/install/vision_beyond_track;/home/capstone/autoware.ai/install/vel_pose_diff_checker;/home/capstone/autoware.ai/install/vehicle_socket;/home/capstone/autoware.ai/install/vehicle_sim_model;/home/capstone/autoware.ai/install/vehicle_model;/home/capstone/autoware.ai/install/vehicle_gazebo_simulation_launcher;/home/capstone/autoware.ai/install/vehicle_gazebo_simulation_interface;/home/capstone/autoware.ai/install/vehicle_engage_panel;/home/capstone/autoware.ai/install/vehicle_description;/home/capstone/autoware.ai/install/trafficlight_recognizer;/home/capstone/autoware.ai/install/op_utilities;/home/capstone/autoware.ai/install/op_simulation_package;/home/capstone/autoware.ai/install/op_local_planner;/home/capstone/autoware.ai/install/op_global_planner;/home/capstone/autoware.ai/install/lidar_kf_contour_track;/home/capstone/autoware.ai/install/op_ros_helpers;/home/capstone/autoware.ai/install/ff_waypoint_follower;/home/capstone/autoware.ai/install/dp_planner;/home/capstone/autoware.ai/install/op_simu;/home/capstone/autoware.ai/install/op_planner;/home/capstone/autoware.ai/install/op_utility;/home/capstone/autoware.ai/install/lidar_euclidean_cluster_detect;/home/capstone/autoware.ai/install/vector_map_server;/home/capstone/autoware.ai/install/road_occupancy_processor;/home/capstone/autoware.ai/install/costmap_generator;/home/capstone/autoware.ai/install/object_map;/home/capstone/autoware.ai/install/naive_motion_predict;/home/capstone/autoware.ai/install/lanelet_aisan_converter;/home/capstone/autoware.ai/install/map_file;/home/capstone/autoware.ai/install/libvectormap;/home/capstone/autoware.ai/install/lane_planner;/home/capstone/autoware.ai/install/imm_ukf_pda_track;/home/capstone/autoware.ai/install/decision_maker;/home/capstone/autoware.ai/install/vector_map;/home/capstone/autoware.ai/install/vector_map_msgs;/home/capstone/autoware.ai/install/vectacam;/home/capstone/autoware.ai/install/udon_socket;/home/capstone/autoware.ai/install/twist_generator;/home/capstone/autoware.ai/install/twist_gate;/home/capstone/autoware.ai/install/twist_filter;/home/capstone/autoware.ai/install/twist2odom;/home/capstone/autoware.ai/install/tablet_socket;/home/capstone/autoware.ai/install/runtime_manager;/home/capstone/autoware.ai/install/mqtt_socket;/home/capstone/autoware.ai/install/tablet_socket_msgs;/home/capstone/autoware.ai/install/state_machine_lib;/home/capstone/autoware.ai/install/sound_player;/home/capstone/autoware.ai/install/sick_lms5xx;/home/capstone/autoware.ai/install/sick_ldmrs_tools;/home/capstone/autoware.ai/install/sick_ldmrs_driver;/home/capstone/autoware.ai/install/sick_ldmrs_msgs;/home/capstone/autoware.ai/install/sick_ldmrs_description;/home/capstone/autoware.ai/install/points2image;/home/capstone/autoware.ai/install/rosinterface;/home/capstone/autoware.ai/install/rosbag_controller;/home/capstone/autoware.ai/install/pure_pursuit;/home/capstone/autoware.ai/install/points_preprocessor;/home/capstone/autoware.ai/install/mpc_follower;/home/capstone/autoware.ai/install/lidar_localizer;/home/capstone/autoware.ai/install/emergency_handler;/home/capstone/autoware.ai/install/autoware_health_checker;/home/capstone/autoware.ai/install/as;/home/capstone/autoware.ai/install/roi_object_filter;/home/capstone/autoware.ai/install/range_vision_fusion;/home/capstone/autoware.ai/install/pos_db;/home/capstone/autoware.ai/install/points_downsampler;/home/capstone/autoware.ai/install/pixel_cloud_fusion;/home/capstone/autoware.ai/install/pcl_omp_registration;/home/capstone/autoware.ai/install/pc2_downsampler;/home/capstone/autoware.ai/install/oculus_socket;/home/capstone/autoware.ai/install/obj_db;/home/capstone/autoware.ai/install/nmea_navsat;/home/capstone/autoware.ai/install/ndt_tku;/home/capstone/autoware.ai/install/ndt_gpu;/home/capstone/autoware.ai/install/ndt_cpu;/home/capstone/autoware.ai/install/multi_lidar_calibrator;/home/capstone/autoware.ai/install/mrt_cmake_modules;/home/capstone/autoware.ai/install/microstrain_driver;/home/capstone/autoware.ai/install/memsic_imu;/home/capstone/autoware.ai/install/marker_downsampler;/home/capstone/autoware.ai/install/map_tools;/home/capstone/autoware.ai/install/map_tf_generator;/home/capstone/autoware.ai/install/log_tools;/home/capstone/autoware.ai/install/lidar_shape_estimation;/home/capstone/autoware.ai/install/lidar_point_pillars;/home/capstone/autoware.ai/install/lidar_naive_l_shape_detect;/home/capstone/autoware.ai/install/lidar_fake_perception;/home/capstone/autoware.ai/install/lidar_apollo_cnn_seg_detect;/home/capstone/autoware.ai/install/libwaypoint_follower;/home/capstone/autoware.ai/install/lgsvl_simulator_bridge;/home/capstone/autoware.ai/install/lanelet2_extension;/home/capstone/autoware.ai/install/lanelet2_validation;/home/capstone/autoware.ai/install/lanelet2_examples;/home/capstone/autoware.ai/install/lanelet2_python;/home/capstone/autoware.ai/install/lanelet2_routing;/home/capstone/autoware.ai/install/lanelet2_traffic_rules;/home/capstone/autoware.ai/install/lanelet2_projection;/home/capstone/autoware.ai/install/lanelet2_maps;/home/capstone/autoware.ai/install/lanelet2_io;/home/capstone/autoware.ai/install/lanelet2_core;/home/capstone/autoware.ai/install/kvaser;/home/capstone/autoware.ai/install/kitti_launch;/home/capstone/autoware.ai/install/kitti_player;/home/capstone/autoware.ai/install/kitti_box_publisher;/home/capstone/autoware.ai/install/javad_navsat_driver;/home/capstone/autoware.ai/install/integrated_viewer;/home/capstone/autoware.ai/install/image_processor;/home/capstone/autoware.ai/install/hokuyo;/home/capstone/autoware.ai/install/graph_tools;/home/capstone/autoware.ai/install/gnss_localizer;/home/capstone/autoware.ai/install/gnss;/home/capstone/autoware.ai/install/glviewer;/home/capstone/autoware.ai/install/gazebo_world_description;/home/capstone/autoware.ai/install/gazebo_imu_description;/home/capstone/autoware.ai/install/gazebo_camera_description;/home/capstone/autoware.ai/install/garmin;/home/capstone/autoware.ai/install/freespace_planner;/home/capstone/autoware.ai/install/fastvirtualscan;/home/capstone/autoware.ai/install/ekf_localizer;/home/capstone/autoware.ai/install/ds4_msgs;/home/capstone/autoware.ai/install/ds4_driver;/home/capstone/autoware.ai/install/detected_objects_visualizer;/home/capstone/autoware.ai/install/decision_maker_panel;/home/capstone/autoware.ai/install/data_preprocessor;/home/capstone/autoware.ai/install/custom_msgs;/home/capstone/autoware.ai/install/carla_autoware_bridge;/home/capstone/autoware.ai/install/calibration_publisher;/home/capstone/autoware.ai/install/autoware_system_msgs;/home/capstone/autoware.ai/install/autoware_rviz_plugins;/home/capstone/autoware.ai/install/autoware_quickstart_examples;/home/capstone/autoware.ai/install/autoware_pointgrey_drivers;/home/capstone/autoware.ai/install/autoware_driveworks_interface;/home/capstone/autoware.ai/install/autoware_connector;/home/capstone/autoware.ai/install/autoware_camera_lidar_calibrator;/home/capstone/autoware.ai/install/astar_search;/home/capstone/autoware.ai/install/amathutils_lib;/home/capstone/autoware.ai/install/autoware_map_msgs;/home/capstone/autoware.ai/install/autoware_launcher_rviz;/home/capstone/autoware.ai/install/autoware_launcher;/home/capstone/autoware.ai/install/autoware_lanelet2_msgs;/home/capstone/autoware.ai/install/autoware_external_msgs;/home/capstone/autoware.ai/install/autoware_driveworks_gmsl_interface;/home/capstone/autoware.ai/install/autoware_config_msgs;/home/capstone/autoware.ai/install/autoware_can_msgs;/home/capstone/autoware.ai/install/autoware_bag_tools;/home/capstone/autoware.ai/install/adi_driver;/opt/carla-ros-bridge/melodic;/opt/ros/melodic
[0.458s] -- This workspace overlays: /home/capstone/autoware.ai/install/ros_observer;/home/capstone/autoware.ai/install/autoware_msgs;/home/capstone/autoware.ai/install/autoware_build_flags;/home/capstone/autoware.ai/install/ymc;/home/capstone/autoware.ai/install/xsens_driver;/home/capstone/autoware.ai/install/wf_simulator;/home/capstone/autoware.ai/install/lattice_planner;/home/capstone/autoware.ai/install/waypoint_planner;/home/capstone/autoware.ai/install/waypoint_maker;/home/capstone/autoware.ai/install/way_planner;/home/capstone/autoware.ai/install/vlg22c_cam;/home/capstone/autoware.ai/install/vision_ssd_detect;/home/capstone/autoware.ai/install/vision_segment_enet_detect;/home/capstone/autoware.ai/install/vision_lane_detect;/home/capstone/autoware.ai/install/vision_darknet_detect;/home/capstone/autoware.ai/install/vision_beyond_track;/home/capstone/autoware.ai/install/vel_pose_diff_checker;/home/capstone/autoware.ai/install/vehicle_socket;/home/capstone/autoware.ai/install/vehicle_sim_model;/home/capstone/autoware.ai/install/vehicle_model;/home/capstone/autoware.ai/install/vehicle_gazebo_simulation_launcher;/home/capstone/autoware.ai/install/vehicle_gazebo_simulation_interface;/home/capstone/autoware.ai/install/vehicle_engage_panel;/home/capstone/autoware.ai/install/vehicle_description;/home/capstone/autoware.ai/install/trafficlight_recognizer;/home/capstone/autoware.ai/install/op_utilities;/home/capstone/autoware.ai/install/op_simulation_package;/home/capstone/autoware.ai/install/op_local_planner;/home/capstone/autoware.ai/install/op_global_planner;/home/capstone/autoware.ai/install/lidar_kf_contour_track;/home/capstone/autoware.ai/install/op_ros_helpers;/home/capstone/autoware.ai/install/ff_waypoint_follower;/home/capstone/autoware.ai/install/dp_planner;/home/capstone/autoware.ai/install/op_simu;/home/capstone/autoware.ai/install/op_planner;/home/capstone/autoware.ai/install/op_utility;/home/capstone/autoware.ai/install/lidar_euclidean_cluster_detect;/home/capstone/autoware.ai/install/vector_map_server;/home/capstone/autoware.ai/install/road_occupancy_processor;/home/capstone/autoware.ai/install/costmap_generator;/home/capstone/autoware.ai/install/object_map;/home/capstone/autoware.ai/install/naive_motion_predict;/home/capstone/autoware.ai/install/lanelet_aisan_converter;/home/capstone/autoware.ai/install/map_file;/home/capstone/autoware.ai/install/libvectormap;/home/capstone/autoware.ai/install/lane_planner;/home/capstone/autoware.ai/install/imm_ukf_pda_track;/home/capstone/autoware.ai/install/decision_maker;/home/capstone/autoware.ai/install/vector_map;/home/capstone/autoware.ai/install/vector_map_msgs;/home/capstone/autoware.ai/install/vectacam;/home/capstone/autoware.ai/install/udon_socket;/home/capstone/autoware.ai/install/twist_generator;/home/capstone/autoware.ai/install/twist_gate;/home/capstone/autoware.ai/install/twist_filter;/home/capstone/autoware.ai/install/twist2odom;/home/capstone/autoware.ai/install/tablet_socket;/home/capstone/autoware.ai/install/runtime_manager;/home/capstone/autoware.ai/install/mqtt_socket;/home/capstone/autoware.ai/install/tablet_socket_msgs;/home/capstone/autoware.ai/install/state_machine_lib;/home/capstone/autoware.ai/install/sound_player;/home/capstone/autoware.ai/install/sick_lms5xx;/home/capstone/autoware.ai/install/sick_ldmrs_tools;/home/capstone/autoware.ai/install/sick_ldmrs_driver;/home/capstone/autoware.ai/install/sick_ldmrs_msgs;/home/capstone/autoware.ai/install/sick_ldmrs_description;/home/capstone/autoware.ai/install/points2image;/home/capstone/autoware.ai/install/rosinterface;/home/capstone/autoware.ai/install/rosbag_controller;/home/capstone/autoware.ai/install/pure_pursuit;/home/capstone/autoware.ai/install/points_preprocessor;/home/capstone/autoware.ai/install/mpc_follower;/home/capstone/autoware.ai/install/lidar_localizer;/home/capstone/autoware.ai/install/emergency_handler;/home/capstone/autoware.ai/install/autoware_health_checker;/home/capstone/autoware.ai/install/as;/home/capstone/autoware.ai/install/roi_object_filter;/home/capstone/autoware.ai/install/range_vision_fusion;/home/capstone/autoware.ai/install/pos_db;/home/capstone/autoware.ai/install/points_downsampler;/home/capstone/autoware.ai/install/pixel_cloud_fusion;/home/capstone/autoware.ai/install/pcl_omp_registration;/home/capstone/autoware.ai/install/pc2_downsampler;/home/capstone/autoware.ai/install/oculus_socket;/home/capstone/autoware.ai/install/obj_db;/home/capstone/autoware.ai/install/nmea_navsat;/home/capstone/autoware.ai/install/ndt_tku;/home/capstone/autoware.ai/install/ndt_gpu;/home/capstone/autoware.ai/install/ndt_cpu;/home/capstone/autoware.ai/install/multi_lidar_calibrator;/home/capstone/autoware.ai/install/mrt_cmake_modules;/home/capstone/autoware.ai/install/microstrain_driver;/home/capstone/autoware.ai/install/memsic_imu;/home/capstone/autoware.ai/install/marker_downsampler;/home/capstone/autoware.ai/install/map_tools;/home/capstone/autoware.ai/install/map_tf_generator;/home/capstone/autoware.ai/install/log_tools;/home/capstone/autoware.ai/install/lidar_shape_estimation;/home/capstone/autoware.ai/install/lidar_point_pillars;/home/capstone/autoware.ai/install/lidar_naive_l_shape_detect;/home/capstone/autoware.ai/install/lidar_fake_perception;/home/capstone/autoware.ai/install/lidar_apollo_cnn_seg_detect;/home/capstone/autoware.ai/install/libwaypoint_follower;/home/capstone/autoware.ai/install/lgsvl_simulator_bridge;/home/capstone/autoware.ai/install/lanelet2_extension;/home/capstone/autoware.ai/install/lanelet2_validation;/home/capstone/autoware.ai/install/lanelet2_examples;/home/capstone/autoware.ai/install/lanelet2_python;/home/capstone/autoware.ai/install/lanelet2_routing;/home/capstone/autoware.ai/install/lanelet2_traffic_rules;/home/capstone/autoware.ai/install/lanelet2_projection;/home/capstone/autoware.ai/install/lanelet2_maps;/home/capstone/autoware.ai/install/lanelet2_io;/home/capstone/autoware.ai/install/lanelet2_core;/home/capstone/autoware.ai/install/kvaser;/home/capstone/autoware.ai/install/kitti_launch;/home/capstone/autoware.ai/install/kitti_player;/home/capstone/autoware.ai/install/kitti_box_publisher;/home/capstone/autoware.ai/install/javad_navsat_driver;/home/capstone/autoware.ai/install/integrated_viewer;/home/capstone/autoware.ai/install/image_processor;/home/capstone/autoware.ai/install/hokuyo;/home/capstone/autoware.ai/install/graph_tools;/home/capstone/autoware.ai/install/gnss_localizer;/home/capstone/autoware.ai/install/gnss;/home/capstone/autoware.ai/install/glviewer;/home/capstone/autoware.ai/install/gazebo_world_description;/home/capstone/autoware.ai/install/gazebo_imu_description;/home/capstone/autoware.ai/install/gazebo_camera_description;/home/capstone/autoware.ai/install/garmin;/home/capstone/autoware.ai/install/freespace_planner;/home/capstone/autoware.ai/install/fastvirtualscan;/home/capstone/autoware.ai/install/ekf_localizer;/home/capstone/autoware.ai/install/ds4_msgs;/home/capstone/autoware.ai/install/ds4_driver;/home/capstone/autoware.ai/install/detected_objects_visualizer;/home/capstone/autoware.ai/install/decision_maker_panel;/home/capstone/autoware.ai/install/data_preprocessor;/home/capstone/autoware.ai/install/custom_msgs;/home/capstone/autoware.ai/install/carla_autoware_bridge;/home/capstone/autoware.ai/install/calibration_publisher;/home/capstone/autoware.ai/install/autoware_system_msgs;/home/capstone/autoware.ai/install/autoware_rviz_plugins;/home/capstone/autoware.ai/install/autoware_quickstart_examples;/home/capstone/autoware.ai/install/autoware_pointgrey_drivers;/home/capstone/autoware.ai/install/autoware_driveworks_interface;/home/capstone/autoware.ai/install/autoware_connector;/home/capstone/autoware.ai/install/autoware_camera_lidar_calibrator;/home/capstone/autoware.ai/install/astar_search;/home/capstone/autoware.ai/install/amathutils_lib;/home/capstone/autoware.ai/install/autoware_map_msgs;/home/capstone/autoware.ai/install/autoware_launcher_rviz;/home/capstone/autoware.ai/install/autoware_launcher;/home/capstone/autoware.ai/install/autoware_lanelet2_msgs;/home/capstone/autoware.ai/install/autoware_external_msgs;/home/capstone/autoware.ai/install/autoware_driveworks_gmsl_interface;/home/capstone/autoware.ai/install/autoware_config_msgs;/home/capstone/autoware.ai/install/autoware_can_msgs;/home/capstone/autoware.ai/install/autoware_bag_tools;/home/capstone/autoware.ai/install/adi_driver;/opt/carla-ros-bridge/melodic;/opt/ros/melodic
[0.552s] -- Found PythonInterp: /usr/bin/python2 (found suitable version "2.7.17", minimum required is "2") 
[0.553s] -- Using PYTHON_EXECUTABLE: /usr/bin/python2
[0.553s] -- Using Debian Python package layout
[0.554s] -- Using empy: /usr/bin/empy
[0.919s] -- Using CATKIN_ENABLE_TESTING: ON
[0.920s] -- Call enable_testing()
[0.923s] -- Using CATKIN_TEST_RESULTS_DIR: /home/capstone/autoware.ai/build/as/test_results
[1.057s] -- Found gtest sources under '/usr/src/googletest': gtests will be built
[1.057s] -- Found gmock sources under '/usr/src/googletest': gmock will be built
[1.134s] -- Found PythonInterp: /usr/bin/python2 (found version "2.7.17") 
[1.143s] -- Using Python nosetests: /usr/bin/nosetests-2.7
[1.315s] -- catkin 0.7.23
[1.315s] -- BUILD_SHARED_LIBS is on
[2.215s] -- Using these message generators: gencpp;geneus;genlisp;gennodejs;genpy
[3.398s] -- Configuring done
[3.668s] -- Generating done
[3.718s] -- Build files have been written to: /home/capstone/autoware.ai/build/as
[3.945s] [  0%] Built target roscpp_generate_messages_nodejs
[4.087s] [  0%] Built target jsk_footstep_msgs_generate_messages_lisp
[4.232s] [  0%] Built target geometry_msgs_generate_messages_eus
[4.384s] [  0%] Built target std_msgs_generate_messages_nodejs
[4.525s] [  0%] Built target jsk_recognition_msgs_generate_messages_cpp
[4.736s] [  0%] Built target geometry_msgs_generate_messages_py
[4.897s] [  0%] Built target jsk_footstep_msgs_generate_messages_py
[5.045s] [  0%] Built target geometry_msgs_generate_messages_nodejs
[5.193s] [  0%] Built target automotive_navigation_msgs_generate_messages_nodejs
[5.356s] [  0%] Built target geometry_msgs_generate_messages_cpp
[5.499s] [  0%] Built target automotive_navigation_msgs_generate_messages_eus
[5.750s] [  0%] Built target jsk_footstep_msgs_generate_messages_eus
[5.902s] [  0%] Built target std_msgs_generate_messages_py
[6.048s] [  0%] Built target jsk_recognition_msgs_generate_messages_eus
[6.197s] [  0%] Built target rosgraph_msgs_generate_messages_lisp
[6.350s] [  0%] Built target autoware_msgs_generate_messages_py
[6.498s] [  0%] Built target roscpp_generate_messages_lisp
[6.717s] [  0%] Built target actionlib_msgs_generate_messages_eus
[6.886s] [  0%] Built target automotive_platform_msgs_generate_messages_lisp
[7.056s] [  0%] Built target automotive_navigation_msgs_generate_messages_lisp
[7.201s] [  0%] Built target automotive_platform_msgs_generate_messages_py
[7.346s] [  0%] Built target autoware_msgs_generate_messages_eus
[7.503s] [  0%] Built target geometry_msgs_generate_messages_lisp
[7.717s] [  0%] Built target jsk_recognition_msgs_generate_messages_lisp
[7.863s] [  0%] Built target automotive_platform_msgs_generate_messages_eus
[8.008s] [  0%] Built target std_msgs_generate_messages_cpp
[8.150s] [  0%] Built target automotive_navigation_msgs_generate_messages_py
[8.303s] [  0%] Built target autoware_msgs_generate_messages_cpp
[8.446s] [  0%] Built target std_msgs_generate_messages_lisp
[8.676s] [  0%] Built target jsk_recognition_msgs_generate_messages_py
[8.850s] [  0%] Built target sensor_msgs_generate_messages_cpp
[8.999s] [  0%] Built target pcl_msgs_generate_messages_cpp
[9.148s] [  0%] Built target roscpp_generate_messages_cpp
[9.289s] [  0%] Built target sensor_msgs_generate_messages_eus
[9.430s] [  0%] Built target sensor_msgs_generate_messages_lisp
[9.597s] [  0%] Built target pcl_msgs_generate_messages_eus
[9.778s] [  0%] Built target automotive_platform_msgs_generate_messages_nodejs
[9.925s] [  0%] Built target pcl_msgs_generate_messages_nodejs
[10.081s] [  0%] Built target pcl_msgs_generate_messages_lisp
[10.236s] [  0%] Built target automotive_navigation_msgs_generate_messages_cpp
[10.414s] [  0%] Built target pcl_msgs_generate_messages_py
[10.570s] [  0%] Built target sensor_msgs_generate_messages_nodejs
[10.808s] [  0%] Built target jsk_footstep_msgs_generate_messages_nodejs
[10.949s] [  0%] Built target actionlib_msgs_generate_messages_cpp
[11.093s] [  0%] Built target std_msgs_generate_messages_eus
[11.241s] [  0%] Built target actionlib_msgs_generate_messages_lisp
[11.394s] [  0%] Built target actionlib_msgs_generate_messages_nodejs
[11.553s] [  0%] Built target actionlib_msgs_generate_messages_py
[11.767s] [  0%] Built target roscpp_generate_messages_eus
[11.908s] [  0%] Built target jsk_footstep_msgs_generate_messages_cpp
[12.049s] [  0%] Built target sensor_msgs_generate_messages_py
[12.188s] [  0%] Built target autoware_msgs_generate_messages_nodejs
[12.334s] [  0%] Built target automotive_platform_msgs_generate_messages_cpp
[12.494s] [  0%] Built target jsk_recognition_msgs_generate_messages_nodejs
[12.705s] [  0%] Built target roscpp_generate_messages_py
[12.891s] [  0%] Built target autoware_msgs_generate_messages_lisp
[13.065s] [  0%] Built target rosgraph_msgs_generate_messages_cpp
[13.217s] [  0%] Built target rosgraph_msgs_generate_messages_eus
[13.360s] [  0%] Built target rosgraph_msgs_generate_messages_nodejs
[13.508s] [  0%] Built target rosgraph_msgs_generate_messages_py
[13.753s] [100%] Built target ssc_interface
[15.193s] Built target tests
[16.466s] [  0%] Built target roscpp_generate_messages_nodejs
[16.663s] [  0%] Built target jsk_footstep_msgs_generate_messages_lisp
[16.826s] [  0%] Built target geometry_msgs_generate_messages_eus
[16.972s] [  0%] Built target std_msgs_generate_messages_nodejs
[17.131s] [  0%] Built target jsk_recognition_msgs_generate_messages_cpp
[17.273s] [  0%] Built target geometry_msgs_generate_messages_py
[17.415s] [  0%] Built target jsk_footstep_msgs_generate_messages_py
[17.577s] [  0%] Built target geometry_msgs_generate_messages_nodejs
[17.785s] [  0%] Built target automotive_navigation_msgs_generate_messages_nodejs
[17.931s] [  0%] Built target geometry_msgs_generate_messages_cpp
[18.074s] [  0%] Built target automotive_navigation_msgs_generate_messages_eus
[18.222s] [  0%] Built target jsk_footstep_msgs_generate_messages_eus
[18.372s] [  0%] Built target std_msgs_generate_messages_py
[18.514s] [  0%] Built target jsk_recognition_msgs_generate_messages_eus
[18.722s] [  0%] Built target rosgraph_msgs_generate_messages_lisp
[18.863s] [  0%] Built target autoware_msgs_generate_messages_py
[19.005s] [  0%] Built target roscpp_generate_messages_lisp
[19.153s] [  0%] Built target actionlib_msgs_generate_messages_eus
[19.296s] [  0%] Built target automotive_platform_msgs_generate_messages_lisp
[19.440s] [  0%] Built target automotive_navigation_msgs_generate_messages_lisp
[19.627s] [  0%] Built target automotive_platform_msgs_generate_messages_py
[19.796s] [  0%] Built target autoware_msgs_generate_messages_eus
[19.938s] [  0%] Built target geometry_msgs_generate_messages_lisp
[20.081s] [  0%] Built target jsk_recognition_msgs_generate_messages_lisp
[20.222s] [  0%] Built target automotive_platform_msgs_generate_messages_eus
[20.371s] [  0%] Built target std_msgs_generate_messages_cpp
[20.514s] [  0%] Built target automotive_navigation_msgs_generate_messages_py
[20.726s] [  0%] Built target autoware_msgs_generate_messages_cpp
[20.870s] [  0%] Built target std_msgs_generate_messages_lisp
[21.015s] [  0%] Built target jsk_recognition_msgs_generate_messages_py
[21.164s] [  0%] Built target sensor_msgs_generate_messages_cpp
[21.307s] [  0%] Built target pcl_msgs_generate_messages_cpp
[21.455s] [  0%] Built target roscpp_generate_messages_cpp
[21.641s] [  0%] Built target sensor_msgs_generate_messages_eus
[21.785s] [  0%] Built target sensor_msgs_generate_messages_lisp
[21.926s] [  0%] Built target pcl_msgs_generate_messages_eus
[22.074s] [  0%] Built target automotive_platform_msgs_generate_messages_nodejs
[22.220s] [  0%] Built target pcl_msgs_generate_messages_nodejs
[22.365s] [  0%] Built target pcl_msgs_generate_messages_lisp
[22.517s] [  0%] Built target automotive_navigation_msgs_generate_messages_cpp
[22.713s] [  0%] Built target pcl_msgs_generate_messages_py
[22.856s] [  0%] Built target sensor_msgs_generate_messages_nodejs
[23.002s] [  0%] Built target jsk_footstep_msgs_generate_messages_nodejs
[23.143s] [  0%] Built target actionlib_msgs_generate_messages_cpp
[23.288s] [  0%] Built target std_msgs_generate_messages_eus
[23.438s] [  0%] Built target actionlib_msgs_generate_messages_lisp
[23.630s] [  0%] Built target actionlib_msgs_generate_messages_nodejs
[23.805s] [  0%] Built target actionlib_msgs_generate_messages_py
[23.960s] [  0%] Built target roscpp_generate_messages_eus
[24.106s] [  0%] Built target jsk_footstep_msgs_generate_messages_cpp
[24.255s] [  0%] Built target sensor_msgs_generate_messages_py
[24.398s] [  0%] Built target autoware_msgs_generate_messages_nodejs
[24.541s] [  0%] Built target automotive_platform_msgs_generate_messages_cpp
[24.743s] [  0%] Built target jsk_recognition_msgs_generate_messages_nodejs
[24.893s] [  0%] Built target roscpp_generate_messages_py
[25.046s] [  0%] Built target autoware_msgs_generate_messages_lisp
[25.201s] [  0%] Built target rosgraph_msgs_generate_messages_cpp
[25.356s] [  0%] Built target rosgraph_msgs_generate_messages_eus
[25.524s] [  0%] Built target rosgraph_msgs_generate_messages_nodejs
[25.715s] [  0%] Built target rosgraph_msgs_generate_messages_py
[25.900s] [100%] Built target ssc_interface
[26.037s] [36mInstall the project...[0m
[26.093s] -- Install configuration: "Release"
[26.094s] -- Installing: /home/capstone/autoware.ai/install/as/lib/pkgconfig/as.pc
[26.095s] -- Installing: /home/capstone/autoware.ai/install/as/share/as/cmake/asConfig.cmake
[26.095s] -- Up-to-date: /home/capstone/autoware.ai/install/as/share/as/cmake/asConfig-version.cmake
[26.095s] -- Up-to-date: /home/capstone/autoware.ai/install/as/share/as/package.xml
[26.097s] -- Up-to-date: /home/capstone/autoware.ai/install/as/lib/as/ssc_interface
[26.098s] -- Up-to-date: /home/capstone/autoware.ai/install/as/share/as/launch
[26.098s] -- Up-to-date: /home/capstone/autoware.ai/install/as/share/as/launch/ssc_interface.launch
