Determining if the pthread_create exist failed with the following output:
Change Dir: /home/capstone/autoware.ai/build/kitti_box_publisher/CMakeFiles/CMakeTmp

Run Build Command:"/usr/bin/make" "cmTC_c58c7/fast"
/usr/bin/make -f CMakeFiles/cmTC_c58c7.dir/build.make CMakeFiles/cmTC_c58c7.dir/build
make[1]: Entering directory '/home/capstone/autoware.ai/build/kitti_box_publisher/CMakeFiles/CMakeTmp'
Building C object CMakeFiles/cmTC_c58c7.dir/CheckSymbolExists.c.o
/usr/bin/cc    -o CMakeFiles/cmTC_c58c7.dir/CheckSymbolExists.c.o   -c /home/capstone/autoware.ai/build/kitti_box_publisher/CMakeFiles/CMakeTmp/CheckSymbolExists.c
Linking C executable cmTC_c58c7
/usr/bin/cmake -E cmake_link_script CMakeFiles/cmTC_c58c7.dir/link.txt --verbose=1
/usr/bin/cc      -rdynamic CMakeFiles/cmTC_c58c7.dir/CheckSymbolExists.c.o  -o cmTC_c58c7 
CMakeFiles/cmTC_c58c7.dir/CheckSymbolExists.c.o: In function `main':
CheckSymbolExists.c:(.text+0x1b): undefined reference to `pthread_create'
collect2: error: ld returned 1 exit status
CMakeFiles/cmTC_c58c7.dir/build.make:97: recipe for target 'cmTC_c58c7' failed
make[1]: *** [cmTC_c58c7] Error 1
make[1]: Leaving directory '/home/capstone/autoware.ai/build/kitti_box_publisher/CMakeFiles/CMakeTmp'
Makefile:126: recipe for target 'cmTC_c58c7/fast' failed
make: *** [cmTC_c58c7/fast] Error 2

File /home/capstone/autoware.ai/build/kitti_box_publisher/CMakeFiles/CMakeTmp/CheckSymbolExists.c:
/* */
#include <pthread.h>

int main(int argc, char** argv)
{
  (void)argv;
#ifndef pthread_create
  return ((int*)(&pthread_create))[argc];
#else
  (void)argc;
  return 0;
#endif
}

Determining if the function pthread_create exists in the pthreads failed with the following output:
Change Dir: /home/capstone/autoware.ai/build/kitti_box_publisher/CMakeFiles/CMakeTmp

Run Build Command:"/usr/bin/make" "cmTC_68d84/fast"
/usr/bin/make -f CMakeFiles/cmTC_68d84.dir/build.make CMakeFiles/cmTC_68d84.dir/build
make[1]: Entering directory '/home/capstone/autoware.ai/build/kitti_box_publisher/CMakeFiles/CMakeTmp'
Building C object CMakeFiles/cmTC_68d84.dir/CheckFunctionExists.c.o
/usr/bin/cc   -DCHECK_FUNCTION_EXISTS=pthread_create   -o CMakeFiles/cmTC_68d84.dir/CheckFunctionExists.c.o   -c /usr/share/cmake-3.10/Modules/CheckFunctionExists.c
Linking C executable cmTC_68d84
/usr/bin/cmake -E cmake_link_script CMakeFiles/cmTC_68d84.dir/link.txt --verbose=1
/usr/bin/cc  -DCHECK_FUNCTION_EXISTS=pthread_create    -rdynamic CMakeFiles/cmTC_68d84.dir/CheckFunctionExists.c.o  -o cmTC_68d84 -lpthreads 
/usr/bin/ld: cannot find -lpthreads
collect2: error: ld returned 1 exit status
CMakeFiles/cmTC_68d84.dir/build.make:97: recipe for target 'cmTC_68d84' failed
make[1]: *** [cmTC_68d84] Error 1
make[1]: Leaving directory '/home/capstone/autoware.ai/build/kitti_box_publisher/CMakeFiles/CMakeTmp'
Makefile:126: recipe for target 'cmTC_68d84/fast' failed
make: *** [cmTC_68d84/fast] Error 2


