[0.536s] [  0%] Built target std_srvs_generate_messages_eus
[0.679s] [  0%] Built target topic_tools_generate_messages_nodejs
[0.819s] [  0%] Built target topic_tools_generate_messages_lisp
[0.967s] [  0%] Built target topic_tools_generate_messages_eus
[1.111s] [  0%] Built target rosgraph_msgs_generate_messages_nodejs
[1.255s] [  0%] Built target tf_generate_messages_eus
[1.460s] [  0%] Built target rosgraph_msgs_generate_messages_lisp
[1.606s] [  0%] Built target pcl_ros_gencfg
[1.749s] [  0%] Built target roscpp_generate_messages_eus
[1.890s] [  0%] Built target geometry_msgs_generate_messages_eus
[2.035s] [  0%] Built target std_msgs_generate_messages_cpp
[2.176s] [  0%] Built target actionlib_generate_messages_eus
[2.326s] [  0%] Built target rosgraph_msgs_generate_messages_cpp
[2.514s] [  0%] Built target rosgraph_msgs_generate_messages_eus
[2.647s] [  0%] Built target std_srvs_generate_messages_py
[2.787s] [  0%] Built target roscpp_generate_messages_nodejs
[2.938s] [  0%] Built target actionlib_msgs_generate_messages_nodejs
[3.086s] [  0%] Built target actionlib_msgs_generate_messages_lisp
[3.232s] [  0%] Built target tf_generate_messages_py
[3.425s] [  0%] Built target std_msgs_generate_messages_eus
[3.568s] [  0%] Built target geometry_msgs_generate_messages_lisp
[3.718s] [  0%] Built target std_msgs_generate_messages_nodejs
[3.859s] [  0%] Built target nodelet_generate_messages_lisp
[4.002s] [  0%] Built target actionlib_generate_messages_lisp
[4.149s] [  0%] Built target roscpp_generate_messages_lisp
[4.300s] [  0%] Built target topic_tools_generate_messages_py
[4.503s] [  0%] Built target roscpp_generate_messages_cpp
[4.653s] [  0%] Built target geometry_msgs_generate_messages_py
[4.797s] [  0%] Built target tf2_msgs_generate_messages_eus
[4.943s] [  0%] Built target sensor_msgs_generate_messages_py
[5.086s] [  0%] Built target sensor_msgs_generate_messages_nodejs
[5.230s] [  0%] Built target bond_generate_messages_eus
[5.402s] [  0%] Built target bond_generate_messages_lisp
[5.545s] [  0%] Built target std_msgs_generate_messages_lisp
[5.687s] [  0%] Built target actionlib_msgs_generate_messages_eus
[5.835s] [  0%] Built target dynamic_reconfigure_generate_messages_py
[5.980s] [  0%] Built target std_srvs_generate_messages_cpp
[6.124s] [  0%] Built target rosgraph_msgs_generate_messages_py
[6.266s] [  0%] Built target std_msgs_generate_messages_py
[6.494s] [  0%] Built target sensor_msgs_generate_messages_cpp
[6.639s] [  0%] Built target pcl_msgs_generate_messages_cpp
[6.783s] [  0%] Built target tf2_msgs_generate_messages_py
[6.928s] [  0%] Built target bond_generate_messages_cpp
[7.072s] [  0%] Built target dynamic_reconfigure_generate_messages_nodejs
[7.216s] [  0%] Built target sensor_msgs_generate_messages_eus
[7.388s] [  0%] Built target sensor_msgs_generate_messages_lisp
[7.544s] [  0%] Built target nodelet_topic_tools_gencfg
[7.686s] [  0%] Built target roscpp_generate_messages_py
[7.831s] [  0%] Built target geometry_msgs_generate_messages_cpp
[7.974s] [  0%] Built target pcl_msgs_generate_messages_eus
[8.116s] [  0%] Built target topic_tools_generate_messages_cpp
[8.257s] [  0%] Built target pcl_msgs_generate_messages_nodejs
[8.456s] [  0%] Built target pcl_msgs_generate_messages_lisp
[8.598s] [  0%] Built target pcl_msgs_generate_messages_py
[8.738s] [  0%] Built target dynamic_reconfigure_generate_messages_cpp
[8.881s] [  0%] Built target geometry_msgs_generate_messages_nodejs
[9.030s] [  0%] Built target dynamic_reconfigure_generate_messages_eus
[9.173s] [  0%] Built target dynamic_reconfigure_gencfg
[9.363s] [  0%] Built target nodelet_generate_messages_cpp
[9.519s] [  0%] Built target tf2_msgs_generate_messages_cpp
[9.664s] [  0%] Built target dynamic_reconfigure_generate_messages_lisp
[9.807s] [  0%] Built target std_srvs_generate_messages_lisp
[9.954s] [  0%] Built target nodelet_generate_messages_eus
[10.095s] [  0%] Built target nodelet_generate_messages_nodejs
[10.239s] [  0%] Built target bond_generate_messages_nodejs
[10.415s] [  0%] Built target std_srvs_generate_messages_nodejs
[10.564s] [  0%] Built target nodelet_generate_messages_py
[10.711s] [  0%] Built target bond_generate_messages_py
[10.851s] [  0%] Built target tf_generate_messages_cpp
[10.995s] [  0%] Built target tf_generate_messages_lisp
[11.141s] [  0%] Built target tf_generate_messages_nodejs
[11.287s] [  0%] Built target actionlib_generate_messages_cpp
[11.494s] [  0%] Built target actionlib_generate_messages_nodejs
[11.637s] [  0%] Built target actionlib_generate_messages_py
[11.782s] [  0%] Built target actionlib_msgs_generate_messages_cpp
[11.927s] [  0%] Built target actionlib_msgs_generate_messages_py
[12.070s] [  0%] Built target tf2_msgs_generate_messages_lisp
[12.212s] [  0%] Built target tf2_msgs_generate_messages_nodejs
[12.445s] [ 50%] Built target pixel_cloud_fusion_lib
[12.634s] [100%] Built target pixel_cloud_fusion
[14.076s] Built target tests
[15.564s] [  0%] Built target std_srvs_generate_messages_eus
[15.709s] [  0%] Built target topic_tools_generate_messages_nodejs
[15.856s] [  0%] Built target topic_tools_generate_messages_lisp
[16.003s] [  0%] Built target topic_tools_generate_messages_eus
[16.151s] [  0%] Built target rosgraph_msgs_generate_messages_nodejs
[16.294s] [  0%] Built target tf_generate_messages_eus
[16.500s] [  0%] Built target rosgraph_msgs_generate_messages_lisp
[16.657s] [  0%] Built target pcl_ros_gencfg
[16.805s] [  0%] Built target roscpp_generate_messages_eus
[16.952s] [  0%] Built target geometry_msgs_generate_messages_eus
[17.094s] [  0%] Built target std_msgs_generate_messages_cpp
[17.235s] [  0%] Built target actionlib_generate_messages_eus
[17.421s] [  0%] Built target rosgraph_msgs_generate_messages_cpp
[17.593s] [  0%] Built target rosgraph_msgs_generate_messages_eus
[17.742s] [  0%] Built target std_srvs_generate_messages_py
[17.885s] [  0%] Built target roscpp_generate_messages_nodejs
[18.029s] [  0%] Built target actionlib_msgs_generate_messages_nodejs
[18.170s] [  0%] Built target actionlib_msgs_generate_messages_lisp
[18.349s] [  0%] Built target tf_generate_messages_py
[18.530s] [  0%] Built target std_msgs_generate_messages_eus
[18.669s] [  0%] Built target geometry_msgs_generate_messages_lisp
[18.812s] [  0%] Built target std_msgs_generate_messages_nodejs
[18.956s] [  0%] Built target nodelet_generate_messages_lisp
[19.101s] [  0%] Built target actionlib_generate_messages_lisp
[19.246s] [  0%] Built target roscpp_generate_messages_lisp
[19.432s] [  0%] Built target topic_tools_generate_messages_py
[19.587s] [  0%] Built target roscpp_generate_messages_cpp
[19.734s] [  0%] Built target geometry_msgs_generate_messages_py
[19.880s] [  0%] Built target tf2_msgs_generate_messages_eus
[20.027s] [  0%] Built target sensor_msgs_generate_messages_py
[20.173s] [  0%] Built target sensor_msgs_generate_messages_nodejs
[20.328s] [  0%] Built target bond_generate_messages_eus
[20.550s] [  0%] Built target bond_generate_messages_lisp
[20.708s] [  0%] Built target std_msgs_generate_messages_lisp
[20.865s] [  0%] Built target actionlib_msgs_generate_messages_eus
[21.016s] [  0%] Built target dynamic_reconfigure_generate_messages_py
[21.185s] [  0%] Built target std_srvs_generate_messages_cpp
[21.403s] [  0%] Built target rosgraph_msgs_generate_messages_py
[21.576s] [  0%] Built target std_msgs_generate_messages_py
[21.737s] [  0%] Built target sensor_msgs_generate_messages_cpp
[21.902s] [  0%] Built target pcl_msgs_generate_messages_cpp
[22.045s] [  0%] Built target tf2_msgs_generate_messages_py
[22.190s] [  0%] Built target bond_generate_messages_cpp
[22.381s] [  0%] Built target dynamic_reconfigure_generate_messages_nodejs
[22.586s] [  0%] Built target sensor_msgs_generate_messages_eus
[22.728s] [  0%] Built target sensor_msgs_generate_messages_lisp
[22.876s] [  0%] Built target nodelet_topic_tools_gencfg
[23.018s] [  0%] Built target roscpp_generate_messages_py
[23.166s] [  0%] Built target geometry_msgs_generate_messages_cpp
[23.325s] [  0%] Built target pcl_msgs_generate_messages_eus
[23.506s] [  0%] Built target topic_tools_generate_messages_cpp
[23.658s] [  0%] Built target pcl_msgs_generate_messages_nodejs
[23.803s] [  0%] Built target pcl_msgs_generate_messages_lisp
[23.951s] [  0%] Built target pcl_msgs_generate_messages_py
[24.097s] [  0%] Built target dynamic_reconfigure_generate_messages_cpp
[24.245s] [  0%] Built target geometry_msgs_generate_messages_nodejs
[24.433s] [  0%] Built target dynamic_reconfigure_generate_messages_eus
[24.586s] [  0%] Built target dynamic_reconfigure_gencfg
[24.731s] [  0%] Built target nodelet_generate_messages_cpp
[24.880s] [  0%] Built target tf2_msgs_generate_messages_cpp
[25.031s] [  0%] Built target dynamic_reconfigure_generate_messages_lisp
[25.180s] [  0%] Built target std_srvs_generate_messages_lisp
[25.356s] [  0%] Built target nodelet_generate_messages_eus
[25.568s] [  0%] Built target nodelet_generate_messages_nodejs
[25.712s] [  0%] Built target bond_generate_messages_nodejs
[25.855s] [  0%] Built target std_srvs_generate_messages_nodejs
[25.997s] [  0%] Built target nodelet_generate_messages_py
[26.141s] [  0%] Built target bond_generate_messages_py
[26.298s] [  0%] Built target tf_generate_messages_cpp
[26.492s] [  0%] Built target tf_generate_messages_lisp
[26.638s] [  0%] Built target tf_generate_messages_nodejs
[26.783s] [  0%] Built target actionlib_generate_messages_cpp
[26.932s] [  0%] Built target actionlib_generate_messages_nodejs
[27.079s] [  0%] Built target actionlib_generate_messages_py
[27.231s] [  0%] Built target actionlib_msgs_generate_messages_cpp
[27.415s] [  0%] Built target actionlib_msgs_generate_messages_py
[27.566s] [  0%] Built target tf2_msgs_generate_messages_lisp
[27.712s] [  0%] Built target tf2_msgs_generate_messages_nodejs
[27.908s] [ 50%] Built target pixel_cloud_fusion_lib
[28.098s] [100%] Built target pixel_cloud_fusion
[28.238s] [36mInstall the project...[0m
[28.310s] -- Install configuration: "Release"
[28.310s] -- Up-to-date: /home/capstone/autoware.ai/install/pixel_cloud_fusion/lib/pkgconfig/pixel_cloud_fusion.pc
[28.310s] -- Up-to-date: /home/capstone/autoware.ai/install/pixel_cloud_fusion/share/pixel_cloud_fusion/cmake/pixel_cloud_fusionConfig.cmake
[28.310s] -- Up-to-date: /home/capstone/autoware.ai/install/pixel_cloud_fusion/share/pixel_cloud_fusion/cmake/pixel_cloud_fusionConfig-version.cmake
[28.311s] -- Up-to-date: /home/capstone/autoware.ai/install/pixel_cloud_fusion/share/pixel_cloud_fusion/package.xml
[28.311s] -- Up-to-date: /home/capstone/autoware.ai/install/pixel_cloud_fusion/lib/pixel_cloud_fusion/pixel_cloud_fusion
[28.312s] -- Up-to-date: /home/capstone/autoware.ai/install/pixel_cloud_fusion/lib/libpixel_cloud_fusion_lib.so
[28.312s] -- Up-to-date: /home/capstone/autoware.ai/install/pixel_cloud_fusion/include/pixel_cloud_fusion
[28.312s] -- Up-to-date: /home/capstone/autoware.ai/install/pixel_cloud_fusion/include/pixel_cloud_fusion/pixel_cloud_fusion.h
[28.313s] -- Up-to-date: /home/capstone/autoware.ai/install/pixel_cloud_fusion/share/pixel_cloud_fusion/launch
[28.313s] -- Up-to-date: /home/capstone/autoware.ai/install/pixel_cloud_fusion/share/pixel_cloud_fusion/launch/pixel_cloud_fusion.launch
