[0.694s] [ 33%] Built target obj_db
[0.833s] [ 33%] Built target std_msgs_generate_messages_eus
[0.980s] [ 33%] Built target autoware_can_msgs_generate_messages_cpp
[1.123s] [ 33%] Built target autoware_can_msgs_generate_messages_py
[1.274s] [ 33%] Built target rosgraph_msgs_generate_messages_cpp
[1.446s] [ 33%] Built target autoware_can_msgs_generate_messages_eus
[1.596s] [ 33%] Built target visualization_msgs_generate_messages_nodejs
[1.746s] [ 33%] Built target geometry_msgs_generate_messages_eus
[1.889s] [ 33%] Built target std_msgs_generate_messages_nodejs
[2.037s] [ 33%] Built target std_msgs_generate_messages_py
[2.185s] [ 33%] Built target roscpp_generate_messages_cpp
[2.351s] [ 33%] Built target roscpp_generate_messages_lisp
[2.528s] [ 33%] Built target rosgraph_msgs_generate_messages_py
[2.673s] [ 33%] Built target roscpp_generate_messages_py
[2.819s] [ 33%] Built target rosgraph_msgs_generate_messages_eus
[2.965s] [ 33%] Built target rosgraph_msgs_generate_messages_lisp
[3.122s] [ 33%] Built target rosgraph_msgs_generate_messages_nodejs
[3.266s] [ 33%] Built target visualization_msgs_generate_messages_cpp
[3.501s] [ 33%] Built target geometry_msgs_generate_messages_cpp
[3.648s] [ 33%] Built target visualization_msgs_generate_messages_eus
[3.790s] [ 33%] Built target geometry_msgs_generate_messages_nodejs
[3.948s] [ 55%] Built target obj_uploader
[4.104s] [ 77%] Built target obj_downloader
[4.255s] [ 77%] Built target autoware_can_msgs_generate_messages_lisp
[4.459s] [ 77%] Built target roscpp_generate_messages_eus
[4.603s] [ 77%] Built target autoware_can_msgs_generate_messages_nodejs
[4.749s] [ 77%] Built target std_msgs_generate_messages_lisp
[4.892s] [ 77%] Built target std_msgs_generate_messages_cpp
[5.040s] [ 77%] Built target roscpp_generate_messages_nodejs
[5.192s] [ 77%] Built target visualization_msgs_generate_messages_py
[5.384s] [ 77%] Built target geometry_msgs_generate_messages_lisp
[5.545s] [ 77%] Built target geometry_msgs_generate_messages_py
[5.689s] [ 77%] Built target visualization_msgs_generate_messages_lisp
[5.844s] [100%] Built target can_uploader
[7.005s] Built target tests
[8.092s] [ 33%] Built target obj_db
[8.233s] [ 33%] Built target std_msgs_generate_messages_eus
[8.423s] [ 33%] Built target autoware_can_msgs_generate_messages_cpp
[8.569s] [ 33%] Built target autoware_can_msgs_generate_messages_py
[8.712s] [ 33%] Built target rosgraph_msgs_generate_messages_cpp
[8.863s] [ 33%] Built target autoware_can_msgs_generate_messages_eus
[9.009s] [ 33%] Built target visualization_msgs_generate_messages_nodejs
[9.158s] [ 33%] Built target geometry_msgs_generate_messages_eus
[9.323s] [ 33%] Built target std_msgs_generate_messages_nodejs
[9.479s] [ 33%] Built target std_msgs_generate_messages_py
[9.622s] [ 33%] Built target roscpp_generate_messages_cpp
[9.769s] [ 33%] Built target roscpp_generate_messages_lisp
[9.911s] [ 33%] Built target rosgraph_msgs_generate_messages_py
[10.056s] [ 33%] Built target roscpp_generate_messages_py
[10.196s] [ 33%] Built target rosgraph_msgs_generate_messages_eus
[10.394s] [ 33%] Built target rosgraph_msgs_generate_messages_lisp
[10.537s] [ 33%] Built target rosgraph_msgs_generate_messages_nodejs
[10.680s] [ 33%] Built target visualization_msgs_generate_messages_cpp
[10.829s] [ 33%] Built target geometry_msgs_generate_messages_cpp
[10.973s] [ 33%] Built target visualization_msgs_generate_messages_eus
[11.119s] [ 33%] Built target geometry_msgs_generate_messages_nodejs
[11.289s] [ 55%] Built target obj_uploader
[11.472s] [ 77%] Built target obj_downloader
[11.613s] [ 77%] Built target autoware_can_msgs_generate_messages_lisp
[11.758s] [ 77%] Built target roscpp_generate_messages_eus
[11.913s] [ 77%] Built target autoware_can_msgs_generate_messages_nodejs
[12.057s] [ 77%] Built target std_msgs_generate_messages_lisp
[12.205s] [ 77%] Built target std_msgs_generate_messages_cpp
[12.394s] [ 77%] Built target roscpp_generate_messages_nodejs
[12.553s] [ 77%] Built target visualization_msgs_generate_messages_py
[12.697s] [ 77%] Built target geometry_msgs_generate_messages_lisp
[12.841s] [ 77%] Built target geometry_msgs_generate_messages_py
[12.986s] [ 77%] Built target visualization_msgs_generate_messages_lisp
[13.140s] [100%] Built target can_uploader
[13.272s] [36mInstall the project...[0m
[13.328s] -- Install configuration: "Release"
[13.328s] -- Up-to-date: /home/capstone/autoware.ai/install/obj_db/lib/pkgconfig/obj_db.pc
[13.328s] -- Up-to-date: /home/capstone/autoware.ai/install/obj_db/share/obj_db/cmake/obj_dbConfig.cmake
[13.329s] -- Up-to-date: /home/capstone/autoware.ai/install/obj_db/share/obj_db/cmake/obj_dbConfig-version.cmake
[13.329s] -- Up-to-date: /home/capstone/autoware.ai/install/obj_db/share/obj_db/package.xml
[13.329s] -- Up-to-date: /home/capstone/autoware.ai/install/obj_db/lib/obj_db/can_uploader
[13.329s] -- Up-to-date: /home/capstone/autoware.ai/install/obj_db/lib/obj_db/obj_uploader
[13.330s] -- Up-to-date: /home/capstone/autoware.ai/install/obj_db/lib/libobj_db.so
[13.331s] -- Up-to-date: /home/capstone/autoware.ai/install/obj_db/lib/obj_db/obj_downloader
[13.331s] -- Up-to-date: /home/capstone/autoware.ai/install/obj_db/include/obj_db/include
[13.332s] -- Up-to-date: /home/capstone/autoware.ai/install/obj_db/include/obj_db/include/obj_db.h
