[1.799s] -- The C compiler identification is GNU 7.5.0
[2.158s] -- The CXX compiler identification is GNU 7.5.0
[2.189s] -- Check for working C compiler: /usr/bin/cc
[2.784s] -- Check for working C compiler: /usr/bin/cc -- works
[2.785s] -- Detecting C compiler ABI info
[3.411s] -- Detecting C compiler ABI info - done
[3.433s] -- Detecting C compile features
[5.243s] -- Detecting C compile features - done
[5.251s] -- Check for working CXX compiler: /usr/bin/c++
[5.883s] -- Check for working CXX compiler: /usr/bin/c++ -- works
[5.885s] -- Detecting CXX compiler ABI info
[6.640s] -- Detecting CXX compiler ABI info - done
[6.662s] -- Detecting CXX compile features
[9.180s] -- Detecting CXX compile features - done
[9.214s] -- CUDA compilation status: 1.
[9.259s] -- Using CATKIN_DEVEL_PREFIX: /home/capstone/autoware.ai/build/op_global_planner/devel
[9.262s] -- Using CMAKE_PREFIX_PATH: /home/capstone/autoware.ai/install/op_ros_helpers;/home/capstone/autoware.ai/install/map_file;/home/capstone/autoware.ai/install/op_simu;/home/capstone/autoware.ai/install/lanelet2_extension;/home/capstone/autoware.ai/install/op_planner;/home/capstone/autoware.ai/install/lanelet2_validation;/home/capstone/autoware.ai/install/op_utility;/home/capstone/autoware.ai/install/lanelet2_routing;/home/capstone/autoware.ai/install/lanelet2_projection;/home/capstone/autoware.ai/install/vector_map_server;/home/capstone/autoware.ai/install/libwaypoint_follower;/home/capstone/autoware.ai/install/lanelet2_traffic_rules;/home/capstone/autoware.ai/install/lanelet2_maps;/home/capstone/autoware.ai/install/lanelet2_io;/home/capstone/autoware.ai/install/vector_map;/home/capstone/autoware.ai/install/lanelet2_core;/home/capstone/autoware.ai/install/amathutils_lib;/home/capstone/autoware.ai/install/vector_map_msgs;/home/capstone/autoware.ai/install/autoware_msgs;/home/capstone/autoware.ai/install/autoware_lanelet2_msgs;/home/capstone/autoware.ai/install/autoware_can_msgs;/home/capstone/autoware.ai/install/autoware_build_flags;/home/capstone/autoware.ai/install/wf_simulator;/home/capstone/autoware.ai/install/vision_ssd_detect;/home/capstone/autoware.ai/install/vision_segment_enet_detect;/home/capstone/autoware.ai/install/vision_lane_detect;/home/capstone/autoware.ai/install/vision_darknet_detect;/home/capstone/autoware.ai/install/vision_beyond_track;/home/capstone/autoware.ai/install/vel_pose_diff_checker;/home/capstone/autoware.ai/install/vehicle_socket;/home/capstone/autoware.ai/install/vehicle_sim_model;/home/capstone/autoware.ai/install/vehicle_model;/home/capstone/autoware.ai/install/vehicle_gazebo_simulation_launcher;/home/capstone/autoware.ai/install/vehicle_gazebo_simulation_interface;/home/capstone/autoware.ai/install/vehicle_engage_panel;/home/capstone/autoware.ai/install/vehicle_description;/home/capstone/autoware.ai/install/object_map;/home/capstone/autoware.ai/install/lanelet_aisan_converter;/home/capstone/autoware.ai/install/libvectormap;/home/capstone/autoware.ai/install/twist_generator;/home/capstone/autoware.ai/install/twist2odom;/home/capstone/autoware.ai/install/runtime_manager;/home/capstone/autoware.ai/install/tablet_socket_msgs;/home/capstone/autoware.ai/install/sound_player;/home/capstone/autoware.ai/install/points2image;/home/capstone/autoware.ai/install/rosinterface;/home/capstone/autoware.ai/install/rosbag_controller;/home/capstone/autoware.ai/install/points_preprocessor;/home/capstone/autoware.ai/install/lidar_localizer;/home/capstone/autoware.ai/install/emergency_handler;/home/capstone/autoware.ai/install/autoware_health_checker;/home/capstone/autoware.ai/install/ros_observer;/home/capstone/autoware.ai/install/range_vision_fusion;/home/capstone/autoware.ai/install/pos_db;/home/capstone/autoware.ai/install/points_downsampler;/home/capstone/autoware.ai/install/pixel_cloud_fusion;/home/capstone/autoware.ai/install/pcl_omp_registration;/home/capstone/autoware.ai/install/pc2_downsampler;/home/capstone/autoware.ai/install/obj_db;/home/capstone/autoware.ai/install/nmea_navsat;/home/capstone/autoware.ai/install/ndt_tku;/home/capstone/autoware.ai/install/ndt_gpu;/home/capstone/autoware.ai/install/ndt_cpu;/home/capstone/autoware.ai/install/multi_lidar_calibrator;/home/capstone/autoware.ai/install/mrt_cmake_modules;/home/capstone/autoware.ai/install/marker_downsampler;/home/capstone/autoware.ai/install/map_tools;/home/capstone/autoware.ai/install/map_tf_generator;/home/capstone/autoware.ai/install/log_tools;/home/capstone/autoware.ai/install/lgsvl_simulator_bridge;/home/capstone/autoware.ai/install/lanelet2_examples;/home/capstone/autoware.ai/install/lanelet2_python;/home/capstone/autoware.ai/install/integrated_viewer;/home/capstone/autoware.ai/install/image_processor;/home/capstone/autoware.ai/install/graph_tools;/home/capstone/autoware.ai/install/gnss_localizer;/home/capstone/autoware.ai/install/gnss;/home/capstone/autoware.ai/install/glviewer;/home/capstone/autoware.ai/install/gazebo_world_description;/home/capstone/autoware.ai/install/gazebo_imu_description;/home/capstone/autoware.ai/install/gazebo_camera_description;/home/capstone/autoware.ai/install/fastvirtualscan;/home/capstone/autoware.ai/install/ekf_localizer;/home/capstone/autoware.ai/install/detected_objects_visualizer;/home/capstone/autoware.ai/install/decision_maker_panel;/home/capstone/autoware.ai/install/data_preprocessor;/home/capstone/autoware.ai/install/carla_autoware_bridge;/home/capstone/autoware.ai/install/calibration_publisher;/home/capstone/autoware.ai/install/autoware_system_msgs;/home/capstone/autoware.ai/install/autoware_rviz_plugins;/home/capstone/autoware.ai/install/autoware_quickstart_examples;/home/capstone/autoware.ai/install/autoware_pointgrey_drivers;/home/capstone/autoware.ai/install/autoware_driveworks_interface;/home/capstone/autoware.ai/install/autoware_connector;/home/capstone/autoware.ai/install/autoware_camera_lidar_calibrator;/home/capstone/autoware.ai/install/autoware_map_msgs;/home/capstone/autoware.ai/install/autoware_launcher_rviz;/home/capstone/autoware.ai/install/autoware_launcher;/home/capstone/autoware.ai/install/autoware_external_msgs;/home/capstone/autoware.ai/install/autoware_driveworks_gmsl_interface;/home/capstone/autoware.ai/install/autoware_config_msgs;/home/capstone/autoware.ai/install/autoware_bag_tools;/opt/carla-ros-bridge/melodic;/opt/ros/melodic
[9.272s] -- This workspace overlays: /home/capstone/autoware.ai/install/op_ros_helpers;/home/capstone/autoware.ai/install/map_file;/home/capstone/autoware.ai/install/op_simu;/home/capstone/autoware.ai/install/lanelet2_extension;/home/capstone/autoware.ai/install/op_planner;/home/capstone/autoware.ai/install/lanelet2_validation;/home/capstone/autoware.ai/install/op_utility;/home/capstone/autoware.ai/install/lanelet2_routing;/home/capstone/autoware.ai/install/lanelet2_projection;/home/capstone/autoware.ai/install/vector_map_server;/home/capstone/autoware.ai/install/libwaypoint_follower;/home/capstone/autoware.ai/install/lanelet2_traffic_rules;/home/capstone/autoware.ai/install/lanelet2_maps;/home/capstone/autoware.ai/install/lanelet2_io;/home/capstone/autoware.ai/install/vector_map;/home/capstone/autoware.ai/install/lanelet2_core;/home/capstone/autoware.ai/install/amathutils_lib;/home/capstone/autoware.ai/install/vector_map_msgs;/home/capstone/autoware.ai/install/autoware_msgs;/home/capstone/autoware.ai/install/autoware_lanelet2_msgs;/home/capstone/autoware.ai/install/autoware_can_msgs;/home/capstone/autoware.ai/install/autoware_build_flags;/home/capstone/autoware.ai/install/wf_simulator;/home/capstone/autoware.ai/install/vision_ssd_detect;/home/capstone/autoware.ai/install/vision_segment_enet_detect;/home/capstone/autoware.ai/install/vision_lane_detect;/home/capstone/autoware.ai/install/vision_darknet_detect;/home/capstone/autoware.ai/install/vision_beyond_track;/home/capstone/autoware.ai/install/vel_pose_diff_checker;/home/capstone/autoware.ai/install/vehicle_socket;/home/capstone/autoware.ai/install/vehicle_sim_model;/home/capstone/autoware.ai/install/vehicle_model;/home/capstone/autoware.ai/install/vehicle_gazebo_simulation_launcher;/home/capstone/autoware.ai/install/vehicle_gazebo_simulation_interface;/home/capstone/autoware.ai/install/vehicle_engage_panel;/home/capstone/autoware.ai/install/vehicle_description;/home/capstone/autoware.ai/install/libvectormap;/home/capstone/autoware.ai/install/twist_generator;/home/capstone/autoware.ai/install/twist2odom;/home/capstone/autoware.ai/install/runtime_manager;/home/capstone/autoware.ai/install/tablet_socket_msgs;/home/capstone/autoware.ai/install/sound_player;/home/capstone/autoware.ai/install/points2image;/home/capstone/autoware.ai/install/rosinterface;/home/capstone/autoware.ai/install/rosbag_controller;/home/capstone/autoware.ai/install/points_preprocessor;/home/capstone/autoware.ai/install/lidar_localizer;/home/capstone/autoware.ai/install/emergency_handler;/home/capstone/autoware.ai/install/autoware_health_checker;/home/capstone/autoware.ai/install/ros_observer;/home/capstone/autoware.ai/install/range_vision_fusion;/home/capstone/autoware.ai/install/pos_db;/home/capstone/autoware.ai/install/points_downsampler;/home/capstone/autoware.ai/install/pixel_cloud_fusion;/home/capstone/autoware.ai/install/pcl_omp_registration;/home/capstone/autoware.ai/install/pc2_downsampler;/home/capstone/autoware.ai/install/obj_db;/home/capstone/autoware.ai/install/nmea_navsat;/home/capstone/autoware.ai/install/ndt_tku;/home/capstone/autoware.ai/install/ndt_gpu;/home/capstone/autoware.ai/install/ndt_cpu;/home/capstone/autoware.ai/install/multi_lidar_calibrator;/home/capstone/autoware.ai/install/mrt_cmake_modules;/home/capstone/autoware.ai/install/marker_downsampler;/home/capstone/autoware.ai/install/map_tools;/home/capstone/autoware.ai/install/map_tf_generator;/home/capstone/autoware.ai/install/log_tools;/home/capstone/autoware.ai/install/lgsvl_simulator_bridge;/home/capstone/autoware.ai/install/lanelet2_examples;/home/capstone/autoware.ai/install/lanelet2_python;/home/capstone/autoware.ai/install/integrated_viewer;/home/capstone/autoware.ai/install/image_processor;/home/capstone/autoware.ai/install/graph_tools;/home/capstone/autoware.ai/install/gnss_localizer;/home/capstone/autoware.ai/install/gnss;/home/capstone/autoware.ai/install/glviewer;/home/capstone/autoware.ai/install/gazebo_world_description;/home/capstone/autoware.ai/install/gazebo_imu_description;/home/capstone/autoware.ai/install/gazebo_camera_description;/home/capstone/autoware.ai/install/fastvirtualscan;/home/capstone/autoware.ai/install/ekf_localizer;/home/capstone/autoware.ai/install/detected_objects_visualizer;/home/capstone/autoware.ai/install/decision_maker_panel;/home/capstone/autoware.ai/install/data_preprocessor;/home/capstone/autoware.ai/install/carla_autoware_bridge;/home/capstone/autoware.ai/install/calibration_publisher;/home/capstone/autoware.ai/install/autoware_system_msgs;/home/capstone/autoware.ai/install/autoware_rviz_plugins;/home/capstone/autoware.ai/install/autoware_quickstart_examples;/home/capstone/autoware.ai/install/autoware_pointgrey_drivers;/home/capstone/autoware.ai/install/autoware_driveworks_interface;/home/capstone/autoware.ai/install/autoware_connector;/home/capstone/autoware.ai/install/autoware_camera_lidar_calibrator;/home/capstone/autoware.ai/install/autoware_map_msgs;/home/capstone/autoware.ai/install/autoware_launcher_rviz;/home/capstone/autoware.ai/install/autoware_launcher;/home/capstone/autoware.ai/install/autoware_external_msgs;/home/capstone/autoware.ai/install/autoware_driveworks_gmsl_interface;/home/capstone/autoware.ai/install/autoware_config_msgs;/home/capstone/autoware.ai/install/autoware_bag_tools;/opt/carla-ros-bridge/melodic;/opt/ros/melodic
[9.416s] -- Found PythonInterp: /usr/bin/python2 (found suitable version "2.7.17", minimum required is "2") 
[9.416s] -- Using PYTHON_EXECUTABLE: /usr/bin/python2
[9.417s] -- Using Debian Python package layout
[9.421s] -- Using empy: /usr/bin/empy
[9.870s] -- Using CATKIN_ENABLE_TESTING: ON
[9.870s] -- Call enable_testing()
[9.890s] -- Using CATKIN_TEST_RESULTS_DIR: /home/capstone/autoware.ai/build/op_global_planner/test_results
[10.051s] -- Found gtest sources under '/usr/src/googletest': gtests will be built
[10.051s] -- Found gmock sources under '/usr/src/googletest': gmock will be built
[10.187s] -- Found PythonInterp: /usr/bin/python2 (found version "2.7.17") 
[10.191s] -- Looking for pthread.h
[10.805s] -- Looking for pthread.h - found
[10.806s] -- Looking for pthread_create
[11.442s] -- Looking for pthread_create - not found
[11.442s] -- Looking for pthread_create in pthreads
[11.944s] -- Looking for pthread_create in pthreads - not found
[11.945s] -- Looking for pthread_create in pthread
[12.567s] -- Looking for pthread_create in pthread - found
[12.570s] -- Found Threads: TRUE  
[12.582s] -- Using Python nosetests: /usr/bin/nosetests-2.7
[12.830s] -- catkin 0.7.23
[12.830s] -- BUILD_SHARED_LIBS is on
[14.851s] -- Using these message generators: gencpp;geneus;genlisp;gennodejs;genpy
[20.625s] -- Configuring done
[21.007s] -- Generating done
[21.111s] -- Build files have been written to: /home/capstone/autoware.ai/build/op_global_planner
[21.754s] [35m[1mScanning dependencies of target roscpp_generate_messages_nodejs[0m
[21.901s] [  0%] Built target roscpp_generate_messages_nodejs
[22.061s] [35m[1mScanning dependencies of target std_srvs_generate_messages_nodejs[0m
[22.251s] [  0%] Built target std_srvs_generate_messages_nodejs
[22.412s] [35m[1mScanning dependencies of target nodelet_generate_messages_py[0m
[22.531s] [  0%] Built target nodelet_generate_messages_py
[22.682s] [35m[1mScanning dependencies of target nodelet_generate_messages_nodejs[0m
[22.819s] [  0%] Built target nodelet_generate_messages_nodejs
[22.933s] [35m[1mScanning dependencies of target nodelet_generate_messages_eus[0m
[23.104s] [  0%] Built target nodelet_generate_messages_eus
[23.239s] [35m[1mScanning dependencies of target nodelet_generate_messages_cpp[0m
[23.357s] [  0%] Built target nodelet_generate_messages_cpp
[23.465s] [35m[1mScanning dependencies of target dynamic_reconfigure_gencfg[0m
[23.579s] [  0%] Built target dynamic_reconfigure_gencfg
[23.706s] [35m[1mScanning dependencies of target dynamic_reconfigure_generate_messages_cpp[0m
[23.803s] [  0%] Built target dynamic_reconfigure_generate_messages_cpp
[23.952s] [35m[1mScanning dependencies of target visualization_msgs_generate_messages_eus[0m
[24.068s] [  0%] Built target visualization_msgs_generate_messages_eus
[24.203s] [35m[1mScanning dependencies of target topic_tools_generate_messages_nodejs[0m
[24.346s] [  0%] Built target topic_tools_generate_messages_nodejs
[24.506s] [35m[1mScanning dependencies of target vector_map_server_generate_messages_py[0m
[24.631s] [  0%] Built target vector_map_server_generate_messages_py
[24.746s] [35m[1mScanning dependencies of target vector_map_server_generate_messages_eus[0m
[24.896s] [  0%] Built target vector_map_server_generate_messages_eus
[25.046s] [35m[1mScanning dependencies of target vector_map_server_generate_messages_cpp[0m
[25.182s] [  0%] Built target vector_map_server_generate_messages_cpp
[25.309s] [35m[1mScanning dependencies of target vector_map_msgs_generate_messages_py[0m
[25.442s] [  0%] Built target vector_map_msgs_generate_messages_py
[25.599s] [35m[1mScanning dependencies of target vector_map_msgs_generate_messages_eus[0m
[25.714s] [  0%] Built target vector_map_msgs_generate_messages_eus
[25.851s] [35m[1mScanning dependencies of target vector_map_msgs_generate_messages_cpp[0m
[25.979s] [  0%] Built target vector_map_msgs_generate_messages_cpp
[26.110s] [35m[1mScanning dependencies of target bond_generate_messages_cpp[0m
[26.243s] [  0%] Built target bond_generate_messages_cpp
[26.384s] [35m[1mScanning dependencies of target dynamic_reconfigure_generate_messages_nodejs[0m
[26.523s] [  0%] Built target dynamic_reconfigure_generate_messages_nodejs
[26.692s] [35m[1mScanning dependencies of target tf2_msgs_generate_messages_py[0m
[26.837s] [  0%] Built target tf2_msgs_generate_messages_py
[26.984s] [35m[1mScanning dependencies of target tf2_msgs_generate_messages_nodejs[0m
[27.105s] [  0%] Built target tf2_msgs_generate_messages_nodejs
[27.251s] [35m[1mScanning dependencies of target tf2_msgs_generate_messages_lisp[0m
[27.405s] [  0%] Built target tf2_msgs_generate_messages_lisp
[27.581s] [35m[1mScanning dependencies of target dynamic_reconfigure_generate_messages_lisp[0m
[27.752s] [  0%] Built target dynamic_reconfigure_generate_messages_lisp
[27.905s] [35m[1mScanning dependencies of target tf2_msgs_generate_messages_cpp[0m
[28.099s] [  0%] Built target tf2_msgs_generate_messages_cpp
[28.251s] [35m[1mScanning dependencies of target actionlib_generate_messages_py[0m
[28.405s] [  0%] Built target actionlib_generate_messages_py
[28.549s] [35m[1mScanning dependencies of target actionlib_generate_messages_nodejs[0m
[28.680s] [  0%] Built target actionlib_generate_messages_nodejs
[28.810s] [35m[1mScanning dependencies of target actionlib_generate_messages_cpp[0m
[28.947s] [  0%] Built target actionlib_generate_messages_cpp
[29.115s] [35m[1mScanning dependencies of target rosgraph_msgs_generate_messages_py[0m
[29.227s] [  0%] Built target rosgraph_msgs_generate_messages_py
[29.334s] [35m[1mScanning dependencies of target rosgraph_msgs_generate_messages_nodejs[0m
[29.467s] [  0%] Built target rosgraph_msgs_generate_messages_nodejs
[29.583s] [35m[1mScanning dependencies of target std_srvs_generate_messages_py[0m
[29.691s] [  0%] Built target std_srvs_generate_messages_py
[29.820s] [35m[1mScanning dependencies of target rosgraph_msgs_generate_messages_eus[0m
[29.953s] [  0%] Built target rosgraph_msgs_generate_messages_eus
[30.057s] [35m[1mScanning dependencies of target actionlib_generate_messages_eus[0m
[30.168s] [  0%] Built target actionlib_generate_messages_eus
[30.304s] [35m[1mScanning dependencies of target rosgraph_msgs_generate_messages_cpp[0m
[30.416s] [  0%] Built target rosgraph_msgs_generate_messages_cpp
[30.546s] [35m[1mScanning dependencies of target topic_tools_generate_messages_py[0m
[30.653s] [  0%] Built target topic_tools_generate_messages_py
[30.809s] [35m[1mScanning dependencies of target roscpp_generate_messages_cpp[0m
[30.963s] [  0%] Built target roscpp_generate_messages_cpp
[31.088s] [35m[1mScanning dependencies of target jsk_recognition_msgs_generate_messages_lisp[0m
[31.221s] [  0%] Built target jsk_recognition_msgs_generate_messages_lisp
[31.383s] [35m[1mScanning dependencies of target tf_generate_messages_cpp[0m
[31.508s] [  0%] Built target tf_generate_messages_cpp
[31.663s] [35m[1mScanning dependencies of target jsk_recognition_msgs_generate_messages_eus[0m
[31.795s] [  0%] Built target jsk_recognition_msgs_generate_messages_eus
[31.922s] [35m[1mScanning dependencies of target std_msgs_generate_messages_py[0m
[32.052s] [  0%] Built target std_msgs_generate_messages_py
[32.184s] [35m[1mScanning dependencies of target jsk_recognition_msgs_generate_messages_cpp[0m
[32.332s] [  0%] Built target jsk_recognition_msgs_generate_messages_cpp
[32.442s] [35m[1mScanning dependencies of target geometry_msgs_generate_messages_lisp[0m
[32.542s] [  0%] Built target geometry_msgs_generate_messages_lisp
[32.708s] [35m[1mScanning dependencies of target autoware_msgs_generate_messages_eus[0m
[32.844s] [  0%] Built target autoware_msgs_generate_messages_eus
[32.966s] [35m[1mScanning dependencies of target nodelet_topic_tools_gencfg[0m
[33.079s] [  0%] Built target nodelet_topic_tools_gencfg
[33.223s] [35m[1mScanning dependencies of target visualization_msgs_generate_messages_cpp[0m
[33.366s] [  0%] Built target visualization_msgs_generate_messages_cpp
[33.503s] [35m[1mScanning dependencies of target vector_map_server_generate_messages_lisp[0m
[33.636s] [  0%] Built target vector_map_server_generate_messages_lisp
[33.782s] [35m[1mScanning dependencies of target sensor_msgs_generate_messages_eus[0m
[33.952s] [  0%] Built target sensor_msgs_generate_messages_eus
[34.104s] [35m[1mScanning dependencies of target sensor_msgs_generate_messages_lisp[0m
[34.244s] [  0%] Built target sensor_msgs_generate_messages_lisp
[34.388s] [35m[1mScanning dependencies of target jsk_footstep_msgs_generate_messages_py[0m
[34.551s] [  0%] Built target jsk_footstep_msgs_generate_messages_py
[34.669s] [35m[1mScanning dependencies of target geometry_msgs_generate_messages_py[0m
[34.842s] [  0%] Built target geometry_msgs_generate_messages_py
[34.970s] [35m[1mScanning dependencies of target vector_map_server_generate_messages_nodejs[0m
[35.101s] [  0%] Built target vector_map_server_generate_messages_nodejs
[35.240s] [35m[1mScanning dependencies of target tf2_msgs_generate_messages_eus[0m
[35.361s] [  0%] Built target tf2_msgs_generate_messages_eus
[35.485s] [35m[1mScanning dependencies of target sensor_msgs_generate_messages_py[0m
[35.633s] [  0%] Built target sensor_msgs_generate_messages_py
[35.781s] [35m[1mScanning dependencies of target topic_tools_generate_messages_eus[0m
[35.909s] [  0%] Built target topic_tools_generate_messages_eus
[36.034s] [35m[1mScanning dependencies of target jsk_footstep_msgs_generate_messages_lisp[0m
[36.182s] [  0%] Built target jsk_footstep_msgs_generate_messages_lisp
[36.311s] [35m[1mScanning dependencies of target geometry_msgs_generate_messages_eus[0m
[36.443s] [  0%] Built target geometry_msgs_generate_messages_eus
[36.555s] [35m[1mScanning dependencies of target nodelet_generate_messages_lisp[0m
[36.689s] [  0%] Built target nodelet_generate_messages_lisp
[36.829s] [35m[1mScanning dependencies of target std_msgs_generate_messages_nodejs[0m
[36.974s] [  0%] Built target std_msgs_generate_messages_nodejs
[37.118s] [35m[1mScanning dependencies of target geometry_msgs_generate_messages_cpp[0m
[37.250s] [  0%] Built target geometry_msgs_generate_messages_cpp
[37.396s] [35m[1mScanning dependencies of target sensor_msgs_generate_messages_cpp[0m
[37.532s] [  0%] Built target sensor_msgs_generate_messages_cpp
[37.684s] [35m[1mScanning dependencies of target pcl_msgs_generate_messages_cpp[0m
[37.829s] [  0%] Built target pcl_msgs_generate_messages_cpp
[37.970s] [35m[1mScanning dependencies of target roscpp_generate_messages_py[0m
[38.124s] [  0%] Built target roscpp_generate_messages_py
[38.220s] [35m[1mScanning dependencies of target jsk_recognition_msgs_generate_messages_nodejs[0m
[38.356s] [  0%] Built target jsk_recognition_msgs_generate_messages_nodejs
[38.498s] [35m[1mScanning dependencies of target autoware_can_msgs_generate_messages_eus[0m
[38.632s] [  0%] Built target autoware_can_msgs_generate_messages_eus
[38.793s] [35m[1mScanning dependencies of target actionlib_generate_messages_lisp[0m
[38.963s] [  0%] Built target actionlib_generate_messages_lisp
[39.094s] [35m[1mScanning dependencies of target roscpp_generate_messages_lisp[0m
[39.218s] [  0%] Built target roscpp_generate_messages_lisp
[39.330s] [35m[1mScanning dependencies of target dynamic_reconfigure_generate_messages_eus[0m
[39.454s] [  0%] Built target dynamic_reconfigure_generate_messages_eus
[39.591s] [35m[1mScanning dependencies of target geometry_msgs_generate_messages_nodejs[0m
[39.728s] [  0%] Built target geometry_msgs_generate_messages_nodejs
[39.846s] [35m[1mScanning dependencies of target autoware_can_msgs_generate_messages_py[0m
[39.999s] [  0%] Built target autoware_can_msgs_generate_messages_py
[40.135s] [35m[1mScanning dependencies of target autoware_can_msgs_generate_messages_cpp[0m
[40.288s] [  0%] Built target autoware_can_msgs_generate_messages_cpp
[40.417s] [35m[1mScanning dependencies of target dynamic_reconfigure_generate_messages_py[0m
[40.554s] [  0%] Built target dynamic_reconfigure_generate_messages_py
[40.663s] [35m[1mScanning dependencies of target actionlib_msgs_generate_messages_eus[0m
[40.776s] [  0%] Built target actionlib_msgs_generate_messages_eus
[40.939s] [35m[1mScanning dependencies of target vector_map_msgs_generate_messages_nodejs[0m
[41.055s] [  0%] Built target vector_map_msgs_generate_messages_nodejs
[41.200s] [35m[1mScanning dependencies of target autoware_can_msgs_generate_messages_lisp[0m
[41.369s] [  0%] Built target autoware_can_msgs_generate_messages_lisp
[41.489s] [35m[1mScanning dependencies of target autoware_can_msgs_generate_messages_nodejs[0m
[41.641s] [  0%] Built target autoware_can_msgs_generate_messages_nodejs
[41.755s] [35m[1mScanning dependencies of target std_srvs_generate_messages_cpp[0m
[41.895s] [  0%] Built target std_srvs_generate_messages_cpp
[42.021s] [35m[1mScanning dependencies of target std_msgs_generate_messages_cpp[0m
[42.163s] [  0%] Built target std_msgs_generate_messages_cpp
[42.272s] [35m[1mScanning dependencies of target rosgraph_msgs_generate_messages_lisp[0m
[42.412s] [  0%] Built target rosgraph_msgs_generate_messages_lisp
[42.562s] [35m[1mScanning dependencies of target autoware_msgs_generate_messages_py[0m
[42.725s] [  0%] Built target autoware_msgs_generate_messages_py
[42.876s] [35m[1mScanning dependencies of target tf_generate_messages_eus[0m
[43.016s] [  0%] Built target tf_generate_messages_eus
[43.176s] [35m[1mScanning dependencies of target pcl_msgs_generate_messages_eus[0m
[43.303s] [  0%] Built target pcl_msgs_generate_messages_eus
[43.447s] [35m[1mScanning dependencies of target vector_map_msgs_generate_messages_lisp[0m
[43.601s] [  0%] Built target vector_map_msgs_generate_messages_lisp
[43.760s] [35m[1mScanning dependencies of target pcl_msgs_generate_messages_nodejs[0m
[43.928s] [  0%] Built target pcl_msgs_generate_messages_nodejs
[44.087s] [35m[1mScanning dependencies of target pcl_msgs_generate_messages_lisp[0m
[44.228s] [  0%] Built target pcl_msgs_generate_messages_lisp
[44.398s] [35m[1mScanning dependencies of target pcl_msgs_generate_messages_py[0m
[44.530s] [  0%] Built target pcl_msgs_generate_messages_py
[44.714s] [35m[1mScanning dependencies of target jsk_footstep_msgs_generate_messages_eus[0m
[44.852s] [  0%] Built target jsk_footstep_msgs_generate_messages_eus
[45.000s] [35m[1mScanning dependencies of target std_msgs_generate_messages_lisp[0m
[45.134s] [  0%] Built target std_msgs_generate_messages_lisp
[45.257s] [35m[1mScanning dependencies of target jsk_recognition_msgs_generate_messages_py[0m
[45.432s] [  0%] Built target jsk_recognition_msgs_generate_messages_py
[45.564s] [35m[1mScanning dependencies of target autoware_msgs_generate_messages_cpp[0m
[45.671s] [  0%] Built target autoware_msgs_generate_messages_cpp
[45.815s] [35m[1mScanning dependencies of target sensor_msgs_generate_messages_nodejs[0m
[45.992s] [  0%] Built target sensor_msgs_generate_messages_nodejs
[46.157s] [35m[1mScanning dependencies of target jsk_footstep_msgs_generate_messages_nodejs[0m
[46.266s] [  0%] Built target jsk_footstep_msgs_generate_messages_nodejs
[46.418s] [35m[1mScanning dependencies of target actionlib_msgs_generate_messages_cpp[0m
[46.553s] [  0%] Built target actionlib_msgs_generate_messages_cpp
[46.710s] [35m[1mScanning dependencies of target actionlib_msgs_generate_messages_py[0m
[46.900s] [  0%] Built target actionlib_msgs_generate_messages_py
[47.070s] [35m[1mScanning dependencies of target topic_tools_generate_messages_cpp[0m
[47.183s] [  0%] Built target topic_tools_generate_messages_cpp
[47.286s] [35m[1mScanning dependencies of target visualization_msgs_generate_messages_py[0m
[47.394s] [  0%] Built target visualization_msgs_generate_messages_py
[47.498s] [35m[1mScanning dependencies of target autoware_msgs_generate_messages_lisp[0m
[47.656s] [  0%] Built target autoware_msgs_generate_messages_lisp
[47.788s] [35m[1mScanning dependencies of target autoware_msgs_generate_messages_nodejs[0m
[47.922s] [  0%] Built target autoware_msgs_generate_messages_nodejs
[48.072s] [35m[1mScanning dependencies of target tf_generate_messages_lisp[0m
[48.203s] [  0%] Built target tf_generate_messages_lisp
[48.319s] [35m[1mScanning dependencies of target tf_generate_messages_nodejs[0m
[48.461s] [  0%] Built target tf_generate_messages_nodejs
[48.583s] [35m[1mScanning dependencies of target std_msgs_generate_messages_eus[0m
[48.731s] [  0%] Built target std_msgs_generate_messages_eus
[48.883s] [35m[1mScanning dependencies of target actionlib_msgs_generate_messages_lisp[0m
[49.005s] [  0%] Built target actionlib_msgs_generate_messages_lisp
[49.154s] [35m[1mScanning dependencies of target actionlib_msgs_generate_messages_nodejs[0m
[49.318s] [  0%] Built target actionlib_msgs_generate_messages_nodejs
[49.462s] [35m[1mScanning dependencies of target tf_generate_messages_py[0m
[49.644s] [  0%] Built target tf_generate_messages_py
[49.789s] [35m[1mScanning dependencies of target roscpp_generate_messages_eus[0m
[49.918s] [  0%] Built target roscpp_generate_messages_eus
[50.054s] [35m[1mScanning dependencies of target jsk_footstep_msgs_generate_messages_cpp[0m
[50.214s] [  0%] Built target jsk_footstep_msgs_generate_messages_cpp
[50.367s] [35m[1mScanning dependencies of target visualization_msgs_generate_messages_lisp[0m
[50.527s] [  0%] Built target visualization_msgs_generate_messages_lisp
[50.711s] [35m[1mScanning dependencies of target visualization_msgs_generate_messages_nodejs[0m
[50.861s] [  0%] Built target visualization_msgs_generate_messages_nodejs
[51.033s] [35m[1mScanning dependencies of target pcl_ros_gencfg[0m
[51.154s] [  0%] Built target pcl_ros_gencfg
[51.302s] [35m[1mScanning dependencies of target bond_generate_messages_eus[0m
[51.475s] [  0%] Built target bond_generate_messages_eus
[51.609s] [35m[1mScanning dependencies of target bond_generate_messages_lisp[0m
[51.754s] [  0%] Built target bond_generate_messages_lisp
[51.917s] [35m[1mScanning dependencies of target bond_generate_messages_nodejs[0m
[52.062s] [  0%] Built target bond_generate_messages_nodejs
[52.248s] [35m[1mScanning dependencies of target bond_generate_messages_py[0m
[52.438s] [  0%] Built target bond_generate_messages_py
[52.649s] [35m[1mScanning dependencies of target std_srvs_generate_messages_eus[0m
[52.819s] [  0%] Built target std_srvs_generate_messages_eus
[53.001s] [35m[1mScanning dependencies of target std_srvs_generate_messages_lisp[0m
[53.168s] [  0%] Built target std_srvs_generate_messages_lisp
[53.333s] [35m[1mScanning dependencies of target topic_tools_generate_messages_lisp[0m
[53.472s] [  0%] Built target topic_tools_generate_messages_lisp
[53.630s] [35m[1mScanning dependencies of target op_global_planner[0m
[54.030s] [ 33%] [32mBuilding CXX object CMakeFiles/op_global_planner.dir/nodes/op_global_planner.cpp.o[0m
[64.055s] [ 66%] [32mBuilding CXX object CMakeFiles/op_global_planner.dir/nodes/op_global_planner_core.cpp.o[0m
[94.856s] [100%] [32m[1mLinking CXX executable devel/lib/op_global_planner/op_global_planner[0m
[95.908s] [100%] Built target op_global_planner
[99.072s] [35m[1mScanning dependencies of target tests[0m
[99.224s] Built target tests
[102.189s] [  0%] Built target roscpp_generate_messages_nodejs
[102.428s] [  0%] Built target std_srvs_generate_messages_nodejs
[102.677s] [  0%] Built target nodelet_generate_messages_py
[102.938s] [  0%] Built target nodelet_generate_messages_nodejs
[103.213s] [  0%] Built target nodelet_generate_messages_eus
[103.448s] [  0%] Built target nodelet_generate_messages_cpp
[103.721s] [  0%] Built target dynamic_reconfigure_gencfg
[103.986s] [  0%] Built target dynamic_reconfigure_generate_messages_cpp
[104.208s] [  0%] Built target visualization_msgs_generate_messages_eus
[104.471s] [  0%] Built target topic_tools_generate_messages_nodejs
[104.752s] [  0%] Built target vector_map_server_generate_messages_py
[105.068s] [  0%] Built target vector_map_server_generate_messages_eus
[105.306s] [  0%] Built target vector_map_server_generate_messages_cpp
[105.590s] [  0%] Built target vector_map_msgs_generate_messages_py
[105.828s] [  0%] Built target vector_map_msgs_generate_messages_eus
[106.153s] [  0%] Built target vector_map_msgs_generate_messages_cpp
[106.384s] [  0%] Built target bond_generate_messages_cpp
[106.695s] [  0%] Built target dynamic_reconfigure_generate_messages_nodejs
[107.003s] [  0%] Built target tf2_msgs_generate_messages_py
[107.398s] [  0%] Built target tf2_msgs_generate_messages_nodejs
[107.685s] [  0%] Built target tf2_msgs_generate_messages_lisp
[108.058s] [  0%] Built target dynamic_reconfigure_generate_messages_lisp
[108.348s] [  0%] Built target tf2_msgs_generate_messages_cpp
[108.694s] [  0%] Built target actionlib_generate_messages_py
[108.984s] [  0%] Built target actionlib_generate_messages_nodejs
[109.280s] [  0%] Built target actionlib_generate_messages_cpp
[109.526s] [  0%] Built target rosgraph_msgs_generate_messages_py
[109.863s] [  0%] Built target rosgraph_msgs_generate_messages_nodejs
[110.130s] [  0%] Built target std_srvs_generate_messages_py
[110.443s] [  0%] Built target rosgraph_msgs_generate_messages_eus
[110.795s] [  0%] Built target actionlib_generate_messages_eus
[111.139s] [  0%] Built target rosgraph_msgs_generate_messages_cpp
[111.423s] [  0%] Built target topic_tools_generate_messages_py
[111.716s] [  0%] Built target roscpp_generate_messages_cpp
[111.975s] [  0%] Built target jsk_recognition_msgs_generate_messages_lisp
[112.254s] [  0%] Built target tf_generate_messages_cpp
[112.523s] [  0%] Built target jsk_recognition_msgs_generate_messages_eus
[112.786s] [  0%] Built target std_msgs_generate_messages_py
[113.023s] [  0%] Built target jsk_recognition_msgs_generate_messages_cpp
[113.278s] [  0%] Built target geometry_msgs_generate_messages_lisp
[113.568s] [  0%] Built target autoware_msgs_generate_messages_eus
[113.861s] [  0%] Built target nodelet_topic_tools_gencfg
[114.128s] [  0%] Built target visualization_msgs_generate_messages_cpp
[114.438s] [  0%] Built target vector_map_server_generate_messages_lisp
[114.731s] [  0%] Built target sensor_msgs_generate_messages_eus
[115.004s] [  0%] Built target sensor_msgs_generate_messages_lisp
[115.265s] [  0%] Built target jsk_footstep_msgs_generate_messages_py
[115.501s] [  0%] Built target geometry_msgs_generate_messages_py
[115.716s] [  0%] Built target vector_map_server_generate_messages_nodejs
[115.953s] [  0%] Built target tf2_msgs_generate_messages_eus
[116.152s] [  0%] Built target sensor_msgs_generate_messages_py
[116.404s] [  0%] Built target topic_tools_generate_messages_eus
[116.645s] [  0%] Built target jsk_footstep_msgs_generate_messages_lisp
[116.871s] [  0%] Built target geometry_msgs_generate_messages_eus
[117.141s] [  0%] Built target nodelet_generate_messages_lisp
[117.398s] [  0%] Built target std_msgs_generate_messages_nodejs
[117.621s] [  0%] Built target geometry_msgs_generate_messages_cpp
[117.870s] [  0%] Built target sensor_msgs_generate_messages_cpp
[118.112s] [  0%] Built target pcl_msgs_generate_messages_cpp
[118.357s] [  0%] Built target roscpp_generate_messages_py
[118.555s] [  0%] Built target jsk_recognition_msgs_generate_messages_nodejs
[118.754s] [  0%] Built target autoware_can_msgs_generate_messages_eus
[118.961s] [  0%] Built target actionlib_generate_messages_lisp
[119.201s] [  0%] Built target roscpp_generate_messages_lisp
[119.479s] [  0%] Built target dynamic_reconfigure_generate_messages_eus
[119.713s] [  0%] Built target geometry_msgs_generate_messages_nodejs
[119.932s] [  0%] Built target autoware_can_msgs_generate_messages_py
[120.162s] [  0%] Built target autoware_can_msgs_generate_messages_cpp
[120.372s] [  0%] Built target dynamic_reconfigure_generate_messages_py
[120.572s] [  0%] Built target actionlib_msgs_generate_messages_eus
[120.798s] [  0%] Built target vector_map_msgs_generate_messages_nodejs
[121.070s] [  0%] Built target autoware_can_msgs_generate_messages_lisp
[121.293s] [  0%] Built target autoware_can_msgs_generate_messages_nodejs
[121.500s] [  0%] Built target std_srvs_generate_messages_cpp
[121.703s] [  0%] Built target std_msgs_generate_messages_cpp
[121.919s] [  0%] Built target rosgraph_msgs_generate_messages_lisp
[122.144s] [  0%] Built target autoware_msgs_generate_messages_py
[122.344s] [  0%] Built target tf_generate_messages_eus
[122.558s] [  0%] Built target pcl_msgs_generate_messages_eus
[122.780s] [  0%] Built target vector_map_msgs_generate_messages_lisp
[122.996s] [  0%] Built target pcl_msgs_generate_messages_nodejs
[123.192s] [  0%] Built target pcl_msgs_generate_messages_lisp
[123.438s] [  0%] Built target pcl_msgs_generate_messages_py
[123.665s] [  0%] Built target jsk_footstep_msgs_generate_messages_eus
[123.866s] [  0%] Built target std_msgs_generate_messages_lisp
[124.071s] [  0%] Built target jsk_recognition_msgs_generate_messages_py
[124.282s] [  0%] Built target autoware_msgs_generate_messages_cpp
[124.481s] [  0%] Built target sensor_msgs_generate_messages_nodejs
[124.676s] [  0%] Built target jsk_footstep_msgs_generate_messages_nodejs
[124.879s] [  0%] Built target actionlib_msgs_generate_messages_cpp
[125.075s] [  0%] Built target actionlib_msgs_generate_messages_py
[125.271s] [  0%] Built target topic_tools_generate_messages_cpp
[125.469s] [  0%] Built target visualization_msgs_generate_messages_py
[125.669s] [  0%] Built target autoware_msgs_generate_messages_lisp
[125.872s] [  0%] Built target autoware_msgs_generate_messages_nodejs
[126.085s] [  0%] Built target tf_generate_messages_lisp
[126.293s] [  0%] Built target tf_generate_messages_nodejs
[126.496s] [  0%] Built target std_msgs_generate_messages_eus
[126.720s] [  0%] Built target actionlib_msgs_generate_messages_lisp
[126.936s] [  0%] Built target actionlib_msgs_generate_messages_nodejs
[127.145s] [  0%] Built target tf_generate_messages_py
[127.344s] [  0%] Built target roscpp_generate_messages_eus
[127.559s] [  0%] Built target jsk_footstep_msgs_generate_messages_cpp
[127.777s] [  0%] Built target visualization_msgs_generate_messages_lisp
[127.988s] [  0%] Built target visualization_msgs_generate_messages_nodejs
[128.194s] [  0%] Built target pcl_ros_gencfg
[128.388s] [  0%] Built target bond_generate_messages_eus
[128.613s] [  0%] Built target bond_generate_messages_lisp
[128.827s] [  0%] Built target bond_generate_messages_nodejs
[129.019s] [  0%] Built target bond_generate_messages_py
[129.225s] [  0%] Built target std_srvs_generate_messages_eus
[129.433s] [  0%] Built target std_srvs_generate_messages_lisp
[129.640s] [  0%] Built target topic_tools_generate_messages_lisp
[129.878s] [100%] Built target op_global_planner
[130.060s] [36mInstall the project...[0m
[130.136s] -- Install configuration: "Release"
[130.140s] -- Installing: /home/capstone/autoware.ai/install/op_global_planner/lib/pkgconfig/op_global_planner.pc
[130.141s] -- Installing: /home/capstone/autoware.ai/install/op_global_planner/share/op_global_planner/cmake/op_global_plannerConfig.cmake
[130.141s] -- Installing: /home/capstone/autoware.ai/install/op_global_planner/share/op_global_planner/cmake/op_global_plannerConfig-version.cmake
[130.141s] -- Installing: /home/capstone/autoware.ai/install/op_global_planner/share/op_global_planner/package.xml
[130.141s] -- Installing: /home/capstone/autoware.ai/install/op_global_planner/lib/op_global_planner/op_global_planner
[130.142s] -- Set runtime path of "/home/capstone/autoware.ai/install/op_global_planner/lib/op_global_planner/op_global_planner" to ""
[130.142s] -- Installing: /home/capstone/autoware.ai/install/op_global_planner/share/op_global_planner/launch
[130.143s] -- Installing: /home/capstone/autoware.ai/install/op_global_planner/share/op_global_planner/launch/op_global_planner.launch
