[0.648s] -- The C compiler identification is GNU 7.5.0
[1.008s] -- The CXX compiler identification is GNU 7.5.0
[1.025s] -- Check for working C compiler: /usr/bin/cc
[1.643s] -- Check for working C compiler: /usr/bin/cc -- works
[1.644s] -- Detecting C compiler ABI info
[2.254s] -- Detecting C compiler ABI info - done
[2.293s] -- Detecting C compile features
[4.314s] -- Detecting C compile features - done
[4.323s] -- Check for working CXX compiler: /usr/bin/c++
[4.903s] -- Check for working CXX compiler: /usr/bin/c++ -- works
[4.905s] -- Detecting CXX compiler ABI info
[5.424s] -- Detecting CXX compiler ABI info - done
[5.456s] -- Detecting CXX compile features
[7.639s] -- Detecting CXX compile features - done
[7.645s] -- CUDA compilation status: 1.
[7.672s] -- Using CATKIN_DEVEL_PREFIX: /home/capstone/autoware.ai/build/data_preprocessor/devel
[7.673s] -- Using CMAKE_PREFIX_PATH: /home/capstone/autoware.ai/install/autoware_build_flags;/home/capstone/autoware.ai/install/wf_simulator;/home/capstone/autoware.ai/install/vision_ssd_detect;/home/capstone/autoware.ai/install/vision_segment_enet_detect;/home/capstone/autoware.ai/install/vision_lane_detect;/home/capstone/autoware.ai/install/vision_darknet_detect;/home/capstone/autoware.ai/install/vision_beyond_track;/home/capstone/autoware.ai/install/vel_pose_diff_checker;/home/capstone/autoware.ai/install/vehicle_socket;/home/capstone/autoware.ai/install/vehicle_sim_model;/home/capstone/autoware.ai/install/vehicle_model;/home/capstone/autoware.ai/install/vehicle_gazebo_simulation_launcher;/home/capstone/autoware.ai/install/vehicle_gazebo_simulation_interface;/home/capstone/autoware.ai/install/vehicle_engage_panel;/home/capstone/autoware.ai/install/vehicle_description;/home/capstone/autoware.ai/install/op_ros_helpers;/home/capstone/autoware.ai/install/op_simu;/home/capstone/autoware.ai/install/op_planner;/home/capstone/autoware.ai/install/op_utility;/home/capstone/autoware.ai/install/vector_map_server;/home/capstone/autoware.ai/install/object_map;/home/capstone/autoware.ai/install/lanelet_aisan_converter;/home/capstone/autoware.ai/install/map_file;/home/capstone/autoware.ai/install/libvectormap;/home/capstone/autoware.ai/install/vector_map;/home/capstone/autoware.ai/install/vector_map_msgs;/home/capstone/autoware.ai/install/twist_generator;/home/capstone/autoware.ai/install/twist2odom;/home/capstone/autoware.ai/install/runtime_manager;/home/capstone/autoware.ai/install/tablet_socket_msgs;/home/capstone/autoware.ai/install/sound_player;/home/capstone/autoware.ai/install/points2image;/home/capstone/autoware.ai/install/rosinterface;/home/capstone/autoware.ai/install/rosbag_controller;/home/capstone/autoware.ai/install/points_preprocessor;/home/capstone/autoware.ai/install/lidar_localizer;/home/capstone/autoware.ai/install/emergency_handler;/home/capstone/autoware.ai/install/autoware_health_checker;/home/capstone/autoware.ai/install/ros_observer;/home/capstone/autoware.ai/install/range_vision_fusion;/home/capstone/autoware.ai/install/pos_db;/home/capstone/autoware.ai/install/points_downsampler;/home/capstone/autoware.ai/install/pixel_cloud_fusion;/home/capstone/autoware.ai/install/pcl_omp_registration;/home/capstone/autoware.ai/install/pc2_downsampler;/home/capstone/autoware.ai/install/obj_db;/home/capstone/autoware.ai/install/nmea_navsat;/home/capstone/autoware.ai/install/ndt_tku;/home/capstone/autoware.ai/install/ndt_gpu;/home/capstone/autoware.ai/install/ndt_cpu;/home/capstone/autoware.ai/install/multi_lidar_calibrator;/home/capstone/autoware.ai/install/mrt_cmake_modules;/home/capstone/autoware.ai/install/marker_downsampler;/home/capstone/autoware.ai/install/map_tools;/home/capstone/autoware.ai/install/map_tf_generator;/home/capstone/autoware.ai/install/log_tools;/home/capstone/autoware.ai/install/libwaypoint_follower;/home/capstone/autoware.ai/install/lgsvl_simulator_bridge;/home/capstone/autoware.ai/install/lanelet2_extension;/home/capstone/autoware.ai/install/lanelet2_validation;/home/capstone/autoware.ai/install/lanelet2_examples;/home/capstone/autoware.ai/install/lanelet2_python;/home/capstone/autoware.ai/install/lanelet2_routing;/home/capstone/autoware.ai/install/lanelet2_traffic_rules;/home/capstone/autoware.ai/install/lanelet2_projection;/home/capstone/autoware.ai/install/lanelet2_maps;/home/capstone/autoware.ai/install/lanelet2_io;/home/capstone/autoware.ai/install/lanelet2_core;/home/capstone/autoware.ai/install/integrated_viewer;/home/capstone/autoware.ai/install/image_processor;/home/capstone/autoware.ai/install/graph_tools;/home/capstone/autoware.ai/install/gnss_localizer;/home/capstone/autoware.ai/install/gnss;/home/capstone/autoware.ai/install/glviewer;/home/capstone/autoware.ai/install/gazebo_world_description;/home/capstone/autoware.ai/install/gazebo_imu_description;/home/capstone/autoware.ai/install/gazebo_camera_description;/home/capstone/autoware.ai/install/fastvirtualscan;/home/capstone/autoware.ai/install/ekf_localizer;/home/capstone/autoware.ai/install/detected_objects_visualizer;/home/capstone/autoware.ai/install/decision_maker_panel;/home/capstone/autoware.ai/install/data_preprocessor;/home/capstone/autoware.ai/install/carla_autoware_bridge;/home/capstone/autoware.ai/install/calibration_publisher;/home/capstone/autoware.ai/install/autoware_system_msgs;/home/capstone/autoware.ai/install/autoware_rviz_plugins;/home/capstone/autoware.ai/install/autoware_quickstart_examples;/home/capstone/autoware.ai/install/autoware_pointgrey_drivers;/home/capstone/autoware.ai/install/autoware_driveworks_interface;/home/capstone/autoware.ai/install/autoware_connector;/home/capstone/autoware.ai/install/autoware_camera_lidar_calibrator;/home/capstone/autoware.ai/install/amathutils_lib;/home/capstone/autoware.ai/install/autoware_msgs;/home/capstone/autoware.ai/install/autoware_map_msgs;/home/capstone/autoware.ai/install/autoware_launcher_rviz;/home/capstone/autoware.ai/install/autoware_launcher;/home/capstone/autoware.ai/install/autoware_lanelet2_msgs;/home/capstone/autoware.ai/install/autoware_external_msgs;/home/capstone/autoware.ai/install/autoware_driveworks_gmsl_interface;/home/capstone/autoware.ai/install/autoware_config_msgs;/home/capstone/autoware.ai/install/autoware_can_msgs;/home/capstone/autoware.ai/install/autoware_bag_tools;/opt/carla-ros-bridge/melodic;/opt/ros/melodic
[7.679s] -- This workspace overlays: /home/capstone/autoware.ai/install/autoware_build_flags;/home/capstone/autoware.ai/install/vehicle_sim_model;/home/capstone/autoware.ai/install/vehicle_gazebo_simulation_launcher;/home/capstone/autoware.ai/install/vehicle_description;/home/capstone/autoware.ai/install/libvectormap;/home/capstone/autoware.ai/install/vector_map;/home/capstone/autoware.ai/install/vector_map_msgs;/home/capstone/autoware.ai/install/twist2odom;/home/capstone/autoware.ai/install/tablet_socket_msgs;/home/capstone/autoware.ai/install/sound_player;/home/capstone/autoware.ai/install/rosinterface;/home/capstone/autoware.ai/install/rosbag_controller;/home/capstone/autoware.ai/install/autoware_health_checker;/home/capstone/autoware.ai/install/ros_observer;/home/capstone/autoware.ai/install/pcl_omp_registration;/home/capstone/autoware.ai/install/pc2_downsampler;/home/capstone/autoware.ai/install/nmea_navsat;/home/capstone/autoware.ai/install/ndt_tku;/home/capstone/autoware.ai/install/ndt_gpu;/home/capstone/autoware.ai/install/ndt_cpu;/home/capstone/autoware.ai/install/mrt_cmake_modules;/home/capstone/autoware.ai/install/marker_downsampler;/home/capstone/autoware.ai/install/graph_tools;/home/capstone/autoware.ai/install/gnss;/home/capstone/autoware.ai/install/gazebo_world_description;/home/capstone/autoware.ai/install/gazebo_imu_description;/home/capstone/autoware.ai/install/gazebo_camera_description;/home/capstone/autoware.ai/install/fastvirtualscan;/home/capstone/autoware.ai/install/autoware_system_msgs;/home/capstone/autoware.ai/install/autoware_quickstart_examples;/home/capstone/autoware.ai/install/autoware_driveworks_interface;/home/capstone/autoware.ai/install/amathutils_lib;/home/capstone/autoware.ai/install/autoware_msgs;/home/capstone/autoware.ai/install/autoware_map_msgs;/home/capstone/autoware.ai/install/autoware_launcher_rviz;/home/capstone/autoware.ai/install/autoware_launcher;/home/capstone/autoware.ai/install/autoware_lanelet2_msgs;/home/capstone/autoware.ai/install/autoware_external_msgs;/home/capstone/autoware.ai/install/autoware_driveworks_gmsl_interface;/home/capstone/autoware.ai/install/autoware_config_msgs;/home/capstone/autoware.ai/install/autoware_can_msgs;/home/capstone/autoware.ai/install/autoware_bag_tools;/opt/carla-ros-bridge/melodic;/opt/ros/melodic
[7.768s] -- Found PythonInterp: /usr/bin/python2 (found suitable version "2.7.17", minimum required is "2") 
[7.769s] -- Using PYTHON_EXECUTABLE: /usr/bin/python2
[7.769s] -- Using Debian Python package layout
[7.772s] -- Using empy: /usr/bin/empy
[8.184s] -- Using CATKIN_ENABLE_TESTING: ON
[8.184s] -- Call enable_testing()
[8.199s] -- Using CATKIN_TEST_RESULTS_DIR: /home/capstone/autoware.ai/build/data_preprocessor/test_results
[8.301s] -- Found gtest sources under '/usr/src/googletest': gtests will be built
[8.302s] -- Found gmock sources under '/usr/src/googletest': gmock will be built
[8.391s] -- Found PythonInterp: /usr/bin/python2 (found version "2.7.17") 
[8.396s] -- Looking for pthread.h
[8.856s] -- Looking for pthread.h - found
[8.858s] -- Looking for pthread_create
[9.312s] -- Looking for pthread_create - not found
[9.313s] -- Looking for pthread_create in pthreads
[9.742s] -- Looking for pthread_create in pthreads - not found
[9.742s] -- Looking for pthread_create in pthread
[10.212s] -- Looking for pthread_create in pthread - found
[10.214s] -- Found Threads: TRUE  
[10.230s] -- Using Python nosetests: /usr/bin/nosetests-2.7
[10.448s] -- catkin 0.7.23
[10.448s] -- BUILD_SHARED_LIBS is on
[13.675s] -- Using these message generators: gencpp;geneus;genlisp;gennodejs;genpy
[15.015s] -- Found OpenCV: /usr (found version "3.2.0") 
[15.700s] -- Configuring done
[16.019s] -- Generating done
[16.064s] -- Build files have been written to: /home/capstone/autoware.ai/build/data_preprocessor
[16.455s] [35m[1mScanning dependencies of target get_PCD[0m
[16.654s] [ 16%] [32mBuilding CXX object CMakeFiles/get_PCD.dir/nodes/get_PCD/get_PCD.cpp.o[0m
[31.649s] [ 33%] [32m[1mLinking CXX executable devel/lib/data_preprocessor/get_PCD[0m
[33.070s] [ 33%] Built target get_PCD
[33.204s] [35m[1mScanning dependencies of target get_Depth[0m
[33.467s] [ 50%] [32mBuilding CXX object CMakeFiles/get_Depth.dir/nodes/get_Depth/get_Depth.cpp.o[0m
[51.184s] [ 66%] [32m[1mLinking CXX executable devel/lib/data_preprocessor/get_Depth[0m
[52.737s] [ 66%] Built target get_Depth
[52.848s] [35m[1mScanning dependencies of target get_Image[0m
[52.960s] [ 83%] [32mBuilding CXX object CMakeFiles/get_Image.dir/nodes/get_Image/get_Image.cpp.o[0m
[59.863s] [100%] [32m[1mLinking CXX executable devel/lib/data_preprocessor/get_Image[0m
[61.345s] [100%] Built target get_Image
[65.451s] [35m[1mScanning dependencies of target tests[0m
[65.632s] Built target tests
[69.766s] [ 33%] Built target get_PCD
[70.158s] [ 66%] Built target get_Depth
[70.456s] [100%] Built target get_Image
[70.719s] [36mInstall the project...[0m
[70.769s] -- Install configuration: "Release"
[70.770s] -- Installing: /home/capstone/autoware.ai/install/data_preprocessor/lib/pkgconfig/data_preprocessor.pc
[70.772s] -- Installing: /home/capstone/autoware.ai/install/data_preprocessor/share/data_preprocessor/cmake/data_preprocessorConfig.cmake
[70.773s] -- Installing: /home/capstone/autoware.ai/install/data_preprocessor/share/data_preprocessor/cmake/data_preprocessorConfig-version.cmake
[70.775s] -- Installing: /home/capstone/autoware.ai/install/data_preprocessor/share/data_preprocessor/package.xml
[70.776s] -- Installing: /home/capstone/autoware.ai/install/data_preprocessor/lib/data_preprocessor/get_Image
[70.779s] -- Set runtime path of "/home/capstone/autoware.ai/install/data_preprocessor/lib/data_preprocessor/get_Image" to ""
[70.780s] -- Installing: /home/capstone/autoware.ai/install/data_preprocessor/lib/data_preprocessor/get_PCD
[70.782s] -- Set runtime path of "/home/capstone/autoware.ai/install/data_preprocessor/lib/data_preprocessor/get_PCD" to ""
[70.783s] -- Installing: /home/capstone/autoware.ai/install/data_preprocessor/lib/data_preprocessor/get_Depth
[70.786s] -- Set runtime path of "/home/capstone/autoware.ai/install/data_preprocessor/lib/data_preprocessor/get_Depth" to ""
