[0.685s] [  0%] Built target _autoware_map_msgs_generate_messages_check_deps_LaneArray
[0.934s] [  0%] Built target _autoware_map_msgs_generate_messages_check_deps_Point
[1.172s] [  0%] Built target _autoware_map_msgs_generate_messages_check_deps_LaneRelation
[1.512s] [  0%] Built target _autoware_map_msgs_generate_messages_check_deps_OppositeLaneRelationArray
[1.758s] [  0%] Built target _autoware_map_msgs_generate_messages_check_deps_WaypointSignalRelationArray
[1.999s] [  0%] Built target _autoware_map_msgs_generate_messages_check_deps_OppositeLaneRelation
[2.254s] [  0%] Built target _autoware_map_msgs_generate_messages_check_deps_WaypointSignalRelation
[2.538s] [  0%] Built target _autoware_map_msgs_generate_messages_check_deps_WaypointLaneRelationArray
[2.774s] [  0%] Built target _autoware_map_msgs_generate_messages_check_deps_Wayarea
[3.014s] [  0%] Built target _autoware_map_msgs_generate_messages_check_deps_WaypointArray
[3.302s] [  0%] Built target _autoware_map_msgs_generate_messages_check_deps_SignalLight
[3.569s] [  0%] Built target _autoware_map_msgs_generate_messages_check_deps_PointArray
[3.804s] [  0%] Built target _autoware_map_msgs_generate_messages_check_deps_WaypointLaneRelation
[4.046s] [  0%] Built target _autoware_map_msgs_generate_messages_check_deps_WaypointRelationArray
[4.308s] [  0%] Built target _autoware_map_msgs_generate_messages_check_deps_Waypoint
[4.565s] [  0%] Built target _autoware_map_msgs_generate_messages_check_deps_WaypointRelation
[4.805s] [  0%] Built target _autoware_map_msgs_generate_messages_check_deps_LaneAttributeRelation
[5.045s] [  0%] Built target _autoware_map_msgs_generate_messages_check_deps_Lane
[5.321s] [  0%] Built target _autoware_map_msgs_generate_messages_check_deps_LaneSignalLightRelation
[5.602s] [  0%] Built target _autoware_map_msgs_generate_messages_check_deps_LaneChangeRelation
[5.849s] [  0%] Built target _autoware_map_msgs_generate_messages_check_deps_LaneRelationArray
[5.998s] [  0%] Built target std_msgs_generate_messages_py
[6.144s] [  0%] Built target std_msgs_generate_messages_lisp
[6.341s] [  0%] Built target std_msgs_generate_messages_eus
[6.487s] [  0%] Built target std_msgs_generate_messages_cpp
[6.724s] [  0%] Built target _autoware_map_msgs_generate_messages_check_deps_LaneSignalLightRelationArray
[6.966s] [  0%] Built target _autoware_map_msgs_generate_messages_check_deps_AreaArray
[7.123s] [  0%] Built target std_msgs_generate_messages_nodejs
[7.439s] [  0%] Built target _autoware_map_msgs_generate_messages_check_deps_SignalArray
[7.679s] [  0%] Built target _autoware_map_msgs_generate_messages_check_deps_WayareaArray
[7.928s] [  0%] Built target _autoware_map_msgs_generate_messages_check_deps_Area
[8.173s] [  0%] Built target _autoware_map_msgs_generate_messages_check_deps_LaneChangeRelationArray
[8.472s] [  0%] Built target _autoware_map_msgs_generate_messages_check_deps_Signal
[8.709s] [  0%] Built target _autoware_map_msgs_generate_messages_check_deps_LaneAttributeRelationArray
[8.963s] [  0%] Built target _autoware_map_msgs_generate_messages_check_deps_SignalLightArray
[9.117s] [ 20%] Built target autoware_map_msgs_generate_messages_nodejs
[9.296s] [ 39%] Built target autoware_map_msgs_generate_messages_cpp
[9.466s] [ 60%] Built target autoware_map_msgs_generate_messages_eus
[9.612s] [ 79%] Built target autoware_map_msgs_generate_messages_lisp
[9.766s] [100%] Built target autoware_map_msgs_generate_messages_py
[9.915s] [100%] Built target autoware_map_msgs_generate_messages
[11.147s] Built target tests
[12.348s] [  0%] Built target _autoware_map_msgs_generate_messages_check_deps_LaneArray
[12.588s] [  0%] Built target _autoware_map_msgs_generate_messages_check_deps_Point
[12.830s] [  0%] Built target _autoware_map_msgs_generate_messages_check_deps_LaneRelation
[13.069s] [  0%] Built target _autoware_map_msgs_generate_messages_check_deps_OppositeLaneRelationArray
[13.325s] [  0%] Built target _autoware_map_msgs_generate_messages_check_deps_WaypointSignalRelationArray
[13.577s] [  0%] Built target _autoware_map_msgs_generate_messages_check_deps_OppositeLaneRelation
[13.818s] [  0%] Built target _autoware_map_msgs_generate_messages_check_deps_WaypointSignalRelation
[14.058s] [  0%] Built target _autoware_map_msgs_generate_messages_check_deps_WaypointLaneRelationArray
[14.296s] [  0%] Built target _autoware_map_msgs_generate_messages_check_deps_Wayarea
[14.587s] [  0%] Built target _autoware_map_msgs_generate_messages_check_deps_WaypointArray
[14.819s] [  0%] Built target _autoware_map_msgs_generate_messages_check_deps_SignalLight
[15.058s] [  0%] Built target _autoware_map_msgs_generate_messages_check_deps_PointArray
[15.367s] [  0%] Built target _autoware_map_msgs_generate_messages_check_deps_WaypointLaneRelation
[15.631s] [  0%] Built target _autoware_map_msgs_generate_messages_check_deps_WaypointRelationArray
[15.875s] [  0%] Built target _autoware_map_msgs_generate_messages_check_deps_Waypoint
[16.107s] [  0%] Built target _autoware_map_msgs_generate_messages_check_deps_WaypointRelation
[16.411s] [  0%] Built target _autoware_map_msgs_generate_messages_check_deps_LaneAttributeRelation
[16.648s] [  0%] Built target _autoware_map_msgs_generate_messages_check_deps_Lane
[16.889s] [  0%] Built target _autoware_map_msgs_generate_messages_check_deps_LaneSignalLightRelation
[17.135s] [  0%] Built target _autoware_map_msgs_generate_messages_check_deps_LaneChangeRelation
[17.421s] [  0%] Built target _autoware_map_msgs_generate_messages_check_deps_LaneRelationArray
[17.566s] [  0%] Built target std_msgs_generate_messages_py
[17.713s] [  0%] Built target std_msgs_generate_messages_lisp
[17.862s] [  0%] Built target std_msgs_generate_messages_eus
[18.006s] [  0%] Built target std_msgs_generate_messages_cpp
[18.257s] [  0%] Built target _autoware_map_msgs_generate_messages_check_deps_LaneSignalLightRelationArray
[18.557s] [  0%] Built target _autoware_map_msgs_generate_messages_check_deps_AreaArray
[18.700s] [  0%] Built target std_msgs_generate_messages_nodejs
[18.943s] [  0%] Built target _autoware_map_msgs_generate_messages_check_deps_SignalArray
[19.183s] [  0%] Built target _autoware_map_msgs_generate_messages_check_deps_WayareaArray
[19.461s] [  0%] Built target _autoware_map_msgs_generate_messages_check_deps_Area
[19.698s] [  0%] Built target _autoware_map_msgs_generate_messages_check_deps_LaneChangeRelationArray
[19.942s] [  0%] Built target _autoware_map_msgs_generate_messages_check_deps_Signal
[20.174s] [  0%] Built target _autoware_map_msgs_generate_messages_check_deps_LaneAttributeRelationArray
[20.497s] [  0%] Built target _autoware_map_msgs_generate_messages_check_deps_SignalLightArray
[20.647s] [ 20%] Built target autoware_map_msgs_generate_messages_nodejs
[20.799s] [ 39%] Built target autoware_map_msgs_generate_messages_cpp
[20.951s] [ 60%] Built target autoware_map_msgs_generate_messages_eus
[21.097s] [ 79%] Built target autoware_map_msgs_generate_messages_lisp
[21.262s] [100%] Built target autoware_map_msgs_generate_messages_py
[21.469s] [100%] Built target autoware_map_msgs_generate_messages
[21.623s] [36mInstall the project...[0m
[21.681s] -- Install configuration: "Release"
[21.681s] -- Up-to-date: /home/capstone/autoware.ai/install/autoware_map_msgs/share/autoware_map_msgs/msg/Area.msg
[21.682s] -- Up-to-date: /home/capstone/autoware.ai/install/autoware_map_msgs/share/autoware_map_msgs/msg/AreaArray.msg
[21.682s] -- Up-to-date: /home/capstone/autoware.ai/install/autoware_map_msgs/share/autoware_map_msgs/msg/Lane.msg
[21.682s] -- Up-to-date: /home/capstone/autoware.ai/install/autoware_map_msgs/share/autoware_map_msgs/msg/LaneArray.msg
[21.682s] -- Up-to-date: /home/capstone/autoware.ai/install/autoware_map_msgs/share/autoware_map_msgs/msg/LaneAttributeRelation.msg
[21.683s] -- Up-to-date: /home/capstone/autoware.ai/install/autoware_map_msgs/share/autoware_map_msgs/msg/LaneAttributeRelationArray.msg
[21.683s] -- Up-to-date: /home/capstone/autoware.ai/install/autoware_map_msgs/share/autoware_map_msgs/msg/LaneChangeRelation.msg
[21.683s] -- Up-to-date: /home/capstone/autoware.ai/install/autoware_map_msgs/share/autoware_map_msgs/msg/LaneChangeRelationArray.msg
[21.684s] -- Up-to-date: /home/capstone/autoware.ai/install/autoware_map_msgs/share/autoware_map_msgs/msg/LaneRelation.msg
[21.684s] -- Up-to-date: /home/capstone/autoware.ai/install/autoware_map_msgs/share/autoware_map_msgs/msg/LaneRelationArray.msg
[21.684s] -- Up-to-date: /home/capstone/autoware.ai/install/autoware_map_msgs/share/autoware_map_msgs/msg/LaneSignalLightRelation.msg
[21.684s] -- Up-to-date: /home/capstone/autoware.ai/install/autoware_map_msgs/share/autoware_map_msgs/msg/LaneSignalLightRelationArray.msg
[21.685s] -- Up-to-date: /home/capstone/autoware.ai/install/autoware_map_msgs/share/autoware_map_msgs/msg/OppositeLaneRelation.msg
[21.685s] -- Up-to-date: /home/capstone/autoware.ai/install/autoware_map_msgs/share/autoware_map_msgs/msg/OppositeLaneRelationArray.msg
[21.685s] -- Up-to-date: /home/capstone/autoware.ai/install/autoware_map_msgs/share/autoware_map_msgs/msg/Point.msg
[21.686s] -- Up-to-date: /home/capstone/autoware.ai/install/autoware_map_msgs/share/autoware_map_msgs/msg/PointArray.msg
[21.686s] -- Up-to-date: /home/capstone/autoware.ai/install/autoware_map_msgs/share/autoware_map_msgs/msg/Signal.msg
[21.686s] -- Up-to-date: /home/capstone/autoware.ai/install/autoware_map_msgs/share/autoware_map_msgs/msg/SignalArray.msg
[21.686s] -- Up-to-date: /home/capstone/autoware.ai/install/autoware_map_msgs/share/autoware_map_msgs/msg/SignalLight.msg
[21.687s] -- Up-to-date: /home/capstone/autoware.ai/install/autoware_map_msgs/share/autoware_map_msgs/msg/SignalLightArray.msg
[21.687s] -- Up-to-date: /home/capstone/autoware.ai/install/autoware_map_msgs/share/autoware_map_msgs/msg/Wayarea.msg
[21.687s] -- Up-to-date: /home/capstone/autoware.ai/install/autoware_map_msgs/share/autoware_map_msgs/msg/WayareaArray.msg
[21.687s] -- Up-to-date: /home/capstone/autoware.ai/install/autoware_map_msgs/share/autoware_map_msgs/msg/Waypoint.msg
[21.687s] -- Up-to-date: /home/capstone/autoware.ai/install/autoware_map_msgs/share/autoware_map_msgs/msg/WaypointArray.msg
[21.688s] -- Up-to-date: /home/capstone/autoware.ai/install/autoware_map_msgs/share/autoware_map_msgs/msg/WaypointLaneRelation.msg
[21.688s] -- Up-to-date: /home/capstone/autoware.ai/install/autoware_map_msgs/share/autoware_map_msgs/msg/WaypointLaneRelationArray.msg
[21.688s] -- Up-to-date: /home/capstone/autoware.ai/install/autoware_map_msgs/share/autoware_map_msgs/msg/WaypointRelation.msg
[21.688s] -- Up-to-date: /home/capstone/autoware.ai/install/autoware_map_msgs/share/autoware_map_msgs/msg/WaypointRelationArray.msg
[21.688s] -- Up-to-date: /home/capstone/autoware.ai/install/autoware_map_msgs/share/autoware_map_msgs/msg/WaypointSignalRelation.msg
[21.688s] -- Up-to-date: /home/capstone/autoware.ai/install/autoware_map_msgs/share/autoware_map_msgs/msg/WaypointSignalRelationArray.msg
[21.688s] -- Up-to-date: /home/capstone/autoware.ai/install/autoware_map_msgs/share/autoware_map_msgs/cmake/autoware_map_msgs-msg-paths.cmake
[21.689s] -- Up-to-date: /home/capstone/autoware.ai/install/autoware_map_msgs/include/autoware_map_msgs
[21.689s] -- Up-to-date: /home/capstone/autoware.ai/install/autoware_map_msgs/include/autoware_map_msgs/PointArray.h
[21.689s] -- Up-to-date: /home/capstone/autoware.ai/install/autoware_map_msgs/include/autoware_map_msgs/AreaArray.h
[21.689s] -- Up-to-date: /home/capstone/autoware.ai/install/autoware_map_msgs/include/autoware_map_msgs/LaneAttributeRelation.h
[21.689s] -- Up-to-date: /home/capstone/autoware.ai/install/autoware_map_msgs/include/autoware_map_msgs/Point.h
[21.689s] -- Up-to-date: /home/capstone/autoware.ai/install/autoware_map_msgs/include/autoware_map_msgs/WaypointSignalRelation.h
[21.690s] -- Up-to-date: /home/capstone/autoware.ai/install/autoware_map_msgs/include/autoware_map_msgs/SignalArray.h
[21.690s] -- Up-to-date: /home/capstone/autoware.ai/install/autoware_map_msgs/include/autoware_map_msgs/LaneRelation.h
[21.690s] -- Up-to-date: /home/capstone/autoware.ai/install/autoware_map_msgs/include/autoware_map_msgs/WaypointLaneRelation.h
[21.690s] -- Up-to-date: /home/capstone/autoware.ai/install/autoware_map_msgs/include/autoware_map_msgs/SignalLightArray.h
[21.690s] -- Up-to-date: /home/capstone/autoware.ai/install/autoware_map_msgs/include/autoware_map_msgs/LaneSignalLightRelation.h
[21.690s] -- Up-to-date: /home/capstone/autoware.ai/install/autoware_map_msgs/include/autoware_map_msgs/Waypoint.h
[21.691s] -- Up-to-date: /home/capstone/autoware.ai/install/autoware_map_msgs/include/autoware_map_msgs/WayareaArray.h
[21.691s] -- Up-to-date: /home/capstone/autoware.ai/install/autoware_map_msgs/include/autoware_map_msgs/Wayarea.h
[21.691s] -- Up-to-date: /home/capstone/autoware.ai/install/autoware_map_msgs/include/autoware_map_msgs/OppositeLaneRelationArray.h
[21.691s] -- Up-to-date: /home/capstone/autoware.ai/install/autoware_map_msgs/include/autoware_map_msgs/Signal.h
[21.691s] -- Up-to-date: /home/capstone/autoware.ai/install/autoware_map_msgs/include/autoware_map_msgs/LaneChangeRelationArray.h
[21.691s] -- Up-to-date: /home/capstone/autoware.ai/install/autoware_map_msgs/include/autoware_map_msgs/LaneAttributeRelationArray.h
[21.692s] -- Up-to-date: /home/capstone/autoware.ai/install/autoware_map_msgs/include/autoware_map_msgs/Lane.h
[21.692s] -- Up-to-date: /home/capstone/autoware.ai/install/autoware_map_msgs/include/autoware_map_msgs/SignalLight.h
[21.692s] -- Up-to-date: /home/capstone/autoware.ai/install/autoware_map_msgs/include/autoware_map_msgs/WaypointRelation.h
[21.692s] -- Up-to-date: /home/capstone/autoware.ai/install/autoware_map_msgs/include/autoware_map_msgs/WaypointRelationArray.h
[21.692s] -- Up-to-date: /home/capstone/autoware.ai/install/autoware_map_msgs/include/autoware_map_msgs/WaypointSignalRelationArray.h
[21.693s] -- Up-to-date: /home/capstone/autoware.ai/install/autoware_map_msgs/include/autoware_map_msgs/LaneArray.h
[21.693s] -- Up-to-date: /home/capstone/autoware.ai/install/autoware_map_msgs/include/autoware_map_msgs/LaneChangeRelation.h
[21.694s] -- Up-to-date: /home/capstone/autoware.ai/install/autoware_map_msgs/include/autoware_map_msgs/LaneRelationArray.h
[21.695s] -- Up-to-date: /home/capstone/autoware.ai/install/autoware_map_msgs/include/autoware_map_msgs/LaneSignalLightRelationArray.h
[21.695s] -- Up-to-date: /home/capstone/autoware.ai/install/autoware_map_msgs/include/autoware_map_msgs/Area.h
[21.695s] -- Up-to-date: /home/capstone/autoware.ai/install/autoware_map_msgs/include/autoware_map_msgs/WaypointLaneRelationArray.h
[21.695s] -- Up-to-date: /home/capstone/autoware.ai/install/autoware_map_msgs/include/autoware_map_msgs/OppositeLaneRelation.h
[21.695s] -- Up-to-date: /home/capstone/autoware.ai/install/autoware_map_msgs/include/autoware_map_msgs/WaypointArray.h
[21.696s] -- Up-to-date: /home/capstone/autoware.ai/install/autoware_map_msgs/share/roseus/ros/autoware_map_msgs
[21.696s] -- Up-to-date: /home/capstone/autoware.ai/install/autoware_map_msgs/share/roseus/ros/autoware_map_msgs/manifest.l
[21.696s] -- Up-to-date: /home/capstone/autoware.ai/install/autoware_map_msgs/share/roseus/ros/autoware_map_msgs/msg
[21.696s] -- Up-to-date: /home/capstone/autoware.ai/install/autoware_map_msgs/share/roseus/ros/autoware_map_msgs/msg/AreaArray.l
[21.696s] -- Up-to-date: /home/capstone/autoware.ai/install/autoware_map_msgs/share/roseus/ros/autoware_map_msgs/msg/Signal.l
[21.696s] -- Up-to-date: /home/capstone/autoware.ai/install/autoware_map_msgs/share/roseus/ros/autoware_map_msgs/msg/LaneChangeRelationArray.l
[21.697s] -- Up-to-date: /home/capstone/autoware.ai/install/autoware_map_msgs/share/roseus/ros/autoware_map_msgs/msg/WaypointRelation.l
[21.697s] -- Up-to-date: /home/capstone/autoware.ai/install/autoware_map_msgs/share/roseus/ros/autoware_map_msgs/msg/Waypoint.l
[21.697s] -- Up-to-date: /home/capstone/autoware.ai/install/autoware_map_msgs/share/roseus/ros/autoware_map_msgs/msg/LaneSignalLightRelation.l
[21.697s] -- Up-to-date: /home/capstone/autoware.ai/install/autoware_map_msgs/share/roseus/ros/autoware_map_msgs/msg/OppositeLaneRelation.l
[21.697s] -- Up-to-date: /home/capstone/autoware.ai/install/autoware_map_msgs/share/roseus/ros/autoware_map_msgs/msg/Area.l
[21.697s] -- Up-to-date: /home/capstone/autoware.ai/install/autoware_map_msgs/share/roseus/ros/autoware_map_msgs/msg/Point.l
[21.698s] -- Up-to-date: /home/capstone/autoware.ai/install/autoware_map_msgs/share/roseus/ros/autoware_map_msgs/msg/WaypointSignalRelationArray.l
[21.698s] -- Up-to-date: /home/capstone/autoware.ai/install/autoware_map_msgs/share/roseus/ros/autoware_map_msgs/msg/LaneRelation.l
[21.698s] -- Up-to-date: /home/capstone/autoware.ai/install/autoware_map_msgs/share/roseus/ros/autoware_map_msgs/msg/LaneArray.l
[21.698s] -- Up-to-date: /home/capstone/autoware.ai/install/autoware_map_msgs/share/roseus/ros/autoware_map_msgs/msg/WaypointLaneRelationArray.l
[21.698s] -- Up-to-date: /home/capstone/autoware.ai/install/autoware_map_msgs/share/roseus/ros/autoware_map_msgs/msg/LaneRelationArray.l
[21.698s] -- Up-to-date: /home/capstone/autoware.ai/install/autoware_map_msgs/share/roseus/ros/autoware_map_msgs/msg/LaneAttributeRelationArray.l
[21.699s] -- Up-to-date: /home/capstone/autoware.ai/install/autoware_map_msgs/share/roseus/ros/autoware_map_msgs/msg/WaypointLaneRelation.l
[21.699s] -- Up-to-date: /home/capstone/autoware.ai/install/autoware_map_msgs/share/roseus/ros/autoware_map_msgs/msg/WaypointSignalRelation.l
[21.699s] -- Up-to-date: /home/capstone/autoware.ai/install/autoware_map_msgs/share/roseus/ros/autoware_map_msgs/msg/WaypointRelationArray.l
[21.699s] -- Up-to-date: /home/capstone/autoware.ai/install/autoware_map_msgs/share/roseus/ros/autoware_map_msgs/msg/PointArray.l
[21.699s] -- Up-to-date: /home/capstone/autoware.ai/install/autoware_map_msgs/share/roseus/ros/autoware_map_msgs/msg/Lane.l
[21.699s] -- Up-to-date: /home/capstone/autoware.ai/install/autoware_map_msgs/share/roseus/ros/autoware_map_msgs/msg/SignalArray.l
[21.700s] -- Up-to-date: /home/capstone/autoware.ai/install/autoware_map_msgs/share/roseus/ros/autoware_map_msgs/msg/SignalLightArray.l
[21.700s] -- Up-to-date: /home/capstone/autoware.ai/install/autoware_map_msgs/share/roseus/ros/autoware_map_msgs/msg/SignalLight.l
[21.700s] -- Up-to-date: /home/capstone/autoware.ai/install/autoware_map_msgs/share/roseus/ros/autoware_map_msgs/msg/WaypointArray.l
[21.700s] -- Up-to-date: /home/capstone/autoware.ai/install/autoware_map_msgs/share/roseus/ros/autoware_map_msgs/msg/WayareaArray.l
[21.701s] -- Up-to-date: /home/capstone/autoware.ai/install/autoware_map_msgs/share/roseus/ros/autoware_map_msgs/msg/LaneSignalLightRelationArray.l
[21.701s] -- Up-to-date: /home/capstone/autoware.ai/install/autoware_map_msgs/share/roseus/ros/autoware_map_msgs/msg/Wayarea.l
[21.701s] -- Up-to-date: /home/capstone/autoware.ai/install/autoware_map_msgs/share/roseus/ros/autoware_map_msgs/msg/LaneChangeRelation.l
[21.701s] -- Up-to-date: /home/capstone/autoware.ai/install/autoware_map_msgs/share/roseus/ros/autoware_map_msgs/msg/LaneAttributeRelation.l
[21.701s] -- Up-to-date: /home/capstone/autoware.ai/install/autoware_map_msgs/share/roseus/ros/autoware_map_msgs/msg/OppositeLaneRelationArray.l
[21.701s] -- Up-to-date: /home/capstone/autoware.ai/install/autoware_map_msgs/share/common-lisp/ros/autoware_map_msgs
[21.702s] -- Up-to-date: /home/capstone/autoware.ai/install/autoware_map_msgs/share/common-lisp/ros/autoware_map_msgs/msg
[21.702s] -- Up-to-date: /home/capstone/autoware.ai/install/autoware_map_msgs/share/common-lisp/ros/autoware_map_msgs/msg/_package_WaypointRelation.lisp
[21.702s] -- Up-to-date: /home/capstone/autoware.ai/install/autoware_map_msgs/share/common-lisp/ros/autoware_map_msgs/msg/AreaArray.lisp
[21.702s] -- Up-to-date: /home/capstone/autoware.ai/install/autoware_map_msgs/share/common-lisp/ros/autoware_map_msgs/msg/_package_WaypointRelationArray.lisp
[21.702s] -- Up-to-date: /home/capstone/autoware.ai/install/autoware_map_msgs/share/common-lisp/ros/autoware_map_msgs/msg/_package_OppositeLaneRelation.lisp
[21.702s] -- Up-to-date: /home/capstone/autoware.ai/install/autoware_map_msgs/share/common-lisp/ros/autoware_map_msgs/msg/WaypointLaneRelationArray.lisp
[21.703s] -- Up-to-date: /home/capstone/autoware.ai/install/autoware_map_msgs/share/common-lisp/ros/autoware_map_msgs/msg/_package_LaneChangeRelation.lisp
[21.704s] -- Up-to-date: /home/capstone/autoware.ai/install/autoware_map_msgs/share/common-lisp/ros/autoware_map_msgs/msg/LaneSignalLightRelationArray.lisp
[21.704s] -- Up-to-date: /home/capstone/autoware.ai/install/autoware_map_msgs/share/common-lisp/ros/autoware_map_msgs/msg/autoware_map_msgs-msg.asd
[21.704s] -- Up-to-date: /home/capstone/autoware.ai/install/autoware_map_msgs/share/common-lisp/ros/autoware_map_msgs/msg/_package_WaypointSignalRelation.lisp
[21.705s] -- Up-to-date: /home/capstone/autoware.ai/install/autoware_map_msgs/share/common-lisp/ros/autoware_map_msgs/msg/OppositeLaneRelation.lisp
[21.705s] -- Up-to-date: /home/capstone/autoware.ai/install/autoware_map_msgs/share/common-lisp/ros/autoware_map_msgs/msg/Lane.lisp
[21.705s] -- Up-to-date: /home/capstone/autoware.ai/install/autoware_map_msgs/share/common-lisp/ros/autoware_map_msgs/msg/Waypoint.lisp
[21.705s] -- Up-to-date: /home/capstone/autoware.ai/install/autoware_map_msgs/share/common-lisp/ros/autoware_map_msgs/msg/_package_LaneChangeRelationArray.lisp
[21.705s] -- Up-to-date: /home/capstone/autoware.ai/install/autoware_map_msgs/share/common-lisp/ros/autoware_map_msgs/msg/WaypointSignalRelationArray.lisp
[21.705s] -- Up-to-date: /home/capstone/autoware.ai/install/autoware_map_msgs/share/common-lisp/ros/autoware_map_msgs/msg/_package_SignalLightArray.lisp
[21.706s] -- Up-to-date: /home/capstone/autoware.ai/install/autoware_map_msgs/share/common-lisp/ros/autoware_map_msgs/msg/_package_WaypointLaneRelationArray.lisp
[21.706s] -- Up-to-date: /home/capstone/autoware.ai/install/autoware_map_msgs/share/common-lisp/ros/autoware_map_msgs/msg/Area.lisp
[21.706s] -- Up-to-date: /home/capstone/autoware.ai/install/autoware_map_msgs/share/common-lisp/ros/autoware_map_msgs/msg/LaneChangeRelationArray.lisp
[21.706s] -- Up-to-date: /home/capstone/autoware.ai/install/autoware_map_msgs/share/common-lisp/ros/autoware_map_msgs/msg/_package_OppositeLaneRelationArray.lisp
[21.706s] -- Up-to-date: /home/capstone/autoware.ai/install/autoware_map_msgs/share/common-lisp/ros/autoware_map_msgs/msg/_package_LaneAttributeRelationArray.lisp
[21.706s] -- Up-to-date: /home/capstone/autoware.ai/install/autoware_map_msgs/share/common-lisp/ros/autoware_map_msgs/msg/LaneAttributeRelationArray.lisp
[21.707s] -- Up-to-date: /home/capstone/autoware.ai/install/autoware_map_msgs/share/common-lisp/ros/autoware_map_msgs/msg/LaneRelation.lisp
[21.707s] -- Up-to-date: /home/capstone/autoware.ai/install/autoware_map_msgs/share/common-lisp/ros/autoware_map_msgs/msg/_package_Wayarea.lisp
[21.708s] -- Up-to-date: /home/capstone/autoware.ai/install/autoware_map_msgs/share/common-lisp/ros/autoware_map_msgs/msg/LaneChangeRelation.lisp
[21.708s] -- Up-to-date: /home/capstone/autoware.ai/install/autoware_map_msgs/share/common-lisp/ros/autoware_map_msgs/msg/WaypointSignalRelation.lisp
[21.708s] -- Up-to-date: /home/capstone/autoware.ai/install/autoware_map_msgs/share/common-lisp/ros/autoware_map_msgs/msg/_package_AreaArray.lisp
[21.708s] -- Up-to-date: /home/capstone/autoware.ai/install/autoware_map_msgs/share/common-lisp/ros/autoware_map_msgs/msg/_package_WaypointSignalRelationArray.lisp
[21.708s] -- Up-to-date: /home/capstone/autoware.ai/install/autoware_map_msgs/share/common-lisp/ros/autoware_map_msgs/msg/SignalLightArray.lisp
[21.708s] -- Up-to-date: /home/capstone/autoware.ai/install/autoware_map_msgs/share/common-lisp/ros/autoware_map_msgs/msg/WaypointLaneRelation.lisp
[21.709s] -- Up-to-date: /home/capstone/autoware.ai/install/autoware_map_msgs/share/common-lisp/ros/autoware_map_msgs/msg/Signal.lisp
[21.709s] -- Up-to-date: /home/capstone/autoware.ai/install/autoware_map_msgs/share/common-lisp/ros/autoware_map_msgs/msg/_package_LaneSignalLightRelationArray.lisp
[21.709s] -- Up-to-date: /home/capstone/autoware.ai/install/autoware_map_msgs/share/common-lisp/ros/autoware_map_msgs/msg/PointArray.lisp
[21.709s] -- Up-to-date: /home/capstone/autoware.ai/install/autoware_map_msgs/share/common-lisp/ros/autoware_map_msgs/msg/_package_LaneAttributeRelation.lisp
[21.709s] -- Up-to-date: /home/capstone/autoware.ai/install/autoware_map_msgs/share/common-lisp/ros/autoware_map_msgs/msg/_package.lisp
[21.709s] -- Up-to-date: /home/capstone/autoware.ai/install/autoware_map_msgs/share/common-lisp/ros/autoware_map_msgs/msg/WaypointArray.lisp
[21.710s] -- Up-to-date: /home/capstone/autoware.ai/install/autoware_map_msgs/share/common-lisp/ros/autoware_map_msgs/msg/_package_PointArray.lisp
[21.710s] -- Up-to-date: /home/capstone/autoware.ai/install/autoware_map_msgs/share/common-lisp/ros/autoware_map_msgs/msg/_package_WayareaArray.lisp
[21.710s] -- Up-to-date: /home/capstone/autoware.ai/install/autoware_map_msgs/share/common-lisp/ros/autoware_map_msgs/msg/_package_WaypointLaneRelation.lisp
[21.710s] -- Up-to-date: /home/capstone/autoware.ai/install/autoware_map_msgs/share/common-lisp/ros/autoware_map_msgs/msg/LaneSignalLightRelation.lisp
[21.710s] -- Up-to-date: /home/capstone/autoware.ai/install/autoware_map_msgs/share/common-lisp/ros/autoware_map_msgs/msg/LaneAttributeRelation.lisp
[21.711s] -- Up-to-date: /home/capstone/autoware.ai/install/autoware_map_msgs/share/common-lisp/ros/autoware_map_msgs/msg/_package_Signal.lisp
[21.711s] -- Up-to-date: /home/capstone/autoware.ai/install/autoware_map_msgs/share/common-lisp/ros/autoware_map_msgs/msg/_package_Lane.lisp
[21.711s] -- Up-to-date: /home/capstone/autoware.ai/install/autoware_map_msgs/share/common-lisp/ros/autoware_map_msgs/msg/LaneRelationArray.lisp
[21.711s] -- Up-to-date: /home/capstone/autoware.ai/install/autoware_map_msgs/share/common-lisp/ros/autoware_map_msgs/msg/_package_WaypointArray.lisp
[21.711s] -- Up-to-date: /home/capstone/autoware.ai/install/autoware_map_msgs/share/common-lisp/ros/autoware_map_msgs/msg/_package_LaneRelationArray.lisp
[21.711s] -- Up-to-date: /home/capstone/autoware.ai/install/autoware_map_msgs/share/common-lisp/ros/autoware_map_msgs/msg/_package_Area.lisp
[21.712s] -- Up-to-date: /home/capstone/autoware.ai/install/autoware_map_msgs/share/common-lisp/ros/autoware_map_msgs/msg/WayareaArray.lisp
[21.712s] -- Up-to-date: /home/capstone/autoware.ai/install/autoware_map_msgs/share/common-lisp/ros/autoware_map_msgs/msg/OppositeLaneRelationArray.lisp
[21.712s] -- Up-to-date: /home/capstone/autoware.ai/install/autoware_map_msgs/share/common-lisp/ros/autoware_map_msgs/msg/SignalLight.lisp
[21.712s] -- Up-to-date: /home/capstone/autoware.ai/install/autoware_map_msgs/share/common-lisp/ros/autoware_map_msgs/msg/WaypointRelation.lisp
[21.712s] -- Up-to-date: /home/capstone/autoware.ai/install/autoware_map_msgs/share/common-lisp/ros/autoware_map_msgs/msg/_package_LaneSignalLightRelation.lisp
[21.712s] -- Up-to-date: /home/capstone/autoware.ai/install/autoware_map_msgs/share/common-lisp/ros/autoware_map_msgs/msg/_package_Waypoint.lisp
[21.713s] -- Up-to-date: /home/capstone/autoware.ai/install/autoware_map_msgs/share/common-lisp/ros/autoware_map_msgs/msg/SignalArray.lisp
[21.713s] -- Up-to-date: /home/capstone/autoware.ai/install/autoware_map_msgs/share/common-lisp/ros/autoware_map_msgs/msg/_package_LaneRelation.lisp
[21.713s] -- Up-to-date: /home/capstone/autoware.ai/install/autoware_map_msgs/share/common-lisp/ros/autoware_map_msgs/msg/_package_SignalArray.lisp
[21.713s] -- Up-to-date: /home/capstone/autoware.ai/install/autoware_map_msgs/share/common-lisp/ros/autoware_map_msgs/msg/_package_SignalLight.lisp
[21.713s] -- Up-to-date: /home/capstone/autoware.ai/install/autoware_map_msgs/share/common-lisp/ros/autoware_map_msgs/msg/_package_Point.lisp
[21.714s] -- Up-to-date: /home/capstone/autoware.ai/install/autoware_map_msgs/share/common-lisp/ros/autoware_map_msgs/msg/_package_LaneArray.lisp
[21.714s] -- Up-to-date: /home/capstone/autoware.ai/install/autoware_map_msgs/share/common-lisp/ros/autoware_map_msgs/msg/Wayarea.lisp
[21.715s] -- Up-to-date: /home/capstone/autoware.ai/install/autoware_map_msgs/share/common-lisp/ros/autoware_map_msgs/msg/LaneArray.lisp
[21.715s] -- Up-to-date: /home/capstone/autoware.ai/install/autoware_map_msgs/share/common-lisp/ros/autoware_map_msgs/msg/Point.lisp
[21.715s] -- Up-to-date: /home/capstone/autoware.ai/install/autoware_map_msgs/share/common-lisp/ros/autoware_map_msgs/msg/WaypointRelationArray.lisp
[21.715s] -- Up-to-date: /home/capstone/autoware.ai/install/autoware_map_msgs/share/gennodejs/ros/autoware_map_msgs
[21.715s] -- Up-to-date: /home/capstone/autoware.ai/install/autoware_map_msgs/share/gennodejs/ros/autoware_map_msgs/_index.js
[21.715s] -- Up-to-date: /home/capstone/autoware.ai/install/autoware_map_msgs/share/gennodejs/ros/autoware_map_msgs/msg
[21.716s] -- Up-to-date: /home/capstone/autoware.ai/install/autoware_map_msgs/share/gennodejs/ros/autoware_map_msgs/msg/AreaArray.js
[21.716s] -- Up-to-date: /home/capstone/autoware.ai/install/autoware_map_msgs/share/gennodejs/ros/autoware_map_msgs/msg/LaneSignalLightRelation.js
[21.716s] -- Up-to-date: /home/capstone/autoware.ai/install/autoware_map_msgs/share/gennodejs/ros/autoware_map_msgs/msg/Waypoint.js
[21.716s] -- Up-to-date: /home/capstone/autoware.ai/install/autoware_map_msgs/share/gennodejs/ros/autoware_map_msgs/msg/LaneArray.js
[21.716s] -- Up-to-date: /home/capstone/autoware.ai/install/autoware_map_msgs/share/gennodejs/ros/autoware_map_msgs/msg/_index.js
[21.716s] -- Up-to-date: /home/capstone/autoware.ai/install/autoware_map_msgs/share/gennodejs/ros/autoware_map_msgs/msg/LaneAttributeRelation.js
[21.717s] -- Up-to-date: /home/capstone/autoware.ai/install/autoware_map_msgs/share/gennodejs/ros/autoware_map_msgs/msg/Area.js
[21.717s] -- Up-to-date: /home/capstone/autoware.ai/install/autoware_map_msgs/share/gennodejs/ros/autoware_map_msgs/msg/Signal.js
[21.717s] -- Up-to-date: /home/capstone/autoware.ai/install/autoware_map_msgs/share/gennodejs/ros/autoware_map_msgs/msg/Lane.js
[21.718s] -- Up-to-date: /home/capstone/autoware.ai/install/autoware_map_msgs/share/gennodejs/ros/autoware_map_msgs/msg/LaneAttributeRelationArray.js
[21.718s] -- Up-to-date: /home/capstone/autoware.ai/install/autoware_map_msgs/share/gennodejs/ros/autoware_map_msgs/msg/SignalLight.js
[21.722s] -- Up-to-date: /home/capstone/autoware.ai/install/autoware_map_msgs/share/gennodejs/ros/autoware_map_msgs/msg/OppositeLaneRelation.js
[21.723s] -- Up-to-date: /home/capstone/autoware.ai/install/autoware_map_msgs/share/gennodejs/ros/autoware_map_msgs/msg/WaypointArray.js
[21.723s] -- Up-to-date: /home/capstone/autoware.ai/install/autoware_map_msgs/share/gennodejs/ros/autoware_map_msgs/msg/LaneRelationArray.js
[21.723s] -- Up-to-date: /home/capstone/autoware.ai/install/autoware_map_msgs/share/gennodejs/ros/autoware_map_msgs/msg/SignalArray.js
[21.724s] -- Up-to-date: /home/capstone/autoware.ai/install/autoware_map_msgs/share/gennodejs/ros/autoware_map_msgs/msg/WayareaArray.js
[21.724s] -- Up-to-date: /home/capstone/autoware.ai/install/autoware_map_msgs/share/gennodejs/ros/autoware_map_msgs/msg/WaypointSignalRelation.js
[21.724s] -- Up-to-date: /home/capstone/autoware.ai/install/autoware_map_msgs/share/gennodejs/ros/autoware_map_msgs/msg/SignalLightArray.js
[21.724s] -- Up-to-date: /home/capstone/autoware.ai/install/autoware_map_msgs/share/gennodejs/ros/autoware_map_msgs/msg/OppositeLaneRelationArray.js
[21.724s] -- Up-to-date: /home/capstone/autoware.ai/install/autoware_map_msgs/share/gennodejs/ros/autoware_map_msgs/msg/LaneChangeRelation.js
[21.724s] -- Up-to-date: /home/capstone/autoware.ai/install/autoware_map_msgs/share/gennodejs/ros/autoware_map_msgs/msg/WaypointLaneRelationArray.js
[21.725s] -- Up-to-date: /home/capstone/autoware.ai/install/autoware_map_msgs/share/gennodejs/ros/autoware_map_msgs/msg/PointArray.js
[21.725s] -- Up-to-date: /home/capstone/autoware.ai/install/autoware_map_msgs/share/gennodejs/ros/autoware_map_msgs/msg/LaneRelation.js
[21.725s] -- Up-to-date: /home/capstone/autoware.ai/install/autoware_map_msgs/share/gennodejs/ros/autoware_map_msgs/msg/WaypointSignalRelationArray.js
[21.725s] -- Up-to-date: /home/capstone/autoware.ai/install/autoware_map_msgs/share/gennodejs/ros/autoware_map_msgs/msg/LaneChangeRelationArray.js
[21.726s] -- Up-to-date: /home/capstone/autoware.ai/install/autoware_map_msgs/share/gennodejs/ros/autoware_map_msgs/msg/WaypointLaneRelation.js
[21.727s] -- Up-to-date: /home/capstone/autoware.ai/install/autoware_map_msgs/share/gennodejs/ros/autoware_map_msgs/msg/WaypointRelation.js
[21.727s] -- Up-to-date: /home/capstone/autoware.ai/install/autoware_map_msgs/share/gennodejs/ros/autoware_map_msgs/msg/Point.js
[21.727s] -- Up-to-date: /home/capstone/autoware.ai/install/autoware_map_msgs/share/gennodejs/ros/autoware_map_msgs/msg/LaneSignalLightRelationArray.js
[21.727s] -- Up-to-date: /home/capstone/autoware.ai/install/autoware_map_msgs/share/gennodejs/ros/autoware_map_msgs/msg/Wayarea.js
[21.727s] -- Up-to-date: /home/capstone/autoware.ai/install/autoware_map_msgs/share/gennodejs/ros/autoware_map_msgs/msg/WaypointRelationArray.js
[21.791s] Listing /home/capstone/autoware.ai/build/autoware_map_msgs/devel/lib/python2.7/dist-packages/autoware_map_msgs ...
[21.792s] Listing /home/capstone/autoware.ai/build/autoware_map_msgs/devel/lib/python2.7/dist-packages/autoware_map_msgs/msg ...
[21.792s] Compiling /home/capstone/autoware.ai/build/autoware_map_msgs/devel/lib/python2.7/dist-packages/autoware_map_msgs/msg/_LaneChangeRelation.py ...
[21.792s]   File "/home/capstone/autoware.ai/build/autoware_map_msgs/devel/lib/python2.7/dist-packages/autoware_map_msgs/msg/_LaneChangeRelation.py", line 33
[21.792s]     None = 0
[21.792s] SyntaxError: cannot assign to None
[21.792s] 
[21.793s] Compiling /home/capstone/autoware.ai/build/autoware_map_msgs/devel/lib/python2.7/dist-packages/autoware_map_msgs/msg/_LaneRelation.py ...
[21.793s]   File "/home/capstone/autoware.ai/build/autoware_map_msgs/devel/lib/python2.7/dist-packages/autoware_map_msgs/msg/_LaneRelation.py", line 32
[21.793s]     None = 0
[21.793s] SyntaxError: cannot assign to None
[21.793s] 
[21.798s] -- Up-to-date: /home/capstone/autoware.ai/install/autoware_map_msgs/lib/python2.7/dist-packages/autoware_map_msgs
[21.798s] -- Up-to-date: /home/capstone/autoware.ai/install/autoware_map_msgs/lib/python2.7/dist-packages/autoware_map_msgs/__init__.pyc
[21.798s] -- Up-to-date: /home/capstone/autoware.ai/install/autoware_map_msgs/lib/python2.7/dist-packages/autoware_map_msgs/__init__.py
[21.798s] -- Up-to-date: /home/capstone/autoware.ai/install/autoware_map_msgs/lib/python2.7/dist-packages/autoware_map_msgs/msg
[21.798s] -- Up-to-date: /home/capstone/autoware.ai/install/autoware_map_msgs/lib/python2.7/dist-packages/autoware_map_msgs/msg/_Wayarea.py
[21.799s] -- Up-to-date: /home/capstone/autoware.ai/install/autoware_map_msgs/lib/python2.7/dist-packages/autoware_map_msgs/msg/_WaypointSignalRelationArray.pyc
[21.799s] -- Up-to-date: /home/capstone/autoware.ai/install/autoware_map_msgs/lib/python2.7/dist-packages/autoware_map_msgs/msg/_WaypointSignalRelation.py
[21.799s] -- Up-to-date: /home/capstone/autoware.ai/install/autoware_map_msgs/lib/python2.7/dist-packages/autoware_map_msgs/msg/_Lane.py
[21.799s] -- Up-to-date: /home/capstone/autoware.ai/install/autoware_map_msgs/lib/python2.7/dist-packages/autoware_map_msgs/msg/_LaneArray.pyc
[21.799s] -- Up-to-date: /home/capstone/autoware.ai/install/autoware_map_msgs/lib/python2.7/dist-packages/autoware_map_msgs/msg/_LaneRelationArray.pyc
[21.799s] -- Up-to-date: /home/capstone/autoware.ai/install/autoware_map_msgs/lib/python2.7/dist-packages/autoware_map_msgs/msg/_WaypointRelation.pyc
[21.800s] -- Up-to-date: /home/capstone/autoware.ai/install/autoware_map_msgs/lib/python2.7/dist-packages/autoware_map_msgs/msg/_PointArray.py
[21.800s] -- Up-to-date: /home/capstone/autoware.ai/install/autoware_map_msgs/lib/python2.7/dist-packages/autoware_map_msgs/msg/_Lane.pyc
[21.800s] -- Up-to-date: /home/capstone/autoware.ai/install/autoware_map_msgs/lib/python2.7/dist-packages/autoware_map_msgs/msg/_WayareaArray.pyc
[21.800s] -- Up-to-date: /home/capstone/autoware.ai/install/autoware_map_msgs/lib/python2.7/dist-packages/autoware_map_msgs/msg/_WaypointRelation.py
[21.800s] -- Up-to-date: /home/capstone/autoware.ai/install/autoware_map_msgs/lib/python2.7/dist-packages/autoware_map_msgs/msg/_OppositeLaneRelation.py
[21.801s] -- Up-to-date: /home/capstone/autoware.ai/install/autoware_map_msgs/lib/python2.7/dist-packages/autoware_map_msgs/msg/_LaneSignalLightRelationArray.pyc
[21.801s] -- Up-to-date: /home/capstone/autoware.ai/install/autoware_map_msgs/lib/python2.7/dist-packages/autoware_map_msgs/msg/_WaypointLaneRelation.py
[21.801s] -- Up-to-date: /home/capstone/autoware.ai/install/autoware_map_msgs/lib/python2.7/dist-packages/autoware_map_msgs/msg/_LaneAttributeRelation.pyc
[21.802s] -- Up-to-date: /home/capstone/autoware.ai/install/autoware_map_msgs/lib/python2.7/dist-packages/autoware_map_msgs/msg/_Signal.pyc
[21.802s] -- Up-to-date: /home/capstone/autoware.ai/install/autoware_map_msgs/lib/python2.7/dist-packages/autoware_map_msgs/msg/_WaypointLaneRelationArray.py
[21.802s] -- Up-to-date: /home/capstone/autoware.ai/install/autoware_map_msgs/lib/python2.7/dist-packages/autoware_map_msgs/msg/_SignalLight.py
[21.802s] -- Up-to-date: /home/capstone/autoware.ai/install/autoware_map_msgs/lib/python2.7/dist-packages/autoware_map_msgs/msg/_Wayarea.pyc
[21.802s] -- Up-to-date: /home/capstone/autoware.ai/install/autoware_map_msgs/lib/python2.7/dist-packages/autoware_map_msgs/msg/_LaneSignalLightRelation.pyc
[21.802s] -- Up-to-date: /home/capstone/autoware.ai/install/autoware_map_msgs/lib/python2.7/dist-packages/autoware_map_msgs/msg/_OppositeLaneRelation.pyc
[21.803s] -- Up-to-date: /home/capstone/autoware.ai/install/autoware_map_msgs/lib/python2.7/dist-packages/autoware_map_msgs/msg/_LaneChangeRelation.py
[21.803s] -- Up-to-date: /home/capstone/autoware.ai/install/autoware_map_msgs/lib/python2.7/dist-packages/autoware_map_msgs/msg/_Signal.py
[21.803s] -- Up-to-date: /home/capstone/autoware.ai/install/autoware_map_msgs/lib/python2.7/dist-packages/autoware_map_msgs/msg/_LaneChangeRelationArray.py
[21.803s] -- Up-to-date: /home/capstone/autoware.ai/install/autoware_map_msgs/lib/python2.7/dist-packages/autoware_map_msgs/msg/_WayareaArray.py
[21.803s] -- Up-to-date: /home/capstone/autoware.ai/install/autoware_map_msgs/lib/python2.7/dist-packages/autoware_map_msgs/msg/_LaneChangeRelationArray.pyc
[21.803s] -- Up-to-date: /home/capstone/autoware.ai/install/autoware_map_msgs/lib/python2.7/dist-packages/autoware_map_msgs/msg/_AreaArray.pyc
[21.804s] -- Up-to-date: /home/capstone/autoware.ai/install/autoware_map_msgs/lib/python2.7/dist-packages/autoware_map_msgs/msg/_WaypointLaneRelation.pyc
[21.804s] -- Up-to-date: /home/capstone/autoware.ai/install/autoware_map_msgs/lib/python2.7/dist-packages/autoware_map_msgs/msg/_OppositeLaneRelationArray.pyc
[21.804s] -- Up-to-date: /home/capstone/autoware.ai/install/autoware_map_msgs/lib/python2.7/dist-packages/autoware_map_msgs/msg/_LaneAttributeRelationArray.py
[21.804s] -- Up-to-date: /home/capstone/autoware.ai/install/autoware_map_msgs/lib/python2.7/dist-packages/autoware_map_msgs/msg/_Waypoint.py
[21.804s] -- Up-to-date: /home/capstone/autoware.ai/install/autoware_map_msgs/lib/python2.7/dist-packages/autoware_map_msgs/msg/_PointArray.pyc
[21.805s] -- Up-to-date: /home/capstone/autoware.ai/install/autoware_map_msgs/lib/python2.7/dist-packages/autoware_map_msgs/msg/_SignalArray.pyc
[21.805s] -- Up-to-date: /home/capstone/autoware.ai/install/autoware_map_msgs/lib/python2.7/dist-packages/autoware_map_msgs/msg/_LaneRelation.py
[21.805s] -- Up-to-date: /home/capstone/autoware.ai/install/autoware_map_msgs/lib/python2.7/dist-packages/autoware_map_msgs/msg/_LaneAttributeRelation.py
[21.805s] -- Up-to-date: /home/capstone/autoware.ai/install/autoware_map_msgs/lib/python2.7/dist-packages/autoware_map_msgs/msg/_WaypointSignalRelationArray.py
[21.805s] -- Up-to-date: /home/capstone/autoware.ai/install/autoware_map_msgs/lib/python2.7/dist-packages/autoware_map_msgs/msg/_SignalLight.pyc
[21.805s] -- Up-to-date: /home/capstone/autoware.ai/install/autoware_map_msgs/lib/python2.7/dist-packages/autoware_map_msgs/msg/_Area.py
[21.806s] -- Up-to-date: /home/capstone/autoware.ai/install/autoware_map_msgs/lib/python2.7/dist-packages/autoware_map_msgs/msg/_LaneAttributeRelationArray.pyc
[21.806s] -- Up-to-date: /home/capstone/autoware.ai/install/autoware_map_msgs/lib/python2.7/dist-packages/autoware_map_msgs/msg/_Area.pyc
[21.806s] -- Up-to-date: /home/capstone/autoware.ai/install/autoware_map_msgs/lib/python2.7/dist-packages/autoware_map_msgs/msg/_SignalArray.py
[21.806s] -- Up-to-date: /home/capstone/autoware.ai/install/autoware_map_msgs/lib/python2.7/dist-packages/autoware_map_msgs/msg/_WaypointSignalRelation.pyc
[21.806s] -- Up-to-date: /home/capstone/autoware.ai/install/autoware_map_msgs/lib/python2.7/dist-packages/autoware_map_msgs/msg/_WaypointArray.py
[21.807s] -- Up-to-date: /home/capstone/autoware.ai/install/autoware_map_msgs/lib/python2.7/dist-packages/autoware_map_msgs/msg/_WaypointArray.pyc
[21.807s] -- Up-to-date: /home/capstone/autoware.ai/install/autoware_map_msgs/lib/python2.7/dist-packages/autoware_map_msgs/msg/_SignalLightArray.pyc
[21.807s] -- Up-to-date: /home/capstone/autoware.ai/install/autoware_map_msgs/lib/python2.7/dist-packages/autoware_map_msgs/msg/_WaypointRelationArray.py
[21.807s] -- Up-to-date: /home/capstone/autoware.ai/install/autoware_map_msgs/lib/python2.7/dist-packages/autoware_map_msgs/msg/_WaypointLaneRelationArray.pyc
[21.808s] -- Up-to-date: /home/capstone/autoware.ai/install/autoware_map_msgs/lib/python2.7/dist-packages/autoware_map_msgs/msg/_AreaArray.py
[21.811s] -- Up-to-date: /home/capstone/autoware.ai/install/autoware_map_msgs/lib/python2.7/dist-packages/autoware_map_msgs/msg/_WaypointRelationArray.pyc
[21.811s] -- Up-to-date: /home/capstone/autoware.ai/install/autoware_map_msgs/lib/python2.7/dist-packages/autoware_map_msgs/msg/_SignalLightArray.py
[21.812s] -- Up-to-date: /home/capstone/autoware.ai/install/autoware_map_msgs/lib/python2.7/dist-packages/autoware_map_msgs/msg/_LaneArray.py
[21.812s] -- Up-to-date: /home/capstone/autoware.ai/install/autoware_map_msgs/lib/python2.7/dist-packages/autoware_map_msgs/msg/_Point.py
[21.813s] -- Up-to-date: /home/capstone/autoware.ai/install/autoware_map_msgs/lib/python2.7/dist-packages/autoware_map_msgs/msg/_Point.pyc
[21.813s] -- Up-to-date: /home/capstone/autoware.ai/install/autoware_map_msgs/lib/python2.7/dist-packages/autoware_map_msgs/msg/_LaneSignalLightRelationArray.py
[21.814s] -- Up-to-date: /home/capstone/autoware.ai/install/autoware_map_msgs/lib/python2.7/dist-packages/autoware_map_msgs/msg/_LaneRelationArray.py
[21.814s] -- Up-to-date: /home/capstone/autoware.ai/install/autoware_map_msgs/lib/python2.7/dist-packages/autoware_map_msgs/msg/__init__.pyc
[21.815s] -- Up-to-date: /home/capstone/autoware.ai/install/autoware_map_msgs/lib/python2.7/dist-packages/autoware_map_msgs/msg/_LaneSignalLightRelation.py
[21.815s] -- Up-to-date: /home/capstone/autoware.ai/install/autoware_map_msgs/lib/python2.7/dist-packages/autoware_map_msgs/msg/_OppositeLaneRelationArray.py
[21.817s] -- Up-to-date: /home/capstone/autoware.ai/install/autoware_map_msgs/lib/python2.7/dist-packages/autoware_map_msgs/msg/_Waypoint.pyc
[21.817s] -- Up-to-date: /home/capstone/autoware.ai/install/autoware_map_msgs/lib/python2.7/dist-packages/autoware_map_msgs/msg/__init__.py
[21.818s] -- Up-to-date: /home/capstone/autoware.ai/install/autoware_map_msgs/lib/pkgconfig/autoware_map_msgs.pc
[21.818s] -- Up-to-date: /home/capstone/autoware.ai/install/autoware_map_msgs/share/autoware_map_msgs/cmake/autoware_map_msgs-msg-extras.cmake
[21.818s] -- Up-to-date: /home/capstone/autoware.ai/install/autoware_map_msgs/share/autoware_map_msgs/cmake/autoware_map_msgsConfig.cmake
[21.819s] -- Up-to-date: /home/capstone/autoware.ai/install/autoware_map_msgs/share/autoware_map_msgs/cmake/autoware_map_msgsConfig-version.cmake
[21.819s] -- Up-to-date: /home/capstone/autoware.ai/install/autoware_map_msgs/share/autoware_map_msgs/package.xml
