[0.605s] [  0%] Built target tf_generate_messages_lisp
[0.748s] [  0%] Built target jsk_recognition_msgs_generate_messages_eus
[0.897s] [  0%] Built target std_msgs_generate_messages_py
[1.040s] [  0%] Built target jsk_recognition_msgs_generate_messages_cpp
[1.272s] [  0%] Built target geometry_msgs_generate_messages_lisp
[1.418s] [  0%] Built target autoware_msgs_generate_messages_eus
[1.560s] [  0%] Built target std_msgs_generate_messages_nodejs
[1.704s] [  0%] Built target geometry_msgs_generate_messages_eus
[1.854s] [  0%] Built target std_msgs_generate_messages_cpp
[1.996s] [  0%] Built target jsk_footstep_msgs_generate_messages_py
[2.171s] [  0%] Built target geometry_msgs_generate_messages_py
[2.349s] [  0%] Built target tf2_msgs_generate_messages_eus
[2.489s] [  0%] Built target sensor_msgs_generate_messages_py
[2.634s] [  0%] Built target jsk_footstep_msgs_generate_messages_lisp
[2.782s] [  0%] Built target autoware_msgs_generate_messages_nodejs
[2.925s] [  0%] Built target actionlib_msgs_generate_messages_eus
[3.084s] [  0%] Built target tf_generate_messages_eus
[3.240s] [  0%] Built target autoware_msgs_generate_messages_py
[3.387s] [  0%] Built target rosgraph_msgs_generate_messages_lisp
[3.530s] [  0%] Built target rosgraph_msgs_generate_messages_py
[3.673s] [  0%] Built target sensor_msgs_generate_messages_lisp
[3.821s] [  0%] Built target sensor_msgs_generate_messages_eus
[3.968s] [  0%] Built target roscpp_generate_messages_cpp
[4.129s] [  0%] Built target autoware_msgs_generate_messages_lisp
[4.293s] [  0%] Built target sensor_msgs_generate_messages_cpp
[4.438s] [  0%] Built target pcl_msgs_generate_messages_cpp
[4.583s] [  0%] Built target jsk_recognition_msgs_generate_messages_py
[4.728s] [  0%] Built target std_msgs_generate_messages_lisp
[4.873s] [  0%] Built target autoware_msgs_generate_messages_cpp
[5.018s] [  0%] Built target jsk_footstep_msgs_generate_messages_eus
[5.225s] [  0%] Built target actionlib_generate_messages_lisp
[5.368s] [  0%] Built target _catkin_empty_exported_target
[5.512s] [  0%] Built target roscpp_generate_messages_lisp
[5.656s] [  0%] Built target geometry_msgs_generate_messages_nodejs
[5.800s] [  0%] Built target geometry_msgs_generate_messages_cpp
[5.949s] [ 50%] Built target beyond_track_lib
[6.101s] [ 50%] Built target pcl_msgs_generate_messages_eus
[6.324s] [ 50%] Built target pcl_msgs_generate_messages_nodejs
[6.471s] [ 50%] Built target pcl_msgs_generate_messages_lisp
[6.613s] [ 50%] Built target pcl_msgs_generate_messages_py
[6.756s] [ 50%] Built target sensor_msgs_generate_messages_nodejs
[6.908s] [ 50%] Built target jsk_footstep_msgs_generate_messages_nodejs
[7.050s] [ 50%] Built target actionlib_msgs_generate_messages_cpp
[7.261s] [ 50%] Built target tf_generate_messages_py
[7.405s] [ 50%] Built target std_msgs_generate_messages_eus
[7.547s] [ 50%] Built target actionlib_msgs_generate_messages_lisp
[7.693s] [ 50%] Built target actionlib_msgs_generate_messages_nodejs
[7.840s] [ 50%] Built target actionlib_msgs_generate_messages_py
[7.989s] [ 50%] Built target rosgraph_msgs_generate_messages_nodejs
[8.169s] [ 50%] Built target roscpp_generate_messages_eus
[8.346s] [ 50%] Built target jsk_footstep_msgs_generate_messages_cpp
[8.490s] [ 50%] Built target roscpp_generate_messages_nodejs
[8.633s] [ 50%] Built target jsk_recognition_msgs_generate_messages_nodejs
[8.776s] [ 50%] Built target roscpp_generate_messages_py
[8.918s] [ 50%] Built target actionlib_generate_messages_eus
[9.076s] [ 50%] Built target rosgraph_msgs_generate_messages_cpp
[9.277s] [ 50%] Built target rosgraph_msgs_generate_messages_eus
[9.423s] [ 50%] Built target tf_generate_messages_cpp
[9.567s] [ 50%] Built target jsk_recognition_msgs_generate_messages_lisp
[9.708s] [ 50%] Built target tf_generate_messages_nodejs
[9.857s] [ 50%] Built target actionlib_generate_messages_cpp
[10.002s] [ 50%] Built target actionlib_generate_messages_nodejs
[10.181s] [ 50%] Built target actionlib_generate_messages_py
[10.349s] [ 50%] Built target tf2_msgs_generate_messages_cpp
[10.490s] [ 50%] Built target tf2_msgs_generate_messages_lisp
[10.635s] [ 50%] Built target tf2_msgs_generate_messages_nodejs
[10.777s] [ 50%] Built target tf2_msgs_generate_messages_py
[10.935s] [100%] Built target vision_beyond_track
[12.386s] Built target tests
[13.719s] [  0%] Built target tf_generate_messages_lisp
[13.866s] [  0%] Built target jsk_recognition_msgs_generate_messages_eus
[14.020s] [  0%] Built target std_msgs_generate_messages_py
[14.204s] [  0%] Built target jsk_recognition_msgs_generate_messages_cpp
[14.355s] [  0%] Built target geometry_msgs_generate_messages_lisp
[14.497s] [  0%] Built target autoware_msgs_generate_messages_eus
[14.638s] [  0%] Built target std_msgs_generate_messages_nodejs
[14.786s] [  0%] Built target geometry_msgs_generate_messages_eus
[14.934s] [  0%] Built target std_msgs_generate_messages_cpp
[15.082s] [  0%] Built target jsk_footstep_msgs_generate_messages_py
[15.261s] [  0%] Built target geometry_msgs_generate_messages_py
[15.409s] [  0%] Built target tf2_msgs_generate_messages_eus
[15.554s] [  0%] Built target sensor_msgs_generate_messages_py
[15.698s] [  0%] Built target jsk_footstep_msgs_generate_messages_lisp
[15.842s] [  0%] Built target autoware_msgs_generate_messages_nodejs
[15.987s] [  0%] Built target actionlib_msgs_generate_messages_eus
[16.202s] [  0%] Built target tf_generate_messages_eus
[16.383s] [  0%] Built target autoware_msgs_generate_messages_py
[16.527s] [  0%] Built target rosgraph_msgs_generate_messages_lisp
[16.672s] [  0%] Built target rosgraph_msgs_generate_messages_py
[16.826s] [  0%] Built target sensor_msgs_generate_messages_lisp
[16.974s] [  0%] Built target sensor_msgs_generate_messages_eus
[17.156s] [  0%] Built target roscpp_generate_messages_cpp
[17.324s] [  0%] Built target autoware_msgs_generate_messages_lisp
[17.468s] [  0%] Built target sensor_msgs_generate_messages_cpp
[17.613s] [  0%] Built target pcl_msgs_generate_messages_cpp
[17.761s] [  0%] Built target jsk_recognition_msgs_generate_messages_py
[17.913s] [  0%] Built target std_msgs_generate_messages_lisp
[18.078s] [  0%] Built target autoware_msgs_generate_messages_cpp
[18.248s] [  0%] Built target jsk_footstep_msgs_generate_messages_eus
[18.394s] [  0%] Built target actionlib_generate_messages_lisp
[18.540s] [  0%] Built target _catkin_empty_exported_target
[18.683s] [  0%] Built target roscpp_generate_messages_lisp
[18.832s] [  0%] Built target geometry_msgs_generate_messages_nodejs
[18.969s] [  0%] Built target geometry_msgs_generate_messages_cpp
[19.134s] [ 50%] Built target beyond_track_lib
[19.324s] [ 50%] Built target pcl_msgs_generate_messages_eus
[19.465s] [ 50%] Built target pcl_msgs_generate_messages_nodejs
[19.606s] [ 50%] Built target pcl_msgs_generate_messages_lisp
[19.752s] [ 50%] Built target pcl_msgs_generate_messages_py
[19.894s] [ 50%] Built target sensor_msgs_generate_messages_nodejs
[20.035s] [ 50%] Built target jsk_footstep_msgs_generate_messages_nodejs
[20.231s] [ 50%] Built target actionlib_msgs_generate_messages_cpp
[20.377s] [ 50%] Built target tf_generate_messages_py
[20.522s] [ 50%] Built target std_msgs_generate_messages_eus
[20.668s] [ 50%] Built target actionlib_msgs_generate_messages_lisp
[20.815s] [ 50%] Built target actionlib_msgs_generate_messages_nodejs
[20.969s] [ 50%] Built target actionlib_msgs_generate_messages_py
[21.132s] [ 50%] Built target rosgraph_msgs_generate_messages_nodejs
[21.311s] [ 50%] Built target roscpp_generate_messages_eus
[21.458s] [ 50%] Built target jsk_footstep_msgs_generate_messages_cpp
[21.599s] [ 50%] Built target roscpp_generate_messages_nodejs
[21.740s] [ 50%] Built target jsk_recognition_msgs_generate_messages_nodejs
[21.885s] [ 50%] Built target roscpp_generate_messages_py
[22.030s] [ 50%] Built target actionlib_generate_messages_eus
[22.221s] [ 50%] Built target rosgraph_msgs_generate_messages_cpp
[22.364s] [ 50%] Built target rosgraph_msgs_generate_messages_eus
[22.507s] [ 50%] Built target tf_generate_messages_cpp
[22.653s] [ 50%] Built target jsk_recognition_msgs_generate_messages_lisp
[22.798s] [ 50%] Built target tf_generate_messages_nodejs
[22.941s] [ 50%] Built target actionlib_generate_messages_cpp
[23.099s] [ 50%] Built target actionlib_generate_messages_nodejs
[23.296s] [ 50%] Built target actionlib_generate_messages_py
[23.449s] [ 50%] Built target tf2_msgs_generate_messages_cpp
[23.593s] [ 50%] Built target tf2_msgs_generate_messages_lisp
[23.740s] [ 50%] Built target tf2_msgs_generate_messages_nodejs
[23.880s] [ 50%] Built target tf2_msgs_generate_messages_py
[24.044s] [100%] Built target vision_beyond_track
[24.213s] [36mInstall the project...[0m
[24.270s] -- Install configuration: "Release"
[24.270s] -- Up-to-date: /home/capstone/autoware.ai/install/vision_beyond_track/lib/pkgconfig/vision_beyond_track.pc
[24.271s] -- Up-to-date: /home/capstone/autoware.ai/install/vision_beyond_track/share/vision_beyond_track/cmake/vision_beyond_trackConfig.cmake
[24.271s] -- Up-to-date: /home/capstone/autoware.ai/install/vision_beyond_track/share/vision_beyond_track/cmake/vision_beyond_trackConfig-version.cmake
[24.271s] -- Up-to-date: /home/capstone/autoware.ai/install/vision_beyond_track/share/vision_beyond_track/package.xml
[24.271s] -- Up-to-date: /home/capstone/autoware.ai/install/vision_beyond_track/lib/libbeyond_track_lib.a
[24.271s] -- Up-to-date: /home/capstone/autoware.ai/install/vision_beyond_track/lib/vision_beyond_track/vision_beyond_track
[24.272s] -- Up-to-date: /home/capstone/autoware.ai/install/vision_beyond_track/share/vision_beyond_track/launch
[24.272s] -- Up-to-date: /home/capstone/autoware.ai/install/vision_beyond_track/share/vision_beyond_track/launch/vision_beyond_track.launch
