[0.487s] [ 50%] Built target adxl345_node
[0.644s] [100%] Built target adis16470_node
[1.743s] Built target tests
[2.765s] [ 50%] Built target adxl345_node
[2.973s] [100%] Built target adis16470_node
[3.103s] [36mInstall the project...[0m
[3.168s] -- Install configuration: "Release"
[3.168s] -- Up-to-date: /home/capstone/autoware.ai/install/adi_driver/lib/pkgconfig/adi_driver.pc
[3.169s] -- Up-to-date: /home/capstone/autoware.ai/install/adi_driver/share/adi_driver/cmake/adi_driverConfig.cmake
[3.169s] -- Up-to-date: /home/capstone/autoware.ai/install/adi_driver/share/adi_driver/cmake/adi_driverConfig-version.cmake
[3.169s] -- Up-to-date: /home/capstone/autoware.ai/install/adi_driver/share/adi_driver/package.xml
[3.171s] -- Up-to-date: /home/capstone/autoware.ai/install/adi_driver/lib/adi_driver/adis16470_node
[3.172s] -- Up-to-date: /home/capstone/autoware.ai/install/adi_driver/lib/adi_driver/adxl345_node
[3.173s] -- Up-to-date: /home/capstone/autoware.ai/install/adi_driver/include/adi_driver
[3.173s] -- Up-to-date: /home/capstone/autoware.ai/install/adi_driver/include/adi_driver/adis16470.h
[3.173s] -- Up-to-date: /home/capstone/autoware.ai/install/adi_driver/include/adi_driver/adxl345.h
[3.174s] -- Up-to-date: /home/capstone/autoware.ai/install/adi_driver/share/adi_driver/launch
[3.174s] -- Up-to-date: /home/capstone/autoware.ai/install/adi_driver/share/adi_driver/launch/imu.rviz
[3.174s] -- Up-to-date: /home/capstone/autoware.ai/install/adi_driver/share/adi_driver/launch/adxl345.launch
[3.174s] -- Up-to-date: /home/capstone/autoware.ai/install/adi_driver/share/adi_driver/launch/adis16470.launch
[3.174s] -- Up-to-date: /home/capstone/autoware.ai/install/adi_driver/share/adi_driver/test
[3.175s] -- Up-to-date: /home/capstone/autoware.ai/install/adi_driver/share/adi_driver/test/test_adis16470.py
[3.175s] -- Up-to-date: /home/capstone/autoware.ai/install/adi_driver/share/adi_driver/test/test_adxl345.py
[3.175s] -- Up-to-date: /home/capstone/autoware.ai/install/adi_driver/share/adi_driver/urdf
[3.176s] -- Up-to-date: /home/capstone/autoware.ai/install/adi_driver/share/adi_driver/urdf/adis16470_breakout.urdf
