[1.389s] -- CUDA compilation status: 1.
[1.390s] -- Using CATKIN_DEVEL_PREFIX: /home/capstone/autoware.ai/build/naive_motion_predict/devel
[1.391s] -- Using CMAKE_PREFIX_PATH: /home/capstone/autoware.ai/install/imm_ukf_pda_track;/home/capstone/autoware.ai/install/lanelet2_extension;/home/capstone/autoware.ai/install/lanelet2_validation;/home/capstone/autoware.ai/install/lanelet2_routing;/home/capstone/autoware.ai/install/lanelet2_projection;/home/capstone/autoware.ai/install/lanelet2_traffic_rules;/home/capstone/autoware.ai/install/lanelet2_maps;/home/capstone/autoware.ai/install/lanelet2_io;/home/capstone/autoware.ai/install/vector_map;/home/capstone/autoware.ai/install/lanelet2_core;/home/capstone/autoware.ai/install/amathutils_lib;/home/capstone/autoware.ai/install/vector_map_msgs;/home/capstone/autoware.ai/install/autoware_msgs;/home/capstone/autoware.ai/install/autoware_lanelet2_msgs;/home/capstone/autoware.ai/install/autoware_build_flags;/home/capstone/autoware.ai/install/ymc;/home/capstone/autoware.ai/install/xsens_driver;/home/capstone/autoware.ai/install/wf_simulator;/home/capstone/autoware.ai/install/lattice_planner;/home/capstone/autoware.ai/install/waypoint_planner;/home/capstone/autoware.ai/install/waypoint_maker;/home/capstone/autoware.ai/install/way_planner;/home/capstone/autoware.ai/install/vlg22c_cam;/home/capstone/autoware.ai/install/vision_ssd_detect;/home/capstone/autoware.ai/install/vision_segment_enet_detect;/home/capstone/autoware.ai/install/vision_lane_detect;/home/capstone/autoware.ai/install/vision_darknet_detect;/home/capstone/autoware.ai/install/vision_beyond_track;/home/capstone/autoware.ai/install/vel_pose_diff_checker;/home/capstone/autoware.ai/install/vehicle_socket;/home/capstone/autoware.ai/install/vehicle_sim_model;/home/capstone/autoware.ai/install/vehicle_model;/home/capstone/autoware.ai/install/vehicle_gazebo_simulation_launcher;/home/capstone/autoware.ai/install/vehicle_gazebo_simulation_interface;/home/capstone/autoware.ai/install/vehicle_engage_panel;/home/capstone/autoware.ai/install/vehicle_description;/home/capstone/autoware.ai/install/trafficlight_recognizer;/home/capstone/autoware.ai/install/op_utilities;/home/capstone/autoware.ai/install/op_simulation_package;/home/capstone/autoware.ai/install/op_local_planner;/home/capstone/autoware.ai/install/op_global_planner;/home/capstone/autoware.ai/install/lidar_kf_contour_track;/home/capstone/autoware.ai/install/op_ros_helpers;/home/capstone/autoware.ai/install/ff_waypoint_follower;/home/capstone/autoware.ai/install/dp_planner;/home/capstone/autoware.ai/install/op_simu;/home/capstone/autoware.ai/install/op_planner;/home/capstone/autoware.ai/install/op_utility;/home/capstone/autoware.ai/install/lidar_euclidean_cluster_detect;/home/capstone/autoware.ai/install/vector_map_server;/home/capstone/autoware.ai/install/road_occupancy_processor;/home/capstone/autoware.ai/install/costmap_generator;/home/capstone/autoware.ai/install/object_map;/home/capstone/autoware.ai/install/naive_motion_predict;/home/capstone/autoware.ai/install/lanelet_aisan_converter;/home/capstone/autoware.ai/install/map_file;/home/capstone/autoware.ai/install/libvectormap;/home/capstone/autoware.ai/install/lane_planner;/home/capstone/autoware.ai/install/decision_maker;/home/capstone/autoware.ai/install/vectacam;/home/capstone/autoware.ai/install/udon_socket;/home/capstone/autoware.ai/install/twist_generator;/home/capstone/autoware.ai/install/twist_gate;/home/capstone/autoware.ai/install/twist_filter;/home/capstone/autoware.ai/install/twist2odom;/home/capstone/autoware.ai/install/tablet_socket;/home/capstone/autoware.ai/install/runtime_manager;/home/capstone/autoware.ai/install/mqtt_socket;/home/capstone/autoware.ai/install/tablet_socket_msgs;/home/capstone/autoware.ai/install/state_machine_lib;/home/capstone/autoware.ai/install/sound_player;/home/capstone/autoware.ai/install/sick_lms5xx;/home/capstone/autoware.ai/install/sick_ldmrs_tools;/home/capstone/autoware.ai/install/sick_ldmrs_driver;/home/capstone/autoware.ai/install/sick_ldmrs_msgs;/home/capstone/autoware.ai/install/sick_ldmrs_description;/home/capstone/autoware.ai/install/points2image;/home/capstone/autoware.ai/install/rosinterface;/home/capstone/autoware.ai/install/rosbag_controller;/home/capstone/autoware.ai/install/pure_pursuit;/home/capstone/autoware.ai/install/points_preprocessor;/home/capstone/autoware.ai/install/mpc_follower;/home/capstone/autoware.ai/install/lidar_localizer;/home/capstone/autoware.ai/install/emergency_handler;/home/capstone/autoware.ai/install/autoware_health_checker;/home/capstone/autoware.ai/install/as;/home/capstone/autoware.ai/install/ros_observer;/home/capstone/autoware.ai/install/roi_object_filter;/home/capstone/autoware.ai/install/range_vision_fusion;/home/capstone/autoware.ai/install/pos_db;/home/capstone/autoware.ai/install/points_downsampler;/home/capstone/autoware.ai/install/pixel_cloud_fusion;/home/capstone/autoware.ai/install/pcl_omp_registration;/home/capstone/autoware.ai/install/pc2_downsampler;/home/capstone/autoware.ai/install/oculus_socket;/home/capstone/autoware.ai/install/obj_db;/home/capstone/autoware.ai/install/nmea_navsat;/home/capstone/autoware.ai/install/ndt_tku;/home/capstone/autoware.ai/install/ndt_gpu;/home/capstone/autoware.ai/install/ndt_cpu;/home/capstone/autoware.ai/install/multi_lidar_calibrator;/home/capstone/autoware.ai/install/mrt_cmake_modules;/home/capstone/autoware.ai/install/microstrain_driver;/home/capstone/autoware.ai/install/memsic_imu;/home/capstone/autoware.ai/install/marker_downsampler;/home/capstone/autoware.ai/install/map_tools;/home/capstone/autoware.ai/install/map_tf_generator;/home/capstone/autoware.ai/install/log_tools;/home/capstone/autoware.ai/install/lidar_shape_estimation;/home/capstone/autoware.ai/install/lidar_point_pillars;/home/capstone/autoware.ai/install/lidar_naive_l_shape_detect;/home/capstone/autoware.ai/install/lidar_fake_perception;/home/capstone/autoware.ai/install/lidar_apollo_cnn_seg_detect;/home/capstone/autoware.ai/install/libwaypoint_follower;/home/capstone/autoware.ai/install/lgsvl_simulator_bridge;/home/capstone/autoware.ai/install/lanelet2_examples;/home/capstone/autoware.ai/install/lanelet2_python;/home/capstone/autoware.ai/install/kvaser;/home/capstone/autoware.ai/install/kitti_launch;/home/capstone/autoware.ai/install/kitti_player;/home/capstone/autoware.ai/install/kitti_box_publisher;/home/capstone/autoware.ai/install/javad_navsat_driver;/home/capstone/autoware.ai/install/integrated_viewer;/home/capstone/autoware.ai/install/image_processor;/home/capstone/autoware.ai/install/hokuyo;/home/capstone/autoware.ai/install/graph_tools;/home/capstone/autoware.ai/install/gnss_localizer;/home/capstone/autoware.ai/install/gnss;/home/capstone/autoware.ai/install/glviewer;/home/capstone/autoware.ai/install/gazebo_world_description;/home/capstone/autoware.ai/install/gazebo_imu_description;/home/capstone/autoware.ai/install/gazebo_camera_description;/home/capstone/autoware.ai/install/garmin;/home/capstone/autoware.ai/install/freespace_planner;/home/capstone/autoware.ai/install/fastvirtualscan;/home/capstone/autoware.ai/install/ekf_localizer;/home/capstone/autoware.ai/install/ds4_msgs;/home/capstone/autoware.ai/install/ds4_driver;/home/capstone/autoware.ai/install/detected_objects_visualizer;/home/capstone/autoware.ai/install/decision_maker_panel;/home/capstone/autoware.ai/install/data_preprocessor;/home/capstone/autoware.ai/install/custom_msgs;/home/capstone/autoware.ai/install/carla_autoware_bridge;/home/capstone/autoware.ai/install/calibration_publisher;/home/capstone/autoware.ai/install/autoware_system_msgs;/home/capstone/autoware.ai/install/autoware_rviz_plugins;/home/capstone/autoware.ai/install/autoware_quickstart_examples;/home/capstone/autoware.ai/install/autoware_pointgrey_drivers;/home/capstone/autoware.ai/install/autoware_driveworks_interface;/home/capstone/autoware.ai/install/autoware_connector;/home/capstone/autoware.ai/install/autoware_camera_lidar_calibrator;/home/capstone/autoware.ai/install/astar_search;/home/capstone/autoware.ai/install/autoware_map_msgs;/home/capstone/autoware.ai/install/autoware_launcher_rviz;/home/capstone/autoware.ai/install/autoware_launcher;/home/capstone/autoware.ai/install/autoware_external_msgs;/home/capstone/autoware.ai/install/autoware_driveworks_gmsl_interface;/home/capstone/autoware.ai/install/autoware_config_msgs;/home/capstone/autoware.ai/install/autoware_can_msgs;/home/capstone/autoware.ai/install/autoware_bag_tools;/home/capstone/autoware.ai/install/adi_driver;/opt/carla-ros-bridge/melodic;/opt/ros/melodic
[1.407s] -- This workspace overlays: /home/capstone/autoware.ai/install/imm_ukf_pda_track;/home/capstone/autoware.ai/install/lanelet2_extension;/home/capstone/autoware.ai/install/lanelet2_validation;/home/capstone/autoware.ai/install/lanelet2_routing;/home/capstone/autoware.ai/install/lanelet2_projection;/home/capstone/autoware.ai/install/lanelet2_traffic_rules;/home/capstone/autoware.ai/install/lanelet2_maps;/home/capstone/autoware.ai/install/lanelet2_io;/home/capstone/autoware.ai/install/vector_map;/home/capstone/autoware.ai/install/lanelet2_core;/home/capstone/autoware.ai/install/amathutils_lib;/home/capstone/autoware.ai/install/vector_map_msgs;/home/capstone/autoware.ai/install/autoware_msgs;/home/capstone/autoware.ai/install/autoware_lanelet2_msgs;/home/capstone/autoware.ai/install/autoware_build_flags;/home/capstone/autoware.ai/install/ymc;/home/capstone/autoware.ai/install/xsens_driver;/home/capstone/autoware.ai/install/wf_simulator;/home/capstone/autoware.ai/install/lattice_planner;/home/capstone/autoware.ai/install/waypoint_planner;/home/capstone/autoware.ai/install/waypoint_maker;/home/capstone/autoware.ai/install/way_planner;/home/capstone/autoware.ai/install/vlg22c_cam;/home/capstone/autoware.ai/install/vision_ssd_detect;/home/capstone/autoware.ai/install/vision_segment_enet_detect;/home/capstone/autoware.ai/install/vision_lane_detect;/home/capstone/autoware.ai/install/vision_darknet_detect;/home/capstone/autoware.ai/install/vision_beyond_track;/home/capstone/autoware.ai/install/vel_pose_diff_checker;/home/capstone/autoware.ai/install/vehicle_socket;/home/capstone/autoware.ai/install/vehicle_sim_model;/home/capstone/autoware.ai/install/vehicle_model;/home/capstone/autoware.ai/install/vehicle_gazebo_simulation_launcher;/home/capstone/autoware.ai/install/vehicle_gazebo_simulation_interface;/home/capstone/autoware.ai/install/vehicle_engage_panel;/home/capstone/autoware.ai/install/vehicle_description;/home/capstone/autoware.ai/install/trafficlight_recognizer;/home/capstone/autoware.ai/install/op_utilities;/home/capstone/autoware.ai/install/op_simulation_package;/home/capstone/autoware.ai/install/op_local_planner;/home/capstone/autoware.ai/install/op_global_planner;/home/capstone/autoware.ai/install/lidar_kf_contour_track;/home/capstone/autoware.ai/install/op_ros_helpers;/home/capstone/autoware.ai/install/ff_waypoint_follower;/home/capstone/autoware.ai/install/dp_planner;/home/capstone/autoware.ai/install/op_simu;/home/capstone/autoware.ai/install/op_planner;/home/capstone/autoware.ai/install/op_utility;/home/capstone/autoware.ai/install/lidar_euclidean_cluster_detect;/home/capstone/autoware.ai/install/vector_map_server;/home/capstone/autoware.ai/install/road_occupancy_processor;/home/capstone/autoware.ai/install/costmap_generator;/home/capstone/autoware.ai/install/object_map;/home/capstone/autoware.ai/install/naive_motion_predict;/home/capstone/autoware.ai/install/lanelet_aisan_converter;/home/capstone/autoware.ai/install/map_file;/home/capstone/autoware.ai/install/libvectormap;/home/capstone/autoware.ai/install/lane_planner;/home/capstone/autoware.ai/install/decision_maker;/home/capstone/autoware.ai/install/vectacam;/home/capstone/autoware.ai/install/udon_socket;/home/capstone/autoware.ai/install/twist_generator;/home/capstone/autoware.ai/install/twist_gate;/home/capstone/autoware.ai/install/twist_filter;/home/capstone/autoware.ai/install/twist2odom;/home/capstone/autoware.ai/install/tablet_socket;/home/capstone/autoware.ai/install/runtime_manager;/home/capstone/autoware.ai/install/mqtt_socket;/home/capstone/autoware.ai/install/tablet_socket_msgs;/home/capstone/autoware.ai/install/state_machine_lib;/home/capstone/autoware.ai/install/sound_player;/home/capstone/autoware.ai/install/sick_lms5xx;/home/capstone/autoware.ai/install/sick_ldmrs_tools;/home/capstone/autoware.ai/install/sick_ldmrs_driver;/home/capstone/autoware.ai/install/sick_ldmrs_msgs;/home/capstone/autoware.ai/install/sick_ldmrs_description;/home/capstone/autoware.ai/install/points2image;/home/capstone/autoware.ai/install/rosinterface;/home/capstone/autoware.ai/install/rosbag_controller;/home/capstone/autoware.ai/install/pure_pursuit;/home/capstone/autoware.ai/install/points_preprocessor;/home/capstone/autoware.ai/install/mpc_follower;/home/capstone/autoware.ai/install/lidar_localizer;/home/capstone/autoware.ai/install/emergency_handler;/home/capstone/autoware.ai/install/autoware_health_checker;/home/capstone/autoware.ai/install/as;/home/capstone/autoware.ai/install/ros_observer;/home/capstone/autoware.ai/install/roi_object_filter;/home/capstone/autoware.ai/install/range_vision_fusion;/home/capstone/autoware.ai/install/pos_db;/home/capstone/autoware.ai/install/points_downsampler;/home/capstone/autoware.ai/install/pixel_cloud_fusion;/home/capstone/autoware.ai/install/pcl_omp_registration;/home/capstone/autoware.ai/install/pc2_downsampler;/home/capstone/autoware.ai/install/oculus_socket;/home/capstone/autoware.ai/install/obj_db;/home/capstone/autoware.ai/install/nmea_navsat;/home/capstone/autoware.ai/install/ndt_tku;/home/capstone/autoware.ai/install/ndt_gpu;/home/capstone/autoware.ai/install/ndt_cpu;/home/capstone/autoware.ai/install/multi_lidar_calibrator;/home/capstone/autoware.ai/install/mrt_cmake_modules;/home/capstone/autoware.ai/install/microstrain_driver;/home/capstone/autoware.ai/install/memsic_imu;/home/capstone/autoware.ai/install/marker_downsampler;/home/capstone/autoware.ai/install/map_tools;/home/capstone/autoware.ai/install/map_tf_generator;/home/capstone/autoware.ai/install/log_tools;/home/capstone/autoware.ai/install/lidar_shape_estimation;/home/capstone/autoware.ai/install/lidar_point_pillars;/home/capstone/autoware.ai/install/lidar_naive_l_shape_detect;/home/capstone/autoware.ai/install/lidar_fake_perception;/home/capstone/autoware.ai/install/lidar_apollo_cnn_seg_detect;/home/capstone/autoware.ai/install/libwaypoint_follower;/home/capstone/autoware.ai/install/lgsvl_simulator_bridge;/home/capstone/autoware.ai/install/lanelet2_examples;/home/capstone/autoware.ai/install/lanelet2_python;/home/capstone/autoware.ai/install/kvaser;/home/capstone/autoware.ai/install/kitti_launch;/home/capstone/autoware.ai/install/kitti_player;/home/capstone/autoware.ai/install/kitti_box_publisher;/home/capstone/autoware.ai/install/javad_navsat_driver;/home/capstone/autoware.ai/install/integrated_viewer;/home/capstone/autoware.ai/install/image_processor;/home/capstone/autoware.ai/install/hokuyo;/home/capstone/autoware.ai/install/graph_tools;/home/capstone/autoware.ai/install/gnss_localizer;/home/capstone/autoware.ai/install/gnss;/home/capstone/autoware.ai/install/glviewer;/home/capstone/autoware.ai/install/gazebo_world_description;/home/capstone/autoware.ai/install/gazebo_imu_description;/home/capstone/autoware.ai/install/gazebo_camera_description;/home/capstone/autoware.ai/install/garmin;/home/capstone/autoware.ai/install/freespace_planner;/home/capstone/autoware.ai/install/fastvirtualscan;/home/capstone/autoware.ai/install/ekf_localizer;/home/capstone/autoware.ai/install/ds4_msgs;/home/capstone/autoware.ai/install/ds4_driver;/home/capstone/autoware.ai/install/detected_objects_visualizer;/home/capstone/autoware.ai/install/decision_maker_panel;/home/capstone/autoware.ai/install/data_preprocessor;/home/capstone/autoware.ai/install/custom_msgs;/home/capstone/autoware.ai/install/carla_autoware_bridge;/home/capstone/autoware.ai/install/calibration_publisher;/home/capstone/autoware.ai/install/autoware_system_msgs;/home/capstone/autoware.ai/install/autoware_rviz_plugins;/home/capstone/autoware.ai/install/autoware_quickstart_examples;/home/capstone/autoware.ai/install/autoware_pointgrey_drivers;/home/capstone/autoware.ai/install/autoware_driveworks_interface;/home/capstone/autoware.ai/install/autoware_connector;/home/capstone/autoware.ai/install/autoware_camera_lidar_calibrator;/home/capstone/autoware.ai/install/astar_search;/home/capstone/autoware.ai/install/autoware_map_msgs;/home/capstone/autoware.ai/install/autoware_launcher_rviz;/home/capstone/autoware.ai/install/autoware_launcher;/home/capstone/autoware.ai/install/autoware_external_msgs;/home/capstone/autoware.ai/install/autoware_driveworks_gmsl_interface;/home/capstone/autoware.ai/install/autoware_config_msgs;/home/capstone/autoware.ai/install/autoware_can_msgs;/home/capstone/autoware.ai/install/autoware_bag_tools;/home/capstone/autoware.ai/install/adi_driver;/opt/carla-ros-bridge/melodic;/opt/ros/melodic
[1.528s] -- Found PythonInterp: /usr/bin/python2 (found suitable version "2.7.17", minimum required is "2") 
[1.529s] -- Using PYTHON_EXECUTABLE: /usr/bin/python2
[1.529s] -- Using Debian Python package layout
[1.529s] -- Using empy: /usr/bin/empy
[1.907s] -- Using CATKIN_ENABLE_TESTING: ON
[1.908s] -- Call enable_testing()
[1.911s] -- Using CATKIN_TEST_RESULTS_DIR: /home/capstone/autoware.ai/build/naive_motion_predict/test_results
[2.044s] -- Found gtest sources under '/usr/src/googletest': gtests will be built
[2.044s] -- Found gmock sources under '/usr/src/googletest': gmock will be built
[2.122s] -- Found PythonInterp: /usr/bin/python2 (found version "2.7.17") 
[2.131s] -- Using Python nosetests: /usr/bin/nosetests-2.7
[2.307s] -- catkin 0.7.23
[2.307s] -- BUILD_SHARED_LIBS is on
[3.219s] -- Using these message generators: gencpp;geneus;genlisp;gennodejs;genpy
[4.527s] -- Configuring done
[4.828s] -- Generating done
[4.869s] -- Build files have been written to: /home/capstone/autoware.ai/build/naive_motion_predict
[5.132s] [  0%] Built target rosgraph_msgs_generate_messages_eus
[5.276s] [  0%] Built target geometry_msgs_generate_messages_lisp
[5.431s] [  0%] Built target autoware_msgs_generate_messages_eus
[5.629s] [  0%] Built target vector_map_msgs_generate_messages_eus
[5.776s] [  0%] Built target vector_map_msgs_generate_messages_cpp
[5.926s] [  0%] Built target visualization_msgs_generate_messages_nodejs
[6.074s] [  0%] Built target visualization_msgs_generate_messages_lisp
[6.219s] [  0%] Built target vector_map_msgs_generate_messages_py
[6.362s] [  0%] Built target vector_map_msgs_generate_messages_nodejs
[6.569s] [  0%] Built target visualization_msgs_generate_messages_eus
[6.758s] [  0%] Built target tf2_msgs_generate_messages_py
[6.939s] [  0%] Built target tf2_msgs_generate_messages_nodejs
[7.097s] [  0%] Built target tf2_msgs_generate_messages_lisp
[7.246s] [  0%] Built target tf2_msgs_generate_messages_cpp
[7.408s] [  0%] Built target rosgraph_msgs_generate_messages_lisp
[7.597s] [  0%] Built target visualization_msgs_generate_messages_cpp
[7.810s] [  0%] Built target sensor_msgs_generate_messages_lisp
[7.980s] [  0%] Built target sensor_msgs_generate_messages_eus
[8.136s] [  0%] Built target roscpp_generate_messages_cpp
[8.303s] [  0%] Built target visualization_msgs_generate_messages_py
[8.505s] [  0%] Built target autoware_msgs_generate_messages_lisp
[8.716s] [  0%] Built target sensor_msgs_generate_messages_cpp
[8.870s] [  0%] Built target pcl_msgs_generate_messages_cpp
[9.012s] [  0%] Built target jsk_recognition_msgs_generate_messages_py
[9.158s] [  0%] Built target std_msgs_generate_messages_lisp
[9.308s] [  0%] Built target autoware_msgs_generate_messages_cpp
[9.462s] [  0%] Built target jsk_footstep_msgs_generate_messages_eus
[9.660s] [  0%] Built target actionlib_generate_messages_lisp
[9.804s] [  0%] Built target _catkin_empty_exported_target
[9.949s] [  0%] Built target roscpp_generate_messages_lisp
[10.092s] [  0%] Built target geometry_msgs_generate_messages_nodejs
[10.235s] [  0%] Built target geometry_msgs_generate_messages_cpp
[10.383s] [  0%] Built target std_msgs_generate_messages_nodejs
[10.571s] [  0%] Built target geometry_msgs_generate_messages_eus
[10.736s] [  0%] Built target std_msgs_generate_messages_cpp
[10.877s] [  0%] Built target jsk_footstep_msgs_generate_messages_py
[11.029s] [  0%] Built target geometry_msgs_generate_messages_py
[11.170s] [  0%] Built target tf2_msgs_generate_messages_eus
[11.317s] [  0%] Built target sensor_msgs_generate_messages_py
[11.541s] [  0%] Built target jsk_footstep_msgs_generate_messages_lisp
[11.714s] [  0%] Built target autoware_msgs_generate_messages_nodejs
[11.858s] [  0%] Built target actionlib_msgs_generate_messages_eus
[12.002s] [  0%] Built target tf_generate_messages_eus
[12.142s] [  0%] Built target autoware_msgs_generate_messages_py
[12.290s] [  0%] Built target pcl_msgs_generate_messages_eus
[12.456s] [  0%] Built target vector_map_msgs_generate_messages_lisp
[12.641s] [  0%] Built target pcl_msgs_generate_messages_nodejs
[12.788s] [  0%] Built target pcl_msgs_generate_messages_lisp
[12.933s] [  0%] Built target pcl_msgs_generate_messages_py
[13.080s] [  0%] Built target sensor_msgs_generate_messages_nodejs
[13.230s] [  0%] Built target jsk_footstep_msgs_generate_messages_nodejs
[13.376s] [  0%] Built target actionlib_msgs_generate_messages_cpp
[13.566s] [  0%] Built target actionlib_msgs_generate_messages_py
[13.731s] [  0%] Built target tf_generate_messages_lisp
[13.876s] [  0%] Built target tf_generate_messages_nodejs
[14.025s] [  0%] Built target std_msgs_generate_messages_eus
[14.167s] [  0%] Built target actionlib_msgs_generate_messages_lisp
[14.313s] [  0%] Built target actionlib_msgs_generate_messages_nodejs
[14.469s] [  0%] Built target tf_generate_messages_py
[14.648s] [  0%] Built target jsk_recognition_msgs_generate_messages_nodejs
[14.819s] [  0%] Built target roscpp_generate_messages_py
[14.961s] [  0%] Built target roscpp_generate_messages_eus
[15.113s] [  0%] Built target jsk_footstep_msgs_generate_messages_cpp
[15.265s] [  0%] Built target roscpp_generate_messages_nodejs
[15.415s] [  0%] Built target actionlib_generate_messages_eus
[15.632s] [  0%] Built target rosgraph_msgs_generate_messages_cpp
[15.793s] [  0%] Built target jsk_recognition_msgs_generate_messages_cpp
[15.946s] [  0%] Built target std_msgs_generate_messages_py
[16.092s] [  0%] Built target jsk_recognition_msgs_generate_messages_eus
[16.232s] [  0%] Built target tf_generate_messages_cpp
[16.378s] [  0%] Built target jsk_recognition_msgs_generate_messages_lisp
[16.580s] [  0%] Built target rosgraph_msgs_generate_messages_nodejs
[16.735s] [  0%] Built target rosgraph_msgs_generate_messages_py
[16.881s] [  0%] Built target actionlib_generate_messages_cpp
[17.040s] [  0%] Built target actionlib_generate_messages_nodejs
[17.200s] [  0%] Built target actionlib_generate_messages_py
[17.375s] [100%] Built target naive_motion_predict
[18.817s] Built target tests
[20.118s] [  0%] Built target rosgraph_msgs_generate_messages_eus
[20.261s] [  0%] Built target geometry_msgs_generate_messages_lisp
[20.408s] [  0%] Built target autoware_msgs_generate_messages_eus
[20.605s] [  0%] Built target vector_map_msgs_generate_messages_eus
[20.756s] [  0%] Built target vector_map_msgs_generate_messages_cpp
[20.901s] [  0%] Built target visualization_msgs_generate_messages_nodejs
[21.054s] [  0%] Built target visualization_msgs_generate_messages_lisp
[21.205s] [  0%] Built target vector_map_msgs_generate_messages_py
[21.349s] [  0%] Built target vector_map_msgs_generate_messages_nodejs
[21.513s] [  0%] Built target visualization_msgs_generate_messages_eus
[21.683s] [  0%] Built target tf2_msgs_generate_messages_py
[21.826s] [  0%] Built target tf2_msgs_generate_messages_nodejs
[21.968s] [  0%] Built target tf2_msgs_generate_messages_lisp
[22.123s] [  0%] Built target tf2_msgs_generate_messages_cpp
[22.272s] [  0%] Built target rosgraph_msgs_generate_messages_lisp
[22.417s] [  0%] Built target visualization_msgs_generate_messages_cpp
[22.637s] [  0%] Built target sensor_msgs_generate_messages_lisp
[22.782s] [  0%] Built target sensor_msgs_generate_messages_eus
[22.925s] [  0%] Built target roscpp_generate_messages_cpp
[23.082s] [  0%] Built target visualization_msgs_generate_messages_py
[23.227s] [  0%] Built target autoware_msgs_generate_messages_lisp
[23.371s] [  0%] Built target sensor_msgs_generate_messages_cpp
[23.579s] [  0%] Built target pcl_msgs_generate_messages_cpp
[23.747s] [  0%] Built target jsk_recognition_msgs_generate_messages_py
[23.892s] [  0%] Built target std_msgs_generate_messages_lisp
[24.042s] [  0%] Built target autoware_msgs_generate_messages_cpp
[24.189s] [  0%] Built target jsk_footstep_msgs_generate_messages_eus
[24.342s] [  0%] Built target actionlib_generate_messages_lisp
[24.518s] [  0%] Built target _catkin_empty_exported_target
[24.701s] [  0%] Built target roscpp_generate_messages_lisp
[24.841s] [  0%] Built target geometry_msgs_generate_messages_nodejs
[24.986s] [  0%] Built target geometry_msgs_generate_messages_cpp
[25.128s] [  0%] Built target std_msgs_generate_messages_nodejs
[25.266s] [  0%] Built target geometry_msgs_generate_messages_eus
[25.408s] [  0%] Built target std_msgs_generate_messages_cpp
[25.610s] [  0%] Built target jsk_footstep_msgs_generate_messages_py
[25.758s] [  0%] Built target geometry_msgs_generate_messages_py
[25.909s] [  0%] Built target tf2_msgs_generate_messages_eus
[26.061s] [  0%] Built target sensor_msgs_generate_messages_py
[26.202s] [  0%] Built target jsk_footstep_msgs_generate_messages_lisp
[26.344s] [  0%] Built target autoware_msgs_generate_messages_nodejs
[26.516s] [  0%] Built target actionlib_msgs_generate_messages_eus
[26.716s] [  0%] Built target tf_generate_messages_eus
[26.862s] [  0%] Built target autoware_msgs_generate_messages_py
[26.999s] [  0%] Built target pcl_msgs_generate_messages_eus
[27.143s] [  0%] Built target vector_map_msgs_generate_messages_lisp
[27.287s] [  0%] Built target pcl_msgs_generate_messages_nodejs
[27.438s] [  0%] Built target pcl_msgs_generate_messages_lisp
[27.633s] [  0%] Built target pcl_msgs_generate_messages_py
[27.776s] [  0%] Built target sensor_msgs_generate_messages_nodejs
[27.923s] [  0%] Built target jsk_footstep_msgs_generate_messages_nodejs
[28.067s] [  0%] Built target actionlib_msgs_generate_messages_cpp
[28.207s] [  0%] Built target actionlib_msgs_generate_messages_py
[28.350s] [  0%] Built target tf_generate_messages_lisp
[28.527s] [  0%] Built target tf_generate_messages_nodejs
[28.696s] [  0%] Built target std_msgs_generate_messages_eus
[28.838s] [  0%] Built target actionlib_msgs_generate_messages_lisp
[28.975s] [  0%] Built target actionlib_msgs_generate_messages_nodejs
[29.274s] [  0%] Built target tf_generate_messages_py
[29.275s] [  0%] Built target jsk_recognition_msgs_generate_messages_nodejs
[29.343s] [  0%] Built target roscpp_generate_messages_py
[29.453s] [  0%] Built target roscpp_generate_messages_eus
[29.614s] [  0%] Built target jsk_footstep_msgs_generate_messages_cpp
[29.755s] [  0%] Built target roscpp_generate_messages_nodejs
[29.892s] [  0%] Built target actionlib_generate_messages_eus
[30.018s] [  0%] Built target rosgraph_msgs_generate_messages_cpp
[30.151s] [  0%] Built target jsk_recognition_msgs_generate_messages_cpp
[30.267s] [  0%] Built target std_msgs_generate_messages_py
[30.401s] [  0%] Built target jsk_recognition_msgs_generate_messages_eus
[30.629s] [  0%] Built target tf_generate_messages_cpp
[30.700s] [  0%] Built target jsk_recognition_msgs_generate_messages_lisp
[30.838s] [  0%] Built target rosgraph_msgs_generate_messages_nodejs
[30.966s] [  0%] Built target rosgraph_msgs_generate_messages_py
[31.097s] [  0%] Built target actionlib_generate_messages_cpp
[31.236s] [  0%] Built target actionlib_generate_messages_nodejs
[31.375s] [  0%] Built target actionlib_generate_messages_py
[31.599s] [100%] Built target naive_motion_predict
[31.740s] [36mInstall the project...[0m
[31.797s] -- Install configuration: "Release"
[31.797s] -- Installing: /home/capstone/autoware.ai/install/naive_motion_predict/lib/pkgconfig/naive_motion_predict.pc
[31.798s] -- Installing: /home/capstone/autoware.ai/install/naive_motion_predict/share/naive_motion_predict/cmake/naive_motion_predictConfig.cmake
[31.798s] -- Up-to-date: /home/capstone/autoware.ai/install/naive_motion_predict/share/naive_motion_predict/cmake/naive_motion_predictConfig-version.cmake
[31.798s] -- Up-to-date: /home/capstone/autoware.ai/install/naive_motion_predict/share/naive_motion_predict/package.xml
[31.798s] -- Up-to-date: /home/capstone/autoware.ai/install/naive_motion_predict/lib/naive_motion_predict/naive_motion_predict
[31.799s] -- Up-to-date: /home/capstone/autoware.ai/install/naive_motion_predict/share/naive_motion_predict/launch
[31.899s] -- Up-to-date: /home/capstone/autoware.ai/install/naive_motion_predict/share/naive_motion_predict/launch/naive_motion_predict.launch
