[1.644s] Built target tests
[2.697s] [36mInstall the project...[0m
[2.753s] -- Install configuration: "Release"
[2.753s] -- Up-to-date: /home/capstone/autoware.ai/install/runtime_manager/lib/pkgconfig/runtime_manager.pc
[2.754s] -- Up-to-date: /home/capstone/autoware.ai/install/runtime_manager/share/runtime_manager/cmake/runtime_managerConfig.cmake
[2.754s] -- Up-to-date: /home/capstone/autoware.ai/install/runtime_manager/share/runtime_manager/cmake/runtime_managerConfig-version.cmake
[2.754s] -- Up-to-date: /home/capstone/autoware.ai/install/runtime_manager/share/runtime_manager/package.xml
[2.754s] -- Up-to-date: /home/capstone/autoware.ai/install/runtime_manager/lib/runtime_manager/ftrace.py
[2.755s] -- Up-to-date: /home/capstone/autoware.ai/install/runtime_manager/lib/runtime_manager/proc_manager.py
[2.755s] -- Up-to-date: /home/capstone/autoware.ai/install/runtime_manager/lib/runtime_manager/rtmgr.py
[2.755s] -- Up-to-date: /home/capstone/autoware.ai/install/runtime_manager/lib/runtime_manager/runtime_manager_dialog.py
[2.755s] -- Up-to-date: /home/capstone/autoware.ai/install/runtime_manager/lib/runtime_manager/test_pub.py
[2.755s] -- Up-to-date: /home/capstone/autoware.ai/install/runtime_manager/lib/runtime_manager/test_srv.py
[2.756s] -- Up-to-date: /home/capstone/autoware.ai/install/runtime_manager/share/runtime_manager/scripts/3dm_gx5_15.sh
[2.756s] -- Up-to-date: /home/capstone/autoware.ai/install/runtime_manager/share/runtime_manager/scripts/add_perm.sh
[2.756s] -- Up-to-date: /home/capstone/autoware.ai/install/runtime_manager/share/runtime_manager/scripts/adis16470.sh
[2.756s] -- Up-to-date: /home/capstone/autoware.ai/install/runtime_manager/share/runtime_manager/scripts/avt_vimba.sh
[2.757s] -- Up-to-date: /home/capstone/autoware.ai/install/runtime_manager/share/runtime_manager/scripts/gazebo.sh
[2.757s] -- Up-to-date: /home/capstone/autoware.ai/install/runtime_manager/share/runtime_manager/scripts/mti300.sh
[2.757s] -- Up-to-date: /home/capstone/autoware.ai/install/runtime_manager/share/runtime_manager/scripts/vg440.sh
[2.758s] -- Up-to-date: /home/capstone/autoware.ai/install/runtime_manager/share/runtime_manager/scripts/cleanup
[2.758s] -- Up-to-date: /home/capstone/autoware.ai/install/runtime_manager/share/runtime_manager/scripts/run
[2.758s] -- Up-to-date: /home/capstone/autoware.ai/install/runtime_manager/share/runtime_manager/scripts/run_proc_manager
[2.758s] -- Up-to-date: /home/capstone/autoware.ai/install/runtime_manager/share/runtime_manager/scripts/subnet_chk.py
[2.759s] -- Up-to-date: /home/capstone/autoware.ai/install/runtime_manager/lib/runtime_manager/computing.yaml
[2.759s] -- Up-to-date: /home/capstone/autoware.ai/install/runtime_manager/lib/runtime_manager/data.yaml
[2.759s] -- Up-to-date: /home/capstone/autoware.ai/install/runtime_manager/lib/runtime_manager/empty.yaml
[2.760s] -- Up-to-date: /home/capstone/autoware.ai/install/runtime_manager/lib/runtime_manager/interface.yaml
[2.761s] -- Up-to-date: /home/capstone/autoware.ai/install/runtime_manager/lib/runtime_manager/main.yaml
[2.761s] -- Up-to-date: /home/capstone/autoware.ai/install/runtime_manager/lib/runtime_manager/map.yaml
[2.761s] -- Up-to-date: /home/capstone/autoware.ai/install/runtime_manager/lib/runtime_manager/qs.yaml
[2.761s] -- Up-to-date: /home/capstone/autoware.ai/install/runtime_manager/lib/runtime_manager/rtmgr.wxg
[2.762s] -- Up-to-date: /home/capstone/autoware.ai/install/runtime_manager/lib/runtime_manager/rtmgr_icon.xpm
[2.762s] -- Up-to-date: /home/capstone/autoware.ai/install/runtime_manager/lib/runtime_manager/sensing.yaml
[2.762s] -- Up-to-date: /home/capstone/autoware.ai/install/runtime_manager/lib/runtime_manager/setup.yaml
[2.762s] -- Up-to-date: /home/capstone/autoware.ai/install/runtime_manager/lib/runtime_manager/simulation.yaml
[2.762s] -- Up-to-date: /home/capstone/autoware.ai/install/runtime_manager/lib/runtime_manager/state.yaml
[2.763s] -- Up-to-date: /home/capstone/autoware.ai/install/runtime_manager/lib/runtime_manager/status.yaml
[2.763s] -- Up-to-date: /home/capstone/autoware.ai/install/runtime_manager/lib/runtime_manager/topics.yaml
[2.763s] -- Up-to-date: /home/capstone/autoware.ai/install/runtime_manager/lib/runtime_manager/vector_map_files.yaml
[2.763s] -- Up-to-date: /home/capstone/autoware.ai/install/runtime_manager/lib/runtime_manager/viewer.yaml
[2.763s] -- Up-to-date: /home/capstone/autoware.ai/install/runtime_manager/lib/runtime_manager/images/autoware_logo_1.png
[2.763s] -- Up-to-date: /home/capstone/autoware.ai/install/runtime_manager/lib/runtime_manager/images/autoware_logo_2.png
[2.764s] -- Up-to-date: /home/capstone/autoware.ai/install/runtime_manager/lib/runtime_manager/images/autoware_logo_2_white.png
[2.764s] -- Up-to-date: /home/capstone/autoware.ai/install/runtime_manager/lib/runtime_manager/images/axe.png
[2.764s] -- Up-to-date: /home/capstone/autoware.ai/install/runtime_manager/lib/runtime_manager/images/database.png
[2.764s] -- Up-to-date: /home/capstone/autoware.ai/install/runtime_manager/lib/runtime_manager/images/dec.png
[2.764s] -- Up-to-date: /home/capstone/autoware.ai/install/runtime_manager/lib/runtime_manager/images/inc.png
[2.765s] -- Up-to-date: /home/capstone/autoware.ai/install/runtime_manager/lib/runtime_manager/images/mobile.png
[2.765s] -- Up-to-date: /home/capstone/autoware.ai/install/runtime_manager/lib/runtime_manager/images/nagoya_university.png
[2.765s] -- Up-to-date: /home/capstone/autoware.ai/install/runtime_manager/lib/runtime_manager/images/tablet.png
[2.765s] -- Up-to-date: /home/capstone/autoware.ai/install/runtime_manager/lib/runtime_manager/images/vehicle.png
[2.765s] -- Up-to-date: /home/capstone/autoware.ai/install/runtime_manager/share/runtime_manager/launch_files/avt_camera.launch
[2.765s] -- Up-to-date: /home/capstone/autoware.ai/install/runtime_manager/share/runtime_manager/launch_files/calibration_publisher.launch
[2.771s] -- Up-to-date: /home/capstone/autoware.ai/install/runtime_manager/share/runtime_manager/launch_files/ex_mat_pub.launch
[2.772s] -- Up-to-date: /home/capstone/autoware.ai/install/runtime_manager/share/runtime_manager/launch_files/check.launch
[2.772s] -- Up-to-date: /home/capstone/autoware.ai/install/runtime_manager/share/runtime_manager/launch_files/control.launch
[2.772s] -- Up-to-date: /home/capstone/autoware.ai/install/runtime_manager/share/runtime_manager/launch_files/init.launch
[2.772s] -- Up-to-date: /home/capstone/autoware.ai/install/runtime_manager/share/runtime_manager/launch_files/map.launch
[2.773s] -- Up-to-date: /home/capstone/autoware.ai/install/runtime_manager/share/runtime_manager/launch_files/perception.launch
[2.773s] -- Up-to-date: /home/capstone/autoware.ai/install/runtime_manager/share/runtime_manager/launch_files/planning.launch
[2.775s] -- Up-to-date: /home/capstone/autoware.ai/install/runtime_manager/share/runtime_manager/launch_files/sensor.launch
[2.776s] -- Up-to-date: /home/capstone/autoware.ai/install/runtime_manager/share/runtime_manager/launch_files/set.launch
[2.776s] -- Up-to-date: /home/capstone/autoware.ai/install/runtime_manager/share/runtime_manager/launch_files/velodyne_hdl32e.launch
[2.777s] -- Up-to-date: /home/capstone/autoware.ai/install/runtime_manager/share/runtime_manager/launch_files/velodyne_hdl64e_s2.launch
[2.777s] -- Up-to-date: /home/capstone/autoware.ai/install/runtime_manager/share/runtime_manager/launch_files/velodyne_hdl64e_s3.launch
[2.777s] -- Up-to-date: /home/capstone/autoware.ai/install/runtime_manager/share/runtime_manager/launch_files/velodyne_vlp16.launch
[2.777s] -- Up-to-date: /home/capstone/autoware.ai/install/runtime_manager/share/runtime_manager/launch_files/velodyne_vlp16_hires.launch
[2.778s] -- Up-to-date: /home/capstone/autoware.ai/install/runtime_manager/share/runtime_manager/launch_files/velodyne_vlp32c.launch
[2.778s] -- Up-to-date: /home/capstone/autoware.ai/install/runtime_manager/share/runtime_manager/launch_files/mqtt_socket.launch
[2.778s] -- Up-to-date: /home/capstone/autoware.ai/install/runtime_manager/share/runtime_manager/launch_files/points2image.launch
[2.778s] -- Up-to-date: /home/capstone/autoware.ai/install/runtime_manager/share/runtime_manager/launch_files/setup_tf.launch
[2.779s] -- Up-to-date: /home/capstone/autoware.ai/install/runtime_manager/share/runtime_manager/launch_files/setup_vehicle_info.launch
[2.780s] -- Up-to-date: /home/capstone/autoware.ai/install/runtime_manager/share/runtime_manager/launch_files/synchronization.launch
[2.780s] -- Up-to-date: /home/capstone/autoware.ai/install/runtime_manager/share/runtime_manager/launch_files/tablet_socket.launch
[2.780s] -- Up-to-date: /home/capstone/autoware.ai/install/runtime_manager/share/runtime_manager/launch_files/traffic_light.launch
[2.780s] -- Up-to-date: /home/capstone/autoware.ai/install/runtime_manager/share/runtime_manager/launch_files/uvc_camera.launch
[2.781s] -- Up-to-date: /home/capstone/autoware.ai/install/runtime_manager/share/runtime_manager/launch_files/vehicle_socket.launch
[2.782s] -- Up-to-date: /home/capstone/autoware.ai/install/runtime_manager/share/runtime_manager/launch_files/vscan.launch
[2.782s] -- Up-to-date: /home/capstone/autoware.ai/install/runtime_manager/share/runtime_manager/launch
[2.783s] -- Up-to-date: /home/capstone/autoware.ai/install/runtime_manager/share/runtime_manager/launch/runtime_manager.launch
