[1.526s] [  0%] Built target rosgraph_msgs_generate_messages_eus
[1.666s] [  0%] Built target vector_map_msgs_generate_messages_nodejs
[1.808s] [  0%] Built target geographic_msgs_generate_messages_nodejs
[1.953s] [  0%] Built target geographic_msgs_generate_messages_eus
[2.095s] [  0%] Built target tf2_msgs_generate_messages_py
[2.247s] [  0%] Built target tf2_msgs_generate_messages_nodejs
[2.442s] [  0%] Built target tf2_msgs_generate_messages_lisp
[2.590s] [  0%] Built target tf2_msgs_generate_messages_cpp
[2.735s] [  0%] Built target actionlib_generate_messages_py
[2.879s] [  0%] Built target actionlib_generate_messages_nodejs
[3.023s] [  0%] Built target actionlib_generate_messages_cpp
[3.169s] [  0%] Built target rosgraph_msgs_generate_messages_py
[3.357s] [  0%] Built target geographic_msgs_generate_messages_cpp
[3.507s] [  0%] Built target rosgraph_msgs_generate_messages_nodejs
[3.655s] [  0%] Built target jsk_recognition_msgs_generate_messages_lisp
[3.797s] [  0%] Built target tf_generate_messages_cpp
[3.946s] [  0%] Built target jsk_recognition_msgs_generate_messages_eus
[4.090s] [  0%] Built target std_msgs_generate_messages_py
[4.242s] [  0%] Built target jsk_recognition_msgs_generate_messages_cpp
[4.442s] [  0%] Built target geometry_msgs_generate_messages_lisp
[4.588s] [  0%] Built target autoware_msgs_generate_messages_eus
[4.733s] [  0%] Built target std_msgs_generate_messages_nodejs
[4.878s] [  0%] Built target geometry_msgs_generate_messages_eus
[5.023s] [  0%] Built target std_msgs_generate_messages_cpp
[5.169s] [  0%] Built target jsk_footstep_msgs_generate_messages_py
[5.346s] [  0%] Built target geometry_msgs_generate_messages_py
[5.522s] [  0%] Built target tf2_msgs_generate_messages_eus
[5.689s] [  0%] Built target sensor_msgs_generate_messages_py
[5.833s] [  0%] Built target jsk_footstep_msgs_generate_messages_lisp
[5.975s] [  0%] Built target autoware_msgs_generate_messages_nodejs
[6.123s] [  0%] Built target actionlib_msgs_generate_messages_eus
[6.292s] [  0%] Built target tf_generate_messages_eus
[6.474s] [  0%] Built target autoware_msgs_generate_messages_py
[6.621s] [  0%] Built target rosgraph_msgs_generate_messages_lisp
[6.766s] [  0%] Built target visualization_msgs_generate_messages_cpp
[6.908s] [  0%] Built target sensor_msgs_generate_messages_lisp
[7.054s] [  0%] Built target sensor_msgs_generate_messages_eus
[7.198s] [  0%] Built target roscpp_generate_messages_cpp
[7.422s] [  0%] Built target visualization_msgs_generate_messages_py
[7.571s] [  0%] Built target autoware_msgs_generate_messages_lisp
[7.715s] [  0%] Built target sensor_msgs_generate_messages_cpp
[7.861s] [  0%] Built target pcl_msgs_generate_messages_cpp
[8.003s] [  0%] Built target jsk_recognition_msgs_generate_messages_py
[8.155s] [  0%] Built target std_msgs_generate_messages_lisp
[8.342s] [  0%] Built target autoware_msgs_generate_messages_cpp
[8.512s] [  0%] Built target jsk_footstep_msgs_generate_messages_eus
[8.657s] [  0%] Built target actionlib_generate_messages_lisp
[8.799s] [  0%] Built target _catkin_empty_exported_target
[8.943s] [  0%] Built target roscpp_generate_messages_lisp
[9.086s] [  0%] Built target geometry_msgs_generate_messages_nodejs
[9.241s] [  0%] Built target geometry_msgs_generate_messages_cpp
[9.456s] [  0%] Built target pcl_msgs_generate_messages_eus
[9.598s] [  0%] Built target vector_map_msgs_generate_messages_lisp
[9.739s] [  0%] Built target pcl_msgs_generate_messages_nodejs
[9.882s] [  0%] Built target pcl_msgs_generate_messages_lisp
[10.025s] [  0%] Built target pcl_msgs_generate_messages_py
[10.175s] [  0%] Built target sensor_msgs_generate_messages_nodejs
[10.370s] [  0%] Built target jsk_footstep_msgs_generate_messages_nodejs
[10.511s] [  0%] Built target actionlib_msgs_generate_messages_cpp
[10.664s] [  0%] Built target actionlib_msgs_generate_messages_py
[10.811s] [  0%] Built target tf_generate_messages_lisp
[10.958s] [  0%] Built target tf_generate_messages_nodejs
[11.103s] [  0%] Built target std_msgs_generate_messages_eus
[11.274s] [  0%] Built target actionlib_msgs_generate_messages_lisp
[11.464s] [  0%] Built target actionlib_msgs_generate_messages_nodejs
[11.610s] [  0%] Built target tf_generate_messages_py
[11.763s] [  0%] Built target jsk_recognition_msgs_generate_messages_nodejs
[11.908s] [  0%] Built target roscpp_generate_messages_py
[12.054s] [  0%] Built target uuid_msgs_generate_messages_eus
[12.200s] [  0%] Built target uuid_msgs_generate_messages_cpp
[12.383s] [  0%] Built target roscpp_generate_messages_eus
[12.531s] [  0%] Built target jsk_footstep_msgs_generate_messages_cpp
[12.680s] [  0%] Built target roscpp_generate_messages_nodejs
[12.825s] [  0%] Built target actionlib_generate_messages_eus
[12.973s] [  0%] Built target rosgraph_msgs_generate_messages_cpp
[13.117s] [  0%] Built target geographic_msgs_generate_messages_lisp
[13.294s] [  0%] Built target geographic_msgs_generate_messages_py
[13.454s] [  0%] Built target uuid_msgs_generate_messages_lisp
[13.604s] [  0%] Built target uuid_msgs_generate_messages_nodejs
[13.745s] [  0%] Built target uuid_msgs_generate_messages_py
[13.891s] [  0%] Built target visualization_msgs_generate_messages_eus
[14.036s] [  0%] Built target visualization_msgs_generate_messages_lisp
[14.194s] [  0%] Built target visualization_msgs_generate_messages_nodejs
[14.390s] [  0%] Built target vector_map_msgs_generate_messages_cpp
[14.533s] [  0%] Built target vector_map_msgs_generate_messages_eus
[14.681s] [  0%] Built target vector_map_msgs_generate_messages_py
[14.826s] [ 18%] Built target aisan_map
[14.985s] [ 36%] Built target lanelet_helper
[15.163s] [ 81%] Built target lanelet2aisan_converter
[15.388s] [100%] Built target lanelet2aisan
[17.138s] [ 15%] Built target gtest
[17.325s] [ 15%] Built target geographic_msgs_generate_messages_py
[17.492s] [ 15%] Built target vector_map_msgs_generate_messages_nodejs
[17.638s] [ 15%] Built target geographic_msgs_generate_messages_nodejs
[17.782s] [ 15%] Built target geographic_msgs_generate_messages_eus
[17.925s] [ 15%] Built target tf2_msgs_generate_messages_py
[18.068s] [ 15%] Built target tf2_msgs_generate_messages_nodejs
[18.231s] [ 15%] Built target tf2_msgs_generate_messages_lisp
[18.402s] [ 15%] Built target tf2_msgs_generate_messages_cpp
[18.559s] [ 15%] Built target actionlib_generate_messages_py
[18.702s] [ 15%] Built target actionlib_generate_messages_nodejs
[18.846s] [ 15%] Built target actionlib_generate_messages_cpp
[18.993s] [ 15%] Built target rosgraph_msgs_generate_messages_py
[19.136s] [ 15%] Built target geographic_msgs_generate_messages_cpp
[19.281s] [ 15%] Built target rosgraph_msgs_generate_messages_nodejs
[19.441s] [ 15%] Built target jsk_recognition_msgs_generate_messages_lisp
[19.586s] [ 15%] Built target tf_generate_messages_cpp
[19.732s] [ 15%] Built target jsk_recognition_msgs_generate_messages_eus
[19.881s] [ 15%] Built target std_msgs_generate_messages_py
[20.026s] [ 15%] Built target jsk_recognition_msgs_generate_messages_cpp
[20.171s] [ 15%] Built target geometry_msgs_generate_messages_lisp
[20.380s] [ 15%] Built target autoware_msgs_generate_messages_eus
[20.522s] [ 15%] Built target std_msgs_generate_messages_nodejs
[20.676s] [ 15%] Built target geometry_msgs_generate_messages_eus
[20.821s] [ 15%] Built target std_msgs_generate_messages_cpp
[20.970s] [ 15%] Built target jsk_footstep_msgs_generate_messages_py
[21.116s] [ 15%] Built target geometry_msgs_generate_messages_py
[21.277s] [ 15%] Built target tf2_msgs_generate_messages_eus
[21.473s] [ 15%] Built target sensor_msgs_generate_messages_py
[21.618s] [ 15%] Built target jsk_footstep_msgs_generate_messages_lisp
[21.761s] [ 15%] Built target autoware_msgs_generate_messages_nodejs
[21.904s] [ 15%] Built target actionlib_msgs_generate_messages_eus
[22.050s] [ 15%] Built target tf_generate_messages_eus
[22.205s] [ 15%] Built target autoware_msgs_generate_messages_py
[22.404s] [ 15%] Built target rosgraph_msgs_generate_messages_lisp
[22.547s] [ 15%] Built target visualization_msgs_generate_messages_cpp
[22.695s] [ 15%] Built target sensor_msgs_generate_messages_lisp
[22.839s] [ 15%] Built target sensor_msgs_generate_messages_eus
[22.981s] [ 15%] Built target roscpp_generate_messages_cpp
[23.131s] [ 15%] Built target visualization_msgs_generate_messages_py
[23.306s] [ 15%] Built target autoware_msgs_generate_messages_lisp
[23.471s] [ 15%] Built target sensor_msgs_generate_messages_cpp
[23.622s] [ 15%] Built target pcl_msgs_generate_messages_cpp
[23.773s] [ 15%] Built target jsk_recognition_msgs_generate_messages_py
[23.915s] [ 15%] Built target std_msgs_generate_messages_lisp
[24.061s] [ 15%] Built target autoware_msgs_generate_messages_cpp
[24.206s] [ 15%] Built target jsk_footstep_msgs_generate_messages_eus
[24.413s] [ 15%] Built target actionlib_generate_messages_lisp
[24.556s] [ 15%] Built target _catkin_empty_exported_target
[24.703s] [ 15%] Built target roscpp_generate_messages_lisp
[24.845s] [ 15%] Built target geometry_msgs_generate_messages_nodejs
[24.991s] [ 15%] Built target geometry_msgs_generate_messages_cpp
[25.133s] [ 15%] Built target pcl_msgs_generate_messages_eus
[25.302s] [ 15%] Built target vector_map_msgs_generate_messages_lisp
[25.455s] [ 15%] Built target pcl_msgs_generate_messages_nodejs
[25.601s] [ 15%] Built target pcl_msgs_generate_messages_lisp
[25.759s] [ 15%] Built target pcl_msgs_generate_messages_py
[25.889s] [ 15%] Built target sensor_msgs_generate_messages_nodejs
[26.034s] [ 15%] Built target jsk_footstep_msgs_generate_messages_nodejs
[26.179s] [ 15%] Built target actionlib_msgs_generate_messages_cpp
[26.387s] [ 15%] Built target actionlib_msgs_generate_messages_py
[26.527s] [ 15%] Built target tf_generate_messages_lisp
[26.668s] [ 15%] Built target tf_generate_messages_nodejs
[26.812s] [ 15%] Built target std_msgs_generate_messages_eus
[26.955s] [ 15%] Built target actionlib_msgs_generate_messages_lisp
[27.101s] [ 15%] Built target actionlib_msgs_generate_messages_nodejs
[27.249s] [ 15%] Built target tf_generate_messages_py
[27.414s] [ 15%] Built target jsk_recognition_msgs_generate_messages_nodejs
[27.570s] [ 15%] Built target roscpp_generate_messages_py
[27.714s] [ 15%] Built target uuid_msgs_generate_messages_eus
[27.858s] [ 15%] Built target uuid_msgs_generate_messages_cpp
[28.003s] [ 15%] Built target roscpp_generate_messages_eus
[28.146s] [ 15%] Built target jsk_footstep_msgs_generate_messages_cpp
[28.337s] [ 15%] Built target roscpp_generate_messages_nodejs
[28.481s] [ 15%] Built target actionlib_generate_messages_eus
[28.628s] [ 15%] Built target rosgraph_msgs_generate_messages_cpp
[28.773s] [ 15%] Built target geographic_msgs_generate_messages_lisp
[28.915s] [ 15%] Built target uuid_msgs_generate_messages_lisp
[29.058s] [ 15%] Built target uuid_msgs_generate_messages_nodejs
[29.217s] [ 15%] Built target uuid_msgs_generate_messages_py
[29.393s] [ 15%] Built target visualization_msgs_generate_messages_eus
[29.536s] [ 15%] Built target visualization_msgs_generate_messages_lisp
[29.677s] [ 15%] Built target visualization_msgs_generate_messages_nodejs
[29.823s] [ 15%] Built target vector_map_msgs_generate_messages_cpp
[29.969s] [ 15%] Built target vector_map_msgs_generate_messages_eus
[30.119s] [ 15%] Built target vector_map_msgs_generate_messages_py
[30.301s] [ 15%] Built target rosgraph_msgs_generate_messages_eus
[30.516s] [ 30%] Built target aisan_map
[30.678s] [ 46%] Built target lanelet_helper
[30.861s] [ 84%] Built target lanelet2aisan_converter
[31.032s] [100%] Built target test_lanelet2aisan_converter
[31.182s] [100%] Built target tests
[32.912s] [  0%] Built target rosgraph_msgs_generate_messages_eus
[33.055s] [  0%] Built target vector_map_msgs_generate_messages_nodejs
[33.209s] [  0%] Built target geographic_msgs_generate_messages_nodejs
[33.398s] [  0%] Built target geographic_msgs_generate_messages_eus
[33.539s] [  0%] Built target tf2_msgs_generate_messages_py
[33.681s] [  0%] Built target tf2_msgs_generate_messages_nodejs
[33.825s] [  0%] Built target tf2_msgs_generate_messages_lisp
[33.969s] [  0%] Built target tf2_msgs_generate_messages_cpp
[34.119s] [  0%] Built target actionlib_generate_messages_py
[34.314s] [  0%] Built target actionlib_generate_messages_nodejs
[34.460s] [  0%] Built target actionlib_generate_messages_cpp
[34.603s] [  0%] Built target rosgraph_msgs_generate_messages_py
[34.744s] [  0%] Built target geographic_msgs_generate_messages_cpp
[34.887s] [  0%] Built target rosgraph_msgs_generate_messages_nodejs
[35.034s] [  0%] Built target jsk_recognition_msgs_generate_messages_lisp
[35.177s] [  0%] Built target tf_generate_messages_cpp
[35.348s] [  0%] Built target jsk_recognition_msgs_generate_messages_eus
[35.492s] [  0%] Built target std_msgs_generate_messages_py
[35.634s] [  0%] Built target jsk_recognition_msgs_generate_messages_cpp
[35.785s] [  0%] Built target geometry_msgs_generate_messages_lisp
[35.932s] [  0%] Built target autoware_msgs_generate_messages_eus
[36.074s] [  0%] Built target std_msgs_generate_messages_nodejs
[36.240s] [  0%] Built target geometry_msgs_generate_messages_eus
[36.410s] [  0%] Built target std_msgs_generate_messages_cpp
[36.558s] [  0%] Built target jsk_footstep_msgs_generate_messages_py
[36.707s] [  0%] Built target geometry_msgs_generate_messages_py
[36.852s] [  0%] Built target tf2_msgs_generate_messages_eus
[36.995s] [  0%] Built target sensor_msgs_generate_messages_py
[37.145s] [  0%] Built target jsk_footstep_msgs_generate_messages_lisp
[37.320s] [  0%] Built target autoware_msgs_generate_messages_nodejs
[37.486s] [  0%] Built target actionlib_msgs_generate_messages_eus
[37.632s] [  0%] Built target tf_generate_messages_eus
[37.773s] [  0%] Built target autoware_msgs_generate_messages_py
[37.916s] [  0%] Built target rosgraph_msgs_generate_messages_lisp
[38.058s] [  0%] Built target visualization_msgs_generate_messages_cpp
[38.204s] [  0%] Built target sensor_msgs_generate_messages_lisp
[38.390s] [  0%] Built target sensor_msgs_generate_messages_eus
[38.544s] [  0%] Built target roscpp_generate_messages_cpp
[38.696s] [  0%] Built target visualization_msgs_generate_messages_py
[38.839s] [  0%] Built target autoware_msgs_generate_messages_lisp
[38.985s] [  0%] Built target sensor_msgs_generate_messages_cpp
[39.132s] [  0%] Built target pcl_msgs_generate_messages_cpp
[39.323s] [  0%] Built target jsk_recognition_msgs_generate_messages_py
[39.484s] [  0%] Built target std_msgs_generate_messages_lisp
[39.629s] [  0%] Built target autoware_msgs_generate_messages_cpp
[39.772s] [  0%] Built target jsk_footstep_msgs_generate_messages_eus
[39.919s] [  0%] Built target actionlib_generate_messages_lisp
[40.055s] [  0%] Built target _catkin_empty_exported_target
[40.200s] [  0%] Built target roscpp_generate_messages_lisp
[40.373s] [  0%] Built target geometry_msgs_generate_messages_nodejs
[40.530s] [  0%] Built target geometry_msgs_generate_messages_cpp
[40.672s] [  0%] Built target pcl_msgs_generate_messages_eus
[40.816s] [  0%] Built target vector_map_msgs_generate_messages_lisp
[40.953s] [  0%] Built target pcl_msgs_generate_messages_nodejs
[41.092s] [  0%] Built target pcl_msgs_generate_messages_lisp
[41.236s] [  0%] Built target pcl_msgs_generate_messages_py
[41.429s] [  0%] Built target sensor_msgs_generate_messages_nodejs
[41.558s] [  0%] Built target jsk_footstep_msgs_generate_messages_nodejs
[41.684s] [  0%] Built target actionlib_msgs_generate_messages_cpp
[41.815s] [  0%] Built target actionlib_msgs_generate_messages_py
[41.945s] [  0%] Built target tf_generate_messages_lisp
[42.078s] [  0%] Built target tf_generate_messages_nodejs
[42.220s] [  0%] Built target std_msgs_generate_messages_eus
[42.387s] [  0%] Built target actionlib_msgs_generate_messages_lisp
[42.527s] [  0%] Built target actionlib_msgs_generate_messages_nodejs
[42.652s] [  0%] Built target tf_generate_messages_py
[42.778s] [  0%] Built target jsk_recognition_msgs_generate_messages_nodejs
[42.908s] [  0%] Built target roscpp_generate_messages_py
[43.041s] [  0%] Built target uuid_msgs_generate_messages_eus
[43.175s] [  0%] Built target uuid_msgs_generate_messages_cpp
[43.327s] [  0%] Built target roscpp_generate_messages_eus
[43.475s] [  0%] Built target jsk_footstep_msgs_generate_messages_cpp
[43.611s] [  0%] Built target roscpp_generate_messages_nodejs
[43.733s] [  0%] Built target actionlib_generate_messages_eus
[43.863s] [  0%] Built target rosgraph_msgs_generate_messages_cpp
[44.002s] [  0%] Built target geographic_msgs_generate_messages_lisp
[44.136s] [  0%] Built target geographic_msgs_generate_messages_py
[44.284s] [  0%] Built target uuid_msgs_generate_messages_lisp
[44.422s] [  0%] Built target uuid_msgs_generate_messages_nodejs
[44.530s] [  0%] Built target uuid_msgs_generate_messages_py
[44.639s] [  0%] Built target visualization_msgs_generate_messages_eus
[44.752s] [  0%] Built target visualization_msgs_generate_messages_lisp
[44.864s] [  0%] Built target visualization_msgs_generate_messages_nodejs
[44.980s] [  0%] Built target vector_map_msgs_generate_messages_cpp
[45.095s] [  0%] Built target vector_map_msgs_generate_messages_eus
[45.227s] [  0%] Built target vector_map_msgs_generate_messages_py
[45.392s] [ 18%] Built target aisan_map
[45.528s] [ 36%] Built target lanelet_helper
[45.658s] [ 81%] Built target lanelet2aisan_converter
[45.793s] [100%] Built target lanelet2aisan
[45.906s] [36mInstall the project...[0m
[45.955s] -- Install configuration: "Release"
[45.955s] -- Up-to-date: /home/capstone/autoware.ai/install/lanelet_aisan_converter/lib/pkgconfig/lanelet_aisan_converter.pc
[45.955s] -- Up-to-date: /home/capstone/autoware.ai/install/lanelet_aisan_converter/share/lanelet_aisan_converter/cmake/lanelet_aisan_converterConfig.cmake
[45.955s] -- Up-to-date: /home/capstone/autoware.ai/install/lanelet_aisan_converter/share/lanelet_aisan_converter/cmake/lanelet_aisan_converterConfig-version.cmake
[45.956s] -- Up-to-date: /home/capstone/autoware.ai/install/lanelet_aisan_converter/share/lanelet_aisan_converter/package.xml
[45.956s] -- Up-to-date: /home/capstone/autoware.ai/install/lanelet_aisan_converter/lib/lanelet_aisan_converter/lanelet2aisan
[45.956s] -- Up-to-date: /home/capstone/autoware.ai/install/lanelet_aisan_converter/lib/liblanelet_helper.a
[45.956s] -- Up-to-date: /home/capstone/autoware.ai/install/lanelet_aisan_converter/lib/liblanelet2aisan_converter.a
[45.956s] -- Up-to-date: /home/capstone/autoware.ai/install/lanelet_aisan_converter/lib/libaisan_map.a
[45.957s] -- Up-to-date: /home/capstone/autoware.ai/install/lanelet_aisan_converter/include/lanelet_aisan_converter
[45.957s] -- Up-to-date: /home/capstone/autoware.ai/install/lanelet_aisan_converter/include/lanelet_aisan_converter/lanelet2aisan_converter
[45.957s] -- Up-to-date: /home/capstone/autoware.ai/install/lanelet_aisan_converter/include/lanelet_aisan_converter/lanelet2aisan_converter/unique_id_handler.h
[45.957s] -- Up-to-date: /home/capstone/autoware.ai/install/lanelet_aisan_converter/include/lanelet_aisan_converter/lanelet2aisan_converter/lanelet2aisan_converter.h
[45.957s] -- Up-to-date: /home/capstone/autoware.ai/install/lanelet_aisan_converter/include/lanelet_aisan_converter/lanelet_helper
[45.957s] -- Up-to-date: /home/capstone/autoware.ai/install/lanelet_aisan_converter/include/lanelet_aisan_converter/lanelet_helper/lanelet_helper.h
[45.957s] -- Up-to-date: /home/capstone/autoware.ai/install/lanelet_aisan_converter/include/lanelet_aisan_converter/aisan_map
[45.957s] -- Up-to-date: /home/capstone/autoware.ai/install/lanelet_aisan_converter/include/lanelet_aisan_converter/aisan_map/csv_def.h
[45.958s] -- Up-to-date: /home/capstone/autoware.ai/install/lanelet_aisan_converter/include/lanelet_aisan_converter/aisan_map/aisan_map.h
[45.958s] -- Up-to-date: /home/capstone/autoware.ai/install/lanelet_aisan_converter/include/lanelet_aisan_converter/aisan_map/supported_vector_map_msgs.h
[45.958s] -- Up-to-date: /home/capstone/autoware.ai/install/lanelet_aisan_converter/share/lanelet_aisan_converter/scripts/launch_vector_map_loader.sh
