[0.537s] -- Using CATKIN_DEVEL_PREFIX: /home/capstone/autoware.ai/build/emergency_handler/devel
[0.538s] -- Using CMAKE_PREFIX_PATH: /home/capstone/autoware.ai/install/autoware_health_checker;/home/capstone/autoware.ai/install/ros_observer;/home/capstone/autoware.ai/install/autoware_system_msgs;/home/capstone/autoware.ai/install/autoware_msgs;/home/capstone/autoware.ai/install/ymc;/home/capstone/autoware.ai/install/xsens_driver;/home/capstone/autoware.ai/install/wf_simulator;/home/capstone/autoware.ai/install/lattice_planner;/home/capstone/autoware.ai/install/waypoint_planner;/home/capstone/autoware.ai/install/waypoint_maker;/home/capstone/autoware.ai/install/way_planner;/home/capstone/autoware.ai/install/vlg22c_cam;/home/capstone/autoware.ai/install/vision_ssd_detect;/home/capstone/autoware.ai/install/vision_segment_enet_detect;/home/capstone/autoware.ai/install/vision_lane_detect;/home/capstone/autoware.ai/install/vision_darknet_detect;/home/capstone/autoware.ai/install/vision_beyond_track;/home/capstone/autoware.ai/install/vel_pose_diff_checker;/home/capstone/autoware.ai/install/vehicle_socket;/home/capstone/autoware.ai/install/vehicle_sim_model;/home/capstone/autoware.ai/install/vehicle_model;/home/capstone/autoware.ai/install/vehicle_gazebo_simulation_launcher;/home/capstone/autoware.ai/install/vehicle_gazebo_simulation_interface;/home/capstone/autoware.ai/install/vehicle_engage_panel;/home/capstone/autoware.ai/install/vehicle_description;/home/capstone/autoware.ai/install/trafficlight_recognizer;/home/capstone/autoware.ai/install/op_utilities;/home/capstone/autoware.ai/install/op_simulation_package;/home/capstone/autoware.ai/install/op_local_planner;/home/capstone/autoware.ai/install/op_global_planner;/home/capstone/autoware.ai/install/lidar_kf_contour_track;/home/capstone/autoware.ai/install/op_ros_helpers;/home/capstone/autoware.ai/install/ff_waypoint_follower;/home/capstone/autoware.ai/install/dp_planner;/home/capstone/autoware.ai/install/op_simu;/home/capstone/autoware.ai/install/op_planner;/home/capstone/autoware.ai/install/op_utility;/home/capstone/autoware.ai/install/lidar_euclidean_cluster_detect;/home/capstone/autoware.ai/install/vector_map_server;/home/capstone/autoware.ai/install/road_occupancy_processor;/home/capstone/autoware.ai/install/costmap_generator;/home/capstone/autoware.ai/install/object_map;/home/capstone/autoware.ai/install/naive_motion_predict;/home/capstone/autoware.ai/install/lanelet_aisan_converter;/home/capstone/autoware.ai/install/map_file;/home/capstone/autoware.ai/install/libvectormap;/home/capstone/autoware.ai/install/lane_planner;/home/capstone/autoware.ai/install/imm_ukf_pda_track;/home/capstone/autoware.ai/install/decision_maker;/home/capstone/autoware.ai/install/vector_map;/home/capstone/autoware.ai/install/vector_map_msgs;/home/capstone/autoware.ai/install/vectacam;/home/capstone/autoware.ai/install/udon_socket;/home/capstone/autoware.ai/install/twist_generator;/home/capstone/autoware.ai/install/twist_gate;/home/capstone/autoware.ai/install/twist_filter;/home/capstone/autoware.ai/install/twist2odom;/home/capstone/autoware.ai/install/tablet_socket;/home/capstone/autoware.ai/install/runtime_manager;/home/capstone/autoware.ai/install/mqtt_socket;/home/capstone/autoware.ai/install/tablet_socket_msgs;/home/capstone/autoware.ai/install/state_machine_lib;/home/capstone/autoware.ai/install/sound_player;/home/capstone/autoware.ai/install/sick_lms5xx;/home/capstone/autoware.ai/install/sick_ldmrs_tools;/home/capstone/autoware.ai/install/sick_ldmrs_driver;/home/capstone/autoware.ai/install/sick_ldmrs_msgs;/home/capstone/autoware.ai/install/sick_ldmrs_description;/home/capstone/autoware.ai/install/points2image;/home/capstone/autoware.ai/install/rosinterface;/home/capstone/autoware.ai/install/rosbag_controller;/home/capstone/autoware.ai/install/pure_pursuit;/home/capstone/autoware.ai/install/points_preprocessor;/home/capstone/autoware.ai/install/mpc_follower;/home/capstone/autoware.ai/install/lidar_localizer;/home/capstone/autoware.ai/install/emergency_handler;/home/capstone/autoware.ai/install/as;/home/capstone/autoware.ai/install/roi_object_filter;/home/capstone/autoware.ai/install/range_vision_fusion;/home/capstone/autoware.ai/install/pos_db;/home/capstone/autoware.ai/install/points_downsampler;/home/capstone/autoware.ai/install/pixel_cloud_fusion;/home/capstone/autoware.ai/install/pcl_omp_registration;/home/capstone/autoware.ai/install/pc2_downsampler;/home/capstone/autoware.ai/install/oculus_socket;/home/capstone/autoware.ai/install/obj_db;/home/capstone/autoware.ai/install/nmea_navsat;/home/capstone/autoware.ai/install/ndt_tku;/home/capstone/autoware.ai/install/ndt_gpu;/home/capstone/autoware.ai/install/ndt_cpu;/home/capstone/autoware.ai/install/multi_lidar_calibrator;/home/capstone/autoware.ai/install/mrt_cmake_modules;/home/capstone/autoware.ai/install/microstrain_driver;/home/capstone/autoware.ai/install/memsic_imu;/home/capstone/autoware.ai/install/marker_downsampler;/home/capstone/autoware.ai/install/map_tools;/home/capstone/autoware.ai/install/map_tf_generator;/home/capstone/autoware.ai/install/log_tools;/home/capstone/autoware.ai/install/lidar_shape_estimation;/home/capstone/autoware.ai/install/lidar_point_pillars;/home/capstone/autoware.ai/install/lidar_naive_l_shape_detect;/home/capstone/autoware.ai/install/lidar_fake_perception;/home/capstone/autoware.ai/install/lidar_apollo_cnn_seg_detect;/home/capstone/autoware.ai/install/libwaypoint_follower;/home/capstone/autoware.ai/install/lgsvl_simulator_bridge;/home/capstone/autoware.ai/install/lanelet2_extension;/home/capstone/autoware.ai/install/lanelet2_validation;/home/capstone/autoware.ai/install/lanelet2_examples;/home/capstone/autoware.ai/install/lanelet2_python;/home/capstone/autoware.ai/install/lanelet2_routing;/home/capstone/autoware.ai/install/lanelet2_traffic_rules;/home/capstone/autoware.ai/install/lanelet2_projection;/home/capstone/autoware.ai/install/lanelet2_maps;/home/capstone/autoware.ai/install/lanelet2_io;/home/capstone/autoware.ai/install/lanelet2_core;/home/capstone/autoware.ai/install/kvaser;/home/capstone/autoware.ai/install/kitti_launch;/home/capstone/autoware.ai/install/kitti_player;/home/capstone/autoware.ai/install/kitti_box_publisher;/home/capstone/autoware.ai/install/javad_navsat_driver;/home/capstone/autoware.ai/install/integrated_viewer;/home/capstone/autoware.ai/install/image_processor;/home/capstone/autoware.ai/install/hokuyo;/home/capstone/autoware.ai/install/graph_tools;/home/capstone/autoware.ai/install/gnss_localizer;/home/capstone/autoware.ai/install/gnss;/home/capstone/autoware.ai/install/glviewer;/home/capstone/autoware.ai/install/gazebo_world_description;/home/capstone/autoware.ai/install/gazebo_imu_description;/home/capstone/autoware.ai/install/gazebo_camera_description;/home/capstone/autoware.ai/install/garmin;/home/capstone/autoware.ai/install/freespace_planner;/home/capstone/autoware.ai/install/fastvirtualscan;/home/capstone/autoware.ai/install/ekf_localizer;/home/capstone/autoware.ai/install/ds4_msgs;/home/capstone/autoware.ai/install/ds4_driver;/home/capstone/autoware.ai/install/detected_objects_visualizer;/home/capstone/autoware.ai/install/decision_maker_panel;/home/capstone/autoware.ai/install/data_preprocessor;/home/capstone/autoware.ai/install/custom_msgs;/home/capstone/autoware.ai/install/carla_autoware_bridge;/home/capstone/autoware.ai/install/calibration_publisher;/home/capstone/autoware.ai/install/autoware_rviz_plugins;/home/capstone/autoware.ai/install/autoware_quickstart_examples;/home/capstone/autoware.ai/install/autoware_pointgrey_drivers;/home/capstone/autoware.ai/install/autoware_driveworks_interface;/home/capstone/autoware.ai/install/autoware_connector;/home/capstone/autoware.ai/install/autoware_camera_lidar_calibrator;/home/capstone/autoware.ai/install/astar_search;/home/capstone/autoware.ai/install/amathutils_lib;/home/capstone/autoware.ai/install/autoware_map_msgs;/home/capstone/autoware.ai/install/autoware_launcher_rviz;/home/capstone/autoware.ai/install/autoware_launcher;/home/capstone/autoware.ai/install/autoware_lanelet2_msgs;/home/capstone/autoware.ai/install/autoware_external_msgs;/home/capstone/autoware.ai/install/autoware_driveworks_gmsl_interface;/home/capstone/autoware.ai/install/autoware_config_msgs;/home/capstone/autoware.ai/install/autoware_can_msgs;/home/capstone/autoware.ai/install/autoware_build_flags;/home/capstone/autoware.ai/install/autoware_bag_tools;/home/capstone/autoware.ai/install/adi_driver;/opt/carla-ros-bridge/melodic;/opt/ros/melodic
[0.555s] -- This workspace overlays: /home/capstone/autoware.ai/install/autoware_health_checker;/home/capstone/autoware.ai/install/ros_observer;/home/capstone/autoware.ai/install/autoware_system_msgs;/home/capstone/autoware.ai/install/autoware_msgs;/home/capstone/autoware.ai/install/ymc;/home/capstone/autoware.ai/install/xsens_driver;/home/capstone/autoware.ai/install/wf_simulator;/home/capstone/autoware.ai/install/lattice_planner;/home/capstone/autoware.ai/install/waypoint_planner;/home/capstone/autoware.ai/install/waypoint_maker;/home/capstone/autoware.ai/install/way_planner;/home/capstone/autoware.ai/install/vlg22c_cam;/home/capstone/autoware.ai/install/vision_ssd_detect;/home/capstone/autoware.ai/install/vision_segment_enet_detect;/home/capstone/autoware.ai/install/vision_lane_detect;/home/capstone/autoware.ai/install/vision_darknet_detect;/home/capstone/autoware.ai/install/vision_beyond_track;/home/capstone/autoware.ai/install/vel_pose_diff_checker;/home/capstone/autoware.ai/install/vehicle_socket;/home/capstone/autoware.ai/install/vehicle_sim_model;/home/capstone/autoware.ai/install/vehicle_model;/home/capstone/autoware.ai/install/vehicle_gazebo_simulation_launcher;/home/capstone/autoware.ai/install/vehicle_gazebo_simulation_interface;/home/capstone/autoware.ai/install/vehicle_engage_panel;/home/capstone/autoware.ai/install/vehicle_description;/home/capstone/autoware.ai/install/trafficlight_recognizer;/home/capstone/autoware.ai/install/op_utilities;/home/capstone/autoware.ai/install/op_simulation_package;/home/capstone/autoware.ai/install/op_local_planner;/home/capstone/autoware.ai/install/op_global_planner;/home/capstone/autoware.ai/install/lidar_kf_contour_track;/home/capstone/autoware.ai/install/op_ros_helpers;/home/capstone/autoware.ai/install/ff_waypoint_follower;/home/capstone/autoware.ai/install/dp_planner;/home/capstone/autoware.ai/install/op_simu;/home/capstone/autoware.ai/install/op_planner;/home/capstone/autoware.ai/install/op_utility;/home/capstone/autoware.ai/install/lidar_euclidean_cluster_detect;/home/capstone/autoware.ai/install/vector_map_server;/home/capstone/autoware.ai/install/road_occupancy_processor;/home/capstone/autoware.ai/install/costmap_generator;/home/capstone/autoware.ai/install/object_map;/home/capstone/autoware.ai/install/naive_motion_predict;/home/capstone/autoware.ai/install/lanelet_aisan_converter;/home/capstone/autoware.ai/install/map_file;/home/capstone/autoware.ai/install/libvectormap;/home/capstone/autoware.ai/install/lane_planner;/home/capstone/autoware.ai/install/imm_ukf_pda_track;/home/capstone/autoware.ai/install/decision_maker;/home/capstone/autoware.ai/install/vector_map;/home/capstone/autoware.ai/install/vector_map_msgs;/home/capstone/autoware.ai/install/vectacam;/home/capstone/autoware.ai/install/udon_socket;/home/capstone/autoware.ai/install/twist_generator;/home/capstone/autoware.ai/install/twist_gate;/home/capstone/autoware.ai/install/twist_filter;/home/capstone/autoware.ai/install/twist2odom;/home/capstone/autoware.ai/install/tablet_socket;/home/capstone/autoware.ai/install/runtime_manager;/home/capstone/autoware.ai/install/mqtt_socket;/home/capstone/autoware.ai/install/tablet_socket_msgs;/home/capstone/autoware.ai/install/state_machine_lib;/home/capstone/autoware.ai/install/sound_player;/home/capstone/autoware.ai/install/sick_lms5xx;/home/capstone/autoware.ai/install/sick_ldmrs_tools;/home/capstone/autoware.ai/install/sick_ldmrs_driver;/home/capstone/autoware.ai/install/sick_ldmrs_msgs;/home/capstone/autoware.ai/install/sick_ldmrs_description;/home/capstone/autoware.ai/install/points2image;/home/capstone/autoware.ai/install/rosinterface;/home/capstone/autoware.ai/install/rosbag_controller;/home/capstone/autoware.ai/install/pure_pursuit;/home/capstone/autoware.ai/install/points_preprocessor;/home/capstone/autoware.ai/install/mpc_follower;/home/capstone/autoware.ai/install/lidar_localizer;/home/capstone/autoware.ai/install/emergency_handler;/home/capstone/autoware.ai/install/as;/home/capstone/autoware.ai/install/roi_object_filter;/home/capstone/autoware.ai/install/range_vision_fusion;/home/capstone/autoware.ai/install/pos_db;/home/capstone/autoware.ai/install/points_downsampler;/home/capstone/autoware.ai/install/pixel_cloud_fusion;/home/capstone/autoware.ai/install/pcl_omp_registration;/home/capstone/autoware.ai/install/pc2_downsampler;/home/capstone/autoware.ai/install/oculus_socket;/home/capstone/autoware.ai/install/obj_db;/home/capstone/autoware.ai/install/nmea_navsat;/home/capstone/autoware.ai/install/ndt_tku;/home/capstone/autoware.ai/install/ndt_gpu;/home/capstone/autoware.ai/install/ndt_cpu;/home/capstone/autoware.ai/install/multi_lidar_calibrator;/home/capstone/autoware.ai/install/mrt_cmake_modules;/home/capstone/autoware.ai/install/microstrain_driver;/home/capstone/autoware.ai/install/memsic_imu;/home/capstone/autoware.ai/install/marker_downsampler;/home/capstone/autoware.ai/install/map_tools;/home/capstone/autoware.ai/install/map_tf_generator;/home/capstone/autoware.ai/install/log_tools;/home/capstone/autoware.ai/install/lidar_shape_estimation;/home/capstone/autoware.ai/install/lidar_point_pillars;/home/capstone/autoware.ai/install/lidar_naive_l_shape_detect;/home/capstone/autoware.ai/install/lidar_fake_perception;/home/capstone/autoware.ai/install/lidar_apollo_cnn_seg_detect;/home/capstone/autoware.ai/install/libwaypoint_follower;/home/capstone/autoware.ai/install/lgsvl_simulator_bridge;/home/capstone/autoware.ai/install/lanelet2_extension;/home/capstone/autoware.ai/install/lanelet2_validation;/home/capstone/autoware.ai/install/lanelet2_examples;/home/capstone/autoware.ai/install/lanelet2_python;/home/capstone/autoware.ai/install/lanelet2_routing;/home/capstone/autoware.ai/install/lanelet2_traffic_rules;/home/capstone/autoware.ai/install/lanelet2_projection;/home/capstone/autoware.ai/install/lanelet2_maps;/home/capstone/autoware.ai/install/lanelet2_io;/home/capstone/autoware.ai/install/lanelet2_core;/home/capstone/autoware.ai/install/kvaser;/home/capstone/autoware.ai/install/kitti_launch;/home/capstone/autoware.ai/install/kitti_player;/home/capstone/autoware.ai/install/kitti_box_publisher;/home/capstone/autoware.ai/install/javad_navsat_driver;/home/capstone/autoware.ai/install/integrated_viewer;/home/capstone/autoware.ai/install/image_processor;/home/capstone/autoware.ai/install/hokuyo;/home/capstone/autoware.ai/install/graph_tools;/home/capstone/autoware.ai/install/gnss_localizer;/home/capstone/autoware.ai/install/gnss;/home/capstone/autoware.ai/install/glviewer;/home/capstone/autoware.ai/install/gazebo_world_description;/home/capstone/autoware.ai/install/gazebo_imu_description;/home/capstone/autoware.ai/install/gazebo_camera_description;/home/capstone/autoware.ai/install/garmin;/home/capstone/autoware.ai/install/freespace_planner;/home/capstone/autoware.ai/install/fastvirtualscan;/home/capstone/autoware.ai/install/ekf_localizer;/home/capstone/autoware.ai/install/ds4_msgs;/home/capstone/autoware.ai/install/ds4_driver;/home/capstone/autoware.ai/install/detected_objects_visualizer;/home/capstone/autoware.ai/install/decision_maker_panel;/home/capstone/autoware.ai/install/data_preprocessor;/home/capstone/autoware.ai/install/custom_msgs;/home/capstone/autoware.ai/install/carla_autoware_bridge;/home/capstone/autoware.ai/install/calibration_publisher;/home/capstone/autoware.ai/install/autoware_rviz_plugins;/home/capstone/autoware.ai/install/autoware_quickstart_examples;/home/capstone/autoware.ai/install/autoware_pointgrey_drivers;/home/capstone/autoware.ai/install/autoware_driveworks_interface;/home/capstone/autoware.ai/install/autoware_connector;/home/capstone/autoware.ai/install/autoware_camera_lidar_calibrator;/home/capstone/autoware.ai/install/astar_search;/home/capstone/autoware.ai/install/amathutils_lib;/home/capstone/autoware.ai/install/autoware_map_msgs;/home/capstone/autoware.ai/install/autoware_launcher_rviz;/home/capstone/autoware.ai/install/autoware_launcher;/home/capstone/autoware.ai/install/autoware_lanelet2_msgs;/home/capstone/autoware.ai/install/autoware_external_msgs;/home/capstone/autoware.ai/install/autoware_driveworks_gmsl_interface;/home/capstone/autoware.ai/install/autoware_config_msgs;/home/capstone/autoware.ai/install/autoware_can_msgs;/home/capstone/autoware.ai/install/autoware_build_flags;/home/capstone/autoware.ai/install/autoware_bag_tools;/home/capstone/autoware.ai/install/adi_driver;/opt/carla-ros-bridge/melodic;/opt/ros/melodic
[0.640s] -- Found PythonInterp: /usr/bin/python2 (found suitable version "2.7.17", minimum required is "2") 
[0.641s] -- Using PYTHON_EXECUTABLE: /usr/bin/python2
[0.641s] -- Using Debian Python package layout
[0.644s] -- Using empy: /usr/bin/empy
[1.015s] -- Using CATKIN_ENABLE_TESTING: ON
[1.016s] -- Call enable_testing()
[1.019s] -- Using CATKIN_TEST_RESULTS_DIR: /home/capstone/autoware.ai/build/emergency_handler/test_results
[1.156s] -- Found gtest sources under '/usr/src/googletest': gtests will be built
[1.157s] -- Found gmock sources under '/usr/src/googletest': gmock will be built
[1.233s] -- Found PythonInterp: /usr/bin/python2 (found version "2.7.17") 
[1.245s] -- Using Python nosetests: /usr/bin/nosetests-2.7
[1.424s] -- catkin 0.7.23
[1.425s] -- BUILD_SHARED_LIBS is on
[2.407s] -- Using these message generators: gencpp;geneus;genlisp;gennodejs;genpy
[3.530s] -- Configuring done
[3.982s] -- Generating done
[4.022s] -- Build files have been written to: /home/capstone/autoware.ai/build/emergency_handler
[4.278s] [  0%] Built target roscpp_generate_messages_nodejs
[4.455s] [  0%] Built target rosgraph_msgs_generate_messages_py
[4.682s] [  0%] Built target rosgraph_msgs_generate_messages_nodejs
[4.851s] [  0%] Built target actionlib_msgs_generate_messages_py
[5.002s] [  0%] Built target autoware_msgs_generate_messages_lisp
[5.148s] [  0%] Built target autoware_system_msgs_generate_messages_eus
[5.296s] [  0%] Built target roscpp_generate_messages_lisp
[5.443s] [  0%] Built target autoware_system_msgs_generate_messages_lisp
[5.705s] [  0%] Built target roscpp_generate_messages_eus
[5.861s] [  0%] Built target autoware_msgs_generate_messages_py
[6.009s] [  0%] Built target rosgraph_msgs_generate_messages_lisp
[6.159s] [  0%] Built target actionlib_msgs_generate_messages_eus
[6.303s] [  0%] Built target autoware_system_msgs_generate_messages_cpp
[6.453s] [  0%] Built target jsk_footstep_msgs_generate_messages_py
[6.663s] [  0%] Built target geometry_msgs_generate_messages_py
[6.838s] [  0%] Built target sensor_msgs_generate_messages_py
[6.983s] [  0%] Built target jsk_footstep_msgs_generate_messages_lisp
[7.131s] [  0%] Built target std_msgs_generate_messages_cpp
[7.289s] [  0%] Built target autoware_msgs_generate_messages_eus
[7.444s] [  0%] Built target autoware_system_msgs_generate_messages_py
[7.697s] [  0%] Built target geometry_msgs_generate_messages_lisp
[7.922s] [  0%] Built target jsk_recognition_msgs_generate_messages_lisp
[8.066s] [  0%] Built target rosgraph_msgs_generate_messages_cpp
[8.211s] [  0%] Built target rosgraph_msgs_generate_messages_eus
[8.369s] [  0%] Built target roscpp_generate_messages_py
[8.540s] [  0%] Built target jsk_recognition_msgs_generate_messages_nodejs
[8.769s] [  0%] Built target autoware_msgs_generate_messages_cpp
[8.914s] [  0%] Built target std_msgs_generate_messages_lisp
[9.067s] [  0%] Built target jsk_recognition_msgs_generate_messages_py
[9.217s] [  0%] Built target sensor_msgs_generate_messages_cpp
[9.367s] [  0%] Built target pcl_msgs_generate_messages_cpp
[9.565s] [  0%] Built target roscpp_generate_messages_cpp
[9.785s] [  0%] Built target sensor_msgs_generate_messages_eus
[9.932s] [  0%] Built target sensor_msgs_generate_messages_lisp
[10.077s] [  0%] Built target pcl_msgs_generate_messages_eus
[10.227s] [  0%] Built target pcl_msgs_generate_messages_nodejs
[10.395s] [  0%] Built target pcl_msgs_generate_messages_lisp
[10.656s] [  0%] Built target pcl_msgs_generate_messages_py
[10.828s] [  0%] Built target sensor_msgs_generate_messages_nodejs
[10.984s] [  0%] Built target jsk_footstep_msgs_generate_messages_nodejs
[11.157s] [  0%] Built target actionlib_msgs_generate_messages_cpp
[11.347s] [  0%] Built target std_msgs_generate_messages_eus
[11.500s] [  0%] Built target actionlib_msgs_generate_messages_lisp
[11.735s] [  0%] Built target actionlib_msgs_generate_messages_nodejs
[11.909s] [  0%] Built target jsk_footstep_msgs_generate_messages_cpp
[12.150s] [  0%] Built target jsk_recognition_msgs_generate_messages_cpp
[12.320s] [  0%] Built target geometry_msgs_generate_messages_cpp
[12.483s] [  0%] Built target geometry_msgs_generate_messages_nodejs
[12.746s] [  0%] Built target jsk_recognition_msgs_generate_messages_eus
[12.914s] [  0%] Built target autoware_system_msgs_generate_messages_nodejs
[13.086s] [  0%] Built target std_msgs_generate_messages_py
[13.235s] [  0%] Built target jsk_footstep_msgs_generate_messages_eus
[13.390s] [  0%] Built target autoware_msgs_generate_messages_nodejs
[13.575s] [  0%] Built target std_msgs_generate_messages_nodejs
[13.768s] [  0%] Built target geometry_msgs_generate_messages_eus
[13.965s] [ 37%] Built target system_status_filter
[14.142s] [100%] Built target emergency_handler
[16.019s] [ 20%] Built target gtest
[16.161s] [ 20%] Built target jsk_recognition_msgs_generate_messages_cpp
[16.308s] [ 20%] Built target rosgraph_msgs_generate_messages_py
[16.454s] [ 20%] Built target rosgraph_msgs_generate_messages_nodejs
[16.678s] [ 20%] Built target actionlib_msgs_generate_messages_py
[16.830s] [ 20%] Built target autoware_msgs_generate_messages_lisp
[16.975s] [ 20%] Built target autoware_system_msgs_generate_messages_eus
[17.119s] [ 20%] Built target roscpp_generate_messages_lisp
[17.264s] [ 20%] Built target autoware_system_msgs_generate_messages_lisp
[17.407s] [ 20%] Built target roscpp_generate_messages_eus
[17.579s] [ 20%] Built target autoware_msgs_generate_messages_py
[17.749s] [ 20%] Built target rosgraph_msgs_generate_messages_lisp
[17.892s] [ 20%] Built target actionlib_msgs_generate_messages_eus
[18.038s] [ 20%] Built target autoware_system_msgs_generate_messages_cpp
[18.181s] [ 20%] Built target jsk_footstep_msgs_generate_messages_py
[18.328s] [ 20%] Built target geometry_msgs_generate_messages_py
[18.465s] [ 20%] Built target sensor_msgs_generate_messages_py
[18.691s] [ 20%] Built target jsk_footstep_msgs_generate_messages_lisp
[18.837s] [ 20%] Built target std_msgs_generate_messages_cpp
[18.982s] [ 20%] Built target autoware_msgs_generate_messages_eus
[19.125s] [ 20%] Built target autoware_system_msgs_generate_messages_py
[19.267s] [ 20%] Built target geometry_msgs_generate_messages_lisp
[19.408s] [ 20%] Built target jsk_recognition_msgs_generate_messages_lisp
[19.568s] [ 20%] Built target rosgraph_msgs_generate_messages_cpp
[19.765s] [ 20%] Built target rosgraph_msgs_generate_messages_eus
[19.910s] [ 20%] Built target roscpp_generate_messages_py
[20.053s] [ 20%] Built target jsk_recognition_msgs_generate_messages_nodejs
[20.194s] [ 20%] Built target autoware_msgs_generate_messages_cpp
[20.339s] [ 20%] Built target std_msgs_generate_messages_lisp
[20.488s] [ 20%] Built target jsk_recognition_msgs_generate_messages_py
[20.689s] [ 20%] Built target sensor_msgs_generate_messages_cpp
[20.832s] [ 20%] Built target pcl_msgs_generate_messages_cpp
[20.975s] [ 20%] Built target roscpp_generate_messages_cpp
[21.121s] [ 20%] Built target sensor_msgs_generate_messages_eus
[21.266s] [ 20%] Built target sensor_msgs_generate_messages_lisp
[21.417s] [ 20%] Built target pcl_msgs_generate_messages_eus
[21.620s] [ 20%] Built target pcl_msgs_generate_messages_nodejs
[21.786s] [ 20%] Built target pcl_msgs_generate_messages_lisp
[21.932s] [ 20%] Built target pcl_msgs_generate_messages_py
[22.075s] [ 20%] Built target sensor_msgs_generate_messages_nodejs
[22.226s] [ 20%] Built target jsk_footstep_msgs_generate_messages_nodejs
[22.369s] [ 20%] Built target actionlib_msgs_generate_messages_cpp
[22.529s] [ 20%] Built target std_msgs_generate_messages_eus
[22.752s] [ 20%] Built target actionlib_msgs_generate_messages_lisp
[22.894s] [ 20%] Built target actionlib_msgs_generate_messages_nodejs
[23.041s] [ 20%] Built target jsk_footstep_msgs_generate_messages_cpp
[23.182s] [ 20%] Built target geometry_msgs_generate_messages_cpp
[23.323s] [ 20%] Built target geometry_msgs_generate_messages_nodejs
[23.470s] [ 20%] Built target jsk_recognition_msgs_generate_messages_eus
[23.684s] [ 20%] Built target autoware_system_msgs_generate_messages_nodejs
[23.824s] [ 20%] Built target std_msgs_generate_messages_py
[23.977s] [ 20%] Built target jsk_footstep_msgs_generate_messages_eus
[24.126s] [ 20%] Built target autoware_msgs_generate_messages_nodejs
[24.267s] [ 20%] Built target std_msgs_generate_messages_nodejs
[24.408s] [ 20%] Built target geometry_msgs_generate_messages_eus
[24.604s] [ 20%] Built target roscpp_generate_messages_nodejs
[24.812s] [ 50%] Built target system_status_filter
[24.977s] [100%] Built target test_emergency_handler
[25.122s] [100%] Built target tests
[26.534s] [  0%] Built target roscpp_generate_messages_nodejs
[26.693s] [  0%] Built target rosgraph_msgs_generate_messages_py
[26.837s] [  0%] Built target rosgraph_msgs_generate_messages_nodejs
[26.979s] [  0%] Built target actionlib_msgs_generate_messages_py
[27.121s] [  0%] Built target autoware_msgs_generate_messages_lisp
[27.263s] [  0%] Built target autoware_system_msgs_generate_messages_eus
[27.409s] [  0%] Built target roscpp_generate_messages_lisp
[27.610s] [  0%] Built target autoware_system_msgs_generate_messages_lisp
[27.765s] [  0%] Built target roscpp_generate_messages_eus
[27.914s] [  0%] Built target autoware_msgs_generate_messages_py
[28.061s] [  0%] Built target rosgraph_msgs_generate_messages_lisp
[28.206s] [  0%] Built target actionlib_msgs_generate_messages_eus
[28.347s] [  0%] Built target autoware_system_msgs_generate_messages_cpp
[28.518s] [  0%] Built target jsk_footstep_msgs_generate_messages_py
[28.707s] [  0%] Built target geometry_msgs_generate_messages_py
[28.854s] [  0%] Built target sensor_msgs_generate_messages_py
[29.027s] [  0%] Built target jsk_footstep_msgs_generate_messages_lisp
[29.171s] [  0%] Built target std_msgs_generate_messages_cpp
[29.313s] [  0%] Built target autoware_msgs_generate_messages_eus
[29.453s] [  0%] Built target autoware_system_msgs_generate_messages_py
[29.628s] [  0%] Built target geometry_msgs_generate_messages_lisp
[29.777s] [  0%] Built target jsk_recognition_msgs_generate_messages_lisp
[29.925s] [  0%] Built target rosgraph_msgs_generate_messages_cpp
[30.072s] [  0%] Built target rosgraph_msgs_generate_messages_eus
[30.215s] [  0%] Built target roscpp_generate_messages_py
[30.358s] [  0%] Built target jsk_recognition_msgs_generate_messages_nodejs
[30.520s] [  0%] Built target autoware_msgs_generate_messages_cpp
[30.725s] [  0%] Built target std_msgs_generate_messages_lisp
[30.870s] [  0%] Built target jsk_recognition_msgs_generate_messages_py
[31.014s] [  0%] Built target sensor_msgs_generate_messages_cpp
[31.162s] [  0%] Built target pcl_msgs_generate_messages_cpp
[31.308s] [  0%] Built target roscpp_generate_messages_cpp
[31.450s] [  0%] Built target sensor_msgs_generate_messages_eus
[31.653s] [  0%] Built target sensor_msgs_generate_messages_lisp
[31.805s] [  0%] Built target pcl_msgs_generate_messages_eus
[31.950s] [  0%] Built target pcl_msgs_generate_messages_nodejs
[32.097s] [  0%] Built target pcl_msgs_generate_messages_lisp
[32.237s] [  0%] Built target pcl_msgs_generate_messages_py
[32.381s] [  0%] Built target sensor_msgs_generate_messages_nodejs
[32.538s] [  0%] Built target jsk_footstep_msgs_generate_messages_nodejs
[32.720s] [  0%] Built target actionlib_msgs_generate_messages_cpp
[32.866s] [  0%] Built target std_msgs_generate_messages_eus
[33.019s] [  0%] Built target actionlib_msgs_generate_messages_lisp
[33.180s] [  0%] Built target actionlib_msgs_generate_messages_nodejs
[33.342s] [  0%] Built target jsk_footstep_msgs_generate_messages_cpp
[33.491s] [  0%] Built target jsk_recognition_msgs_generate_messages_cpp
[33.717s] [  0%] Built target geometry_msgs_generate_messages_cpp
[33.861s] [  0%] Built target geometry_msgs_generate_messages_nodejs
[34.009s] [  0%] Built target jsk_recognition_msgs_generate_messages_eus
[34.155s] [  0%] Built target autoware_system_msgs_generate_messages_nodejs
[34.297s] [  0%] Built target std_msgs_generate_messages_py
[34.439s] [  0%] Built target jsk_footstep_msgs_generate_messages_eus
[34.646s] [  0%] Built target autoware_msgs_generate_messages_nodejs
[34.790s] [  0%] Built target std_msgs_generate_messages_nodejs
[34.938s] [  0%] Built target geometry_msgs_generate_messages_eus
[35.096s] [ 37%] Built target system_status_filter
[35.265s] [100%] Built target emergency_handler
[35.397s] [36mInstall the project...[0m
[35.452s] -- Install configuration: "Release"
[35.453s] -- Installing: /home/capstone/autoware.ai/install/emergency_handler/lib/pkgconfig/emergency_handler.pc
[35.453s] -- Installing: /home/capstone/autoware.ai/install/emergency_handler/share/emergency_handler/cmake/emergency_handlerConfig.cmake
[35.454s] -- Up-to-date: /home/capstone/autoware.ai/install/emergency_handler/share/emergency_handler/cmake/emergency_handlerConfig-version.cmake
[35.454s] -- Up-to-date: /home/capstone/autoware.ai/install/emergency_handler/share/emergency_handler/package.xml
[35.457s] -- Up-to-date: /home/capstone/autoware.ai/install/emergency_handler/lib/emergency_handler/emergency_handler
[35.458s] -- Up-to-date: /home/capstone/autoware.ai/install/emergency_handler/lib/libsystem_status_filter.so
[35.459s] -- Up-to-date: /home/capstone/autoware.ai/install/emergency_handler/include/emergency_handler
[35.459s] -- Up-to-date: /home/capstone/autoware.ai/install/emergency_handler/include/emergency_handler/libvital_monitor.h
[35.459s] -- Up-to-date: /home/capstone/autoware.ai/install/emergency_handler/include/emergency_handler/emergency_stop_planner.h
[35.460s] -- Up-to-date: /home/capstone/autoware.ai/install/emergency_handler/include/emergency_handler/emergency_handler.h
[35.460s] -- Up-to-date: /home/capstone/autoware.ai/install/emergency_handler/include/emergency_handler/system_status_filter.h
[35.460s] -- Up-to-date: /home/capstone/autoware.ai/install/emergency_handler/include/emergency_handler/emergency_planner.h
[35.460s] -- Up-to-date: /home/capstone/autoware.ai/install/emergency_handler/include/emergency_handler/libsystem_status_filter.h
[35.461s] -- Up-to-date: /home/capstone/autoware.ai/install/emergency_handler/share/emergency_handler/launch
[35.461s] -- Up-to-date: /home/capstone/autoware.ai/install/emergency_handler/share/emergency_handler/launch/emergency_handler.launch
[35.461s] -- Up-to-date: /home/capstone/autoware.ai/install/emergency_handler/share/emergency_handler/config
[35.461s] -- Up-to-date: /home/capstone/autoware.ai/install/emergency_handler/share/emergency_handler/config/emergency_handler.yaml
[35.461s] -- Up-to-date: /home/capstone/autoware.ai/install/emergency_handler/share/emergency_handler/config/README.md
