[0.377s] -- CUDA compilation status: 1.
[0.379s] -- Using CATKIN_DEVEL_PREFIX: /home/capstone/autoware.ai/build/amathutils_lib/devel
[0.380s] -- Using CMAKE_PREFIX_PATH: /home/capstone/autoware.ai/install/autoware_msgs;/home/capstone/autoware.ai/install/autoware_build_flags;/home/capstone/autoware.ai/install/ymc;/home/capstone/autoware.ai/install/xsens_driver;/home/capstone/autoware.ai/install/wf_simulator;/home/capstone/autoware.ai/install/lattice_planner;/home/capstone/autoware.ai/install/waypoint_planner;/home/capstone/autoware.ai/install/waypoint_maker;/home/capstone/autoware.ai/install/way_planner;/home/capstone/autoware.ai/install/vlg22c_cam;/home/capstone/autoware.ai/install/vision_ssd_detect;/home/capstone/autoware.ai/install/vision_segment_enet_detect;/home/capstone/autoware.ai/install/vision_lane_detect;/home/capstone/autoware.ai/install/vision_darknet_detect;/home/capstone/autoware.ai/install/vision_beyond_track;/home/capstone/autoware.ai/install/vel_pose_diff_checker;/home/capstone/autoware.ai/install/vehicle_socket;/home/capstone/autoware.ai/install/vehicle_sim_model;/home/capstone/autoware.ai/install/vehicle_model;/home/capstone/autoware.ai/install/vehicle_gazebo_simulation_launcher;/home/capstone/autoware.ai/install/vehicle_gazebo_simulation_interface;/home/capstone/autoware.ai/install/vehicle_engage_panel;/home/capstone/autoware.ai/install/vehicle_description;/home/capstone/autoware.ai/install/trafficlight_recognizer;/home/capstone/autoware.ai/install/op_utilities;/home/capstone/autoware.ai/install/op_simulation_package;/home/capstone/autoware.ai/install/op_local_planner;/home/capstone/autoware.ai/install/op_global_planner;/home/capstone/autoware.ai/install/lidar_kf_contour_track;/home/capstone/autoware.ai/install/op_ros_helpers;/home/capstone/autoware.ai/install/ff_waypoint_follower;/home/capstone/autoware.ai/install/dp_planner;/home/capstone/autoware.ai/install/op_simu;/home/capstone/autoware.ai/install/op_planner;/home/capstone/autoware.ai/install/op_utility;/home/capstone/autoware.ai/install/lidar_euclidean_cluster_detect;/home/capstone/autoware.ai/install/vector_map_server;/home/capstone/autoware.ai/install/road_occupancy_processor;/home/capstone/autoware.ai/install/costmap_generator;/home/capstone/autoware.ai/install/object_map;/home/capstone/autoware.ai/install/naive_motion_predict;/home/capstone/autoware.ai/install/lanelet_aisan_converter;/home/capstone/autoware.ai/install/map_file;/home/capstone/autoware.ai/install/libvectormap;/home/capstone/autoware.ai/install/lane_planner;/home/capstone/autoware.ai/install/imm_ukf_pda_track;/home/capstone/autoware.ai/install/decision_maker;/home/capstone/autoware.ai/install/vector_map;/home/capstone/autoware.ai/install/vector_map_msgs;/home/capstone/autoware.ai/install/vectacam;/home/capstone/autoware.ai/install/udon_socket;/home/capstone/autoware.ai/install/twist_generator;/home/capstone/autoware.ai/install/twist_gate;/home/capstone/autoware.ai/install/twist_filter;/home/capstone/autoware.ai/install/twist2odom;/home/capstone/autoware.ai/install/tablet_socket;/home/capstone/autoware.ai/install/runtime_manager;/home/capstone/autoware.ai/install/mqtt_socket;/home/capstone/autoware.ai/install/tablet_socket_msgs;/home/capstone/autoware.ai/install/state_machine_lib;/home/capstone/autoware.ai/install/sound_player;/home/capstone/autoware.ai/install/sick_lms5xx;/home/capstone/autoware.ai/install/sick_ldmrs_tools;/home/capstone/autoware.ai/install/sick_ldmrs_driver;/home/capstone/autoware.ai/install/sick_ldmrs_msgs;/home/capstone/autoware.ai/install/sick_ldmrs_description;/home/capstone/autoware.ai/install/points2image;/home/capstone/autoware.ai/install/rosinterface;/home/capstone/autoware.ai/install/rosbag_controller;/home/capstone/autoware.ai/install/pure_pursuit;/home/capstone/autoware.ai/install/points_preprocessor;/home/capstone/autoware.ai/install/mpc_follower;/home/capstone/autoware.ai/install/lidar_localizer;/home/capstone/autoware.ai/install/emergency_handler;/home/capstone/autoware.ai/install/autoware_health_checker;/home/capstone/autoware.ai/install/as;/home/capstone/autoware.ai/install/ros_observer;/home/capstone/autoware.ai/install/roi_object_filter;/home/capstone/autoware.ai/install/range_vision_fusion;/home/capstone/autoware.ai/install/pos_db;/home/capstone/autoware.ai/install/points_downsampler;/home/capstone/autoware.ai/install/pixel_cloud_fusion;/home/capstone/autoware.ai/install/pcl_omp_registration;/home/capstone/autoware.ai/install/pc2_downsampler;/home/capstone/autoware.ai/install/oculus_socket;/home/capstone/autoware.ai/install/obj_db;/home/capstone/autoware.ai/install/nmea_navsat;/home/capstone/autoware.ai/install/ndt_tku;/home/capstone/autoware.ai/install/ndt_gpu;/home/capstone/autoware.ai/install/ndt_cpu;/home/capstone/autoware.ai/install/multi_lidar_calibrator;/home/capstone/autoware.ai/install/mrt_cmake_modules;/home/capstone/autoware.ai/install/microstrain_driver;/home/capstone/autoware.ai/install/memsic_imu;/home/capstone/autoware.ai/install/marker_downsampler;/home/capstone/autoware.ai/install/map_tools;/home/capstone/autoware.ai/install/map_tf_generator;/home/capstone/autoware.ai/install/log_tools;/home/capstone/autoware.ai/install/lidar_shape_estimation;/home/capstone/autoware.ai/install/lidar_point_pillars;/home/capstone/autoware.ai/install/lidar_naive_l_shape_detect;/home/capstone/autoware.ai/install/lidar_fake_perception;/home/capstone/autoware.ai/install/lidar_apollo_cnn_seg_detect;/home/capstone/autoware.ai/install/libwaypoint_follower;/home/capstone/autoware.ai/install/lgsvl_simulator_bridge;/home/capstone/autoware.ai/install/lanelet2_extension;/home/capstone/autoware.ai/install/lanelet2_validation;/home/capstone/autoware.ai/install/lanelet2_examples;/home/capstone/autoware.ai/install/lanelet2_python;/home/capstone/autoware.ai/install/lanelet2_routing;/home/capstone/autoware.ai/install/lanelet2_traffic_rules;/home/capstone/autoware.ai/install/lanelet2_projection;/home/capstone/autoware.ai/install/lanelet2_maps;/home/capstone/autoware.ai/install/lanelet2_io;/home/capstone/autoware.ai/install/lanelet2_core;/home/capstone/autoware.ai/install/kvaser;/home/capstone/autoware.ai/install/kitti_launch;/home/capstone/autoware.ai/install/kitti_player;/home/capstone/autoware.ai/install/kitti_box_publisher;/home/capstone/autoware.ai/install/javad_navsat_driver;/home/capstone/autoware.ai/install/integrated_viewer;/home/capstone/autoware.ai/install/image_processor;/home/capstone/autoware.ai/install/hokuyo;/home/capstone/autoware.ai/install/graph_tools;/home/capstone/autoware.ai/install/gnss_localizer;/home/capstone/autoware.ai/install/gnss;/home/capstone/autoware.ai/install/glviewer;/home/capstone/autoware.ai/install/gazebo_world_description;/home/capstone/autoware.ai/install/gazebo_imu_description;/home/capstone/autoware.ai/install/gazebo_camera_description;/home/capstone/autoware.ai/install/garmin;/home/capstone/autoware.ai/install/freespace_planner;/home/capstone/autoware.ai/install/fastvirtualscan;/home/capstone/autoware.ai/install/ekf_localizer;/home/capstone/autoware.ai/install/ds4_msgs;/home/capstone/autoware.ai/install/ds4_driver;/home/capstone/autoware.ai/install/detected_objects_visualizer;/home/capstone/autoware.ai/install/decision_maker_panel;/home/capstone/autoware.ai/install/data_preprocessor;/home/capstone/autoware.ai/install/custom_msgs;/home/capstone/autoware.ai/install/carla_autoware_bridge;/home/capstone/autoware.ai/install/calibration_publisher;/home/capstone/autoware.ai/install/autoware_system_msgs;/home/capstone/autoware.ai/install/autoware_rviz_plugins;/home/capstone/autoware.ai/install/autoware_quickstart_examples;/home/capstone/autoware.ai/install/autoware_pointgrey_drivers;/home/capstone/autoware.ai/install/autoware_driveworks_interface;/home/capstone/autoware.ai/install/autoware_connector;/home/capstone/autoware.ai/install/autoware_camera_lidar_calibrator;/home/capstone/autoware.ai/install/astar_search;/home/capstone/autoware.ai/install/amathutils_lib;/home/capstone/autoware.ai/install/autoware_map_msgs;/home/capstone/autoware.ai/install/autoware_launcher_rviz;/home/capstone/autoware.ai/install/autoware_launcher;/home/capstone/autoware.ai/install/autoware_lanelet2_msgs;/home/capstone/autoware.ai/install/autoware_external_msgs;/home/capstone/autoware.ai/install/autoware_driveworks_gmsl_interface;/home/capstone/autoware.ai/install/autoware_config_msgs;/home/capstone/autoware.ai/install/autoware_can_msgs;/home/capstone/autoware.ai/install/autoware_bag_tools;/home/capstone/autoware.ai/install/adi_driver;/opt/carla-ros-bridge/melodic;/opt/ros/melodic
[0.397s] -- This workspace overlays: /home/capstone/autoware.ai/install/autoware_msgs;/home/capstone/autoware.ai/install/autoware_build_flags;/home/capstone/autoware.ai/install/ymc;/home/capstone/autoware.ai/install/xsens_driver;/home/capstone/autoware.ai/install/wf_simulator;/home/capstone/autoware.ai/install/lattice_planner;/home/capstone/autoware.ai/install/waypoint_planner;/home/capstone/autoware.ai/install/waypoint_maker;/home/capstone/autoware.ai/install/way_planner;/home/capstone/autoware.ai/install/vlg22c_cam;/home/capstone/autoware.ai/install/vision_ssd_detect;/home/capstone/autoware.ai/install/vision_segment_enet_detect;/home/capstone/autoware.ai/install/vision_lane_detect;/home/capstone/autoware.ai/install/vision_darknet_detect;/home/capstone/autoware.ai/install/vision_beyond_track;/home/capstone/autoware.ai/install/vel_pose_diff_checker;/home/capstone/autoware.ai/install/vehicle_socket;/home/capstone/autoware.ai/install/vehicle_sim_model;/home/capstone/autoware.ai/install/vehicle_model;/home/capstone/autoware.ai/install/vehicle_gazebo_simulation_launcher;/home/capstone/autoware.ai/install/vehicle_gazebo_simulation_interface;/home/capstone/autoware.ai/install/vehicle_engage_panel;/home/capstone/autoware.ai/install/vehicle_description;/home/capstone/autoware.ai/install/trafficlight_recognizer;/home/capstone/autoware.ai/install/op_utilities;/home/capstone/autoware.ai/install/op_simulation_package;/home/capstone/autoware.ai/install/op_local_planner;/home/capstone/autoware.ai/install/op_global_planner;/home/capstone/autoware.ai/install/lidar_kf_contour_track;/home/capstone/autoware.ai/install/op_ros_helpers;/home/capstone/autoware.ai/install/ff_waypoint_follower;/home/capstone/autoware.ai/install/dp_planner;/home/capstone/autoware.ai/install/op_simu;/home/capstone/autoware.ai/install/op_planner;/home/capstone/autoware.ai/install/op_utility;/home/capstone/autoware.ai/install/lidar_euclidean_cluster_detect;/home/capstone/autoware.ai/install/vector_map_server;/home/capstone/autoware.ai/install/road_occupancy_processor;/home/capstone/autoware.ai/install/costmap_generator;/home/capstone/autoware.ai/install/object_map;/home/capstone/autoware.ai/install/naive_motion_predict;/home/capstone/autoware.ai/install/lanelet_aisan_converter;/home/capstone/autoware.ai/install/map_file;/home/capstone/autoware.ai/install/libvectormap;/home/capstone/autoware.ai/install/lane_planner;/home/capstone/autoware.ai/install/imm_ukf_pda_track;/home/capstone/autoware.ai/install/decision_maker;/home/capstone/autoware.ai/install/vector_map;/home/capstone/autoware.ai/install/vector_map_msgs;/home/capstone/autoware.ai/install/vectacam;/home/capstone/autoware.ai/install/udon_socket;/home/capstone/autoware.ai/install/twist_generator;/home/capstone/autoware.ai/install/twist_gate;/home/capstone/autoware.ai/install/twist_filter;/home/capstone/autoware.ai/install/twist2odom;/home/capstone/autoware.ai/install/tablet_socket;/home/capstone/autoware.ai/install/runtime_manager;/home/capstone/autoware.ai/install/mqtt_socket;/home/capstone/autoware.ai/install/tablet_socket_msgs;/home/capstone/autoware.ai/install/state_machine_lib;/home/capstone/autoware.ai/install/sound_player;/home/capstone/autoware.ai/install/sick_lms5xx;/home/capstone/autoware.ai/install/sick_ldmrs_tools;/home/capstone/autoware.ai/install/sick_ldmrs_driver;/home/capstone/autoware.ai/install/sick_ldmrs_msgs;/home/capstone/autoware.ai/install/sick_ldmrs_description;/home/capstone/autoware.ai/install/points2image;/home/capstone/autoware.ai/install/rosinterface;/home/capstone/autoware.ai/install/rosbag_controller;/home/capstone/autoware.ai/install/pure_pursuit;/home/capstone/autoware.ai/install/points_preprocessor;/home/capstone/autoware.ai/install/mpc_follower;/home/capstone/autoware.ai/install/lidar_localizer;/home/capstone/autoware.ai/install/emergency_handler;/home/capstone/autoware.ai/install/autoware_health_checker;/home/capstone/autoware.ai/install/as;/home/capstone/autoware.ai/install/ros_observer;/home/capstone/autoware.ai/install/roi_object_filter;/home/capstone/autoware.ai/install/range_vision_fusion;/home/capstone/autoware.ai/install/pos_db;/home/capstone/autoware.ai/install/points_downsampler;/home/capstone/autoware.ai/install/pixel_cloud_fusion;/home/capstone/autoware.ai/install/pcl_omp_registration;/home/capstone/autoware.ai/install/pc2_downsampler;/home/capstone/autoware.ai/install/oculus_socket;/home/capstone/autoware.ai/install/obj_db;/home/capstone/autoware.ai/install/nmea_navsat;/home/capstone/autoware.ai/install/ndt_tku;/home/capstone/autoware.ai/install/ndt_gpu;/home/capstone/autoware.ai/install/ndt_cpu;/home/capstone/autoware.ai/install/multi_lidar_calibrator;/home/capstone/autoware.ai/install/mrt_cmake_modules;/home/capstone/autoware.ai/install/microstrain_driver;/home/capstone/autoware.ai/install/memsic_imu;/home/capstone/autoware.ai/install/marker_downsampler;/home/capstone/autoware.ai/install/map_tools;/home/capstone/autoware.ai/install/map_tf_generator;/home/capstone/autoware.ai/install/log_tools;/home/capstone/autoware.ai/install/lidar_shape_estimation;/home/capstone/autoware.ai/install/lidar_point_pillars;/home/capstone/autoware.ai/install/lidar_naive_l_shape_detect;/home/capstone/autoware.ai/install/lidar_fake_perception;/home/capstone/autoware.ai/install/lidar_apollo_cnn_seg_detect;/home/capstone/autoware.ai/install/libwaypoint_follower;/home/capstone/autoware.ai/install/lgsvl_simulator_bridge;/home/capstone/autoware.ai/install/lanelet2_extension;/home/capstone/autoware.ai/install/lanelet2_validation;/home/capstone/autoware.ai/install/lanelet2_examples;/home/capstone/autoware.ai/install/lanelet2_python;/home/capstone/autoware.ai/install/lanelet2_routing;/home/capstone/autoware.ai/install/lanelet2_traffic_rules;/home/capstone/autoware.ai/install/lanelet2_projection;/home/capstone/autoware.ai/install/lanelet2_maps;/home/capstone/autoware.ai/install/lanelet2_io;/home/capstone/autoware.ai/install/lanelet2_core;/home/capstone/autoware.ai/install/kvaser;/home/capstone/autoware.ai/install/kitti_launch;/home/capstone/autoware.ai/install/kitti_player;/home/capstone/autoware.ai/install/kitti_box_publisher;/home/capstone/autoware.ai/install/javad_navsat_driver;/home/capstone/autoware.ai/install/integrated_viewer;/home/capstone/autoware.ai/install/image_processor;/home/capstone/autoware.ai/install/hokuyo;/home/capstone/autoware.ai/install/graph_tools;/home/capstone/autoware.ai/install/gnss_localizer;/home/capstone/autoware.ai/install/gnss;/home/capstone/autoware.ai/install/glviewer;/home/capstone/autoware.ai/install/gazebo_world_description;/home/capstone/autoware.ai/install/gazebo_imu_description;/home/capstone/autoware.ai/install/gazebo_camera_description;/home/capstone/autoware.ai/install/garmin;/home/capstone/autoware.ai/install/freespace_planner;/home/capstone/autoware.ai/install/fastvirtualscan;/home/capstone/autoware.ai/install/ekf_localizer;/home/capstone/autoware.ai/install/ds4_msgs;/home/capstone/autoware.ai/install/ds4_driver;/home/capstone/autoware.ai/install/detected_objects_visualizer;/home/capstone/autoware.ai/install/decision_maker_panel;/home/capstone/autoware.ai/install/data_preprocessor;/home/capstone/autoware.ai/install/custom_msgs;/home/capstone/autoware.ai/install/carla_autoware_bridge;/home/capstone/autoware.ai/install/calibration_publisher;/home/capstone/autoware.ai/install/autoware_system_msgs;/home/capstone/autoware.ai/install/autoware_rviz_plugins;/home/capstone/autoware.ai/install/autoware_quickstart_examples;/home/capstone/autoware.ai/install/autoware_pointgrey_drivers;/home/capstone/autoware.ai/install/autoware_driveworks_interface;/home/capstone/autoware.ai/install/autoware_connector;/home/capstone/autoware.ai/install/autoware_camera_lidar_calibrator;/home/capstone/autoware.ai/install/astar_search;/home/capstone/autoware.ai/install/amathutils_lib;/home/capstone/autoware.ai/install/autoware_map_msgs;/home/capstone/autoware.ai/install/autoware_launcher_rviz;/home/capstone/autoware.ai/install/autoware_launcher;/home/capstone/autoware.ai/install/autoware_lanelet2_msgs;/home/capstone/autoware.ai/install/autoware_external_msgs;/home/capstone/autoware.ai/install/autoware_driveworks_gmsl_interface;/home/capstone/autoware.ai/install/autoware_config_msgs;/home/capstone/autoware.ai/install/autoware_can_msgs;/home/capstone/autoware.ai/install/autoware_bag_tools;/home/capstone/autoware.ai/install/adi_driver;/opt/carla-ros-bridge/melodic;/opt/ros/melodic
[0.490s] -- Found PythonInterp: /usr/bin/python2 (found suitable version "2.7.17", minimum required is "2") 
[0.490s] -- Using PYTHON_EXECUTABLE: /usr/bin/python2
[0.491s] -- Using Debian Python package layout
[0.491s] -- Using empy: /usr/bin/empy
[0.849s] -- Using CATKIN_ENABLE_TESTING: ON
[0.849s] -- Call enable_testing()
[0.849s] -- Using CATKIN_TEST_RESULTS_DIR: /home/capstone/autoware.ai/build/amathutils_lib/test_results
[0.982s] -- Found gtest sources under '/usr/src/googletest': gtests will be built
[0.982s] -- Found gmock sources under '/usr/src/googletest': gmock will be built
[1.056s] -- Found PythonInterp: /usr/bin/python2 (found version "2.7.17") 
[1.069s] -- Using Python nosetests: /usr/bin/nosetests-2.7
[1.246s] -- catkin 0.7.23
[1.246s] -- BUILD_SHARED_LIBS is on
[2.141s] -- Using these message generators: gencpp;geneus;genlisp;gennodejs;genpy
[3.420s] -- Configuring done
[3.828s] -- Generating done
[3.889s] -- Build files have been written to: /home/capstone/autoware.ai/build/amathutils_lib
[4.123s] [  0%] Built target tf_generate_messages_lisp
[4.272s] [  0%] Built target jsk_recognition_msgs_generate_messages_eus
[4.414s] [  0%] Built target std_msgs_generate_messages_py
[4.609s] [  0%] Built target jsk_recognition_msgs_generate_messages_cpp
[4.762s] [  0%] Built target geometry_msgs_generate_messages_lisp
[4.907s] [  0%] Built target autoware_msgs_generate_messages_eus
[5.069s] [  0%] Built target std_msgs_generate_messages_nodejs
[5.217s] [  0%] Built target geometry_msgs_generate_messages_eus
[5.387s] [  0%] Built target std_msgs_generate_messages_cpp
[5.579s] [  0%] Built target jsk_footstep_msgs_generate_messages_py
[5.791s] [  0%] Built target geometry_msgs_generate_messages_py
[5.945s] [  0%] Built target tf2_msgs_generate_messages_eus
[6.089s] [  0%] Built target sensor_msgs_generate_messages_py
[6.233s] [  0%] Built target jsk_footstep_msgs_generate_messages_lisp
[6.391s] [  0%] Built target autoware_msgs_generate_messages_nodejs
[6.613s] [  0%] Built target actionlib_msgs_generate_messages_eus
[6.793s] [  0%] Built target tf_generate_messages_eus
[6.954s] [  0%] Built target autoware_msgs_generate_messages_py
[7.106s] [  0%] Built target rosgraph_msgs_generate_messages_lisp
[7.256s] [  0%] Built target rosgraph_msgs_generate_messages_py
[7.403s] [  0%] Built target sensor_msgs_generate_messages_lisp
[7.552s] [  0%] Built target sensor_msgs_generate_messages_eus
[7.733s] [  0%] Built target roscpp_generate_messages_cpp
[7.878s] [  0%] Built target autoware_msgs_generate_messages_lisp
[8.032s] [  0%] Built target sensor_msgs_generate_messages_cpp
[8.176s] [  0%] Built target pcl_msgs_generate_messages_cpp
[8.336s] [  0%] Built target jsk_recognition_msgs_generate_messages_py
[8.481s] [  0%] Built target std_msgs_generate_messages_lisp
[8.686s] [  0%] Built target autoware_msgs_generate_messages_cpp
[8.831s] [  0%] Built target jsk_footstep_msgs_generate_messages_eus
[8.999s] [  0%] Built target actionlib_generate_messages_lisp
[9.176s] [  0%] Built target _catkin_empty_exported_target
[9.335s] [  0%] Built target roscpp_generate_messages_lisp
[9.492s] [  0%] Built target geometry_msgs_generate_messages_nodejs
[9.703s] [  0%] Built target geometry_msgs_generate_messages_cpp
[9.851s] [  0%] Built target pcl_msgs_generate_messages_eus
[10.004s] [  0%] Built target pcl_msgs_generate_messages_nodejs
[10.150s] [  0%] Built target pcl_msgs_generate_messages_lisp
[10.295s] [  0%] Built target pcl_msgs_generate_messages_py
[10.463s] [  0%] Built target sensor_msgs_generate_messages_nodejs
[10.666s] [  0%] Built target jsk_footstep_msgs_generate_messages_nodejs
[10.825s] [  0%] Built target actionlib_msgs_generate_messages_cpp
[10.975s] [  0%] Built target tf_generate_messages_py
[11.131s] [  0%] Built target std_msgs_generate_messages_eus
[11.280s] [  0%] Built target actionlib_msgs_generate_messages_lisp
[11.425s] [  0%] Built target actionlib_msgs_generate_messages_nodejs
[11.650s] [  0%] Built target actionlib_msgs_generate_messages_py
[11.797s] [  0%] Built target rosgraph_msgs_generate_messages_nodejs
[11.946s] [  0%] Built target roscpp_generate_messages_eus
[12.093s] [  0%] Built target jsk_footstep_msgs_generate_messages_cpp
[12.241s] [  0%] Built target roscpp_generate_messages_nodejs
[12.389s] [  0%] Built target jsk_recognition_msgs_generate_messages_nodejs
[12.555s] [  0%] Built target roscpp_generate_messages_py
[12.715s] [  0%] Built target actionlib_generate_messages_eus
[12.860s] [  0%] Built target rosgraph_msgs_generate_messages_cpp
[13.012s] [  0%] Built target rosgraph_msgs_generate_messages_eus
[13.160s] [  0%] Built target tf_generate_messages_cpp
[13.310s] [  0%] Built target jsk_recognition_msgs_generate_messages_lisp
[13.475s] [  0%] Built target tf_generate_messages_nodejs
[13.689s] [  0%] Built target actionlib_generate_messages_cpp
[13.852s] [  0%] Built target actionlib_generate_messages_nodejs
[14.000s] [  0%] Built target actionlib_generate_messages_py
[14.163s] [  0%] Built target tf2_msgs_generate_messages_cpp
[14.337s] [  0%] Built target tf2_msgs_generate_messages_lisp
[14.540s] [  0%] Built target tf2_msgs_generate_messages_nodejs
[14.725s] [  0%] Built target tf2_msgs_generate_messages_py
[14.884s] [100%] Built target amathutils_lib
[16.767s] [ 12%] Built target gtest
[16.918s] [ 12%] Built target tf_generate_messages_cpp
[17.078s] [ 12%] Built target jsk_recognition_msgs_generate_messages_eus
[17.226s] [ 12%] Built target std_msgs_generate_messages_py
[17.374s] [ 12%] Built target jsk_recognition_msgs_generate_messages_cpp
[17.556s] [ 12%] Built target geometry_msgs_generate_messages_lisp
[17.722s] [ 12%] Built target autoware_msgs_generate_messages_eus
[17.864s] [ 12%] Built target std_msgs_generate_messages_nodejs
[18.008s] [ 12%] Built target geometry_msgs_generate_messages_eus
[18.149s] [ 12%] Built target std_msgs_generate_messages_cpp
[18.297s] [ 12%] Built target jsk_footstep_msgs_generate_messages_py
[18.440s] [ 12%] Built target geometry_msgs_generate_messages_py
[18.617s] [ 12%] Built target tf2_msgs_generate_messages_eus
[18.761s] [ 12%] Built target sensor_msgs_generate_messages_py
[18.904s] [ 12%] Built target jsk_footstep_msgs_generate_messages_lisp
[19.048s] [ 12%] Built target autoware_msgs_generate_messages_nodejs
[19.191s] [ 12%] Built target actionlib_msgs_generate_messages_eus
[19.345s] [ 12%] Built target tf_generate_messages_eus
[19.508s] [ 12%] Built target autoware_msgs_generate_messages_py
[19.712s] [ 12%] Built target rosgraph_msgs_generate_messages_lisp
[19.876s] [ 12%] Built target rosgraph_msgs_generate_messages_py
[20.030s] [ 12%] Built target sensor_msgs_generate_messages_lisp
[20.172s] [ 12%] Built target sensor_msgs_generate_messages_eus
[20.317s] [ 12%] Built target roscpp_generate_messages_cpp
[20.487s] [ 12%] Built target autoware_msgs_generate_messages_lisp
[20.709s] [ 12%] Built target sensor_msgs_generate_messages_cpp
[20.873s] [ 12%] Built target pcl_msgs_generate_messages_cpp
[21.019s] [ 12%] Built target jsk_recognition_msgs_generate_messages_py
[21.162s] [ 12%] Built target std_msgs_generate_messages_lisp
[21.305s] [ 12%] Built target autoware_msgs_generate_messages_cpp
[21.454s] [ 12%] Built target jsk_footstep_msgs_generate_messages_eus
[21.644s] [ 12%] Built target actionlib_generate_messages_lisp
[21.808s] [ 12%] Built target _catkin_empty_exported_target
[21.977s] [ 12%] Built target roscpp_generate_messages_lisp
[22.124s] [ 12%] Built target geometry_msgs_generate_messages_nodejs
[22.281s] [ 12%] Built target geometry_msgs_generate_messages_cpp
[22.430s] [ 12%] Built target pcl_msgs_generate_messages_eus
[22.619s] [ 12%] Built target pcl_msgs_generate_messages_nodejs
[22.760s] [ 12%] Built target pcl_msgs_generate_messages_lisp
[22.904s] [ 12%] Built target pcl_msgs_generate_messages_py
[23.046s] [ 12%] Built target sensor_msgs_generate_messages_nodejs
[23.189s] [ 12%] Built target jsk_footstep_msgs_generate_messages_nodejs
[23.337s] [ 12%] Built target actionlib_msgs_generate_messages_cpp
[23.489s] [ 12%] Built target tf_generate_messages_py
[23.674s] [ 12%] Built target std_msgs_generate_messages_eus
[23.825s] [ 12%] Built target actionlib_msgs_generate_messages_lisp
[23.970s] [ 12%] Built target actionlib_msgs_generate_messages_nodejs
[24.127s] [ 12%] Built target actionlib_msgs_generate_messages_py
[24.270s] [ 12%] Built target rosgraph_msgs_generate_messages_nodejs
[24.412s] [ 12%] Built target roscpp_generate_messages_eus
[24.594s] [ 12%] Built target jsk_footstep_msgs_generate_messages_cpp
[24.746s] [ 12%] Built target roscpp_generate_messages_nodejs
[24.886s] [ 12%] Built target jsk_recognition_msgs_generate_messages_nodejs
[25.030s] [ 12%] Built target roscpp_generate_messages_py
[25.169s] [ 12%] Built target actionlib_generate_messages_eus
[25.318s] [ 12%] Built target rosgraph_msgs_generate_messages_cpp
[25.465s] [ 12%] Built target rosgraph_msgs_generate_messages_eus
[25.673s] [ 31%] Built target test-butterworth_filter
[25.843s] [ 56%] Built target test-kalman_filter
[25.989s] [ 56%] Built target jsk_recognition_msgs_generate_messages_lisp
[26.132s] [ 56%] Built target tf_generate_messages_nodejs
[26.286s] [ 56%] Built target actionlib_generate_messages_cpp
[26.428s] [ 56%] Built target actionlib_generate_messages_nodejs
[26.637s] [ 56%] Built target actionlib_generate_messages_py
[26.784s] [ 56%] Built target tf2_msgs_generate_messages_cpp
[26.925s] [ 56%] Built target tf2_msgs_generate_messages_lisp
[27.065s] [ 56%] Built target tf2_msgs_generate_messages_nodejs
[27.214s] [ 56%] Built target tf2_msgs_generate_messages_py
[27.356s] [ 56%] Built target tf_generate_messages_lisp
[27.562s] [ 87%] Built target amathutils_lib
[27.750s] [100%] Built target amathutils-test
[27.898s] [100%] Built target tests
[29.417s] [  0%] Built target tf_generate_messages_lisp
[29.657s] [  0%] Built target jsk_recognition_msgs_generate_messages_eus
[29.802s] [  0%] Built target std_msgs_generate_messages_py
[29.944s] [  0%] Built target jsk_recognition_msgs_generate_messages_cpp
[30.090s] [  0%] Built target geometry_msgs_generate_messages_lisp
[30.234s] [  0%] Built target autoware_msgs_generate_messages_eus
[30.377s] [  0%] Built target std_msgs_generate_messages_nodejs
[30.593s] [  0%] Built target geometry_msgs_generate_messages_eus
[30.750s] [  0%] Built target std_msgs_generate_messages_cpp
[30.903s] [  0%] Built target jsk_footstep_msgs_generate_messages_py
[31.053s] [  0%] Built target geometry_msgs_generate_messages_py
[31.214s] [  0%] Built target tf2_msgs_generate_messages_eus
[31.361s] [  0%] Built target sensor_msgs_generate_messages_py
[31.515s] [  0%] Built target jsk_footstep_msgs_generate_messages_lisp
[31.692s] [  0%] Built target autoware_msgs_generate_messages_nodejs
[31.830s] [  0%] Built target actionlib_msgs_generate_messages_eus
[31.980s] [  0%] Built target tf_generate_messages_eus
[32.121s] [  0%] Built target autoware_msgs_generate_messages_py
[32.276s] [  0%] Built target rosgraph_msgs_generate_messages_lisp
[32.435s] [  0%] Built target rosgraph_msgs_generate_messages_py
[32.624s] [  0%] Built target sensor_msgs_generate_messages_lisp
[32.785s] [  0%] Built target sensor_msgs_generate_messages_eus
[32.933s] [  0%] Built target roscpp_generate_messages_cpp
[33.078s] [  0%] Built target autoware_msgs_generate_messages_lisp
[33.220s] [  0%] Built target sensor_msgs_generate_messages_cpp
[33.370s] [  0%] Built target pcl_msgs_generate_messages_cpp
[33.566s] [  0%] Built target jsk_recognition_msgs_generate_messages_py
[33.772s] [  0%] Built target std_msgs_generate_messages_lisp
[33.929s] [  0%] Built target autoware_msgs_generate_messages_cpp
[34.079s] [  0%] Built target jsk_footstep_msgs_generate_messages_eus
[34.223s] [  0%] Built target actionlib_generate_messages_lisp
[34.365s] [  0%] Built target _catkin_empty_exported_target
[34.566s] [  0%] Built target roscpp_generate_messages_lisp
[34.739s] [  0%] Built target geometry_msgs_generate_messages_nodejs
[34.883s] [  0%] Built target geometry_msgs_generate_messages_cpp
[35.027s] [  0%] Built target pcl_msgs_generate_messages_eus
[35.171s] [  0%] Built target pcl_msgs_generate_messages_nodejs
[35.316s] [  0%] Built target pcl_msgs_generate_messages_lisp
[35.458s] [  0%] Built target pcl_msgs_generate_messages_py
[35.630s] [  0%] Built target sensor_msgs_generate_messages_nodejs
[35.794s] [  0%] Built target jsk_footstep_msgs_generate_messages_nodejs
[35.938s] [  0%] Built target actionlib_msgs_generate_messages_cpp
[36.078s] [  0%] Built target tf_generate_messages_py
[36.221s] [  0%] Built target std_msgs_generate_messages_eus
[36.365s] [  0%] Built target actionlib_msgs_generate_messages_lisp
[36.522s] [  0%] Built target actionlib_msgs_generate_messages_nodejs
[36.724s] [  0%] Built target actionlib_msgs_generate_messages_py
[36.889s] [  0%] Built target rosgraph_msgs_generate_messages_nodejs
[37.042s] [  0%] Built target roscpp_generate_messages_eus
[37.210s] [  0%] Built target jsk_footstep_msgs_generate_messages_cpp
[37.367s] [  0%] Built target roscpp_generate_messages_nodejs
[37.525s] [  0%] Built target jsk_recognition_msgs_generate_messages_nodejs
[37.698s] [  0%] Built target roscpp_generate_messages_py
[37.852s] [  0%] Built target actionlib_generate_messages_eus
[37.993s] [  0%] Built target rosgraph_msgs_generate_messages_cpp
[38.136s] [  0%] Built target rosgraph_msgs_generate_messages_eus
[38.276s] [  0%] Built target tf_generate_messages_cpp
[38.424s] [  0%] Built target jsk_recognition_msgs_generate_messages_lisp
[38.684s] [  0%] Built target tf_generate_messages_nodejs
[38.844s] [  0%] Built target actionlib_generate_messages_cpp
[38.987s] [  0%] Built target actionlib_generate_messages_nodejs
[39.127s] [  0%] Built target actionlib_generate_messages_py
[39.271s] [  0%] Built target tf2_msgs_generate_messages_cpp
[39.415s] [  0%] Built target tf2_msgs_generate_messages_lisp
[39.610s] [  0%] Built target tf2_msgs_generate_messages_nodejs
[39.781s] [  0%] Built target tf2_msgs_generate_messages_py
[39.943s] [100%] Built target amathutils_lib
[40.079s] [36mInstall the project...[0m
[40.135s] -- Install configuration: "Release"
[40.135s] -- Installing: /home/capstone/autoware.ai/install/amathutils_lib/lib/pkgconfig/amathutils_lib.pc
[40.137s] -- Installing: /home/capstone/autoware.ai/install/amathutils_lib/share/amathutils_lib/cmake/amathutils_libConfig.cmake
[40.137s] -- Up-to-date: /home/capstone/autoware.ai/install/amathutils_lib/share/amathutils_lib/cmake/amathutils_libConfig-version.cmake
[40.138s] -- Up-to-date: /home/capstone/autoware.ai/install/amathutils_lib/share/amathutils_lib/package.xml
[40.138s] -- Up-to-date: /home/capstone/autoware.ai/install/amathutils_lib/include/amathutils_lib
[40.139s] -- Up-to-date: /home/capstone/autoware.ai/install/amathutils_lib/include/amathutils_lib/amathutils.hpp
[40.140s] -- Up-to-date: /home/capstone/autoware.ai/install/amathutils_lib/include/amathutils_lib/time_delay_kalman_filter.hpp
[40.140s] -- Up-to-date: /home/capstone/autoware.ai/install/amathutils_lib/include/amathutils_lib/kalman_filter.hpp
[40.140s] -- Up-to-date: /home/capstone/autoware.ai/install/amathutils_lib/include/amathutils_lib/butterworth_filter.hpp
[40.141s] -- Up-to-date: /home/capstone/autoware.ai/install/amathutils_lib/lib/libamathutils_lib.so
