[0.147s] Invoking command in '/home/capstone/autoware.ai/build/mrt_cmake_modules': /usr/bin/cmake --build /home/capstone/autoware.ai/build/mrt_cmake_modules -- -j12 -l12
[0.627s] Invoked command in '/home/capstone/autoware.ai/build/mrt_cmake_modules' returned '0': /usr/bin/cmake --build /home/capstone/autoware.ai/build/mrt_cmake_modules -- -j12 -l12
[2.021s] Invoking command in '/home/capstone/autoware.ai/build/mrt_cmake_modules': /usr/bin/cmake --build /home/capstone/autoware.ai/build/mrt_cmake_modules --target tests -- -j12 -l12
[2.982s] Built target tests
[3.094s] Invoked command in '/home/capstone/autoware.ai/build/mrt_cmake_modules' returned '0': /usr/bin/cmake --build /home/capstone/autoware.ai/build/mrt_cmake_modules --target tests -- -j12 -l12
[3.685s] Invoking command in '/home/capstone/autoware.ai/build/mrt_cmake_modules': /usr/bin/cmake --build /home/capstone/autoware.ai/build/mrt_cmake_modules --target install -- -j12 -l12
[4.214s] [36mInstall the project...[0m
[4.280s] -- Install configuration: "Release"
[4.310s] + cd /home/capstone/autoware.ai/src/vendor/mrt_cmake_modules
[4.310s] + mkdir -p /home/capstone/autoware.ai/install/mrt_cmake_modules/lib/python2.7/dist-packages
[4.327s] + /usr/bin/env PYTHONPATH=/home/capstone/autoware.ai/install/mrt_cmake_modules/lib/python2.7/dist-packages:/home/capstone/autoware.ai/build/mrt_cmake_modules/lib/python2.7/dist-packages:/home/capstone/autoware.ai/install/vector_map_server/lib/python2.7/dist-packages:/home/capstone/autoware.ai/install/vector_map_msgs/lib/python2.7/dist-packages:/home/capstone/autoware.ai/install/tablet_socket_msgs/lib/python2.7/dist-packages:/home/capstone/autoware.ai/install/sick_ldmrs_driver/lib/python2.7/dist-packages:/home/capstone/autoware.ai/install/sick_ldmrs_msgs/lib/python2.7/dist-packages:/home/capstone/autoware.ai/install/points_downsampler/lib/python2.7/dist-packages:/home/capstone/autoware.ai/install/mrt_cmake_modules/lib/python2.7/dist-packages:/home/capstone/autoware.ai/install/lgsvl_simulator_bridge/lib/python2.7/dist-packages:/home/capstone/autoware.ai/install/lanelet2_python/lib/python2.7/dist-packages:/home/capstone/autoware.ai/install/kitti_player/lib/python2.7/dist-packages:/home/capstone/autoware.ai/install/javad_navsat_driver/lib/python2.7/dist-packages:/home/capstone/autoware.ai/install/ds4_msgs/lib/python2.7/dist-packages:/home/capstone/autoware.ai/install/custom_msgs/lib/python2.7/dist-packages:/home/capstone/autoware.ai/install/carla_autoware_bridge/lib/python2.7/dist-packages:/home/capstone/autoware.ai/install/autoware_system_msgs/lib/python2.7/dist-packages:/home/capstone/autoware.ai/install/autoware_camera_lidar_calibrator/lib/python2.7/dist-packages:/home/capstone/autoware.ai/install/autoware_msgs/lib/python2.7/dist-packages:/home/capstone/autoware.ai/install/autoware_map_msgs/lib/python2.7/dist-packages:/home/capstone/autoware.ai/install/autoware_launcher/lib/python2.7/dist-packages:/home/capstone/autoware.ai/install/autoware_lanelet2_msgs/lib/python2.7/dist-packages:/home/capstone/autoware.ai/install/autoware_config_msgs/lib/python2.7/dist-packages:/home/capstone/autoware.ai/install/autoware_can_msgs/lib/python2.7/dist-packages:/opt/carla-ros-bridge/melodic/lib/python2.7/dist-packages:/opt/ros/melodic/lib/python2.7/dist-packages CATKIN_BINARY_DIR=/home/capstone/autoware.ai/build/mrt_cmake_modules /usr/bin/python2 /home/capstone/autoware.ai/src/vendor/mrt_cmake_modules/setup.py build --build-base /home/capstone/autoware.ai/build/mrt_cmake_modules install --root=/ --install-layout=deb --prefix=/home/capstone/autoware.ai/install/mrt_cmake_modules --install-scripts=/home/capstone/autoware.ai/install/mrt_cmake_modules/bin
[4.589s] running build
[4.589s] running build_py
[4.592s] running install
[4.593s] running install_lib
[4.597s] running install_egg_info
[4.597s] Removing /home/capstone/autoware.ai/install/mrt_cmake_modules/lib/python2.7/dist-packages/mrt_cmake_modules-1.0.0.egg-info
[4.598s] Writing /home/capstone/autoware.ai/install/mrt_cmake_modules/lib/python2.7/dist-packages/mrt_cmake_modules-1.0.0.egg-info
[4.605s] -- Up-to-date: /home/capstone/autoware.ai/install/mrt_cmake_modules/lib/pkgconfig/mrt_cmake_modules.pc
[4.605s] -- Up-to-date: /home/capstone/autoware.ai/install/mrt_cmake_modules/share/mrt_cmake_modules/cmake/mrt_cmake_modules-extras.cmake
[4.605s] -- Up-to-date: /home/capstone/autoware.ai/install/mrt_cmake_modules/share/mrt_cmake_modules/cmake/mrt_cmake_modulesConfig.cmake
[4.606s] -- Up-to-date: /home/capstone/autoware.ai/install/mrt_cmake_modules/share/mrt_cmake_modules/cmake/mrt_cmake_modulesConfig-version.cmake
[4.606s] -- Up-to-date: /home/capstone/autoware.ai/install/mrt_cmake_modules/share/mrt_cmake_modules/package.xml
[4.608s] -- Up-to-date: /home/capstone/autoware.ai/install/mrt_cmake_modules/share/mrt_cmake_modules/cmake/Modules
[4.608s] -- Up-to-date: /home/capstone/autoware.ai/install/mrt_cmake_modules/share/mrt_cmake_modules/cmake/Modules/FindBoostPython.cmake
[4.609s] -- Up-to-date: /home/capstone/autoware.ai/install/mrt_cmake_modules/share/mrt_cmake_modules/cmake/Modules/FindMrtCTensorflow.cmake
[4.609s] -- Up-to-date: /home/capstone/autoware.ai/install/mrt_cmake_modules/share/mrt_cmake_modules/cmake/Modules/FindG2O.cmake
[4.609s] -- Up-to-date: /home/capstone/autoware.ai/install/mrt_cmake_modules/share/mrt_cmake_modules/cmake/Modules/FindPoco.cmake
[4.609s] -- Up-to-date: /home/capstone/autoware.ai/install/mrt_cmake_modules/share/mrt_cmake_modules/cmake/Modules/FindMrtCereal.cmake
[4.610s] -- Up-to-date: /home/capstone/autoware.ai/install/mrt_cmake_modules/share/mrt_cmake_modules/cmake/Modules/FindMrtSuiteSparse.cmake
[4.610s] -- Up-to-date: /home/capstone/autoware.ai/install/mrt_cmake_modules/share/mrt_cmake_modules/cmake/Modules/FindRapidXML.cmake
[4.610s] -- Up-to-date: /home/capstone/autoware.ai/install/mrt_cmake_modules/share/mrt_cmake_modules/cmake/Modules/FindGlog.cmake
[4.610s] -- Up-to-date: /home/capstone/autoware.ai/install/mrt_cmake_modules/share/mrt_cmake_modules/cmake/Modules/Findyaml-cpp.cmake
[4.611s] -- Up-to-date: /home/capstone/autoware.ai/install/mrt_cmake_modules/share/mrt_cmake_modules/cmake/Modules/FindMrtCaffe.cmake
[4.611s] -- Up-to-date: /home/capstone/autoware.ai/install/mrt_cmake_modules/share/mrt_cmake_modules/cmake/Modules/FindMrtnlopt.cmake
[4.611s] -- Up-to-date: /home/capstone/autoware.ai/install/mrt_cmake_modules/share/mrt_cmake_modules/cmake/Modules/FindMrtTensorflow.cmake
[4.611s] -- Up-to-date: /home/capstone/autoware.ai/install/mrt_cmake_modules/share/mrt_cmake_modules/cmake/Modules/Findrange-v3.cmake
[4.611s] -- Up-to-date: /home/capstone/autoware.ai/install/mrt_cmake_modules/share/mrt_cmake_modules/cmake/Modules/FindGeographicLib.cmake
[4.612s] -- Up-to-date: /home/capstone/autoware.ai/install/mrt_cmake_modules/share/mrt_cmake_modules/cmake/Modules/FindMrtTesseract.cmake
[4.612s] -- Up-to-date: /home/capstone/autoware.ai/install/mrt_cmake_modules/share/mrt_cmake_modules/cmake/Modules/FindTinyXML.cmake
[4.612s] -- Up-to-date: /home/capstone/autoware.ai/install/mrt_cmake_modules/share/mrt_cmake_modules/cmake/Modules/FindPCAP.cmake
[4.612s] -- Up-to-date: /home/capstone/autoware.ai/install/mrt_cmake_modules/share/mrt_cmake_modules/cmake/Modules/FindIGL.cmake
[4.613s] -- Up-to-date: /home/capstone/autoware.ai/install/mrt_cmake_modules/share/mrt_cmake_modules/cmake/Modules/FindMrtCUDA.cmake
[4.613s] -- Up-to-date: /home/capstone/autoware.ai/install/mrt_cmake_modules/share/mrt_cmake_modules/cmake/Modules/FindQwt.cmake
[4.613s] -- Up-to-date: /home/capstone/autoware.ai/install/mrt_cmake_modules/share/mrt_cmake_modules/cmake/Modules/FindSqlite3.cmake
[4.613s] -- Up-to-date: /home/capstone/autoware.ai/install/mrt_cmake_modules/share/mrt_cmake_modules/cmake/Modules/FindGTKMM.cmake
[4.614s] -- Up-to-date: /home/capstone/autoware.ai/install/mrt_cmake_modules/share/mrt_cmake_modules/cmake/Modules/FindOSG.cmake
[4.614s] -- Up-to-date: /home/capstone/autoware.ai/install/mrt_cmake_modules/share/mrt_cmake_modules/cmake/Modules/Findpugixml.cmake
[4.614s] -- Up-to-date: /home/capstone/autoware.ai/install/mrt_cmake_modules/share/mrt_cmake_modules/cmake/Modules/FindMrtMetis.cmake
[4.614s] -- Up-to-date: /home/capstone/autoware.ai/install/mrt_cmake_modules/share/mrt_cmake_modules/cmake/Modules/UseMrtStdCompilerFlags.cmake
[4.615s] -- Up-to-date: /home/capstone/autoware.ai/install/mrt_cmake_modules/share/mrt_cmake_modules/cmake/Modules/FindCairo.cmake
[4.615s] -- Up-to-date: /home/capstone/autoware.ai/install/mrt_cmake_modules/share/mrt_cmake_modules/cmake/Modules/FindMrtSDL2.cmake
[4.615s] -- Up-to-date: /home/capstone/autoware.ai/install/mrt_cmake_modules/share/mrt_cmake_modules/cmake/Modules/FindMinpack.cmake
[4.615s] -- Up-to-date: /home/capstone/autoware.ai/install/mrt_cmake_modules/share/mrt_cmake_modules/cmake/Modules/FindMrtLeptonica.cmake
[4.616s] -- Up-to-date: /home/capstone/autoware.ai/install/mrt_cmake_modules/share/mrt_cmake_modules/cmake/Modules/FindMrtCeres.cmake
[4.616s] -- Up-to-date: /home/capstone/autoware.ai/install/mrt_cmake_modules/share/mrt_cmake_modules/cmake/Modules/FindMrtOpenCV.cmake
[4.616s] -- Up-to-date: /home/capstone/autoware.ai/install/mrt_cmake_modules/share/mrt_cmake_modules/cmake/Modules/FindMrtVTK.cmake
[4.616s] -- Up-to-date: /home/capstone/autoware.ai/install/mrt_cmake_modules/share/mrt_cmake_modules/cmake/Modules/FindMrtbenchmark.cmake
[4.617s] -- Up-to-date: /home/capstone/autoware.ai/install/mrt_cmake_modules/share/mrt_cmake_modules/cmake/Modules/FindTBB.cmake
[4.617s] -- Up-to-date: /home/capstone/autoware.ai/install/mrt_cmake_modules/share/mrt_cmake_modules/cmake/Modules/GatherDeps.cmake
[4.617s] -- Up-to-date: /home/capstone/autoware.ai/install/mrt_cmake_modules/share/mrt_cmake_modules/cmake/Modules/MRTCoverage.cmake
[4.617s] -- Up-to-date: /home/capstone/autoware.ai/install/mrt_cmake_modules/share/mrt_cmake_modules/cmake/Modules/FindGTest-headers.cmake
[4.617s] -- Up-to-date: /home/capstone/autoware.ai/install/mrt_cmake_modules/share/mrt_cmake_modules/cmake/Modules/FindClangTidy.cmake
[4.617s] -- Up-to-date: /home/capstone/autoware.ai/install/mrt_cmake_modules/share/mrt_cmake_modules/cmake/Modules/Findgtest.cmake
[4.618s] -- Up-to-date: /home/capstone/autoware.ai/install/mrt_cmake_modules/share/mrt_cmake_modules/cmake/Modules/FindMrtebus-sdk.cmake
[4.618s] -- Up-to-date: /home/capstone/autoware.ai/install/mrt_cmake_modules/share/mrt_cmake_modules/cmake/Modules/FindIpopt.cmake
[4.618s] -- Up-to-date: /home/capstone/autoware.ai/install/mrt_cmake_modules/share/mrt_cmake_modules/cmake/Modules/FindFlann.cmake
[4.618s] -- Up-to-date: /home/capstone/autoware.ai/install/mrt_cmake_modules/share/mrt_cmake_modules/cmake/Modules/FindMrtQt4.cmake
[4.618s] -- Up-to-date: /home/capstone/autoware.ai/install/mrt_cmake_modules/share/mrt_cmake_modules/cmake/Modules/Findlibgps.cmake
[4.618s] -- Up-to-date: /home/capstone/autoware.ai/install/mrt_cmake_modules/share/mrt_cmake_modules/cmake/Modules/FindMrtANN.cmake
[4.618s] -- Up-to-date: /home/capstone/autoware.ai/install/mrt_cmake_modules/share/mrt_cmake_modules/cmake/Modules/FindMrtf2c.cmake
[4.618s] -- Up-to-date: /home/capstone/autoware.ai/install/mrt_cmake_modules/share/mrt_cmake_modules/cmake/Modules/FindAravis.cmake
[4.619s] -- Up-to-date: /home/capstone/autoware.ai/install/mrt_cmake_modules/share/mrt_cmake_modules/cmake/Modules/FindMrtPCL.cmake
[4.619s] -- Up-to-date: /home/capstone/autoware.ai/install/mrt_cmake_modules/share/mrt_cmake_modules/cmake/Modules/CatkinMockForConan.cmake
[4.619s] -- Up-to-date: /home/capstone/autoware.ai/install/mrt_cmake_modules/share/mrt_cmake_modules/cmake/Modules/FindEigen2.cmake
[4.619s] -- Up-to-date: /home/capstone/autoware.ai/install/mrt_cmake_modules/share/mrt_cmake_modules/cmake/Modules/FindMrtQt5.cmake
[4.619s] -- Up-to-date: /home/capstone/autoware.ai/install/mrt_cmake_modules/share/mrt_cmake_modules/cmake/Modules/MrtParamGenerator.cmake
[4.619s] -- Up-to-date: /home/capstone/autoware.ai/install/mrt_cmake_modules/share/mrt_cmake_modules/cmake/Modules/FindAutoDeps.cmake
[4.619s] -- Up-to-date: /home/capstone/autoware.ai/install/mrt_cmake_modules/share/mrt_cmake_modules/cmake/Modules/FindPNG++.cmake
[4.620s] -- Up-to-date: /home/capstone/autoware.ai/install/mrt_cmake_modules/share/mrt_cmake_modules/cmake/Modules/UseMrtAutoTarget.cmake
[4.620s] -- Up-to-date: /home/capstone/autoware.ai/install/mrt_cmake_modules/share/mrt_cmake_modules/scripts/generate_cmake_dependency_file.py
[4.691s] Invoked command in '/home/capstone/autoware.ai/build/mrt_cmake_modules' returned '0': /usr/bin/cmake --build /home/capstone/autoware.ai/build/mrt_cmake_modules --target install -- -j12 -l12
