[0.506s] [  0%] Built target autoware_can_msgs_generate_messages_py
[0.654s] [  0%] Built target geometry_msgs_generate_messages_nodejs
[0.809s] [  0%] Built target visualization_msgs_generate_messages_lisp
[0.998s] [  0%] Built target roscpp_generate_messages_nodejs
[1.176s] [  0%] Built target std_msgs_generate_messages_cpp
[1.320s] [  0%] Built target std_msgs_generate_messages_lisp
[1.468s] [  0%] Built target autoware_can_msgs_generate_messages_nodejs
[1.609s] [  0%] Built target roscpp_generate_messages_eus
[1.765s] [  0%] Built target autoware_can_msgs_generate_messages_lisp
[1.950s] [  0%] Built target rosgraph_msgs_generate_messages_cpp
[2.133s] [  0%] Built target autoware_can_msgs_generate_messages_eus
[2.282s] [  0%] Built target visualization_msgs_generate_messages_nodejs
[2.430s] [  0%] Built target geometry_msgs_generate_messages_eus
[2.576s] [  0%] Built target std_msgs_generate_messages_nodejs
[2.725s] [  0%] Built target std_msgs_generate_messages_py
[2.891s] [  0%] Built target roscpp_generate_messages_cpp
[3.115s] [  0%] Built target roscpp_generate_messages_lisp
[3.264s] [  0%] Built target geometry_msgs_generate_messages_py
[3.412s] [  0%] Built target std_msgs_generate_messages_eus
[3.564s] [  0%] Built target autoware_can_msgs_generate_messages_cpp
[3.716s] [  0%] Built target visualization_msgs_generate_messages_eus
[3.885s] [  0%] Built target geometry_msgs_generate_messages_cpp
[4.112s] [  0%] Built target visualization_msgs_generate_messages_cpp
[4.297s] [  0%] Built target rosgraph_msgs_generate_messages_nodejs
[4.444s] [  0%] Built target rosgraph_msgs_generate_messages_lisp
[4.588s] [  0%] Built target rosgraph_msgs_generate_messages_eus
[4.736s] [  0%] Built target roscpp_generate_messages_py
[4.916s] [  0%] Built target rosgraph_msgs_generate_messages_py
[5.115s] [  0%] Built target visualization_msgs_generate_messages_py
[5.275s] [  0%] Built target geometry_msgs_generate_messages_lisp
[5.487s] [ 50%] Built target can_draw
[5.653s] [100%] Built target can_converter
[6.877s] Built target tests
[7.858s] [  0%] Built target autoware_can_msgs_generate_messages_py
[8.098s] [  0%] Built target geometry_msgs_generate_messages_nodejs
[8.275s] [  0%] Built target visualization_msgs_generate_messages_lisp
[8.434s] [  0%] Built target roscpp_generate_messages_nodejs
[8.593s] [  0%] Built target std_msgs_generate_messages_cpp
[8.736s] [  0%] Built target std_msgs_generate_messages_lisp
[8.900s] [  0%] Built target autoware_can_msgs_generate_messages_nodejs
[9.122s] [  0%] Built target roscpp_generate_messages_eus
[9.265s] [  0%] Built target autoware_can_msgs_generate_messages_lisp
[9.413s] [  0%] Built target rosgraph_msgs_generate_messages_cpp
[9.557s] [  0%] Built target autoware_can_msgs_generate_messages_eus
[9.699s] [  0%] Built target visualization_msgs_generate_messages_nodejs
[9.845s] [  0%] Built target geometry_msgs_generate_messages_eus
[10.056s] [  0%] Built target std_msgs_generate_messages_nodejs
[10.206s] [  0%] Built target std_msgs_generate_messages_py
[10.352s] [  0%] Built target roscpp_generate_messages_cpp
[10.493s] [  0%] Built target roscpp_generate_messages_lisp
[10.637s] [  0%] Built target geometry_msgs_generate_messages_py
[10.789s] [  0%] Built target std_msgs_generate_messages_eus
[10.967s] [  0%] Built target autoware_can_msgs_generate_messages_cpp
[11.141s] [  0%] Built target visualization_msgs_generate_messages_eus
[11.290s] [  0%] Built target geometry_msgs_generate_messages_cpp
[11.446s] [  0%] Built target visualization_msgs_generate_messages_cpp
[11.590s] [  0%] Built target rosgraph_msgs_generate_messages_nodejs
[11.736s] [  0%] Built target rosgraph_msgs_generate_messages_lisp
[11.882s] [  0%] Built target rosgraph_msgs_generate_messages_eus
[12.073s] [  0%] Built target roscpp_generate_messages_py
[12.220s] [  0%] Built target rosgraph_msgs_generate_messages_py
[12.365s] [  0%] Built target visualization_msgs_generate_messages_py
[12.513s] [  0%] Built target geometry_msgs_generate_messages_lisp
[12.669s] [ 50%] Built target can_draw
[12.823s] [100%] Built target can_converter
[13.028s] [36mInstall the project...[0m
[13.086s] -- Install configuration: "Release"
[13.087s] -- Up-to-date: /home/capstone/autoware.ai/install/kvaser/lib/pkgconfig/kvaser.pc
[13.087s] -- Up-to-date: /home/capstone/autoware.ai/install/kvaser/share/kvaser/cmake/kvaserConfig.cmake
[13.087s] -- Up-to-date: /home/capstone/autoware.ai/install/kvaser/share/kvaser/cmake/kvaserConfig-version.cmake
[13.088s] -- Up-to-date: /home/capstone/autoware.ai/install/kvaser/share/kvaser/package.xml
[13.089s] -- Up-to-date: /home/capstone/autoware.ai/install/kvaser/lib/kvaser/can_converter
[13.091s] -- Up-to-date: /home/capstone/autoware.ai/install/kvaser/lib/kvaser/can_draw
