[0.667s] [  0%] Built target rosgraph_msgs_generate_messages_eus
[0.817s] [  0%] Built target autoware_config_msgs_generate_messages_lisp
[0.962s] [  0%] Built target geometry_msgs_generate_messages_nodejs
[1.107s] [  0%] Built target geometry_msgs_generate_messages_cpp
[1.258s] [  0%] Built target autoware_config_msgs_generate_messages_cpp
[1.456s] [  0%] Built target jsk_footstep_msgs_generate_messages_eus
[1.602s] [  0%] Built target roscpp_generate_messages_lisp
[1.750s] [  0%] Built target jsk_footstep_msgs_generate_messages_py
[1.894s] [  0%] Built target geometry_msgs_generate_messages_py
[2.042s] [  0%] Built target sensor_msgs_generate_messages_py
[2.181s] [  0%] Built target jsk_footstep_msgs_generate_messages_lisp
[2.384s] [  0%] Built target autoware_msgs_generate_messages_nodejs
[2.536s] [  0%] Built target autoware_config_msgs_generate_messages_eus
[2.678s] [  0%] Built target actionlib_msgs_generate_messages_eus
[2.828s] [  0%] Built target autoware_msgs_generate_messages_py
[2.971s] [  0%] Built target rosgraph_msgs_generate_messages_lisp
[3.114s] [  0%] Built target roscpp_generate_messages_eus
[3.263s] [  0%] Built target std_msgs_generate_messages_cpp
[3.477s] [  0%] Built target autoware_msgs_generate_messages_cpp
[3.642s] [  0%] Built target autoware_config_msgs_generate_messages_nodejs
[3.789s] [  0%] Built target std_msgs_generate_messages_lisp
[3.934s] [  0%] Built target jsk_recognition_msgs_generate_messages_py
[4.082s] [  0%] Built target sensor_msgs_generate_messages_cpp
[4.235s] [  0%] Built target pcl_msgs_generate_messages_cpp
[4.418s] [  0%] Built target roscpp_generate_messages_cpp
[4.570s] [  0%] Built target autoware_config_msgs_generate_messages_py
[4.713s] [  0%] Built target sensor_msgs_generate_messages_eus
[4.863s] [  0%] Built target sensor_msgs_generate_messages_lisp
[5.008s] [  0%] Built target pcl_msgs_generate_messages_eus
[5.157s] [  0%] Built target pcl_msgs_generate_messages_nodejs
[5.360s] [  0%] Built target pcl_msgs_generate_messages_lisp
[5.526s] [  0%] Built target pcl_msgs_generate_messages_py
[5.674s] [  0%] Built target sensor_msgs_generate_messages_nodejs
[5.818s] [  0%] Built target jsk_footstep_msgs_generate_messages_nodejs
[5.964s] [  0%] Built target actionlib_msgs_generate_messages_cpp
[6.108s] [  0%] Built target std_msgs_generate_messages_eus
[6.262s] [  0%] Built target actionlib_msgs_generate_messages_lisp
[6.470s] [  0%] Built target actionlib_msgs_generate_messages_nodejs
[6.615s] [  0%] Built target actionlib_msgs_generate_messages_py
[6.758s] [  0%] Built target rosgraph_msgs_generate_messages_nodejs
[6.905s] [  0%] Built target jsk_footstep_msgs_generate_messages_cpp
[7.052s] [  0%] Built target roscpp_generate_messages_nodejs
[7.195s] [  0%] Built target jsk_recognition_msgs_generate_messages_nodejs
[7.408s] [  0%] Built target roscpp_generate_messages_py
[7.556s] [  0%] Built target rosgraph_msgs_generate_messages_cpp
[7.692s] [  0%] Built target autoware_msgs_generate_messages_lisp
[7.834s] [  0%] Built target std_msgs_generate_messages_nodejs
[7.981s] [  0%] Built target geometry_msgs_generate_messages_eus
[8.126s] [  0%] Built target autoware_msgs_generate_messages_eus
[8.296s] [  0%] Built target geometry_msgs_generate_messages_lisp
[8.471s] [  0%] Built target jsk_recognition_msgs_generate_messages_cpp
[8.622s] [  0%] Built target std_msgs_generate_messages_py
[8.762s] [  0%] Built target jsk_recognition_msgs_generate_messages_eus
[8.910s] [  0%] Built target jsk_recognition_msgs_generate_messages_lisp
[9.052s] [  0%] Built target rosgraph_msgs_generate_messages_py
[9.333s] [ 94%] Built target vision_darknet_detect_lib
[9.517s] [100%] Built target vision_darknet_detect
[11.918s] Built target tests
[14.247s] [  0%] Built target rosgraph_msgs_generate_messages_eus
[14.440s] [  0%] Built target autoware_config_msgs_generate_messages_lisp
[14.600s] [  0%] Built target geometry_msgs_generate_messages_nodejs
[14.745s] [  0%] Built target geometry_msgs_generate_messages_cpp
[14.890s] [  0%] Built target autoware_config_msgs_generate_messages_cpp
[15.033s] [  0%] Built target jsk_footstep_msgs_generate_messages_eus
[15.179s] [  0%] Built target roscpp_generate_messages_lisp
[15.342s] [  0%] Built target jsk_footstep_msgs_generate_messages_py
[15.504s] [  0%] Built target geometry_msgs_generate_messages_py
[15.652s] [  0%] Built target sensor_msgs_generate_messages_py
[15.803s] [  0%] Built target jsk_footstep_msgs_generate_messages_lisp
[15.945s] [  0%] Built target autoware_msgs_generate_messages_nodejs
[16.095s] [  0%] Built target autoware_config_msgs_generate_messages_eus
[16.246s] [  0%] Built target actionlib_msgs_generate_messages_eus
[16.437s] [  0%] Built target autoware_msgs_generate_messages_py
[16.581s] [  0%] Built target rosgraph_msgs_generate_messages_lisp
[16.724s] [  0%] Built target roscpp_generate_messages_eus
[16.874s] [  0%] Built target std_msgs_generate_messages_cpp
[17.020s] [  0%] Built target autoware_msgs_generate_messages_cpp
[17.161s] [  0%] Built target autoware_config_msgs_generate_messages_nodejs
[17.353s] [  0%] Built target std_msgs_generate_messages_lisp
[17.513s] [  0%] Built target jsk_recognition_msgs_generate_messages_py
[17.651s] [  0%] Built target sensor_msgs_generate_messages_cpp
[17.801s] [  0%] Built target pcl_msgs_generate_messages_cpp
[17.940s] [  0%] Built target roscpp_generate_messages_cpp
[18.095s] [  0%] Built target autoware_config_msgs_generate_messages_py
[18.263s] [  0%] Built target sensor_msgs_generate_messages_eus
[18.450s] [  0%] Built target sensor_msgs_generate_messages_lisp
[18.591s] [  0%] Built target pcl_msgs_generate_messages_eus
[18.736s] [  0%] Built target pcl_msgs_generate_messages_nodejs
[18.883s] [  0%] Built target pcl_msgs_generate_messages_lisp
[19.030s] [  0%] Built target pcl_msgs_generate_messages_py
[19.174s] [  0%] Built target sensor_msgs_generate_messages_nodejs
[19.358s] [  0%] Built target jsk_footstep_msgs_generate_messages_nodejs
[19.518s] [  0%] Built target actionlib_msgs_generate_messages_cpp
[19.664s] [  0%] Built target std_msgs_generate_messages_eus
[19.813s] [  0%] Built target actionlib_msgs_generate_messages_lisp
[19.961s] [  0%] Built target actionlib_msgs_generate_messages_nodejs
[20.104s] [  0%] Built target actionlib_msgs_generate_messages_py
[20.274s] [  0%] Built target rosgraph_msgs_generate_messages_nodejs
[20.444s] [  0%] Built target jsk_footstep_msgs_generate_messages_cpp
[20.586s] [  0%] Built target roscpp_generate_messages_nodejs
[20.727s] [  0%] Built target jsk_recognition_msgs_generate_messages_nodejs
[20.879s] [  0%] Built target roscpp_generate_messages_py
[21.026s] [  0%] Built target rosgraph_msgs_generate_messages_cpp
[21.174s] [  0%] Built target autoware_msgs_generate_messages_lisp
[21.341s] [  0%] Built target std_msgs_generate_messages_nodejs
[21.504s] [  0%] Built target geometry_msgs_generate_messages_eus
[21.650s] [  0%] Built target autoware_msgs_generate_messages_eus
[21.796s] [  0%] Built target geometry_msgs_generate_messages_lisp
[21.941s] [  0%] Built target jsk_recognition_msgs_generate_messages_cpp
[22.083s] [  0%] Built target std_msgs_generate_messages_py
[22.233s] [  0%] Built target jsk_recognition_msgs_generate_messages_eus
[22.406s] [  0%] Built target jsk_recognition_msgs_generate_messages_lisp
[22.548s] [  0%] Built target rosgraph_msgs_generate_messages_py
[22.817s] [ 94%] Built target vision_darknet_detect_lib
[22.991s] [100%] Built target vision_darknet_detect
[23.135s] [36mInstall the project...[0m
[23.190s] -- Install configuration: "Release"
[23.191s] -- Up-to-date: /home/capstone/autoware.ai/install/vision_darknet_detect/lib/pkgconfig/vision_darknet_detect.pc
[23.191s] -- Up-to-date: /home/capstone/autoware.ai/install/vision_darknet_detect/share/vision_darknet_detect/cmake/vision_darknet_detectConfig.cmake
[23.191s] -- Up-to-date: /home/capstone/autoware.ai/install/vision_darknet_detect/share/vision_darknet_detect/cmake/vision_darknet_detectConfig-version.cmake
[23.191s] -- Up-to-date: /home/capstone/autoware.ai/install/vision_darknet_detect/share/vision_darknet_detect/package.xml
[23.192s] -- Up-to-date: /home/capstone/autoware.ai/install/vision_darknet_detect/lib/libvision_darknet_detect_lib.so
[23.193s] -- Up-to-date: /home/capstone/autoware.ai/install/vision_darknet_detect/lib/vision_darknet_detect/vision_darknet_detect
[23.194s] -- Up-to-date: /home/capstone/autoware.ai/install/vision_darknet_detect/share/vision_darknet_detect/launch
[23.194s] -- Up-to-date: /home/capstone/autoware.ai/install/vision_darknet_detect/share/vision_darknet_detect/launch/vision_yolo2_detect.launch
[23.194s] -- Up-to-date: /home/capstone/autoware.ai/install/vision_darknet_detect/share/vision_darknet_detect/launch/vision_yolo3_detect.launch
[23.195s] -- Up-to-date: /home/capstone/autoware.ai/install/vision_darknet_detect/share/vision_darknet_detect/darknet/cfg/
[23.195s] -- Up-to-date: /home/capstone/autoware.ai/install/vision_darknet_detect/share/vision_darknet_detect/darknet/cfg//yolov2.cfg
[23.195s] -- Up-to-date: /home/capstone/autoware.ai/install/vision_darknet_detect/share/vision_darknet_detect/darknet/cfg//yolov2-tiny.cfg
[23.195s] -- Up-to-date: /home/capstone/autoware.ai/install/vision_darknet_detect/share/vision_darknet_detect/darknet/cfg//coco.names
[23.196s] -- Up-to-date: /home/capstone/autoware.ai/install/vision_darknet_detect/share/vision_darknet_detect/darknet/cfg//yolov3-voc.cfg
[23.196s] -- Up-to-date: /home/capstone/autoware.ai/install/vision_darknet_detect/share/vision_darknet_detect/darknet/cfg//voc.names
[23.196s] -- Up-to-date: /home/capstone/autoware.ai/install/vision_darknet_detect/share/vision_darknet_detect/darknet/cfg//yolov3.cfg
[23.196s] -- Up-to-date: /home/capstone/autoware.ai/install/vision_darknet_detect/share/vision_darknet_detect/darknet/cfg//yolov3-tiny.cfg
