[0.415s] -- The C compiler identification is GNU 7.5.0
[0.641s] -- The CXX compiler identification is GNU 7.5.0
[0.665s] -- Check for working C compiler: /usr/bin/cc
[1.056s] -- Check for working C compiler: /usr/bin/cc -- works
[1.058s] -- Detecting C compiler ABI info
[1.574s] -- Detecting C compiler ABI info - done
[1.603s] -- Detecting C compile features
[2.755s] -- Detecting C compile features - done
[2.761s] -- Check for working CXX compiler: /usr/bin/c++
[3.184s] -- Check for working CXX compiler: /usr/bin/c++ -- works
[3.185s] -- Detecting CXX compiler ABI info
[3.612s] -- Detecting CXX compiler ABI info - done
[3.645s] -- Detecting CXX compile features
[5.455s] -- Detecting CXX compile features - done
[5.481s] -- Using CATKIN_DEVEL_PREFIX: /home/capstone/autoware.ai/build/autoware_launcher_rviz/devel
[5.481s] -- Using CMAKE_PREFIX_PATH: /home/capstone/autoware.ai/install/autoware_build_flags;/home/capstone/autoware.ai/install/wf_simulator;/home/capstone/autoware.ai/install/vision_ssd_detect;/home/capstone/autoware.ai/install/vision_segment_enet_detect;/home/capstone/autoware.ai/install/vision_lane_detect;/home/capstone/autoware.ai/install/vision_darknet_detect;/home/capstone/autoware.ai/install/vision_beyond_track;/home/capstone/autoware.ai/install/vel_pose_diff_checker;/home/capstone/autoware.ai/install/vehicle_socket;/home/capstone/autoware.ai/install/vehicle_sim_model;/home/capstone/autoware.ai/install/vehicle_model;/home/capstone/autoware.ai/install/vehicle_gazebo_simulation_launcher;/home/capstone/autoware.ai/install/vehicle_gazebo_simulation_interface;/home/capstone/autoware.ai/install/vehicle_engage_panel;/home/capstone/autoware.ai/install/vehicle_description;/home/capstone/autoware.ai/install/op_ros_helpers;/home/capstone/autoware.ai/install/op_simu;/home/capstone/autoware.ai/install/op_planner;/home/capstone/autoware.ai/install/op_utility;/home/capstone/autoware.ai/install/vector_map_server;/home/capstone/autoware.ai/install/object_map;/home/capstone/autoware.ai/install/lanelet_aisan_converter;/home/capstone/autoware.ai/install/map_file;/home/capstone/autoware.ai/install/libvectormap;/home/capstone/autoware.ai/install/vector_map;/home/capstone/autoware.ai/install/vector_map_msgs;/home/capstone/autoware.ai/install/twist_generator;/home/capstone/autoware.ai/install/twist2odom;/home/capstone/autoware.ai/install/runtime_manager;/home/capstone/autoware.ai/install/tablet_socket_msgs;/home/capstone/autoware.ai/install/sound_player;/home/capstone/autoware.ai/install/points2image;/home/capstone/autoware.ai/install/rosinterface;/home/capstone/autoware.ai/install/rosbag_controller;/home/capstone/autoware.ai/install/points_preprocessor;/home/capstone/autoware.ai/install/lidar_localizer;/home/capstone/autoware.ai/install/emergency_handler;/home/capstone/autoware.ai/install/autoware_health_checker;/home/capstone/autoware.ai/install/ros_observer;/home/capstone/autoware.ai/install/range_vision_fusion;/home/capstone/autoware.ai/install/pos_db;/home/capstone/autoware.ai/install/points_downsampler;/home/capstone/autoware.ai/install/pixel_cloud_fusion;/home/capstone/autoware.ai/install/pcl_omp_registration;/home/capstone/autoware.ai/install/pc2_downsampler;/home/capstone/autoware.ai/install/obj_db;/home/capstone/autoware.ai/install/nmea_navsat;/home/capstone/autoware.ai/install/ndt_tku;/home/capstone/autoware.ai/install/ndt_gpu;/home/capstone/autoware.ai/install/ndt_cpu;/home/capstone/autoware.ai/install/multi_lidar_calibrator;/home/capstone/autoware.ai/install/mrt_cmake_modules;/home/capstone/autoware.ai/install/marker_downsampler;/home/capstone/autoware.ai/install/map_tools;/home/capstone/autoware.ai/install/map_tf_generator;/home/capstone/autoware.ai/install/log_tools;/home/capstone/autoware.ai/install/libwaypoint_follower;/home/capstone/autoware.ai/install/lgsvl_simulator_bridge;/home/capstone/autoware.ai/install/lanelet2_extension;/home/capstone/autoware.ai/install/lanelet2_validation;/home/capstone/autoware.ai/install/lanelet2_examples;/home/capstone/autoware.ai/install/lanelet2_python;/home/capstone/autoware.ai/install/lanelet2_routing;/home/capstone/autoware.ai/install/lanelet2_traffic_rules;/home/capstone/autoware.ai/install/lanelet2_projection;/home/capstone/autoware.ai/install/lanelet2_maps;/home/capstone/autoware.ai/install/lanelet2_io;/home/capstone/autoware.ai/install/lanelet2_core;/home/capstone/autoware.ai/install/integrated_viewer;/home/capstone/autoware.ai/install/image_processor;/home/capstone/autoware.ai/install/graph_tools;/home/capstone/autoware.ai/install/gnss_localizer;/home/capstone/autoware.ai/install/gnss;/home/capstone/autoware.ai/install/glviewer;/home/capstone/autoware.ai/install/gazebo_world_description;/home/capstone/autoware.ai/install/gazebo_imu_description;/home/capstone/autoware.ai/install/gazebo_camera_description;/home/capstone/autoware.ai/install/fastvirtualscan;/home/capstone/autoware.ai/install/ekf_localizer;/home/capstone/autoware.ai/install/detected_objects_visualizer;/home/capstone/autoware.ai/install/decision_maker_panel;/home/capstone/autoware.ai/install/data_preprocessor;/home/capstone/autoware.ai/install/carla_autoware_bridge;/home/capstone/autoware.ai/install/calibration_publisher;/home/capstone/autoware.ai/install/autoware_system_msgs;/home/capstone/autoware.ai/install/autoware_rviz_plugins;/home/capstone/autoware.ai/install/autoware_quickstart_examples;/home/capstone/autoware.ai/install/autoware_pointgrey_drivers;/home/capstone/autoware.ai/install/autoware_driveworks_interface;/home/capstone/autoware.ai/install/autoware_connector;/home/capstone/autoware.ai/install/autoware_camera_lidar_calibrator;/home/capstone/autoware.ai/install/amathutils_lib;/home/capstone/autoware.ai/install/autoware_msgs;/home/capstone/autoware.ai/install/autoware_map_msgs;/home/capstone/autoware.ai/install/autoware_launcher_rviz;/home/capstone/autoware.ai/install/autoware_launcher;/home/capstone/autoware.ai/install/autoware_lanelet2_msgs;/home/capstone/autoware.ai/install/autoware_external_msgs;/home/capstone/autoware.ai/install/autoware_driveworks_gmsl_interface;/home/capstone/autoware.ai/install/autoware_config_msgs;/home/capstone/autoware.ai/install/autoware_can_msgs;/home/capstone/autoware.ai/install/autoware_bag_tools;/opt/carla-ros-bridge/melodic;/opt/ros/melodic
[5.487s] -- This workspace overlays: /home/capstone/autoware.ai/install/autoware_build_flags;/home/capstone/autoware.ai/install/vehicle_sim_model;/home/capstone/autoware.ai/install/vehicle_gazebo_simulation_launcher;/home/capstone/autoware.ai/install/vehicle_description;/home/capstone/autoware.ai/install/libvectormap;/home/capstone/autoware.ai/install/vector_map;/home/capstone/autoware.ai/install/vector_map_msgs;/home/capstone/autoware.ai/install/twist2odom;/home/capstone/autoware.ai/install/tablet_socket_msgs;/home/capstone/autoware.ai/install/sound_player;/home/capstone/autoware.ai/install/rosinterface;/home/capstone/autoware.ai/install/ros_observer;/home/capstone/autoware.ai/install/pcl_omp_registration;/home/capstone/autoware.ai/install/pc2_downsampler;/home/capstone/autoware.ai/install/nmea_navsat;/home/capstone/autoware.ai/install/ndt_tku;/home/capstone/autoware.ai/install/ndt_gpu;/home/capstone/autoware.ai/install/ndt_cpu;/home/capstone/autoware.ai/install/mrt_cmake_modules;/home/capstone/autoware.ai/install/marker_downsampler;/home/capstone/autoware.ai/install/graph_tools;/home/capstone/autoware.ai/install/gnss;/home/capstone/autoware.ai/install/gazebo_world_description;/home/capstone/autoware.ai/install/gazebo_imu_description;/home/capstone/autoware.ai/install/gazebo_camera_description;/home/capstone/autoware.ai/install/fastvirtualscan;/home/capstone/autoware.ai/install/autoware_system_msgs;/home/capstone/autoware.ai/install/autoware_quickstart_examples;/home/capstone/autoware.ai/install/amathutils_lib;/home/capstone/autoware.ai/install/autoware_msgs;/home/capstone/autoware.ai/install/autoware_map_msgs;/home/capstone/autoware.ai/install/autoware_launcher;/home/capstone/autoware.ai/install/autoware_lanelet2_msgs;/home/capstone/autoware.ai/install/autoware_external_msgs;/home/capstone/autoware.ai/install/autoware_driveworks_gmsl_interface;/home/capstone/autoware.ai/install/autoware_config_msgs;/home/capstone/autoware.ai/install/autoware_can_msgs;/home/capstone/autoware.ai/install/autoware_bag_tools;/opt/carla-ros-bridge/melodic;/opt/ros/melodic
[5.574s] -- Found PythonInterp: /usr/bin/python2 (found suitable version "2.7.17", minimum required is "2") 
[5.574s] -- Using PYTHON_EXECUTABLE: /usr/bin/python2
[5.575s] -- Using Debian Python package layout
[5.579s] -- Using empy: /usr/bin/empy
[6.050s] -- Using CATKIN_ENABLE_TESTING: ON
[6.050s] -- Call enable_testing()
[6.065s] -- Using CATKIN_TEST_RESULTS_DIR: /home/capstone/autoware.ai/build/autoware_launcher_rviz/test_results
[6.157s] -- Found gtest sources under '/usr/src/googletest': gtests will be built
[6.157s] -- Found gmock sources under '/usr/src/googletest': gmock will be built
[6.242s] -- Found PythonInterp: /usr/bin/python2 (found version "2.7.17") 
[6.245s] -- Looking for pthread.h
[6.659s] -- Looking for pthread.h - found
[6.660s] -- Looking for pthread_create
[7.050s] -- Looking for pthread_create - not found
[7.051s] -- Looking for pthread_create in pthreads
[7.442s] -- Looking for pthread_create in pthreads - not found
[7.442s] -- Looking for pthread_create in pthread
[7.874s] -- Looking for pthread_create in pthread - found
[7.877s] -- Found Threads: TRUE  
[7.891s] -- Using Python nosetests: /usr/bin/nosetests-2.7
[8.084s] -- catkin 0.7.23
[8.084s] -- BUILD_SHARED_LIBS is on
[9.815s] -- Using these message generators: gencpp;geneus;genlisp;gennodejs;genpy
[10.421s] -- CUDA compilation status: 1.
[11.485s] -- Configuring done
[11.742s] -- Generating done
[11.807s] -- Build files have been written to: /home/capstone/autoware.ai/build/autoware_launcher_rviz
[12.186s] [ 25%] [34m[1mGenerating src/moc_module_panel.cpp[0m
[12.303s] [35m[1mScanning dependencies of target autoware_launcher_rviz[0m
[12.463s] [ 50%] [32mBuilding CXX object CMakeFiles/autoware_launcher_rviz.dir/src/moc_module_panel.cpp.o[0m
[14.749s] [ 75%] [32mBuilding CXX object CMakeFiles/autoware_launcher_rviz.dir/src/module_panel.cpp.o[0m
[19.595s] [100%] [32m[1mLinking CXX shared library devel/lib/libautoware_launcher_rviz.so[0m
[20.421s] [100%] Built target autoware_launcher_rviz
[23.106s] [35m[1mScanning dependencies of target tests[0m
[23.221s] Built target tests
[25.893s] [100%] Built target autoware_launcher_rviz
[26.066s] [36mInstall the project...[0m
[26.125s] -- Install configuration: "Release"
[26.126s] -- Installing: /home/capstone/autoware.ai/install/autoware_launcher_rviz/lib/pkgconfig/autoware_launcher_rviz.pc
[26.129s] -- Installing: /home/capstone/autoware.ai/install/autoware_launcher_rviz/share/autoware_launcher_rviz/cmake/autoware_launcher_rvizConfig.cmake
[26.132s] -- Installing: /home/capstone/autoware.ai/install/autoware_launcher_rviz/share/autoware_launcher_rviz/cmake/autoware_launcher_rvizConfig-version.cmake
[26.135s] -- Installing: /home/capstone/autoware.ai/install/autoware_launcher_rviz/share/autoware_launcher_rviz/package.xml
[26.138s] -- Installing: /home/capstone/autoware.ai/install/autoware_launcher_rviz/lib/libautoware_launcher_rviz.so
[26.140s] -- Set runtime path of "/home/capstone/autoware.ai/install/autoware_launcher_rviz/lib/libautoware_launcher_rviz.so" to ""
[26.140s] -- Installing: /home/capstone/autoware.ai/install/autoware_launcher_rviz/share/autoware_launcher_rviz/plugin_description.xml
[26.142s] -- Installing: /home/capstone/autoware.ai/install/autoware_launcher_rviz/share/autoware_launcher_rviz/icons/icons
[26.143s] -- Installing: /home/capstone/autoware.ai/install/autoware_launcher_rviz/share/autoware_launcher_rviz/icons/icons/classes
[26.144s] -- Installing: /home/capstone/autoware.ai/install/autoware_launcher_rviz/share/autoware_launcher_rviz/icons/icons/classes/ModulePanel.png
