[0.425s] -- CUDA compilation status: 1.
[0.426s] -- Using CATKIN_DEVEL_PREFIX: /home/capstone/autoware.ai/build/lidar_fake_perception/devel
[0.427s] -- Using CMAKE_PREFIX_PATH: /home/capstone/autoware.ai/install/autoware_msgs;/home/capstone/autoware.ai/install/autoware_build_flags;/home/capstone/autoware.ai/install/ymc;/home/capstone/autoware.ai/install/xsens_driver;/home/capstone/autoware.ai/install/wf_simulator;/home/capstone/autoware.ai/install/lattice_planner;/home/capstone/autoware.ai/install/waypoint_planner;/home/capstone/autoware.ai/install/waypoint_maker;/home/capstone/autoware.ai/install/way_planner;/home/capstone/autoware.ai/install/vlg22c_cam;/home/capstone/autoware.ai/install/vision_ssd_detect;/home/capstone/autoware.ai/install/vision_segment_enet_detect;/home/capstone/autoware.ai/install/vision_lane_detect;/home/capstone/autoware.ai/install/vision_darknet_detect;/home/capstone/autoware.ai/install/vision_beyond_track;/home/capstone/autoware.ai/install/vel_pose_diff_checker;/home/capstone/autoware.ai/install/vehicle_socket;/home/capstone/autoware.ai/install/vehicle_sim_model;/home/capstone/autoware.ai/install/vehicle_model;/home/capstone/autoware.ai/install/vehicle_gazebo_simulation_launcher;/home/capstone/autoware.ai/install/vehicle_gazebo_simulation_interface;/home/capstone/autoware.ai/install/vehicle_engage_panel;/home/capstone/autoware.ai/install/vehicle_description;/home/capstone/autoware.ai/install/trafficlight_recognizer;/home/capstone/autoware.ai/install/op_utilities;/home/capstone/autoware.ai/install/op_simulation_package;/home/capstone/autoware.ai/install/op_local_planner;/home/capstone/autoware.ai/install/op_global_planner;/home/capstone/autoware.ai/install/lidar_kf_contour_track;/home/capstone/autoware.ai/install/op_ros_helpers;/home/capstone/autoware.ai/install/ff_waypoint_follower;/home/capstone/autoware.ai/install/dp_planner;/home/capstone/autoware.ai/install/op_simu;/home/capstone/autoware.ai/install/op_planner;/home/capstone/autoware.ai/install/op_utility;/home/capstone/autoware.ai/install/lidar_euclidean_cluster_detect;/home/capstone/autoware.ai/install/vector_map_server;/home/capstone/autoware.ai/install/road_occupancy_processor;/home/capstone/autoware.ai/install/costmap_generator;/home/capstone/autoware.ai/install/object_map;/home/capstone/autoware.ai/install/naive_motion_predict;/home/capstone/autoware.ai/install/lanelet_aisan_converter;/home/capstone/autoware.ai/install/map_file;/home/capstone/autoware.ai/install/libvectormap;/home/capstone/autoware.ai/install/lane_planner;/home/capstone/autoware.ai/install/imm_ukf_pda_track;/home/capstone/autoware.ai/install/decision_maker;/home/capstone/autoware.ai/install/vector_map;/home/capstone/autoware.ai/install/vector_map_msgs;/home/capstone/autoware.ai/install/vectacam;/home/capstone/autoware.ai/install/udon_socket;/home/capstone/autoware.ai/install/twist_generator;/home/capstone/autoware.ai/install/twist_gate;/home/capstone/autoware.ai/install/twist_filter;/home/capstone/autoware.ai/install/twist2odom;/home/capstone/autoware.ai/install/tablet_socket;/home/capstone/autoware.ai/install/runtime_manager;/home/capstone/autoware.ai/install/mqtt_socket;/home/capstone/autoware.ai/install/tablet_socket_msgs;/home/capstone/autoware.ai/install/state_machine_lib;/home/capstone/autoware.ai/install/sound_player;/home/capstone/autoware.ai/install/sick_lms5xx;/home/capstone/autoware.ai/install/sick_ldmrs_tools;/home/capstone/autoware.ai/install/sick_ldmrs_driver;/home/capstone/autoware.ai/install/sick_ldmrs_msgs;/home/capstone/autoware.ai/install/sick_ldmrs_description;/home/capstone/autoware.ai/install/points2image;/home/capstone/autoware.ai/install/rosinterface;/home/capstone/autoware.ai/install/rosbag_controller;/home/capstone/autoware.ai/install/pure_pursuit;/home/capstone/autoware.ai/install/points_preprocessor;/home/capstone/autoware.ai/install/mpc_follower;/home/capstone/autoware.ai/install/lidar_localizer;/home/capstone/autoware.ai/install/emergency_handler;/home/capstone/autoware.ai/install/autoware_health_checker;/home/capstone/autoware.ai/install/as;/home/capstone/autoware.ai/install/ros_observer;/home/capstone/autoware.ai/install/roi_object_filter;/home/capstone/autoware.ai/install/range_vision_fusion;/home/capstone/autoware.ai/install/pos_db;/home/capstone/autoware.ai/install/points_downsampler;/home/capstone/autoware.ai/install/pixel_cloud_fusion;/home/capstone/autoware.ai/install/pcl_omp_registration;/home/capstone/autoware.ai/install/pc2_downsampler;/home/capstone/autoware.ai/install/oculus_socket;/home/capstone/autoware.ai/install/obj_db;/home/capstone/autoware.ai/install/nmea_navsat;/home/capstone/autoware.ai/install/ndt_tku;/home/capstone/autoware.ai/install/ndt_gpu;/home/capstone/autoware.ai/install/ndt_cpu;/home/capstone/autoware.ai/install/multi_lidar_calibrator;/home/capstone/autoware.ai/install/mrt_cmake_modules;/home/capstone/autoware.ai/install/microstrain_driver;/home/capstone/autoware.ai/install/memsic_imu;/home/capstone/autoware.ai/install/marker_downsampler;/home/capstone/autoware.ai/install/map_tools;/home/capstone/autoware.ai/install/map_tf_generator;/home/capstone/autoware.ai/install/log_tools;/home/capstone/autoware.ai/install/lidar_shape_estimation;/home/capstone/autoware.ai/install/lidar_point_pillars;/home/capstone/autoware.ai/install/lidar_naive_l_shape_detect;/home/capstone/autoware.ai/install/lidar_fake_perception;/home/capstone/autoware.ai/install/lidar_apollo_cnn_seg_detect;/home/capstone/autoware.ai/install/libwaypoint_follower;/home/capstone/autoware.ai/install/lgsvl_simulator_bridge;/home/capstone/autoware.ai/install/lanelet2_extension;/home/capstone/autoware.ai/install/lanelet2_validation;/home/capstone/autoware.ai/install/lanelet2_examples;/home/capstone/autoware.ai/install/lanelet2_python;/home/capstone/autoware.ai/install/lanelet2_routing;/home/capstone/autoware.ai/install/lanelet2_traffic_rules;/home/capstone/autoware.ai/install/lanelet2_projection;/home/capstone/autoware.ai/install/lanelet2_maps;/home/capstone/autoware.ai/install/lanelet2_io;/home/capstone/autoware.ai/install/lanelet2_core;/home/capstone/autoware.ai/install/kvaser;/home/capstone/autoware.ai/install/kitti_launch;/home/capstone/autoware.ai/install/kitti_player;/home/capstone/autoware.ai/install/kitti_box_publisher;/home/capstone/autoware.ai/install/javad_navsat_driver;/home/capstone/autoware.ai/install/integrated_viewer;/home/capstone/autoware.ai/install/image_processor;/home/capstone/autoware.ai/install/hokuyo;/home/capstone/autoware.ai/install/graph_tools;/home/capstone/autoware.ai/install/gnss_localizer;/home/capstone/autoware.ai/install/gnss;/home/capstone/autoware.ai/install/glviewer;/home/capstone/autoware.ai/install/gazebo_world_description;/home/capstone/autoware.ai/install/gazebo_imu_description;/home/capstone/autoware.ai/install/gazebo_camera_description;/home/capstone/autoware.ai/install/garmin;/home/capstone/autoware.ai/install/freespace_planner;/home/capstone/autoware.ai/install/fastvirtualscan;/home/capstone/autoware.ai/install/ekf_localizer;/home/capstone/autoware.ai/install/ds4_msgs;/home/capstone/autoware.ai/install/ds4_driver;/home/capstone/autoware.ai/install/detected_objects_visualizer;/home/capstone/autoware.ai/install/decision_maker_panel;/home/capstone/autoware.ai/install/data_preprocessor;/home/capstone/autoware.ai/install/custom_msgs;/home/capstone/autoware.ai/install/carla_autoware_bridge;/home/capstone/autoware.ai/install/calibration_publisher;/home/capstone/autoware.ai/install/autoware_system_msgs;/home/capstone/autoware.ai/install/autoware_rviz_plugins;/home/capstone/autoware.ai/install/autoware_quickstart_examples;/home/capstone/autoware.ai/install/autoware_pointgrey_drivers;/home/capstone/autoware.ai/install/autoware_driveworks_interface;/home/capstone/autoware.ai/install/autoware_connector;/home/capstone/autoware.ai/install/autoware_camera_lidar_calibrator;/home/capstone/autoware.ai/install/astar_search;/home/capstone/autoware.ai/install/amathutils_lib;/home/capstone/autoware.ai/install/autoware_map_msgs;/home/capstone/autoware.ai/install/autoware_launcher_rviz;/home/capstone/autoware.ai/install/autoware_launcher;/home/capstone/autoware.ai/install/autoware_lanelet2_msgs;/home/capstone/autoware.ai/install/autoware_external_msgs;/home/capstone/autoware.ai/install/autoware_driveworks_gmsl_interface;/home/capstone/autoware.ai/install/autoware_config_msgs;/home/capstone/autoware.ai/install/autoware_can_msgs;/home/capstone/autoware.ai/install/autoware_bag_tools;/home/capstone/autoware.ai/install/adi_driver;/opt/carla-ros-bridge/melodic;/opt/ros/melodic
[0.444s] -- This workspace overlays: /home/capstone/autoware.ai/install/autoware_msgs;/home/capstone/autoware.ai/install/autoware_build_flags;/home/capstone/autoware.ai/install/ymc;/home/capstone/autoware.ai/install/xsens_driver;/home/capstone/autoware.ai/install/wf_simulator;/home/capstone/autoware.ai/install/lattice_planner;/home/capstone/autoware.ai/install/waypoint_planner;/home/capstone/autoware.ai/install/waypoint_maker;/home/capstone/autoware.ai/install/way_planner;/home/capstone/autoware.ai/install/vlg22c_cam;/home/capstone/autoware.ai/install/vision_ssd_detect;/home/capstone/autoware.ai/install/vision_segment_enet_detect;/home/capstone/autoware.ai/install/vision_lane_detect;/home/capstone/autoware.ai/install/vision_darknet_detect;/home/capstone/autoware.ai/install/vision_beyond_track;/home/capstone/autoware.ai/install/vel_pose_diff_checker;/home/capstone/autoware.ai/install/vehicle_socket;/home/capstone/autoware.ai/install/vehicle_sim_model;/home/capstone/autoware.ai/install/vehicle_model;/home/capstone/autoware.ai/install/vehicle_gazebo_simulation_launcher;/home/capstone/autoware.ai/install/vehicle_gazebo_simulation_interface;/home/capstone/autoware.ai/install/vehicle_engage_panel;/home/capstone/autoware.ai/install/vehicle_description;/home/capstone/autoware.ai/install/trafficlight_recognizer;/home/capstone/autoware.ai/install/op_utilities;/home/capstone/autoware.ai/install/op_simulation_package;/home/capstone/autoware.ai/install/op_local_planner;/home/capstone/autoware.ai/install/op_global_planner;/home/capstone/autoware.ai/install/lidar_kf_contour_track;/home/capstone/autoware.ai/install/op_ros_helpers;/home/capstone/autoware.ai/install/ff_waypoint_follower;/home/capstone/autoware.ai/install/dp_planner;/home/capstone/autoware.ai/install/op_simu;/home/capstone/autoware.ai/install/op_planner;/home/capstone/autoware.ai/install/op_utility;/home/capstone/autoware.ai/install/lidar_euclidean_cluster_detect;/home/capstone/autoware.ai/install/vector_map_server;/home/capstone/autoware.ai/install/road_occupancy_processor;/home/capstone/autoware.ai/install/costmap_generator;/home/capstone/autoware.ai/install/object_map;/home/capstone/autoware.ai/install/naive_motion_predict;/home/capstone/autoware.ai/install/lanelet_aisan_converter;/home/capstone/autoware.ai/install/map_file;/home/capstone/autoware.ai/install/libvectormap;/home/capstone/autoware.ai/install/lane_planner;/home/capstone/autoware.ai/install/imm_ukf_pda_track;/home/capstone/autoware.ai/install/decision_maker;/home/capstone/autoware.ai/install/vector_map;/home/capstone/autoware.ai/install/vector_map_msgs;/home/capstone/autoware.ai/install/vectacam;/home/capstone/autoware.ai/install/udon_socket;/home/capstone/autoware.ai/install/twist_generator;/home/capstone/autoware.ai/install/twist_gate;/home/capstone/autoware.ai/install/twist_filter;/home/capstone/autoware.ai/install/twist2odom;/home/capstone/autoware.ai/install/tablet_socket;/home/capstone/autoware.ai/install/runtime_manager;/home/capstone/autoware.ai/install/mqtt_socket;/home/capstone/autoware.ai/install/tablet_socket_msgs;/home/capstone/autoware.ai/install/state_machine_lib;/home/capstone/autoware.ai/install/sound_player;/home/capstone/autoware.ai/install/sick_lms5xx;/home/capstone/autoware.ai/install/sick_ldmrs_tools;/home/capstone/autoware.ai/install/sick_ldmrs_driver;/home/capstone/autoware.ai/install/sick_ldmrs_msgs;/home/capstone/autoware.ai/install/sick_ldmrs_description;/home/capstone/autoware.ai/install/points2image;/home/capstone/autoware.ai/install/rosinterface;/home/capstone/autoware.ai/install/rosbag_controller;/home/capstone/autoware.ai/install/pure_pursuit;/home/capstone/autoware.ai/install/points_preprocessor;/home/capstone/autoware.ai/install/mpc_follower;/home/capstone/autoware.ai/install/lidar_localizer;/home/capstone/autoware.ai/install/emergency_handler;/home/capstone/autoware.ai/install/autoware_health_checker;/home/capstone/autoware.ai/install/as;/home/capstone/autoware.ai/install/ros_observer;/home/capstone/autoware.ai/install/roi_object_filter;/home/capstone/autoware.ai/install/range_vision_fusion;/home/capstone/autoware.ai/install/pos_db;/home/capstone/autoware.ai/install/points_downsampler;/home/capstone/autoware.ai/install/pixel_cloud_fusion;/home/capstone/autoware.ai/install/pcl_omp_registration;/home/capstone/autoware.ai/install/pc2_downsampler;/home/capstone/autoware.ai/install/oculus_socket;/home/capstone/autoware.ai/install/obj_db;/home/capstone/autoware.ai/install/nmea_navsat;/home/capstone/autoware.ai/install/ndt_tku;/home/capstone/autoware.ai/install/ndt_gpu;/home/capstone/autoware.ai/install/ndt_cpu;/home/capstone/autoware.ai/install/multi_lidar_calibrator;/home/capstone/autoware.ai/install/mrt_cmake_modules;/home/capstone/autoware.ai/install/microstrain_driver;/home/capstone/autoware.ai/install/memsic_imu;/home/capstone/autoware.ai/install/marker_downsampler;/home/capstone/autoware.ai/install/map_tools;/home/capstone/autoware.ai/install/map_tf_generator;/home/capstone/autoware.ai/install/log_tools;/home/capstone/autoware.ai/install/lidar_shape_estimation;/home/capstone/autoware.ai/install/lidar_point_pillars;/home/capstone/autoware.ai/install/lidar_naive_l_shape_detect;/home/capstone/autoware.ai/install/lidar_fake_perception;/home/capstone/autoware.ai/install/lidar_apollo_cnn_seg_detect;/home/capstone/autoware.ai/install/libwaypoint_follower;/home/capstone/autoware.ai/install/lgsvl_simulator_bridge;/home/capstone/autoware.ai/install/lanelet2_extension;/home/capstone/autoware.ai/install/lanelet2_validation;/home/capstone/autoware.ai/install/lanelet2_examples;/home/capstone/autoware.ai/install/lanelet2_python;/home/capstone/autoware.ai/install/lanelet2_routing;/home/capstone/autoware.ai/install/lanelet2_traffic_rules;/home/capstone/autoware.ai/install/lanelet2_projection;/home/capstone/autoware.ai/install/lanelet2_maps;/home/capstone/autoware.ai/install/lanelet2_io;/home/capstone/autoware.ai/install/lanelet2_core;/home/capstone/autoware.ai/install/kvaser;/home/capstone/autoware.ai/install/kitti_launch;/home/capstone/autoware.ai/install/kitti_player;/home/capstone/autoware.ai/install/kitti_box_publisher;/home/capstone/autoware.ai/install/javad_navsat_driver;/home/capstone/autoware.ai/install/integrated_viewer;/home/capstone/autoware.ai/install/image_processor;/home/capstone/autoware.ai/install/hokuyo;/home/capstone/autoware.ai/install/graph_tools;/home/capstone/autoware.ai/install/gnss_localizer;/home/capstone/autoware.ai/install/gnss;/home/capstone/autoware.ai/install/glviewer;/home/capstone/autoware.ai/install/gazebo_world_description;/home/capstone/autoware.ai/install/gazebo_imu_description;/home/capstone/autoware.ai/install/gazebo_camera_description;/home/capstone/autoware.ai/install/garmin;/home/capstone/autoware.ai/install/freespace_planner;/home/capstone/autoware.ai/install/fastvirtualscan;/home/capstone/autoware.ai/install/ekf_localizer;/home/capstone/autoware.ai/install/ds4_msgs;/home/capstone/autoware.ai/install/ds4_driver;/home/capstone/autoware.ai/install/detected_objects_visualizer;/home/capstone/autoware.ai/install/decision_maker_panel;/home/capstone/autoware.ai/install/data_preprocessor;/home/capstone/autoware.ai/install/custom_msgs;/home/capstone/autoware.ai/install/carla_autoware_bridge;/home/capstone/autoware.ai/install/calibration_publisher;/home/capstone/autoware.ai/install/autoware_system_msgs;/home/capstone/autoware.ai/install/autoware_rviz_plugins;/home/capstone/autoware.ai/install/autoware_quickstart_examples;/home/capstone/autoware.ai/install/autoware_pointgrey_drivers;/home/capstone/autoware.ai/install/autoware_driveworks_interface;/home/capstone/autoware.ai/install/autoware_connector;/home/capstone/autoware.ai/install/autoware_camera_lidar_calibrator;/home/capstone/autoware.ai/install/astar_search;/home/capstone/autoware.ai/install/amathutils_lib;/home/capstone/autoware.ai/install/autoware_map_msgs;/home/capstone/autoware.ai/install/autoware_launcher_rviz;/home/capstone/autoware.ai/install/autoware_launcher;/home/capstone/autoware.ai/install/autoware_lanelet2_msgs;/home/capstone/autoware.ai/install/autoware_external_msgs;/home/capstone/autoware.ai/install/autoware_driveworks_gmsl_interface;/home/capstone/autoware.ai/install/autoware_config_msgs;/home/capstone/autoware.ai/install/autoware_can_msgs;/home/capstone/autoware.ai/install/autoware_bag_tools;/home/capstone/autoware.ai/install/adi_driver;/opt/carla-ros-bridge/melodic;/opt/ros/melodic
[0.549s] -- Found PythonInterp: /usr/bin/python2 (found suitable version "2.7.17", minimum required is "2") 
[0.549s] -- Using PYTHON_EXECUTABLE: /usr/bin/python2
[0.550s] -- Using Debian Python package layout
[0.553s] -- Using empy: /usr/bin/empy
[0.889s] -- Using CATKIN_ENABLE_TESTING: ON
[0.890s] -- Call enable_testing()
[0.892s] -- Using CATKIN_TEST_RESULTS_DIR: /home/capstone/autoware.ai/build/lidar_fake_perception/test_results
[1.025s] -- Found gtest sources under '/usr/src/googletest': gtests will be built
[1.026s] -- Found gmock sources under '/usr/src/googletest': gmock will be built
[1.097s] -- Found PythonInterp: /usr/bin/python2 (found version "2.7.17") 
[1.109s] -- Using Python nosetests: /usr/bin/nosetests-2.7
[1.287s] -- catkin 0.7.23
[1.287s] -- BUILD_SHARED_LIBS is on
[2.263s] -- Using these message generators: gencpp;geneus;genlisp;gennodejs;genpy
[5.429s] -- Configuring done
[5.796s] -- Generating done
[5.846s] -- Build files have been written to: /home/capstone/autoware.ai/build/lidar_fake_perception
[6.078s] [  0%] Built target rosgraph_msgs_generate_messages_cpp
[6.226s] [  0%] Built target std_srvs_generate_messages_lisp
[6.390s] [  0%] Built target std_srvs_generate_messages_eus
[6.563s] [  0%] Built target bond_generate_messages_py
[6.712s] [  0%] Built target bond_generate_messages_nodejs
[6.855s] [  0%] Built target bond_generate_messages_lisp
[6.994s] [  0%] Built target bond_generate_messages_eus
[7.145s] [  0%] Built target std_srvs_generate_messages_nodejs
[7.291s] [  0%] Built target nodelet_generate_messages_py
[7.491s] [  0%] Built target nodelet_generate_messages_nodejs
[7.656s] [  0%] Built target nodelet_generate_messages_eus
[7.812s] [  0%] Built target nodelet_generate_messages_cpp
[7.964s] [  0%] Built target rosgraph_msgs_generate_messages_py
[8.107s] [  0%] Built target rosgraph_msgs_generate_messages_nodejs
[8.253s] [  0%] Built target std_srvs_generate_messages_py
[8.455s] [  0%] Built target rosgraph_msgs_generate_messages_eus
[8.606s] [  0%] Built target jsk_recognition_msgs_generate_messages_lisp
[8.753s] [  0%] Built target jsk_recognition_msgs_generate_messages_eus
[8.905s] [  0%] Built target std_msgs_generate_messages_py
[9.053s] [  0%] Built target jsk_recognition_msgs_generate_messages_cpp
[9.198s] [  0%] Built target geometry_msgs_generate_messages_lisp
[9.352s] [  0%] Built target autoware_msgs_generate_messages_eus
[9.553s] [  0%] Built target nodelet_generate_messages_lisp
[9.702s] [  0%] Built target std_msgs_generate_messages_nodejs
[9.847s] [  0%] Built target geometry_msgs_generate_messages_eus
[10.002s] [  0%] Built target std_msgs_generate_messages_cpp
[10.147s] [  0%] Built target jsk_footstep_msgs_generate_messages_py
[10.302s] [  0%] Built target geometry_msgs_generate_messages_py
[10.477s] [  0%] Built target tf2_msgs_generate_messages_eus
[10.649s] [  0%] Built target sensor_msgs_generate_messages_py
[10.794s] [  0%] Built target topic_tools_generate_messages_eus
[10.939s] [  0%] Built target jsk_footstep_msgs_generate_messages_lisp
[11.084s] [  0%] Built target autoware_msgs_generate_messages_nodejs
[11.230s] [  0%] Built target tf_generate_messages_eus
[11.413s] [  0%] Built target rosgraph_msgs_generate_messages_lisp
[11.607s] [  0%] Built target autoware_msgs_generate_messages_py
[11.754s] [  0%] Built target std_srvs_generate_messages_cpp
[11.906s] [  0%] Built target dynamic_reconfigure_generate_messages_py
[12.057s] [  0%] Built target actionlib_msgs_generate_messages_eus
[12.215s] [  0%] Built target nodelet_topic_tools_gencfg
[12.413s] [  0%] Built target sensor_msgs_generate_messages_lisp
[12.584s] [  0%] Built target sensor_msgs_generate_messages_eus
[12.729s] [  0%] Built target topic_tools_generate_messages_py
[12.879s] [  0%] Built target roscpp_generate_messages_cpp
[13.027s] [  0%] Built target topic_tools_generate_messages_cpp
[13.176s] [  0%] Built target autoware_msgs_generate_messages_lisp
[13.322s] [  0%] Built target sensor_msgs_generate_messages_cpp
[13.523s] [  0%] Built target pcl_msgs_generate_messages_cpp
[13.673s] [  0%] Built target tf2_msgs_generate_messages_py
[13.816s] [  0%] Built target bond_generate_messages_cpp
[13.963s] [  0%] Built target dynamic_reconfigure_generate_messages_nodejs
[14.114s] [  0%] Built target jsk_recognition_msgs_generate_messages_py
[14.262s] [  0%] Built target std_msgs_generate_messages_lisp
[14.454s] [  0%] Built target autoware_msgs_generate_messages_cpp
[14.624s] [  0%] Built target jsk_footstep_msgs_generate_messages_eus
[14.772s] [  0%] Built target actionlib_generate_messages_lisp
[14.918s] [  0%] Built target _catkin_empty_exported_target
[15.084s] [  0%] Built target roscpp_generate_messages_lisp
[15.234s] [  0%] Built target geometry_msgs_generate_messages_cpp
[15.429s] [  0%] Built target pcl_msgs_generate_messages_eus
[15.628s] [  0%] Built target pcl_msgs_generate_messages_nodejs
[15.814s] [  0%] Built target pcl_msgs_generate_messages_lisp
[16.002s] [  0%] Built target pcl_msgs_generate_messages_py
[16.192s] [  0%] Built target sensor_msgs_generate_messages_nodejs
[16.343s] [  0%] Built target jsk_footstep_msgs_generate_messages_nodejs
[16.554s] [  0%] Built target actionlib_msgs_generate_messages_cpp
[16.703s] [  0%] Built target tf_generate_messages_py
[16.847s] [  0%] Built target std_msgs_generate_messages_eus
[16.989s] [  0%] Built target actionlib_msgs_generate_messages_lisp
[17.131s] [  0%] Built target actionlib_msgs_generate_messages_nodejs
[17.280s] [  0%] Built target actionlib_msgs_generate_messages_py
[17.458s] [  0%] Built target pcl_ros_gencfg
[17.641s] [  0%] Built target dynamic_reconfigure_generate_messages_cpp
[17.790s] [  0%] Built target geometry_msgs_generate_messages_nodejs
[17.933s] [  0%] Built target dynamic_reconfigure_generate_messages_eus
[18.081s] [  0%] Built target dynamic_reconfigure_gencfg
[18.234s] [  0%] Built target tf2_msgs_generate_messages_cpp
[18.426s] [  0%] Built target dynamic_reconfigure_generate_messages_lisp
[18.646s] [  0%] Built target roscpp_generate_messages_eus
[18.796s] [  0%] Built target jsk_footstep_msgs_generate_messages_cpp
[18.941s] [  0%] Built target roscpp_generate_messages_nodejs
[19.091s] [  0%] Built target jsk_recognition_msgs_generate_messages_nodejs
[19.235s] [  0%] Built target roscpp_generate_messages_py
[19.390s] [  0%] Built target actionlib_generate_messages_eus
[19.557s] [  0%] Built target topic_tools_generate_messages_lisp
[19.712s] [  0%] Built target topic_tools_generate_messages_nodejs
[19.857s] [  0%] Built target tf_generate_messages_cpp
[19.998s] [  0%] Built target tf_generate_messages_lisp
[20.138s] [  0%] Built target tf_generate_messages_nodejs
[20.298s] [  0%] Built target actionlib_generate_messages_cpp
[20.492s] [  0%] Built target actionlib_generate_messages_nodejs
[20.640s] [  0%] Built target actionlib_generate_messages_py
[20.782s] [  0%] Built target tf2_msgs_generate_messages_lisp
[20.929s] [  0%] Built target tf2_msgs_generate_messages_nodejs
[21.124s] [100%] Built target lidar_fake_perception_node
[22.754s] Built target tests
[24.292s] [  0%] Built target rosgraph_msgs_generate_messages_cpp
[24.501s] [  0%] Built target std_srvs_generate_messages_lisp
[24.659s] [  0%] Built target std_srvs_generate_messages_eus
[24.803s] [  0%] Built target bond_generate_messages_py
[24.945s] [  0%] Built target bond_generate_messages_nodejs
[25.097s] [  0%] Built target bond_generate_messages_lisp
[25.252s] [  0%] Built target bond_generate_messages_eus
[25.448s] [  0%] Built target std_srvs_generate_messages_nodejs
[25.627s] [  0%] Built target nodelet_generate_messages_py
[25.797s] [  0%] Built target nodelet_generate_messages_nodejs
[25.953s] [  0%] Built target nodelet_generate_messages_eus
[26.097s] [  0%] Built target nodelet_generate_messages_cpp
[26.238s] [  0%] Built target rosgraph_msgs_generate_messages_py
[26.399s] [  0%] Built target rosgraph_msgs_generate_messages_nodejs
[26.596s] [  0%] Built target std_srvs_generate_messages_py
[26.736s] [  0%] Built target rosgraph_msgs_generate_messages_eus
[26.882s] [  0%] Built target jsk_recognition_msgs_generate_messages_lisp
[27.028s] [  0%] Built target jsk_recognition_msgs_generate_messages_eus
[27.174s] [  0%] Built target std_msgs_generate_messages_py
[27.340s] [  0%] Built target jsk_recognition_msgs_generate_messages_cpp
[27.531s] [  0%] Built target geometry_msgs_generate_messages_lisp
[27.677s] [  0%] Built target autoware_msgs_generate_messages_eus
[27.823s] [  0%] Built target nodelet_generate_messages_lisp
[27.967s] [  0%] Built target std_msgs_generate_messages_nodejs
[28.112s] [  0%] Built target geometry_msgs_generate_messages_eus
[28.258s] [  0%] Built target std_msgs_generate_messages_cpp
[28.456s] [  0%] Built target jsk_footstep_msgs_generate_messages_py
[28.630s] [  0%] Built target geometry_msgs_generate_messages_py
[28.782s] [  0%] Built target tf2_msgs_generate_messages_eus
[28.922s] [  0%] Built target sensor_msgs_generate_messages_py
[29.065s] [  0%] Built target topic_tools_generate_messages_eus
[29.211s] [  0%] Built target jsk_footstep_msgs_generate_messages_lisp
[29.386s] [  0%] Built target autoware_msgs_generate_messages_nodejs
[29.621s] [  0%] Built target tf_generate_messages_eus
[29.768s] [  0%] Built target rosgraph_msgs_generate_messages_lisp
[29.920s] [  0%] Built target autoware_msgs_generate_messages_py
[30.073s] [  0%] Built target std_srvs_generate_messages_cpp
[30.219s] [  0%] Built target dynamic_reconfigure_generate_messages_py
[30.369s] [  0%] Built target actionlib_msgs_generate_messages_eus
[30.577s] [  0%] Built target nodelet_topic_tools_gencfg
[30.739s] [  0%] Built target sensor_msgs_generate_messages_lisp
[30.888s] [  0%] Built target sensor_msgs_generate_messages_eus
[31.035s] [  0%] Built target topic_tools_generate_messages_py
[31.181s] [  0%] Built target roscpp_generate_messages_cpp
[31.333s] [  0%] Built target topic_tools_generate_messages_cpp
[31.554s] [  0%] Built target autoware_msgs_generate_messages_lisp
[31.728s] [  0%] Built target sensor_msgs_generate_messages_cpp
[31.892s] [  0%] Built target pcl_msgs_generate_messages_cpp
[32.067s] [  0%] Built target tf2_msgs_generate_messages_py
[32.220s] [  0%] Built target bond_generate_messages_cpp
[32.365s] [  0%] Built target dynamic_reconfigure_generate_messages_nodejs
[32.601s] [  0%] Built target jsk_recognition_msgs_generate_messages_py
[32.746s] [  0%] Built target std_msgs_generate_messages_lisp
[32.889s] [  0%] Built target autoware_msgs_generate_messages_cpp
[33.033s] [  0%] Built target jsk_footstep_msgs_generate_messages_eus
[33.174s] [  0%] Built target actionlib_generate_messages_lisp
[33.321s] [  0%] Built target _catkin_empty_exported_target
[33.527s] [  0%] Built target roscpp_generate_messages_lisp
[33.670s] [  0%] Built target geometry_msgs_generate_messages_cpp
[33.813s] [  0%] Built target pcl_msgs_generate_messages_eus
[33.955s] [  0%] Built target pcl_msgs_generate_messages_nodejs
[34.103s] [  0%] Built target pcl_msgs_generate_messages_lisp
[34.257s] [  0%] Built target pcl_msgs_generate_messages_py
[34.472s] [  0%] Built target sensor_msgs_generate_messages_nodejs
[34.642s] [  0%] Built target jsk_footstep_msgs_generate_messages_nodejs
[34.788s] [  0%] Built target actionlib_msgs_generate_messages_cpp
[34.933s] [  0%] Built target tf_generate_messages_py
[35.111s] [  0%] Built target std_msgs_generate_messages_eus
[35.267s] [  0%] Built target actionlib_msgs_generate_messages_lisp
[35.440s] [  0%] Built target actionlib_msgs_generate_messages_nodejs
[35.619s] [  0%] Built target actionlib_msgs_generate_messages_py
[35.765s] [  0%] Built target pcl_ros_gencfg
[35.913s] [  0%] Built target dynamic_reconfigure_generate_messages_cpp
[36.057s] [  0%] Built target geometry_msgs_generate_messages_nodejs
[36.202s] [  0%] Built target dynamic_reconfigure_generate_messages_eus
[36.371s] [  0%] Built target dynamic_reconfigure_gencfg
[36.549s] [  0%] Built target tf2_msgs_generate_messages_cpp
[36.698s] [  0%] Built target dynamic_reconfigure_generate_messages_lisp
[36.859s] [  0%] Built target roscpp_generate_messages_eus
[37.014s] [  0%] Built target jsk_footstep_msgs_generate_messages_cpp
[37.166s] [  0%] Built target roscpp_generate_messages_nodejs
[37.318s] [  0%] Built target jsk_recognition_msgs_generate_messages_nodejs
[37.522s] [  0%] Built target roscpp_generate_messages_py
[37.690s] [  0%] Built target actionlib_generate_messages_eus
[37.841s] [  0%] Built target topic_tools_generate_messages_lisp
[37.988s] [  0%] Built target topic_tools_generate_messages_nodejs
[38.130s] [  0%] Built target tf_generate_messages_cpp
[38.295s] [  0%] Built target tf_generate_messages_lisp
[38.522s] [  0%] Built target tf_generate_messages_nodejs
[38.703s] [  0%] Built target actionlib_generate_messages_cpp
[38.864s] [  0%] Built target actionlib_generate_messages_nodejs
[39.016s] [  0%] Built target actionlib_generate_messages_py
[39.161s] [  0%] Built target tf2_msgs_generate_messages_lisp
[39.310s] [  0%] Built target tf2_msgs_generate_messages_nodejs
[39.531s] [100%] Built target lidar_fake_perception_node
[39.680s] [36mInstall the project...[0m
[39.737s] -- Install configuration: "Release"
[39.737s] -- Installing: /home/capstone/autoware.ai/install/lidar_fake_perception/lib/pkgconfig/lidar_fake_perception.pc
[39.738s] -- Installing: /home/capstone/autoware.ai/install/lidar_fake_perception/share/lidar_fake_perception/cmake/lidar_fake_perceptionConfig.cmake
[39.739s] -- Up-to-date: /home/capstone/autoware.ai/install/lidar_fake_perception/share/lidar_fake_perception/cmake/lidar_fake_perceptionConfig-version.cmake
[39.739s] -- Up-to-date: /home/capstone/autoware.ai/install/lidar_fake_perception/share/lidar_fake_perception/package.xml
[39.742s] -- Up-to-date: /home/capstone/autoware.ai/install/lidar_fake_perception/lib/lidar_fake_perception/lidar_fake_perception_node
[39.742s] -- Up-to-date: /home/capstone/autoware.ai/install/lidar_fake_perception/share/lidar_fake_perception/launch
[39.743s] -- Up-to-date: /home/capstone/autoware.ai/install/lidar_fake_perception/share/lidar_fake_perception/launch/lidar_fake_perception.launch
