[0.889s] -- The C compiler identification is GNU 7.5.0
[1.124s] -- The CXX compiler identification is GNU 7.5.0
[1.146s] -- Check for working C compiler: /usr/bin/cc
[1.699s] -- Check for working C compiler: /usr/bin/cc -- works
[1.700s] -- Detecting C compiler ABI info
[2.157s] -- Detecting C compiler ABI info - done
[2.177s] -- Detecting C compile features
[3.437s] -- Detecting C compile features - done
[3.450s] -- Check for working CXX compiler: /usr/bin/c++
[3.893s] -- Check for working CXX compiler: /usr/bin/c++ -- works
[3.894s] -- Detecting CXX compiler ABI info
[4.305s] -- Detecting CXX compiler ABI info - done
[4.324s] -- Detecting CXX compile features
[6.219s] -- Detecting CXX compile features - done
[6.231s] -- CUDA compilation status: 1.
[6.283s] -- Using CATKIN_DEVEL_PREFIX: /home/capstone/autoware.ai/build/object_map/devel
[6.284s] -- Using CMAKE_PREFIX_PATH: /home/capstone/autoware.ai/install/lanelet2_extension;/home/capstone/autoware.ai/install/lanelet2_validation;/home/capstone/autoware.ai/install/lanelet2_routing;/home/capstone/autoware.ai/install/lanelet2_projection;/home/capstone/autoware.ai/install/lanelet2_traffic_rules;/home/capstone/autoware.ai/install/lanelet2_maps;/home/capstone/autoware.ai/install/lanelet2_io;/home/capstone/autoware.ai/install/vector_map;/home/capstone/autoware.ai/install/lanelet2_core;/home/capstone/autoware.ai/install/amathutils_lib;/home/capstone/autoware.ai/install/vector_map_msgs;/home/capstone/autoware.ai/install/autoware_msgs;/home/capstone/autoware.ai/install/autoware_lanelet2_msgs;/home/capstone/autoware.ai/install/autoware_build_flags;/home/capstone/autoware.ai/install/wf_simulator;/home/capstone/autoware.ai/install/vision_ssd_detect;/home/capstone/autoware.ai/install/vision_segment_enet_detect;/home/capstone/autoware.ai/install/vision_lane_detect;/home/capstone/autoware.ai/install/vision_darknet_detect;/home/capstone/autoware.ai/install/vision_beyond_track;/home/capstone/autoware.ai/install/vel_pose_diff_checker;/home/capstone/autoware.ai/install/vehicle_socket;/home/capstone/autoware.ai/install/vehicle_sim_model;/home/capstone/autoware.ai/install/vehicle_model;/home/capstone/autoware.ai/install/vehicle_gazebo_simulation_launcher;/home/capstone/autoware.ai/install/vehicle_gazebo_simulation_interface;/home/capstone/autoware.ai/install/vehicle_engage_panel;/home/capstone/autoware.ai/install/vehicle_description;/home/capstone/autoware.ai/install/op_ros_helpers;/home/capstone/autoware.ai/install/op_simu;/home/capstone/autoware.ai/install/op_planner;/home/capstone/autoware.ai/install/op_utility;/home/capstone/autoware.ai/install/vector_map_server;/home/capstone/autoware.ai/install/object_map;/home/capstone/autoware.ai/install/lanelet_aisan_converter;/home/capstone/autoware.ai/install/map_file;/home/capstone/autoware.ai/install/libvectormap;/home/capstone/autoware.ai/install/twist_generator;/home/capstone/autoware.ai/install/twist2odom;/home/capstone/autoware.ai/install/runtime_manager;/home/capstone/autoware.ai/install/tablet_socket_msgs;/home/capstone/autoware.ai/install/sound_player;/home/capstone/autoware.ai/install/points2image;/home/capstone/autoware.ai/install/rosinterface;/home/capstone/autoware.ai/install/rosbag_controller;/home/capstone/autoware.ai/install/points_preprocessor;/home/capstone/autoware.ai/install/lidar_localizer;/home/capstone/autoware.ai/install/emergency_handler;/home/capstone/autoware.ai/install/autoware_health_checker;/home/capstone/autoware.ai/install/ros_observer;/home/capstone/autoware.ai/install/range_vision_fusion;/home/capstone/autoware.ai/install/pos_db;/home/capstone/autoware.ai/install/points_downsampler;/home/capstone/autoware.ai/install/pixel_cloud_fusion;/home/capstone/autoware.ai/install/pcl_omp_registration;/home/capstone/autoware.ai/install/pc2_downsampler;/home/capstone/autoware.ai/install/obj_db;/home/capstone/autoware.ai/install/nmea_navsat;/home/capstone/autoware.ai/install/ndt_tku;/home/capstone/autoware.ai/install/ndt_gpu;/home/capstone/autoware.ai/install/ndt_cpu;/home/capstone/autoware.ai/install/multi_lidar_calibrator;/home/capstone/autoware.ai/install/mrt_cmake_modules;/home/capstone/autoware.ai/install/marker_downsampler;/home/capstone/autoware.ai/install/map_tools;/home/capstone/autoware.ai/install/map_tf_generator;/home/capstone/autoware.ai/install/log_tools;/home/capstone/autoware.ai/install/libwaypoint_follower;/home/capstone/autoware.ai/install/lgsvl_simulator_bridge;/home/capstone/autoware.ai/install/lanelet2_examples;/home/capstone/autoware.ai/install/lanelet2_python;/home/capstone/autoware.ai/install/integrated_viewer;/home/capstone/autoware.ai/install/image_processor;/home/capstone/autoware.ai/install/graph_tools;/home/capstone/autoware.ai/install/gnss_localizer;/home/capstone/autoware.ai/install/gnss;/home/capstone/autoware.ai/install/glviewer;/home/capstone/autoware.ai/install/gazebo_world_description;/home/capstone/autoware.ai/install/gazebo_imu_description;/home/capstone/autoware.ai/install/gazebo_camera_description;/home/capstone/autoware.ai/install/fastvirtualscan;/home/capstone/autoware.ai/install/ekf_localizer;/home/capstone/autoware.ai/install/detected_objects_visualizer;/home/capstone/autoware.ai/install/decision_maker_panel;/home/capstone/autoware.ai/install/data_preprocessor;/home/capstone/autoware.ai/install/carla_autoware_bridge;/home/capstone/autoware.ai/install/calibration_publisher;/home/capstone/autoware.ai/install/autoware_system_msgs;/home/capstone/autoware.ai/install/autoware_rviz_plugins;/home/capstone/autoware.ai/install/autoware_quickstart_examples;/home/capstone/autoware.ai/install/autoware_pointgrey_drivers;/home/capstone/autoware.ai/install/autoware_driveworks_interface;/home/capstone/autoware.ai/install/autoware_connector;/home/capstone/autoware.ai/install/autoware_camera_lidar_calibrator;/home/capstone/autoware.ai/install/autoware_map_msgs;/home/capstone/autoware.ai/install/autoware_launcher_rviz;/home/capstone/autoware.ai/install/autoware_launcher;/home/capstone/autoware.ai/install/autoware_external_msgs;/home/capstone/autoware.ai/install/autoware_driveworks_gmsl_interface;/home/capstone/autoware.ai/install/autoware_config_msgs;/home/capstone/autoware.ai/install/autoware_can_msgs;/home/capstone/autoware.ai/install/autoware_bag_tools;/opt/carla-ros-bridge/melodic;/opt/ros/melodic
[6.296s] -- This workspace overlays: /home/capstone/autoware.ai/install/lanelet2_extension;/home/capstone/autoware.ai/install/lanelet2_validation;/home/capstone/autoware.ai/install/lanelet2_routing;/home/capstone/autoware.ai/install/lanelet2_projection;/home/capstone/autoware.ai/install/lanelet2_traffic_rules;/home/capstone/autoware.ai/install/lanelet2_maps;/home/capstone/autoware.ai/install/lanelet2_io;/home/capstone/autoware.ai/install/vector_map;/home/capstone/autoware.ai/install/lanelet2_core;/home/capstone/autoware.ai/install/amathutils_lib;/home/capstone/autoware.ai/install/vector_map_msgs;/home/capstone/autoware.ai/install/autoware_msgs;/home/capstone/autoware.ai/install/autoware_lanelet2_msgs;/home/capstone/autoware.ai/install/autoware_build_flags;/home/capstone/autoware.ai/install/wf_simulator;/home/capstone/autoware.ai/install/vision_ssd_detect;/home/capstone/autoware.ai/install/vision_segment_enet_detect;/home/capstone/autoware.ai/install/vision_lane_detect;/home/capstone/autoware.ai/install/vision_darknet_detect;/home/capstone/autoware.ai/install/vision_beyond_track;/home/capstone/autoware.ai/install/vel_pose_diff_checker;/home/capstone/autoware.ai/install/vehicle_socket;/home/capstone/autoware.ai/install/vehicle_sim_model;/home/capstone/autoware.ai/install/vehicle_model;/home/capstone/autoware.ai/install/vehicle_gazebo_simulation_launcher;/home/capstone/autoware.ai/install/vehicle_gazebo_simulation_interface;/home/capstone/autoware.ai/install/vehicle_engage_panel;/home/capstone/autoware.ai/install/vehicle_description;/home/capstone/autoware.ai/install/op_simu;/home/capstone/autoware.ai/install/op_planner;/home/capstone/autoware.ai/install/op_utility;/home/capstone/autoware.ai/install/vector_map_server;/home/capstone/autoware.ai/install/libvectormap;/home/capstone/autoware.ai/install/twist_generator;/home/capstone/autoware.ai/install/twist2odom;/home/capstone/autoware.ai/install/runtime_manager;/home/capstone/autoware.ai/install/tablet_socket_msgs;/home/capstone/autoware.ai/install/sound_player;/home/capstone/autoware.ai/install/points2image;/home/capstone/autoware.ai/install/rosinterface;/home/capstone/autoware.ai/install/rosbag_controller;/home/capstone/autoware.ai/install/points_preprocessor;/home/capstone/autoware.ai/install/emergency_handler;/home/capstone/autoware.ai/install/autoware_health_checker;/home/capstone/autoware.ai/install/ros_observer;/home/capstone/autoware.ai/install/range_vision_fusion;/home/capstone/autoware.ai/install/pos_db;/home/capstone/autoware.ai/install/points_downsampler;/home/capstone/autoware.ai/install/pixel_cloud_fusion;/home/capstone/autoware.ai/install/pcl_omp_registration;/home/capstone/autoware.ai/install/pc2_downsampler;/home/capstone/autoware.ai/install/obj_db;/home/capstone/autoware.ai/install/nmea_navsat;/home/capstone/autoware.ai/install/ndt_tku;/home/capstone/autoware.ai/install/ndt_gpu;/home/capstone/autoware.ai/install/ndt_cpu;/home/capstone/autoware.ai/install/multi_lidar_calibrator;/home/capstone/autoware.ai/install/mrt_cmake_modules;/home/capstone/autoware.ai/install/marker_downsampler;/home/capstone/autoware.ai/install/map_tools;/home/capstone/autoware.ai/install/map_tf_generator;/home/capstone/autoware.ai/install/log_tools;/home/capstone/autoware.ai/install/libwaypoint_follower;/home/capstone/autoware.ai/install/lgsvl_simulator_bridge;/home/capstone/autoware.ai/install/lanelet2_python;/home/capstone/autoware.ai/install/integrated_viewer;/home/capstone/autoware.ai/install/image_processor;/home/capstone/autoware.ai/install/graph_tools;/home/capstone/autoware.ai/install/gnss_localizer;/home/capstone/autoware.ai/install/gnss;/home/capstone/autoware.ai/install/glviewer;/home/capstone/autoware.ai/install/gazebo_world_description;/home/capstone/autoware.ai/install/gazebo_imu_description;/home/capstone/autoware.ai/install/gazebo_camera_description;/home/capstone/autoware.ai/install/fastvirtualscan;/home/capstone/autoware.ai/install/ekf_localizer;/home/capstone/autoware.ai/install/detected_objects_visualizer;/home/capstone/autoware.ai/install/decision_maker_panel;/home/capstone/autoware.ai/install/data_preprocessor;/home/capstone/autoware.ai/install/carla_autoware_bridge;/home/capstone/autoware.ai/install/calibration_publisher;/home/capstone/autoware.ai/install/autoware_system_msgs;/home/capstone/autoware.ai/install/autoware_rviz_plugins;/home/capstone/autoware.ai/install/autoware_quickstart_examples;/home/capstone/autoware.ai/install/autoware_pointgrey_drivers;/home/capstone/autoware.ai/install/autoware_driveworks_interface;/home/capstone/autoware.ai/install/autoware_connector;/home/capstone/autoware.ai/install/autoware_camera_lidar_calibrator;/home/capstone/autoware.ai/install/autoware_map_msgs;/home/capstone/autoware.ai/install/autoware_launcher_rviz;/home/capstone/autoware.ai/install/autoware_launcher;/home/capstone/autoware.ai/install/autoware_external_msgs;/home/capstone/autoware.ai/install/autoware_driveworks_gmsl_interface;/home/capstone/autoware.ai/install/autoware_config_msgs;/home/capstone/autoware.ai/install/autoware_can_msgs;/home/capstone/autoware.ai/install/autoware_bag_tools;/opt/carla-ros-bridge/melodic;/opt/ros/melodic
[6.395s] -- Found PythonInterp: /usr/bin/python2 (found suitable version "2.7.17", minimum required is "2") 
[6.395s] -- Using PYTHON_EXECUTABLE: /usr/bin/python2
[6.395s] -- Using Debian Python package layout
[6.398s] -- Using empy: /usr/bin/empy
[6.759s] -- Using CATKIN_ENABLE_TESTING: ON
[6.759s] -- Call enable_testing()
[6.771s] -- Using CATKIN_TEST_RESULTS_DIR: /home/capstone/autoware.ai/build/object_map/test_results
[6.873s] -- Found gtest sources under '/usr/src/googletest': gtests will be built
[6.873s] -- Found gmock sources under '/usr/src/googletest': gmock will be built
[6.955s] -- Found PythonInterp: /usr/bin/python2 (found version "2.7.17") 
[6.959s] -- Looking for pthread.h
[7.396s] -- Looking for pthread.h - found
[7.397s] -- Looking for pthread_create
[7.833s] -- Looking for pthread_create - not found
[7.834s] -- Looking for pthread_create in pthreads
[8.262s] -- Looking for pthread_create in pthreads - not found
[8.263s] -- Looking for pthread_create in pthread
[8.708s] -- Looking for pthread_create in pthread - found
[8.710s] -- Found Threads: TRUE  
[8.721s] -- Using Python nosetests: /usr/bin/nosetests-2.7
[8.925s] -- catkin 0.7.23
[8.925s] -- BUILD_SHARED_LIBS is on
[10.730s] -- Using these message generators: gencpp;geneus;genlisp;gennodejs;genpy
[16.020s] -- Found OpenCV: /usr (found version "3.2.0") 
[16.122s] -- Checking for module 'eigen3'
[16.367s] --   Found eigen3, version 3.3.7
[16.887s] -- Found eigen: /usr/local/include/eigen3  
[17.767s] -- Boost version: 1.65.1
[17.767s] -- Found the following Boost libraries:
[17.767s] --   system
[17.768s] --   filesystem
[17.768s] --   thread
[17.768s] --   date_time
[17.768s] --   iostreams
[17.769s] --   serialization
[17.769s] --   chrono
[17.769s] --   atomic
[17.769s] --   regex
[17.776s] -- Checking for module 'libopenni'
[18.010s] --   Found libopenni, version 1.5.4.0
[18.660s] -- Found openni: /usr/lib/libOpenNI.so  
[18.663s] -- Checking for module 'libopenni2'
[18.938s] --   Found libopenni2, version 2.2.0.3
[19.668s] -- Found OpenNI2: /usr/lib/libOpenNI2.so  
[19.703s] -- Could NOT find ensenso (missing: ENSENSO_LIBRARY ENSENSO_INCLUDE_DIR) 
[19.704s] ** WARNING ** io features related to ensenso will be disabled
[19.719s] -- Could NOT find DAVIDSDK (missing: DAVIDSDK_LIBRARY DAVIDSDK_INCLUDE_DIR) 
[19.719s] ** WARNING ** io features related to davidSDK will be disabled
[19.724s] -- Could NOT find DSSDK (missing: _DSSDK_LIBRARIES) 
[19.724s] ** WARNING ** io features related to dssdk will be disabled
[19.724s] ** WARNING ** io features related to pcap will be disabled
[19.725s] ** WARNING ** io features related to png will be disabled
[19.847s] -- The imported target "vtkRenderingPythonTkWidgets" references the file
[19.847s]    "/usr/lib/x86_64-linux-gnu/libvtkRenderingPythonTkWidgets.so"
[19.847s] but this file does not exist.  Possible reasons include:
[19.847s] * The file was deleted, renamed, or moved to another location.
[19.847s] * An install or uninstall procedure did not complete successfully.
[19.847s] * The installation package was faulty and contained
[19.848s]    "/usr/lib/cmake/vtk-6.3/VTKTargets.cmake"
[19.848s] but not all the files it references.
[19.848s] 
[19.848s] -- The imported target "vtk" references the file
[19.848s]    "/usr/bin/vtk"
[19.848s] but this file does not exist.  Possible reasons include:
[19.849s] * The file was deleted, renamed, or moved to another location.
[19.849s] * An install or uninstall procedure did not complete successfully.
[19.849s] * The installation package was faulty and contained
[19.849s]    "/usr/lib/cmake/vtk-6.3/VTKTargets.cmake"
[19.849s] but not all the files it references.
[19.849s] 
[20.087s] -- Found libusb-1.0: /usr/include  
[20.087s] ** WARNING ** io features related to libusb-1.0 will be disabled
[20.088s] -- Checking for module 'flann'
[20.218s] --   Found flann, version 1.9.1
[20.574s] -- Found Flann: /usr/lib/x86_64-linux-gnu/libflann_cpp_s.a  
[20.660s] -- Could NOT find ensenso (missing: ENSENSO_LIBRARY ENSENSO_INCLUDE_DIR) 
[20.660s] ** WARNING ** visualization features related to ensenso will be disabled
[20.674s] -- Could NOT find DAVIDSDK (missing: DAVIDSDK_LIBRARY DAVIDSDK_INCLUDE_DIR) 
[20.675s] ** WARNING ** visualization features related to davidSDK will be disabled
[20.679s] -- Could NOT find DSSDK (missing: _DSSDK_LIBRARIES) 
[20.680s] ** WARNING ** visualization features related to dssdk will be disabled
[20.685s] -- Could NOT find RSSDK (missing: _RSSDK_LIBRARIES) 
[20.685s] ** WARNING ** visualization features related to rssdk will be disabled
[20.811s] -- Found qhull: /usr/lib/x86_64-linux-gnu/libqhull.so  
[20.882s] -- looking for PCL_COMMON
[20.885s] -- Found PCL_COMMON: /usr/lib/x86_64-linux-gnu/libpcl_common.so  
[20.886s] -- looking for PCL_OCTREE
[20.888s] -- Found PCL_OCTREE: /usr/lib/x86_64-linux-gnu/libpcl_octree.so  
[20.889s] -- looking for PCL_IO
[20.892s] -- Found PCL_IO: /usr/lib/x86_64-linux-gnu/libpcl_io.so  
[20.893s] -- looking for PCL_KDTREE
[20.895s] -- Found PCL_KDTREE: /usr/lib/x86_64-linux-gnu/libpcl_kdtree.so  
[20.896s] -- looking for PCL_SEARCH
[20.899s] -- Found PCL_SEARCH: /usr/lib/x86_64-linux-gnu/libpcl_search.so  
[20.900s] -- looking for PCL_SAMPLE_CONSENSUS
[20.903s] -- Found PCL_SAMPLE_CONSENSUS: /usr/lib/x86_64-linux-gnu/libpcl_sample_consensus.so  
[20.903s] -- looking for PCL_FILTERS
[20.906s] -- Found PCL_FILTERS: /usr/lib/x86_64-linux-gnu/libpcl_filters.so  
[20.907s] -- looking for PCL_2D
[20.909s] -- Found PCL_2D: /usr/include/pcl-1.8  
[20.910s] -- looking for PCL_GEOMETRY
[20.911s] -- Found PCL_GEOMETRY: /usr/include/pcl-1.8  
[20.911s] -- looking for PCL_FEATURES
[20.915s] -- Found PCL_FEATURES: /usr/lib/x86_64-linux-gnu/libpcl_features.so  
[20.916s] -- looking for PCL_ML
[20.919s] -- Found PCL_ML: /usr/lib/x86_64-linux-gnu/libpcl_ml.so  
[20.920s] -- looking for PCL_SEGMENTATION
[20.923s] -- Found PCL_SEGMENTATION: /usr/lib/x86_64-linux-gnu/libpcl_segmentation.so  
[20.924s] -- looking for PCL_VISUALIZATION
[20.927s] -- Found PCL_VISUALIZATION: /usr/lib/x86_64-linux-gnu/libpcl_visualization.so  
[20.928s] -- looking for PCL_SURFACE
[20.931s] -- Found PCL_SURFACE: /usr/lib/x86_64-linux-gnu/libpcl_surface.so  
[20.932s] -- looking for PCL_REGISTRATION
[20.940s] -- Found PCL_REGISTRATION: /usr/lib/x86_64-linux-gnu/libpcl_registration.so  
[20.941s] -- looking for PCL_KEYPOINTS
[20.941s] -- Found PCL_KEYPOINTS: /usr/lib/x86_64-linux-gnu/libpcl_keypoints.so  
[20.941s] -- looking for PCL_TRACKING
[20.945s] -- Found PCL_TRACKING: /usr/lib/x86_64-linux-gnu/libpcl_tracking.so  
[20.945s] -- looking for PCL_RECOGNITION
[20.948s] -- Found PCL_RECOGNITION: /usr/lib/x86_64-linux-gnu/libpcl_recognition.so  
[20.950s] -- looking for PCL_STEREO
[20.953s] -- Found PCL_STEREO: /usr/lib/x86_64-linux-gnu/libpcl_stereo.so  
[20.954s] -- looking for PCL_APPS
[20.956s] -- Found PCL_APPS: /usr/lib/x86_64-linux-gnu/libpcl_apps.so  
[20.961s] -- looking for PCL_IN_HAND_SCANNER
[20.963s] -- Found PCL_IN_HAND_SCANNER: /usr/include/pcl-1.8  
[20.963s] -- looking for PCL_MODELER
[20.964s] -- Found PCL_MODELER: /usr/include/pcl-1.8  
[20.965s] -- looking for PCL_POINT_CLOUD_EDITOR
[20.966s] -- Found PCL_POINT_CLOUD_EDITOR: /usr/include/pcl-1.8  
[20.967s] -- looking for PCL_OUTOFCORE
[20.970s] -- Found PCL_OUTOFCORE: /usr/lib/x86_64-linux-gnu/libpcl_outofcore.so  
[20.971s] -- looking for PCL_PEOPLE
[20.976s] -- Found PCL_PEOPLE: /usr/lib/x86_64-linux-gnu/libpcl_people.so  
[21.027s] -- Found PCL: /usr/lib/x86_64-linux-gnu/libboost_system.so;/usr/lib/x86_64-linux-gnu/libboost_filesystem.so;/usr/lib/x86_64-linux-gnu/libboost_thread.so;/usr/lib/x86_64-linux-gnu/libboost_date_time.so;/usr/lib/x86_64-linux-gnu/libboost_iostreams.so;/usr/lib/x86_64-linux-gnu/libboost_serialization.so;/usr/lib/x86_64-linux-gnu/libboost_chrono.so;/usr/lib/x86_64-linux-gnu/libboost_atomic.so;/usr/lib/x86_64-linux-gnu/libboost_regex.so;/usr/lib/x86_64-linux-gnu/libpthread.so;optimized;/usr/lib/x86_64-linux-gnu/libpcl_common.so;debug;/usr/lib/x86_64-linux-gnu/libpcl_common.so;optimized;/usr/lib/x86_64-linux-gnu/libpcl_octree.so;debug;/usr/lib/x86_64-linux-gnu/libpcl_octree.so;/usr/lib/libOpenNI.so;/usr/lib/libOpenNI2.so;vtkChartsCore;vtkCommonColor;vtkCommonDataModel;vtkCommonMath;vtkCommonCore;vtksys;vtkCommonMisc;vtkCommonSystem;vtkCommonTransforms;vtkInfovisCore;vtkFiltersExtraction;vtkCommonExecutionModel;vtkFiltersCore;vtkFiltersGeneral;vtkCommonComputationalGeometry;vtkFiltersStatistics;vtkImagingFourier;vtkImagingCore;vtkalglib;vtkRenderingContext2D;vtkRenderingCore;vtkFiltersGeometry;vtkFiltersSources;vtkRenderingFreeType;/usr/lib/x86_64-linux-gnu/libfreetype.so;/usr/lib/x86_64-linux-gnu/libz.so;vtkftgl;vtkDICOMParser;vtkDomainsChemistry;vtkIOXML;vtkIOGeometry;vtkIOCore;vtkIOXMLParser;/usr/lib/x86_64-linux-gnu/libexpat.so;vtkFiltersAMR;vtkParallelCore;vtkIOLegacy;vtkFiltersFlowPaths;vtkFiltersGeneric;vtkFiltersHybrid;vtkImagingSources;vtkFiltersHyperTree;vtkFiltersImaging;vtkImagingGeneral;vtkFiltersModeling;vtkFiltersParallel;vtkFiltersParallelFlowPaths;vtkParallelMPI;vtkFiltersParallelGeometry;vtkFiltersParallelImaging;vtkFiltersParallelMPI;vtkFiltersParallelStatistics;vtkFiltersProgrammable;vtkFiltersPython;/usr/lib/x86_64-linux-gnu/libpython2.7.so;vtkWrappingPythonCore;vtkWrappingTools;vtkFiltersReebGraph;vtkFiltersSMP;vtkFiltersSelection;vtkFiltersTexture;vtkFiltersVerdict;verdict;vtkGUISupportQt;vtkInteractionStyle;vtkRenderingOpenGL;vtkImagingHybrid;vtkIOImage;vtkmetaio;/usr/lib/x86_64-linux-gnu/libjpeg.so;/usr/lib/x86_64-linux-gnu/libpng.so;/usr/lib/x86_64-linux-gnu/libtiff.so;vtkGUISupportQtOpenGL;vtkGUISupportQtSQL;vtkIOSQL;sqlite3;vtkGUISupportQtWebkit;vtkViewsQt;vtkViewsInfovis;vtkInfovisLayout;vtkInfovisBoostGraphAlgorithms;vtkRenderingLabel;vtkViewsCore;vtkInteractionWidgets;vtkRenderingAnnotation;vtkImagingColor;vtkRenderingVolume;vtkGeovisCore;/usr/lib/x86_64-linux-gnu/libproj.so;vtkIOAMR;/usr/lib/x86_64-linux-gnu/hdf5/openmpi/libhdf5.so;/usr/lib/x86_64-linux-gnu/libsz.so;/usr/lib/x86_64-linux-gnu/libdl.so;/usr/lib/x86_64-linux-gnu/libm.so;/usr/lib/x86_64-linux-gnu/openmpi/lib/libmpi.so;vtkIOEnSight;vtkIOExodus;vtkexoIIc;/usr/lib/x86_64-linux-gnu/libnetcdf_c++.so;/usr/lib/x86_64-linux-gnu/libnetcdf.so;vtkIOExport;vtkRenderingGL2PS;vtkRenderingContextOpenGL;/usr/lib/x86_64-linux-gnu/libgl2ps.so;vtkIOFFMPEG;vtkIOMovie;/usr/lib/x86_64-linux-gnu/libtheoraenc.so;/usr/lib/x86_64-linux-gnu/libtheoradec.so;/usr/lib/x86_64-linux-gnu/libogg.so;vtkIOGDAL;vtkIOGeoJSON;vtkIOImport;vtkIOInfovis;/usr/lib/x86_64-linux-gnu/libxml2.so;vtkIOLSDyna;vtkIOMINC;vtkIOMPIImage;vtkIOMPIParallel;vtkIOParallel;vtkIONetCDF;/usr/lib/x86_64-linux-gnu/libjsoncpp.so;vtkIOMySQL;vtkIOODBC;vtkIOPLY;vtkIOParallelExodus;vtkIOParallelLSDyna;vtkIOParallelNetCDF;vtkIOParallelXML;vtkIOPostgreSQL;vtkIOVPIC;VPIC;vtkIOVideo;vtkIOXdmf2;vtkxdmf2;vtkImagingMath;vtkImagingMorphological;vtkImagingStatistics;vtkImagingStencil;vtkInteractionImage;vtkLocalExample;vtkParallelMPI4Py;vtkPythonInterpreter;vtkRenderingExternal;vtkRenderingFreeTypeFontConfig;vtkRenderingImage;vtkRenderingLIC;vtkRenderingLOD;vtkRenderingMatplotlib;vtkRenderingParallel;vtkRenderingParallelLIC;vtkRenderingQt;vtkRenderingVolumeAMR;vtkRenderingVolumeOpenGL;vtkTestingGenericBridge;vtkTestingIOSQL;vtkTestingRendering;vtkViewsContext2D;vtkViewsGeovis;vtkWrappingJava;optimized;/usr/lib/x86_64-linux-gnu/libpcl_io.so;debug;/usr/lib/x86_64-linux-gnu/libpcl_io.so;optimized;/usr/lib/x86_64-linux-gnu/libflann_cpp_s.a;debug;/usr/lib/x86_64-linux-gnu/libflann_cpp_s.a;optimized;/usr/lib/x86_64-linux-gnu/libpcl_kdtree.so;debug;/usr/lib/x86_64-linux-gnu/libpcl_kdtree.so;optimized;/usr/lib/x86_64-linux-gnu/libpcl_search.so;debug;/usr/lib/x86_64-linux-gnu/libpcl_search.so;optimized;/usr/lib/x86_64-linux-gnu/libpcl_sample_consensus.so;debug;/usr/lib/x86_64-linux-gnu/libpcl_sample_consensus.so;optimized;/usr/lib/x86_64-linux-gnu/libpcl_filters.so;debug;/usr/lib/x86_64-linux-gnu/libpcl_filters.so;optimized;/usr/lib/x86_64-linux-gnu/libpcl_features.so;debug;/usr/lib/x86_64-linux-gnu/libpcl_features.so;optimized;/usr/lib/x86_64-linux-gnu/libpcl_ml.so;debug;/usr/lib/x86_64-linux-gnu/libpcl_ml.so;optimized;/usr/lib/x86_64-linux-gnu/libpcl_segmentation.so;debug;/usr/lib/x86_64-linux-gnu/libpcl_segmentation.so;optimized;/usr/lib/x86_64-linux-gnu/libpcl_visualization.so;debug;/usr/lib/x86_64-linux-gnu/libpcl_visualization.so;optimized;/usr/lib/x86_64-linux-gnu/libqhull.so;debug;/usr/lib/x86_64-linux-gnu/libqhull.so;optimized;/usr/lib/x86_64-linux-gnu/libpcl_surface.so;debug;/usr/lib/x86_64-linux-gnu/libpcl_surface.so;optimized;/usr/lib/x86_64-linux-gnu/libpcl_registration.so;debug;/usr/lib/x86_64-linux-gnu/libpcl_registration.so;optimized;/usr/lib/x86_64-linux-gnu/libpcl_keypoints.so;debug;/usr/lib/x86_64-linux-gnu/libpcl_keypoints.so;optimized;/usr/lib/x86_64-linux-gnu/libpcl_tracking.so;debug;/usr/lib/x86_64-linux-gnu/libpcl_tracking.so;optimized;/usr/lib/x86_64-linux-gnu/libpcl_recognition.so;debug;/usr/lib/x86_64-linux-gnu/libpcl_recognition.so;optimized;/usr/lib/x86_64-linux-gnu/libpcl_stereo.so;debug;/usr/lib/x86_64-linux-gnu/libpcl_stereo.so;optimized;/usr/lib/x86_64-linux-gnu/libpcl_apps.so;debug;/usr/lib/x86_64-linux-gnu/libpcl_apps.so;optimized;/usr/lib/x86_64-linux-gnu/libpcl_outofcore.so;debug;/usr/lib/x86_64-linux-gnu/libpcl_outofcore.so;optimized;/usr/lib/x86_64-linux-gnu/libpcl_people.so;debug;/usr/lib/x86_64-linux-gnu/libpcl_people.so;/usr/lib/x86_64-linux-gnu/libboost_system.so;/usr/lib/x86_64-linux-gnu/libboost_filesystem.so;/usr/lib/x86_64-linux-gnu/libboost_thread.so;/usr/lib/x86_64-linux-gnu/libboost_date_time.so;/usr/lib/x86_64-linux-gnu/libboost_iostreams.so;/usr/lib/x86_64-linux-gnu/libboost_serialization.so;/usr/lib/x86_64-linux-gnu/libboost_chrono.so;/usr/lib/x86_64-linux-gnu/libboost_atomic.so;/usr/lib/x86_64-linux-gnu/libboost_regex.so;/usr/lib/x86_64-linux-gnu/libpthread.so;optimized;/usr/lib/x86_64-linux-gnu/libqhull.so;debug;/usr/lib/x86_64-linux-gnu/libqhull.so;/usr/lib/libOpenNI.so;/usr/lib/libOpenNI2.so;optimized;/usr/lib/x86_64-linux-gnu/libflann_cpp_s.a;debug;/usr/lib/x86_64-linux-gnu/libflann_cpp_s.a;vtkChartsCore;vtkCommonColor;vtkCommonDataModel;vtkCommonMath;vtkCommonCore;vtksys;vtkCommonMisc;vtkCommonSystem;vtkCommonTransforms;vtkInfovisCore;vtkFiltersExtraction;vtkCommonExecutionModel;vtkFiltersCore;vtkFiltersGeneral;vtkCommonComputationalGeometry;vtkFiltersStatistics;vtkImagingFourier;vtkImagingCore;vtkalglib;vtkRenderingContext2D;vtkRenderingCore;vtkFiltersGeometry;vtkFiltersSources;vtkRenderingFreeType;/usr/lib/x86_64-linux-gnu/libfreetype.so;/usr/lib/x86_64-linux-gnu/libz.so;vtkftgl;vtkDICOMParser;vtkDomainsChemistry;vtkIOXML;vtkIOGeometry;vtkIOCore;vtkIOXMLParser;/usr/lib/x86_64-linux-gnu/libexpat.so;vtkFiltersAMR;vtkParallelCore;vtkIOLegacy;vtkFiltersFlowPaths;vtkFiltersGeneric;vtkFiltersHybrid;vtkImagingSources;vtkFiltersHyperTree;vtkFiltersImaging;vtkImagingGeneral;vtkFiltersModeling;vtkFiltersParallel;vtkFiltersParallelFlowPaths;vtkParallelMPI;vtkFiltersParallelGeometry;vtkFiltersParallelImaging;vtkFiltersParallelMPI;vtkFiltersParallelStatistics;vtkFiltersProgrammable;vtkFiltersPython;/usr/lib/x86_64-linux-gnu/libpython2.7.so;vtkWrappingPythonCore;vtkWrappingTools;vtkFiltersReebGraph;vtkFiltersSMP;vtkFiltersSelection;vtkFiltersTexture;vtkFiltersVerdict;verdict;vtkGUISupportQt;vtkInteractionStyle;vtkRenderingOpenGL;vtkImagingHybrid;vtkIOImage;vtkmetaio;/usr/lib/x86_64-linux-gnu/libjpeg.so;/usr/lib/x86_64-linux-gnu/libpng.so;/usr/lib/x86_64-linux-gnu/libtiff.so;vtkGUISupportQtOpenGL;vtkGUISupportQtSQL;vtkIOSQL;sqlite3;vtkGUISupportQtWebkit;vtkViewsQt;vtkViewsInfovis;vtkInfovisLayout;vtkInfovisBoostGraphAlgorithms;vtkRenderingLabel;vtkViewsCore;vtkInteractionWidgets;vtkRenderingAnnotation;vtkImagingColor;vtkRenderingVolume;vtkGeovisCore;/usr/lib/x86_64-linux-gnu/libproj.so;vtkIOAMR;/usr/lib/x86_64-linux-gnu/hdf5/openmpi/libhdf5.so;/usr/lib/x86_64-linux-gnu/libsz.so;/usr/lib/x86_64-linux-gnu/libdl.so;/usr/lib/x86_64-linux-gnu/libm.so;/usr/lib/x86_64-linux-gnu/openmpi/lib/libmpi.so;vtkIOEnSight;vtkIOExodus;vtkexoIIc;/usr/lib/x86_64-linux-gnu/libnetcdf_c++.so;/usr/lib/x86_64-linux-gnu/libnetcdf.so;vtkIOExport;vtkRenderingGL2PS;vtkRenderingContextOpenGL;/usr/lib/x86_64-linux-gnu/libgl2ps.so;vtkIOFFMPEG;vtkIOMovie;/usr/lib/x86_64-linux-gnu/libtheoraenc.so;/usr/lib/x86_64-linux-gnu/libtheoradec.so;/usr/lib/x86_64-linux-gnu/libogg.so;vtkIOGDAL;vtkIOGeoJSON;vtkIOImport;vtkIOInfovis;/usr/lib/x86_64-linux-gnu/libxml2.so;vtkIOLSDyna;vtkIOMINC;vtkIOMPIImage;vtkIOMPIParallel;vtkIOParallel;vtkIONetCDF;/usr/lib/x86_64-linux-gnu/libjsoncpp.so;vtkIOMySQL;vtkIOODBC;vtkIOPLY;vtkIOParallelExodus;vtkIOParallelLSDyna;vtkIOParallelNetCDF;vtkIOParallelXML;vtkIOPostgreSQL;vtkIOVPIC;VPIC;vtkIOVideo;vtkIOXdmf2;vtkxdmf2;vtkImagingMath;vtkImagingMorphological;vtkImagingStatistics;vtkImagingStencil;vtkInteractionImage;vtkLocalExample;vtkParallelMPI4Py;vtkPythonInterpreter;vtkRenderingExternal;vtkRenderingFreeTypeFontConfig;vtkRenderingImage;vtkRenderingLIC;vtkRenderingLOD;vtkRenderingMatplotlib;vtkRenderingParallel;vtkRenderingParallelLIC;vtkRenderingQt;vtkRenderingVolumeAMR;vtkRenderingVolumeOpenGL;vtkTestingGenericBridge;vtkTestingIOSQL;vtkTestingRendering;vtkViewsContext2D;vtkViewsGeovis;vtkWrappingJava  
[22.259s] -- Found OpenMP_C: -fopenmp (found version "4.5") 
[22.674s] -- Found OpenMP_CXX: -fopenmp (found version "4.5") 
[22.676s] -- Found OpenMP: TRUE (found version "4.5")  
[23.310s] -- Configuring done
[24.576s] -- Generating done
[24.634s] -- Build files have been written to: /home/capstone/autoware.ai/build/object_map
[24.990s] [35m[1mScanning dependencies of target object_map_utils_lib[0m
[25.222s] [  5%] [32mBuilding CXX object CMakeFiles/object_map_utils_lib.dir/include/object_map/object_map_utils.cpp.o[0m
[40.924s] [ 11%] [32m[1mLinking CXX shared library devel/lib/libobject_map_utils_lib.so[0m
[41.824s] [ 11%] Built target object_map_utils_lib
[41.914s] [35m[1mScanning dependencies of target roscpp_generate_messages_eus[0m
[42.006s] [ 11%] Built target roscpp_generate_messages_eus
[42.088s] [35m[1mScanning dependencies of target rosgraph_msgs_generate_messages_nodejs[0m
[42.159s] [ 11%] Built target rosgraph_msgs_generate_messages_nodejs
[42.252s] [35m[1mScanning dependencies of target actionlib_msgs_generate_messages_nodejs[0m
[42.338s] [ 11%] Built target actionlib_msgs_generate_messages_nodejs
[42.428s] [35m[1mScanning dependencies of target actionlib_msgs_generate_messages_lisp[0m
[42.513s] [ 11%] Built target actionlib_msgs_generate_messages_lisp
[42.602s] [35m[1mScanning dependencies of target tf_generate_messages_py[0m
[42.681s] [ 11%] Built target tf_generate_messages_py
[42.755s] [35m[1mScanning dependencies of target actionlib_msgs_generate_messages_cpp[0m
[42.844s] [ 11%] Built target actionlib_msgs_generate_messages_cpp
[42.933s] [35m[1mScanning dependencies of target grid_map_msgs_generate_messages_eus[0m
[43.021s] [ 11%] Built target grid_map_msgs_generate_messages_eus
[43.109s] [35m[1mScanning dependencies of target grid_map_msgs_generate_messages_cpp[0m
[43.183s] [ 11%] Built target grid_map_msgs_generate_messages_cpp
[43.261s] [35m[1mScanning dependencies of target pcl_msgs_generate_messages_py[0m
[43.338s] [ 11%] Built target pcl_msgs_generate_messages_py
[43.422s] [35m[1mScanning dependencies of target pcl_msgs_generate_messages_lisp[0m
[43.518s] [ 11%] Built target pcl_msgs_generate_messages_lisp
[43.607s] [35m[1mScanning dependencies of target pcl_msgs_generate_messages_nodejs[0m
[43.690s] [ 11%] Built target pcl_msgs_generate_messages_nodejs
[43.764s] [35m[1mScanning dependencies of target vector_map_msgs_generate_messages_lisp[0m
[43.858s] [ 11%] Built target vector_map_msgs_generate_messages_lisp
[43.951s] [35m[1mScanning dependencies of target pcl_msgs_generate_messages_eus[0m
[44.035s] [ 11%] Built target pcl_msgs_generate_messages_eus
[44.115s] [35m[1mScanning dependencies of target geometry_msgs_generate_messages_cpp[0m
[44.189s] [ 11%] Built target geometry_msgs_generate_messages_cpp
[44.278s] [35m[1mScanning dependencies of target geometry_msgs_generate_messages_nodejs[0m
[44.376s] [ 11%] Built target geometry_msgs_generate_messages_nodejs
[44.469s] [35m[1mScanning dependencies of target dynamic_reconfigure_generate_messages_eus[0m
[44.553s] [ 11%] Built target dynamic_reconfigure_generate_messages_eus
[44.632s] [35m[1mScanning dependencies of target _catkin_empty_exported_target[0m
[44.715s] [ 11%] Built target _catkin_empty_exported_target
[44.809s] [35m[1mScanning dependencies of target actionlib_generate_messages_lisp[0m
[44.896s] [ 11%] Built target actionlib_generate_messages_lisp
[44.985s] [35m[1mScanning dependencies of target jsk_footstep_msgs_generate_messages_eus[0m
[45.076s] [ 11%] Built target jsk_footstep_msgs_generate_messages_eus
[45.175s] [35m[1mScanning dependencies of target autoware_msgs_generate_messages_cpp[0m
[45.267s] [ 11%] Built target autoware_msgs_generate_messages_cpp
[45.356s] [35m[1mScanning dependencies of target jsk_recognition_msgs_generate_messages_nodejs[0m
[45.446s] [ 11%] Built target jsk_recognition_msgs_generate_messages_nodejs
[45.538s] [35m[1mScanning dependencies of target std_msgs_generate_messages_lisp[0m
[45.627s] [ 11%] Built target std_msgs_generate_messages_lisp
[45.697s] [35m[1mScanning dependencies of target sensor_msgs_generate_messages_cpp[0m
[45.770s] [ 11%] Built target sensor_msgs_generate_messages_cpp
[45.841s] [35m[1mScanning dependencies of target nav_msgs_generate_messages_nodejs[0m
[45.918s] [ 11%] Built target nav_msgs_generate_messages_nodejs
[45.992s] [35m[1mScanning dependencies of target roscpp_generate_messages_cpp[0m
[46.083s] [ 11%] Built target roscpp_generate_messages_cpp
[46.169s] [35m[1mScanning dependencies of target sensor_msgs_generate_messages_eus[0m
[46.255s] [ 11%] Built target sensor_msgs_generate_messages_eus
[46.347s] [35m[1mScanning dependencies of target nodelet_topic_tools_gencfg[0m
[46.428s] [ 11%] Built target nodelet_topic_tools_gencfg
[46.506s] [35m[1mScanning dependencies of target autoware_lanelet2_msgs_generate_messages_nodejs[0m
[46.601s] [ 11%] Built target autoware_lanelet2_msgs_generate_messages_nodejs
[46.695s] [35m[1mScanning dependencies of target rosgraph_msgs_generate_messages_lisp[0m
[46.793s] [ 11%] Built target rosgraph_msgs_generate_messages_lisp
[46.866s] [35m[1mScanning dependencies of target autoware_msgs_generate_messages_py[0m
[46.938s] [ 11%] Built target autoware_msgs_generate_messages_py
[47.031s] [35m[1mScanning dependencies of target visualization_msgs_generate_messages_cpp[0m
[47.113s] [ 11%] Built target visualization_msgs_generate_messages_cpp
[47.184s] [35m[1mScanning dependencies of target tf_generate_messages_eus[0m
[47.278s] [ 11%] Built target tf_generate_messages_eus
[47.369s] [35m[1mScanning dependencies of target actionlib_msgs_generate_messages_eus[0m
[47.466s] [ 11%] Built target actionlib_msgs_generate_messages_eus
[47.540s] [35m[1mScanning dependencies of target dynamic_reconfigure_generate_messages_py[0m
[47.633s] [ 11%] Built target dynamic_reconfigure_generate_messages_py
[47.703s] [35m[1mScanning dependencies of target std_srvs_generate_messages_cpp[0m
[47.773s] [ 11%] Built target std_srvs_generate_messages_cpp
[47.842s] [35m[1mScanning dependencies of target autoware_msgs_generate_messages_nodejs[0m
[47.931s] [ 11%] Built target autoware_msgs_generate_messages_nodejs
[48.024s] [35m[1mScanning dependencies of target jsk_footstep_msgs_generate_messages_lisp[0m
[48.111s] [ 11%] Built target jsk_footstep_msgs_generate_messages_lisp
[48.192s] [35m[1mScanning dependencies of target topic_tools_generate_messages_eus[0m
[48.273s] [ 11%] Built target topic_tools_generate_messages_eus
[48.347s] [35m[1mScanning dependencies of target sensor_msgs_generate_messages_py[0m
[48.421s] [ 11%] Built target sensor_msgs_generate_messages_py
[48.506s] [35m[1mScanning dependencies of target tf2_msgs_generate_messages_eus[0m
[48.597s] [ 11%] Built target tf2_msgs_generate_messages_eus
[48.667s] [35m[1mScanning dependencies of target geometry_msgs_generate_messages_py[0m
[48.752s] [ 11%] Built target geometry_msgs_generate_messages_py
[48.826s] [35m[1mScanning dependencies of target jsk_footstep_msgs_generate_messages_py[0m
[48.895s] [ 11%] Built target jsk_footstep_msgs_generate_messages_py
[48.981s] [35m[1mScanning dependencies of target geometry_msgs_generate_messages_eus[0m
[49.050s] [ 11%] Built target geometry_msgs_generate_messages_eus
[49.136s] [35m[1mScanning dependencies of target std_msgs_generate_messages_nodejs[0m
[49.222s] [ 11%] Built target std_msgs_generate_messages_nodejs
[49.294s] [35m[1mScanning dependencies of target autoware_lanelet2_msgs_generate_messages_eus[0m
[49.362s] [ 11%] Built target autoware_lanelet2_msgs_generate_messages_eus
[49.447s] [35m[1mScanning dependencies of target nodelet_generate_messages_lisp[0m
[49.535s] [ 11%] Built target nodelet_generate_messages_lisp
[49.622s] [35m[1mScanning dependencies of target autoware_msgs_generate_messages_eus[0m
[49.706s] [ 11%] Built target autoware_msgs_generate_messages_eus
[49.776s] [35m[1mScanning dependencies of target geometry_msgs_generate_messages_lisp[0m
[49.862s] [ 11%] Built target geometry_msgs_generate_messages_lisp
[49.938s] [35m[1mScanning dependencies of target jsk_recognition_msgs_generate_messages_cpp[0m
[50.029s] [ 11%] Built target jsk_recognition_msgs_generate_messages_cpp
[50.097s] [35m[1mScanning dependencies of target jsk_recognition_msgs_generate_messages_eus[0m
[50.180s] [ 11%] Built target jsk_recognition_msgs_generate_messages_eus
[50.268s] [35m[1mScanning dependencies of target grid_map_msgs_generate_messages_nodejs[0m
[50.345s] [ 11%] Built target grid_map_msgs_generate_messages_nodejs
[50.431s] [35m[1mScanning dependencies of target jsk_footstep_msgs_generate_messages_cpp[0m
[50.519s] [ 11%] Built target jsk_footstep_msgs_generate_messages_cpp
[50.588s] [35m[1mScanning dependencies of target actionlib_msgs_generate_messages_py[0m
[50.662s] [ 11%] Built target actionlib_msgs_generate_messages_py
[50.755s] [35m[1mScanning dependencies of target jsk_recognition_msgs_generate_messages_lisp[0m
[50.832s] [ 11%] Built target jsk_recognition_msgs_generate_messages_lisp
[50.931s] [35m[1mScanning dependencies of target grid_map_msgs_generate_messages_py[0m
[51.007s] [ 11%] Built target grid_map_msgs_generate_messages_py
[51.094s] [35m[1mScanning dependencies of target nav_msgs_generate_messages_cpp[0m
[51.183s] [ 11%] Built target nav_msgs_generate_messages_cpp
[51.268s] [35m[1mScanning dependencies of target visualization_msgs_generate_messages_eus[0m
[51.362s] [ 11%] Built target visualization_msgs_generate_messages_eus
[51.438s] [35m[1mScanning dependencies of target nav_msgs_generate_messages_eus[0m
[51.511s] [ 11%] Built target nav_msgs_generate_messages_eus
[51.587s] [35m[1mScanning dependencies of target std_msgs_generate_messages_cpp[0m
[51.657s] [ 11%] Built target std_msgs_generate_messages_cpp
[51.729s] [35m[1mScanning dependencies of target vector_map_msgs_generate_messages_eus[0m
[51.821s] [ 11%] Built target vector_map_msgs_generate_messages_eus
[51.914s] [35m[1mScanning dependencies of target nav_msgs_generate_messages_py[0m
[52.005s] [ 11%] Built target nav_msgs_generate_messages_py
[52.089s] [35m[1mScanning dependencies of target tf_generate_messages_lisp[0m
[52.173s] [ 11%] Built target tf_generate_messages_lisp
[52.244s] [35m[1mScanning dependencies of target std_srvs_generate_messages_eus[0m
[52.317s] [ 11%] Built target std_srvs_generate_messages_eus
[52.392s] [35m[1mScanning dependencies of target std_msgs_generate_messages_eus[0m
[52.465s] [ 11%] Built target std_msgs_generate_messages_eus
[52.536s] [35m[1mScanning dependencies of target roscpp_generate_messages_lisp[0m
[52.614s] [ 11%] Built target roscpp_generate_messages_lisp
[52.703s] [35m[1mScanning dependencies of target std_srvs_generate_messages_lisp[0m
[52.790s] [ 11%] Built target std_srvs_generate_messages_lisp
[52.876s] [35m[1mScanning dependencies of target std_srvs_generate_messages_nodejs[0m
[52.949s] [ 11%] Built target std_srvs_generate_messages_nodejs
[53.016s] [35m[1mScanning dependencies of target nodelet_generate_messages_py[0m
[53.090s] [ 11%] Built target nodelet_generate_messages_py
[53.165s] [35m[1mScanning dependencies of target autoware_lanelet2_msgs_generate_messages_lisp[0m
[53.257s] [ 11%] Built target autoware_lanelet2_msgs_generate_messages_lisp
[53.345s] [35m[1mScanning dependencies of target topic_tools_generate_messages_lisp[0m
[53.421s] [ 11%] Built target topic_tools_generate_messages_lisp
[53.513s] [35m[1mScanning dependencies of target topic_tools_generate_messages_nodejs[0m
[53.608s] [ 11%] Built target topic_tools_generate_messages_nodejs
[53.707s] [35m[1mScanning dependencies of target tf_generate_messages_cpp[0m
[53.781s] [ 11%] Built target tf_generate_messages_cpp
[53.868s] [35m[1mScanning dependencies of target topic_tools_generate_messages_py[0m
[53.937s] [ 11%] Built target topic_tools_generate_messages_py
[54.026s] [35m[1mScanning dependencies of target tf_generate_messages_nodejs[0m
[54.118s] [ 11%] Built target tf_generate_messages_nodejs
[54.209s] [35m[1mScanning dependencies of target actionlib_generate_messages_cpp[0m
[54.299s] [ 11%] Built target actionlib_generate_messages_cpp
[54.368s] [35m[1mScanning dependencies of target std_srvs_generate_messages_py[0m
[54.440s] [ 11%] Built target std_srvs_generate_messages_py
[54.510s] [35m[1mScanning dependencies of target actionlib_generate_messages_nodejs[0m
[54.584s] [ 11%] Built target actionlib_generate_messages_nodejs
[54.675s] [35m[1mScanning dependencies of target nav_msgs_generate_messages_lisp[0m
[54.774s] [ 11%] Built target nav_msgs_generate_messages_lisp
[54.866s] [35m[1mScanning dependencies of target tf2_msgs_generate_messages_cpp[0m
[54.957s] [ 11%] Built target tf2_msgs_generate_messages_cpp
[55.026s] [35m[1mScanning dependencies of target dynamic_reconfigure_generate_messages_lisp[0m
[55.099s] [ 11%] Built target dynamic_reconfigure_generate_messages_lisp
[55.171s] [35m[1mScanning dependencies of target tf2_msgs_generate_messages_lisp[0m
[55.239s] [ 11%] Built target tf2_msgs_generate_messages_lisp
[55.305s] [35m[1mScanning dependencies of target nodelet_generate_messages_cpp[0m
[55.374s] [ 11%] Built target nodelet_generate_messages_cpp
[55.442s] [35m[1mScanning dependencies of target sensor_msgs_generate_messages_lisp[0m
[55.538s] [ 11%] Built target sensor_msgs_generate_messages_lisp
[55.620s] [35m[1mScanning dependencies of target tf2_msgs_generate_messages_nodejs[0m
[55.716s] [ 11%] Built target tf2_msgs_generate_messages_nodejs
[55.804s] [35m[1mScanning dependencies of target tf2_msgs_generate_messages_py[0m
[55.903s] [ 11%] Built target tf2_msgs_generate_messages_py
[55.995s] [35m[1mScanning dependencies of target dynamic_reconfigure_generate_messages_nodejs[0m
[56.088s] [ 11%] Built target dynamic_reconfigure_generate_messages_nodejs
[56.159s] [35m[1mScanning dependencies of target bond_generate_messages_cpp[0m
[56.249s] [ 11%] Built target bond_generate_messages_cpp
[56.333s] [35m[1mScanning dependencies of target visualization_msgs_generate_messages_lisp[0m
[56.407s] [ 11%] Built target visualization_msgs_generate_messages_lisp
[56.476s] [35m[1mScanning dependencies of target rosgraph_msgs_generate_messages_py[0m
[56.568s] [ 11%] Built target rosgraph_msgs_generate_messages_py
[56.655s] [35m[1mScanning dependencies of target visualization_msgs_generate_messages_nodejs[0m
[56.726s] [ 11%] Built target visualization_msgs_generate_messages_nodejs
[56.791s] [35m[1mScanning dependencies of target autoware_lanelet2_msgs_generate_messages_cpp[0m
[56.856s] [ 11%] Built target autoware_lanelet2_msgs_generate_messages_cpp
[56.923s] [35m[1mScanning dependencies of target jsk_recognition_msgs_generate_messages_py[0m
[57.011s] [ 11%] Built target jsk_recognition_msgs_generate_messages_py
[57.080s] [35m[1mScanning dependencies of target pcl_msgs_generate_messages_cpp[0m
[57.152s] [ 11%] Built target pcl_msgs_generate_messages_cpp
[57.231s] [35m[1mScanning dependencies of target dynamic_reconfigure_gencfg[0m
[57.302s] [ 11%] Built target dynamic_reconfigure_gencfg
[57.369s] [35m[1mScanning dependencies of target autoware_lanelet2_msgs_generate_messages_py[0m
[57.460s] [ 11%] Built target autoware_lanelet2_msgs_generate_messages_py
[57.550s] [35m[1mScanning dependencies of target pcl_ros_gencfg[0m
[57.623s] [ 11%] Built target pcl_ros_gencfg
[57.714s] [35m[1mScanning dependencies of target dynamic_reconfigure_generate_messages_cpp[0m
[57.803s] [ 11%] Built target dynamic_reconfigure_generate_messages_cpp
[57.895s] [35m[1mScanning dependencies of target nodelet_generate_messages_eus[0m
[57.981s] [ 11%] Built target nodelet_generate_messages_eus
[58.062s] [35m[1mScanning dependencies of target nodelet_generate_messages_nodejs[0m
[58.130s] [ 11%] Built target nodelet_generate_messages_nodejs
[58.198s] [35m[1mScanning dependencies of target jsk_footstep_msgs_generate_messages_nodejs[0m
[58.291s] [ 11%] Built target jsk_footstep_msgs_generate_messages_nodejs
[58.375s] [35m[1mScanning dependencies of target bond_generate_messages_eus[0m
[58.462s] [ 11%] Built target bond_generate_messages_eus
[58.550s] [35m[1mScanning dependencies of target bond_generate_messages_lisp[0m
[58.623s] [ 11%] Built target bond_generate_messages_lisp
[58.706s] [35m[1mScanning dependencies of target bond_generate_messages_nodejs[0m
[58.790s] [ 11%] Built target bond_generate_messages_nodejs
[58.878s] [35m[1mScanning dependencies of target bond_generate_messages_py[0m
[58.948s] [ 11%] Built target bond_generate_messages_py
[59.022s] [35m[1mScanning dependencies of target vector_map_msgs_generate_messages_cpp[0m
[59.094s] [ 11%] Built target vector_map_msgs_generate_messages_cpp
[59.184s] [35m[1mScanning dependencies of target roscpp_generate_messages_py[0m
[59.258s] [ 11%] Built target roscpp_generate_messages_py
[59.330s] [35m[1mScanning dependencies of target sensor_msgs_generate_messages_nodejs[0m
[59.418s] [ 11%] Built target sensor_msgs_generate_messages_nodejs
[59.510s] [35m[1mScanning dependencies of target vector_map_msgs_generate_messages_nodejs[0m
[59.595s] [ 11%] Built target vector_map_msgs_generate_messages_nodejs
[59.669s] [35m[1mScanning dependencies of target vector_map_msgs_generate_messages_py[0m
[59.747s] [ 11%] Built target vector_map_msgs_generate_messages_py
[59.846s] [35m[1mScanning dependencies of target wayarea2grid_lanelet2_lib[0m
[60.110s] [ 16%] [32mBuilding CXX object CMakeFiles/wayarea2grid_lanelet2_lib.dir/nodes/wayarea2grid_lanelet2/wayarea2grid_lanelet2.cpp.o[0m
[78.935s] [ 22%] [32m[1mLinking CXX shared library devel/lib/libwayarea2grid_lanelet2_lib.so[0m
[81.865s] [ 22%] Built target wayarea2grid_lanelet2_lib
[82.045s] [35m[1mScanning dependencies of target laserscan2costmap[0m
[82.310s] [ 27%] [32mBuilding CXX object CMakeFiles/laserscan2costmap.dir/nodes/laserscan2costmap/laserscan2costmap.cpp.o[0m
[85.198s] [35m[1mScanning dependencies of target wayarea2grid_lib[0m
[85.465s] [ 33%] [32mBuilding CXX object CMakeFiles/wayarea2grid_lib.dir/nodes/wayarea2grid/wayarea2grid.cpp.o[0m
[86.450s] [35m[1mScanning dependencies of target roscpp_generate_messages_nodejs[0m
[86.556s] [ 33%] Built target roscpp_generate_messages_nodejs
[86.660s] [35m[1mScanning dependencies of target actionlib_generate_messages_eus[0m
[86.763s] [ 33%] Built target actionlib_generate_messages_eus
[86.873s] [35m[1mScanning dependencies of target grid_map_filter_lib[0m
[87.169s] [ 38%] [32mBuilding CXX object CMakeFiles/grid_map_filter_lib.dir/nodes/grid_map_filter/grid_map_filter.cpp.o[0m
[96.538s] [ 44%] [32m[1mLinking CXX executable devel/lib/object_map/laserscan2costmap[0m
[98.083s] [ 44%] Built target laserscan2costmap
[101.792s] [ 50%] [32m[1mLinking CXX shared library devel/lib/libwayarea2grid_lib.so[0m
[103.748s] [ 50%] Built target wayarea2grid_lib
[105.626s] [ 55%] [32m[1mLinking CXX shared library devel/lib/libgrid_map_filter_lib.so[0m
[107.550s] [ 55%] Built target grid_map_filter_lib
[107.656s] [35m[1mScanning dependencies of target wayarea2grid[0m
[107.936s] [ 61%] [32mBuilding CXX object CMakeFiles/wayarea2grid.dir/nodes/wayarea2grid/wayarea2grid_node.cpp.o[0m
[120.865s] [ 66%] [32m[1mLinking CXX executable devel/lib/object_map/wayarea2grid[0m
[123.039s] [ 66%] Built target wayarea2grid
[123.135s] [35m[1mScanning dependencies of target grid_map_filter[0m
[123.325s] [ 72%] [32mBuilding CXX object CMakeFiles/grid_map_filter.dir/nodes/grid_map_filter/grid_map_filter_node.cpp.o[0m
[136.029s] [ 77%] [32m[1mLinking CXX executable devel/lib/object_map/grid_map_filter[0m
[138.193s] [ 77%] Built target grid_map_filter
[138.295s] [35m[1mScanning dependencies of target wayarea2grid_lanelet2[0m
[138.559s] [ 83%] [32mBuilding CXX object CMakeFiles/wayarea2grid_lanelet2.dir/nodes/wayarea2grid_lanelet2/wayarea2grid_lanelet2_node.cpp.o[0m
[155.638s] [ 88%] [32m[1mLinking CXX executable devel/lib/object_map/wayarea2grid_lanelet2[0m
[158.134s] [ 88%] Built target wayarea2grid_lanelet2
[158.233s] [35m[1mScanning dependencies of target rosgraph_msgs_generate_messages_cpp[0m
[158.353s] [ 88%] Built target rosgraph_msgs_generate_messages_cpp
[158.459s] [35m[1mScanning dependencies of target rosgraph_msgs_generate_messages_eus[0m
[158.554s] [ 88%] Built target rosgraph_msgs_generate_messages_eus
[158.666s] [35m[1mScanning dependencies of target visualization_msgs_generate_messages_py[0m
[158.767s] [ 88%] Built target visualization_msgs_generate_messages_py
[158.863s] [35m[1mScanning dependencies of target topic_tools_generate_messages_cpp[0m
[158.961s] [ 88%] Built target topic_tools_generate_messages_cpp
[159.065s] [35m[1mScanning dependencies of target autoware_msgs_generate_messages_lisp[0m
[159.175s] [ 88%] Built target autoware_msgs_generate_messages_lisp
[159.269s] [35m[1mScanning dependencies of target std_msgs_generate_messages_py[0m
[159.352s] [ 88%] Built target std_msgs_generate_messages_py
[159.457s] [35m[1mScanning dependencies of target grid_map_msgs_generate_messages_lisp[0m
[159.554s] [ 88%] Built target grid_map_msgs_generate_messages_lisp
[159.673s] [35m[1mScanning dependencies of target actionlib_generate_messages_py[0m
[159.792s] [ 88%] Built target actionlib_generate_messages_py
[159.899s] [35m[1mScanning dependencies of target potential_field[0m
[160.167s] [ 94%] [32mBuilding CXX object CMakeFiles/potential_field.dir/nodes/potential_field/potential_field.cpp.o[0m
[182.136s] [100%] [32m[1mLinking CXX executable devel/lib/object_map/potential_field[0m
[184.014s] [100%] Built target potential_field
[186.751s] [35m[1mScanning dependencies of target tests[0m
[186.846s] Built target tests
[190.105s] [ 11%] Built target object_map_utils_lib
[190.329s] [ 11%] Built target roscpp_generate_messages_eus
[190.539s] [ 11%] Built target rosgraph_msgs_generate_messages_nodejs
[190.798s] [ 11%] Built target actionlib_msgs_generate_messages_nodejs
[191.032s] [ 11%] Built target actionlib_msgs_generate_messages_lisp
[191.243s] [ 11%] Built target tf_generate_messages_py
[191.449s] [ 11%] Built target actionlib_msgs_generate_messages_cpp
[191.646s] [ 11%] Built target grid_map_msgs_generate_messages_eus
[191.847s] [ 11%] Built target grid_map_msgs_generate_messages_cpp
[192.063s] [ 11%] Built target pcl_msgs_generate_messages_py
[192.288s] [ 11%] Built target pcl_msgs_generate_messages_lisp
[192.495s] [ 11%] Built target pcl_msgs_generate_messages_nodejs
[192.718s] [ 11%] Built target vector_map_msgs_generate_messages_lisp
[192.943s] [ 11%] Built target pcl_msgs_generate_messages_eus
[193.160s] [ 11%] Built target geometry_msgs_generate_messages_cpp
[193.358s] [ 11%] Built target geometry_msgs_generate_messages_nodejs
[193.582s] [ 11%] Built target dynamic_reconfigure_generate_messages_eus
[193.778s] [ 11%] Built target _catkin_empty_exported_target
[193.976s] [ 11%] Built target actionlib_generate_messages_lisp
[194.176s] [ 11%] Built target jsk_footstep_msgs_generate_messages_eus
[194.395s] [ 11%] Built target autoware_msgs_generate_messages_cpp
[194.584s] [ 11%] Built target jsk_recognition_msgs_generate_messages_nodejs
[194.786s] [ 11%] Built target std_msgs_generate_messages_lisp
[195.012s] [ 11%] Built target sensor_msgs_generate_messages_cpp
[195.255s] [ 11%] Built target nav_msgs_generate_messages_nodejs
[195.494s] [ 11%] Built target roscpp_generate_messages_cpp
[195.682s] [ 11%] Built target sensor_msgs_generate_messages_eus
[195.908s] [ 11%] Built target nodelet_topic_tools_gencfg
[196.103s] [ 11%] Built target autoware_lanelet2_msgs_generate_messages_nodejs
[196.305s] [ 11%] Built target rosgraph_msgs_generate_messages_lisp
[196.528s] [ 11%] Built target autoware_msgs_generate_messages_py
[196.736s] [ 11%] Built target visualization_msgs_generate_messages_cpp
[196.954s] [ 11%] Built target tf_generate_messages_eus
[197.155s] [ 11%] Built target actionlib_msgs_generate_messages_eus
[197.363s] [ 11%] Built target dynamic_reconfigure_generate_messages_py
[197.567s] [ 11%] Built target std_srvs_generate_messages_cpp
[197.783s] [ 11%] Built target autoware_msgs_generate_messages_nodejs
[197.994s] [ 11%] Built target jsk_footstep_msgs_generate_messages_lisp
[198.209s] [ 11%] Built target topic_tools_generate_messages_eus
[198.402s] [ 11%] Built target sensor_msgs_generate_messages_py
[198.613s] [ 11%] Built target tf2_msgs_generate_messages_eus
[198.830s] [ 11%] Built target geometry_msgs_generate_messages_py
[199.021s] [ 11%] Built target jsk_footstep_msgs_generate_messages_py
[199.205s] [ 11%] Built target geometry_msgs_generate_messages_eus
[199.427s] [ 11%] Built target std_msgs_generate_messages_nodejs
[199.675s] [ 11%] Built target autoware_lanelet2_msgs_generate_messages_eus
[199.923s] [ 11%] Built target nodelet_generate_messages_lisp
[200.123s] [ 11%] Built target autoware_msgs_generate_messages_eus
[200.326s] [ 11%] Built target geometry_msgs_generate_messages_lisp
[200.521s] [ 11%] Built target jsk_recognition_msgs_generate_messages_cpp
[200.711s] [ 11%] Built target jsk_recognition_msgs_generate_messages_eus
[200.929s] [ 11%] Built target grid_map_msgs_generate_messages_nodejs
[201.148s] [ 11%] Built target jsk_footstep_msgs_generate_messages_cpp
[201.361s] [ 11%] Built target actionlib_msgs_generate_messages_py
[201.573s] [ 11%] Built target jsk_recognition_msgs_generate_messages_lisp
[201.790s] [ 11%] Built target grid_map_msgs_generate_messages_py
[201.990s] [ 11%] Built target nav_msgs_generate_messages_cpp
[202.257s] [ 11%] Built target visualization_msgs_generate_messages_eus
[202.486s] [ 11%] Built target nav_msgs_generate_messages_eus
[202.701s] [ 11%] Built target std_msgs_generate_messages_cpp
[202.911s] [ 11%] Built target vector_map_msgs_generate_messages_eus
[203.138s] [ 11%] Built target nav_msgs_generate_messages_py
[203.374s] [ 11%] Built target tf_generate_messages_lisp
[203.612s] [ 11%] Built target std_srvs_generate_messages_eus
[203.821s] [ 11%] Built target std_msgs_generate_messages_eus
[204.041s] [ 11%] Built target roscpp_generate_messages_lisp
[204.265s] [ 11%] Built target std_srvs_generate_messages_lisp
[204.496s] [ 11%] Built target std_srvs_generate_messages_nodejs
[204.708s] [ 11%] Built target nodelet_generate_messages_py
[204.915s] [ 11%] Built target autoware_lanelet2_msgs_generate_messages_lisp
[205.104s] [ 11%] Built target topic_tools_generate_messages_lisp
[205.285s] [ 11%] Built target topic_tools_generate_messages_nodejs
[205.491s] [ 11%] Built target tf_generate_messages_cpp
[205.681s] [ 11%] Built target topic_tools_generate_messages_py
[205.876s] [ 11%] Built target tf_generate_messages_nodejs
[206.067s] [ 11%] Built target actionlib_generate_messages_cpp
[206.293s] [ 11%] Built target std_srvs_generate_messages_py
[206.497s] [ 11%] Built target actionlib_generate_messages_nodejs
[206.685s] [ 11%] Built target nav_msgs_generate_messages_lisp
[206.867s] [ 11%] Built target tf2_msgs_generate_messages_cpp
[207.080s] [ 11%] Built target dynamic_reconfigure_generate_messages_lisp
[207.266s] [ 11%] Built target tf2_msgs_generate_messages_lisp
[207.479s] [ 11%] Built target nodelet_generate_messages_cpp
[207.687s] [ 11%] Built target sensor_msgs_generate_messages_lisp
[207.894s] [ 11%] Built target tf2_msgs_generate_messages_nodejs
[208.090s] [ 11%] Built target tf2_msgs_generate_messages_py
[208.299s] [ 11%] Built target dynamic_reconfigure_generate_messages_nodejs
[208.517s] [ 11%] Built target bond_generate_messages_cpp
[208.709s] [ 11%] Built target visualization_msgs_generate_messages_lisp
[208.952s] [ 11%] Built target rosgraph_msgs_generate_messages_py
[209.189s] [ 11%] Built target visualization_msgs_generate_messages_nodejs
[209.447s] [ 11%] Built target autoware_lanelet2_msgs_generate_messages_cpp
[209.707s] [ 11%] Built target jsk_recognition_msgs_generate_messages_py
[209.931s] [ 11%] Built target pcl_msgs_generate_messages_cpp
[210.151s] [ 11%] Built target dynamic_reconfigure_gencfg
[210.348s] [ 11%] Built target autoware_lanelet2_msgs_generate_messages_py
[210.613s] [ 11%] Built target pcl_ros_gencfg
[210.899s] [ 11%] Built target dynamic_reconfigure_generate_messages_cpp
[211.239s] [ 11%] Built target nodelet_generate_messages_eus
[211.555s] [ 11%] Built target nodelet_generate_messages_nodejs
[211.814s] [ 11%] Built target jsk_footstep_msgs_generate_messages_nodejs
[212.058s] [ 11%] Built target bond_generate_messages_eus
[212.323s] [ 11%] Built target bond_generate_messages_lisp
[212.594s] [ 11%] Built target bond_generate_messages_nodejs
[212.871s] [ 11%] Built target bond_generate_messages_py
[213.125s] [ 11%] Built target vector_map_msgs_generate_messages_cpp
[213.368s] [ 11%] Built target roscpp_generate_messages_py
[213.617s] [ 11%] Built target sensor_msgs_generate_messages_nodejs
[213.898s] [ 11%] Built target vector_map_msgs_generate_messages_nodejs
[214.193s] [ 11%] Built target vector_map_msgs_generate_messages_py
[214.487s] [ 22%] Built target wayarea2grid_lanelet2_lib
[214.763s] [ 33%] Built target laserscan2costmap
[215.097s] [ 44%] Built target wayarea2grid_lib
[215.439s] [ 55%] Built target grid_map_filter_lib
[215.749s] [ 66%] Built target wayarea2grid_lanelet2
[216.028s] [ 77%] Built target wayarea2grid
[216.313s] [ 88%] Built target grid_map_filter
[216.548s] [ 88%] Built target roscpp_generate_messages_nodejs
[216.786s] [ 88%] Built target actionlib_generate_messages_eus
[217.020s] [ 88%] Built target rosgraph_msgs_generate_messages_cpp
[217.261s] [ 88%] Built target rosgraph_msgs_generate_messages_eus
[217.577s] [ 88%] Built target visualization_msgs_generate_messages_py
[217.824s] [ 88%] Built target topic_tools_generate_messages_cpp
[218.143s] [ 88%] Built target autoware_msgs_generate_messages_lisp
[218.426s] [ 88%] Built target std_msgs_generate_messages_py
[218.731s] [ 88%] Built target grid_map_msgs_generate_messages_lisp
[219.082s] [ 88%] Built target actionlib_generate_messages_py
[219.464s] [100%] Built target potential_field
[219.685s] [36mInstall the project...[0m
[219.825s] -- Install configuration: "Release"
[219.825s] -- Installing: /home/capstone/autoware.ai/install/object_map/lib/pkgconfig/object_map.pc
[219.825s] -- Installing: /home/capstone/autoware.ai/install/object_map/share/object_map/cmake/object_mapConfig.cmake
[219.826s] -- Installing: /home/capstone/autoware.ai/install/object_map/share/object_map/cmake/object_mapConfig-version.cmake
[219.826s] -- Installing: /home/capstone/autoware.ai/install/object_map/share/object_map/package.xml
[219.827s] -- Installing: /home/capstone/autoware.ai/install/object_map/lib/object_map/wayarea2grid
[219.832s] -- Set runtime path of "/home/capstone/autoware.ai/install/object_map/lib/object_map/wayarea2grid" to ""
[219.833s] -- Installing: /home/capstone/autoware.ai/install/object_map/lib/libwayarea2grid_lib.so
[219.844s] -- Set runtime path of "/home/capstone/autoware.ai/install/object_map/lib/libwayarea2grid_lib.so" to ""
[219.845s] -- Installing: /home/capstone/autoware.ai/install/object_map/lib/object_map/wayarea2grid_lanelet2
[219.855s] -- Set runtime path of "/home/capstone/autoware.ai/install/object_map/lib/object_map/wayarea2grid_lanelet2" to ""
[219.855s] -- Installing: /home/capstone/autoware.ai/install/object_map/lib/libwayarea2grid_lanelet2_lib.so
[219.864s] -- Set runtime path of "/home/capstone/autoware.ai/install/object_map/lib/libwayarea2grid_lanelet2_lib.so" to ""
[219.865s] -- Installing: /home/capstone/autoware.ai/install/object_map/lib/libgrid_map_filter_lib.so
[219.871s] -- Set runtime path of "/home/capstone/autoware.ai/install/object_map/lib/libgrid_map_filter_lib.so" to ""
[219.872s] -- Installing: /home/capstone/autoware.ai/install/object_map/lib/object_map/grid_map_filter
[219.876s] -- Set runtime path of "/home/capstone/autoware.ai/install/object_map/lib/object_map/grid_map_filter" to ""
[219.877s] -- Installing: /home/capstone/autoware.ai/install/object_map/lib/object_map/potential_field
[219.888s] -- Set runtime path of "/home/capstone/autoware.ai/install/object_map/lib/object_map/potential_field" to ""
[219.889s] -- Installing: /home/capstone/autoware.ai/install/object_map/lib/object_map/laserscan2costmap
[219.894s] -- Set runtime path of "/home/capstone/autoware.ai/install/object_map/lib/object_map/laserscan2costmap" to ""
[219.894s] -- Installing: /home/capstone/autoware.ai/install/object_map/lib/libobject_map_utils_lib.so
[219.906s] -- Set runtime path of "/home/capstone/autoware.ai/install/object_map/lib/libobject_map_utils_lib.so" to ""
[219.911s] -- Installing: /home/capstone/autoware.ai/install/object_map/share/object_map/launch
[219.912s] -- Installing: /home/capstone/autoware.ai/install/object_map/share/object_map/launch/wayarea2grid_option.launch
[219.912s] -- Installing: /home/capstone/autoware.ai/install/object_map/share/object_map/launch/potential_field.launch
[219.912s] -- Installing: /home/capstone/autoware.ai/install/object_map/share/object_map/launch/laserscan2costmap.launch
[219.912s] -- Installing: /home/capstone/autoware.ai/install/object_map/share/object_map/launch/wayarea2grid.launch
[219.912s] -- Installing: /home/capstone/autoware.ai/install/object_map/share/object_map/launch/wayarea2grid_lanelet2.launch
[219.912s] -- Installing: /home/capstone/autoware.ai/install/object_map/share/object_map/launch/grid_map_filter.launch
[219.913s] -- Installing: /home/capstone/autoware.ai/install/object_map/include/object_map
[219.913s] -- Installing: /home/capstone/autoware.ai/install/object_map/include/object_map/object_map_utils.hpp
[219.913s] -- Installing: /home/capstone/autoware.ai/install/object_map/share/object_map/config
[219.913s] -- Installing: /home/capstone/autoware.ai/install/object_map/share/object_map/config/potential.yaml
[219.913s] -- Installing: /home/capstone/autoware.ai/install/object_map/share/object_map/config/grid_map_filter.yaml
