Determining if the pthread_create exist failed with the following output:
Change Dir: /home/capstone/autoware.ai/build/ndt_tku/CMakeFiles/CMakeTmp

Run Build Command:"/usr/bin/make" "cmTC_54ed8/fast"
/usr/bin/make -f CMakeFiles/cmTC_54ed8.dir/build.make CMakeFiles/cmTC_54ed8.dir/build
make[1]: Entering directory '/home/capstone/autoware.ai/build/ndt_tku/CMakeFiles/CMakeTmp'
Building C object CMakeFiles/cmTC_54ed8.dir/CheckSymbolExists.c.o
/usr/bin/cc    -o CMakeFiles/cmTC_54ed8.dir/CheckSymbolExists.c.o   -c /home/capstone/autoware.ai/build/ndt_tku/CMakeFiles/CMakeTmp/CheckSymbolExists.c
Linking C executable cmTC_54ed8
/usr/bin/cmake -E cmake_link_script CMakeFiles/cmTC_54ed8.dir/link.txt --verbose=1
/usr/bin/cc      -rdynamic CMakeFiles/cmTC_54ed8.dir/CheckSymbolExists.c.o  -o cmTC_54ed8 
CMakeFiles/cmTC_54ed8.dir/CheckSymbolExists.c.o: In function `main':
CheckSymbolExists.c:(.text+0x1b): undefined reference to `pthread_create'
collect2: error: ld returned 1 exit status
CMakeFiles/cmTC_54ed8.dir/build.make:97: recipe for target 'cmTC_54ed8' failed
make[1]: *** [cmTC_54ed8] Error 1
make[1]: Leaving directory '/home/capstone/autoware.ai/build/ndt_tku/CMakeFiles/CMakeTmp'
Makefile:126: recipe for target 'cmTC_54ed8/fast' failed
make: *** [cmTC_54ed8/fast] Error 2

File /home/capstone/autoware.ai/build/ndt_tku/CMakeFiles/CMakeTmp/CheckSymbolExists.c:
/* */
#include <pthread.h>

int main(int argc, char** argv)
{
  (void)argv;
#ifndef pthread_create
  return ((int*)(&pthread_create))[argc];
#else
  (void)argc;
  return 0;
#endif
}

Determining if the function pthread_create exists in the pthreads failed with the following output:
Change Dir: /home/capstone/autoware.ai/build/ndt_tku/CMakeFiles/CMakeTmp

Run Build Command:"/usr/bin/make" "cmTC_bc432/fast"
/usr/bin/make -f CMakeFiles/cmTC_bc432.dir/build.make CMakeFiles/cmTC_bc432.dir/build
make[1]: Entering directory '/home/capstone/autoware.ai/build/ndt_tku/CMakeFiles/CMakeTmp'
Building C object CMakeFiles/cmTC_bc432.dir/CheckFunctionExists.c.o
/usr/bin/cc   -DCHECK_FUNCTION_EXISTS=pthread_create   -o CMakeFiles/cmTC_bc432.dir/CheckFunctionExists.c.o   -c /usr/share/cmake-3.10/Modules/CheckFunctionExists.c
Linking C executable cmTC_bc432
/usr/bin/cmake -E cmake_link_script CMakeFiles/cmTC_bc432.dir/link.txt --verbose=1
/usr/bin/cc  -DCHECK_FUNCTION_EXISTS=pthread_create    -rdynamic CMakeFiles/cmTC_bc432.dir/CheckFunctionExists.c.o  -o cmTC_bc432 -lpthreads 
/usr/bin/ld: cannot find -lpthreads
collect2: error: ld returned 1 exit status
CMakeFiles/cmTC_bc432.dir/build.make:97: recipe for target 'cmTC_bc432' failed
make[1]: *** [cmTC_bc432] Error 1
make[1]: Leaving directory '/home/capstone/autoware.ai/build/ndt_tku/CMakeFiles/CMakeTmp'
Makefile:126: recipe for target 'cmTC_bc432/fast' failed
make: *** [cmTC_bc432/fast] Error 2


