[1.296s] -- Using CATKIN_DEVEL_PREFIX: /home/capstone/autoware.ai/build/lanelet_aisan_converter/devel
[1.297s] -- Using CMAKE_PREFIX_PATH: /home/capstone/autoware.ai/install/map_file;/home/capstone/autoware.ai/install/lanelet2_extension;/home/capstone/autoware.ai/install/lanelet2_validation;/home/capstone/autoware.ai/install/lanelet2_routing;/home/capstone/autoware.ai/install/lanelet2_projection;/home/capstone/autoware.ai/install/lanelet2_traffic_rules;/home/capstone/autoware.ai/install/lanelet2_maps;/home/capstone/autoware.ai/install/lanelet2_io;/home/capstone/autoware.ai/install/vector_map;/home/capstone/autoware.ai/install/lanelet2_core;/home/capstone/autoware.ai/install/amathutils_lib;/home/capstone/autoware.ai/install/vector_map_msgs;/home/capstone/autoware.ai/install/autoware_msgs;/home/capstone/autoware.ai/install/autoware_lanelet2_msgs;/home/capstone/autoware.ai/install/ymc;/home/capstone/autoware.ai/install/xsens_driver;/home/capstone/autoware.ai/install/wf_simulator;/home/capstone/autoware.ai/install/lattice_planner;/home/capstone/autoware.ai/install/waypoint_planner;/home/capstone/autoware.ai/install/waypoint_maker;/home/capstone/autoware.ai/install/way_planner;/home/capstone/autoware.ai/install/vlg22c_cam;/home/capstone/autoware.ai/install/vision_ssd_detect;/home/capstone/autoware.ai/install/vision_segment_enet_detect;/home/capstone/autoware.ai/install/vision_lane_detect;/home/capstone/autoware.ai/install/vision_darknet_detect;/home/capstone/autoware.ai/install/vision_beyond_track;/home/capstone/autoware.ai/install/vel_pose_diff_checker;/home/capstone/autoware.ai/install/vehicle_socket;/home/capstone/autoware.ai/install/vehicle_sim_model;/home/capstone/autoware.ai/install/vehicle_model;/home/capstone/autoware.ai/install/vehicle_gazebo_simulation_launcher;/home/capstone/autoware.ai/install/vehicle_gazebo_simulation_interface;/home/capstone/autoware.ai/install/vehicle_engage_panel;/home/capstone/autoware.ai/install/vehicle_description;/home/capstone/autoware.ai/install/trafficlight_recognizer;/home/capstone/autoware.ai/install/op_utilities;/home/capstone/autoware.ai/install/op_simulation_package;/home/capstone/autoware.ai/install/op_local_planner;/home/capstone/autoware.ai/install/op_global_planner;/home/capstone/autoware.ai/install/lidar_kf_contour_track;/home/capstone/autoware.ai/install/op_ros_helpers;/home/capstone/autoware.ai/install/ff_waypoint_follower;/home/capstone/autoware.ai/install/dp_planner;/home/capstone/autoware.ai/install/op_simu;/home/capstone/autoware.ai/install/op_planner;/home/capstone/autoware.ai/install/op_utility;/home/capstone/autoware.ai/install/lidar_euclidean_cluster_detect;/home/capstone/autoware.ai/install/vector_map_server;/home/capstone/autoware.ai/install/road_occupancy_processor;/home/capstone/autoware.ai/install/costmap_generator;/home/capstone/autoware.ai/install/object_map;/home/capstone/autoware.ai/install/naive_motion_predict;/home/capstone/autoware.ai/install/lanelet_aisan_converter;/home/capstone/autoware.ai/install/libvectormap;/home/capstone/autoware.ai/install/lane_planner;/home/capstone/autoware.ai/install/imm_ukf_pda_track;/home/capstone/autoware.ai/install/decision_maker;/home/capstone/autoware.ai/install/vectacam;/home/capstone/autoware.ai/install/udon_socket;/home/capstone/autoware.ai/install/twist_generator;/home/capstone/autoware.ai/install/twist_gate;/home/capstone/autoware.ai/install/twist_filter;/home/capstone/autoware.ai/install/twist2odom;/home/capstone/autoware.ai/install/tablet_socket;/home/capstone/autoware.ai/install/runtime_manager;/home/capstone/autoware.ai/install/mqtt_socket;/home/capstone/autoware.ai/install/tablet_socket_msgs;/home/capstone/autoware.ai/install/state_machine_lib;/home/capstone/autoware.ai/install/sound_player;/home/capstone/autoware.ai/install/sick_lms5xx;/home/capstone/autoware.ai/install/sick_ldmrs_tools;/home/capstone/autoware.ai/install/sick_ldmrs_driver;/home/capstone/autoware.ai/install/sick_ldmrs_msgs;/home/capstone/autoware.ai/install/sick_ldmrs_description;/home/capstone/autoware.ai/install/points2image;/home/capstone/autoware.ai/install/rosinterface;/home/capstone/autoware.ai/install/rosbag_controller;/home/capstone/autoware.ai/install/pure_pursuit;/home/capstone/autoware.ai/install/points_preprocessor;/home/capstone/autoware.ai/install/mpc_follower;/home/capstone/autoware.ai/install/lidar_localizer;/home/capstone/autoware.ai/install/emergency_handler;/home/capstone/autoware.ai/install/autoware_health_checker;/home/capstone/autoware.ai/install/as;/home/capstone/autoware.ai/install/ros_observer;/home/capstone/autoware.ai/install/roi_object_filter;/home/capstone/autoware.ai/install/range_vision_fusion;/home/capstone/autoware.ai/install/pos_db;/home/capstone/autoware.ai/install/points_downsampler;/home/capstone/autoware.ai/install/pixel_cloud_fusion;/home/capstone/autoware.ai/install/pcl_omp_registration;/home/capstone/autoware.ai/install/pc2_downsampler;/home/capstone/autoware.ai/install/oculus_socket;/home/capstone/autoware.ai/install/obj_db;/home/capstone/autoware.ai/install/nmea_navsat;/home/capstone/autoware.ai/install/ndt_tku;/home/capstone/autoware.ai/install/ndt_gpu;/home/capstone/autoware.ai/install/ndt_cpu;/home/capstone/autoware.ai/install/multi_lidar_calibrator;/home/capstone/autoware.ai/install/mrt_cmake_modules;/home/capstone/autoware.ai/install/microstrain_driver;/home/capstone/autoware.ai/install/memsic_imu;/home/capstone/autoware.ai/install/marker_downsampler;/home/capstone/autoware.ai/install/map_tools;/home/capstone/autoware.ai/install/map_tf_generator;/home/capstone/autoware.ai/install/log_tools;/home/capstone/autoware.ai/install/lidar_shape_estimation;/home/capstone/autoware.ai/install/lidar_point_pillars;/home/capstone/autoware.ai/install/lidar_naive_l_shape_detect;/home/capstone/autoware.ai/install/lidar_fake_perception;/home/capstone/autoware.ai/install/lidar_apollo_cnn_seg_detect;/home/capstone/autoware.ai/install/libwaypoint_follower;/home/capstone/autoware.ai/install/lgsvl_simulator_bridge;/home/capstone/autoware.ai/install/lanelet2_examples;/home/capstone/autoware.ai/install/lanelet2_python;/home/capstone/autoware.ai/install/kvaser;/home/capstone/autoware.ai/install/kitti_launch;/home/capstone/autoware.ai/install/kitti_player;/home/capstone/autoware.ai/install/kitti_box_publisher;/home/capstone/autoware.ai/install/javad_navsat_driver;/home/capstone/autoware.ai/install/integrated_viewer;/home/capstone/autoware.ai/install/image_processor;/home/capstone/autoware.ai/install/hokuyo;/home/capstone/autoware.ai/install/graph_tools;/home/capstone/autoware.ai/install/gnss_localizer;/home/capstone/autoware.ai/install/gnss;/home/capstone/autoware.ai/install/glviewer;/home/capstone/autoware.ai/install/gazebo_world_description;/home/capstone/autoware.ai/install/gazebo_imu_description;/home/capstone/autoware.ai/install/gazebo_camera_description;/home/capstone/autoware.ai/install/garmin;/home/capstone/autoware.ai/install/freespace_planner;/home/capstone/autoware.ai/install/fastvirtualscan;/home/capstone/autoware.ai/install/ekf_localizer;/home/capstone/autoware.ai/install/ds4_msgs;/home/capstone/autoware.ai/install/ds4_driver;/home/capstone/autoware.ai/install/detected_objects_visualizer;/home/capstone/autoware.ai/install/decision_maker_panel;/home/capstone/autoware.ai/install/data_preprocessor;/home/capstone/autoware.ai/install/custom_msgs;/home/capstone/autoware.ai/install/carla_autoware_bridge;/home/capstone/autoware.ai/install/calibration_publisher;/home/capstone/autoware.ai/install/autoware_system_msgs;/home/capstone/autoware.ai/install/autoware_rviz_plugins;/home/capstone/autoware.ai/install/autoware_quickstart_examples;/home/capstone/autoware.ai/install/autoware_pointgrey_drivers;/home/capstone/autoware.ai/install/autoware_driveworks_interface;/home/capstone/autoware.ai/install/autoware_connector;/home/capstone/autoware.ai/install/autoware_camera_lidar_calibrator;/home/capstone/autoware.ai/install/astar_search;/home/capstone/autoware.ai/install/autoware_map_msgs;/home/capstone/autoware.ai/install/autoware_launcher_rviz;/home/capstone/autoware.ai/install/autoware_launcher;/home/capstone/autoware.ai/install/autoware_external_msgs;/home/capstone/autoware.ai/install/autoware_driveworks_gmsl_interface;/home/capstone/autoware.ai/install/autoware_config_msgs;/home/capstone/autoware.ai/install/autoware_can_msgs;/home/capstone/autoware.ai/install/autoware_build_flags;/home/capstone/autoware.ai/install/autoware_bag_tools;/home/capstone/autoware.ai/install/adi_driver;/opt/carla-ros-bridge/melodic;/opt/ros/melodic
[1.316s] -- This workspace overlays: /home/capstone/autoware.ai/install/map_file;/home/capstone/autoware.ai/install/lanelet2_extension;/home/capstone/autoware.ai/install/lanelet2_validation;/home/capstone/autoware.ai/install/lanelet2_routing;/home/capstone/autoware.ai/install/lanelet2_projection;/home/capstone/autoware.ai/install/lanelet2_traffic_rules;/home/capstone/autoware.ai/install/lanelet2_maps;/home/capstone/autoware.ai/install/lanelet2_io;/home/capstone/autoware.ai/install/vector_map;/home/capstone/autoware.ai/install/lanelet2_core;/home/capstone/autoware.ai/install/amathutils_lib;/home/capstone/autoware.ai/install/vector_map_msgs;/home/capstone/autoware.ai/install/autoware_msgs;/home/capstone/autoware.ai/install/autoware_lanelet2_msgs;/home/capstone/autoware.ai/install/ymc;/home/capstone/autoware.ai/install/xsens_driver;/home/capstone/autoware.ai/install/wf_simulator;/home/capstone/autoware.ai/install/lattice_planner;/home/capstone/autoware.ai/install/waypoint_planner;/home/capstone/autoware.ai/install/waypoint_maker;/home/capstone/autoware.ai/install/way_planner;/home/capstone/autoware.ai/install/vlg22c_cam;/home/capstone/autoware.ai/install/vision_ssd_detect;/home/capstone/autoware.ai/install/vision_segment_enet_detect;/home/capstone/autoware.ai/install/vision_lane_detect;/home/capstone/autoware.ai/install/vision_darknet_detect;/home/capstone/autoware.ai/install/vision_beyond_track;/home/capstone/autoware.ai/install/vel_pose_diff_checker;/home/capstone/autoware.ai/install/vehicle_socket;/home/capstone/autoware.ai/install/vehicle_sim_model;/home/capstone/autoware.ai/install/vehicle_model;/home/capstone/autoware.ai/install/vehicle_gazebo_simulation_launcher;/home/capstone/autoware.ai/install/vehicle_gazebo_simulation_interface;/home/capstone/autoware.ai/install/vehicle_engage_panel;/home/capstone/autoware.ai/install/vehicle_description;/home/capstone/autoware.ai/install/trafficlight_recognizer;/home/capstone/autoware.ai/install/op_utilities;/home/capstone/autoware.ai/install/op_simulation_package;/home/capstone/autoware.ai/install/op_local_planner;/home/capstone/autoware.ai/install/op_global_planner;/home/capstone/autoware.ai/install/lidar_kf_contour_track;/home/capstone/autoware.ai/install/op_ros_helpers;/home/capstone/autoware.ai/install/ff_waypoint_follower;/home/capstone/autoware.ai/install/dp_planner;/home/capstone/autoware.ai/install/op_simu;/home/capstone/autoware.ai/install/op_planner;/home/capstone/autoware.ai/install/op_utility;/home/capstone/autoware.ai/install/lidar_euclidean_cluster_detect;/home/capstone/autoware.ai/install/vector_map_server;/home/capstone/autoware.ai/install/road_occupancy_processor;/home/capstone/autoware.ai/install/costmap_generator;/home/capstone/autoware.ai/install/object_map;/home/capstone/autoware.ai/install/naive_motion_predict;/home/capstone/autoware.ai/install/lanelet_aisan_converter;/home/capstone/autoware.ai/install/libvectormap;/home/capstone/autoware.ai/install/lane_planner;/home/capstone/autoware.ai/install/imm_ukf_pda_track;/home/capstone/autoware.ai/install/decision_maker;/home/capstone/autoware.ai/install/vectacam;/home/capstone/autoware.ai/install/udon_socket;/home/capstone/autoware.ai/install/twist_generator;/home/capstone/autoware.ai/install/twist_gate;/home/capstone/autoware.ai/install/twist_filter;/home/capstone/autoware.ai/install/twist2odom;/home/capstone/autoware.ai/install/tablet_socket;/home/capstone/autoware.ai/install/runtime_manager;/home/capstone/autoware.ai/install/mqtt_socket;/home/capstone/autoware.ai/install/tablet_socket_msgs;/home/capstone/autoware.ai/install/state_machine_lib;/home/capstone/autoware.ai/install/sound_player;/home/capstone/autoware.ai/install/sick_lms5xx;/home/capstone/autoware.ai/install/sick_ldmrs_tools;/home/capstone/autoware.ai/install/sick_ldmrs_driver;/home/capstone/autoware.ai/install/sick_ldmrs_msgs;/home/capstone/autoware.ai/install/sick_ldmrs_description;/home/capstone/autoware.ai/install/points2image;/home/capstone/autoware.ai/install/rosinterface;/home/capstone/autoware.ai/install/rosbag_controller;/home/capstone/autoware.ai/install/pure_pursuit;/home/capstone/autoware.ai/install/points_preprocessor;/home/capstone/autoware.ai/install/mpc_follower;/home/capstone/autoware.ai/install/lidar_localizer;/home/capstone/autoware.ai/install/emergency_handler;/home/capstone/autoware.ai/install/autoware_health_checker;/home/capstone/autoware.ai/install/as;/home/capstone/autoware.ai/install/ros_observer;/home/capstone/autoware.ai/install/roi_object_filter;/home/capstone/autoware.ai/install/range_vision_fusion;/home/capstone/autoware.ai/install/pos_db;/home/capstone/autoware.ai/install/points_downsampler;/home/capstone/autoware.ai/install/pixel_cloud_fusion;/home/capstone/autoware.ai/install/pcl_omp_registration;/home/capstone/autoware.ai/install/pc2_downsampler;/home/capstone/autoware.ai/install/oculus_socket;/home/capstone/autoware.ai/install/obj_db;/home/capstone/autoware.ai/install/nmea_navsat;/home/capstone/autoware.ai/install/ndt_tku;/home/capstone/autoware.ai/install/ndt_gpu;/home/capstone/autoware.ai/install/ndt_cpu;/home/capstone/autoware.ai/install/multi_lidar_calibrator;/home/capstone/autoware.ai/install/mrt_cmake_modules;/home/capstone/autoware.ai/install/microstrain_driver;/home/capstone/autoware.ai/install/memsic_imu;/home/capstone/autoware.ai/install/marker_downsampler;/home/capstone/autoware.ai/install/map_tools;/home/capstone/autoware.ai/install/map_tf_generator;/home/capstone/autoware.ai/install/log_tools;/home/capstone/autoware.ai/install/lidar_shape_estimation;/home/capstone/autoware.ai/install/lidar_point_pillars;/home/capstone/autoware.ai/install/lidar_naive_l_shape_detect;/home/capstone/autoware.ai/install/lidar_fake_perception;/home/capstone/autoware.ai/install/lidar_apollo_cnn_seg_detect;/home/capstone/autoware.ai/install/libwaypoint_follower;/home/capstone/autoware.ai/install/lgsvl_simulator_bridge;/home/capstone/autoware.ai/install/lanelet2_examples;/home/capstone/autoware.ai/install/lanelet2_python;/home/capstone/autoware.ai/install/kvaser;/home/capstone/autoware.ai/install/kitti_launch;/home/capstone/autoware.ai/install/kitti_player;/home/capstone/autoware.ai/install/kitti_box_publisher;/home/capstone/autoware.ai/install/javad_navsat_driver;/home/capstone/autoware.ai/install/integrated_viewer;/home/capstone/autoware.ai/install/image_processor;/home/capstone/autoware.ai/install/hokuyo;/home/capstone/autoware.ai/install/graph_tools;/home/capstone/autoware.ai/install/gnss_localizer;/home/capstone/autoware.ai/install/gnss;/home/capstone/autoware.ai/install/glviewer;/home/capstone/autoware.ai/install/gazebo_world_description;/home/capstone/autoware.ai/install/gazebo_imu_description;/home/capstone/autoware.ai/install/gazebo_camera_description;/home/capstone/autoware.ai/install/garmin;/home/capstone/autoware.ai/install/freespace_planner;/home/capstone/autoware.ai/install/fastvirtualscan;/home/capstone/autoware.ai/install/ekf_localizer;/home/capstone/autoware.ai/install/ds4_msgs;/home/capstone/autoware.ai/install/ds4_driver;/home/capstone/autoware.ai/install/detected_objects_visualizer;/home/capstone/autoware.ai/install/decision_maker_panel;/home/capstone/autoware.ai/install/data_preprocessor;/home/capstone/autoware.ai/install/custom_msgs;/home/capstone/autoware.ai/install/carla_autoware_bridge;/home/capstone/autoware.ai/install/calibration_publisher;/home/capstone/autoware.ai/install/autoware_system_msgs;/home/capstone/autoware.ai/install/autoware_rviz_plugins;/home/capstone/autoware.ai/install/autoware_quickstart_examples;/home/capstone/autoware.ai/install/autoware_pointgrey_drivers;/home/capstone/autoware.ai/install/autoware_driveworks_interface;/home/capstone/autoware.ai/install/autoware_connector;/home/capstone/autoware.ai/install/autoware_camera_lidar_calibrator;/home/capstone/autoware.ai/install/astar_search;/home/capstone/autoware.ai/install/autoware_map_msgs;/home/capstone/autoware.ai/install/autoware_launcher_rviz;/home/capstone/autoware.ai/install/autoware_launcher;/home/capstone/autoware.ai/install/autoware_external_msgs;/home/capstone/autoware.ai/install/autoware_driveworks_gmsl_interface;/home/capstone/autoware.ai/install/autoware_config_msgs;/home/capstone/autoware.ai/install/autoware_can_msgs;/home/capstone/autoware.ai/install/autoware_build_flags;/home/capstone/autoware.ai/install/autoware_bag_tools;/home/capstone/autoware.ai/install/adi_driver;/opt/carla-ros-bridge/melodic;/opt/ros/melodic
[1.398s] -- Found PythonInterp: /usr/bin/python2 (found suitable version "2.7.17", minimum required is "2") 
[1.398s] -- Using PYTHON_EXECUTABLE: /usr/bin/python2
[1.399s] -- Using Debian Python package layout
[1.399s] -- Using empy: /usr/bin/empy
[1.747s] -- Using CATKIN_ENABLE_TESTING: ON
[1.748s] -- Call enable_testing()
[1.751s] -- Using CATKIN_TEST_RESULTS_DIR: /home/capstone/autoware.ai/build/lanelet_aisan_converter/test_results
[1.886s] -- Found gtest sources under '/usr/src/googletest': gtests will be built
[1.886s] -- Found gmock sources under '/usr/src/googletest': gmock will be built
[1.973s] -- Found PythonInterp: /usr/bin/python2 (found version "2.7.17") 
[1.991s] -- Using Python nosetests: /usr/bin/nosetests-2.7
[2.192s] -- catkin 0.7.23
[2.192s] -- BUILD_SHARED_LIBS is on
[3.112s] -- Using these message generators: gencpp;geneus;genlisp;gennodejs;genpy
[4.369s] -- Boost version: 1.65.1
[4.370s] -- Found the following Boost libraries:
[4.370s] --   filesystem
[4.370s] --   system
[5.010s] -- Configuring done
[5.770s] -- Generating done
[5.826s] -- Build files have been written to: /home/capstone/autoware.ai/build/lanelet_aisan_converter
[6.152s] [  0%] Built target rosgraph_msgs_generate_messages_eus
[6.340s] [  0%] Built target vector_map_msgs_generate_messages_nodejs
[6.506s] [  0%] Built target geographic_msgs_generate_messages_nodejs
[6.652s] [  0%] Built target geographic_msgs_generate_messages_eus
[6.794s] [  0%] Built target tf2_msgs_generate_messages_py
[6.935s] [  0%] Built target tf2_msgs_generate_messages_nodejs
[7.129s] [  0%] Built target tf2_msgs_generate_messages_lisp
[7.276s] [  0%] Built target tf2_msgs_generate_messages_cpp
[7.420s] [  0%] Built target actionlib_generate_messages_py
[7.576s] [  0%] Built target actionlib_generate_messages_nodejs
[7.722s] [  0%] Built target actionlib_generate_messages_cpp
[7.868s] [  0%] Built target rosgraph_msgs_generate_messages_py
[8.051s] [  0%] Built target geographic_msgs_generate_messages_cpp
[8.228s] [  0%] Built target rosgraph_msgs_generate_messages_nodejs
[8.370s] [  0%] Built target jsk_recognition_msgs_generate_messages_lisp
[8.521s] [  0%] Built target tf_generate_messages_cpp
[8.665s] [  0%] Built target jsk_recognition_msgs_generate_messages_eus
[8.809s] [  0%] Built target std_msgs_generate_messages_py
[8.957s] [  0%] Built target jsk_recognition_msgs_generate_messages_cpp
[9.171s] [  0%] Built target geometry_msgs_generate_messages_lisp
[9.321s] [  0%] Built target autoware_msgs_generate_messages_eus
[9.470s] [  0%] Built target std_msgs_generate_messages_nodejs
[9.616s] [  0%] Built target geometry_msgs_generate_messages_eus
[9.760s] [  0%] Built target std_msgs_generate_messages_cpp
[9.906s] [  0%] Built target jsk_footstep_msgs_generate_messages_py
[10.098s] [  0%] Built target geometry_msgs_generate_messages_py
[10.260s] [  0%] Built target tf2_msgs_generate_messages_eus
[10.408s] [  0%] Built target sensor_msgs_generate_messages_py
[10.562s] [  0%] Built target jsk_footstep_msgs_generate_messages_lisp
[10.718s] [  0%] Built target autoware_msgs_generate_messages_nodejs
[10.877s] [  0%] Built target actionlib_msgs_generate_messages_eus
[11.083s] [  0%] Built target tf_generate_messages_eus
[11.252s] [  0%] Built target autoware_msgs_generate_messages_py
[11.395s] [  0%] Built target rosgraph_msgs_generate_messages_lisp
[11.541s] [  0%] Built target visualization_msgs_generate_messages_cpp
[11.682s] [  0%] Built target sensor_msgs_generate_messages_lisp
[11.834s] [  0%] Built target sensor_msgs_generate_messages_eus
[11.990s] [  0%] Built target roscpp_generate_messages_cpp
[12.182s] [  0%] Built target visualization_msgs_generate_messages_py
[12.325s] [  0%] Built target autoware_msgs_generate_messages_lisp
[12.499s] [  0%] Built target sensor_msgs_generate_messages_cpp
[12.647s] [  0%] Built target pcl_msgs_generate_messages_cpp
[12.788s] [  0%] Built target jsk_recognition_msgs_generate_messages_py
[12.947s] [  0%] Built target std_msgs_generate_messages_lisp
[13.111s] [  0%] Built target autoware_msgs_generate_messages_cpp
[13.267s] [  0%] Built target jsk_footstep_msgs_generate_messages_eus
[13.409s] [  0%] Built target actionlib_generate_messages_lisp
[13.555s] [  0%] Built target _catkin_empty_exported_target
[13.694s] [  0%] Built target roscpp_generate_messages_lisp
[13.842s] [  0%] Built target geometry_msgs_generate_messages_nodejs
[13.992s] [  0%] Built target geometry_msgs_generate_messages_cpp
[14.207s] [  0%] Built target pcl_msgs_generate_messages_eus
[14.389s] [  0%] Built target vector_map_msgs_generate_messages_lisp
[14.538s] [  0%] Built target pcl_msgs_generate_messages_nodejs
[14.689s] [  0%] Built target pcl_msgs_generate_messages_lisp
[14.835s] [  0%] Built target pcl_msgs_generate_messages_py
[15.047s] [  0%] Built target sensor_msgs_generate_messages_nodejs
[15.252s] [  0%] Built target jsk_footstep_msgs_generate_messages_nodejs
[15.398s] [  0%] Built target actionlib_msgs_generate_messages_cpp
[15.542s] [  0%] Built target actionlib_msgs_generate_messages_py
[15.695s] [  0%] Built target tf_generate_messages_lisp
[15.845s] [  0%] Built target tf_generate_messages_nodejs
[16.053s] [  0%] Built target std_msgs_generate_messages_eus
[16.215s] [  0%] Built target actionlib_msgs_generate_messages_lisp
[16.367s] [  0%] Built target actionlib_msgs_generate_messages_nodejs
[16.510s] [  0%] Built target tf_generate_messages_py
[16.654s] [  0%] Built target jsk_recognition_msgs_generate_messages_nodejs
[16.803s] [  0%] Built target roscpp_generate_messages_py
[16.979s] [  0%] Built target uuid_msgs_generate_messages_eus
[17.163s] [  0%] Built target uuid_msgs_generate_messages_cpp
[17.308s] [  0%] Built target roscpp_generate_messages_eus
[17.455s] [  0%] Built target jsk_footstep_msgs_generate_messages_cpp
[17.603s] [  0%] Built target roscpp_generate_messages_nodejs
[17.750s] [  0%] Built target actionlib_generate_messages_eus
[17.893s] [  0%] Built target rosgraph_msgs_generate_messages_cpp
[18.066s] [  0%] Built target geographic_msgs_generate_messages_lisp
[18.238s] [  0%] Built target geographic_msgs_generate_messages_py
[18.387s] [  0%] Built target uuid_msgs_generate_messages_lisp
[18.534s] [  0%] Built target uuid_msgs_generate_messages_nodejs
[18.676s] [  0%] Built target uuid_msgs_generate_messages_py
[18.827s] [  0%] Built target visualization_msgs_generate_messages_eus
[19.038s] [  0%] Built target visualization_msgs_generate_messages_lisp
[19.213s] [  0%] Built target visualization_msgs_generate_messages_nodejs
[19.369s] [  0%] Built target vector_map_msgs_generate_messages_cpp
[19.528s] [  0%] Built target vector_map_msgs_generate_messages_eus
[19.671s] [  0%] Built target vector_map_msgs_generate_messages_py
[19.819s] [ 18%] Built target aisan_map
[20.011s] [ 36%] Built target lanelet_helper
[20.242s] [ 81%] Built target lanelet2aisan_converter
[20.409s] [100%] Built target lanelet2aisan
[22.207s] [ 15%] Built target gtest
[22.353s] [ 15%] Built target geographic_msgs_generate_messages_py
[22.501s] [ 15%] Built target vector_map_msgs_generate_messages_nodejs
[22.652s] [ 15%] Built target geographic_msgs_generate_messages_nodejs
[22.795s] [ 15%] Built target geographic_msgs_generate_messages_eus
[22.948s] [ 15%] Built target tf2_msgs_generate_messages_py
[23.150s] [ 15%] Built target tf2_msgs_generate_messages_nodejs
[23.299s] [ 15%] Built target tf2_msgs_generate_messages_lisp
[23.443s] [ 15%] Built target tf2_msgs_generate_messages_cpp
[23.588s] [ 15%] Built target actionlib_generate_messages_py
[23.728s] [ 15%] Built target actionlib_generate_messages_nodejs
[23.879s] [ 15%] Built target actionlib_generate_messages_cpp
[24.087s] [ 15%] Built target rosgraph_msgs_generate_messages_py
[24.237s] [ 15%] Built target geographic_msgs_generate_messages_cpp
[24.380s] [ 15%] Built target rosgraph_msgs_generate_messages_nodejs
[24.522s] [ 15%] Built target jsk_recognition_msgs_generate_messages_lisp
[24.664s] [ 15%] Built target tf_generate_messages_cpp
[24.817s] [ 15%] Built target jsk_recognition_msgs_generate_messages_eus
[25.017s] [ 15%] Built target std_msgs_generate_messages_py
[25.190s] [ 15%] Built target jsk_recognition_msgs_generate_messages_cpp
[25.335s] [ 15%] Built target geometry_msgs_generate_messages_lisp
[25.482s] [ 15%] Built target autoware_msgs_generate_messages_eus
[25.629s] [ 15%] Built target std_msgs_generate_messages_nodejs
[25.779s] [ 15%] Built target geometry_msgs_generate_messages_eus
[25.926s] [ 15%] Built target std_msgs_generate_messages_cpp
[26.127s] [ 15%] Built target jsk_footstep_msgs_generate_messages_py
[26.278s] [ 15%] Built target geometry_msgs_generate_messages_py
[26.421s] [ 15%] Built target tf2_msgs_generate_messages_eus
[26.567s] [ 15%] Built target sensor_msgs_generate_messages_py
[26.709s] [ 15%] Built target jsk_footstep_msgs_generate_messages_lisp
[26.848s] [ 15%] Built target autoware_msgs_generate_messages_nodejs
[27.027s] [ 15%] Built target actionlib_msgs_generate_messages_eus
[27.222s] [ 15%] Built target tf_generate_messages_eus
[27.370s] [ 15%] Built target autoware_msgs_generate_messages_py
[27.516s] [ 15%] Built target rosgraph_msgs_generate_messages_lisp
[27.662s] [ 15%] Built target visualization_msgs_generate_messages_cpp
[27.803s] [ 15%] Built target sensor_msgs_generate_messages_lisp
[27.949s] [ 15%] Built target sensor_msgs_generate_messages_eus
[28.113s] [ 15%] Built target roscpp_generate_messages_cpp
[28.258s] [ 15%] Built target visualization_msgs_generate_messages_py
[28.400s] [ 15%] Built target autoware_msgs_generate_messages_lisp
[28.545s] [ 15%] Built target sensor_msgs_generate_messages_cpp
[28.689s] [ 15%] Built target pcl_msgs_generate_messages_cpp
[28.834s] [ 15%] Built target jsk_recognition_msgs_generate_messages_py
[29.024s] [ 15%] Built target std_msgs_generate_messages_lisp
[29.181s] [ 15%] Built target autoware_msgs_generate_messages_cpp
[29.321s] [ 15%] Built target jsk_footstep_msgs_generate_messages_eus
[29.469s] [ 15%] Built target actionlib_generate_messages_lisp
[29.612s] [ 15%] Built target _catkin_empty_exported_target
[29.756s] [ 15%] Built target roscpp_generate_messages_lisp
[29.905s] [ 15%] Built target geometry_msgs_generate_messages_nodejs
[30.076s] [ 15%] Built target geometry_msgs_generate_messages_cpp
[30.229s] [ 15%] Built target pcl_msgs_generate_messages_eus
[30.371s] [ 15%] Built target vector_map_msgs_generate_messages_lisp
[30.520s] [ 15%] Built target pcl_msgs_generate_messages_nodejs
[30.668s] [ 15%] Built target pcl_msgs_generate_messages_lisp
[30.810s] [ 15%] Built target pcl_msgs_generate_messages_py
[30.979s] [ 15%] Built target sensor_msgs_generate_messages_nodejs
[31.148s] [ 15%] Built target jsk_footstep_msgs_generate_messages_nodejs
[31.312s] [ 15%] Built target actionlib_msgs_generate_messages_cpp
[31.459s] [ 15%] Built target actionlib_msgs_generate_messages_py
[31.594s] [ 15%] Built target tf_generate_messages_lisp
[31.738s] [ 15%] Built target tf_generate_messages_nodejs
[31.880s] [ 15%] Built target std_msgs_generate_messages_eus
[32.098s] [ 15%] Built target actionlib_msgs_generate_messages_lisp
[32.250s] [ 15%] Built target actionlib_msgs_generate_messages_nodejs
[32.397s] [ 15%] Built target tf_generate_messages_py
[32.551s] [ 15%] Built target jsk_recognition_msgs_generate_messages_nodejs
[32.690s] [ 15%] Built target roscpp_generate_messages_py
[32.830s] [ 15%] Built target uuid_msgs_generate_messages_eus
[32.993s] [ 15%] Built target uuid_msgs_generate_messages_cpp
[33.212s] [ 15%] Built target roscpp_generate_messages_eus
[33.356s] [ 15%] Built target jsk_footstep_msgs_generate_messages_cpp
[33.503s] [ 15%] Built target roscpp_generate_messages_nodejs
[33.643s] [ 15%] Built target actionlib_generate_messages_eus
[33.788s] [ 15%] Built target rosgraph_msgs_generate_messages_cpp
[33.938s] [ 15%] Built target geographic_msgs_generate_messages_lisp
[34.140s] [ 15%] Built target uuid_msgs_generate_messages_lisp
[34.289s] [ 15%] Built target uuid_msgs_generate_messages_nodejs
[34.429s] [ 15%] Built target uuid_msgs_generate_messages_py
[34.573s] [ 15%] Built target visualization_msgs_generate_messages_eus
[34.718s] [ 15%] Built target visualization_msgs_generate_messages_lisp
[34.864s] [ 15%] Built target visualization_msgs_generate_messages_nodejs
[35.065s] [ 15%] Built target vector_map_msgs_generate_messages_cpp
[35.216s] [ 15%] Built target vector_map_msgs_generate_messages_eus
[35.359s] [ 15%] Built target vector_map_msgs_generate_messages_py
[35.504s] [ 15%] Built target rosgraph_msgs_generate_messages_eus
[35.636s] [ 30%] Built target aisan_map
[35.793s] [ 46%] Built target lanelet_helper
[36.025s] [ 84%] Built target lanelet2aisan_converter
[36.239s] [100%] Built target test_lanelet2aisan_converter
[36.383s] [100%] Built target tests
[37.899s] [  0%] Built target rosgraph_msgs_generate_messages_eus
[38.126s] [  0%] Built target vector_map_msgs_generate_messages_nodejs
[38.235s] [  0%] Built target geographic_msgs_generate_messages_nodejs
[38.373s] [  0%] Built target geographic_msgs_generate_messages_eus
[38.508s] [  0%] Built target tf2_msgs_generate_messages_py
[38.644s] [  0%] Built target tf2_msgs_generate_messages_nodejs
[38.783s] [  0%] Built target tf2_msgs_generate_messages_lisp
[38.926s] [  0%] Built target tf2_msgs_generate_messages_cpp
[39.115s] [  0%] Built target actionlib_generate_messages_py
[39.288s] [  0%] Built target actionlib_generate_messages_nodejs
[39.432s] [  0%] Built target actionlib_generate_messages_cpp
[39.578s] [  0%] Built target rosgraph_msgs_generate_messages_py
[39.722s] [  0%] Built target geographic_msgs_generate_messages_cpp
[39.868s] [  0%] Built target rosgraph_msgs_generate_messages_nodejs
[40.072s] [  0%] Built target jsk_recognition_msgs_generate_messages_lisp
[40.240s] [  0%] Built target tf_generate_messages_cpp
[40.403s] [  0%] Built target jsk_recognition_msgs_generate_messages_eus
[40.581s] [  0%] Built target std_msgs_generate_messages_py
[40.731s] [  0%] Built target jsk_recognition_msgs_generate_messages_cpp
[40.880s] [  0%] Built target geometry_msgs_generate_messages_lisp
[41.039s] [  0%] Built target autoware_msgs_generate_messages_eus
[41.212s] [  0%] Built target std_msgs_generate_messages_nodejs
[41.354s] [  0%] Built target geometry_msgs_generate_messages_eus
[41.497s] [  0%] Built target std_msgs_generate_messages_cpp
[41.643s] [  0%] Built target jsk_footstep_msgs_generate_messages_py
[41.789s] [  0%] Built target geometry_msgs_generate_messages_py
[41.945s] [  0%] Built target tf2_msgs_generate_messages_eus
[42.195s] [  0%] Built target sensor_msgs_generate_messages_py
[42.330s] [  0%] Built target jsk_footstep_msgs_generate_messages_lisp
[42.477s] [  0%] Built target autoware_msgs_generate_messages_nodejs
[42.617s] [  0%] Built target actionlib_msgs_generate_messages_eus
[42.760s] [  0%] Built target tf_generate_messages_eus
[42.907s] [  0%] Built target autoware_msgs_generate_messages_py
[43.129s] [  0%] Built target rosgraph_msgs_generate_messages_lisp
[43.258s] [  0%] Built target visualization_msgs_generate_messages_cpp
[43.404s] [  0%] Built target sensor_msgs_generate_messages_lisp
[43.575s] [  0%] Built target sensor_msgs_generate_messages_eus
[43.728s] [  0%] Built target roscpp_generate_messages_cpp
[43.873s] [  0%] Built target visualization_msgs_generate_messages_py
[44.060s] [  0%] Built target autoware_msgs_generate_messages_lisp
[44.222s] [  0%] Built target sensor_msgs_generate_messages_cpp
[44.371s] [  0%] Built target pcl_msgs_generate_messages_cpp
[44.543s] [  0%] Built target jsk_recognition_msgs_generate_messages_py
[44.689s] [  0%] Built target std_msgs_generate_messages_lisp
[44.834s] [  0%] Built target autoware_msgs_generate_messages_cpp
[44.998s] [  0%] Built target jsk_footstep_msgs_generate_messages_eus
[45.153s] [  0%] Built target actionlib_generate_messages_lisp
[45.295s] [  0%] Built target _catkin_empty_exported_target
[45.435s] [  0%] Built target roscpp_generate_messages_lisp
[45.567s] [  0%] Built target geometry_msgs_generate_messages_nodejs
[45.704s] [  0%] Built target geometry_msgs_generate_messages_cpp
[45.878s] [  0%] Built target pcl_msgs_generate_messages_eus
[46.029s] [  0%] Built target vector_map_msgs_generate_messages_lisp
[46.192s] [  0%] Built target pcl_msgs_generate_messages_nodejs
[46.316s] [  0%] Built target pcl_msgs_generate_messages_lisp
[46.454s] [  0%] Built target pcl_msgs_generate_messages_py
[46.593s] [  0%] Built target sensor_msgs_generate_messages_nodejs
[46.735s] [  0%] Built target jsk_footstep_msgs_generate_messages_nodejs
[46.880s] [  0%] Built target actionlib_msgs_generate_messages_cpp
[47.050s] [  0%] Built target actionlib_msgs_generate_messages_py
[47.226s] [  0%] Built target tf_generate_messages_lisp
[47.365s] [  0%] Built target tf_generate_messages_nodejs
[47.519s] [  0%] Built target std_msgs_generate_messages_eus
[47.664s] [  0%] Built target actionlib_msgs_generate_messages_lisp
[47.810s] [  0%] Built target actionlib_msgs_generate_messages_nodejs
[47.983s] [  0%] Built target tf_generate_messages_py
[48.144s] [  0%] Built target jsk_recognition_msgs_generate_messages_nodejs
[48.277s] [  0%] Built target roscpp_generate_messages_py
[48.420s] [  0%] Built target uuid_msgs_generate_messages_eus
[48.563s] [  0%] Built target uuid_msgs_generate_messages_cpp
[48.705s] [  0%] Built target roscpp_generate_messages_eus
[48.838s] [  0%] Built target jsk_footstep_msgs_generate_messages_cpp
[49.005s] [  0%] Built target roscpp_generate_messages_nodejs
[49.152s] [  0%] Built target actionlib_generate_messages_eus
[49.286s] [  0%] Built target rosgraph_msgs_generate_messages_cpp
[49.417s] [  0%] Built target geographic_msgs_generate_messages_lisp
[49.536s] [  0%] Built target geographic_msgs_generate_messages_py
[49.670s] [  0%] Built target uuid_msgs_generate_messages_lisp
[49.784s] [  0%] Built target uuid_msgs_generate_messages_nodejs
[49.911s] [  0%] Built target uuid_msgs_generate_messages_py
[50.090s] [  0%] Built target visualization_msgs_generate_messages_eus
[50.213s] [  0%] Built target visualization_msgs_generate_messages_lisp
[50.345s] [  0%] Built target visualization_msgs_generate_messages_nodejs
[50.478s] [  0%] Built target vector_map_msgs_generate_messages_cpp
[50.614s] [  0%] Built target vector_map_msgs_generate_messages_eus
[50.743s] [  0%] Built target vector_map_msgs_generate_messages_py
[50.880s] [ 18%] Built target aisan_map
[51.067s] [ 36%] Built target lanelet_helper
[51.229s] [ 81%] Built target lanelet2aisan_converter
[51.366s] [100%] Built target lanelet2aisan
[51.491s] [36mInstall the project...[0m
[51.534s] -- Install configuration: "Release"
[51.534s] -- Installing: /home/capstone/autoware.ai/install/lanelet_aisan_converter/lib/pkgconfig/lanelet_aisan_converter.pc
[51.535s] -- Installing: /home/capstone/autoware.ai/install/lanelet_aisan_converter/share/lanelet_aisan_converter/cmake/lanelet_aisan_converterConfig.cmake
[51.535s] -- Up-to-date: /home/capstone/autoware.ai/install/lanelet_aisan_converter/share/lanelet_aisan_converter/cmake/lanelet_aisan_converterConfig-version.cmake
[51.535s] -- Up-to-date: /home/capstone/autoware.ai/install/lanelet_aisan_converter/share/lanelet_aisan_converter/package.xml
[51.536s] -- Up-to-date: /home/capstone/autoware.ai/install/lanelet_aisan_converter/lib/lanelet_aisan_converter/lanelet2aisan
[51.537s] -- Up-to-date: /home/capstone/autoware.ai/install/lanelet_aisan_converter/lib/liblanelet_helper.a
[51.537s] -- Up-to-date: /home/capstone/autoware.ai/install/lanelet_aisan_converter/lib/liblanelet2aisan_converter.a
[51.537s] -- Up-to-date: /home/capstone/autoware.ai/install/lanelet_aisan_converter/lib/libaisan_map.a
[51.538s] -- Up-to-date: /home/capstone/autoware.ai/install/lanelet_aisan_converter/include/lanelet_aisan_converter
[51.538s] -- Up-to-date: /home/capstone/autoware.ai/install/lanelet_aisan_converter/include/lanelet_aisan_converter/lanelet2aisan_converter
[51.538s] -- Up-to-date: /home/capstone/autoware.ai/install/lanelet_aisan_converter/include/lanelet_aisan_converter/lanelet2aisan_converter/unique_id_handler.h
[51.538s] -- Up-to-date: /home/capstone/autoware.ai/install/lanelet_aisan_converter/include/lanelet_aisan_converter/lanelet2aisan_converter/lanelet2aisan_converter.h
[51.538s] -- Up-to-date: /home/capstone/autoware.ai/install/lanelet_aisan_converter/include/lanelet_aisan_converter/lanelet_helper
[51.539s] -- Up-to-date: /home/capstone/autoware.ai/install/lanelet_aisan_converter/include/lanelet_aisan_converter/lanelet_helper/lanelet_helper.h
[51.539s] -- Up-to-date: /home/capstone/autoware.ai/install/lanelet_aisan_converter/include/lanelet_aisan_converter/aisan_map
[51.539s] -- Up-to-date: /home/capstone/autoware.ai/install/lanelet_aisan_converter/include/lanelet_aisan_converter/aisan_map/csv_def.h
[51.539s] -- Up-to-date: /home/capstone/autoware.ai/install/lanelet_aisan_converter/include/lanelet_aisan_converter/aisan_map/aisan_map.h
[51.539s] -- Up-to-date: /home/capstone/autoware.ai/install/lanelet_aisan_converter/include/lanelet_aisan_converter/aisan_map/supported_vector_map_msgs.h
[51.539s] -- Up-to-date: /home/capstone/autoware.ai/install/lanelet_aisan_converter/share/lanelet_aisan_converter/scripts/launch_vector_map_loader.sh
