[1.776s] -- The C compiler identification is GNU 7.5.0
[2.000s] -- The CXX compiler identification is GNU 7.5.0
[2.017s] -- Check for working C compiler: /usr/bin/cc
[2.513s] -- Check for working C compiler: /usr/bin/cc -- works
[2.519s] -- Detecting C compiler ABI info
[3.066s] -- Detecting C compiler ABI info - done
[3.089s] -- Detecting C compile features
[4.669s] -- Detecting C compile features - done
[4.677s] -- Check for working CXX compiler: /usr/bin/c++
[5.180s] -- Check for working CXX compiler: /usr/bin/c++ -- works
[5.182s] -- Detecting CXX compiler ABI info
[5.667s] -- Detecting CXX compiler ABI info - done
[5.693s] -- Detecting CXX compile features
[7.754s] -- Detecting CXX compile features - done
[7.770s] -- CUDA compilation status: 1.
[7.819s] -- Using CATKIN_DEVEL_PREFIX: /home/capstone/autoware.ai/build/lattice_planner/devel
[7.820s] -- Using CMAKE_PREFIX_PATH: /home/capstone/autoware.ai/install/waypoint_planner;/home/capstone/autoware.ai/install/lanelet2_extension;/home/capstone/autoware.ai/install/lanelet2_validation;/home/capstone/autoware.ai/install/lanelet2_routing;/home/capstone/autoware.ai/install/lanelet2_projection;/home/capstone/autoware.ai/install/libwaypoint_follower;/home/capstone/autoware.ai/install/lanelet2_traffic_rules;/home/capstone/autoware.ai/install/lanelet2_maps;/home/capstone/autoware.ai/install/lanelet2_io;/home/capstone/autoware.ai/install/vector_map;/home/capstone/autoware.ai/install/lanelet2_core;/home/capstone/autoware.ai/install/autoware_health_checker;/home/capstone/autoware.ai/install/astar_search;/home/capstone/autoware.ai/install/amathutils_lib;/home/capstone/autoware.ai/install/vector_map_msgs;/home/capstone/autoware.ai/install/ros_observer;/home/capstone/autoware.ai/install/gnss;/home/capstone/autoware.ai/install/autoware_system_msgs;/home/capstone/autoware.ai/install/autoware_msgs;/home/capstone/autoware.ai/install/autoware_lanelet2_msgs;/home/capstone/autoware.ai/install/autoware_config_msgs;/home/capstone/autoware.ai/install/autoware_can_msgs;/home/capstone/autoware.ai/install/autoware_build_flags;/home/capstone/autoware.ai/install/wf_simulator;/home/capstone/autoware.ai/install/vision_ssd_detect;/home/capstone/autoware.ai/install/vision_segment_enet_detect;/home/capstone/autoware.ai/install/vision_lane_detect;/home/capstone/autoware.ai/install/vision_darknet_detect;/home/capstone/autoware.ai/install/vision_beyond_track;/home/capstone/autoware.ai/install/vel_pose_diff_checker;/home/capstone/autoware.ai/install/vehicle_socket;/home/capstone/autoware.ai/install/vehicle_sim_model;/home/capstone/autoware.ai/install/vehicle_model;/home/capstone/autoware.ai/install/vehicle_gazebo_simulation_launcher;/home/capstone/autoware.ai/install/vehicle_gazebo_simulation_interface;/home/capstone/autoware.ai/install/vehicle_engage_panel;/home/capstone/autoware.ai/install/vehicle_description;/home/capstone/autoware.ai/install/op_ros_helpers;/home/capstone/autoware.ai/install/op_simu;/home/capstone/autoware.ai/install/op_planner;/home/capstone/autoware.ai/install/op_utility;/home/capstone/autoware.ai/install/vector_map_server;/home/capstone/autoware.ai/install/object_map;/home/capstone/autoware.ai/install/lanelet_aisan_converter;/home/capstone/autoware.ai/install/map_file;/home/capstone/autoware.ai/install/libvectormap;/home/capstone/autoware.ai/install/twist_generator;/home/capstone/autoware.ai/install/twist2odom;/home/capstone/autoware.ai/install/runtime_manager;/home/capstone/autoware.ai/install/tablet_socket_msgs;/home/capstone/autoware.ai/install/sound_player;/home/capstone/autoware.ai/install/points2image;/home/capstone/autoware.ai/install/rosinterface;/home/capstone/autoware.ai/install/rosbag_controller;/home/capstone/autoware.ai/install/points_preprocessor;/home/capstone/autoware.ai/install/lidar_localizer;/home/capstone/autoware.ai/install/emergency_handler;/home/capstone/autoware.ai/install/range_vision_fusion;/home/capstone/autoware.ai/install/pos_db;/home/capstone/autoware.ai/install/points_downsampler;/home/capstone/autoware.ai/install/pixel_cloud_fusion;/home/capstone/autoware.ai/install/pcl_omp_registration;/home/capstone/autoware.ai/install/pc2_downsampler;/home/capstone/autoware.ai/install/obj_db;/home/capstone/autoware.ai/install/nmea_navsat;/home/capstone/autoware.ai/install/ndt_tku;/home/capstone/autoware.ai/install/ndt_gpu;/home/capstone/autoware.ai/install/ndt_cpu;/home/capstone/autoware.ai/install/multi_lidar_calibrator;/home/capstone/autoware.ai/install/mrt_cmake_modules;/home/capstone/autoware.ai/install/marker_downsampler;/home/capstone/autoware.ai/install/map_tools;/home/capstone/autoware.ai/install/map_tf_generator;/home/capstone/autoware.ai/install/log_tools;/home/capstone/autoware.ai/install/lgsvl_simulator_bridge;/home/capstone/autoware.ai/install/lanelet2_examples;/home/capstone/autoware.ai/install/lanelet2_python;/home/capstone/autoware.ai/install/integrated_viewer;/home/capstone/autoware.ai/install/image_processor;/home/capstone/autoware.ai/install/graph_tools;/home/capstone/autoware.ai/install/gnss_localizer;/home/capstone/autoware.ai/install/glviewer;/home/capstone/autoware.ai/install/gazebo_world_description;/home/capstone/autoware.ai/install/gazebo_imu_description;/home/capstone/autoware.ai/install/gazebo_camera_description;/home/capstone/autoware.ai/install/fastvirtualscan;/home/capstone/autoware.ai/install/ekf_localizer;/home/capstone/autoware.ai/install/detected_objects_visualizer;/home/capstone/autoware.ai/install/decision_maker_panel;/home/capstone/autoware.ai/install/data_preprocessor;/home/capstone/autoware.ai/install/carla_autoware_bridge;/home/capstone/autoware.ai/install/calibration_publisher;/home/capstone/autoware.ai/install/autoware_rviz_plugins;/home/capstone/autoware.ai/install/autoware_quickstart_examples;/home/capstone/autoware.ai/install/autoware_pointgrey_drivers;/home/capstone/autoware.ai/install/autoware_driveworks_interface;/home/capstone/autoware.ai/install/autoware_connector;/home/capstone/autoware.ai/install/autoware_camera_lidar_calibrator;/home/capstone/autoware.ai/install/autoware_map_msgs;/home/capstone/autoware.ai/install/autoware_launcher_rviz;/home/capstone/autoware.ai/install/autoware_launcher;/home/capstone/autoware.ai/install/autoware_external_msgs;/home/capstone/autoware.ai/install/autoware_driveworks_gmsl_interface;/home/capstone/autoware.ai/install/autoware_bag_tools;/opt/carla-ros-bridge/melodic;/opt/ros/melodic
[7.829s] -- This workspace overlays: /home/capstone/autoware.ai/install/waypoint_planner;/home/capstone/autoware.ai/install/lanelet2_extension;/home/capstone/autoware.ai/install/lanelet2_validation;/home/capstone/autoware.ai/install/lanelet2_routing;/home/capstone/autoware.ai/install/lanelet2_projection;/home/capstone/autoware.ai/install/libwaypoint_follower;/home/capstone/autoware.ai/install/lanelet2_traffic_rules;/home/capstone/autoware.ai/install/lanelet2_maps;/home/capstone/autoware.ai/install/lanelet2_io;/home/capstone/autoware.ai/install/vector_map;/home/capstone/autoware.ai/install/lanelet2_core;/home/capstone/autoware.ai/install/autoware_health_checker;/home/capstone/autoware.ai/install/astar_search;/home/capstone/autoware.ai/install/amathutils_lib;/home/capstone/autoware.ai/install/vector_map_msgs;/home/capstone/autoware.ai/install/ros_observer;/home/capstone/autoware.ai/install/gnss;/home/capstone/autoware.ai/install/autoware_system_msgs;/home/capstone/autoware.ai/install/autoware_msgs;/home/capstone/autoware.ai/install/autoware_lanelet2_msgs;/home/capstone/autoware.ai/install/autoware_config_msgs;/home/capstone/autoware.ai/install/autoware_can_msgs;/home/capstone/autoware.ai/install/autoware_build_flags;/home/capstone/autoware.ai/install/wf_simulator;/home/capstone/autoware.ai/install/vision_ssd_detect;/home/capstone/autoware.ai/install/vision_segment_enet_detect;/home/capstone/autoware.ai/install/vision_lane_detect;/home/capstone/autoware.ai/install/vision_darknet_detect;/home/capstone/autoware.ai/install/vision_beyond_track;/home/capstone/autoware.ai/install/vel_pose_diff_checker;/home/capstone/autoware.ai/install/vehicle_socket;/home/capstone/autoware.ai/install/vehicle_sim_model;/home/capstone/autoware.ai/install/vehicle_model;/home/capstone/autoware.ai/install/vehicle_gazebo_simulation_launcher;/home/capstone/autoware.ai/install/vehicle_gazebo_simulation_interface;/home/capstone/autoware.ai/install/vehicle_engage_panel;/home/capstone/autoware.ai/install/vehicle_description;/home/capstone/autoware.ai/install/op_simu;/home/capstone/autoware.ai/install/op_planner;/home/capstone/autoware.ai/install/op_utility;/home/capstone/autoware.ai/install/vector_map_server;/home/capstone/autoware.ai/install/map_file;/home/capstone/autoware.ai/install/libvectormap;/home/capstone/autoware.ai/install/twist_generator;/home/capstone/autoware.ai/install/twist2odom;/home/capstone/autoware.ai/install/runtime_manager;/home/capstone/autoware.ai/install/tablet_socket_msgs;/home/capstone/autoware.ai/install/sound_player;/home/capstone/autoware.ai/install/points2image;/home/capstone/autoware.ai/install/rosinterface;/home/capstone/autoware.ai/install/rosbag_controller;/home/capstone/autoware.ai/install/points_preprocessor;/home/capstone/autoware.ai/install/lidar_localizer;/home/capstone/autoware.ai/install/emergency_handler;/home/capstone/autoware.ai/install/range_vision_fusion;/home/capstone/autoware.ai/install/pos_db;/home/capstone/autoware.ai/install/points_downsampler;/home/capstone/autoware.ai/install/pixel_cloud_fusion;/home/capstone/autoware.ai/install/pcl_omp_registration;/home/capstone/autoware.ai/install/pc2_downsampler;/home/capstone/autoware.ai/install/obj_db;/home/capstone/autoware.ai/install/nmea_navsat;/home/capstone/autoware.ai/install/ndt_tku;/home/capstone/autoware.ai/install/ndt_gpu;/home/capstone/autoware.ai/install/ndt_cpu;/home/capstone/autoware.ai/install/multi_lidar_calibrator;/home/capstone/autoware.ai/install/mrt_cmake_modules;/home/capstone/autoware.ai/install/marker_downsampler;/home/capstone/autoware.ai/install/map_tools;/home/capstone/autoware.ai/install/map_tf_generator;/home/capstone/autoware.ai/install/log_tools;/home/capstone/autoware.ai/install/lgsvl_simulator_bridge;/home/capstone/autoware.ai/install/lanelet2_examples;/home/capstone/autoware.ai/install/lanelet2_python;/home/capstone/autoware.ai/install/integrated_viewer;/home/capstone/autoware.ai/install/image_processor;/home/capstone/autoware.ai/install/graph_tools;/home/capstone/autoware.ai/install/gnss_localizer;/home/capstone/autoware.ai/install/glviewer;/home/capstone/autoware.ai/install/gazebo_world_description;/home/capstone/autoware.ai/install/gazebo_imu_description;/home/capstone/autoware.ai/install/gazebo_camera_description;/home/capstone/autoware.ai/install/fastvirtualscan;/home/capstone/autoware.ai/install/ekf_localizer;/home/capstone/autoware.ai/install/detected_objects_visualizer;/home/capstone/autoware.ai/install/decision_maker_panel;/home/capstone/autoware.ai/install/data_preprocessor;/home/capstone/autoware.ai/install/carla_autoware_bridge;/home/capstone/autoware.ai/install/calibration_publisher;/home/capstone/autoware.ai/install/autoware_rviz_plugins;/home/capstone/autoware.ai/install/autoware_quickstart_examples;/home/capstone/autoware.ai/install/autoware_pointgrey_drivers;/home/capstone/autoware.ai/install/autoware_driveworks_interface;/home/capstone/autoware.ai/install/autoware_connector;/home/capstone/autoware.ai/install/autoware_camera_lidar_calibrator;/home/capstone/autoware.ai/install/autoware_map_msgs;/home/capstone/autoware.ai/install/autoware_launcher_rviz;/home/capstone/autoware.ai/install/autoware_launcher;/home/capstone/autoware.ai/install/autoware_external_msgs;/home/capstone/autoware.ai/install/autoware_driveworks_gmsl_interface;/home/capstone/autoware.ai/install/autoware_bag_tools;/opt/carla-ros-bridge/melodic;/opt/ros/melodic
[7.930s] -- Found PythonInterp: /usr/bin/python2 (found suitable version "2.7.17", minimum required is "2") 
[7.930s] -- Using PYTHON_EXECUTABLE: /usr/bin/python2
[7.931s] -- Using Debian Python package layout
[7.934s] -- Using empy: /usr/bin/empy
[8.303s] -- Using CATKIN_ENABLE_TESTING: ON
[8.303s] -- Call enable_testing()
[8.316s] -- Using CATKIN_TEST_RESULTS_DIR: /home/capstone/autoware.ai/build/lattice_planner/test_results
[8.446s] -- Found gtest sources under '/usr/src/googletest': gtests will be built
[8.446s] -- Found gmock sources under '/usr/src/googletest': gmock will be built
[8.538s] -- Found PythonInterp: /usr/bin/python2 (found version "2.7.17") 
[8.540s] -- Looking for pthread.h
[9.013s] -- Looking for pthread.h - found
[9.015s] -- Looking for pthread_create
[9.474s] -- Looking for pthread_create - not found
[9.474s] -- Looking for pthread_create in pthreads
[9.904s] -- Looking for pthread_create in pthreads - not found
[9.904s] -- Looking for pthread_create in pthread
[10.377s] -- Looking for pthread_create in pthread - found
[10.381s] -- Found Threads: TRUE  
[10.396s] -- Using Python nosetests: /usr/bin/nosetests-2.7
[10.633s] -- catkin 0.7.23
[10.633s] -- BUILD_SHARED_LIBS is on
[12.734s] -- Using these message generators: gencpp;geneus;genlisp;gennodejs;genpy
[17.339s] -- Found Armadillo: /usr/lib/libarmadillo.so (found version "8.400.0") 
[19.247s] -- Found OpenMP_C: -fopenmp (found version "4.5") 
[19.922s] -- Found OpenMP_CXX: -fopenmp (found version "4.5") 
[19.924s] -- Found OpenMP: TRUE (found version "4.5")  
[20.774s] -- Configuring done
[21.395s] -- Generating done
[21.502s] -- Build files have been written to: /home/capstone/autoware.ai/build/lattice_planner
[22.000s] [35m[1mScanning dependencies of target vector_map_msgs_generate_messages_py[0m
[22.170s] [  0%] Built target vector_map_msgs_generate_messages_py
[22.317s] [35m[1mScanning dependencies of target autoware_config_msgs_generate_messages_py[0m
[22.442s] [  0%] Built target autoware_config_msgs_generate_messages_py
[22.559s] [35m[1mScanning dependencies of target nodelet_topic_tools_gencfg[0m
[22.698s] [  0%] Built target nodelet_topic_tools_gencfg
[22.817s] [35m[1mScanning dependencies of target sensor_msgs_generate_messages_cpp[0m
[22.930s] [  0%] Built target sensor_msgs_generate_messages_cpp
[23.081s] [35m[1mScanning dependencies of target autoware_config_msgs_generate_messages_nodejs[0m
[23.197s] [  0%] Built target autoware_config_msgs_generate_messages_nodejs
[23.332s] [35m[1mScanning dependencies of target autoware_msgs_generate_messages_cpp[0m
[23.446s] [  0%] Built target autoware_msgs_generate_messages_cpp
[23.584s] [35m[1mScanning dependencies of target std_msgs_generate_messages_lisp[0m
[23.740s] [  0%] Built target std_msgs_generate_messages_lisp
[23.931s] [35m[1mScanning dependencies of target jsk_recognition_msgs_generate_messages_nodejs[0m
[24.066s] [  0%] Built target jsk_recognition_msgs_generate_messages_nodejs
[24.179s] [35m[1mScanning dependencies of target jsk_footstep_msgs_generate_messages_lisp[0m
[24.291s] [  0%] Built target jsk_footstep_msgs_generate_messages_lisp
[24.412s] [35m[1mScanning dependencies of target topic_tools_generate_messages_eus[0m
[24.513s] [  0%] Built target topic_tools_generate_messages_eus
[24.640s] [35m[1mScanning dependencies of target roscpp_generate_messages_nodejs[0m
[24.779s] [  0%] Built target roscpp_generate_messages_nodejs
[24.942s] [35m[1mScanning dependencies of target sensor_msgs_generate_messages_py[0m
[25.063s] [  0%] Built target sensor_msgs_generate_messages_py
[25.195s] [35m[1mScanning dependencies of target tf2_msgs_generate_messages_eus[0m
[25.329s] [  0%] Built target tf2_msgs_generate_messages_eus
[25.451s] [35m[1mScanning dependencies of target geometry_msgs_generate_messages_py[0m
[25.637s] [  0%] Built target geometry_msgs_generate_messages_py
[25.804s] [35m[1mScanning dependencies of target jsk_footstep_msgs_generate_messages_py[0m
[25.965s] [  0%] Built target jsk_footstep_msgs_generate_messages_py
[26.120s] [35m[1mScanning dependencies of target tf_generate_messages_cpp[0m
[26.342s] [  0%] Built target tf_generate_messages_cpp
[26.521s] [35m[1mScanning dependencies of target actionlib_msgs_generate_messages_py[0m
[26.685s] [  0%] Built target actionlib_msgs_generate_messages_py
[26.853s] [35m[1mScanning dependencies of target jsk_footstep_msgs_generate_messages_cpp[0m
[27.026s] [  0%] Built target jsk_footstep_msgs_generate_messages_cpp
[27.166s] [35m[1mScanning dependencies of target jsk_recognition_msgs_generate_messages_lisp[0m
[27.329s] [  0%] Built target jsk_recognition_msgs_generate_messages_lisp
[27.476s] [35m[1mScanning dependencies of target geometry_msgs_generate_messages_lisp[0m
[27.669s] [  0%] Built target geometry_msgs_generate_messages_lisp
[27.878s] [35m[1mScanning dependencies of target autoware_msgs_generate_messages_eus[0m
[28.032s] [  0%] Built target autoware_msgs_generate_messages_eus
[28.189s] [35m[1mScanning dependencies of target visualization_msgs_generate_messages_cpp[0m
[28.339s] [  0%] Built target visualization_msgs_generate_messages_cpp
[28.509s] [35m[1mScanning dependencies of target tf_generate_messages_eus[0m
[28.646s] [  0%] Built target tf_generate_messages_eus
[28.800s] [35m[1mScanning dependencies of target autoware_msgs_generate_messages_py[0m
[28.959s] [  0%] Built target autoware_msgs_generate_messages_py
[29.186s] [35m[1mScanning dependencies of target rosgraph_msgs_generate_messages_lisp[0m
[29.352s] [  0%] Built target rosgraph_msgs_generate_messages_lisp
[29.516s] [35m[1mScanning dependencies of target std_srvs_generate_messages_cpp[0m
[29.675s] [  0%] Built target std_srvs_generate_messages_cpp
[29.832s] [35m[1mScanning dependencies of target autoware_can_msgs_generate_messages_nodejs[0m
[29.971s] [  0%] Built target autoware_can_msgs_generate_messages_nodejs
[30.106s] [35m[1mScanning dependencies of target autoware_can_msgs_generate_messages_lisp[0m
[30.247s] [  0%] Built target autoware_can_msgs_generate_messages_lisp
[30.473s] [35m[1mScanning dependencies of target sensor_msgs_generate_messages_nodejs[0m
[30.627s] [  0%] Built target sensor_msgs_generate_messages_nodejs
[30.794s] [35m[1mScanning dependencies of target roscpp_generate_messages_py[0m
[30.917s] [  0%] Built target roscpp_generate_messages_py
[31.054s] [35m[1mScanning dependencies of target vector_map_msgs_generate_messages_nodejs[0m
[31.180s] [  0%] Built target vector_map_msgs_generate_messages_nodejs
[31.324s] [35m[1mScanning dependencies of target actionlib_msgs_generate_messages_eus[0m
[31.434s] [  0%] Built target actionlib_msgs_generate_messages_eus
[31.585s] [35m[1mScanning dependencies of target dynamic_reconfigure_generate_messages_py[0m
[31.770s] [  0%] Built target dynamic_reconfigure_generate_messages_py
[31.981s] [35m[1mScanning dependencies of target actionlib_generate_messages_lisp[0m
[32.150s] [  0%] Built target actionlib_generate_messages_lisp
[32.348s] [35m[1mScanning dependencies of target autoware_can_msgs_generate_messages_cpp[0m
[32.519s] [  0%] Built target autoware_can_msgs_generate_messages_cpp
[32.681s] [35m[1mScanning dependencies of target autoware_can_msgs_generate_messages_py[0m
[32.851s] [  0%] Built target autoware_can_msgs_generate_messages_py
[32.971s] [35m[1mScanning dependencies of target geometry_msgs_generate_messages_nodejs[0m
[33.101s] [  0%] Built target geometry_msgs_generate_messages_nodejs
[33.210s] [35m[1mScanning dependencies of target dynamic_reconfigure_generate_messages_eus[0m
[33.326s] [  0%] Built target dynamic_reconfigure_generate_messages_eus
[33.442s] [35m[1mScanning dependencies of target autoware_can_msgs_generate_messages_eus[0m
[33.579s] [  0%] Built target autoware_can_msgs_generate_messages_eus
[33.711s] [35m[1mScanning dependencies of target jsk_recognition_msgs_generate_messages_eus[0m
[33.842s] [  0%] Built target jsk_recognition_msgs_generate_messages_eus
[33.970s] [35m[1mScanning dependencies of target std_msgs_generate_messages_py[0m
[34.108s] [  0%] Built target std_msgs_generate_messages_py
[34.269s] [35m[1mScanning dependencies of target jsk_footstep_msgs_generate_messages_eus[0m
[34.392s] [  0%] Built target jsk_footstep_msgs_generate_messages_eus
[34.526s] [35m[1mScanning dependencies of target autoware_config_msgs_generate_messages_cpp[0m
[34.677s] [  0%] Built target autoware_config_msgs_generate_messages_cpp
[34.793s] [35m[1mScanning dependencies of target sensor_msgs_generate_messages_eus[0m
[34.912s] [  0%] Built target sensor_msgs_generate_messages_eus
[35.032s] [35m[1mScanning dependencies of target autoware_config_msgs_generate_messages_eus[0m
[35.189s] [  0%] Built target autoware_config_msgs_generate_messages_eus
[35.338s] [35m[1mScanning dependencies of target autoware_msgs_generate_messages_nodejs[0m
[35.507s] [  0%] Built target autoware_msgs_generate_messages_nodejs
[35.632s] [35m[1mScanning dependencies of target jsk_recognition_msgs_generate_messages_cpp[0m
[35.779s] [  0%] Built target jsk_recognition_msgs_generate_messages_cpp
[35.917s] [35m[1mScanning dependencies of target geometry_msgs_generate_messages_cpp[0m
[36.032s] [  0%] Built target geometry_msgs_generate_messages_cpp
[36.156s] [35m[1mScanning dependencies of target autoware_config_msgs_generate_messages_lisp[0m
[36.280s] [  0%] Built target autoware_config_msgs_generate_messages_lisp
[36.386s] [35m[1mScanning dependencies of target autoware_msgs_generate_messages_lisp[0m
[36.522s] [  0%] Built target autoware_msgs_generate_messages_lisp
[36.664s] [35m[1mScanning dependencies of target topic_tools_generate_messages_cpp[0m
[36.823s] [  0%] Built target topic_tools_generate_messages_cpp
[37.000s] [35m[1mScanning dependencies of target visualization_msgs_generate_messages_py[0m
[37.161s] [  0%] Built target visualization_msgs_generate_messages_py
[37.317s] [35m[1mScanning dependencies of target std_msgs_generate_messages_nodejs[0m
[37.480s] [  0%] Built target std_msgs_generate_messages_nodejs
[37.637s] [35m[1mScanning dependencies of target nodelet_generate_messages_lisp[0m
[37.818s] [  0%] Built target nodelet_generate_messages_lisp
[37.936s] [35m[1mScanning dependencies of target geometry_msgs_generate_messages_eus[0m
[38.079s] [  0%] Built target geometry_msgs_generate_messages_eus
[38.221s] [35m[1mScanning dependencies of target roscpp_generate_messages_cpp[0m
[38.370s] [  0%] Built target roscpp_generate_messages_cpp
[38.499s] [35m[1mScanning dependencies of target tf_generate_messages_nodejs[0m
[38.630s] [  0%] Built target tf_generate_messages_nodejs
[38.794s] [35m[1mScanning dependencies of target topic_tools_generate_messages_py[0m
[38.935s] [  0%] Built target topic_tools_generate_messages_py
[39.057s] [35m[1mScanning dependencies of target roscpp_generate_messages_eus[0m
[39.182s] [  0%] Built target roscpp_generate_messages_eus
[39.317s] [35m[1mScanning dependencies of target rosgraph_msgs_generate_messages_cpp[0m
[39.459s] [  0%] Built target rosgraph_msgs_generate_messages_cpp
[39.579s] [35m[1mScanning dependencies of target actionlib_generate_messages_eus[0m
[39.728s] [  0%] Built target actionlib_generate_messages_eus
[39.885s] [35m[1mScanning dependencies of target rosgraph_msgs_generate_messages_eus[0m
[40.013s] [  0%] Built target rosgraph_msgs_generate_messages_eus
[40.142s] [35m[1mScanning dependencies of target rosgraph_msgs_generate_messages_nodejs[0m
[40.269s] [  0%] Built target rosgraph_msgs_generate_messages_nodejs
[40.385s] [35m[1mScanning dependencies of target actionlib_generate_messages_cpp[0m
[40.520s] [  0%] Built target actionlib_generate_messages_cpp
[40.661s] [35m[1mScanning dependencies of target std_srvs_generate_messages_py[0m
[40.774s] [  0%] Built target std_srvs_generate_messages_py
[40.878s] [35m[1mScanning dependencies of target actionlib_generate_messages_nodejs[0m
[41.016s] [  0%] Built target actionlib_generate_messages_nodejs
[41.145s] [35m[1mScanning dependencies of target actionlib_generate_messages_py[0m
[41.296s] [  0%] Built target actionlib_generate_messages_py
[41.439s] [35m[1mScanning dependencies of target tf2_msgs_generate_messages_cpp[0m
[41.576s] [  0%] Built target tf2_msgs_generate_messages_cpp
[41.686s] [35m[1mScanning dependencies of target dynamic_reconfigure_generate_messages_lisp[0m
[41.801s] [  0%] Built target dynamic_reconfigure_generate_messages_lisp
[41.907s] [35m[1mScanning dependencies of target tf2_msgs_generate_messages_lisp[0m
[42.021s] [  0%] Built target tf2_msgs_generate_messages_lisp
[42.157s] [35m[1mScanning dependencies of target tf2_msgs_generate_messages_py[0m
[42.266s] [  0%] Built target tf2_msgs_generate_messages_py
[42.388s] [35m[1mScanning dependencies of target dynamic_reconfigure_generate_messages_nodejs[0m
[42.523s] [  0%] Built target dynamic_reconfigure_generate_messages_nodejs
[42.643s] [35m[1mScanning dependencies of target bond_generate_messages_cpp[0m
[42.789s] [  0%] Built target bond_generate_messages_cpp
[42.909s] [35m[1mScanning dependencies of target pcl_ros_gencfg[0m
[43.048s] [  0%] Built target pcl_ros_gencfg
[43.207s] [35m[1mScanning dependencies of target dynamic_reconfigure_generate_messages_cpp[0m
[43.324s] [  0%] Built target dynamic_reconfigure_generate_messages_cpp
[43.442s] [35m[1mScanning dependencies of target pcl_msgs_generate_messages_cpp[0m
[43.567s] [  0%] Built target pcl_msgs_generate_messages_cpp
[43.719s] [35m[1mScanning dependencies of target jsk_recognition_msgs_generate_messages_py[0m
[43.841s] [  0%] Built target jsk_recognition_msgs_generate_messages_py
[43.951s] [35m[1mScanning dependencies of target dynamic_reconfigure_gencfg[0m
[44.084s] [  0%] Built target dynamic_reconfigure_gencfg
[44.231s] [35m[1mScanning dependencies of target sensor_msgs_generate_messages_lisp[0m
[44.375s] [  0%] Built target sensor_msgs_generate_messages_lisp
[44.522s] [35m[1mScanning dependencies of target tf2_msgs_generate_messages_nodejs[0m
[44.668s] [  0%] Built target tf2_msgs_generate_messages_nodejs
[44.817s] [35m[1mScanning dependencies of target nodelet_generate_messages_cpp[0m
[44.981s] [  0%] Built target nodelet_generate_messages_cpp
[45.128s] [35m[1mScanning dependencies of target nodelet_generate_messages_eus[0m
[45.253s] [  0%] Built target nodelet_generate_messages_eus
[45.375s] [35m[1mScanning dependencies of target nodelet_generate_messages_nodejs[0m
[45.490s] [  0%] Built target nodelet_generate_messages_nodejs
[45.629s] [35m[1mScanning dependencies of target libtraj_gen[0m
[45.748s] [  9%] [32mBuilding CXX object CMakeFiles/libtraj_gen.dir/lib/libtraj_gen.cpp.o[0m
[51.203s] [ 18%] [32m[1mLinking CXX shared library devel/lib/liblibtraj_gen.so[0m
[52.663s] [ 18%] Built target libtraj_gen
[52.772s] [35m[1mScanning dependencies of target nodelet_generate_messages_py[0m
[52.886s] [ 18%] Built target nodelet_generate_messages_py
[53.025s] [35m[1mScanning dependencies of target std_srvs_generate_messages_nodejs[0m
[53.168s] [ 18%] Built target std_srvs_generate_messages_nodejs
[53.301s] [35m[1mScanning dependencies of target jsk_footstep_msgs_generate_messages_nodejs[0m
[53.420s] [ 18%] Built target jsk_footstep_msgs_generate_messages_nodejs
[53.585s] [35m[1mScanning dependencies of target bond_generate_messages_eus[0m
[53.740s] [ 18%] Built target bond_generate_messages_eus
[53.856s] [35m[1mScanning dependencies of target bond_generate_messages_lisp[0m
[54.018s] [ 18%] Built target bond_generate_messages_lisp
[54.160s] [35m[1mScanning dependencies of target bond_generate_messages_nodejs[0m
[54.321s] [ 18%] Built target bond_generate_messages_nodejs
[54.457s] [35m[1mScanning dependencies of target bond_generate_messages_py[0m
[54.598s] [ 18%] Built target bond_generate_messages_py
[54.716s] [35m[1mScanning dependencies of target std_srvs_generate_messages_eus[0m
[54.887s] [ 18%] Built target std_srvs_generate_messages_eus
[55.087s] [35m[1mScanning dependencies of target std_msgs_generate_messages_eus[0m
[55.248s] [ 18%] Built target std_msgs_generate_messages_eus
[55.417s] [35m[1mScanning dependencies of target roscpp_generate_messages_lisp[0m
[55.613s] [ 18%] Built target roscpp_generate_messages_lisp
[55.728s] [35m[1mScanning dependencies of target std_srvs_generate_messages_lisp[0m
[55.861s] [ 18%] Built target std_srvs_generate_messages_lisp
[55.973s] [35m[1mScanning dependencies of target topic_tools_generate_messages_lisp[0m
[56.076s] [ 18%] Built target topic_tools_generate_messages_lisp
[56.185s] [35m[1mScanning dependencies of target topic_tools_generate_messages_nodejs[0m
[56.334s] [ 18%] Built target topic_tools_generate_messages_nodejs
[56.493s] [35m[1mScanning dependencies of target visualization_msgs_generate_messages_eus[0m
[56.648s] [ 18%] Built target visualization_msgs_generate_messages_eus
[56.817s] [35m[1mScanning dependencies of target visualization_msgs_generate_messages_lisp[0m
[56.950s] [ 18%] Built target visualization_msgs_generate_messages_lisp
[57.068s] [35m[1mScanning dependencies of target rosgraph_msgs_generate_messages_py[0m
[57.226s] [ 18%] Built target rosgraph_msgs_generate_messages_py
[57.377s] [35m[1mScanning dependencies of target visualization_msgs_generate_messages_nodejs[0m
[57.584s] [ 18%] Built target visualization_msgs_generate_messages_nodejs
[57.732s] [35m[1mScanning dependencies of target vector_map_msgs_generate_messages_cpp[0m
[57.891s] [ 18%] Built target vector_map_msgs_generate_messages_cpp
[58.027s] [35m[1mScanning dependencies of target std_msgs_generate_messages_cpp[0m
[58.190s] [ 18%] Built target std_msgs_generate_messages_cpp
[58.332s] [35m[1mScanning dependencies of target vector_map_msgs_generate_messages_eus[0m
[58.457s] [ 18%] Built target vector_map_msgs_generate_messages_eus
[58.607s] [35m[1mScanning dependencies of target pcl_msgs_generate_messages_eus[0m
[58.773s] [ 18%] Built target pcl_msgs_generate_messages_eus
[58.950s] [35m[1mScanning dependencies of target vector_map_msgs_generate_messages_lisp[0m
[59.065s] [ 18%] Built target vector_map_msgs_generate_messages_lisp
[59.200s] [35m[1mScanning dependencies of target pcl_msgs_generate_messages_nodejs[0m
[59.381s] [ 18%] Built target pcl_msgs_generate_messages_nodejs
[59.509s] [35m[1mScanning dependencies of target pcl_msgs_generate_messages_lisp[0m
[59.646s] [ 18%] Built target pcl_msgs_generate_messages_lisp
[59.767s] [35m[1mScanning dependencies of target pcl_msgs_generate_messages_py[0m
[59.886s] [ 18%] Built target pcl_msgs_generate_messages_py
[60.042s] [35m[1mScanning dependencies of target actionlib_msgs_generate_messages_cpp[0m
[60.174s] [ 18%] Built target actionlib_msgs_generate_messages_cpp
[60.342s] [35m[1mScanning dependencies of target tf_generate_messages_py[0m
[60.521s] [ 18%] Built target tf_generate_messages_py
[60.648s] [35m[1mScanning dependencies of target actionlib_msgs_generate_messages_lisp[0m
[60.783s] [ 18%] Built target actionlib_msgs_generate_messages_lisp
[60.901s] [35m[1mScanning dependencies of target actionlib_msgs_generate_messages_nodejs[0m
[61.028s] [ 18%] Built target actionlib_msgs_generate_messages_nodejs
[61.141s] [35m[1mScanning dependencies of target tf_generate_messages_lisp[0m
[61.260s] [ 18%] Built target tf_generate_messages_lisp
[61.366s] [35m[1mScanning dependencies of target lattice_twist_convert[0m
[61.550s] [ 27%] [32mBuilding CXX object CMakeFiles/lattice_twist_convert.dir/nodes/lattice_twist_convert/lattice_twist_convert.cpp.o[0m
[74.255s] [ 36%] [32m[1mLinking CXX executable devel/lib/lattice_planner/lattice_twist_convert[0m
[75.190s] [ 36%] Built target lattice_twist_convert
[75.319s] [35m[1mScanning dependencies of target lattice_velocity_set[0m
[75.647s] [ 45%] [32mBuilding CXX object CMakeFiles/lattice_velocity_set.dir/nodes/lattice_velocity_set/lattice_velocity_set.cpp.o[0m
[105.941s] [ 54%] [32mBuilding CXX object CMakeFiles/lattice_velocity_set.dir/nodes/lattice_velocity_set/libvelocity_set.cpp.o[0m
[112.412s] [ 63%] [32m[1mLinking CXX executable devel/lib/lattice_planner/lattice_velocity_set[0m
[113.611s] [ 63%] Built target lattice_velocity_set
[113.734s] [35m[1mScanning dependencies of target lattice_trajectory_gen[0m
[113.919s] [ 72%] [32mBuilding CXX object CMakeFiles/lattice_trajectory_gen.dir/nodes/lattice_trajectory_gen/lattice_trajectory_gen.cpp.o[0m
[130.564s] [ 81%] [32m[1mLinking CXX executable devel/lib/lattice_planner/lattice_trajectory_gen[0m
[131.596s] [ 81%] Built target lattice_trajectory_gen
[131.706s] [35m[1mScanning dependencies of target path_select[0m
[131.859s] [ 90%] [32mBuilding CXX object CMakeFiles/path_select.dir/nodes/path_select/path_select.cpp.o[0m
[138.457s] [100%] [32m[1mLinking CXX executable devel/lib/lattice_planner/path_select[0m
[139.599s] [100%] Built target path_select
[141.859s] [35m[1mScanning dependencies of target tests[0m
[141.957s] Built target tests
[144.030s] [  0%] Built target vector_map_msgs_generate_messages_py
[144.224s] [  0%] Built target autoware_config_msgs_generate_messages_py
[144.408s] [  0%] Built target nodelet_topic_tools_gencfg
[144.595s] [  0%] Built target sensor_msgs_generate_messages_cpp
[144.764s] [  0%] Built target autoware_config_msgs_generate_messages_nodejs
[144.962s] [  0%] Built target autoware_msgs_generate_messages_cpp
[145.161s] [  0%] Built target std_msgs_generate_messages_lisp
[145.358s] [  0%] Built target jsk_recognition_msgs_generate_messages_nodejs
[145.544s] [  0%] Built target jsk_footstep_msgs_generate_messages_lisp
[145.734s] [  0%] Built target topic_tools_generate_messages_eus
[145.915s] [  0%] Built target roscpp_generate_messages_nodejs
[146.090s] [  0%] Built target sensor_msgs_generate_messages_py
[146.261s] [  0%] Built target tf2_msgs_generate_messages_eus
[146.447s] [  0%] Built target geometry_msgs_generate_messages_py
[146.637s] [  0%] Built target jsk_footstep_msgs_generate_messages_py
[146.833s] [  0%] Built target tf_generate_messages_cpp
[147.030s] [  0%] Built target actionlib_msgs_generate_messages_py
[147.225s] [  0%] Built target jsk_footstep_msgs_generate_messages_cpp
[147.422s] [  0%] Built target jsk_recognition_msgs_generate_messages_lisp
[147.615s] [  0%] Built target geometry_msgs_generate_messages_lisp
[147.802s] [  0%] Built target autoware_msgs_generate_messages_eus
[147.980s] [  0%] Built target visualization_msgs_generate_messages_cpp
[148.127s] [  0%] Built target tf_generate_messages_eus
[148.288s] [  0%] Built target autoware_msgs_generate_messages_py
[148.476s] [  0%] Built target rosgraph_msgs_generate_messages_lisp
[148.657s] [  0%] Built target std_srvs_generate_messages_cpp
[148.807s] [  0%] Built target autoware_can_msgs_generate_messages_nodejs
[148.973s] [  0%] Built target autoware_can_msgs_generate_messages_lisp
[149.118s] [  0%] Built target sensor_msgs_generate_messages_nodejs
[149.286s] [  0%] Built target roscpp_generate_messages_py
[149.429s] [  0%] Built target vector_map_msgs_generate_messages_nodejs
[149.590s] [  0%] Built target actionlib_msgs_generate_messages_eus
[149.773s] [  0%] Built target dynamic_reconfigure_generate_messages_py
[149.945s] [  0%] Built target actionlib_generate_messages_lisp
[150.116s] [  0%] Built target autoware_can_msgs_generate_messages_cpp
[150.264s] [  0%] Built target autoware_can_msgs_generate_messages_py
[150.410s] [  0%] Built target geometry_msgs_generate_messages_nodejs
[150.557s] [  0%] Built target dynamic_reconfigure_generate_messages_eus
[150.710s] [  0%] Built target autoware_can_msgs_generate_messages_eus
[150.895s] [  0%] Built target jsk_recognition_msgs_generate_messages_eus
[151.078s] [  0%] Built target std_msgs_generate_messages_py
[151.271s] [  0%] Built target jsk_footstep_msgs_generate_messages_eus
[151.467s] [  0%] Built target autoware_config_msgs_generate_messages_cpp
[151.656s] [  0%] Built target sensor_msgs_generate_messages_eus
[151.852s] [  0%] Built target autoware_config_msgs_generate_messages_eus
[152.041s] [  0%] Built target autoware_msgs_generate_messages_nodejs
[152.207s] [  0%] Built target jsk_recognition_msgs_generate_messages_cpp
[152.380s] [  0%] Built target geometry_msgs_generate_messages_cpp
[152.565s] [  0%] Built target autoware_config_msgs_generate_messages_lisp
[152.732s] [  0%] Built target autoware_msgs_generate_messages_lisp
[152.889s] [  0%] Built target topic_tools_generate_messages_cpp
[153.076s] [  0%] Built target visualization_msgs_generate_messages_py
[153.259s] [  0%] Built target std_msgs_generate_messages_nodejs
[153.443s] [  0%] Built target nodelet_generate_messages_lisp
[153.631s] [  0%] Built target geometry_msgs_generate_messages_eus
[153.800s] [  0%] Built target roscpp_generate_messages_cpp
[153.957s] [  0%] Built target tf_generate_messages_nodejs
[154.117s] [  0%] Built target topic_tools_generate_messages_py
[154.295s] [  0%] Built target roscpp_generate_messages_eus
[154.484s] [  0%] Built target rosgraph_msgs_generate_messages_cpp
[154.675s] [  0%] Built target actionlib_generate_messages_eus
[154.866s] [  0%] Built target rosgraph_msgs_generate_messages_eus
[155.056s] [  0%] Built target rosgraph_msgs_generate_messages_nodejs
[155.227s] [  0%] Built target actionlib_generate_messages_cpp
[155.393s] [  0%] Built target std_srvs_generate_messages_py
[155.574s] [  0%] Built target actionlib_generate_messages_nodejs
[155.759s] [  0%] Built target actionlib_generate_messages_py
[155.933s] [  0%] Built target tf2_msgs_generate_messages_cpp
[156.108s] [  0%] Built target dynamic_reconfigure_generate_messages_lisp
[156.297s] [  0%] Built target tf2_msgs_generate_messages_lisp
[156.484s] [  0%] Built target tf2_msgs_generate_messages_py
[156.676s] [  0%] Built target dynamic_reconfigure_generate_messages_nodejs
[156.867s] [  0%] Built target bond_generate_messages_cpp
[157.048s] [  0%] Built target pcl_ros_gencfg
[157.229s] [  0%] Built target dynamic_reconfigure_generate_messages_cpp
[157.419s] [  0%] Built target pcl_msgs_generate_messages_cpp
[157.603s] [  0%] Built target jsk_recognition_msgs_generate_messages_py
[157.775s] [  0%] Built target dynamic_reconfigure_gencfg
[157.940s] [  0%] Built target sensor_msgs_generate_messages_lisp
[158.097s] [  0%] Built target tf2_msgs_generate_messages_nodejs
[158.246s] [  0%] Built target nodelet_generate_messages_cpp
[158.409s] [  0%] Built target nodelet_generate_messages_eus
[158.589s] [  0%] Built target nodelet_generate_messages_nodejs
[158.776s] [ 18%] Built target libtraj_gen
[158.945s] [ 18%] Built target nodelet_generate_messages_py
[159.112s] [ 18%] Built target std_srvs_generate_messages_nodejs
[159.305s] [ 18%] Built target jsk_footstep_msgs_generate_messages_nodejs
[159.504s] [ 18%] Built target bond_generate_messages_eus
[159.677s] [ 18%] Built target bond_generate_messages_lisp
[159.838s] [ 18%] Built target bond_generate_messages_nodejs
[160.002s] [ 18%] Built target bond_generate_messages_py
[160.184s] [ 18%] Built target std_srvs_generate_messages_eus
[160.371s] [ 18%] Built target std_msgs_generate_messages_eus
[160.533s] [ 18%] Built target roscpp_generate_messages_lisp
[160.696s] [ 18%] Built target std_srvs_generate_messages_lisp
[160.864s] [ 18%] Built target topic_tools_generate_messages_lisp
[161.035s] [ 18%] Built target topic_tools_generate_messages_nodejs
[161.188s] [ 18%] Built target visualization_msgs_generate_messages_eus
[161.355s] [ 18%] Built target visualization_msgs_generate_messages_lisp
[161.520s] [ 18%] Built target rosgraph_msgs_generate_messages_py
[161.668s] [ 18%] Built target visualization_msgs_generate_messages_nodejs
[161.831s] [ 18%] Built target vector_map_msgs_generate_messages_cpp
[161.999s] [ 18%] Built target std_msgs_generate_messages_cpp
[162.183s] [ 18%] Built target vector_map_msgs_generate_messages_eus
[162.330s] [ 18%] Built target pcl_msgs_generate_messages_eus
[162.465s] [ 18%] Built target vector_map_msgs_generate_messages_lisp
[162.605s] [ 18%] Built target pcl_msgs_generate_messages_nodejs
[162.778s] [ 18%] Built target pcl_msgs_generate_messages_lisp
[162.955s] [ 18%] Built target pcl_msgs_generate_messages_py
[163.117s] [ 18%] Built target actionlib_msgs_generate_messages_cpp
[163.271s] [ 18%] Built target tf_generate_messages_py
[163.432s] [ 18%] Built target actionlib_msgs_generate_messages_lisp
[163.609s] [ 18%] Built target actionlib_msgs_generate_messages_nodejs
[163.782s] [ 18%] Built target tf_generate_messages_lisp
[163.973s] [ 36%] Built target lattice_twist_convert
[164.180s] [ 63%] Built target lattice_velocity_set
[164.372s] [ 81%] Built target lattice_trajectory_gen
[164.561s] [100%] Built target path_select
[164.717s] [36mInstall the project...[0m
[164.778s] -- Install configuration: "Release"
[164.778s] -- Installing: /home/capstone/autoware.ai/install/lattice_planner/lib/pkgconfig/lattice_planner.pc
[164.778s] -- Installing: /home/capstone/autoware.ai/install/lattice_planner/share/lattice_planner/cmake/lattice_plannerConfig.cmake
[164.779s] -- Installing: /home/capstone/autoware.ai/install/lattice_planner/share/lattice_planner/cmake/lattice_plannerConfig-version.cmake
[164.779s] -- Installing: /home/capstone/autoware.ai/install/lattice_planner/share/lattice_planner/package.xml
[164.781s] -- Installing: /home/capstone/autoware.ai/install/lattice_planner/lib/liblibtraj_gen.so
[164.782s] -- Set runtime path of "/home/capstone/autoware.ai/install/lattice_planner/lib/liblibtraj_gen.so" to ""
[164.782s] -- Installing: /home/capstone/autoware.ai/install/lattice_planner/lib/lattice_planner/lattice_trajectory_gen
[164.787s] -- Set runtime path of "/home/capstone/autoware.ai/install/lattice_planner/lib/lattice_planner/lattice_trajectory_gen" to ""
[164.787s] -- Installing: /home/capstone/autoware.ai/install/lattice_planner/lib/lattice_planner/lattice_twist_convert
[164.790s] -- Set runtime path of "/home/capstone/autoware.ai/install/lattice_planner/lib/lattice_planner/lattice_twist_convert" to ""
[164.791s] -- Installing: /home/capstone/autoware.ai/install/lattice_planner/lib/lattice_planner/lattice_velocity_set
[164.801s] -- Set runtime path of "/home/capstone/autoware.ai/install/lattice_planner/lib/lattice_planner/lattice_velocity_set" to ""
[164.801s] -- Installing: /home/capstone/autoware.ai/install/lattice_planner/lib/lattice_planner/path_select
[164.804s] -- Set runtime path of "/home/capstone/autoware.ai/install/lattice_planner/lib/lattice_planner/path_select" to ""
[164.804s] -- Installing: /home/capstone/autoware.ai/install/lattice_planner/share/lattice_planner/launch
[164.804s] -- Installing: /home/capstone/autoware.ai/install/lattice_planner/share/lattice_planner/launch/lattice_velocity_set.launch
[164.804s] -- Installing: /home/capstone/autoware.ai/install/lattice_planner/share/lattice_planner/launch/lattice_trajectory_gen.launch
