[1.007s] -- The C compiler identification is GNU 7.5.0
[1.270s] -- The CXX compiler identification is GNU 7.5.0
[1.288s] -- Check for working C compiler: /usr/bin/cc
[1.861s] -- Check for working C compiler: /usr/bin/cc -- works
[1.868s] -- Detecting C compiler ABI info
[2.518s] -- Detecting C compiler ABI info - done
[2.541s] -- Detecting C compile features
[4.368s] -- Detecting C compile features - done
[4.378s] -- Check for working CXX compiler: /usr/bin/c++
[5.056s] -- Check for working CXX compiler: /usr/bin/c++ -- works
[5.063s] -- Detecting CXX compiler ABI info
[5.704s] -- Detecting CXX compiler ABI info - done
[5.744s] -- Detecting CXX compile features
[8.326s] -- Detecting CXX compile features - done
[8.346s] -- CUDA compilation status: 1.
[8.407s] -- Using CATKIN_DEVEL_PREFIX: /home/capstone/autoware.ai/build/wf_simulator/devel
[8.408s] -- Using CMAKE_PREFIX_PATH: /home/capstone/autoware.ai/install/vehicle_sim_model;/home/capstone/autoware.ai/install/autoware_health_checker;/home/capstone/autoware.ai/install/amathutils_lib;/home/capstone/autoware.ai/install/ros_observer;/home/capstone/autoware.ai/install/autoware_system_msgs;/home/capstone/autoware.ai/install/autoware_msgs;/home/capstone/autoware.ai/install/autoware_build_flags;/home/capstone/autoware.ai/install/wf_simulator;/home/capstone/autoware.ai/install/vision_ssd_detect;/home/capstone/autoware.ai/install/vision_segment_enet_detect;/home/capstone/autoware.ai/install/vision_lane_detect;/home/capstone/autoware.ai/install/vision_darknet_detect;/home/capstone/autoware.ai/install/vision_beyond_track;/home/capstone/autoware.ai/install/vel_pose_diff_checker;/home/capstone/autoware.ai/install/vehicle_socket;/home/capstone/autoware.ai/install/vehicle_model;/home/capstone/autoware.ai/install/vehicle_gazebo_simulation_launcher;/home/capstone/autoware.ai/install/vehicle_gazebo_simulation_interface;/home/capstone/autoware.ai/install/vehicle_engage_panel;/home/capstone/autoware.ai/install/vehicle_description;/home/capstone/autoware.ai/install/op_ros_helpers;/home/capstone/autoware.ai/install/op_simu;/home/capstone/autoware.ai/install/op_planner;/home/capstone/autoware.ai/install/op_utility;/home/capstone/autoware.ai/install/vector_map_server;/home/capstone/autoware.ai/install/object_map;/home/capstone/autoware.ai/install/lanelet_aisan_converter;/home/capstone/autoware.ai/install/map_file;/home/capstone/autoware.ai/install/libvectormap;/home/capstone/autoware.ai/install/vector_map;/home/capstone/autoware.ai/install/vector_map_msgs;/home/capstone/autoware.ai/install/twist_generator;/home/capstone/autoware.ai/install/twist2odom;/home/capstone/autoware.ai/install/runtime_manager;/home/capstone/autoware.ai/install/tablet_socket_msgs;/home/capstone/autoware.ai/install/sound_player;/home/capstone/autoware.ai/install/points2image;/home/capstone/autoware.ai/install/rosinterface;/home/capstone/autoware.ai/install/rosbag_controller;/home/capstone/autoware.ai/install/points_preprocessor;/home/capstone/autoware.ai/install/lidar_localizer;/home/capstone/autoware.ai/install/emergency_handler;/home/capstone/autoware.ai/install/range_vision_fusion;/home/capstone/autoware.ai/install/pos_db;/home/capstone/autoware.ai/install/points_downsampler;/home/capstone/autoware.ai/install/pixel_cloud_fusion;/home/capstone/autoware.ai/install/pcl_omp_registration;/home/capstone/autoware.ai/install/pc2_downsampler;/home/capstone/autoware.ai/install/obj_db;/home/capstone/autoware.ai/install/nmea_navsat;/home/capstone/autoware.ai/install/ndt_tku;/home/capstone/autoware.ai/install/ndt_gpu;/home/capstone/autoware.ai/install/ndt_cpu;/home/capstone/autoware.ai/install/multi_lidar_calibrator;/home/capstone/autoware.ai/install/mrt_cmake_modules;/home/capstone/autoware.ai/install/marker_downsampler;/home/capstone/autoware.ai/install/map_tools;/home/capstone/autoware.ai/install/map_tf_generator;/home/capstone/autoware.ai/install/log_tools;/home/capstone/autoware.ai/install/libwaypoint_follower;/home/capstone/autoware.ai/install/lgsvl_simulator_bridge;/home/capstone/autoware.ai/install/lanelet2_extension;/home/capstone/autoware.ai/install/lanelet2_validation;/home/capstone/autoware.ai/install/lanelet2_examples;/home/capstone/autoware.ai/install/lanelet2_python;/home/capstone/autoware.ai/install/lanelet2_routing;/home/capstone/autoware.ai/install/lanelet2_traffic_rules;/home/capstone/autoware.ai/install/lanelet2_projection;/home/capstone/autoware.ai/install/lanelet2_maps;/home/capstone/autoware.ai/install/lanelet2_io;/home/capstone/autoware.ai/install/lanelet2_core;/home/capstone/autoware.ai/install/integrated_viewer;/home/capstone/autoware.ai/install/image_processor;/home/capstone/autoware.ai/install/graph_tools;/home/capstone/autoware.ai/install/gnss_localizer;/home/capstone/autoware.ai/install/gnss;/home/capstone/autoware.ai/install/glviewer;/home/capstone/autoware.ai/install/gazebo_world_description;/home/capstone/autoware.ai/install/gazebo_imu_description;/home/capstone/autoware.ai/install/gazebo_camera_description;/home/capstone/autoware.ai/install/fastvirtualscan;/home/capstone/autoware.ai/install/ekf_localizer;/home/capstone/autoware.ai/install/detected_objects_visualizer;/home/capstone/autoware.ai/install/decision_maker_panel;/home/capstone/autoware.ai/install/data_preprocessor;/home/capstone/autoware.ai/install/carla_autoware_bridge;/home/capstone/autoware.ai/install/calibration_publisher;/home/capstone/autoware.ai/install/autoware_rviz_plugins;/home/capstone/autoware.ai/install/autoware_quickstart_examples;/home/capstone/autoware.ai/install/autoware_pointgrey_drivers;/home/capstone/autoware.ai/install/autoware_driveworks_interface;/home/capstone/autoware.ai/install/autoware_connector;/home/capstone/autoware.ai/install/autoware_camera_lidar_calibrator;/home/capstone/autoware.ai/install/autoware_map_msgs;/home/capstone/autoware.ai/install/autoware_launcher_rviz;/home/capstone/autoware.ai/install/autoware_launcher;/home/capstone/autoware.ai/install/autoware_lanelet2_msgs;/home/capstone/autoware.ai/install/autoware_external_msgs;/home/capstone/autoware.ai/install/autoware_driveworks_gmsl_interface;/home/capstone/autoware.ai/install/autoware_config_msgs;/home/capstone/autoware.ai/install/autoware_can_msgs;/home/capstone/autoware.ai/install/autoware_bag_tools;/opt/carla-ros-bridge/melodic;/opt/ros/melodic
[8.416s] -- This workspace overlays: /home/capstone/autoware.ai/install/vehicle_sim_model;/home/capstone/autoware.ai/install/autoware_health_checker;/home/capstone/autoware.ai/install/amathutils_lib;/home/capstone/autoware.ai/install/ros_observer;/home/capstone/autoware.ai/install/autoware_system_msgs;/home/capstone/autoware.ai/install/autoware_msgs;/home/capstone/autoware.ai/install/autoware_build_flags;/home/capstone/autoware.ai/install/vision_ssd_detect;/home/capstone/autoware.ai/install/vision_segment_enet_detect;/home/capstone/autoware.ai/install/vision_lane_detect;/home/capstone/autoware.ai/install/vision_darknet_detect;/home/capstone/autoware.ai/install/vision_beyond_track;/home/capstone/autoware.ai/install/vehicle_socket;/home/capstone/autoware.ai/install/vehicle_model;/home/capstone/autoware.ai/install/vehicle_gazebo_simulation_launcher;/home/capstone/autoware.ai/install/vehicle_gazebo_simulation_interface;/home/capstone/autoware.ai/install/vehicle_engage_panel;/home/capstone/autoware.ai/install/vehicle_description;/home/capstone/autoware.ai/install/op_simu;/home/capstone/autoware.ai/install/op_planner;/home/capstone/autoware.ai/install/op_utility;/home/capstone/autoware.ai/install/vector_map_server;/home/capstone/autoware.ai/install/libvectormap;/home/capstone/autoware.ai/install/vector_map;/home/capstone/autoware.ai/install/vector_map_msgs;/home/capstone/autoware.ai/install/twist2odom;/home/capstone/autoware.ai/install/runtime_manager;/home/capstone/autoware.ai/install/tablet_socket_msgs;/home/capstone/autoware.ai/install/sound_player;/home/capstone/autoware.ai/install/rosinterface;/home/capstone/autoware.ai/install/rosbag_controller;/home/capstone/autoware.ai/install/range_vision_fusion;/home/capstone/autoware.ai/install/pos_db;/home/capstone/autoware.ai/install/points_downsampler;/home/capstone/autoware.ai/install/pixel_cloud_fusion;/home/capstone/autoware.ai/install/pcl_omp_registration;/home/capstone/autoware.ai/install/pc2_downsampler;/home/capstone/autoware.ai/install/obj_db;/home/capstone/autoware.ai/install/nmea_navsat;/home/capstone/autoware.ai/install/ndt_tku;/home/capstone/autoware.ai/install/ndt_gpu;/home/capstone/autoware.ai/install/ndt_cpu;/home/capstone/autoware.ai/install/multi_lidar_calibrator;/home/capstone/autoware.ai/install/mrt_cmake_modules;/home/capstone/autoware.ai/install/marker_downsampler;/home/capstone/autoware.ai/install/map_tools;/home/capstone/autoware.ai/install/map_tf_generator;/home/capstone/autoware.ai/install/log_tools;/home/capstone/autoware.ai/install/libwaypoint_follower;/home/capstone/autoware.ai/install/lgsvl_simulator_bridge;/home/capstone/autoware.ai/install/lanelet2_routing;/home/capstone/autoware.ai/install/lanelet2_traffic_rules;/home/capstone/autoware.ai/install/lanelet2_projection;/home/capstone/autoware.ai/install/lanelet2_maps;/home/capstone/autoware.ai/install/lanelet2_io;/home/capstone/autoware.ai/install/lanelet2_core;/home/capstone/autoware.ai/install/integrated_viewer;/home/capstone/autoware.ai/install/image_processor;/home/capstone/autoware.ai/install/graph_tools;/home/capstone/autoware.ai/install/gnss_localizer;/home/capstone/autoware.ai/install/gnss;/home/capstone/autoware.ai/install/glviewer;/home/capstone/autoware.ai/install/gazebo_world_description;/home/capstone/autoware.ai/install/gazebo_imu_description;/home/capstone/autoware.ai/install/gazebo_camera_description;/home/capstone/autoware.ai/install/fastvirtualscan;/home/capstone/autoware.ai/install/ekf_localizer;/home/capstone/autoware.ai/install/detected_objects_visualizer;/home/capstone/autoware.ai/install/decision_maker_panel;/home/capstone/autoware.ai/install/data_preprocessor;/home/capstone/autoware.ai/install/carla_autoware_bridge;/home/capstone/autoware.ai/install/calibration_publisher;/home/capstone/autoware.ai/install/autoware_rviz_plugins;/home/capstone/autoware.ai/install/autoware_quickstart_examples;/home/capstone/autoware.ai/install/autoware_pointgrey_drivers;/home/capstone/autoware.ai/install/autoware_driveworks_interface;/home/capstone/autoware.ai/install/autoware_connector;/home/capstone/autoware.ai/install/autoware_camera_lidar_calibrator;/home/capstone/autoware.ai/install/autoware_map_msgs;/home/capstone/autoware.ai/install/autoware_launcher_rviz;/home/capstone/autoware.ai/install/autoware_launcher;/home/capstone/autoware.ai/install/autoware_lanelet2_msgs;/home/capstone/autoware.ai/install/autoware_external_msgs;/home/capstone/autoware.ai/install/autoware_driveworks_gmsl_interface;/home/capstone/autoware.ai/install/autoware_config_msgs;/home/capstone/autoware.ai/install/autoware_can_msgs;/home/capstone/autoware.ai/install/autoware_bag_tools;/opt/carla-ros-bridge/melodic;/opt/ros/melodic
[8.539s] -- Found PythonInterp: /usr/bin/python2 (found suitable version "2.7.17", minimum required is "2") 
[8.540s] -- Using PYTHON_EXECUTABLE: /usr/bin/python2
[8.541s] -- Using Debian Python package layout
[8.544s] -- Using empy: /usr/bin/empy
[8.996s] -- Using CATKIN_ENABLE_TESTING: ON
[8.996s] -- Call enable_testing()
[9.014s] -- Using CATKIN_TEST_RESULTS_DIR: /home/capstone/autoware.ai/build/wf_simulator/test_results
[9.141s] -- Found gtest sources under '/usr/src/googletest': gtests will be built
[9.141s] -- Found gmock sources under '/usr/src/googletest': gmock will be built
[9.246s] -- Found PythonInterp: /usr/bin/python2 (found version "2.7.17") 
[9.250s] -- Looking for pthread.h
[9.788s] -- Looking for pthread.h - found
[9.789s] -- Looking for pthread_create
[10.378s] -- Looking for pthread_create - not found
[10.378s] -- Looking for pthread_create in pthreads
[10.988s] -- Looking for pthread_create in pthreads - not found
[10.990s] -- Looking for pthread_create in pthread
[11.572s] -- Looking for pthread_create in pthread - found
[11.576s] -- Found Threads: TRUE  
[11.589s] -- Using Python nosetests: /usr/bin/nosetests-2.7
[11.799s] -- catkin 0.7.23
[11.799s] -- BUILD_SHARED_LIBS is on
[13.718s] -- Using these message generators: gencpp;geneus;genlisp;gennodejs;genpy
[16.074s] -- Configuring done
[16.393s] -- Generating done
[16.448s] -- Build files have been written to: /home/capstone/autoware.ai/build/wf_simulator
[17.028s] [35m[1mScanning dependencies of target wf_simulator[0m
[17.258s] [ 25%] [32mBuilding CXX object CMakeFiles/wf_simulator.dir/src/wf_simulator_node.cpp.o[0m
[27.687s] [ 50%] [32mBuilding CXX object CMakeFiles/wf_simulator.dir/src/vehicle_model_ros.cpp.o[0m
[40.038s] [ 75%] [32mBuilding CXX object CMakeFiles/wf_simulator.dir/src/wf_simulator_core.cpp.o[0m
[56.653s] [100%] [32m[1mLinking CXX executable devel/lib/wf_simulator/wf_simulator[0m
[57.426s] [100%] Built target wf_simulator
[60.691s] [35m[1mScanning dependencies of target gtest[0m
[60.841s] [ 16%] [32mBuilding CXX object gtest/googlemock/gtest/CMakeFiles/gtest.dir/src/gtest-all.cc.o[0m
[71.073s] [ 33%] [32m[1mLinking CXX shared library libgtest.so[0m
[71.490s] [ 33%] Built target gtest
[71.608s] [35m[1mScanning dependencies of target tf2_msgs_generate_messages_py[0m
[71.761s] [ 33%] Built target tf2_msgs_generate_messages_py
[71.928s] [35m[1mScanning dependencies of target tf2_msgs_generate_messages_nodejs[0m
[72.081s] [ 33%] Built target tf2_msgs_generate_messages_nodejs
[72.198s] [35m[1mScanning dependencies of target jsk_recognition_msgs_generate_messages_lisp[0m
[72.298s] [ 33%] Built target jsk_recognition_msgs_generate_messages_lisp
[72.434s] [35m[1mScanning dependencies of target tf_generate_messages_cpp[0m
[72.576s] [ 33%] Built target tf_generate_messages_cpp
[72.749s] [35m[1mScanning dependencies of target jsk_recognition_msgs_generate_messages_eus[0m
[72.854s] [ 33%] Built target jsk_recognition_msgs_generate_messages_eus
[73.015s] [35m[1mScanning dependencies of target std_msgs_generate_messages_py[0m
[73.153s] [ 33%] Built target std_msgs_generate_messages_py
[73.277s] [35m[1mScanning dependencies of target jsk_recognition_msgs_generate_messages_cpp[0m
[73.405s] [ 33%] Built target jsk_recognition_msgs_generate_messages_cpp
[73.510s] [35m[1mScanning dependencies of target autoware_system_msgs_generate_messages_py[0m
[73.656s] [ 33%] Built target autoware_system_msgs_generate_messages_py
[73.792s] [35m[1mScanning dependencies of target geometry_msgs_generate_messages_lisp[0m
[73.913s] [ 33%] Built target geometry_msgs_generate_messages_lisp
[74.071s] [35m[1mScanning dependencies of target autoware_msgs_generate_messages_eus[0m
[74.191s] [ 33%] Built target autoware_msgs_generate_messages_eus
[74.381s] [35m[1mScanning dependencies of target std_msgs_generate_messages_nodejs[0m
[74.508s] [ 33%] Built target std_msgs_generate_messages_nodejs
[74.665s] [35m[1mScanning dependencies of target geometry_msgs_generate_messages_eus[0m
[74.835s] [ 33%] Built target geometry_msgs_generate_messages_eus
[74.936s] [35m[1mScanning dependencies of target std_msgs_generate_messages_cpp[0m
[75.092s] [ 33%] Built target std_msgs_generate_messages_cpp
[75.210s] [35m[1mScanning dependencies of target jsk_footstep_msgs_generate_messages_py[0m
[75.391s] [ 33%] Built target jsk_footstep_msgs_generate_messages_py
[75.553s] [35m[1mScanning dependencies of target geometry_msgs_generate_messages_py[0m
[75.700s] [ 33%] Built target geometry_msgs_generate_messages_py
[75.851s] [35m[1mScanning dependencies of target tf2_msgs_generate_messages_eus[0m
[75.999s] [ 33%] Built target tf2_msgs_generate_messages_eus
[76.123s] [35m[1mScanning dependencies of target sensor_msgs_generate_messages_py[0m
[76.232s] [ 33%] Built target sensor_msgs_generate_messages_py
[76.373s] [35m[1mScanning dependencies of target jsk_footstep_msgs_generate_messages_lisp[0m
[76.524s] [ 33%] Built target jsk_footstep_msgs_generate_messages_lisp
[76.669s] [35m[1mScanning dependencies of target autoware_msgs_generate_messages_nodejs[0m
[76.801s] [ 33%] Built target autoware_msgs_generate_messages_nodejs
[76.919s] [35m[1mScanning dependencies of target actionlib_msgs_generate_messages_eus[0m
[77.063s] [ 33%] Built target actionlib_msgs_generate_messages_eus
[77.202s] [35m[1mScanning dependencies of target tf_generate_messages_eus[0m
[77.360s] [ 33%] Built target tf_generate_messages_eus
[77.517s] [35m[1mScanning dependencies of target autoware_msgs_generate_messages_py[0m
[77.690s] [ 33%] Built target autoware_msgs_generate_messages_py
[77.822s] [35m[1mScanning dependencies of target rosgraph_msgs_generate_messages_lisp[0m
[77.942s] [ 33%] Built target rosgraph_msgs_generate_messages_lisp
[78.058s] [35m[1mScanning dependencies of target sensor_msgs_generate_messages_lisp[0m
[78.187s] [ 33%] Built target sensor_msgs_generate_messages_lisp
[78.291s] [35m[1mScanning dependencies of target sensor_msgs_generate_messages_eus[0m
[78.422s] [ 33%] Built target sensor_msgs_generate_messages_eus
[78.541s] [35m[1mScanning dependencies of target roscpp_generate_messages_cpp[0m
[78.660s] [ 33%] Built target roscpp_generate_messages_cpp
[78.789s] [35m[1mScanning dependencies of target autoware_system_msgs_generate_messages_eus[0m
[78.894s] [ 33%] Built target autoware_system_msgs_generate_messages_eus
[79.016s] [35m[1mScanning dependencies of target autoware_msgs_generate_messages_lisp[0m
[79.151s] [ 33%] Built target autoware_msgs_generate_messages_lisp
[79.284s] [35m[1mScanning dependencies of target sensor_msgs_generate_messages_cpp[0m
[79.388s] [ 33%] Built target sensor_msgs_generate_messages_cpp
[79.531s] [35m[1mScanning dependencies of target pcl_msgs_generate_messages_cpp[0m
[79.670s] [ 33%] Built target pcl_msgs_generate_messages_cpp
[79.784s] [35m[1mScanning dependencies of target jsk_recognition_msgs_generate_messages_py[0m
[79.890s] [ 33%] Built target jsk_recognition_msgs_generate_messages_py
[79.986s] [35m[1mScanning dependencies of target std_msgs_generate_messages_lisp[0m
[80.091s] [ 33%] Built target std_msgs_generate_messages_lisp
[80.183s] [35m[1mScanning dependencies of target autoware_msgs_generate_messages_cpp[0m
[80.287s] [ 33%] Built target autoware_msgs_generate_messages_cpp
[80.403s] [35m[1mScanning dependencies of target jsk_footstep_msgs_generate_messages_eus[0m
[80.494s] [ 33%] Built target jsk_footstep_msgs_generate_messages_eus
[80.588s] [35m[1mScanning dependencies of target actionlib_generate_messages_lisp[0m
[80.707s] [ 33%] Built target actionlib_generate_messages_lisp
[80.820s] [35m[1mScanning dependencies of target _catkin_empty_exported_target[0m
[80.914s] [ 33%] Built target _catkin_empty_exported_target
[81.009s] [35m[1mScanning dependencies of target roscpp_generate_messages_lisp[0m
[81.108s] [ 33%] Built target roscpp_generate_messages_lisp
[81.210s] [35m[1mScanning dependencies of target geometry_msgs_generate_messages_nodejs[0m
[81.343s] [ 33%] Built target geometry_msgs_generate_messages_nodejs
[81.442s] [35m[1mScanning dependencies of target geometry_msgs_generate_messages_cpp[0m
[81.542s] [ 33%] Built target geometry_msgs_generate_messages_cpp
[81.640s] [35m[1mScanning dependencies of target pcl_msgs_generate_messages_eus[0m
[81.752s] [ 33%] Built target pcl_msgs_generate_messages_eus
[81.850s] [35m[1mScanning dependencies of target pcl_msgs_generate_messages_nodejs[0m
[81.968s] [ 33%] Built target pcl_msgs_generate_messages_nodejs
[82.067s] [35m[1mScanning dependencies of target pcl_msgs_generate_messages_lisp[0m
[82.163s] [ 33%] Built target pcl_msgs_generate_messages_lisp
[82.291s] [35m[1mScanning dependencies of target pcl_msgs_generate_messages_py[0m
[82.384s] [ 33%] Built target pcl_msgs_generate_messages_py
[82.498s] [35m[1mScanning dependencies of target sensor_msgs_generate_messages_nodejs[0m
[82.598s] [ 33%] Built target sensor_msgs_generate_messages_nodejs
[82.699s] [35m[1mScanning dependencies of target jsk_footstep_msgs_generate_messages_nodejs[0m
[82.822s] [ 33%] Built target jsk_footstep_msgs_generate_messages_nodejs
[82.927s] [35m[1mScanning dependencies of target actionlib_msgs_generate_messages_cpp[0m
[83.025s] [ 33%] Built target actionlib_msgs_generate_messages_cpp
[83.121s] [35m[1mScanning dependencies of target actionlib_msgs_generate_messages_py[0m
[83.221s] [ 33%] Built target actionlib_msgs_generate_messages_py
[83.319s] [35m[1mScanning dependencies of target tf_generate_messages_lisp[0m
[83.422s] [ 33%] Built target tf_generate_messages_lisp
[83.524s] [35m[1mScanning dependencies of target tf_generate_messages_nodejs[0m
[83.637s] [ 33%] Built target tf_generate_messages_nodejs
[83.740s] [35m[1mScanning dependencies of target std_msgs_generate_messages_eus[0m
[83.853s] [ 33%] Built target std_msgs_generate_messages_eus
[83.945s] [35m[1mScanning dependencies of target actionlib_msgs_generate_messages_lisp[0m
[84.038s] [ 33%] Built target actionlib_msgs_generate_messages_lisp
[84.128s] [35m[1mScanning dependencies of target actionlib_msgs_generate_messages_nodejs[0m
[84.224s] [ 33%] Built target actionlib_msgs_generate_messages_nodejs
[84.319s] [35m[1mScanning dependencies of target tf_generate_messages_py[0m
[84.432s] [ 33%] Built target tf_generate_messages_py
[84.536s] [35m[1mScanning dependencies of target jsk_recognition_msgs_generate_messages_nodejs[0m
[84.638s] [ 33%] Built target jsk_recognition_msgs_generate_messages_nodejs
[84.746s] [35m[1mScanning dependencies of target roscpp_generate_messages_py[0m
[84.839s] [ 33%] Built target roscpp_generate_messages_py
[84.969s] [35m[1mScanning dependencies of target roscpp_generate_messages_eus[0m
[85.074s] [ 33%] Built target roscpp_generate_messages_eus
[85.187s] [35m[1mScanning dependencies of target jsk_footstep_msgs_generate_messages_cpp[0m
[85.279s] [ 33%] Built target jsk_footstep_msgs_generate_messages_cpp
[85.369s] [35m[1mScanning dependencies of target roscpp_generate_messages_nodejs[0m
[85.458s] [ 33%] Built target roscpp_generate_messages_nodejs
[85.579s] [35m[1mScanning dependencies of target actionlib_generate_messages_eus[0m
[85.685s] [ 33%] Built target actionlib_generate_messages_eus
[85.776s] [35m[1mScanning dependencies of target rosgraph_msgs_generate_messages_cpp[0m
[85.884s] [ 33%] Built target rosgraph_msgs_generate_messages_cpp
[85.976s] [35m[1mScanning dependencies of target rosgraph_msgs_generate_messages_eus[0m
[86.073s] [ 33%] Built target rosgraph_msgs_generate_messages_eus
[86.193s] [35m[1mScanning dependencies of target autoware_system_msgs_generate_messages_cpp[0m
[86.313s] [ 33%] Built target autoware_system_msgs_generate_messages_cpp
[86.401s] [35m[1mScanning dependencies of target rosgraph_msgs_generate_messages_nodejs[0m
[86.500s] [ 33%] Built target rosgraph_msgs_generate_messages_nodejs
[86.600s] [35m[1mScanning dependencies of target rosgraph_msgs_generate_messages_py[0m
[86.730s] [ 33%] Built target rosgraph_msgs_generate_messages_py
[86.825s] [35m[1mScanning dependencies of target actionlib_generate_messages_cpp[0m
[86.919s] [ 33%] Built target actionlib_generate_messages_cpp
[87.032s] [35m[1mScanning dependencies of target actionlib_generate_messages_nodejs[0m
[87.140s] [ 33%] Built target actionlib_generate_messages_nodejs
[87.249s] [35m[1mScanning dependencies of target actionlib_generate_messages_py[0m
[87.396s] [ 33%] Built target actionlib_generate_messages_py
[87.567s] [35m[1mScanning dependencies of target tf2_msgs_generate_messages_cpp[0m
[87.696s] [ 33%] Built target tf2_msgs_generate_messages_cpp
[87.877s] [35m[1mScanning dependencies of target tf2_msgs_generate_messages_lisp[0m
[87.995s] [ 33%] Built target tf2_msgs_generate_messages_lisp
[88.093s] [35m[1mScanning dependencies of target autoware_system_msgs_generate_messages_lisp[0m
[88.191s] [ 33%] Built target autoware_system_msgs_generate_messages_lisp
[88.292s] [35m[1mScanning dependencies of target autoware_system_msgs_generate_messages_nodejs[0m
[88.392s] [ 33%] Built target autoware_system_msgs_generate_messages_nodejs
[88.485s] [35m[1mScanning dependencies of target test-wf_simulator[0m
[88.668s] [ 50%] [32mBuilding CXX object CMakeFiles/test-wf_simulator.dir/test/src/test_wf_simulator.cpp.o[0m
[101.934s] [ 66%] [32mBuilding CXX object CMakeFiles/test-wf_simulator.dir/src/vehicle_model_ros.cpp.o[0m
[111.717s] [ 83%] [32mBuilding CXX object CMakeFiles/test-wf_simulator.dir/src/wf_simulator_core.cpp.o[0m
[125.291s] [100%] [32m[1mLinking CXX executable devel/lib/wf_simulator/test-wf_simulator[0m
[125.823s] [100%] Built target test-wf_simulator
[125.913s] [35m[1mScanning dependencies of target tests[0m
[126.003s] [100%] Built target tests
[127.750s] [100%] Built target wf_simulator
[127.922s] [36mInstall the project...[0m
[127.986s] -- Install configuration: "Release"
[127.987s] -- Installing: /home/capstone/autoware.ai/install/wf_simulator/lib/pkgconfig/wf_simulator.pc
[127.987s] -- Installing: /home/capstone/autoware.ai/install/wf_simulator/share/wf_simulator/cmake/wf_simulatorConfig.cmake
[127.987s] -- Installing: /home/capstone/autoware.ai/install/wf_simulator/share/wf_simulator/cmake/wf_simulatorConfig-version.cmake
[127.988s] -- Installing: /home/capstone/autoware.ai/install/wf_simulator/share/wf_simulator/package.xml
[127.989s] -- Installing: /home/capstone/autoware.ai/install/wf_simulator/lib/wf_simulator/wf_simulator
[128.001s] -- Set runtime path of "/home/capstone/autoware.ai/install/wf_simulator/lib/wf_simulator/wf_simulator" to ""
[128.002s] -- Installing: /home/capstone/autoware.ai/install/wf_simulator/include/wf_simulator
[128.002s] -- Installing: /home/capstone/autoware.ai/install/wf_simulator/include/wf_simulator/vehicle_model_ros.h
[128.002s] -- Installing: /home/capstone/autoware.ai/install/wf_simulator/include/wf_simulator/wf_simulator_core.h
[128.002s] -- Installing: /home/capstone/autoware.ai/install/wf_simulator/share/wf_simulator/launch
[128.003s] -- Installing: /home/capstone/autoware.ai/install/wf_simulator/share/wf_simulator/launch/wf_simulator.launch
